Building DAG of jobs...
Using shell: /usr/bin/bash
Provided cluster nodes: 150
Job counts:
	count	jobs
	1	all
	2	mergeAlign
	2	mergeSignal
	42	signal
	47

[Wed Dec 25 17:53:10 2024]
rule signal:
    input: /work/users/s/e/seyoun/CQTL_AI/output/wasp/rmdup/CQTL_AM7717_FNF_Ankle_1.sorted_wasp.bam
    output: output/signals/Ankle/CQTL_AM7717_FNF_Ankle_1.bw
    log: output/logs/signal_Ankle_CQTL_AM7717_FNF_Ankle_1.err
    jobid: 12
    wildcards: tissue=Ankle, sampleName=CQTL_AM7717_FNF_Ankle_1


        module load deeptools/3.5.4
        mkdir -p output/signals/Ankle

        bamCoverage             --bam /work/users/s/e/seyoun/CQTL_AI/output/wasp/rmdup/CQTL_AM7717_FNF_Ankle_1.sorted_wasp.bam             -o output/signals/Ankle/CQTL_AM7717_FNF_Ankle_1.bw             --binSize 10             --normalizeUsing RPGC             --effectiveGenomeSize 2862010428             --extendReads             > output/logs/signal_Ankle_CQTL_AM7717_FNF_Ankle_1.err 2>&1

        
Submitted job 12 with external jobid '56399556'.

[Wed Dec 25 17:53:11 2024]
rule signal:
    input: /work/users/s/e/seyoun/CQTL_AI/output/wasp/rmdup/CQTL_AM7679_FNF_Ankle_1.sorted_wasp.bam
    output: output/signals/Ankle/CQTL_AM7679_FNF_Ankle_1.bw
    log: output/logs/signal_Ankle_CQTL_AM7679_FNF_Ankle_1.err
    jobid: 6
    wildcards: tissue=Ankle, sampleName=CQTL_AM7679_FNF_Ankle_1


        module load deeptools/3.5.4
        mkdir -p output/signals/Ankle

        bamCoverage             --bam /work/users/s/e/seyoun/CQTL_AI/output/wasp/rmdup/CQTL_AM7679_FNF_Ankle_1.sorted_wasp.bam             -o output/signals/Ankle/CQTL_AM7679_FNF_Ankle_1.bw             --binSize 10             --normalizeUsing RPGC             --effectiveGenomeSize 2862010428             --extendReads             > output/logs/signal_Ankle_CQTL_AM7679_FNF_Ankle_1.err 2>&1

        
Submitted job 6 with external jobid '56399557'.

[Wed Dec 25 17:53:12 2024]
rule signal:
    input: /work/users/s/e/seyoun/CQTL_AI/output/wasp/rmdup/CQTL_AM7781_CTL_Ankle_1.sorted_wasp.bam
    output: output/signals/Ankle/CQTL_AM7781_CTL_Ankle_1.bw
    log: output/logs/signal_Ankle_CQTL_AM7781_CTL_Ankle_1.err
    jobid: 37
    wildcards: tissue=Ankle, sampleName=CQTL_AM7781_CTL_Ankle_1


        module load deeptools/3.5.4
        mkdir -p output/signals/Ankle

        bamCoverage             --bam /work/users/s/e/seyoun/CQTL_AI/output/wasp/rmdup/CQTL_AM7781_CTL_Ankle_1.sorted_wasp.bam             -o output/signals/Ankle/CQTL_AM7781_CTL_Ankle_1.bw             --binSize 10             --normalizeUsing RPGC             --effectiveGenomeSize 2862010428             --extendReads             > output/logs/signal_Ankle_CQTL_AM7781_CTL_Ankle_1.err 2>&1

        
Submitted job 37 with external jobid '56399558'.

[Wed Dec 25 17:53:14 2024]
rule signal:
    input: /work/users/s/e/seyoun/CQTL_AI/output/wasp/rmdup/CQTL_AM7712_CTL_Ankle_1.sorted_wasp.bam
    output: output/signals/Ankle/CQTL_AM7712_CTL_Ankle_1.bw
    log: output/logs/signal_Ankle_CQTL_AM7712_CTL_Ankle_1.err
    jobid: 9
    wildcards: tissue=Ankle, sampleName=CQTL_AM7712_CTL_Ankle_1


        module load deeptools/3.5.4
        mkdir -p output/signals/Ankle

        bamCoverage             --bam /work/users/s/e/seyoun/CQTL_AI/output/wasp/rmdup/CQTL_AM7712_CTL_Ankle_1.sorted_wasp.bam             -o output/signals/Ankle/CQTL_AM7712_CTL_Ankle_1.bw             --binSize 10             --normalizeUsing RPGC             --effectiveGenomeSize 2862010428             --extendReads             > output/logs/signal_Ankle_CQTL_AM7712_CTL_Ankle_1.err 2>&1

        
Submitted job 9 with external jobid '56399559'.

[Wed Dec 25 17:53:15 2024]
rule signal:
    input: /work/users/s/e/seyoun/CQTL_AI/output/wasp/rmdup/CQTL_AM7755_CTL_Ankle_1.sorted_wasp.bam
    output: output/signals/Ankle/CQTL_AM7755_CTL_Ankle_1.bw
    log: output/logs/signal_Ankle_CQTL_AM7755_CTL_Ankle_1.err
    jobid: 21
    wildcards: tissue=Ankle, sampleName=CQTL_AM7755_CTL_Ankle_1


        module load deeptools/3.5.4
        mkdir -p output/signals/Ankle

        bamCoverage             --bam /work/users/s/e/seyoun/CQTL_AI/output/wasp/rmdup/CQTL_AM7755_CTL_Ankle_1.sorted_wasp.bam             -o output/signals/Ankle/CQTL_AM7755_CTL_Ankle_1.bw             --binSize 10             --normalizeUsing RPGC             --effectiveGenomeSize 2862010428             --extendReads             > output/logs/signal_Ankle_CQTL_AM7755_CTL_Ankle_1.err 2>&1

        
Submitted job 21 with external jobid '56399560'.

[Wed Dec 25 17:53:16 2024]
rule signal:
    input: /work/users/s/e/seyoun/CQTL_AI/output/wasp/rmdup/CQTL_AM7754_CTL_Ankle_1.sorted_wasp.bam
    output: output/signals/Ankle/CQTL_AM7754_CTL_Ankle_1.bw
    log: output/logs/signal_Ankle_CQTL_AM7754_CTL_Ankle_1.err
    jobid: 19
    wildcards: tissue=Ankle, sampleName=CQTL_AM7754_CTL_Ankle_1


        module load deeptools/3.5.4
        mkdir -p output/signals/Ankle

        bamCoverage             --bam /work/users/s/e/seyoun/CQTL_AI/output/wasp/rmdup/CQTL_AM7754_CTL_Ankle_1.sorted_wasp.bam             -o output/signals/Ankle/CQTL_AM7754_CTL_Ankle_1.bw             --binSize 10             --normalizeUsing RPGC             --effectiveGenomeSize 2862010428             --extendReads             > output/logs/signal_Ankle_CQTL_AM7754_CTL_Ankle_1.err 2>&1

        
Submitted job 19 with external jobid '56399561'.

[Wed Dec 25 17:53:17 2024]
rule signal:
    input: /work/users/s/e/seyoun/CQTL_AI/output/wasp/rmdup/CQTL_AM7778_FNF_Ankle_1.sorted_wasp.bam
    output: output/signals/Ankle/CQTL_AM7778_FNF_Ankle_1.bw
    log: output/logs/signal_Ankle_CQTL_AM7778_FNF_Ankle_1.err
    jobid: 34
    wildcards: tissue=Ankle, sampleName=CQTL_AM7778_FNF_Ankle_1


        module load deeptools/3.5.4
        mkdir -p output/signals/Ankle

        bamCoverage             --bam /work/users/s/e/seyoun/CQTL_AI/output/wasp/rmdup/CQTL_AM7778_FNF_Ankle_1.sorted_wasp.bam             -o output/signals/Ankle/CQTL_AM7778_FNF_Ankle_1.bw             --binSize 10             --normalizeUsing RPGC             --effectiveGenomeSize 2862010428             --extendReads             > output/logs/signal_Ankle_CQTL_AM7778_FNF_Ankle_1.err 2>&1

        
Submitted job 34 with external jobid '56399562'.

[Wed Dec 25 17:53:18 2024]
rule signal:
    input: /work/users/s/e/seyoun/CQTL_AI/output/wasp/rmdup/CQTL_AM7712_FNF_Ankle_1.sorted_wasp.bam
    output: output/signals/Ankle/CQTL_AM7712_FNF_Ankle_1.bw
    log: output/logs/signal_Ankle_CQTL_AM7712_FNF_Ankle_1.err
    jobid: 10
    wildcards: tissue=Ankle, sampleName=CQTL_AM7712_FNF_Ankle_1


        module load deeptools/3.5.4
        mkdir -p output/signals/Ankle

        bamCoverage             --bam /work/users/s/e/seyoun/CQTL_AI/output/wasp/rmdup/CQTL_AM7712_FNF_Ankle_1.sorted_wasp.bam             -o output/signals/Ankle/CQTL_AM7712_FNF_Ankle_1.bw             --binSize 10             --normalizeUsing RPGC             --effectiveGenomeSize 2862010428             --extendReads             > output/logs/signal_Ankle_CQTL_AM7712_FNF_Ankle_1.err 2>&1

        
Submitted job 10 with external jobid '56399563'.

[Wed Dec 25 17:53:19 2024]
rule signal:
    input: /work/users/s/e/seyoun/CQTL_AI/output/wasp/rmdup/CQTL_AM7769_CTL_Ankle_1.sorted_wasp.bam
    output: output/signals/Ankle/CQTL_AM7769_CTL_Ankle_1.bw
    log: output/logs/signal_Ankle_CQTL_AM7769_CTL_Ankle_1.err
    jobid: 27
    wildcards: tissue=Ankle, sampleName=CQTL_AM7769_CTL_Ankle_1


        module load deeptools/3.5.4
        mkdir -p output/signals/Ankle

        bamCoverage             --bam /work/users/s/e/seyoun/CQTL_AI/output/wasp/rmdup/CQTL_AM7769_CTL_Ankle_1.sorted_wasp.bam             -o output/signals/Ankle/CQTL_AM7769_CTL_Ankle_1.bw             --binSize 10             --normalizeUsing RPGC             --effectiveGenomeSize 2862010428             --extendReads             > output/logs/signal_Ankle_CQTL_AM7769_CTL_Ankle_1.err 2>&1

        
Submitted job 27 with external jobid '56399564'.

[Wed Dec 25 17:53:20 2024]
rule signal:
    input: /work/users/s/e/seyoun/CQTL_AI/output/wasp/rmdup/CQTL_AM7771_FNF_Ankle_1.sorted_wasp.bam
    output: output/signals/Ankle/CQTL_AM7771_FNF_Ankle_1.bw
    log: output/logs/signal_Ankle_CQTL_AM7771_FNF_Ankle_1.err
    jobid: 30
    wildcards: tissue=Ankle, sampleName=CQTL_AM7771_FNF_Ankle_1


        module load deeptools/3.5.4
        mkdir -p output/signals/Ankle

        bamCoverage             --bam /work/users/s/e/seyoun/CQTL_AI/output/wasp/rmdup/CQTL_AM7771_FNF_Ankle_1.sorted_wasp.bam             -o output/signals/Ankle/CQTL_AM7771_FNF_Ankle_1.bw             --binSize 10             --normalizeUsing RPGC             --effectiveGenomeSize 2862010428             --extendReads             > output/logs/signal_Ankle_CQTL_AM7771_FNF_Ankle_1.err 2>&1

        
Submitted job 30 with external jobid '56399565'.

[Wed Dec 25 17:53:21 2024]
rule signal:
    input: /work/users/s/e/seyoun/CQTL_AI/output/wasp/rmdup/CQTL_AM7677_FNF_Ankle_1.sorted_wasp.bam
    output: output/signals/Ankle/CQTL_AM7677_FNF_Ankle_1.bw
    log: output/logs/signal_Ankle_CQTL_AM7677_FNF_Ankle_1.err
    jobid: 2
    wildcards: tissue=Ankle, sampleName=CQTL_AM7677_FNF_Ankle_1


        module load deeptools/3.5.4
        mkdir -p output/signals/Ankle

        bamCoverage             --bam /work/users/s/e/seyoun/CQTL_AI/output/wasp/rmdup/CQTL_AM7677_FNF_Ankle_1.sorted_wasp.bam             -o output/signals/Ankle/CQTL_AM7677_FNF_Ankle_1.bw             --binSize 10             --normalizeUsing RPGC             --effectiveGenomeSize 2862010428             --extendReads             > output/logs/signal_Ankle_CQTL_AM7677_FNF_Ankle_1.err 2>&1

        
Submitted job 2 with external jobid '56399566'.

[Wed Dec 25 17:53:22 2024]
rule signal:
    input: /work/users/s/e/seyoun/CQTL_AI/output/wasp/rmdup/CQTL_AM7755_FNF_Ankle_1.sorted_wasp.bam
    output: output/signals/Ankle/CQTL_AM7755_FNF_Ankle_1.bw
    log: output/logs/signal_Ankle_CQTL_AM7755_FNF_Ankle_1.err
    jobid: 22
    wildcards: tissue=Ankle, sampleName=CQTL_AM7755_FNF_Ankle_1


        module load deeptools/3.5.4
        mkdir -p output/signals/Ankle

        bamCoverage             --bam /work/users/s/e/seyoun/CQTL_AI/output/wasp/rmdup/CQTL_AM7755_FNF_Ankle_1.sorted_wasp.bam             -o output/signals/Ankle/CQTL_AM7755_FNF_Ankle_1.bw             --binSize 10             --normalizeUsing RPGC             --effectiveGenomeSize 2862010428             --extendReads             > output/logs/signal_Ankle_CQTL_AM7755_FNF_Ankle_1.err 2>&1

        
Submitted job 22 with external jobid '56399567'.

[Wed Dec 25 17:53:23 2024]
rule signal:
    input: /work/users/s/e/seyoun/CQTL_AI/output/wasp/rmdup/CQTL_AM7727_FNF_Ankle_1.sorted_wasp.bam
    output: output/signals/Ankle/CQTL_AM7727_FNF_Ankle_1.bw
    log: output/logs/signal_Ankle_CQTL_AM7727_FNF_Ankle_1.err
    jobid: 16
    wildcards: tissue=Ankle, sampleName=CQTL_AM7727_FNF_Ankle_1


        module load deeptools/3.5.4
        mkdir -p output/signals/Ankle

        bamCoverage             --bam /work/users/s/e/seyoun/CQTL_AI/output/wasp/rmdup/CQTL_AM7727_FNF_Ankle_1.sorted_wasp.bam             -o output/signals/Ankle/CQTL_AM7727_FNF_Ankle_1.bw             --binSize 10             --normalizeUsing RPGC             --effectiveGenomeSize 2862010428             --extendReads             > output/logs/signal_Ankle_CQTL_AM7727_FNF_Ankle_1.err 2>&1

        
Submitted job 16 with external jobid '56399568'.

[Wed Dec 25 17:53:25 2024]
rule signal:
    input: /work/users/s/e/seyoun/CQTL_AI/output/wasp/rmdup/CQTL_AM7775_CTL_Ankle_1.sorted_wasp.bam
    output: output/signals/Ankle/CQTL_AM7775_CTL_Ankle_1.bw
    log: output/logs/signal_Ankle_CQTL_AM7775_CTL_Ankle_1.err
    jobid: 31
    wildcards: tissue=Ankle, sampleName=CQTL_AM7775_CTL_Ankle_1


        module load deeptools/3.5.4
        mkdir -p output/signals/Ankle

        bamCoverage             --bam /work/users/s/e/seyoun/CQTL_AI/output/wasp/rmdup/CQTL_AM7775_CTL_Ankle_1.sorted_wasp.bam             -o output/signals/Ankle/CQTL_AM7775_CTL_Ankle_1.bw             --binSize 10             --normalizeUsing RPGC             --effectiveGenomeSize 2862010428             --extendReads             > output/logs/signal_Ankle_CQTL_AM7775_CTL_Ankle_1.err 2>&1

        
Submitted job 31 with external jobid '56399569'.

[Wed Dec 25 17:53:26 2024]
rule signal:
    input: /work/users/s/e/seyoun/CQTL_AI/output/wasp/rmdup/CQTL_AM7771_CTL_Ankle_1.sorted_wasp.bam
    output: output/signals/Ankle/CQTL_AM7771_CTL_Ankle_1.bw
    log: output/logs/signal_Ankle_CQTL_AM7771_CTL_Ankle_1.err
    jobid: 29
    wildcards: tissue=Ankle, sampleName=CQTL_AM7771_CTL_Ankle_1


        module load deeptools/3.5.4
        mkdir -p output/signals/Ankle

        bamCoverage             --bam /work/users/s/e/seyoun/CQTL_AI/output/wasp/rmdup/CQTL_AM7771_CTL_Ankle_1.sorted_wasp.bam             -o output/signals/Ankle/CQTL_AM7771_CTL_Ankle_1.bw             --binSize 10             --normalizeUsing RPGC             --effectiveGenomeSize 2862010428             --extendReads             > output/logs/signal_Ankle_CQTL_AM7771_CTL_Ankle_1.err 2>&1

        
Submitted job 29 with external jobid '56399570'.

[Wed Dec 25 17:53:27 2024]
rule signal:
    input: /work/users/s/e/seyoun/CQTL_AI/output/wasp/rmdup/CQTL_AM7735_FNF_Ankle_1.sorted_wasp.bam
    output: output/signals/Ankle/CQTL_AM7735_FNF_Ankle_1.bw
    log: output/logs/signal_Ankle_CQTL_AM7735_FNF_Ankle_1.err
    jobid: 18
    wildcards: tissue=Ankle, sampleName=CQTL_AM7735_FNF_Ankle_1


        module load deeptools/3.5.4
        mkdir -p output/signals/Ankle

        bamCoverage             --bam /work/users/s/e/seyoun/CQTL_AI/output/wasp/rmdup/CQTL_AM7735_FNF_Ankle_1.sorted_wasp.bam             -o output/signals/Ankle/CQTL_AM7735_FNF_Ankle_1.bw             --binSize 10             --normalizeUsing RPGC             --effectiveGenomeSize 2862010428             --extendReads             > output/logs/signal_Ankle_CQTL_AM7735_FNF_Ankle_1.err 2>&1

        
Submitted job 18 with external jobid '56399571'.

[Wed Dec 25 17:53:28 2024]
rule signal:
    input: /work/users/s/e/seyoun/CQTL_AI/output/wasp/rmdup/CQTL_AM7763_FNF_Ankle_1.sorted_wasp.bam
    output: output/signals/Ankle/CQTL_AM7763_FNF_Ankle_1.bw
    log: output/logs/signal_Ankle_CQTL_AM7763_FNF_Ankle_1.err
    jobid: 24
    wildcards: tissue=Ankle, sampleName=CQTL_AM7763_FNF_Ankle_1


        module load deeptools/3.5.4
        mkdir -p output/signals/Ankle

        bamCoverage             --bam /work/users/s/e/seyoun/CQTL_AI/output/wasp/rmdup/CQTL_AM7763_FNF_Ankle_1.sorted_wasp.bam             -o output/signals/Ankle/CQTL_AM7763_FNF_Ankle_1.bw             --binSize 10             --normalizeUsing RPGC             --effectiveGenomeSize 2862010428             --extendReads             > output/logs/signal_Ankle_CQTL_AM7763_FNF_Ankle_1.err 2>&1

        
Submitted job 24 with external jobid '56399572'.

[Wed Dec 25 17:53:29 2024]
rule signal:
    input: /work/users/s/e/seyoun/CQTL_AI/output/wasp/rmdup/CQTL_AM7769_FNF_Ankle_1.sorted_wasp.bam
    output: output/signals/Ankle/CQTL_AM7769_FNF_Ankle_1.bw
    log: output/logs/signal_Ankle_CQTL_AM7769_FNF_Ankle_1.err
    jobid: 28
    wildcards: tissue=Ankle, sampleName=CQTL_AM7769_FNF_Ankle_1


        module load deeptools/3.5.4
        mkdir -p output/signals/Ankle

        bamCoverage             --bam /work/users/s/e/seyoun/CQTL_AI/output/wasp/rmdup/CQTL_AM7769_FNF_Ankle_1.sorted_wasp.bam             -o output/signals/Ankle/CQTL_AM7769_FNF_Ankle_1.bw             --binSize 10             --normalizeUsing RPGC             --effectiveGenomeSize 2862010428             --extendReads             > output/logs/signal_Ankle_CQTL_AM7769_FNF_Ankle_1.err 2>&1

        
Submitted job 28 with external jobid '56399573'.

[Wed Dec 25 17:53:30 2024]
rule signal:
    input: /work/users/s/e/seyoun/CQTL_AI/output/wasp/rmdup/CQTL_AM7678_FNF_Ankle_1.sorted_wasp.bam
    output: output/signals/Ankle/CQTL_AM7678_FNF_Ankle_1.bw
    log: output/logs/signal_Ankle_CQTL_AM7678_FNF_Ankle_1.err
    jobid: 4
    wildcards: tissue=Ankle, sampleName=CQTL_AM7678_FNF_Ankle_1


        module load deeptools/3.5.4
        mkdir -p output/signals/Ankle

        bamCoverage             --bam /work/users/s/e/seyoun/CQTL_AI/output/wasp/rmdup/CQTL_AM7678_FNF_Ankle_1.sorted_wasp.bam             -o output/signals/Ankle/CQTL_AM7678_FNF_Ankle_1.bw             --binSize 10             --normalizeUsing RPGC             --effectiveGenomeSize 2862010428             --extendReads             > output/logs/signal_Ankle_CQTL_AM7678_FNF_Ankle_1.err 2>&1

        
Submitted job 4 with external jobid '56399574'.

[Wed Dec 25 17:53:31 2024]
rule signal:
    input: /work/users/s/e/seyoun/CQTL_AI/output/wasp/rmdup/CQTL_AM7765_FNF_Ankle_1.sorted_wasp.bam
    output: output/signals/Ankle/CQTL_AM7765_FNF_Ankle_1.bw
    log: output/logs/signal_Ankle_CQTL_AM7765_FNF_Ankle_1.err
    jobid: 26
    wildcards: tissue=Ankle, sampleName=CQTL_AM7765_FNF_Ankle_1


        module load deeptools/3.5.4
        mkdir -p output/signals/Ankle

        bamCoverage             --bam /work/users/s/e/seyoun/CQTL_AI/output/wasp/rmdup/CQTL_AM7765_FNF_Ankle_1.sorted_wasp.bam             -o output/signals/Ankle/CQTL_AM7765_FNF_Ankle_1.bw             --binSize 10             --normalizeUsing RPGC             --effectiveGenomeSize 2862010428             --extendReads             > output/logs/signal_Ankle_CQTL_AM7765_FNF_Ankle_1.err 2>&1

        
Submitted job 26 with external jobid '56399575'.

[Wed Dec 25 17:53:32 2024]
rule signal:
    input: /work/users/s/e/seyoun/CQTL_AI/output/wasp/rmdup/CQTL_AM7763_CTL_Ankle_1.sorted_wasp.bam
    output: output/signals/Ankle/CQTL_AM7763_CTL_Ankle_1.bw
    log: output/logs/signal_Ankle_CQTL_AM7763_CTL_Ankle_1.err
    jobid: 23
    wildcards: tissue=Ankle, sampleName=CQTL_AM7763_CTL_Ankle_1


        module load deeptools/3.5.4
        mkdir -p output/signals/Ankle

        bamCoverage             --bam /work/users/s/e/seyoun/CQTL_AI/output/wasp/rmdup/CQTL_AM7763_CTL_Ankle_1.sorted_wasp.bam             -o output/signals/Ankle/CQTL_AM7763_CTL_Ankle_1.bw             --binSize 10             --normalizeUsing RPGC             --effectiveGenomeSize 2862010428             --extendReads             > output/logs/signal_Ankle_CQTL_AM7763_CTL_Ankle_1.err 2>&1

        
Submitted job 23 with external jobid '56399576'.

[Wed Dec 25 17:53:33 2024]
rule signal:
    input: /work/users/s/e/seyoun/CQTL_AI/output/wasp/rmdup/CQTL_AM7781_FNF_Ankle_1.sorted_wasp.bam
    output: output/signals/Ankle/CQTL_AM7781_FNF_Ankle_1.bw
    log: output/logs/signal_Ankle_CQTL_AM7781_FNF_Ankle_1.err
    jobid: 38
    wildcards: tissue=Ankle, sampleName=CQTL_AM7781_FNF_Ankle_1


        module load deeptools/3.5.4
        mkdir -p output/signals/Ankle

        bamCoverage             --bam /work/users/s/e/seyoun/CQTL_AI/output/wasp/rmdup/CQTL_AM7781_FNF_Ankle_1.sorted_wasp.bam             -o output/signals/Ankle/CQTL_AM7781_FNF_Ankle_1.bw             --binSize 10             --normalizeUsing RPGC             --effectiveGenomeSize 2862010428             --extendReads             > output/logs/signal_Ankle_CQTL_AM7781_FNF_Ankle_1.err 2>&1

        
Submitted job 38 with external jobid '56399577'.

[Wed Dec 25 17:53:34 2024]
rule signal:
    input: /work/users/s/e/seyoun/CQTL_AI/output/wasp/rmdup/CQTL_AM7785_CTL_Ankle_1.sorted_wasp.bam
    output: output/signals/Ankle/CQTL_AM7785_CTL_Ankle_1.bw
    log: output/logs/signal_Ankle_CQTL_AM7785_CTL_Ankle_1.err
    jobid: 39
    wildcards: tissue=Ankle, sampleName=CQTL_AM7785_CTL_Ankle_1


        module load deeptools/3.5.4
        mkdir -p output/signals/Ankle

        bamCoverage             --bam /work/users/s/e/seyoun/CQTL_AI/output/wasp/rmdup/CQTL_AM7785_CTL_Ankle_1.sorted_wasp.bam             -o output/signals/Ankle/CQTL_AM7785_CTL_Ankle_1.bw             --binSize 10             --normalizeUsing RPGC             --effectiveGenomeSize 2862010428             --extendReads             > output/logs/signal_Ankle_CQTL_AM7785_CTL_Ankle_1.err 2>&1

        
Submitted job 39 with external jobid '56399578'.

[Wed Dec 25 17:53:36 2024]
rule signal:
    input: /work/users/s/e/seyoun/CQTL_AI/output/wasp/rmdup/CQTL_AM7765_CTL_Ankle_1.sorted_wasp.bam
    output: output/signals/Ankle/CQTL_AM7765_CTL_Ankle_1.bw
    log: output/logs/signal_Ankle_CQTL_AM7765_CTL_Ankle_1.err
    jobid: 25
    wildcards: tissue=Ankle, sampleName=CQTL_AM7765_CTL_Ankle_1


        module load deeptools/3.5.4
        mkdir -p output/signals/Ankle

        bamCoverage             --bam /work/users/s/e/seyoun/CQTL_AI/output/wasp/rmdup/CQTL_AM7765_CTL_Ankle_1.sorted_wasp.bam             -o output/signals/Ankle/CQTL_AM7765_CTL_Ankle_1.bw             --binSize 10             --normalizeUsing RPGC             --effectiveGenomeSize 2862010428             --extendReads             > output/logs/signal_Ankle_CQTL_AM7765_CTL_Ankle_1.err 2>&1

        
Submitted job 25 with external jobid '56399579'.

[Wed Dec 25 17:53:38 2024]
rule signal:
    input: /work/users/s/e/seyoun/CQTL_AI/output/wasp/rmdup/CQTL_AM7717_CTL_Ankle_1.sorted_wasp.bam
    output: output/signals/Ankle/CQTL_AM7717_CTL_Ankle_1.bw
    log: output/logs/signal_Ankle_CQTL_AM7717_CTL_Ankle_1.err
    jobid: 11
    wildcards: tissue=Ankle, sampleName=CQTL_AM7717_CTL_Ankle_1


        module load deeptools/3.5.4
        mkdir -p output/signals/Ankle

        bamCoverage             --bam /work/users/s/e/seyoun/CQTL_AI/output/wasp/rmdup/CQTL_AM7717_CTL_Ankle_1.sorted_wasp.bam             -o output/signals/Ankle/CQTL_AM7717_CTL_Ankle_1.bw             --binSize 10             --normalizeUsing RPGC             --effectiveGenomeSize 2862010428             --extendReads             > output/logs/signal_Ankle_CQTL_AM7717_CTL_Ankle_1.err 2>&1

        
Submitted job 11 with external jobid '56399580'.

[Wed Dec 25 17:53:39 2024]
rule mergeAlign:
    input: /work/users/s/e/seyoun/CQTL_AI/output/wasp/rmdup/CQTL_AM7677_FNF_Ankle_1.sorted_wasp.bam, /work/users/s/e/seyoun/CQTL_AI/output/wasp/rmdup/CQTL_AM7678_FNF_Ankle_1.sorted_wasp.bam, /work/users/s/e/seyoun/CQTL_AI/output/wasp/rmdup/CQTL_AM7679_FNF_Ankle_1.sorted_wasp.bam, /work/users/s/e/seyoun/CQTL_AI/output/wasp/rmdup/CQTL_AM7711_FNF_Ankle_1.sorted_wasp.bam, /work/users/s/e/seyoun/CQTL_AI/output/wasp/rmdup/CQTL_AM7712_FNF_Ankle_1.sorted_wasp.bam, /work/users/s/e/seyoun/CQTL_AI/output/wasp/rmdup/CQTL_AM7717_FNF_Ankle_1.sorted_wasp.bam, /work/users/s/e/seyoun/CQTL_AI/output/wasp/rmdup/CQTL_AM7726_FNF_Ankle_1.sorted_wasp.bam, /work/users/s/e/seyoun/CQTL_AI/output/wasp/rmdup/CQTL_AM7727_FNF_Ankle_1.sorted_wasp.bam, /work/users/s/e/seyoun/CQTL_AI/output/wasp/rmdup/CQTL_AM7735_FNF_Ankle_1.sorted_wasp.bam, /work/users/s/e/seyoun/CQTL_AI/output/wasp/rmdup/CQTL_AM7754_FNF_Ankle_1.sorted_wasp.bam, /work/users/s/e/seyoun/CQTL_AI/output/wasp/rmdup/CQTL_AM7755_FNF_Ankle_1.sorted_wasp.bam, /work/users/s/e/seyoun/CQTL_AI/output/wasp/rmdup/CQTL_AM7763_FNF_Ankle_1.sorted_wasp.bam, /work/users/s/e/seyoun/CQTL_AI/output/wasp/rmdup/CQTL_AM7765_FNF_Ankle_1.sorted_wasp.bam, /work/users/s/e/seyoun/CQTL_AI/output/wasp/rmdup/CQTL_AM7769_FNF_Ankle_1.sorted_wasp.bam, /work/users/s/e/seyoun/CQTL_AI/output/wasp/rmdup/CQTL_AM7771_FNF_Ankle_1.sorted_wasp.bam, /work/users/s/e/seyoun/CQTL_AI/output/wasp/rmdup/CQTL_AM7775_FNF_Ankle_1.sorted_wasp.bam, /work/users/s/e/seyoun/CQTL_AI/output/wasp/rmdup/CQTL_AM7778_FNF_Ankle_1.sorted_wasp.bam, /work/users/s/e/seyoun/CQTL_AI/output/wasp/rmdup/CQTL_AM7780_FNF_Ankle_1.sorted_wasp.bam, /work/users/s/e/seyoun/CQTL_AI/output/wasp/rmdup/CQTL_AM7781_FNF_Ankle_1.sorted_wasp.bam, /work/users/s/e/seyoun/CQTL_AI/output/wasp/rmdup/CQTL_AM7785_FNF_Ankle_1.sorted_wasp.bam, /work/users/s/e/seyoun/CQTL_AI/output/wasp/rmdup/CQTL_AM7786_FNF_Ankle_1.sorted_wasp.bam
    output: output/signals/Ankle/mergedAlign/FNF_sorted.bam, output/signals/Ankle/mergedAlign/FNF_sorted.bam.bai, output/signals/Ankle/mergedAlign/FNF_stats.txt
    log: output/logs/mergedAligned_Ankle_FNF.err
    jobid: 46
    wildcards: tissue=Ankle, cond=FNF


        module load samtools/1.21
        mkdir -p output/signals/Ankle/mergedAlign

        samtools merge output/signals/Ankle/mergedAlign/FNF_sorted.bam /work/users/s/e/seyoun/CQTL_AI/output/wasp/rmdup/CQTL_AM7677_FNF_Ankle_1.sorted_wasp.bam /work/users/s/e/seyoun/CQTL_AI/output/wasp/rmdup/CQTL_AM7678_FNF_Ankle_1.sorted_wasp.bam /work/users/s/e/seyoun/CQTL_AI/output/wasp/rmdup/CQTL_AM7679_FNF_Ankle_1.sorted_wasp.bam /work/users/s/e/seyoun/CQTL_AI/output/wasp/rmdup/CQTL_AM7711_FNF_Ankle_1.sorted_wasp.bam /work/users/s/e/seyoun/CQTL_AI/output/wasp/rmdup/CQTL_AM7712_FNF_Ankle_1.sorted_wasp.bam /work/users/s/e/seyoun/CQTL_AI/output/wasp/rmdup/CQTL_AM7717_FNF_Ankle_1.sorted_wasp.bam /work/users/s/e/seyoun/CQTL_AI/output/wasp/rmdup/CQTL_AM7726_FNF_Ankle_1.sorted_wasp.bam /work/users/s/e/seyoun/CQTL_AI/output/wasp/rmdup/CQTL_AM7727_FNF_Ankle_1.sorted_wasp.bam /work/users/s/e/seyoun/CQTL_AI/output/wasp/rmdup/CQTL_AM7735_FNF_Ankle_1.sorted_wasp.bam /work/users/s/e/seyoun/CQTL_AI/output/wasp/rmdup/CQTL_AM7754_FNF_Ankle_1.sorted_wasp.bam /work/users/s/e/seyoun/CQTL_AI/output/wasp/rmdup/CQTL_AM7755_FNF_Ankle_1.sorted_wasp.bam /work/users/s/e/seyoun/CQTL_AI/output/wasp/rmdup/CQTL_AM7763_FNF_Ankle_1.sorted_wasp.bam /work/users/s/e/seyoun/CQTL_AI/output/wasp/rmdup/CQTL_AM7765_FNF_Ankle_1.sorted_wasp.bam /work/users/s/e/seyoun/CQTL_AI/output/wasp/rmdup/CQTL_AM7769_FNF_Ankle_1.sorted_wasp.bam /work/users/s/e/seyoun/CQTL_AI/output/wasp/rmdup/CQTL_AM7771_FNF_Ankle_1.sorted_wasp.bam /work/users/s/e/seyoun/CQTL_AI/output/wasp/rmdup/CQTL_AM7775_FNF_Ankle_1.sorted_wasp.bam /work/users/s/e/seyoun/CQTL_AI/output/wasp/rmdup/CQTL_AM7778_FNF_Ankle_1.sorted_wasp.bam /work/users/s/e/seyoun/CQTL_AI/output/wasp/rmdup/CQTL_AM7780_FNF_Ankle_1.sorted_wasp.bam /work/users/s/e/seyoun/CQTL_AI/output/wasp/rmdup/CQTL_AM7781_FNF_Ankle_1.sorted_wasp.bam /work/users/s/e/seyoun/CQTL_AI/output/wasp/rmdup/CQTL_AM7785_FNF_Ankle_1.sorted_wasp.bam /work/users/s/e/seyoun/CQTL_AI/output/wasp/rmdup/CQTL_AM7786_FNF_Ankle_1.sorted_wasp.bam >> output/logs/mergedAligned_Ankle_FNF.err 2>&1
        samtools flagstat output/signals/Ankle/mergedAlign/FNF_sorted.bam > output/signals/Ankle/mergedAlign/FNF_stats.txt >> output/logs/mergedAligned_Ankle_FNF.err 2>&1
        samtools index output/signals/Ankle/mergedAlign/FNF_sorted.bam >> output/logs/mergedAligned_Ankle_FNF.err 2>&1
        
Submitted job 46 with external jobid '56399581'.

[Wed Dec 25 17:53:41 2024]
rule mergeAlign:
    input: /work/users/s/e/seyoun/CQTL_AI/output/wasp/rmdup/CQTL_AM7677_CTL_Ankle_1.sorted_wasp.bam, /work/users/s/e/seyoun/CQTL_AI/output/wasp/rmdup/CQTL_AM7678_CTL_Ankle_1.sorted_wasp.bam, /work/users/s/e/seyoun/CQTL_AI/output/wasp/rmdup/CQTL_AM7679_CTL_Ankle_1.sorted_wasp.bam, /work/users/s/e/seyoun/CQTL_AI/output/wasp/rmdup/CQTL_AM7711_CTL_Ankle_1.sorted_wasp.bam, /work/users/s/e/seyoun/CQTL_AI/output/wasp/rmdup/CQTL_AM7712_CTL_Ankle_1.sorted_wasp.bam, /work/users/s/e/seyoun/CQTL_AI/output/wasp/rmdup/CQTL_AM7717_CTL_Ankle_1.sorted_wasp.bam, /work/users/s/e/seyoun/CQTL_AI/output/wasp/rmdup/CQTL_AM7726_CTL_Ankle_1.sorted_wasp.bam, /work/users/s/e/seyoun/CQTL_AI/output/wasp/rmdup/CQTL_AM7727_CTL_Ankle_1.sorted_wasp.bam, /work/users/s/e/seyoun/CQTL_AI/output/wasp/rmdup/CQTL_AM7735_CTL_Ankle_1.sorted_wasp.bam, /work/users/s/e/seyoun/CQTL_AI/output/wasp/rmdup/CQTL_AM7754_CTL_Ankle_1.sorted_wasp.bam, /work/users/s/e/seyoun/CQTL_AI/output/wasp/rmdup/CQTL_AM7755_CTL_Ankle_1.sorted_wasp.bam, /work/users/s/e/seyoun/CQTL_AI/output/wasp/rmdup/CQTL_AM7763_CTL_Ankle_1.sorted_wasp.bam, /work/users/s/e/seyoun/CQTL_AI/output/wasp/rmdup/CQTL_AM7765_CTL_Ankle_1.sorted_wasp.bam, /work/users/s/e/seyoun/CQTL_AI/output/wasp/rmdup/CQTL_AM7769_CTL_Ankle_1.sorted_wasp.bam, /work/users/s/e/seyoun/CQTL_AI/output/wasp/rmdup/CQTL_AM7771_CTL_Ankle_1.sorted_wasp.bam, /work/users/s/e/seyoun/CQTL_AI/output/wasp/rmdup/CQTL_AM7775_CTL_Ankle_1.sorted_wasp.bam, /work/users/s/e/seyoun/CQTL_AI/output/wasp/rmdup/CQTL_AM7778_CTL_Ankle_1.sorted_wasp.bam, /work/users/s/e/seyoun/CQTL_AI/output/wasp/rmdup/CQTL_AM7780_CTL_Ankle_1.sorted_wasp.bam, /work/users/s/e/seyoun/CQTL_AI/output/wasp/rmdup/CQTL_AM7781_CTL_Ankle_1.sorted_wasp.bam, /work/users/s/e/seyoun/CQTL_AI/output/wasp/rmdup/CQTL_AM7785_CTL_Ankle_1.sorted_wasp.bam, /work/users/s/e/seyoun/CQTL_AI/output/wasp/rmdup/CQTL_AM7786_CTL_Ankle_1.sorted_wasp.bam
    output: output/signals/Ankle/mergedAlign/CTL_sorted.bam, output/signals/Ankle/mergedAlign/CTL_sorted.bam.bai, output/signals/Ankle/mergedAlign/CTL_stats.txt
    log: output/logs/mergedAligned_Ankle_CTL.err
    jobid: 45
    wildcards: tissue=Ankle, cond=CTL


        module load samtools/1.21
        mkdir -p output/signals/Ankle/mergedAlign

        samtools merge output/signals/Ankle/mergedAlign/CTL_sorted.bam /work/users/s/e/seyoun/CQTL_AI/output/wasp/rmdup/CQTL_AM7677_CTL_Ankle_1.sorted_wasp.bam /work/users/s/e/seyoun/CQTL_AI/output/wasp/rmdup/CQTL_AM7678_CTL_Ankle_1.sorted_wasp.bam /work/users/s/e/seyoun/CQTL_AI/output/wasp/rmdup/CQTL_AM7679_CTL_Ankle_1.sorted_wasp.bam /work/users/s/e/seyoun/CQTL_AI/output/wasp/rmdup/CQTL_AM7711_CTL_Ankle_1.sorted_wasp.bam /work/users/s/e/seyoun/CQTL_AI/output/wasp/rmdup/CQTL_AM7712_CTL_Ankle_1.sorted_wasp.bam /work/users/s/e/seyoun/CQTL_AI/output/wasp/rmdup/CQTL_AM7717_CTL_Ankle_1.sorted_wasp.bam /work/users/s/e/seyoun/CQTL_AI/output/wasp/rmdup/CQTL_AM7726_CTL_Ankle_1.sorted_wasp.bam /work/users/s/e/seyoun/CQTL_AI/output/wasp/rmdup/CQTL_AM7727_CTL_Ankle_1.sorted_wasp.bam /work/users/s/e/seyoun/CQTL_AI/output/wasp/rmdup/CQTL_AM7735_CTL_Ankle_1.sorted_wasp.bam /work/users/s/e/seyoun/CQTL_AI/output/wasp/rmdup/CQTL_AM7754_CTL_Ankle_1.sorted_wasp.bam /work/users/s/e/seyoun/CQTL_AI/output/wasp/rmdup/CQTL_AM7755_CTL_Ankle_1.sorted_wasp.bam /work/users/s/e/seyoun/CQTL_AI/output/wasp/rmdup/CQTL_AM7763_CTL_Ankle_1.sorted_wasp.bam /work/users/s/e/seyoun/CQTL_AI/output/wasp/rmdup/CQTL_AM7765_CTL_Ankle_1.sorted_wasp.bam /work/users/s/e/seyoun/CQTL_AI/output/wasp/rmdup/CQTL_AM7769_CTL_Ankle_1.sorted_wasp.bam /work/users/s/e/seyoun/CQTL_AI/output/wasp/rmdup/CQTL_AM7771_CTL_Ankle_1.sorted_wasp.bam /work/users/s/e/seyoun/CQTL_AI/output/wasp/rmdup/CQTL_AM7775_CTL_Ankle_1.sorted_wasp.bam /work/users/s/e/seyoun/CQTL_AI/output/wasp/rmdup/CQTL_AM7778_CTL_Ankle_1.sorted_wasp.bam /work/users/s/e/seyoun/CQTL_AI/output/wasp/rmdup/CQTL_AM7780_CTL_Ankle_1.sorted_wasp.bam /work/users/s/e/seyoun/CQTL_AI/output/wasp/rmdup/CQTL_AM7781_CTL_Ankle_1.sorted_wasp.bam /work/users/s/e/seyoun/CQTL_AI/output/wasp/rmdup/CQTL_AM7785_CTL_Ankle_1.sorted_wasp.bam /work/users/s/e/seyoun/CQTL_AI/output/wasp/rmdup/CQTL_AM7786_CTL_Ankle_1.sorted_wasp.bam >> output/logs/mergedAligned_Ankle_CTL.err 2>&1
        samtools flagstat output/signals/Ankle/mergedAlign/CTL_sorted.bam > output/signals/Ankle/mergedAlign/CTL_stats.txt >> output/logs/mergedAligned_Ankle_CTL.err 2>&1
        samtools index output/signals/Ankle/mergedAlign/CTL_sorted.bam >> output/logs/mergedAligned_Ankle_CTL.err 2>&1
        
Submitted job 45 with external jobid '56399582'.

[Wed Dec 25 17:53:42 2024]
rule signal:
    input: /work/users/s/e/seyoun/CQTL_AI/output/wasp/rmdup/CQTL_AM7778_CTL_Ankle_1.sorted_wasp.bam
    output: output/signals/Ankle/CQTL_AM7778_CTL_Ankle_1.bw
    log: output/logs/signal_Ankle_CQTL_AM7778_CTL_Ankle_1.err
    jobid: 33
    wildcards: tissue=Ankle, sampleName=CQTL_AM7778_CTL_Ankle_1


        module load deeptools/3.5.4
        mkdir -p output/signals/Ankle

        bamCoverage             --bam /work/users/s/e/seyoun/CQTL_AI/output/wasp/rmdup/CQTL_AM7778_CTL_Ankle_1.sorted_wasp.bam             -o output/signals/Ankle/CQTL_AM7778_CTL_Ankle_1.bw             --binSize 10             --normalizeUsing RPGC             --effectiveGenomeSize 2862010428             --extendReads             > output/logs/signal_Ankle_CQTL_AM7778_CTL_Ankle_1.err 2>&1

        
Submitted job 33 with external jobid '56399583'.

[Wed Dec 25 17:53:43 2024]
rule signal:
    input: /work/users/s/e/seyoun/CQTL_AI/output/wasp/rmdup/CQTL_AM7726_FNF_Ankle_1.sorted_wasp.bam
    output: output/signals/Ankle/CQTL_AM7726_FNF_Ankle_1.bw
    log: output/logs/signal_Ankle_CQTL_AM7726_FNF_Ankle_1.err
    jobid: 14
    wildcards: tissue=Ankle, sampleName=CQTL_AM7726_FNF_Ankle_1


        module load deeptools/3.5.4
        mkdir -p output/signals/Ankle

        bamCoverage             --bam /work/users/s/e/seyoun/CQTL_AI/output/wasp/rmdup/CQTL_AM7726_FNF_Ankle_1.sorted_wasp.bam             -o output/signals/Ankle/CQTL_AM7726_FNF_Ankle_1.bw             --binSize 10             --normalizeUsing RPGC             --effectiveGenomeSize 2862010428             --extendReads             > output/logs/signal_Ankle_CQTL_AM7726_FNF_Ankle_1.err 2>&1

        
Submitted job 14 with external jobid '56399584'.

[Wed Dec 25 17:53:44 2024]
rule signal:
    input: /work/users/s/e/seyoun/CQTL_AI/output/wasp/rmdup/CQTL_AM7677_CTL_Ankle_1.sorted_wasp.bam
    output: output/signals/Ankle/CQTL_AM7677_CTL_Ankle_1.bw
    log: output/logs/signal_Ankle_CQTL_AM7677_CTL_Ankle_1.err
    jobid: 1
    wildcards: tissue=Ankle, sampleName=CQTL_AM7677_CTL_Ankle_1


        module load deeptools/3.5.4
        mkdir -p output/signals/Ankle

        bamCoverage             --bam /work/users/s/e/seyoun/CQTL_AI/output/wasp/rmdup/CQTL_AM7677_CTL_Ankle_1.sorted_wasp.bam             -o output/signals/Ankle/CQTL_AM7677_CTL_Ankle_1.bw             --binSize 10             --normalizeUsing RPGC             --effectiveGenomeSize 2862010428             --extendReads             > output/logs/signal_Ankle_CQTL_AM7677_CTL_Ankle_1.err 2>&1

        
Submitted job 1 with external jobid '56399585'.

[Wed Dec 25 17:53:45 2024]
rule signal:
    input: /work/users/s/e/seyoun/CQTL_AI/output/wasp/rmdup/CQTL_AM7727_CTL_Ankle_1.sorted_wasp.bam
    output: output/signals/Ankle/CQTL_AM7727_CTL_Ankle_1.bw
    log: output/logs/signal_Ankle_CQTL_AM7727_CTL_Ankle_1.err
    jobid: 15
    wildcards: tissue=Ankle, sampleName=CQTL_AM7727_CTL_Ankle_1


        module load deeptools/3.5.4
        mkdir -p output/signals/Ankle

        bamCoverage             --bam /work/users/s/e/seyoun/CQTL_AI/output/wasp/rmdup/CQTL_AM7727_CTL_Ankle_1.sorted_wasp.bam             -o output/signals/Ankle/CQTL_AM7727_CTL_Ankle_1.bw             --binSize 10             --normalizeUsing RPGC             --effectiveGenomeSize 2862010428             --extendReads             > output/logs/signal_Ankle_CQTL_AM7727_CTL_Ankle_1.err 2>&1

        
Submitted job 15 with external jobid '56399586'.

[Wed Dec 25 17:53:46 2024]
rule signal:
    input: /work/users/s/e/seyoun/CQTL_AI/output/wasp/rmdup/CQTL_AM7678_CTL_Ankle_1.sorted_wasp.bam
    output: output/signals/Ankle/CQTL_AM7678_CTL_Ankle_1.bw
    log: output/logs/signal_Ankle_CQTL_AM7678_CTL_Ankle_1.err
    jobid: 3
    wildcards: tissue=Ankle, sampleName=CQTL_AM7678_CTL_Ankle_1


        module load deeptools/3.5.4
        mkdir -p output/signals/Ankle

        bamCoverage             --bam /work/users/s/e/seyoun/CQTL_AI/output/wasp/rmdup/CQTL_AM7678_CTL_Ankle_1.sorted_wasp.bam             -o output/signals/Ankle/CQTL_AM7678_CTL_Ankle_1.bw             --binSize 10             --normalizeUsing RPGC             --effectiveGenomeSize 2862010428             --extendReads             > output/logs/signal_Ankle_CQTL_AM7678_CTL_Ankle_1.err 2>&1

        
Submitted job 3 with external jobid '56399587'.

[Wed Dec 25 17:53:47 2024]
rule signal:
    input: /work/users/s/e/seyoun/CQTL_AI/output/wasp/rmdup/CQTL_AM7786_FNF_Ankle_1.sorted_wasp.bam
    output: output/signals/Ankle/CQTL_AM7786_FNF_Ankle_1.bw
    log: output/logs/signal_Ankle_CQTL_AM7786_FNF_Ankle_1.err
    jobid: 42
    wildcards: tissue=Ankle, sampleName=CQTL_AM7786_FNF_Ankle_1


        module load deeptools/3.5.4
        mkdir -p output/signals/Ankle

        bamCoverage             --bam /work/users/s/e/seyoun/CQTL_AI/output/wasp/rmdup/CQTL_AM7786_FNF_Ankle_1.sorted_wasp.bam             -o output/signals/Ankle/CQTL_AM7786_FNF_Ankle_1.bw             --binSize 10             --normalizeUsing RPGC             --effectiveGenomeSize 2862010428             --extendReads             > output/logs/signal_Ankle_CQTL_AM7786_FNF_Ankle_1.err 2>&1

        
Submitted job 42 with external jobid '56399588'.

[Wed Dec 25 17:53:48 2024]
rule signal:
    input: /work/users/s/e/seyoun/CQTL_AI/output/wasp/rmdup/CQTL_AM7786_CTL_Ankle_1.sorted_wasp.bam
    output: output/signals/Ankle/CQTL_AM7786_CTL_Ankle_1.bw
    log: output/logs/signal_Ankle_CQTL_AM7786_CTL_Ankle_1.err
    jobid: 41
    wildcards: tissue=Ankle, sampleName=CQTL_AM7786_CTL_Ankle_1


        module load deeptools/3.5.4
        mkdir -p output/signals/Ankle

        bamCoverage             --bam /work/users/s/e/seyoun/CQTL_AI/output/wasp/rmdup/CQTL_AM7786_CTL_Ankle_1.sorted_wasp.bam             -o output/signals/Ankle/CQTL_AM7786_CTL_Ankle_1.bw             --binSize 10             --normalizeUsing RPGC             --effectiveGenomeSize 2862010428             --extendReads             > output/logs/signal_Ankle_CQTL_AM7786_CTL_Ankle_1.err 2>&1

        
Submitted job 41 with external jobid '56399589'.

[Wed Dec 25 17:53:50 2024]
rule signal:
    input: /work/users/s/e/seyoun/CQTL_AI/output/wasp/rmdup/CQTL_AM7726_CTL_Ankle_1.sorted_wasp.bam
    output: output/signals/Ankle/CQTL_AM7726_CTL_Ankle_1.bw
    log: output/logs/signal_Ankle_CQTL_AM7726_CTL_Ankle_1.err
    jobid: 13
    wildcards: tissue=Ankle, sampleName=CQTL_AM7726_CTL_Ankle_1


        module load deeptools/3.5.4
        mkdir -p output/signals/Ankle

        bamCoverage             --bam /work/users/s/e/seyoun/CQTL_AI/output/wasp/rmdup/CQTL_AM7726_CTL_Ankle_1.sorted_wasp.bam             -o output/signals/Ankle/CQTL_AM7726_CTL_Ankle_1.bw             --binSize 10             --normalizeUsing RPGC             --effectiveGenomeSize 2862010428             --extendReads             > output/logs/signal_Ankle_CQTL_AM7726_CTL_Ankle_1.err 2>&1

        
Submitted job 13 with external jobid '56399590'.

[Wed Dec 25 17:53:51 2024]
rule signal:
    input: /work/users/s/e/seyoun/CQTL_AI/output/wasp/rmdup/CQTL_AM7754_FNF_Ankle_1.sorted_wasp.bam
    output: output/signals/Ankle/CQTL_AM7754_FNF_Ankle_1.bw
    log: output/logs/signal_Ankle_CQTL_AM7754_FNF_Ankle_1.err
    jobid: 20
    wildcards: tissue=Ankle, sampleName=CQTL_AM7754_FNF_Ankle_1


        module load deeptools/3.5.4
        mkdir -p output/signals/Ankle

        bamCoverage             --bam /work/users/s/e/seyoun/CQTL_AI/output/wasp/rmdup/CQTL_AM7754_FNF_Ankle_1.sorted_wasp.bam             -o output/signals/Ankle/CQTL_AM7754_FNF_Ankle_1.bw             --binSize 10             --normalizeUsing RPGC             --effectiveGenomeSize 2862010428             --extendReads             > output/logs/signal_Ankle_CQTL_AM7754_FNF_Ankle_1.err 2>&1

        
Submitted job 20 with external jobid '56399591'.

[Wed Dec 25 17:53:52 2024]
rule signal:
    input: /work/users/s/e/seyoun/CQTL_AI/output/wasp/rmdup/CQTL_AM7785_FNF_Ankle_1.sorted_wasp.bam
    output: output/signals/Ankle/CQTL_AM7785_FNF_Ankle_1.bw
    log: output/logs/signal_Ankle_CQTL_AM7785_FNF_Ankle_1.err
    jobid: 40
    wildcards: tissue=Ankle, sampleName=CQTL_AM7785_FNF_Ankle_1


        module load deeptools/3.5.4
        mkdir -p output/signals/Ankle

        bamCoverage             --bam /work/users/s/e/seyoun/CQTL_AI/output/wasp/rmdup/CQTL_AM7785_FNF_Ankle_1.sorted_wasp.bam             -o output/signals/Ankle/CQTL_AM7785_FNF_Ankle_1.bw             --binSize 10             --normalizeUsing RPGC             --effectiveGenomeSize 2862010428             --extendReads             > output/logs/signal_Ankle_CQTL_AM7785_FNF_Ankle_1.err 2>&1

        
Submitted job 40 with external jobid '56399592'.

[Wed Dec 25 17:53:53 2024]
rule signal:
    input: /work/users/s/e/seyoun/CQTL_AI/output/wasp/rmdup/CQTL_AM7711_CTL_Ankle_1.sorted_wasp.bam
    output: output/signals/Ankle/CQTL_AM7711_CTL_Ankle_1.bw
    log: output/logs/signal_Ankle_CQTL_AM7711_CTL_Ankle_1.err
    jobid: 7
    wildcards: tissue=Ankle, sampleName=CQTL_AM7711_CTL_Ankle_1


        module load deeptools/3.5.4
        mkdir -p output/signals/Ankle

        bamCoverage             --bam /work/users/s/e/seyoun/CQTL_AI/output/wasp/rmdup/CQTL_AM7711_CTL_Ankle_1.sorted_wasp.bam             -o output/signals/Ankle/CQTL_AM7711_CTL_Ankle_1.bw             --binSize 10             --normalizeUsing RPGC             --effectiveGenomeSize 2862010428             --extendReads             > output/logs/signal_Ankle_CQTL_AM7711_CTL_Ankle_1.err 2>&1

        
Submitted job 7 with external jobid '56399593'.

[Wed Dec 25 17:53:54 2024]
rule signal:
    input: /work/users/s/e/seyoun/CQTL_AI/output/wasp/rmdup/CQTL_AM7679_CTL_Ankle_1.sorted_wasp.bam
    output: output/signals/Ankle/CQTL_AM7679_CTL_Ankle_1.bw
    log: output/logs/signal_Ankle_CQTL_AM7679_CTL_Ankle_1.err
    jobid: 5
    wildcards: tissue=Ankle, sampleName=CQTL_AM7679_CTL_Ankle_1


        module load deeptools/3.5.4
        mkdir -p output/signals/Ankle

        bamCoverage             --bam /work/users/s/e/seyoun/CQTL_AI/output/wasp/rmdup/CQTL_AM7679_CTL_Ankle_1.sorted_wasp.bam             -o output/signals/Ankle/CQTL_AM7679_CTL_Ankle_1.bw             --binSize 10             --normalizeUsing RPGC             --effectiveGenomeSize 2862010428             --extendReads             > output/logs/signal_Ankle_CQTL_AM7679_CTL_Ankle_1.err 2>&1

        
Submitted job 5 with external jobid '56399594'.

[Wed Dec 25 17:53:55 2024]
rule signal:
    input: /work/users/s/e/seyoun/CQTL_AI/output/wasp/rmdup/CQTL_AM7775_FNF_Ankle_1.sorted_wasp.bam
    output: output/signals/Ankle/CQTL_AM7775_FNF_Ankle_1.bw
    log: output/logs/signal_Ankle_CQTL_AM7775_FNF_Ankle_1.err
    jobid: 32
    wildcards: tissue=Ankle, sampleName=CQTL_AM7775_FNF_Ankle_1


        module load deeptools/3.5.4
        mkdir -p output/signals/Ankle

        bamCoverage             --bam /work/users/s/e/seyoun/CQTL_AI/output/wasp/rmdup/CQTL_AM7775_FNF_Ankle_1.sorted_wasp.bam             -o output/signals/Ankle/CQTL_AM7775_FNF_Ankle_1.bw             --binSize 10             --normalizeUsing RPGC             --effectiveGenomeSize 2862010428             --extendReads             > output/logs/signal_Ankle_CQTL_AM7775_FNF_Ankle_1.err 2>&1

        
Submitted job 32 with external jobid '56399595'.

[Wed Dec 25 17:53:56 2024]
rule signal:
    input: /work/users/s/e/seyoun/CQTL_AI/output/wasp/rmdup/CQTL_AM7735_CTL_Ankle_1.sorted_wasp.bam
    output: output/signals/Ankle/CQTL_AM7735_CTL_Ankle_1.bw
    log: output/logs/signal_Ankle_CQTL_AM7735_CTL_Ankle_1.err
    jobid: 17
    wildcards: tissue=Ankle, sampleName=CQTL_AM7735_CTL_Ankle_1


        module load deeptools/3.5.4
        mkdir -p output/signals/Ankle

        bamCoverage             --bam /work/users/s/e/seyoun/CQTL_AI/output/wasp/rmdup/CQTL_AM7735_CTL_Ankle_1.sorted_wasp.bam             -o output/signals/Ankle/CQTL_AM7735_CTL_Ankle_1.bw             --binSize 10             --normalizeUsing RPGC             --effectiveGenomeSize 2862010428             --extendReads             > output/logs/signal_Ankle_CQTL_AM7735_CTL_Ankle_1.err 2>&1

        
Submitted job 17 with external jobid '56399596'.

[Wed Dec 25 17:53:57 2024]
rule signal:
    input: /work/users/s/e/seyoun/CQTL_AI/output/wasp/rmdup/CQTL_AM7780_CTL_Ankle_1.sorted_wasp.bam
    output: output/signals/Ankle/CQTL_AM7780_CTL_Ankle_1.bw
    log: output/logs/signal_Ankle_CQTL_AM7780_CTL_Ankle_1.err
    jobid: 35
    wildcards: tissue=Ankle, sampleName=CQTL_AM7780_CTL_Ankle_1


        module load deeptools/3.5.4
        mkdir -p output/signals/Ankle

        bamCoverage             --bam /work/users/s/e/seyoun/CQTL_AI/output/wasp/rmdup/CQTL_AM7780_CTL_Ankle_1.sorted_wasp.bam             -o output/signals/Ankle/CQTL_AM7780_CTL_Ankle_1.bw             --binSize 10             --normalizeUsing RPGC             --effectiveGenomeSize 2862010428             --extendReads             > output/logs/signal_Ankle_CQTL_AM7780_CTL_Ankle_1.err 2>&1

        
Submitted job 35 with external jobid '56399597'.

[Wed Dec 25 17:53:58 2024]
rule signal:
    input: /work/users/s/e/seyoun/CQTL_AI/output/wasp/rmdup/CQTL_AM7711_FNF_Ankle_1.sorted_wasp.bam
    output: output/signals/Ankle/CQTL_AM7711_FNF_Ankle_1.bw
    log: output/logs/signal_Ankle_CQTL_AM7711_FNF_Ankle_1.err
    jobid: 8
    wildcards: tissue=Ankle, sampleName=CQTL_AM7711_FNF_Ankle_1


        module load deeptools/3.5.4
        mkdir -p output/signals/Ankle

        bamCoverage             --bam /work/users/s/e/seyoun/CQTL_AI/output/wasp/rmdup/CQTL_AM7711_FNF_Ankle_1.sorted_wasp.bam             -o output/signals/Ankle/CQTL_AM7711_FNF_Ankle_1.bw             --binSize 10             --normalizeUsing RPGC             --effectiveGenomeSize 2862010428             --extendReads             > output/logs/signal_Ankle_CQTL_AM7711_FNF_Ankle_1.err 2>&1

        
Submitted job 8 with external jobid '56399598'.

[Wed Dec 25 17:53:59 2024]
rule signal:
    input: /work/users/s/e/seyoun/CQTL_AI/output/wasp/rmdup/CQTL_AM7780_FNF_Ankle_1.sorted_wasp.bam
    output: output/signals/Ankle/CQTL_AM7780_FNF_Ankle_1.bw
    log: output/logs/signal_Ankle_CQTL_AM7780_FNF_Ankle_1.err
    jobid: 36
    wildcards: tissue=Ankle, sampleName=CQTL_AM7780_FNF_Ankle_1


        module load deeptools/3.5.4
        mkdir -p output/signals/Ankle

        bamCoverage             --bam /work/users/s/e/seyoun/CQTL_AI/output/wasp/rmdup/CQTL_AM7780_FNF_Ankle_1.sorted_wasp.bam             -o output/signals/Ankle/CQTL_AM7780_FNF_Ankle_1.bw             --binSize 10             --normalizeUsing RPGC             --effectiveGenomeSize 2862010428             --extendReads             > output/logs/signal_Ankle_CQTL_AM7780_FNF_Ankle_1.err 2>&1

        
Submitted job 36 with external jobid '56399599'.
[Wed Dec 25 18:12:19 2024]
Finished job 11.
1 of 47 steps (2%) done
[Wed Dec 25 18:16:21 2024]
Finished job 15.
2 of 47 steps (4%) done
[Wed Dec 25 18:19:07 2024]
Finished job 1.
3 of 47 steps (6%) done
[Wed Dec 25 18:21:54 2024]
Finished job 13.
4 of 47 steps (9%) done
[Wed Dec 25 18:22:07 2024]
Finished job 16.
5 of 47 steps (11%) done
[Wed Dec 25 18:23:05 2024]
Finished job 12.
6 of 47 steps (13%) done
[Wed Dec 25 18:23:07 2024]
Finished job 37.
7 of 47 steps (15%) done
[Wed Dec 25 18:23:38 2024]
Finished job 42.
8 of 47 steps (17%) done
[Wed Dec 25 18:23:42 2024]
Finished job 7.
9 of 47 steps (19%) done
[Wed Dec 25 18:24:05 2024]
Finished job 30.
10 of 47 steps (21%) done
[Wed Dec 25 18:24:43 2024]
Finished job 24.
11 of 47 steps (23%) done
[Wed Dec 25 18:25:59 2024]
Finished job 3.
12 of 47 steps (26%) done
[Wed Dec 25 18:26:17 2024]
Finished job 6.
13 of 47 steps (28%) done
[Wed Dec 25 18:26:25 2024]
Finished job 26.
14 of 47 steps (30%) done
[Wed Dec 25 18:27:06 2024]
Finished job 10.
15 of 47 steps (32%) done
[Wed Dec 25 18:27:53 2024]
Finished job 25.
16 of 47 steps (34%) done
[Wed Dec 25 18:28:07 2024]
Finished job 33.
17 of 47 steps (36%) done
[Wed Dec 25 18:28:09 2024]
Finished job 41.
18 of 47 steps (38%) done
[Wed Dec 25 18:28:20 2024]
Finished job 22.
19 of 47 steps (40%) done
[Wed Dec 25 18:28:47 2024]
Finished job 14.
20 of 47 steps (43%) done
[Wed Dec 25 18:28:59 2024]
Finished job 29.
21 of 47 steps (45%) done
[Wed Dec 25 18:29:02 2024]
Finished job 9.
22 of 47 steps (47%) done
[Wed Dec 25 18:29:04 2024]
Finished job 19.
23 of 47 steps (49%) done
[Wed Dec 25 18:29:30 2024]
Finished job 8.
24 of 47 steps (51%) done
[Wed Dec 25 18:29:36 2024]
Finished job 28.
25 of 47 steps (53%) done
[Wed Dec 25 18:30:04 2024]
Finished job 2.
26 of 47 steps (55%) done
[Wed Dec 25 18:31:30 2024]
Finished job 17.
27 of 47 steps (57%) done
[Wed Dec 25 18:32:26 2024]
Finished job 5.
28 of 47 steps (60%) done
[Wed Dec 25 18:32:27 2024]
Finished job 32.
29 of 47 steps (62%) done
[Wed Dec 25 18:33:18 2024]
Finished job 20.
30 of 47 steps (64%) done
[Wed Dec 25 18:33:20 2024]
Finished job 35.
31 of 47 steps (66%) done
[Wed Dec 25 18:33:48 2024]
Finished job 18.
32 of 47 steps (68%) done
[Wed Dec 25 18:34:12 2024]
Finished job 21.
33 of 47 steps (70%) done
[Wed Dec 25 18:34:31 2024]
Finished job 40.
34 of 47 steps (72%) done
[Wed Dec 25 18:34:36 2024]
Finished job 27.
35 of 47 steps (74%) done
[Wed Dec 25 18:34:37 2024]
Finished job 4.
36 of 47 steps (77%) done
[Wed Dec 25 18:35:52 2024]
Finished job 23.
37 of 47 steps (79%) done
[Wed Dec 25 18:36:12 2024]
Finished job 39.
38 of 47 steps (81%) done
[Wed Dec 25 18:37:02 2024]
Finished job 38.
39 of 47 steps (83%) done
[Wed Dec 25 18:37:30 2024]
Finished job 36.
40 of 47 steps (85%) done
[Wed Dec 25 18:38:15 2024]
Finished job 34.
41 of 47 steps (87%) done
[Wed Dec 25 18:45:33 2024]
Finished job 31.
42 of 47 steps (89%) done
[Thu Dec 26 00:51:53 2024]
Finished job 45.
43 of 47 steps (91%) done

[Thu Dec 26 00:51:54 2024]
rule mergeSignal:
    input: output/signals/Ankle/mergedAlign/CTL_sorted.bam
    output: output/signals/Ankle/merged_signal/CTL_sorted_bw
    log: output/logs/mergedSignal_Ankle_CTL.err
    jobid: 43
    wildcards: tissue=Ankle, cond=CTL


        module load deeptools/3.5.4
        mkdir -p output/signals/Ankle/merged_signal

        bamCoverage             --bam output/signals/Ankle/mergedAlign/CTL_sorted.bam             -o output/signals/Ankle/merged_signal/CTL_sorted_bw             --binSize 10             --normalizeUsing RPGC             --effectiveGenomeSize 2862010428             --extendReads             > output/logs/mergedSignal_Ankle_CTL.err 2>&1

        
Submitted job 43 with external jobid '56408386'.
[Thu Dec 26 00:52:18 2024]
Error in rule mergeSignal:
    jobid: 43
    output: output/signals/Ankle/merged_signal/CTL_sorted_bw
    log: output/logs/mergedSignal_Ankle_CTL.err (check log file(s) for error message)
    shell:
        
        module load deeptools/3.5.4
        mkdir -p output/signals/Ankle/merged_signal

        bamCoverage             --bam output/signals/Ankle/mergedAlign/CTL_sorted.bam             -o output/signals/Ankle/merged_signal/CTL_sorted_bw             --binSize 10             --normalizeUsing RPGC             --effectiveGenomeSize 2862010428             --extendReads             > output/logs/mergedSignal_Ankle_CTL.err 2>&1

        
        (one of the commands exited with non-zero exit code; note that snakemake uses bash strict mode!)
    cluster_jobid: 56408386

Error executing rule mergeSignal on cluster (jobid: 43, external: 56408386, jobscript: /work/users/s/e/seyoun/CQTL_AI/.snakemake/tmp.fnb34zc3/snakejob.mergeSignal.43.sh). For error details see the cluster log and the log files of the involved rule(s).
[Thu Dec 26 01:18:23 2024]
Finished job 46.
44 of 47 steps (94%) done
Shutting down, this might take some time.
Exiting because a job execution failed. Look above for error message
Complete log: /work/users/s/e/seyoun/CQTL_AI/.snakemake/log/2024-12-25T175309.878553.snakemake.log
