Building DAG of jobs...
Using shell: /usr/bin/bash
Provided cluster nodes: 100
Job counts:
	count	jobs
	1	all
	42	verifybamid
	43

[Thu Nov 28 00:06:58 2024]
rule verifybamid:
    input: /work/users/s/e/seyoun/CQTL_AI/output/align/CQTL_AM7765_CTL_Ankle_1_RG.bam, /work/users/s/e/seyoun/CQTL_AI/output/align/CQTL_AM7765_CTL_Ankle_1_RG.bam.bai, output/geno/pbs_geno/pbs.rename_wCHR.vcf.gz, output/geno/fnf_geno/fnf.rename_wCHR.vcf.gz
    output: output/QC/CQTL_AM7765_CTL_Ankle_1_verifyBamID.selfSM, output/QC/CQTL_AM7765_CTL_Ankle_1_verifyBamID.selfRG, output/QC/CQTL_AM7765_CTL_Ankle_1_verifyBamID.bestRG, output/QC/CQTL_AM7765_CTL_Ankle_1_verifyBamID.bestSM, output/QC/CQTL_AM7765_CTL_Ankle_1_verifyBamID.depthRG, output/QC/CQTL_AM7765_CTL_Ankle_1_verifyBamID.depthSM
    log: output/logs/verifyBamID_CQTL_AM7765_CTL_Ankle_1.err
    jobid: 26
    wildcards: sampleName=CQTL_AM7765_CTL_Ankle_1



        if [[ "CQTL_AM7765_CTL_Ankle_1" == *"CTL"* ]]; then
            vcf_file=output/geno/pbs_geno/pbs.rename_wCHR.vcf.gz
        elif [[ "CQTL_AM7765_CTL_Ankle_1" == *"FNF"* ]]; then
            vcf_file=output/geno/fnf_geno/fnf.rename_wCHR.vcf.gz
        else
            echo "Error: Sample type not recognized in CQTL_AM7765_CTL_Ankle_1"
            exit 1
        fi

        echo "$vcf_file"

        /users/s/e/seyoun/tools/verifyBamID_1.1.3/verifyBamID/bin/verifyBamID --vcf $vcf_file --bam /work/users/s/e/seyoun/CQTL_AI/output/align/CQTL_AM7765_CTL_Ankle_1_RG.bam --bai /work/users/s/e/seyoun/CQTL_AI/output/align/CQTL_AM7765_CTL_Ankle_1_RG.bam.bai --best --out output/QC/CQTL_AM7765_CTL_Ankle_1_verifyBamID 2> output/logs/verifyBamID_CQTL_AM7765_CTL_Ankle_1.err
        
Submitted job 26 with external jobid '54998352'.

[Thu Nov 28 00:07:03 2024]
rule verifybamid:
    input: /work/users/s/e/seyoun/CQTL_AI/output/align/CQTL_AM7763_FNF_Ankle_1_RG.bam, /work/users/s/e/seyoun/CQTL_AI/output/align/CQTL_AM7763_FNF_Ankle_1_RG.bam.bai, output/geno/pbs_geno/pbs.rename_wCHR.vcf.gz, output/geno/fnf_geno/fnf.rename_wCHR.vcf.gz
    output: output/QC/CQTL_AM7763_FNF_Ankle_1_verifyBamID.selfSM, output/QC/CQTL_AM7763_FNF_Ankle_1_verifyBamID.selfRG, output/QC/CQTL_AM7763_FNF_Ankle_1_verifyBamID.bestRG, output/QC/CQTL_AM7763_FNF_Ankle_1_verifyBamID.bestSM, output/QC/CQTL_AM7763_FNF_Ankle_1_verifyBamID.depthRG, output/QC/CQTL_AM7763_FNF_Ankle_1_verifyBamID.depthSM
    log: output/logs/verifyBamID_CQTL_AM7763_FNF_Ankle_1.err
    jobid: 25
    wildcards: sampleName=CQTL_AM7763_FNF_Ankle_1



        if [[ "CQTL_AM7763_FNF_Ankle_1" == *"CTL"* ]]; then
            vcf_file=output/geno/pbs_geno/pbs.rename_wCHR.vcf.gz
        elif [[ "CQTL_AM7763_FNF_Ankle_1" == *"FNF"* ]]; then
            vcf_file=output/geno/fnf_geno/fnf.rename_wCHR.vcf.gz
        else
            echo "Error: Sample type not recognized in CQTL_AM7763_FNF_Ankle_1"
            exit 1
        fi

        echo "$vcf_file"

        /users/s/e/seyoun/tools/verifyBamID_1.1.3/verifyBamID/bin/verifyBamID --vcf $vcf_file --bam /work/users/s/e/seyoun/CQTL_AI/output/align/CQTL_AM7763_FNF_Ankle_1_RG.bam --bai /work/users/s/e/seyoun/CQTL_AI/output/align/CQTL_AM7763_FNF_Ankle_1_RG.bam.bai --best --out output/QC/CQTL_AM7763_FNF_Ankle_1_verifyBamID 2> output/logs/verifyBamID_CQTL_AM7763_FNF_Ankle_1.err
        
Submitted job 25 with external jobid '54998354'.

[Thu Nov 28 00:07:08 2024]
rule verifybamid:
    input: /work/users/s/e/seyoun/CQTL_AI/output/align/CQTL_AM7778_CTL_Ankle_1_RG.bam, /work/users/s/e/seyoun/CQTL_AI/output/align/CQTL_AM7778_CTL_Ankle_1_RG.bam.bai, output/geno/pbs_geno/pbs.rename_wCHR.vcf.gz, output/geno/fnf_geno/fnf.rename_wCHR.vcf.gz
    output: output/QC/CQTL_AM7778_CTL_Ankle_1_verifyBamID.selfSM, output/QC/CQTL_AM7778_CTL_Ankle_1_verifyBamID.selfRG, output/QC/CQTL_AM7778_CTL_Ankle_1_verifyBamID.bestRG, output/QC/CQTL_AM7778_CTL_Ankle_1_verifyBamID.bestSM, output/QC/CQTL_AM7778_CTL_Ankle_1_verifyBamID.depthRG, output/QC/CQTL_AM7778_CTL_Ankle_1_verifyBamID.depthSM
    log: output/logs/verifyBamID_CQTL_AM7778_CTL_Ankle_1.err
    jobid: 34
    wildcards: sampleName=CQTL_AM7778_CTL_Ankle_1



        if [[ "CQTL_AM7778_CTL_Ankle_1" == *"CTL"* ]]; then
            vcf_file=output/geno/pbs_geno/pbs.rename_wCHR.vcf.gz
        elif [[ "CQTL_AM7778_CTL_Ankle_1" == *"FNF"* ]]; then
            vcf_file=output/geno/fnf_geno/fnf.rename_wCHR.vcf.gz
        else
            echo "Error: Sample type not recognized in CQTL_AM7778_CTL_Ankle_1"
            exit 1
        fi

        echo "$vcf_file"

        /users/s/e/seyoun/tools/verifyBamID_1.1.3/verifyBamID/bin/verifyBamID --vcf $vcf_file --bam /work/users/s/e/seyoun/CQTL_AI/output/align/CQTL_AM7778_CTL_Ankle_1_RG.bam --bai /work/users/s/e/seyoun/CQTL_AI/output/align/CQTL_AM7778_CTL_Ankle_1_RG.bam.bai --best --out output/QC/CQTL_AM7778_CTL_Ankle_1_verifyBamID 2> output/logs/verifyBamID_CQTL_AM7778_CTL_Ankle_1.err
        
Submitted job 34 with external jobid '54998357'.

[Thu Nov 28 00:07:14 2024]
rule verifybamid:
    input: /work/users/s/e/seyoun/CQTL_AI/output/align/CQTL_AM7755_CTL_Ankle_1_RG.bam, /work/users/s/e/seyoun/CQTL_AI/output/align/CQTL_AM7755_CTL_Ankle_1_RG.bam.bai, output/geno/pbs_geno/pbs.rename_wCHR.vcf.gz, output/geno/fnf_geno/fnf.rename_wCHR.vcf.gz
    output: output/QC/CQTL_AM7755_CTL_Ankle_1_verifyBamID.selfSM, output/QC/CQTL_AM7755_CTL_Ankle_1_verifyBamID.selfRG, output/QC/CQTL_AM7755_CTL_Ankle_1_verifyBamID.bestRG, output/QC/CQTL_AM7755_CTL_Ankle_1_verifyBamID.bestSM, output/QC/CQTL_AM7755_CTL_Ankle_1_verifyBamID.depthRG, output/QC/CQTL_AM7755_CTL_Ankle_1_verifyBamID.depthSM
    log: output/logs/verifyBamID_CQTL_AM7755_CTL_Ankle_1.err
    jobid: 22
    wildcards: sampleName=CQTL_AM7755_CTL_Ankle_1



        if [[ "CQTL_AM7755_CTL_Ankle_1" == *"CTL"* ]]; then
            vcf_file=output/geno/pbs_geno/pbs.rename_wCHR.vcf.gz
        elif [[ "CQTL_AM7755_CTL_Ankle_1" == *"FNF"* ]]; then
            vcf_file=output/geno/fnf_geno/fnf.rename_wCHR.vcf.gz
        else
            echo "Error: Sample type not recognized in CQTL_AM7755_CTL_Ankle_1"
            exit 1
        fi

        echo "$vcf_file"

        /users/s/e/seyoun/tools/verifyBamID_1.1.3/verifyBamID/bin/verifyBamID --vcf $vcf_file --bam /work/users/s/e/seyoun/CQTL_AI/output/align/CQTL_AM7755_CTL_Ankle_1_RG.bam --bai /work/users/s/e/seyoun/CQTL_AI/output/align/CQTL_AM7755_CTL_Ankle_1_RG.bam.bai --best --out output/QC/CQTL_AM7755_CTL_Ankle_1_verifyBamID 2> output/logs/verifyBamID_CQTL_AM7755_CTL_Ankle_1.err
        
Submitted job 22 with external jobid '54998358'.

[Thu Nov 28 00:07:20 2024]
rule verifybamid:
    input: /work/users/s/e/seyoun/CQTL_AI/output/align/CQTL_AM7765_FNF_Ankle_1_RG.bam, /work/users/s/e/seyoun/CQTL_AI/output/align/CQTL_AM7765_FNF_Ankle_1_RG.bam.bai, output/geno/pbs_geno/pbs.rename_wCHR.vcf.gz, output/geno/fnf_geno/fnf.rename_wCHR.vcf.gz
    output: output/QC/CQTL_AM7765_FNF_Ankle_1_verifyBamID.selfSM, output/QC/CQTL_AM7765_FNF_Ankle_1_verifyBamID.selfRG, output/QC/CQTL_AM7765_FNF_Ankle_1_verifyBamID.bestRG, output/QC/CQTL_AM7765_FNF_Ankle_1_verifyBamID.bestSM, output/QC/CQTL_AM7765_FNF_Ankle_1_verifyBamID.depthRG, output/QC/CQTL_AM7765_FNF_Ankle_1_verifyBamID.depthSM
    log: output/logs/verifyBamID_CQTL_AM7765_FNF_Ankle_1.err
    jobid: 27
    wildcards: sampleName=CQTL_AM7765_FNF_Ankle_1



        if [[ "CQTL_AM7765_FNF_Ankle_1" == *"CTL"* ]]; then
            vcf_file=output/geno/pbs_geno/pbs.rename_wCHR.vcf.gz
        elif [[ "CQTL_AM7765_FNF_Ankle_1" == *"FNF"* ]]; then
            vcf_file=output/geno/fnf_geno/fnf.rename_wCHR.vcf.gz
        else
            echo "Error: Sample type not recognized in CQTL_AM7765_FNF_Ankle_1"
            exit 1
        fi

        echo "$vcf_file"

        /users/s/e/seyoun/tools/verifyBamID_1.1.3/verifyBamID/bin/verifyBamID --vcf $vcf_file --bam /work/users/s/e/seyoun/CQTL_AI/output/align/CQTL_AM7765_FNF_Ankle_1_RG.bam --bai /work/users/s/e/seyoun/CQTL_AI/output/align/CQTL_AM7765_FNF_Ankle_1_RG.bam.bai --best --out output/QC/CQTL_AM7765_FNF_Ankle_1_verifyBamID 2> output/logs/verifyBamID_CQTL_AM7765_FNF_Ankle_1.err
        
Submitted job 27 with external jobid '54998359'.

[Thu Nov 28 00:07:25 2024]
rule verifybamid:
    input: /work/users/s/e/seyoun/CQTL_AI/output/align/CQTL_AM7785_CTL_Ankle_1_RG.bam, /work/users/s/e/seyoun/CQTL_AI/output/align/CQTL_AM7785_CTL_Ankle_1_RG.bam.bai, output/geno/pbs_geno/pbs.rename_wCHR.vcf.gz, output/geno/fnf_geno/fnf.rename_wCHR.vcf.gz
    output: output/QC/CQTL_AM7785_CTL_Ankle_1_verifyBamID.selfSM, output/QC/CQTL_AM7785_CTL_Ankle_1_verifyBamID.selfRG, output/QC/CQTL_AM7785_CTL_Ankle_1_verifyBamID.bestRG, output/QC/CQTL_AM7785_CTL_Ankle_1_verifyBamID.bestSM, output/QC/CQTL_AM7785_CTL_Ankle_1_verifyBamID.depthRG, output/QC/CQTL_AM7785_CTL_Ankle_1_verifyBamID.depthSM
    log: output/logs/verifyBamID_CQTL_AM7785_CTL_Ankle_1.err
    jobid: 40
    wildcards: sampleName=CQTL_AM7785_CTL_Ankle_1



        if [[ "CQTL_AM7785_CTL_Ankle_1" == *"CTL"* ]]; then
            vcf_file=output/geno/pbs_geno/pbs.rename_wCHR.vcf.gz
        elif [[ "CQTL_AM7785_CTL_Ankle_1" == *"FNF"* ]]; then
            vcf_file=output/geno/fnf_geno/fnf.rename_wCHR.vcf.gz
        else
            echo "Error: Sample type not recognized in CQTL_AM7785_CTL_Ankle_1"
            exit 1
        fi

        echo "$vcf_file"

        /users/s/e/seyoun/tools/verifyBamID_1.1.3/verifyBamID/bin/verifyBamID --vcf $vcf_file --bam /work/users/s/e/seyoun/CQTL_AI/output/align/CQTL_AM7785_CTL_Ankle_1_RG.bam --bai /work/users/s/e/seyoun/CQTL_AI/output/align/CQTL_AM7785_CTL_Ankle_1_RG.bam.bai --best --out output/QC/CQTL_AM7785_CTL_Ankle_1_verifyBamID 2> output/logs/verifyBamID_CQTL_AM7785_CTL_Ankle_1.err
        
Submitted job 40 with external jobid '54998360'.

[Thu Nov 28 00:07:30 2024]
rule verifybamid:
    input: /work/users/s/e/seyoun/CQTL_AI/output/align/CQTL_AM7755_FNF_Ankle_1_RG.bam, /work/users/s/e/seyoun/CQTL_AI/output/align/CQTL_AM7755_FNF_Ankle_1_RG.bam.bai, output/geno/pbs_geno/pbs.rename_wCHR.vcf.gz, output/geno/fnf_geno/fnf.rename_wCHR.vcf.gz
    output: output/QC/CQTL_AM7755_FNF_Ankle_1_verifyBamID.selfSM, output/QC/CQTL_AM7755_FNF_Ankle_1_verifyBamID.selfRG, output/QC/CQTL_AM7755_FNF_Ankle_1_verifyBamID.bestRG, output/QC/CQTL_AM7755_FNF_Ankle_1_verifyBamID.bestSM, output/QC/CQTL_AM7755_FNF_Ankle_1_verifyBamID.depthRG, output/QC/CQTL_AM7755_FNF_Ankle_1_verifyBamID.depthSM
    log: output/logs/verifyBamID_CQTL_AM7755_FNF_Ankle_1.err
    jobid: 23
    wildcards: sampleName=CQTL_AM7755_FNF_Ankle_1



        if [[ "CQTL_AM7755_FNF_Ankle_1" == *"CTL"* ]]; then
            vcf_file=output/geno/pbs_geno/pbs.rename_wCHR.vcf.gz
        elif [[ "CQTL_AM7755_FNF_Ankle_1" == *"FNF"* ]]; then
            vcf_file=output/geno/fnf_geno/fnf.rename_wCHR.vcf.gz
        else
            echo "Error: Sample type not recognized in CQTL_AM7755_FNF_Ankle_1"
            exit 1
        fi

        echo "$vcf_file"

        /users/s/e/seyoun/tools/verifyBamID_1.1.3/verifyBamID/bin/verifyBamID --vcf $vcf_file --bam /work/users/s/e/seyoun/CQTL_AI/output/align/CQTL_AM7755_FNF_Ankle_1_RG.bam --bai /work/users/s/e/seyoun/CQTL_AI/output/align/CQTL_AM7755_FNF_Ankle_1_RG.bam.bai --best --out output/QC/CQTL_AM7755_FNF_Ankle_1_verifyBamID 2> output/logs/verifyBamID_CQTL_AM7755_FNF_Ankle_1.err
        
Submitted job 23 with external jobid '54998361'.

[Thu Nov 28 00:07:35 2024]
rule verifybamid:
    input: /work/users/s/e/seyoun/CQTL_AI/output/align/CQTL_AM7712_CTL_Ankle_1_RG.bam, /work/users/s/e/seyoun/CQTL_AI/output/align/CQTL_AM7712_CTL_Ankle_1_RG.bam.bai, output/geno/pbs_geno/pbs.rename_wCHR.vcf.gz, output/geno/fnf_geno/fnf.rename_wCHR.vcf.gz
    output: output/QC/CQTL_AM7712_CTL_Ankle_1_verifyBamID.selfSM, output/QC/CQTL_AM7712_CTL_Ankle_1_verifyBamID.selfRG, output/QC/CQTL_AM7712_CTL_Ankle_1_verifyBamID.bestRG, output/QC/CQTL_AM7712_CTL_Ankle_1_verifyBamID.bestSM, output/QC/CQTL_AM7712_CTL_Ankle_1_verifyBamID.depthRG, output/QC/CQTL_AM7712_CTL_Ankle_1_verifyBamID.depthSM
    log: output/logs/verifyBamID_CQTL_AM7712_CTL_Ankle_1.err
    jobid: 10
    wildcards: sampleName=CQTL_AM7712_CTL_Ankle_1



        if [[ "CQTL_AM7712_CTL_Ankle_1" == *"CTL"* ]]; then
            vcf_file=output/geno/pbs_geno/pbs.rename_wCHR.vcf.gz
        elif [[ "CQTL_AM7712_CTL_Ankle_1" == *"FNF"* ]]; then
            vcf_file=output/geno/fnf_geno/fnf.rename_wCHR.vcf.gz
        else
            echo "Error: Sample type not recognized in CQTL_AM7712_CTL_Ankle_1"
            exit 1
        fi

        echo "$vcf_file"

        /users/s/e/seyoun/tools/verifyBamID_1.1.3/verifyBamID/bin/verifyBamID --vcf $vcf_file --bam /work/users/s/e/seyoun/CQTL_AI/output/align/CQTL_AM7712_CTL_Ankle_1_RG.bam --bai /work/users/s/e/seyoun/CQTL_AI/output/align/CQTL_AM7712_CTL_Ankle_1_RG.bam.bai --best --out output/QC/CQTL_AM7712_CTL_Ankle_1_verifyBamID 2> output/logs/verifyBamID_CQTL_AM7712_CTL_Ankle_1.err
        
Submitted job 10 with external jobid '54998362'.

[Thu Nov 28 00:07:40 2024]
rule verifybamid:
    input: /work/users/s/e/seyoun/CQTL_AI/output/align/CQTL_AM7775_CTL_Ankle_1_RG.bam, /work/users/s/e/seyoun/CQTL_AI/output/align/CQTL_AM7775_CTL_Ankle_1_RG.bam.bai, output/geno/pbs_geno/pbs.rename_wCHR.vcf.gz, output/geno/fnf_geno/fnf.rename_wCHR.vcf.gz
    output: output/QC/CQTL_AM7775_CTL_Ankle_1_verifyBamID.selfSM, output/QC/CQTL_AM7775_CTL_Ankle_1_verifyBamID.selfRG, output/QC/CQTL_AM7775_CTL_Ankle_1_verifyBamID.bestRG, output/QC/CQTL_AM7775_CTL_Ankle_1_verifyBamID.bestSM, output/QC/CQTL_AM7775_CTL_Ankle_1_verifyBamID.depthRG, output/QC/CQTL_AM7775_CTL_Ankle_1_verifyBamID.depthSM
    log: output/logs/verifyBamID_CQTL_AM7775_CTL_Ankle_1.err
    jobid: 32
    wildcards: sampleName=CQTL_AM7775_CTL_Ankle_1



        if [[ "CQTL_AM7775_CTL_Ankle_1" == *"CTL"* ]]; then
            vcf_file=output/geno/pbs_geno/pbs.rename_wCHR.vcf.gz
        elif [[ "CQTL_AM7775_CTL_Ankle_1" == *"FNF"* ]]; then
            vcf_file=output/geno/fnf_geno/fnf.rename_wCHR.vcf.gz
        else
            echo "Error: Sample type not recognized in CQTL_AM7775_CTL_Ankle_1"
            exit 1
        fi

        echo "$vcf_file"

        /users/s/e/seyoun/tools/verifyBamID_1.1.3/verifyBamID/bin/verifyBamID --vcf $vcf_file --bam /work/users/s/e/seyoun/CQTL_AI/output/align/CQTL_AM7775_CTL_Ankle_1_RG.bam --bai /work/users/s/e/seyoun/CQTL_AI/output/align/CQTL_AM7775_CTL_Ankle_1_RG.bam.bai --best --out output/QC/CQTL_AM7775_CTL_Ankle_1_verifyBamID 2> output/logs/verifyBamID_CQTL_AM7775_CTL_Ankle_1.err
        
Submitted job 32 with external jobid '54998363'.

[Thu Nov 28 00:07:46 2024]
rule verifybamid:
    input: /work/users/s/e/seyoun/CQTL_AI/output/align/CQTL_AM7754_FNF_Ankle_1_RG.bam, /work/users/s/e/seyoun/CQTL_AI/output/align/CQTL_AM7754_FNF_Ankle_1_RG.bam.bai, output/geno/pbs_geno/pbs.rename_wCHR.vcf.gz, output/geno/fnf_geno/fnf.rename_wCHR.vcf.gz
    output: output/QC/CQTL_AM7754_FNF_Ankle_1_verifyBamID.selfSM, output/QC/CQTL_AM7754_FNF_Ankle_1_verifyBamID.selfRG, output/QC/CQTL_AM7754_FNF_Ankle_1_verifyBamID.bestRG, output/QC/CQTL_AM7754_FNF_Ankle_1_verifyBamID.bestSM, output/QC/CQTL_AM7754_FNF_Ankle_1_verifyBamID.depthRG, output/QC/CQTL_AM7754_FNF_Ankle_1_verifyBamID.depthSM
    log: output/logs/verifyBamID_CQTL_AM7754_FNF_Ankle_1.err
    jobid: 21
    wildcards: sampleName=CQTL_AM7754_FNF_Ankle_1



        if [[ "CQTL_AM7754_FNF_Ankle_1" == *"CTL"* ]]; then
            vcf_file=output/geno/pbs_geno/pbs.rename_wCHR.vcf.gz
        elif [[ "CQTL_AM7754_FNF_Ankle_1" == *"FNF"* ]]; then
            vcf_file=output/geno/fnf_geno/fnf.rename_wCHR.vcf.gz
        else
            echo "Error: Sample type not recognized in CQTL_AM7754_FNF_Ankle_1"
            exit 1
        fi

        echo "$vcf_file"

        /users/s/e/seyoun/tools/verifyBamID_1.1.3/verifyBamID/bin/verifyBamID --vcf $vcf_file --bam /work/users/s/e/seyoun/CQTL_AI/output/align/CQTL_AM7754_FNF_Ankle_1_RG.bam --bai /work/users/s/e/seyoun/CQTL_AI/output/align/CQTL_AM7754_FNF_Ankle_1_RG.bam.bai --best --out output/QC/CQTL_AM7754_FNF_Ankle_1_verifyBamID 2> output/logs/verifyBamID_CQTL_AM7754_FNF_Ankle_1.err
        
Submitted job 21 with external jobid '54998364'.

[Thu Nov 28 00:07:51 2024]
rule verifybamid:
    input: /work/users/s/e/seyoun/CQTL_AI/output/align/CQTL_AM7711_CTL_Ankle_1_RG.bam, /work/users/s/e/seyoun/CQTL_AI/output/align/CQTL_AM7711_CTL_Ankle_1_RG.bam.bai, output/geno/pbs_geno/pbs.rename_wCHR.vcf.gz, output/geno/fnf_geno/fnf.rename_wCHR.vcf.gz
    output: output/QC/CQTL_AM7711_CTL_Ankle_1_verifyBamID.selfSM, output/QC/CQTL_AM7711_CTL_Ankle_1_verifyBamID.selfRG, output/QC/CQTL_AM7711_CTL_Ankle_1_verifyBamID.bestRG, output/QC/CQTL_AM7711_CTL_Ankle_1_verifyBamID.bestSM, output/QC/CQTL_AM7711_CTL_Ankle_1_verifyBamID.depthRG, output/QC/CQTL_AM7711_CTL_Ankle_1_verifyBamID.depthSM
    log: output/logs/verifyBamID_CQTL_AM7711_CTL_Ankle_1.err
    jobid: 8
    wildcards: sampleName=CQTL_AM7711_CTL_Ankle_1



        if [[ "CQTL_AM7711_CTL_Ankle_1" == *"CTL"* ]]; then
            vcf_file=output/geno/pbs_geno/pbs.rename_wCHR.vcf.gz
        elif [[ "CQTL_AM7711_CTL_Ankle_1" == *"FNF"* ]]; then
            vcf_file=output/geno/fnf_geno/fnf.rename_wCHR.vcf.gz
        else
            echo "Error: Sample type not recognized in CQTL_AM7711_CTL_Ankle_1"
            exit 1
        fi

        echo "$vcf_file"

        /users/s/e/seyoun/tools/verifyBamID_1.1.3/verifyBamID/bin/verifyBamID --vcf $vcf_file --bam /work/users/s/e/seyoun/CQTL_AI/output/align/CQTL_AM7711_CTL_Ankle_1_RG.bam --bai /work/users/s/e/seyoun/CQTL_AI/output/align/CQTL_AM7711_CTL_Ankle_1_RG.bam.bai --best --out output/QC/CQTL_AM7711_CTL_Ankle_1_verifyBamID 2> output/logs/verifyBamID_CQTL_AM7711_CTL_Ankle_1.err
        
Submitted job 8 with external jobid '54998365'.

[Thu Nov 28 00:07:56 2024]
rule verifybamid:
    input: /work/users/s/e/seyoun/CQTL_AI/output/align/CQTL_AM7781_FNF_Ankle_1_RG.bam, /work/users/s/e/seyoun/CQTL_AI/output/align/CQTL_AM7781_FNF_Ankle_1_RG.bam.bai, output/geno/pbs_geno/pbs.rename_wCHR.vcf.gz, output/geno/fnf_geno/fnf.rename_wCHR.vcf.gz
    output: output/QC/CQTL_AM7781_FNF_Ankle_1_verifyBamID.selfSM, output/QC/CQTL_AM7781_FNF_Ankle_1_verifyBamID.selfRG, output/QC/CQTL_AM7781_FNF_Ankle_1_verifyBamID.bestRG, output/QC/CQTL_AM7781_FNF_Ankle_1_verifyBamID.bestSM, output/QC/CQTL_AM7781_FNF_Ankle_1_verifyBamID.depthRG, output/QC/CQTL_AM7781_FNF_Ankle_1_verifyBamID.depthSM
    log: output/logs/verifyBamID_CQTL_AM7781_FNF_Ankle_1.err
    jobid: 39
    wildcards: sampleName=CQTL_AM7781_FNF_Ankle_1



        if [[ "CQTL_AM7781_FNF_Ankle_1" == *"CTL"* ]]; then
            vcf_file=output/geno/pbs_geno/pbs.rename_wCHR.vcf.gz
        elif [[ "CQTL_AM7781_FNF_Ankle_1" == *"FNF"* ]]; then
            vcf_file=output/geno/fnf_geno/fnf.rename_wCHR.vcf.gz
        else
            echo "Error: Sample type not recognized in CQTL_AM7781_FNF_Ankle_1"
            exit 1
        fi

        echo "$vcf_file"

        /users/s/e/seyoun/tools/verifyBamID_1.1.3/verifyBamID/bin/verifyBamID --vcf $vcf_file --bam /work/users/s/e/seyoun/CQTL_AI/output/align/CQTL_AM7781_FNF_Ankle_1_RG.bam --bai /work/users/s/e/seyoun/CQTL_AI/output/align/CQTL_AM7781_FNF_Ankle_1_RG.bam.bai --best --out output/QC/CQTL_AM7781_FNF_Ankle_1_verifyBamID 2> output/logs/verifyBamID_CQTL_AM7781_FNF_Ankle_1.err
        
Submitted job 39 with external jobid '54998366'.

[Thu Nov 28 00:08:01 2024]
rule verifybamid:
    input: /work/users/s/e/seyoun/CQTL_AI/output/align/CQTL_AM7679_FNF_Ankle_1_RG.bam, /work/users/s/e/seyoun/CQTL_AI/output/align/CQTL_AM7679_FNF_Ankle_1_RG.bam.bai, output/geno/pbs_geno/pbs.rename_wCHR.vcf.gz, output/geno/fnf_geno/fnf.rename_wCHR.vcf.gz
    output: output/QC/CQTL_AM7679_FNF_Ankle_1_verifyBamID.selfSM, output/QC/CQTL_AM7679_FNF_Ankle_1_verifyBamID.selfRG, output/QC/CQTL_AM7679_FNF_Ankle_1_verifyBamID.bestRG, output/QC/CQTL_AM7679_FNF_Ankle_1_verifyBamID.bestSM, output/QC/CQTL_AM7679_FNF_Ankle_1_verifyBamID.depthRG, output/QC/CQTL_AM7679_FNF_Ankle_1_verifyBamID.depthSM
    log: output/logs/verifyBamID_CQTL_AM7679_FNF_Ankle_1.err
    jobid: 7
    wildcards: sampleName=CQTL_AM7679_FNF_Ankle_1



        if [[ "CQTL_AM7679_FNF_Ankle_1" == *"CTL"* ]]; then
            vcf_file=output/geno/pbs_geno/pbs.rename_wCHR.vcf.gz
        elif [[ "CQTL_AM7679_FNF_Ankle_1" == *"FNF"* ]]; then
            vcf_file=output/geno/fnf_geno/fnf.rename_wCHR.vcf.gz
        else
            echo "Error: Sample type not recognized in CQTL_AM7679_FNF_Ankle_1"
            exit 1
        fi

        echo "$vcf_file"

        /users/s/e/seyoun/tools/verifyBamID_1.1.3/verifyBamID/bin/verifyBamID --vcf $vcf_file --bam /work/users/s/e/seyoun/CQTL_AI/output/align/CQTL_AM7679_FNF_Ankle_1_RG.bam --bai /work/users/s/e/seyoun/CQTL_AI/output/align/CQTL_AM7679_FNF_Ankle_1_RG.bam.bai --best --out output/QC/CQTL_AM7679_FNF_Ankle_1_verifyBamID 2> output/logs/verifyBamID_CQTL_AM7679_FNF_Ankle_1.err
        
Submitted job 7 with external jobid '54998367'.

[Thu Nov 28 00:08:06 2024]
rule verifybamid:
    input: /work/users/s/e/seyoun/CQTL_AI/output/align/CQTL_AM7754_CTL_Ankle_1_RG.bam, /work/users/s/e/seyoun/CQTL_AI/output/align/CQTL_AM7754_CTL_Ankle_1_RG.bam.bai, output/geno/pbs_geno/pbs.rename_wCHR.vcf.gz, output/geno/fnf_geno/fnf.rename_wCHR.vcf.gz
    output: output/QC/CQTL_AM7754_CTL_Ankle_1_verifyBamID.selfSM, output/QC/CQTL_AM7754_CTL_Ankle_1_verifyBamID.selfRG, output/QC/CQTL_AM7754_CTL_Ankle_1_verifyBamID.bestRG, output/QC/CQTL_AM7754_CTL_Ankle_1_verifyBamID.bestSM, output/QC/CQTL_AM7754_CTL_Ankle_1_verifyBamID.depthRG, output/QC/CQTL_AM7754_CTL_Ankle_1_verifyBamID.depthSM
    log: output/logs/verifyBamID_CQTL_AM7754_CTL_Ankle_1.err
    jobid: 20
    wildcards: sampleName=CQTL_AM7754_CTL_Ankle_1



        if [[ "CQTL_AM7754_CTL_Ankle_1" == *"CTL"* ]]; then
            vcf_file=output/geno/pbs_geno/pbs.rename_wCHR.vcf.gz
        elif [[ "CQTL_AM7754_CTL_Ankle_1" == *"FNF"* ]]; then
            vcf_file=output/geno/fnf_geno/fnf.rename_wCHR.vcf.gz
        else
            echo "Error: Sample type not recognized in CQTL_AM7754_CTL_Ankle_1"
            exit 1
        fi

        echo "$vcf_file"

        /users/s/e/seyoun/tools/verifyBamID_1.1.3/verifyBamID/bin/verifyBamID --vcf $vcf_file --bam /work/users/s/e/seyoun/CQTL_AI/output/align/CQTL_AM7754_CTL_Ankle_1_RG.bam --bai /work/users/s/e/seyoun/CQTL_AI/output/align/CQTL_AM7754_CTL_Ankle_1_RG.bam.bai --best --out output/QC/CQTL_AM7754_CTL_Ankle_1_verifyBamID 2> output/logs/verifyBamID_CQTL_AM7754_CTL_Ankle_1.err
        
Submitted job 20 with external jobid '54998368'.

[Thu Nov 28 00:08:11 2024]
rule verifybamid:
    input: /work/users/s/e/seyoun/CQTL_AI/output/align/CQTL_AM7717_FNF_Ankle_1_RG.bam, /work/users/s/e/seyoun/CQTL_AI/output/align/CQTL_AM7717_FNF_Ankle_1_RG.bam.bai, output/geno/pbs_geno/pbs.rename_wCHR.vcf.gz, output/geno/fnf_geno/fnf.rename_wCHR.vcf.gz
    output: output/QC/CQTL_AM7717_FNF_Ankle_1_verifyBamID.selfSM, output/QC/CQTL_AM7717_FNF_Ankle_1_verifyBamID.selfRG, output/QC/CQTL_AM7717_FNF_Ankle_1_verifyBamID.bestRG, output/QC/CQTL_AM7717_FNF_Ankle_1_verifyBamID.bestSM, output/QC/CQTL_AM7717_FNF_Ankle_1_verifyBamID.depthRG, output/QC/CQTL_AM7717_FNF_Ankle_1_verifyBamID.depthSM
    log: output/logs/verifyBamID_CQTL_AM7717_FNF_Ankle_1.err
    jobid: 13
    wildcards: sampleName=CQTL_AM7717_FNF_Ankle_1



        if [[ "CQTL_AM7717_FNF_Ankle_1" == *"CTL"* ]]; then
            vcf_file=output/geno/pbs_geno/pbs.rename_wCHR.vcf.gz
        elif [[ "CQTL_AM7717_FNF_Ankle_1" == *"FNF"* ]]; then
            vcf_file=output/geno/fnf_geno/fnf.rename_wCHR.vcf.gz
        else
            echo "Error: Sample type not recognized in CQTL_AM7717_FNF_Ankle_1"
            exit 1
        fi

        echo "$vcf_file"

        /users/s/e/seyoun/tools/verifyBamID_1.1.3/verifyBamID/bin/verifyBamID --vcf $vcf_file --bam /work/users/s/e/seyoun/CQTL_AI/output/align/CQTL_AM7717_FNF_Ankle_1_RG.bam --bai /work/users/s/e/seyoun/CQTL_AI/output/align/CQTL_AM7717_FNF_Ankle_1_RG.bam.bai --best --out output/QC/CQTL_AM7717_FNF_Ankle_1_verifyBamID 2> output/logs/verifyBamID_CQTL_AM7717_FNF_Ankle_1.err
        
Submitted job 13 with external jobid '54998369'.

[Thu Nov 28 00:08:17 2024]
rule verifybamid:
    input: /work/users/s/e/seyoun/CQTL_AI/output/align/CQTL_AM7785_FNF_Ankle_1_RG.bam, /work/users/s/e/seyoun/CQTL_AI/output/align/CQTL_AM7785_FNF_Ankle_1_RG.bam.bai, output/geno/pbs_geno/pbs.rename_wCHR.vcf.gz, output/geno/fnf_geno/fnf.rename_wCHR.vcf.gz
    output: output/QC/CQTL_AM7785_FNF_Ankle_1_verifyBamID.selfSM, output/QC/CQTL_AM7785_FNF_Ankle_1_verifyBamID.selfRG, output/QC/CQTL_AM7785_FNF_Ankle_1_verifyBamID.bestRG, output/QC/CQTL_AM7785_FNF_Ankle_1_verifyBamID.bestSM, output/QC/CQTL_AM7785_FNF_Ankle_1_verifyBamID.depthRG, output/QC/CQTL_AM7785_FNF_Ankle_1_verifyBamID.depthSM
    log: output/logs/verifyBamID_CQTL_AM7785_FNF_Ankle_1.err
    jobid: 41
    wildcards: sampleName=CQTL_AM7785_FNF_Ankle_1



        if [[ "CQTL_AM7785_FNF_Ankle_1" == *"CTL"* ]]; then
            vcf_file=output/geno/pbs_geno/pbs.rename_wCHR.vcf.gz
        elif [[ "CQTL_AM7785_FNF_Ankle_1" == *"FNF"* ]]; then
            vcf_file=output/geno/fnf_geno/fnf.rename_wCHR.vcf.gz
        else
            echo "Error: Sample type not recognized in CQTL_AM7785_FNF_Ankle_1"
            exit 1
        fi

        echo "$vcf_file"

        /users/s/e/seyoun/tools/verifyBamID_1.1.3/verifyBamID/bin/verifyBamID --vcf $vcf_file --bam /work/users/s/e/seyoun/CQTL_AI/output/align/CQTL_AM7785_FNF_Ankle_1_RG.bam --bai /work/users/s/e/seyoun/CQTL_AI/output/align/CQTL_AM7785_FNF_Ankle_1_RG.bam.bai --best --out output/QC/CQTL_AM7785_FNF_Ankle_1_verifyBamID 2> output/logs/verifyBamID_CQTL_AM7785_FNF_Ankle_1.err
        
Submitted job 41 with external jobid '54998370'.

[Thu Nov 28 00:08:23 2024]
rule verifybamid:
    input: /work/users/s/e/seyoun/CQTL_AI/output/align/CQTL_AM7769_FNF_Ankle_1_RG.bam, /work/users/s/e/seyoun/CQTL_AI/output/align/CQTL_AM7769_FNF_Ankle_1_RG.bam.bai, output/geno/pbs_geno/pbs.rename_wCHR.vcf.gz, output/geno/fnf_geno/fnf.rename_wCHR.vcf.gz
    output: output/QC/CQTL_AM7769_FNF_Ankle_1_verifyBamID.selfSM, output/QC/CQTL_AM7769_FNF_Ankle_1_verifyBamID.selfRG, output/QC/CQTL_AM7769_FNF_Ankle_1_verifyBamID.bestRG, output/QC/CQTL_AM7769_FNF_Ankle_1_verifyBamID.bestSM, output/QC/CQTL_AM7769_FNF_Ankle_1_verifyBamID.depthRG, output/QC/CQTL_AM7769_FNF_Ankle_1_verifyBamID.depthSM
    log: output/logs/verifyBamID_CQTL_AM7769_FNF_Ankle_1.err
    jobid: 29
    wildcards: sampleName=CQTL_AM7769_FNF_Ankle_1



        if [[ "CQTL_AM7769_FNF_Ankle_1" == *"CTL"* ]]; then
            vcf_file=output/geno/pbs_geno/pbs.rename_wCHR.vcf.gz
        elif [[ "CQTL_AM7769_FNF_Ankle_1" == *"FNF"* ]]; then
            vcf_file=output/geno/fnf_geno/fnf.rename_wCHR.vcf.gz
        else
            echo "Error: Sample type not recognized in CQTL_AM7769_FNF_Ankle_1"
            exit 1
        fi

        echo "$vcf_file"

        /users/s/e/seyoun/tools/verifyBamID_1.1.3/verifyBamID/bin/verifyBamID --vcf $vcf_file --bam /work/users/s/e/seyoun/CQTL_AI/output/align/CQTL_AM7769_FNF_Ankle_1_RG.bam --bai /work/users/s/e/seyoun/CQTL_AI/output/align/CQTL_AM7769_FNF_Ankle_1_RG.bam.bai --best --out output/QC/CQTL_AM7769_FNF_Ankle_1_verifyBamID 2> output/logs/verifyBamID_CQTL_AM7769_FNF_Ankle_1.err
        
Submitted job 29 with external jobid '54998371'.

[Thu Nov 28 00:08:28 2024]
rule verifybamid:
    input: /work/users/s/e/seyoun/CQTL_AI/output/align/CQTL_AM7677_CTL_Ankle_1_RG.bam, /work/users/s/e/seyoun/CQTL_AI/output/align/CQTL_AM7677_CTL_Ankle_1_RG.bam.bai, output/geno/pbs_geno/pbs.rename_wCHR.vcf.gz, output/geno/fnf_geno/fnf.rename_wCHR.vcf.gz
    output: output/QC/CQTL_AM7677_CTL_Ankle_1_verifyBamID.selfSM, output/QC/CQTL_AM7677_CTL_Ankle_1_verifyBamID.selfRG, output/QC/CQTL_AM7677_CTL_Ankle_1_verifyBamID.bestRG, output/QC/CQTL_AM7677_CTL_Ankle_1_verifyBamID.bestSM, output/QC/CQTL_AM7677_CTL_Ankle_1_verifyBamID.depthRG, output/QC/CQTL_AM7677_CTL_Ankle_1_verifyBamID.depthSM
    log: output/logs/verifyBamID_CQTL_AM7677_CTL_Ankle_1.err
    jobid: 2
    wildcards: sampleName=CQTL_AM7677_CTL_Ankle_1



        if [[ "CQTL_AM7677_CTL_Ankle_1" == *"CTL"* ]]; then
            vcf_file=output/geno/pbs_geno/pbs.rename_wCHR.vcf.gz
        elif [[ "CQTL_AM7677_CTL_Ankle_1" == *"FNF"* ]]; then
            vcf_file=output/geno/fnf_geno/fnf.rename_wCHR.vcf.gz
        else
            echo "Error: Sample type not recognized in CQTL_AM7677_CTL_Ankle_1"
            exit 1
        fi

        echo "$vcf_file"

        /users/s/e/seyoun/tools/verifyBamID_1.1.3/verifyBamID/bin/verifyBamID --vcf $vcf_file --bam /work/users/s/e/seyoun/CQTL_AI/output/align/CQTL_AM7677_CTL_Ankle_1_RG.bam --bai /work/users/s/e/seyoun/CQTL_AI/output/align/CQTL_AM7677_CTL_Ankle_1_RG.bam.bai --best --out output/QC/CQTL_AM7677_CTL_Ankle_1_verifyBamID 2> output/logs/verifyBamID_CQTL_AM7677_CTL_Ankle_1.err
        
Submitted job 2 with external jobid '54998372'.

[Thu Nov 28 00:08:33 2024]
rule verifybamid:
    input: /work/users/s/e/seyoun/CQTL_AI/output/align/CQTL_AM7780_FNF_Ankle_1_RG.bam, /work/users/s/e/seyoun/CQTL_AI/output/align/CQTL_AM7780_FNF_Ankle_1_RG.bam.bai, output/geno/pbs_geno/pbs.rename_wCHR.vcf.gz, output/geno/fnf_geno/fnf.rename_wCHR.vcf.gz
    output: output/QC/CQTL_AM7780_FNF_Ankle_1_verifyBamID.selfSM, output/QC/CQTL_AM7780_FNF_Ankle_1_verifyBamID.selfRG, output/QC/CQTL_AM7780_FNF_Ankle_1_verifyBamID.bestRG, output/QC/CQTL_AM7780_FNF_Ankle_1_verifyBamID.bestSM, output/QC/CQTL_AM7780_FNF_Ankle_1_verifyBamID.depthRG, output/QC/CQTL_AM7780_FNF_Ankle_1_verifyBamID.depthSM
    log: output/logs/verifyBamID_CQTL_AM7780_FNF_Ankle_1.err
    jobid: 37
    wildcards: sampleName=CQTL_AM7780_FNF_Ankle_1



        if [[ "CQTL_AM7780_FNF_Ankle_1" == *"CTL"* ]]; then
            vcf_file=output/geno/pbs_geno/pbs.rename_wCHR.vcf.gz
        elif [[ "CQTL_AM7780_FNF_Ankle_1" == *"FNF"* ]]; then
            vcf_file=output/geno/fnf_geno/fnf.rename_wCHR.vcf.gz
        else
            echo "Error: Sample type not recognized in CQTL_AM7780_FNF_Ankle_1"
            exit 1
        fi

        echo "$vcf_file"

        /users/s/e/seyoun/tools/verifyBamID_1.1.3/verifyBamID/bin/verifyBamID --vcf $vcf_file --bam /work/users/s/e/seyoun/CQTL_AI/output/align/CQTL_AM7780_FNF_Ankle_1_RG.bam --bai /work/users/s/e/seyoun/CQTL_AI/output/align/CQTL_AM7780_FNF_Ankle_1_RG.bam.bai --best --out output/QC/CQTL_AM7780_FNF_Ankle_1_verifyBamID 2> output/logs/verifyBamID_CQTL_AM7780_FNF_Ankle_1.err
        
Submitted job 37 with external jobid '54998373'.

[Thu Nov 28 00:08:38 2024]
rule verifybamid:
    input: /work/users/s/e/seyoun/CQTL_AI/output/align/CQTL_AM7679_CTL_Ankle_1_RG.bam, /work/users/s/e/seyoun/CQTL_AI/output/align/CQTL_AM7679_CTL_Ankle_1_RG.bam.bai, output/geno/pbs_geno/pbs.rename_wCHR.vcf.gz, output/geno/fnf_geno/fnf.rename_wCHR.vcf.gz
    output: output/QC/CQTL_AM7679_CTL_Ankle_1_verifyBamID.selfSM, output/QC/CQTL_AM7679_CTL_Ankle_1_verifyBamID.selfRG, output/QC/CQTL_AM7679_CTL_Ankle_1_verifyBamID.bestRG, output/QC/CQTL_AM7679_CTL_Ankle_1_verifyBamID.bestSM, output/QC/CQTL_AM7679_CTL_Ankle_1_verifyBamID.depthRG, output/QC/CQTL_AM7679_CTL_Ankle_1_verifyBamID.depthSM
    log: output/logs/verifyBamID_CQTL_AM7679_CTL_Ankle_1.err
    jobid: 6
    wildcards: sampleName=CQTL_AM7679_CTL_Ankle_1



        if [[ "CQTL_AM7679_CTL_Ankle_1" == *"CTL"* ]]; then
            vcf_file=output/geno/pbs_geno/pbs.rename_wCHR.vcf.gz
        elif [[ "CQTL_AM7679_CTL_Ankle_1" == *"FNF"* ]]; then
            vcf_file=output/geno/fnf_geno/fnf.rename_wCHR.vcf.gz
        else
            echo "Error: Sample type not recognized in CQTL_AM7679_CTL_Ankle_1"
            exit 1
        fi

        echo "$vcf_file"

        /users/s/e/seyoun/tools/verifyBamID_1.1.3/verifyBamID/bin/verifyBamID --vcf $vcf_file --bam /work/users/s/e/seyoun/CQTL_AI/output/align/CQTL_AM7679_CTL_Ankle_1_RG.bam --bai /work/users/s/e/seyoun/CQTL_AI/output/align/CQTL_AM7679_CTL_Ankle_1_RG.bam.bai --best --out output/QC/CQTL_AM7679_CTL_Ankle_1_verifyBamID 2> output/logs/verifyBamID_CQTL_AM7679_CTL_Ankle_1.err
        
Submitted job 6 with external jobid '54998374'.

[Thu Nov 28 00:08:45 2024]
rule verifybamid:
    input: /work/users/s/e/seyoun/CQTL_AI/output/align/CQTL_AM7769_CTL_Ankle_1_RG.bam, /work/users/s/e/seyoun/CQTL_AI/output/align/CQTL_AM7769_CTL_Ankle_1_RG.bam.bai, output/geno/pbs_geno/pbs.rename_wCHR.vcf.gz, output/geno/fnf_geno/fnf.rename_wCHR.vcf.gz
    output: output/QC/CQTL_AM7769_CTL_Ankle_1_verifyBamID.selfSM, output/QC/CQTL_AM7769_CTL_Ankle_1_verifyBamID.selfRG, output/QC/CQTL_AM7769_CTL_Ankle_1_verifyBamID.bestRG, output/QC/CQTL_AM7769_CTL_Ankle_1_verifyBamID.bestSM, output/QC/CQTL_AM7769_CTL_Ankle_1_verifyBamID.depthRG, output/QC/CQTL_AM7769_CTL_Ankle_1_verifyBamID.depthSM
    log: output/logs/verifyBamID_CQTL_AM7769_CTL_Ankle_1.err
    jobid: 28
    wildcards: sampleName=CQTL_AM7769_CTL_Ankle_1



        if [[ "CQTL_AM7769_CTL_Ankle_1" == *"CTL"* ]]; then
            vcf_file=output/geno/pbs_geno/pbs.rename_wCHR.vcf.gz
        elif [[ "CQTL_AM7769_CTL_Ankle_1" == *"FNF"* ]]; then
            vcf_file=output/geno/fnf_geno/fnf.rename_wCHR.vcf.gz
        else
            echo "Error: Sample type not recognized in CQTL_AM7769_CTL_Ankle_1"
            exit 1
        fi

        echo "$vcf_file"

        /users/s/e/seyoun/tools/verifyBamID_1.1.3/verifyBamID/bin/verifyBamID --vcf $vcf_file --bam /work/users/s/e/seyoun/CQTL_AI/output/align/CQTL_AM7769_CTL_Ankle_1_RG.bam --bai /work/users/s/e/seyoun/CQTL_AI/output/align/CQTL_AM7769_CTL_Ankle_1_RG.bam.bai --best --out output/QC/CQTL_AM7769_CTL_Ankle_1_verifyBamID 2> output/logs/verifyBamID_CQTL_AM7769_CTL_Ankle_1.err
        
Submitted job 28 with external jobid '54998375'.

[Thu Nov 28 00:08:50 2024]
rule verifybamid:
    input: /work/users/s/e/seyoun/CQTL_AI/output/align/CQTL_AM7735_FNF_Ankle_1_RG.bam, /work/users/s/e/seyoun/CQTL_AI/output/align/CQTL_AM7735_FNF_Ankle_1_RG.bam.bai, output/geno/pbs_geno/pbs.rename_wCHR.vcf.gz, output/geno/fnf_geno/fnf.rename_wCHR.vcf.gz
    output: output/QC/CQTL_AM7735_FNF_Ankle_1_verifyBamID.selfSM, output/QC/CQTL_AM7735_FNF_Ankle_1_verifyBamID.selfRG, output/QC/CQTL_AM7735_FNF_Ankle_1_verifyBamID.bestRG, output/QC/CQTL_AM7735_FNF_Ankle_1_verifyBamID.bestSM, output/QC/CQTL_AM7735_FNF_Ankle_1_verifyBamID.depthRG, output/QC/CQTL_AM7735_FNF_Ankle_1_verifyBamID.depthSM
    log: output/logs/verifyBamID_CQTL_AM7735_FNF_Ankle_1.err
    jobid: 19
    wildcards: sampleName=CQTL_AM7735_FNF_Ankle_1



        if [[ "CQTL_AM7735_FNF_Ankle_1" == *"CTL"* ]]; then
            vcf_file=output/geno/pbs_geno/pbs.rename_wCHR.vcf.gz
        elif [[ "CQTL_AM7735_FNF_Ankle_1" == *"FNF"* ]]; then
            vcf_file=output/geno/fnf_geno/fnf.rename_wCHR.vcf.gz
        else
            echo "Error: Sample type not recognized in CQTL_AM7735_FNF_Ankle_1"
            exit 1
        fi

        echo "$vcf_file"

        /users/s/e/seyoun/tools/verifyBamID_1.1.3/verifyBamID/bin/verifyBamID --vcf $vcf_file --bam /work/users/s/e/seyoun/CQTL_AI/output/align/CQTL_AM7735_FNF_Ankle_1_RG.bam --bai /work/users/s/e/seyoun/CQTL_AI/output/align/CQTL_AM7735_FNF_Ankle_1_RG.bam.bai --best --out output/QC/CQTL_AM7735_FNF_Ankle_1_verifyBamID 2> output/logs/verifyBamID_CQTL_AM7735_FNF_Ankle_1.err
        
Submitted job 19 with external jobid '54998376'.

[Thu Nov 28 00:08:55 2024]
rule verifybamid:
    input: /work/users/s/e/seyoun/CQTL_AI/output/align/CQTL_AM7717_CTL_Ankle_1_RG.bam, /work/users/s/e/seyoun/CQTL_AI/output/align/CQTL_AM7717_CTL_Ankle_1_RG.bam.bai, output/geno/pbs_geno/pbs.rename_wCHR.vcf.gz, output/geno/fnf_geno/fnf.rename_wCHR.vcf.gz
    output: output/QC/CQTL_AM7717_CTL_Ankle_1_verifyBamID.selfSM, output/QC/CQTL_AM7717_CTL_Ankle_1_verifyBamID.selfRG, output/QC/CQTL_AM7717_CTL_Ankle_1_verifyBamID.bestRG, output/QC/CQTL_AM7717_CTL_Ankle_1_verifyBamID.bestSM, output/QC/CQTL_AM7717_CTL_Ankle_1_verifyBamID.depthRG, output/QC/CQTL_AM7717_CTL_Ankle_1_verifyBamID.depthSM
    log: output/logs/verifyBamID_CQTL_AM7717_CTL_Ankle_1.err
    jobid: 12
    wildcards: sampleName=CQTL_AM7717_CTL_Ankle_1



        if [[ "CQTL_AM7717_CTL_Ankle_1" == *"CTL"* ]]; then
            vcf_file=output/geno/pbs_geno/pbs.rename_wCHR.vcf.gz
        elif [[ "CQTL_AM7717_CTL_Ankle_1" == *"FNF"* ]]; then
            vcf_file=output/geno/fnf_geno/fnf.rename_wCHR.vcf.gz
        else
            echo "Error: Sample type not recognized in CQTL_AM7717_CTL_Ankle_1"
            exit 1
        fi

        echo "$vcf_file"

        /users/s/e/seyoun/tools/verifyBamID_1.1.3/verifyBamID/bin/verifyBamID --vcf $vcf_file --bam /work/users/s/e/seyoun/CQTL_AI/output/align/CQTL_AM7717_CTL_Ankle_1_RG.bam --bai /work/users/s/e/seyoun/CQTL_AI/output/align/CQTL_AM7717_CTL_Ankle_1_RG.bam.bai --best --out output/QC/CQTL_AM7717_CTL_Ankle_1_verifyBamID 2> output/logs/verifyBamID_CQTL_AM7717_CTL_Ankle_1.err
        
Submitted job 12 with external jobid '54998377'.

[Thu Nov 28 00:09:00 2024]
rule verifybamid:
    input: /work/users/s/e/seyoun/CQTL_AI/output/align/CQTL_AM7786_FNF_Ankle_1_RG.bam, /work/users/s/e/seyoun/CQTL_AI/output/align/CQTL_AM7786_FNF_Ankle_1_RG.bam.bai, output/geno/pbs_geno/pbs.rename_wCHR.vcf.gz, output/geno/fnf_geno/fnf.rename_wCHR.vcf.gz
    output: output/QC/CQTL_AM7786_FNF_Ankle_1_verifyBamID.selfSM, output/QC/CQTL_AM7786_FNF_Ankle_1_verifyBamID.selfRG, output/QC/CQTL_AM7786_FNF_Ankle_1_verifyBamID.bestRG, output/QC/CQTL_AM7786_FNF_Ankle_1_verifyBamID.bestSM, output/QC/CQTL_AM7786_FNF_Ankle_1_verifyBamID.depthRG, output/QC/CQTL_AM7786_FNF_Ankle_1_verifyBamID.depthSM
    log: output/logs/verifyBamID_CQTL_AM7786_FNF_Ankle_1.err
    jobid: 43
    wildcards: sampleName=CQTL_AM7786_FNF_Ankle_1



        if [[ "CQTL_AM7786_FNF_Ankle_1" == *"CTL"* ]]; then
            vcf_file=output/geno/pbs_geno/pbs.rename_wCHR.vcf.gz
        elif [[ "CQTL_AM7786_FNF_Ankle_1" == *"FNF"* ]]; then
            vcf_file=output/geno/fnf_geno/fnf.rename_wCHR.vcf.gz
        else
            echo "Error: Sample type not recognized in CQTL_AM7786_FNF_Ankle_1"
            exit 1
        fi

        echo "$vcf_file"

        /users/s/e/seyoun/tools/verifyBamID_1.1.3/verifyBamID/bin/verifyBamID --vcf $vcf_file --bam /work/users/s/e/seyoun/CQTL_AI/output/align/CQTL_AM7786_FNF_Ankle_1_RG.bam --bai /work/users/s/e/seyoun/CQTL_AI/output/align/CQTL_AM7786_FNF_Ankle_1_RG.bam.bai --best --out output/QC/CQTL_AM7786_FNF_Ankle_1_verifyBamID 2> output/logs/verifyBamID_CQTL_AM7786_FNF_Ankle_1.err
        
Submitted job 43 with external jobid '54998378'.

[Thu Nov 28 00:09:07 2024]
rule verifybamid:
    input: /work/users/s/e/seyoun/CQTL_AI/output/align/CQTL_AM7727_FNF_Ankle_1_RG.bam, /work/users/s/e/seyoun/CQTL_AI/output/align/CQTL_AM7727_FNF_Ankle_1_RG.bam.bai, output/geno/pbs_geno/pbs.rename_wCHR.vcf.gz, output/geno/fnf_geno/fnf.rename_wCHR.vcf.gz
    output: output/QC/CQTL_AM7727_FNF_Ankle_1_verifyBamID.selfSM, output/QC/CQTL_AM7727_FNF_Ankle_1_verifyBamID.selfRG, output/QC/CQTL_AM7727_FNF_Ankle_1_verifyBamID.bestRG, output/QC/CQTL_AM7727_FNF_Ankle_1_verifyBamID.bestSM, output/QC/CQTL_AM7727_FNF_Ankle_1_verifyBamID.depthRG, output/QC/CQTL_AM7727_FNF_Ankle_1_verifyBamID.depthSM
    log: output/logs/verifyBamID_CQTL_AM7727_FNF_Ankle_1.err
    jobid: 17
    wildcards: sampleName=CQTL_AM7727_FNF_Ankle_1



        if [[ "CQTL_AM7727_FNF_Ankle_1" == *"CTL"* ]]; then
            vcf_file=output/geno/pbs_geno/pbs.rename_wCHR.vcf.gz
        elif [[ "CQTL_AM7727_FNF_Ankle_1" == *"FNF"* ]]; then
            vcf_file=output/geno/fnf_geno/fnf.rename_wCHR.vcf.gz
        else
            echo "Error: Sample type not recognized in CQTL_AM7727_FNF_Ankle_1"
            exit 1
        fi

        echo "$vcf_file"

        /users/s/e/seyoun/tools/verifyBamID_1.1.3/verifyBamID/bin/verifyBamID --vcf $vcf_file --bam /work/users/s/e/seyoun/CQTL_AI/output/align/CQTL_AM7727_FNF_Ankle_1_RG.bam --bai /work/users/s/e/seyoun/CQTL_AI/output/align/CQTL_AM7727_FNF_Ankle_1_RG.bam.bai --best --out output/QC/CQTL_AM7727_FNF_Ankle_1_verifyBamID 2> output/logs/verifyBamID_CQTL_AM7727_FNF_Ankle_1.err
        
Submitted job 17 with external jobid '54998379'.

[Thu Nov 28 00:09:12 2024]
rule verifybamid:
    input: /work/users/s/e/seyoun/CQTL_AI/output/align/CQTL_AM7726_CTL_Ankle_1_RG.bam, /work/users/s/e/seyoun/CQTL_AI/output/align/CQTL_AM7726_CTL_Ankle_1_RG.bam.bai, output/geno/pbs_geno/pbs.rename_wCHR.vcf.gz, output/geno/fnf_geno/fnf.rename_wCHR.vcf.gz
    output: output/QC/CQTL_AM7726_CTL_Ankle_1_verifyBamID.selfSM, output/QC/CQTL_AM7726_CTL_Ankle_1_verifyBamID.selfRG, output/QC/CQTL_AM7726_CTL_Ankle_1_verifyBamID.bestRG, output/QC/CQTL_AM7726_CTL_Ankle_1_verifyBamID.bestSM, output/QC/CQTL_AM7726_CTL_Ankle_1_verifyBamID.depthRG, output/QC/CQTL_AM7726_CTL_Ankle_1_verifyBamID.depthSM
    log: output/logs/verifyBamID_CQTL_AM7726_CTL_Ankle_1.err
    jobid: 14
    wildcards: sampleName=CQTL_AM7726_CTL_Ankle_1



        if [[ "CQTL_AM7726_CTL_Ankle_1" == *"CTL"* ]]; then
            vcf_file=output/geno/pbs_geno/pbs.rename_wCHR.vcf.gz
        elif [[ "CQTL_AM7726_CTL_Ankle_1" == *"FNF"* ]]; then
            vcf_file=output/geno/fnf_geno/fnf.rename_wCHR.vcf.gz
        else
            echo "Error: Sample type not recognized in CQTL_AM7726_CTL_Ankle_1"
            exit 1
        fi

        echo "$vcf_file"

        /users/s/e/seyoun/tools/verifyBamID_1.1.3/verifyBamID/bin/verifyBamID --vcf $vcf_file --bam /work/users/s/e/seyoun/CQTL_AI/output/align/CQTL_AM7726_CTL_Ankle_1_RG.bam --bai /work/users/s/e/seyoun/CQTL_AI/output/align/CQTL_AM7726_CTL_Ankle_1_RG.bam.bai --best --out output/QC/CQTL_AM7726_CTL_Ankle_1_verifyBamID 2> output/logs/verifyBamID_CQTL_AM7726_CTL_Ankle_1.err
        
Submitted job 14 with external jobid '54998380'.

[Thu Nov 28 00:09:17 2024]
rule verifybamid:
    input: /work/users/s/e/seyoun/CQTL_AI/output/align/CQTL_AM7771_CTL_Ankle_1_RG.bam, /work/users/s/e/seyoun/CQTL_AI/output/align/CQTL_AM7771_CTL_Ankle_1_RG.bam.bai, output/geno/pbs_geno/pbs.rename_wCHR.vcf.gz, output/geno/fnf_geno/fnf.rename_wCHR.vcf.gz
    output: output/QC/CQTL_AM7771_CTL_Ankle_1_verifyBamID.selfSM, output/QC/CQTL_AM7771_CTL_Ankle_1_verifyBamID.selfRG, output/QC/CQTL_AM7771_CTL_Ankle_1_verifyBamID.bestRG, output/QC/CQTL_AM7771_CTL_Ankle_1_verifyBamID.bestSM, output/QC/CQTL_AM7771_CTL_Ankle_1_verifyBamID.depthRG, output/QC/CQTL_AM7771_CTL_Ankle_1_verifyBamID.depthSM
    log: output/logs/verifyBamID_CQTL_AM7771_CTL_Ankle_1.err
    jobid: 30
    wildcards: sampleName=CQTL_AM7771_CTL_Ankle_1



        if [[ "CQTL_AM7771_CTL_Ankle_1" == *"CTL"* ]]; then
            vcf_file=output/geno/pbs_geno/pbs.rename_wCHR.vcf.gz
        elif [[ "CQTL_AM7771_CTL_Ankle_1" == *"FNF"* ]]; then
            vcf_file=output/geno/fnf_geno/fnf.rename_wCHR.vcf.gz
        else
            echo "Error: Sample type not recognized in CQTL_AM7771_CTL_Ankle_1"
            exit 1
        fi

        echo "$vcf_file"

        /users/s/e/seyoun/tools/verifyBamID_1.1.3/verifyBamID/bin/verifyBamID --vcf $vcf_file --bam /work/users/s/e/seyoun/CQTL_AI/output/align/CQTL_AM7771_CTL_Ankle_1_RG.bam --bai /work/users/s/e/seyoun/CQTL_AI/output/align/CQTL_AM7771_CTL_Ankle_1_RG.bam.bai --best --out output/QC/CQTL_AM7771_CTL_Ankle_1_verifyBamID 2> output/logs/verifyBamID_CQTL_AM7771_CTL_Ankle_1.err
        
Submitted job 30 with external jobid '54998381'.

[Thu Nov 28 00:09:22 2024]
rule verifybamid:
    input: /work/users/s/e/seyoun/CQTL_AI/output/align/CQTL_AM7712_FNF_Ankle_1_RG.bam, /work/users/s/e/seyoun/CQTL_AI/output/align/CQTL_AM7712_FNF_Ankle_1_RG.bam.bai, output/geno/pbs_geno/pbs.rename_wCHR.vcf.gz, output/geno/fnf_geno/fnf.rename_wCHR.vcf.gz
    output: output/QC/CQTL_AM7712_FNF_Ankle_1_verifyBamID.selfSM, output/QC/CQTL_AM7712_FNF_Ankle_1_verifyBamID.selfRG, output/QC/CQTL_AM7712_FNF_Ankle_1_verifyBamID.bestRG, output/QC/CQTL_AM7712_FNF_Ankle_1_verifyBamID.bestSM, output/QC/CQTL_AM7712_FNF_Ankle_1_verifyBamID.depthRG, output/QC/CQTL_AM7712_FNF_Ankle_1_verifyBamID.depthSM
    log: output/logs/verifyBamID_CQTL_AM7712_FNF_Ankle_1.err
    jobid: 11
    wildcards: sampleName=CQTL_AM7712_FNF_Ankle_1



        if [[ "CQTL_AM7712_FNF_Ankle_1" == *"CTL"* ]]; then
            vcf_file=output/geno/pbs_geno/pbs.rename_wCHR.vcf.gz
        elif [[ "CQTL_AM7712_FNF_Ankle_1" == *"FNF"* ]]; then
            vcf_file=output/geno/fnf_geno/fnf.rename_wCHR.vcf.gz
        else
            echo "Error: Sample type not recognized in CQTL_AM7712_FNF_Ankle_1"
            exit 1
        fi

        echo "$vcf_file"

        /users/s/e/seyoun/tools/verifyBamID_1.1.3/verifyBamID/bin/verifyBamID --vcf $vcf_file --bam /work/users/s/e/seyoun/CQTL_AI/output/align/CQTL_AM7712_FNF_Ankle_1_RG.bam --bai /work/users/s/e/seyoun/CQTL_AI/output/align/CQTL_AM7712_FNF_Ankle_1_RG.bam.bai --best --out output/QC/CQTL_AM7712_FNF_Ankle_1_verifyBamID 2> output/logs/verifyBamID_CQTL_AM7712_FNF_Ankle_1.err
        
Submitted job 11 with external jobid '54998382'.

[Thu Nov 28 00:09:28 2024]
rule verifybamid:
    input: /work/users/s/e/seyoun/CQTL_AI/output/align/CQTL_AM7780_CTL_Ankle_1_RG.bam, /work/users/s/e/seyoun/CQTL_AI/output/align/CQTL_AM7780_CTL_Ankle_1_RG.bam.bai, output/geno/pbs_geno/pbs.rename_wCHR.vcf.gz, output/geno/fnf_geno/fnf.rename_wCHR.vcf.gz
    output: output/QC/CQTL_AM7780_CTL_Ankle_1_verifyBamID.selfSM, output/QC/CQTL_AM7780_CTL_Ankle_1_verifyBamID.selfRG, output/QC/CQTL_AM7780_CTL_Ankle_1_verifyBamID.bestRG, output/QC/CQTL_AM7780_CTL_Ankle_1_verifyBamID.bestSM, output/QC/CQTL_AM7780_CTL_Ankle_1_verifyBamID.depthRG, output/QC/CQTL_AM7780_CTL_Ankle_1_verifyBamID.depthSM
    log: output/logs/verifyBamID_CQTL_AM7780_CTL_Ankle_1.err
    jobid: 36
    wildcards: sampleName=CQTL_AM7780_CTL_Ankle_1



        if [[ "CQTL_AM7780_CTL_Ankle_1" == *"CTL"* ]]; then
            vcf_file=output/geno/pbs_geno/pbs.rename_wCHR.vcf.gz
        elif [[ "CQTL_AM7780_CTL_Ankle_1" == *"FNF"* ]]; then
            vcf_file=output/geno/fnf_geno/fnf.rename_wCHR.vcf.gz
        else
            echo "Error: Sample type not recognized in CQTL_AM7780_CTL_Ankle_1"
            exit 1
        fi

        echo "$vcf_file"

        /users/s/e/seyoun/tools/verifyBamID_1.1.3/verifyBamID/bin/verifyBamID --vcf $vcf_file --bam /work/users/s/e/seyoun/CQTL_AI/output/align/CQTL_AM7780_CTL_Ankle_1_RG.bam --bai /work/users/s/e/seyoun/CQTL_AI/output/align/CQTL_AM7780_CTL_Ankle_1_RG.bam.bai --best --out output/QC/CQTL_AM7780_CTL_Ankle_1_verifyBamID 2> output/logs/verifyBamID_CQTL_AM7780_CTL_Ankle_1.err
        
Submitted job 36 with external jobid '54998383'.

[Thu Nov 28 00:09:33 2024]
rule verifybamid:
    input: /work/users/s/e/seyoun/CQTL_AI/output/align/CQTL_AM7735_CTL_Ankle_1_RG.bam, /work/users/s/e/seyoun/CQTL_AI/output/align/CQTL_AM7735_CTL_Ankle_1_RG.bam.bai, output/geno/pbs_geno/pbs.rename_wCHR.vcf.gz, output/geno/fnf_geno/fnf.rename_wCHR.vcf.gz
    output: output/QC/CQTL_AM7735_CTL_Ankle_1_verifyBamID.selfSM, output/QC/CQTL_AM7735_CTL_Ankle_1_verifyBamID.selfRG, output/QC/CQTL_AM7735_CTL_Ankle_1_verifyBamID.bestRG, output/QC/CQTL_AM7735_CTL_Ankle_1_verifyBamID.bestSM, output/QC/CQTL_AM7735_CTL_Ankle_1_verifyBamID.depthRG, output/QC/CQTL_AM7735_CTL_Ankle_1_verifyBamID.depthSM
    log: output/logs/verifyBamID_CQTL_AM7735_CTL_Ankle_1.err
    jobid: 18
    wildcards: sampleName=CQTL_AM7735_CTL_Ankle_1



        if [[ "CQTL_AM7735_CTL_Ankle_1" == *"CTL"* ]]; then
            vcf_file=output/geno/pbs_geno/pbs.rename_wCHR.vcf.gz
        elif [[ "CQTL_AM7735_CTL_Ankle_1" == *"FNF"* ]]; then
            vcf_file=output/geno/fnf_geno/fnf.rename_wCHR.vcf.gz
        else
            echo "Error: Sample type not recognized in CQTL_AM7735_CTL_Ankle_1"
            exit 1
        fi

        echo "$vcf_file"

        /users/s/e/seyoun/tools/verifyBamID_1.1.3/verifyBamID/bin/verifyBamID --vcf $vcf_file --bam /work/users/s/e/seyoun/CQTL_AI/output/align/CQTL_AM7735_CTL_Ankle_1_RG.bam --bai /work/users/s/e/seyoun/CQTL_AI/output/align/CQTL_AM7735_CTL_Ankle_1_RG.bam.bai --best --out output/QC/CQTL_AM7735_CTL_Ankle_1_verifyBamID 2> output/logs/verifyBamID_CQTL_AM7735_CTL_Ankle_1.err
        
Submitted job 18 with external jobid '54998384'.

[Thu Nov 28 00:09:38 2024]
rule verifybamid:
    input: /work/users/s/e/seyoun/CQTL_AI/output/align/CQTL_AM7763_CTL_Ankle_1_RG.bam, /work/users/s/e/seyoun/CQTL_AI/output/align/CQTL_AM7763_CTL_Ankle_1_RG.bam.bai, output/geno/pbs_geno/pbs.rename_wCHR.vcf.gz, output/geno/fnf_geno/fnf.rename_wCHR.vcf.gz
    output: output/QC/CQTL_AM7763_CTL_Ankle_1_verifyBamID.selfSM, output/QC/CQTL_AM7763_CTL_Ankle_1_verifyBamID.selfRG, output/QC/CQTL_AM7763_CTL_Ankle_1_verifyBamID.bestRG, output/QC/CQTL_AM7763_CTL_Ankle_1_verifyBamID.bestSM, output/QC/CQTL_AM7763_CTL_Ankle_1_verifyBamID.depthRG, output/QC/CQTL_AM7763_CTL_Ankle_1_verifyBamID.depthSM
    log: output/logs/verifyBamID_CQTL_AM7763_CTL_Ankle_1.err
    jobid: 24
    wildcards: sampleName=CQTL_AM7763_CTL_Ankle_1



        if [[ "CQTL_AM7763_CTL_Ankle_1" == *"CTL"* ]]; then
            vcf_file=output/geno/pbs_geno/pbs.rename_wCHR.vcf.gz
        elif [[ "CQTL_AM7763_CTL_Ankle_1" == *"FNF"* ]]; then
            vcf_file=output/geno/fnf_geno/fnf.rename_wCHR.vcf.gz
        else
            echo "Error: Sample type not recognized in CQTL_AM7763_CTL_Ankle_1"
            exit 1
        fi

        echo "$vcf_file"

        /users/s/e/seyoun/tools/verifyBamID_1.1.3/verifyBamID/bin/verifyBamID --vcf $vcf_file --bam /work/users/s/e/seyoun/CQTL_AI/output/align/CQTL_AM7763_CTL_Ankle_1_RG.bam --bai /work/users/s/e/seyoun/CQTL_AI/output/align/CQTL_AM7763_CTL_Ankle_1_RG.bam.bai --best --out output/QC/CQTL_AM7763_CTL_Ankle_1_verifyBamID 2> output/logs/verifyBamID_CQTL_AM7763_CTL_Ankle_1.err
        
Submitted job 24 with external jobid '54998385'.

[Thu Nov 28 00:09:43 2024]
rule verifybamid:
    input: /work/users/s/e/seyoun/CQTL_AI/output/align/CQTL_AM7771_FNF_Ankle_1_RG.bam, /work/users/s/e/seyoun/CQTL_AI/output/align/CQTL_AM7771_FNF_Ankle_1_RG.bam.bai, output/geno/pbs_geno/pbs.rename_wCHR.vcf.gz, output/geno/fnf_geno/fnf.rename_wCHR.vcf.gz
    output: output/QC/CQTL_AM7771_FNF_Ankle_1_verifyBamID.selfSM, output/QC/CQTL_AM7771_FNF_Ankle_1_verifyBamID.selfRG, output/QC/CQTL_AM7771_FNF_Ankle_1_verifyBamID.bestRG, output/QC/CQTL_AM7771_FNF_Ankle_1_verifyBamID.bestSM, output/QC/CQTL_AM7771_FNF_Ankle_1_verifyBamID.depthRG, output/QC/CQTL_AM7771_FNF_Ankle_1_verifyBamID.depthSM
    log: output/logs/verifyBamID_CQTL_AM7771_FNF_Ankle_1.err
    jobid: 31
    wildcards: sampleName=CQTL_AM7771_FNF_Ankle_1



        if [[ "CQTL_AM7771_FNF_Ankle_1" == *"CTL"* ]]; then
            vcf_file=output/geno/pbs_geno/pbs.rename_wCHR.vcf.gz
        elif [[ "CQTL_AM7771_FNF_Ankle_1" == *"FNF"* ]]; then
            vcf_file=output/geno/fnf_geno/fnf.rename_wCHR.vcf.gz
        else
            echo "Error: Sample type not recognized in CQTL_AM7771_FNF_Ankle_1"
            exit 1
        fi

        echo "$vcf_file"

        /users/s/e/seyoun/tools/verifyBamID_1.1.3/verifyBamID/bin/verifyBamID --vcf $vcf_file --bam /work/users/s/e/seyoun/CQTL_AI/output/align/CQTL_AM7771_FNF_Ankle_1_RG.bam --bai /work/users/s/e/seyoun/CQTL_AI/output/align/CQTL_AM7771_FNF_Ankle_1_RG.bam.bai --best --out output/QC/CQTL_AM7771_FNF_Ankle_1_verifyBamID 2> output/logs/verifyBamID_CQTL_AM7771_FNF_Ankle_1.err
        
Submitted job 31 with external jobid '54998386'.

[Thu Nov 28 00:09:50 2024]
rule verifybamid:
    input: /work/users/s/e/seyoun/CQTL_AI/output/align/CQTL_AM7727_CTL_Ankle_1_RG.bam, /work/users/s/e/seyoun/CQTL_AI/output/align/CQTL_AM7727_CTL_Ankle_1_RG.bam.bai, output/geno/pbs_geno/pbs.rename_wCHR.vcf.gz, output/geno/fnf_geno/fnf.rename_wCHR.vcf.gz
    output: output/QC/CQTL_AM7727_CTL_Ankle_1_verifyBamID.selfSM, output/QC/CQTL_AM7727_CTL_Ankle_1_verifyBamID.selfRG, output/QC/CQTL_AM7727_CTL_Ankle_1_verifyBamID.bestRG, output/QC/CQTL_AM7727_CTL_Ankle_1_verifyBamID.bestSM, output/QC/CQTL_AM7727_CTL_Ankle_1_verifyBamID.depthRG, output/QC/CQTL_AM7727_CTL_Ankle_1_verifyBamID.depthSM
    log: output/logs/verifyBamID_CQTL_AM7727_CTL_Ankle_1.err
    jobid: 16
    wildcards: sampleName=CQTL_AM7727_CTL_Ankle_1



        if [[ "CQTL_AM7727_CTL_Ankle_1" == *"CTL"* ]]; then
            vcf_file=output/geno/pbs_geno/pbs.rename_wCHR.vcf.gz
        elif [[ "CQTL_AM7727_CTL_Ankle_1" == *"FNF"* ]]; then
            vcf_file=output/geno/fnf_geno/fnf.rename_wCHR.vcf.gz
        else
            echo "Error: Sample type not recognized in CQTL_AM7727_CTL_Ankle_1"
            exit 1
        fi

        echo "$vcf_file"

        /users/s/e/seyoun/tools/verifyBamID_1.1.3/verifyBamID/bin/verifyBamID --vcf $vcf_file --bam /work/users/s/e/seyoun/CQTL_AI/output/align/CQTL_AM7727_CTL_Ankle_1_RG.bam --bai /work/users/s/e/seyoun/CQTL_AI/output/align/CQTL_AM7727_CTL_Ankle_1_RG.bam.bai --best --out output/QC/CQTL_AM7727_CTL_Ankle_1_verifyBamID 2> output/logs/verifyBamID_CQTL_AM7727_CTL_Ankle_1.err
        
Submitted job 16 with external jobid '54998387'.

[Thu Nov 28 00:09:55 2024]
rule verifybamid:
    input: /work/users/s/e/seyoun/CQTL_AI/output/align/CQTL_AM7726_FNF_Ankle_1_RG.bam, /work/users/s/e/seyoun/CQTL_AI/output/align/CQTL_AM7726_FNF_Ankle_1_RG.bam.bai, output/geno/pbs_geno/pbs.rename_wCHR.vcf.gz, output/geno/fnf_geno/fnf.rename_wCHR.vcf.gz
    output: output/QC/CQTL_AM7726_FNF_Ankle_1_verifyBamID.selfSM, output/QC/CQTL_AM7726_FNF_Ankle_1_verifyBamID.selfRG, output/QC/CQTL_AM7726_FNF_Ankle_1_verifyBamID.bestRG, output/QC/CQTL_AM7726_FNF_Ankle_1_verifyBamID.bestSM, output/QC/CQTL_AM7726_FNF_Ankle_1_verifyBamID.depthRG, output/QC/CQTL_AM7726_FNF_Ankle_1_verifyBamID.depthSM
    log: output/logs/verifyBamID_CQTL_AM7726_FNF_Ankle_1.err
    jobid: 15
    wildcards: sampleName=CQTL_AM7726_FNF_Ankle_1



        if [[ "CQTL_AM7726_FNF_Ankle_1" == *"CTL"* ]]; then
            vcf_file=output/geno/pbs_geno/pbs.rename_wCHR.vcf.gz
        elif [[ "CQTL_AM7726_FNF_Ankle_1" == *"FNF"* ]]; then
            vcf_file=output/geno/fnf_geno/fnf.rename_wCHR.vcf.gz
        else
            echo "Error: Sample type not recognized in CQTL_AM7726_FNF_Ankle_1"
            exit 1
        fi

        echo "$vcf_file"

        /users/s/e/seyoun/tools/verifyBamID_1.1.3/verifyBamID/bin/verifyBamID --vcf $vcf_file --bam /work/users/s/e/seyoun/CQTL_AI/output/align/CQTL_AM7726_FNF_Ankle_1_RG.bam --bai /work/users/s/e/seyoun/CQTL_AI/output/align/CQTL_AM7726_FNF_Ankle_1_RG.bam.bai --best --out output/QC/CQTL_AM7726_FNF_Ankle_1_verifyBamID 2> output/logs/verifyBamID_CQTL_AM7726_FNF_Ankle_1.err
        
Submitted job 15 with external jobid '54998388'.

[Thu Nov 28 00:10:00 2024]
rule verifybamid:
    input: /work/users/s/e/seyoun/CQTL_AI/output/align/CQTL_AM7786_CTL_Ankle_1_RG.bam, /work/users/s/e/seyoun/CQTL_AI/output/align/CQTL_AM7786_CTL_Ankle_1_RG.bam.bai, output/geno/pbs_geno/pbs.rename_wCHR.vcf.gz, output/geno/fnf_geno/fnf.rename_wCHR.vcf.gz
    output: output/QC/CQTL_AM7786_CTL_Ankle_1_verifyBamID.selfSM, output/QC/CQTL_AM7786_CTL_Ankle_1_verifyBamID.selfRG, output/QC/CQTL_AM7786_CTL_Ankle_1_verifyBamID.bestRG, output/QC/CQTL_AM7786_CTL_Ankle_1_verifyBamID.bestSM, output/QC/CQTL_AM7786_CTL_Ankle_1_verifyBamID.depthRG, output/QC/CQTL_AM7786_CTL_Ankle_1_verifyBamID.depthSM
    log: output/logs/verifyBamID_CQTL_AM7786_CTL_Ankle_1.err
    jobid: 42
    wildcards: sampleName=CQTL_AM7786_CTL_Ankle_1



        if [[ "CQTL_AM7786_CTL_Ankle_1" == *"CTL"* ]]; then
            vcf_file=output/geno/pbs_geno/pbs.rename_wCHR.vcf.gz
        elif [[ "CQTL_AM7786_CTL_Ankle_1" == *"FNF"* ]]; then
            vcf_file=output/geno/fnf_geno/fnf.rename_wCHR.vcf.gz
        else
            echo "Error: Sample type not recognized in CQTL_AM7786_CTL_Ankle_1"
            exit 1
        fi

        echo "$vcf_file"

        /users/s/e/seyoun/tools/verifyBamID_1.1.3/verifyBamID/bin/verifyBamID --vcf $vcf_file --bam /work/users/s/e/seyoun/CQTL_AI/output/align/CQTL_AM7786_CTL_Ankle_1_RG.bam --bai /work/users/s/e/seyoun/CQTL_AI/output/align/CQTL_AM7786_CTL_Ankle_1_RG.bam.bai --best --out output/QC/CQTL_AM7786_CTL_Ankle_1_verifyBamID 2> output/logs/verifyBamID_CQTL_AM7786_CTL_Ankle_1.err
        
Submitted job 42 with external jobid '54998389'.

[Thu Nov 28 00:10:05 2024]
rule verifybamid:
    input: /work/users/s/e/seyoun/CQTL_AI/output/align/CQTL_AM7677_FNF_Ankle_1_RG.bam, /work/users/s/e/seyoun/CQTL_AI/output/align/CQTL_AM7677_FNF_Ankle_1_RG.bam.bai, output/geno/pbs_geno/pbs.rename_wCHR.vcf.gz, output/geno/fnf_geno/fnf.rename_wCHR.vcf.gz
    output: output/QC/CQTL_AM7677_FNF_Ankle_1_verifyBamID.selfSM, output/QC/CQTL_AM7677_FNF_Ankle_1_verifyBamID.selfRG, output/QC/CQTL_AM7677_FNF_Ankle_1_verifyBamID.bestRG, output/QC/CQTL_AM7677_FNF_Ankle_1_verifyBamID.bestSM, output/QC/CQTL_AM7677_FNF_Ankle_1_verifyBamID.depthRG, output/QC/CQTL_AM7677_FNF_Ankle_1_verifyBamID.depthSM
    log: output/logs/verifyBamID_CQTL_AM7677_FNF_Ankle_1.err
    jobid: 3
    wildcards: sampleName=CQTL_AM7677_FNF_Ankle_1



        if [[ "CQTL_AM7677_FNF_Ankle_1" == *"CTL"* ]]; then
            vcf_file=output/geno/pbs_geno/pbs.rename_wCHR.vcf.gz
        elif [[ "CQTL_AM7677_FNF_Ankle_1" == *"FNF"* ]]; then
            vcf_file=output/geno/fnf_geno/fnf.rename_wCHR.vcf.gz
        else
            echo "Error: Sample type not recognized in CQTL_AM7677_FNF_Ankle_1"
            exit 1
        fi

        echo "$vcf_file"

        /users/s/e/seyoun/tools/verifyBamID_1.1.3/verifyBamID/bin/verifyBamID --vcf $vcf_file --bam /work/users/s/e/seyoun/CQTL_AI/output/align/CQTL_AM7677_FNF_Ankle_1_RG.bam --bai /work/users/s/e/seyoun/CQTL_AI/output/align/CQTL_AM7677_FNF_Ankle_1_RG.bam.bai --best --out output/QC/CQTL_AM7677_FNF_Ankle_1_verifyBamID 2> output/logs/verifyBamID_CQTL_AM7677_FNF_Ankle_1.err
        
Submitted job 3 with external jobid '54998390'.

[Thu Nov 28 00:10:11 2024]
rule verifybamid:
    input: /work/users/s/e/seyoun/CQTL_AI/output/align/CQTL_AM7711_FNF_Ankle_1_RG.bam, /work/users/s/e/seyoun/CQTL_AI/output/align/CQTL_AM7711_FNF_Ankle_1_RG.bam.bai, output/geno/pbs_geno/pbs.rename_wCHR.vcf.gz, output/geno/fnf_geno/fnf.rename_wCHR.vcf.gz
    output: output/QC/CQTL_AM7711_FNF_Ankle_1_verifyBamID.selfSM, output/QC/CQTL_AM7711_FNF_Ankle_1_verifyBamID.selfRG, output/QC/CQTL_AM7711_FNF_Ankle_1_verifyBamID.bestRG, output/QC/CQTL_AM7711_FNF_Ankle_1_verifyBamID.bestSM, output/QC/CQTL_AM7711_FNF_Ankle_1_verifyBamID.depthRG, output/QC/CQTL_AM7711_FNF_Ankle_1_verifyBamID.depthSM
    log: output/logs/verifyBamID_CQTL_AM7711_FNF_Ankle_1.err
    jobid: 9
    wildcards: sampleName=CQTL_AM7711_FNF_Ankle_1



        if [[ "CQTL_AM7711_FNF_Ankle_1" == *"CTL"* ]]; then
            vcf_file=output/geno/pbs_geno/pbs.rename_wCHR.vcf.gz
        elif [[ "CQTL_AM7711_FNF_Ankle_1" == *"FNF"* ]]; then
            vcf_file=output/geno/fnf_geno/fnf.rename_wCHR.vcf.gz
        else
            echo "Error: Sample type not recognized in CQTL_AM7711_FNF_Ankle_1"
            exit 1
        fi

        echo "$vcf_file"

        /users/s/e/seyoun/tools/verifyBamID_1.1.3/verifyBamID/bin/verifyBamID --vcf $vcf_file --bam /work/users/s/e/seyoun/CQTL_AI/output/align/CQTL_AM7711_FNF_Ankle_1_RG.bam --bai /work/users/s/e/seyoun/CQTL_AI/output/align/CQTL_AM7711_FNF_Ankle_1_RG.bam.bai --best --out output/QC/CQTL_AM7711_FNF_Ankle_1_verifyBamID 2> output/logs/verifyBamID_CQTL_AM7711_FNF_Ankle_1.err
        
Submitted job 9 with external jobid '54998391'.

[Thu Nov 28 00:10:17 2024]
rule verifybamid:
    input: /work/users/s/e/seyoun/CQTL_AI/output/align/CQTL_AM7778_FNF_Ankle_1_RG.bam, /work/users/s/e/seyoun/CQTL_AI/output/align/CQTL_AM7778_FNF_Ankle_1_RG.bam.bai, output/geno/pbs_geno/pbs.rename_wCHR.vcf.gz, output/geno/fnf_geno/fnf.rename_wCHR.vcf.gz
    output: output/QC/CQTL_AM7778_FNF_Ankle_1_verifyBamID.selfSM, output/QC/CQTL_AM7778_FNF_Ankle_1_verifyBamID.selfRG, output/QC/CQTL_AM7778_FNF_Ankle_1_verifyBamID.bestRG, output/QC/CQTL_AM7778_FNF_Ankle_1_verifyBamID.bestSM, output/QC/CQTL_AM7778_FNF_Ankle_1_verifyBamID.depthRG, output/QC/CQTL_AM7778_FNF_Ankle_1_verifyBamID.depthSM
    log: output/logs/verifyBamID_CQTL_AM7778_FNF_Ankle_1.err
    jobid: 35
    wildcards: sampleName=CQTL_AM7778_FNF_Ankle_1



        if [[ "CQTL_AM7778_FNF_Ankle_1" == *"CTL"* ]]; then
            vcf_file=output/geno/pbs_geno/pbs.rename_wCHR.vcf.gz
        elif [[ "CQTL_AM7778_FNF_Ankle_1" == *"FNF"* ]]; then
            vcf_file=output/geno/fnf_geno/fnf.rename_wCHR.vcf.gz
        else
            echo "Error: Sample type not recognized in CQTL_AM7778_FNF_Ankle_1"
            exit 1
        fi

        echo "$vcf_file"

        /users/s/e/seyoun/tools/verifyBamID_1.1.3/verifyBamID/bin/verifyBamID --vcf $vcf_file --bam /work/users/s/e/seyoun/CQTL_AI/output/align/CQTL_AM7778_FNF_Ankle_1_RG.bam --bai /work/users/s/e/seyoun/CQTL_AI/output/align/CQTL_AM7778_FNF_Ankle_1_RG.bam.bai --best --out output/QC/CQTL_AM7778_FNF_Ankle_1_verifyBamID 2> output/logs/verifyBamID_CQTL_AM7778_FNF_Ankle_1.err
        
Submitted job 35 with external jobid '54998392'.

[Thu Nov 28 00:10:22 2024]
rule verifybamid:
    input: /work/users/s/e/seyoun/CQTL_AI/output/align/CQTL_AM7678_FNF_Ankle_1_RG.bam, /work/users/s/e/seyoun/CQTL_AI/output/align/CQTL_AM7678_FNF_Ankle_1_RG.bam.bai, output/geno/pbs_geno/pbs.rename_wCHR.vcf.gz, output/geno/fnf_geno/fnf.rename_wCHR.vcf.gz
    output: output/QC/CQTL_AM7678_FNF_Ankle_1_verifyBamID.selfSM, output/QC/CQTL_AM7678_FNF_Ankle_1_verifyBamID.selfRG, output/QC/CQTL_AM7678_FNF_Ankle_1_verifyBamID.bestRG, output/QC/CQTL_AM7678_FNF_Ankle_1_verifyBamID.bestSM, output/QC/CQTL_AM7678_FNF_Ankle_1_verifyBamID.depthRG, output/QC/CQTL_AM7678_FNF_Ankle_1_verifyBamID.depthSM
    log: output/logs/verifyBamID_CQTL_AM7678_FNF_Ankle_1.err
    jobid: 5
    wildcards: sampleName=CQTL_AM7678_FNF_Ankle_1



        if [[ "CQTL_AM7678_FNF_Ankle_1" == *"CTL"* ]]; then
            vcf_file=output/geno/pbs_geno/pbs.rename_wCHR.vcf.gz
        elif [[ "CQTL_AM7678_FNF_Ankle_1" == *"FNF"* ]]; then
            vcf_file=output/geno/fnf_geno/fnf.rename_wCHR.vcf.gz
        else
            echo "Error: Sample type not recognized in CQTL_AM7678_FNF_Ankle_1"
            exit 1
        fi

        echo "$vcf_file"

        /users/s/e/seyoun/tools/verifyBamID_1.1.3/verifyBamID/bin/verifyBamID --vcf $vcf_file --bam /work/users/s/e/seyoun/CQTL_AI/output/align/CQTL_AM7678_FNF_Ankle_1_RG.bam --bai /work/users/s/e/seyoun/CQTL_AI/output/align/CQTL_AM7678_FNF_Ankle_1_RG.bam.bai --best --out output/QC/CQTL_AM7678_FNF_Ankle_1_verifyBamID 2> output/logs/verifyBamID_CQTL_AM7678_FNF_Ankle_1.err
        
Submitted job 5 with external jobid '54998393'.

[Thu Nov 28 00:10:27 2024]
rule verifybamid:
    input: /work/users/s/e/seyoun/CQTL_AI/output/align/CQTL_AM7775_FNF_Ankle_1_RG.bam, /work/users/s/e/seyoun/CQTL_AI/output/align/CQTL_AM7775_FNF_Ankle_1_RG.bam.bai, output/geno/pbs_geno/pbs.rename_wCHR.vcf.gz, output/geno/fnf_geno/fnf.rename_wCHR.vcf.gz
    output: output/QC/CQTL_AM7775_FNF_Ankle_1_verifyBamID.selfSM, output/QC/CQTL_AM7775_FNF_Ankle_1_verifyBamID.selfRG, output/QC/CQTL_AM7775_FNF_Ankle_1_verifyBamID.bestRG, output/QC/CQTL_AM7775_FNF_Ankle_1_verifyBamID.bestSM, output/QC/CQTL_AM7775_FNF_Ankle_1_verifyBamID.depthRG, output/QC/CQTL_AM7775_FNF_Ankle_1_verifyBamID.depthSM
    log: output/logs/verifyBamID_CQTL_AM7775_FNF_Ankle_1.err
    jobid: 33
    wildcards: sampleName=CQTL_AM7775_FNF_Ankle_1



        if [[ "CQTL_AM7775_FNF_Ankle_1" == *"CTL"* ]]; then
            vcf_file=output/geno/pbs_geno/pbs.rename_wCHR.vcf.gz
        elif [[ "CQTL_AM7775_FNF_Ankle_1" == *"FNF"* ]]; then
            vcf_file=output/geno/fnf_geno/fnf.rename_wCHR.vcf.gz
        else
            echo "Error: Sample type not recognized in CQTL_AM7775_FNF_Ankle_1"
            exit 1
        fi

        echo "$vcf_file"

        /users/s/e/seyoun/tools/verifyBamID_1.1.3/verifyBamID/bin/verifyBamID --vcf $vcf_file --bam /work/users/s/e/seyoun/CQTL_AI/output/align/CQTL_AM7775_FNF_Ankle_1_RG.bam --bai /work/users/s/e/seyoun/CQTL_AI/output/align/CQTL_AM7775_FNF_Ankle_1_RG.bam.bai --best --out output/QC/CQTL_AM7775_FNF_Ankle_1_verifyBamID 2> output/logs/verifyBamID_CQTL_AM7775_FNF_Ankle_1.err
        
Submitted job 33 with external jobid '54998395'.

[Thu Nov 28 00:10:33 2024]
rule verifybamid:
    input: /work/users/s/e/seyoun/CQTL_AI/output/align/CQTL_AM7678_CTL_Ankle_1_RG.bam, /work/users/s/e/seyoun/CQTL_AI/output/align/CQTL_AM7678_CTL_Ankle_1_RG.bam.bai, output/geno/pbs_geno/pbs.rename_wCHR.vcf.gz, output/geno/fnf_geno/fnf.rename_wCHR.vcf.gz
    output: output/QC/CQTL_AM7678_CTL_Ankle_1_verifyBamID.selfSM, output/QC/CQTL_AM7678_CTL_Ankle_1_verifyBamID.selfRG, output/QC/CQTL_AM7678_CTL_Ankle_1_verifyBamID.bestRG, output/QC/CQTL_AM7678_CTL_Ankle_1_verifyBamID.bestSM, output/QC/CQTL_AM7678_CTL_Ankle_1_verifyBamID.depthRG, output/QC/CQTL_AM7678_CTL_Ankle_1_verifyBamID.depthSM
    log: output/logs/verifyBamID_CQTL_AM7678_CTL_Ankle_1.err
    jobid: 4
    wildcards: sampleName=CQTL_AM7678_CTL_Ankle_1



        if [[ "CQTL_AM7678_CTL_Ankle_1" == *"CTL"* ]]; then
            vcf_file=output/geno/pbs_geno/pbs.rename_wCHR.vcf.gz
        elif [[ "CQTL_AM7678_CTL_Ankle_1" == *"FNF"* ]]; then
            vcf_file=output/geno/fnf_geno/fnf.rename_wCHR.vcf.gz
        else
            echo "Error: Sample type not recognized in CQTL_AM7678_CTL_Ankle_1"
            exit 1
        fi

        echo "$vcf_file"

        /users/s/e/seyoun/tools/verifyBamID_1.1.3/verifyBamID/bin/verifyBamID --vcf $vcf_file --bam /work/users/s/e/seyoun/CQTL_AI/output/align/CQTL_AM7678_CTL_Ankle_1_RG.bam --bai /work/users/s/e/seyoun/CQTL_AI/output/align/CQTL_AM7678_CTL_Ankle_1_RG.bam.bai --best --out output/QC/CQTL_AM7678_CTL_Ankle_1_verifyBamID 2> output/logs/verifyBamID_CQTL_AM7678_CTL_Ankle_1.err
        
Submitted job 4 with external jobid '54998396'.

[Thu Nov 28 00:10:38 2024]
rule verifybamid:
    input: /work/users/s/e/seyoun/CQTL_AI/output/align/CQTL_AM7781_CTL_Ankle_1_RG.bam, /work/users/s/e/seyoun/CQTL_AI/output/align/CQTL_AM7781_CTL_Ankle_1_RG.bam.bai, output/geno/pbs_geno/pbs.rename_wCHR.vcf.gz, output/geno/fnf_geno/fnf.rename_wCHR.vcf.gz
    output: output/QC/CQTL_AM7781_CTL_Ankle_1_verifyBamID.selfSM, output/QC/CQTL_AM7781_CTL_Ankle_1_verifyBamID.selfRG, output/QC/CQTL_AM7781_CTL_Ankle_1_verifyBamID.bestRG, output/QC/CQTL_AM7781_CTL_Ankle_1_verifyBamID.bestSM, output/QC/CQTL_AM7781_CTL_Ankle_1_verifyBamID.depthRG, output/QC/CQTL_AM7781_CTL_Ankle_1_verifyBamID.depthSM
    log: output/logs/verifyBamID_CQTL_AM7781_CTL_Ankle_1.err
    jobid: 38
    wildcards: sampleName=CQTL_AM7781_CTL_Ankle_1



        if [[ "CQTL_AM7781_CTL_Ankle_1" == *"CTL"* ]]; then
            vcf_file=output/geno/pbs_geno/pbs.rename_wCHR.vcf.gz
        elif [[ "CQTL_AM7781_CTL_Ankle_1" == *"FNF"* ]]; then
            vcf_file=output/geno/fnf_geno/fnf.rename_wCHR.vcf.gz
        else
            echo "Error: Sample type not recognized in CQTL_AM7781_CTL_Ankle_1"
            exit 1
        fi

        echo "$vcf_file"

        /users/s/e/seyoun/tools/verifyBamID_1.1.3/verifyBamID/bin/verifyBamID --vcf $vcf_file --bam /work/users/s/e/seyoun/CQTL_AI/output/align/CQTL_AM7781_CTL_Ankle_1_RG.bam --bai /work/users/s/e/seyoun/CQTL_AI/output/align/CQTL_AM7781_CTL_Ankle_1_RG.bam.bai --best --out output/QC/CQTL_AM7781_CTL_Ankle_1_verifyBamID 2> output/logs/verifyBamID_CQTL_AM7781_CTL_Ankle_1.err
        
Submitted job 38 with external jobid '54998397'.
[Thu Nov 28 04:20:14 2024]
Finished job 7.
1 of 43 steps (2%) done
[Thu Nov 28 04:20:55 2024]
Finished job 14.
2 of 43 steps (5%) done
[Thu Nov 28 04:24:04 2024]
Finished job 17.
3 of 43 steps (7%) done
[Thu Nov 28 04:24:39 2024]
Finished job 2.
4 of 43 steps (9%) done
[Thu Nov 28 04:32:24 2024]
Finished job 25.
5 of 43 steps (12%) done
[Thu Nov 28 04:40:36 2024]
Finished job 29.
6 of 43 steps (14%) done
[Thu Nov 28 04:41:36 2024]
Finished job 8.
7 of 43 steps (16%) done
[Thu Nov 28 04:42:53 2024]
Finished job 11.
8 of 43 steps (19%) done
[Thu Nov 28 04:45:11 2024]
Finished job 9.
9 of 43 steps (21%) done
[Thu Nov 28 04:47:11 2024]
Finished job 5.
10 of 43 steps (23%) done
[Thu Nov 28 04:48:18 2024]
Finished job 6.
11 of 43 steps (26%) done
[Thu Nov 28 04:49:15 2024]
Finished job 23.
12 of 43 steps (28%) done
[Thu Nov 28 04:50:00 2024]
Finished job 20.
13 of 43 steps (30%) done
[Thu Nov 28 04:51:02 2024]
Finished job 15.
14 of 43 steps (33%) done
[Thu Nov 28 04:52:43 2024]
Finished job 21.
15 of 43 steps (35%) done
[Thu Nov 28 04:53:40 2024]
Finished job 4.
16 of 43 steps (37%) done
[Thu Nov 28 04:56:14 2024]
Finished job 16.
17 of 43 steps (40%) done
[Thu Nov 28 05:00:19 2024]
Finished job 43.
18 of 43 steps (42%) done
[Thu Nov 28 05:04:21 2024]
Finished job 10.
19 of 43 steps (44%) done
[Thu Nov 28 05:04:53 2024]
Finished job 19.
20 of 43 steps (47%) done
[Thu Nov 28 05:05:00 2024]
Finished job 26.
21 of 43 steps (49%) done
[Thu Nov 28 05:06:13 2024]
Finished job 33.
22 of 43 steps (51%) done
[Thu Nov 28 05:06:41 2024]
Finished job 13.
23 of 43 steps (53%) done
[Thu Nov 28 05:07:09 2024]
Finished job 27.
24 of 43 steps (56%) done
[Thu Nov 28 05:09:02 2024]
Finished job 28.
25 of 43 steps (58%) done
[Thu Nov 28 05:09:30 2024]
Finished job 18.
26 of 43 steps (60%) done
[Thu Nov 28 05:15:25 2024]
Finished job 12.
27 of 43 steps (63%) done
[Thu Nov 28 05:16:00 2024]
Finished job 24.
28 of 43 steps (65%) done
[Thu Nov 28 05:22:28 2024]
Finished job 38.
29 of 43 steps (67%) done
[Thu Nov 28 05:24:42 2024]
Finished job 31.
30 of 43 steps (70%) done
[Thu Nov 28 05:26:56 2024]
Finished job 34.
31 of 43 steps (72%) done
[Thu Nov 28 05:30:06 2024]
Finished job 3.
32 of 43 steps (74%) done
[Thu Nov 28 05:32:56 2024]
Finished job 41.
33 of 43 steps (77%) done
[Thu Nov 28 05:43:04 2024]
Finished job 30.
34 of 43 steps (79%) done
[Thu Nov 28 05:43:21 2024]
Finished job 42.
35 of 43 steps (81%) done
[Thu Nov 28 05:57:07 2024]
Finished job 36.
36 of 43 steps (84%) done
[Thu Nov 28 05:59:52 2024]
Finished job 39.
37 of 43 steps (86%) done
[Thu Nov 28 06:02:44 2024]
Finished job 22.
38 of 43 steps (88%) done
[Thu Nov 28 06:07:00 2024]
Finished job 35.
39 of 43 steps (91%) done
[Thu Nov 28 06:13:27 2024]
Finished job 40.
40 of 43 steps (93%) done
[Thu Nov 28 06:29:04 2024]
Finished job 32.
41 of 43 steps (95%) done
[Thu Nov 28 06:32:57 2024]
Finished job 37.
42 of 43 steps (98%) done

[Thu Nov 28 06:33:03 2024]
localrule all:
    input: output/geno/pbs_geno/pbs.rename_wCHR.vcf.gz, output/geno/fnf_geno/fnf.rename_wCHR.vcf.gz, output/QC/CQTL_AM7677_CTL_Ankle_1_verifyBamID.selfSM, output/QC/CQTL_AM7677_CTL_Ankle_1_verifyBamID.selfRG, output/QC/CQTL_AM7677_CTL_Ankle_1_verifyBamID.bestRG, output/QC/CQTL_AM7677_CTL_Ankle_1_verifyBamID.bestSM, output/QC/CQTL_AM7677_CTL_Ankle_1_verifyBamID.depthRG, output/QC/CQTL_AM7677_CTL_Ankle_1_verifyBamID.depthSM, output/QC/CQTL_AM7677_FNF_Ankle_1_verifyBamID.selfSM, output/QC/CQTL_AM7677_FNF_Ankle_1_verifyBamID.selfRG, output/QC/CQTL_AM7677_FNF_Ankle_1_verifyBamID.bestRG, output/QC/CQTL_AM7677_FNF_Ankle_1_verifyBamID.bestSM, output/QC/CQTL_AM7677_FNF_Ankle_1_verifyBamID.depthRG, output/QC/CQTL_AM7677_FNF_Ankle_1_verifyBamID.depthSM, output/QC/CQTL_AM7678_CTL_Ankle_1_verifyBamID.selfSM, output/QC/CQTL_AM7678_CTL_Ankle_1_verifyBamID.selfRG, output/QC/CQTL_AM7678_CTL_Ankle_1_verifyBamID.bestRG, output/QC/CQTL_AM7678_CTL_Ankle_1_verifyBamID.bestSM, output/QC/CQTL_AM7678_CTL_Ankle_1_verifyBamID.depthRG, output/QC/CQTL_AM7678_CTL_Ankle_1_verifyBamID.depthSM, output/QC/CQTL_AM7678_FNF_Ankle_1_verifyBamID.selfSM, output/QC/CQTL_AM7678_FNF_Ankle_1_verifyBamID.selfRG, output/QC/CQTL_AM7678_FNF_Ankle_1_verifyBamID.bestRG, output/QC/CQTL_AM7678_FNF_Ankle_1_verifyBamID.bestSM, output/QC/CQTL_AM7678_FNF_Ankle_1_verifyBamID.depthRG, output/QC/CQTL_AM7678_FNF_Ankle_1_verifyBamID.depthSM, output/QC/CQTL_AM7679_CTL_Ankle_1_verifyBamID.selfSM, output/QC/CQTL_AM7679_CTL_Ankle_1_verifyBamID.selfRG, output/QC/CQTL_AM7679_CTL_Ankle_1_verifyBamID.bestRG, output/QC/CQTL_AM7679_CTL_Ankle_1_verifyBamID.bestSM, output/QC/CQTL_AM7679_CTL_Ankle_1_verifyBamID.depthRG, output/QC/CQTL_AM7679_CTL_Ankle_1_verifyBamID.depthSM, output/QC/CQTL_AM7679_FNF_Ankle_1_verifyBamID.selfSM, output/QC/CQTL_AM7679_FNF_Ankle_1_verifyBamID.selfRG, output/QC/CQTL_AM7679_FNF_Ankle_1_verifyBamID.bestRG, output/QC/CQTL_AM7679_FNF_Ankle_1_verifyBamID.bestSM, output/QC/CQTL_AM7679_FNF_Ankle_1_verifyBamID.depthRG, output/QC/CQTL_AM7679_FNF_Ankle_1_verifyBamID.depthSM, output/QC/CQTL_AM7711_CTL_Ankle_1_verifyBamID.selfSM, output/QC/CQTL_AM7711_CTL_Ankle_1_verifyBamID.selfRG, output/QC/CQTL_AM7711_CTL_Ankle_1_verifyBamID.bestRG, output/QC/CQTL_AM7711_CTL_Ankle_1_verifyBamID.bestSM, output/QC/CQTL_AM7711_CTL_Ankle_1_verifyBamID.depthRG, output/QC/CQTL_AM7711_CTL_Ankle_1_verifyBamID.depthSM, output/QC/CQTL_AM7711_FNF_Ankle_1_verifyBamID.selfSM, output/QC/CQTL_AM7711_FNF_Ankle_1_verifyBamID.selfRG, output/QC/CQTL_AM7711_FNF_Ankle_1_verifyBamID.bestRG, output/QC/CQTL_AM7711_FNF_Ankle_1_verifyBamID.bestSM, output/QC/CQTL_AM7711_FNF_Ankle_1_verifyBamID.depthRG, output/QC/CQTL_AM7711_FNF_Ankle_1_verifyBamID.depthSM, output/QC/CQTL_AM7712_CTL_Ankle_1_verifyBamID.selfSM, output/QC/CQTL_AM7712_CTL_Ankle_1_verifyBamID.selfRG, output/QC/CQTL_AM7712_CTL_Ankle_1_verifyBamID.bestRG, output/QC/CQTL_AM7712_CTL_Ankle_1_verifyBamID.bestSM, output/QC/CQTL_AM7712_CTL_Ankle_1_verifyBamID.depthRG, output/QC/CQTL_AM7712_CTL_Ankle_1_verifyBamID.depthSM, output/QC/CQTL_AM7712_FNF_Ankle_1_verifyBamID.selfSM, output/QC/CQTL_AM7712_FNF_Ankle_1_verifyBamID.selfRG, output/QC/CQTL_AM7712_FNF_Ankle_1_verifyBamID.bestRG, output/QC/CQTL_AM7712_FNF_Ankle_1_verifyBamID.bestSM, output/QC/CQTL_AM7712_FNF_Ankle_1_verifyBamID.depthRG, output/QC/CQTL_AM7712_FNF_Ankle_1_verifyBamID.depthSM, output/QC/CQTL_AM7717_CTL_Ankle_1_verifyBamID.selfSM, output/QC/CQTL_AM7717_CTL_Ankle_1_verifyBamID.selfRG, output/QC/CQTL_AM7717_CTL_Ankle_1_verifyBamID.bestRG, output/QC/CQTL_AM7717_CTL_Ankle_1_verifyBamID.bestSM, output/QC/CQTL_AM7717_CTL_Ankle_1_verifyBamID.depthRG, output/QC/CQTL_AM7717_CTL_Ankle_1_verifyBamID.depthSM, output/QC/CQTL_AM7717_FNF_Ankle_1_verifyBamID.selfSM, output/QC/CQTL_AM7717_FNF_Ankle_1_verifyBamID.selfRG, output/QC/CQTL_AM7717_FNF_Ankle_1_verifyBamID.bestRG, output/QC/CQTL_AM7717_FNF_Ankle_1_verifyBamID.bestSM, output/QC/CQTL_AM7717_FNF_Ankle_1_verifyBamID.depthRG, output/QC/CQTL_AM7717_FNF_Ankle_1_verifyBamID.depthSM, output/QC/CQTL_AM7726_CTL_Ankle_1_verifyBamID.selfSM, output/QC/CQTL_AM7726_CTL_Ankle_1_verifyBamID.selfRG, output/QC/CQTL_AM7726_CTL_Ankle_1_verifyBamID.bestRG, output/QC/CQTL_AM7726_CTL_Ankle_1_verifyBamID.bestSM, output/QC/CQTL_AM7726_CTL_Ankle_1_verifyBamID.depthRG, output/QC/CQTL_AM7726_CTL_Ankle_1_verifyBamID.depthSM, output/QC/CQTL_AM7726_FNF_Ankle_1_verifyBamID.selfSM, output/QC/CQTL_AM7726_FNF_Ankle_1_verifyBamID.selfRG, output/QC/CQTL_AM7726_FNF_Ankle_1_verifyBamID.bestRG, output/QC/CQTL_AM7726_FNF_Ankle_1_verifyBamID.bestSM, output/QC/CQTL_AM7726_FNF_Ankle_1_verifyBamID.depthRG, output/QC/CQTL_AM7726_FNF_Ankle_1_verifyBamID.depthSM, output/QC/CQTL_AM7727_CTL_Ankle_1_verifyBamID.selfSM, output/QC/CQTL_AM7727_CTL_Ankle_1_verifyBamID.selfRG, output/QC/CQTL_AM7727_CTL_Ankle_1_verifyBamID.bestRG, output/QC/CQTL_AM7727_CTL_Ankle_1_verifyBamID.bestSM, output/QC/CQTL_AM7727_CTL_Ankle_1_verifyBamID.depthRG, output/QC/CQTL_AM7727_CTL_Ankle_1_verifyBamID.depthSM, output/QC/CQTL_AM7727_FNF_Ankle_1_verifyBamID.selfSM, output/QC/CQTL_AM7727_FNF_Ankle_1_verifyBamID.selfRG, output/QC/CQTL_AM7727_FNF_Ankle_1_verifyBamID.bestRG, output/QC/CQTL_AM7727_FNF_Ankle_1_verifyBamID.bestSM, output/QC/CQTL_AM7727_FNF_Ankle_1_verifyBamID.depthRG, output/QC/CQTL_AM7727_FNF_Ankle_1_verifyBamID.depthSM, output/QC/CQTL_AM7735_CTL_Ankle_1_verifyBamID.selfSM, output/QC/CQTL_AM7735_CTL_Ankle_1_verifyBamID.selfRG, output/QC/CQTL_AM7735_CTL_Ankle_1_verifyBamID.bestRG, output/QC/CQTL_AM7735_CTL_Ankle_1_verifyBamID.bestSM, output/QC/CQTL_AM7735_CTL_Ankle_1_verifyBamID.depthRG, output/QC/CQTL_AM7735_CTL_Ankle_1_verifyBamID.depthSM, output/QC/CQTL_AM7735_FNF_Ankle_1_verifyBamID.selfSM, output/QC/CQTL_AM7735_FNF_Ankle_1_verifyBamID.selfRG, output/QC/CQTL_AM7735_FNF_Ankle_1_verifyBamID.bestRG, output/QC/CQTL_AM7735_FNF_Ankle_1_verifyBamID.bestSM, output/QC/CQTL_AM7735_FNF_Ankle_1_verifyBamID.depthRG, output/QC/CQTL_AM7735_FNF_Ankle_1_verifyBamID.depthSM, output/QC/CQTL_AM7754_CTL_Ankle_1_verifyBamID.selfSM, output/QC/CQTL_AM7754_CTL_Ankle_1_verifyBamID.selfRG, output/QC/CQTL_AM7754_CTL_Ankle_1_verifyBamID.bestRG, output/QC/CQTL_AM7754_CTL_Ankle_1_verifyBamID.bestSM, output/QC/CQTL_AM7754_CTL_Ankle_1_verifyBamID.depthRG, output/QC/CQTL_AM7754_CTL_Ankle_1_verifyBamID.depthSM, output/QC/CQTL_AM7754_FNF_Ankle_1_verifyBamID.selfSM, output/QC/CQTL_AM7754_FNF_Ankle_1_verifyBamID.selfRG, output/QC/CQTL_AM7754_FNF_Ankle_1_verifyBamID.bestRG, output/QC/CQTL_AM7754_FNF_Ankle_1_verifyBamID.bestSM, output/QC/CQTL_AM7754_FNF_Ankle_1_verifyBamID.depthRG, output/QC/CQTL_AM7754_FNF_Ankle_1_verifyBamID.depthSM, output/QC/CQTL_AM7755_CTL_Ankle_1_verifyBamID.selfSM, output/QC/CQTL_AM7755_CTL_Ankle_1_verifyBamID.selfRG, output/QC/CQTL_AM7755_CTL_Ankle_1_verifyBamID.bestRG, output/QC/CQTL_AM7755_CTL_Ankle_1_verifyBamID.bestSM, output/QC/CQTL_AM7755_CTL_Ankle_1_verifyBamID.depthRG, output/QC/CQTL_AM7755_CTL_Ankle_1_verifyBamID.depthSM, output/QC/CQTL_AM7755_FNF_Ankle_1_verifyBamID.selfSM, output/QC/CQTL_AM7755_FNF_Ankle_1_verifyBamID.selfRG, output/QC/CQTL_AM7755_FNF_Ankle_1_verifyBamID.bestRG, output/QC/CQTL_AM7755_FNF_Ankle_1_verifyBamID.bestSM, output/QC/CQTL_AM7755_FNF_Ankle_1_verifyBamID.depthRG, output/QC/CQTL_AM7755_FNF_Ankle_1_verifyBamID.depthSM, output/QC/CQTL_AM7763_CTL_Ankle_1_verifyBamID.selfSM, output/QC/CQTL_AM7763_CTL_Ankle_1_verifyBamID.selfRG, output/QC/CQTL_AM7763_CTL_Ankle_1_verifyBamID.bestRG, output/QC/CQTL_AM7763_CTL_Ankle_1_verifyBamID.bestSM, output/QC/CQTL_AM7763_CTL_Ankle_1_verifyBamID.depthRG, output/QC/CQTL_AM7763_CTL_Ankle_1_verifyBamID.depthSM, output/QC/CQTL_AM7763_FNF_Ankle_1_verifyBamID.selfSM, output/QC/CQTL_AM7763_FNF_Ankle_1_verifyBamID.selfRG, output/QC/CQTL_AM7763_FNF_Ankle_1_verifyBamID.bestRG, output/QC/CQTL_AM7763_FNF_Ankle_1_verifyBamID.bestSM, output/QC/CQTL_AM7763_FNF_Ankle_1_verifyBamID.depthRG, output/QC/CQTL_AM7763_FNF_Ankle_1_verifyBamID.depthSM, output/QC/CQTL_AM7765_CTL_Ankle_1_verifyBamID.selfSM, output/QC/CQTL_AM7765_CTL_Ankle_1_verifyBamID.selfRG, output/QC/CQTL_AM7765_CTL_Ankle_1_verifyBamID.bestRG, output/QC/CQTL_AM7765_CTL_Ankle_1_verifyBamID.bestSM, output/QC/CQTL_AM7765_CTL_Ankle_1_verifyBamID.depthRG, output/QC/CQTL_AM7765_CTL_Ankle_1_verifyBamID.depthSM, output/QC/CQTL_AM7765_FNF_Ankle_1_verifyBamID.selfSM, output/QC/CQTL_AM7765_FNF_Ankle_1_verifyBamID.selfRG, output/QC/CQTL_AM7765_FNF_Ankle_1_verifyBamID.bestRG, output/QC/CQTL_AM7765_FNF_Ankle_1_verifyBamID.bestSM, output/QC/CQTL_AM7765_FNF_Ankle_1_verifyBamID.depthRG, output/QC/CQTL_AM7765_FNF_Ankle_1_verifyBamID.depthSM, output/QC/CQTL_AM7769_CTL_Ankle_1_verifyBamID.selfSM, output/QC/CQTL_AM7769_CTL_Ankle_1_verifyBamID.selfRG, output/QC/CQTL_AM7769_CTL_Ankle_1_verifyBamID.bestRG, output/QC/CQTL_AM7769_CTL_Ankle_1_verifyBamID.bestSM, output/QC/CQTL_AM7769_CTL_Ankle_1_verifyBamID.depthRG, output/QC/CQTL_AM7769_CTL_Ankle_1_verifyBamID.depthSM, output/QC/CQTL_AM7769_FNF_Ankle_1_verifyBamID.selfSM, output/QC/CQTL_AM7769_FNF_Ankle_1_verifyBamID.selfRG, output/QC/CQTL_AM7769_FNF_Ankle_1_verifyBamID.bestRG, output/QC/CQTL_AM7769_FNF_Ankle_1_verifyBamID.bestSM, output/QC/CQTL_AM7769_FNF_Ankle_1_verifyBamID.depthRG, output/QC/CQTL_AM7769_FNF_Ankle_1_verifyBamID.depthSM, output/QC/CQTL_AM7771_CTL_Ankle_1_verifyBamID.selfSM, output/QC/CQTL_AM7771_CTL_Ankle_1_verifyBamID.selfRG, output/QC/CQTL_AM7771_CTL_Ankle_1_verifyBamID.bestRG, output/QC/CQTL_AM7771_CTL_Ankle_1_verifyBamID.bestSM, output/QC/CQTL_AM7771_CTL_Ankle_1_verifyBamID.depthRG, output/QC/CQTL_AM7771_CTL_Ankle_1_verifyBamID.depthSM, output/QC/CQTL_AM7771_FNF_Ankle_1_verifyBamID.selfSM, output/QC/CQTL_AM7771_FNF_Ankle_1_verifyBamID.selfRG, output/QC/CQTL_AM7771_FNF_Ankle_1_verifyBamID.bestRG, output/QC/CQTL_AM7771_FNF_Ankle_1_verifyBamID.bestSM, output/QC/CQTL_AM7771_FNF_Ankle_1_verifyBamID.depthRG, output/QC/CQTL_AM7771_FNF_Ankle_1_verifyBamID.depthSM, output/QC/CQTL_AM7775_CTL_Ankle_1_verifyBamID.selfSM, output/QC/CQTL_AM7775_CTL_Ankle_1_verifyBamID.selfRG, output/QC/CQTL_AM7775_CTL_Ankle_1_verifyBamID.bestRG, output/QC/CQTL_AM7775_CTL_Ankle_1_verifyBamID.bestSM, output/QC/CQTL_AM7775_CTL_Ankle_1_verifyBamID.depthRG, output/QC/CQTL_AM7775_CTL_Ankle_1_verifyBamID.depthSM, output/QC/CQTL_AM7775_FNF_Ankle_1_verifyBamID.selfSM, output/QC/CQTL_AM7775_FNF_Ankle_1_verifyBamID.selfRG, output/QC/CQTL_AM7775_FNF_Ankle_1_verifyBamID.bestRG, output/QC/CQTL_AM7775_FNF_Ankle_1_verifyBamID.bestSM, output/QC/CQTL_AM7775_FNF_Ankle_1_verifyBamID.depthRG, output/QC/CQTL_AM7775_FNF_Ankle_1_verifyBamID.depthSM, output/QC/CQTL_AM7778_CTL_Ankle_1_verifyBamID.selfSM, output/QC/CQTL_AM7778_CTL_Ankle_1_verifyBamID.selfRG, output/QC/CQTL_AM7778_CTL_Ankle_1_verifyBamID.bestRG, output/QC/CQTL_AM7778_CTL_Ankle_1_verifyBamID.bestSM, output/QC/CQTL_AM7778_CTL_Ankle_1_verifyBamID.depthRG, output/QC/CQTL_AM7778_CTL_Ankle_1_verifyBamID.depthSM, output/QC/CQTL_AM7778_FNF_Ankle_1_verifyBamID.selfSM, output/QC/CQTL_AM7778_FNF_Ankle_1_verifyBamID.selfRG, output/QC/CQTL_AM7778_FNF_Ankle_1_verifyBamID.bestRG, output/QC/CQTL_AM7778_FNF_Ankle_1_verifyBamID.bestSM, output/QC/CQTL_AM7778_FNF_Ankle_1_verifyBamID.depthRG, output/QC/CQTL_AM7778_FNF_Ankle_1_verifyBamID.depthSM, output/QC/CQTL_AM7780_CTL_Ankle_1_verifyBamID.selfSM, output/QC/CQTL_AM7780_CTL_Ankle_1_verifyBamID.selfRG, output/QC/CQTL_AM7780_CTL_Ankle_1_verifyBamID.bestRG, output/QC/CQTL_AM7780_CTL_Ankle_1_verifyBamID.bestSM, output/QC/CQTL_AM7780_CTL_Ankle_1_verifyBamID.depthRG, output/QC/CQTL_AM7780_CTL_Ankle_1_verifyBamID.depthSM, output/QC/CQTL_AM7780_FNF_Ankle_1_verifyBamID.selfSM, output/QC/CQTL_AM7780_FNF_Ankle_1_verifyBamID.selfRG, output/QC/CQTL_AM7780_FNF_Ankle_1_verifyBamID.bestRG, output/QC/CQTL_AM7780_FNF_Ankle_1_verifyBamID.bestSM, output/QC/CQTL_AM7780_FNF_Ankle_1_verifyBamID.depthRG, output/QC/CQTL_AM7780_FNF_Ankle_1_verifyBamID.depthSM, output/QC/CQTL_AM7781_CTL_Ankle_1_verifyBamID.selfSM, output/QC/CQTL_AM7781_CTL_Ankle_1_verifyBamID.selfRG, output/QC/CQTL_AM7781_CTL_Ankle_1_verifyBamID.bestRG, output/QC/CQTL_AM7781_CTL_Ankle_1_verifyBamID.bestSM, output/QC/CQTL_AM7781_CTL_Ankle_1_verifyBamID.depthRG, output/QC/CQTL_AM7781_CTL_Ankle_1_verifyBamID.depthSM, output/QC/CQTL_AM7781_FNF_Ankle_1_verifyBamID.selfSM, output/QC/CQTL_AM7781_FNF_Ankle_1_verifyBamID.selfRG, output/QC/CQTL_AM7781_FNF_Ankle_1_verifyBamID.bestRG, output/QC/CQTL_AM7781_FNF_Ankle_1_verifyBamID.bestSM, output/QC/CQTL_AM7781_FNF_Ankle_1_verifyBamID.depthRG, output/QC/CQTL_AM7781_FNF_Ankle_1_verifyBamID.depthSM, output/QC/CQTL_AM7785_CTL_Ankle_1_verifyBamID.selfSM, output/QC/CQTL_AM7785_CTL_Ankle_1_verifyBamID.selfRG, output/QC/CQTL_AM7785_CTL_Ankle_1_verifyBamID.bestRG, output/QC/CQTL_AM7785_CTL_Ankle_1_verifyBamID.bestSM, output/QC/CQTL_AM7785_CTL_Ankle_1_verifyBamID.depthRG, output/QC/CQTL_AM7785_CTL_Ankle_1_verifyBamID.depthSM, output/QC/CQTL_AM7785_FNF_Ankle_1_verifyBamID.selfSM, output/QC/CQTL_AM7785_FNF_Ankle_1_verifyBamID.selfRG, output/QC/CQTL_AM7785_FNF_Ankle_1_verifyBamID.bestRG, output/QC/CQTL_AM7785_FNF_Ankle_1_verifyBamID.bestSM, output/QC/CQTL_AM7785_FNF_Ankle_1_verifyBamID.depthRG, output/QC/CQTL_AM7785_FNF_Ankle_1_verifyBamID.depthSM, output/QC/CQTL_AM7786_CTL_Ankle_1_verifyBamID.selfSM, output/QC/CQTL_AM7786_CTL_Ankle_1_verifyBamID.selfRG, output/QC/CQTL_AM7786_CTL_Ankle_1_verifyBamID.bestRG, output/QC/CQTL_AM7786_CTL_Ankle_1_verifyBamID.bestSM, output/QC/CQTL_AM7786_CTL_Ankle_1_verifyBamID.depthRG, output/QC/CQTL_AM7786_CTL_Ankle_1_verifyBamID.depthSM, output/QC/CQTL_AM7786_FNF_Ankle_1_verifyBamID.selfSM, output/QC/CQTL_AM7786_FNF_Ankle_1_verifyBamID.selfRG, output/QC/CQTL_AM7786_FNF_Ankle_1_verifyBamID.bestRG, output/QC/CQTL_AM7786_FNF_Ankle_1_verifyBamID.bestSM, output/QC/CQTL_AM7786_FNF_Ankle_1_verifyBamID.depthRG, output/QC/CQTL_AM7786_FNF_Ankle_1_verifyBamID.depthSM
    jobid: 0

[Thu Nov 28 06:33:03 2024]
Finished job 0.
43 of 43 steps (100%) done
Complete log: /work/users/s/e/seyoun/CQTL_AI/.snakemake/log/2024-11-28T000656.482427.snakemake.log
