Building DAG of jobs...
Using shell: /usr/bin/bash
Provided cluster nodes: 100
Job counts:
	count	jobs
	1	all
	58	catReads
	58	trim
	117

[Wed Sep 18 16:43:49 2024]
rule catReads:
    input: /proj/phanstiel_lab/Data/raw/CQTL/atac/02132023_nextseq_i7/CQTL_AM7711_A_FNF_18_1_S2_R1_001.fastq.gz, /proj/phanstiel_lab/Data/raw/CQTL/atac/02132023_nextseq_i7/CQTL_AM7711_A_FNF_18_1_S2_R2_001.fastq.gz
    output: output/fastq/CQTL_AM7711_FNF_Ankle_1_R1.fastq.gz, output/fastq/CQTL_AM7711_FNF_Ankle_1_R2.fastq.gz
    log: output/logs/CQTL_AM7711_FNF_Ankle_1_R1_catReads.err, output/logs/CQTL_AM7711_FNF_Ankle_1_R2_catReads.err
    jobid: 66
    benchmark: output/benchmarks/CQTL_AM7711_FNF_Ankle_1_catReads.tsv
    wildcards: sampleName=CQTL_AM7711_FNF_Ankle_1


        cat /proj/phanstiel_lab/Data/raw/CQTL/atac/02132023_nextseq_i7/CQTL_AM7711_A_FNF_18_1_S2_R1_001.fastq.gz > output/fastq/CQTL_AM7711_FNF_Ankle_1_R1.fastq.gz 2> output/logs/CQTL_AM7711_FNF_Ankle_1_R1_catReads.err
        cat /proj/phanstiel_lab/Data/raw/CQTL/atac/02132023_nextseq_i7/CQTL_AM7711_A_FNF_18_1_S2_R2_001.fastq.gz > output/fastq/CQTL_AM7711_FNF_Ankle_1_R2.fastq.gz 2> output/logs/CQTL_AM7711_FNF_Ankle_1_R2_catReads.err
        
Submitted job 66 with external jobid '49273047'.

[Wed Sep 18 16:43:54 2024]
rule catReads:
    input: /proj/phanstiel_lab/Data/raw/CQTL/atac/06292023_nextseq_i7/CQTL_AM778AN_A_FNF_18_1_S4_R1_001.fastq.gz, /proj/phanstiel_lab/Data/raw/CQTL/atac/06292023_nextseq_i7/CQTL_AM778AN_A_FNF_18_1_S4_R2_001.fastq.gz
    output: output/fastq/CQTL_AM7778_FNF_Ankle_1_R1.fastq.gz, output/fastq/CQTL_AM7778_FNF_Ankle_1_R2.fastq.gz
    log: output/logs/CQTL_AM7778_FNF_Ankle_1_R1_catReads.err, output/logs/CQTL_AM7778_FNF_Ankle_1_R2_catReads.err
    jobid: 98
    benchmark: output/benchmarks/CQTL_AM7778_FNF_Ankle_1_catReads.tsv
    wildcards: sampleName=CQTL_AM7778_FNF_Ankle_1


        cat /proj/phanstiel_lab/Data/raw/CQTL/atac/06292023_nextseq_i7/CQTL_AM778AN_A_FNF_18_1_S4_R1_001.fastq.gz > output/fastq/CQTL_AM7778_FNF_Ankle_1_R1.fastq.gz 2> output/logs/CQTL_AM7778_FNF_Ankle_1_R1_catReads.err
        cat /proj/phanstiel_lab/Data/raw/CQTL/atac/06292023_nextseq_i7/CQTL_AM778AN_A_FNF_18_1_S4_R2_001.fastq.gz > output/fastq/CQTL_AM7778_FNF_Ankle_1_R2.fastq.gz 2> output/logs/CQTL_AM7778_FNF_Ankle_1_R2_catReads.err
        
Submitted job 98 with external jobid '49273048'.

[Wed Sep 18 16:44:00 2024]
rule catReads:
    input: /proj/phanstiel_lab/Data/raw/CQTL/atac/07182023_nextseq_i7/CQTL_AM7754_A_FNF_18_2_S6_R1_001.fastq.gz, /proj/phanstiel_lab/Data/raw/CQTL/atac/07182023_nextseq_i7/CQTL_AM7754_A_FNF_18_2_S6_R2_001.fastq.gz
    output: output/fastq/CQTL_AM7754_FNF_Ankle_replicate_R1.fastq.gz, output/fastq/CQTL_AM7754_FNF_Ankle_replicate_R2.fastq.gz
    log: output/logs/CQTL_AM7754_FNF_Ankle_replicate_R1_catReads.err, output/logs/CQTL_AM7754_FNF_Ankle_replicate_R2_catReads.err
    jobid: 80
    benchmark: output/benchmarks/CQTL_AM7754_FNF_Ankle_replicate_catReads.tsv
    wildcards: sampleName=CQTL_AM7754_FNF_Ankle_replicate


        cat /proj/phanstiel_lab/Data/raw/CQTL/atac/07182023_nextseq_i7/CQTL_AM7754_A_FNF_18_2_S6_R1_001.fastq.gz > output/fastq/CQTL_AM7754_FNF_Ankle_replicate_R1.fastq.gz 2> output/logs/CQTL_AM7754_FNF_Ankle_replicate_R1_catReads.err
        cat /proj/phanstiel_lab/Data/raw/CQTL/atac/07182023_nextseq_i7/CQTL_AM7754_A_FNF_18_2_S6_R2_001.fastq.gz > output/fastq/CQTL_AM7754_FNF_Ankle_replicate_R2.fastq.gz 2> output/logs/CQTL_AM7754_FNF_Ankle_replicate_R2_catReads.err
        
Submitted job 80 with external jobid '49273050'.

[Wed Sep 18 16:44:05 2024]
rule catReads:
    input: /proj/phanstiel_lab/Data/raw/CQTL/atac/06292023_nextseq_i7/CQTL_AM778FE_A_FNF_18_1_S6_R1_001.fastq.gz, /proj/phanstiel_lab/Data/raw/CQTL/atac/06292023_nextseq_i7/CQTL_AM778FE_A_FNF_18_1_S6_R2_001.fastq.gz
    output: output/fastq/CQTL_AM7778FE_FNF_Femur_1_R1.fastq.gz, output/fastq/CQTL_AM7778FE_FNF_Femur_1_R2.fastq.gz
    log: output/logs/CQTL_AM7778FE_FNF_Femur_1_R1_catReads.err, output/logs/CQTL_AM7778FE_FNF_Femur_1_R2_catReads.err
    jobid: 96
    benchmark: output/benchmarks/CQTL_AM7778FE_FNF_Femur_1_catReads.tsv
    wildcards: sampleName=CQTL_AM7778FE_FNF_Femur_1


        cat /proj/phanstiel_lab/Data/raw/CQTL/atac/06292023_nextseq_i7/CQTL_AM778FE_A_FNF_18_1_S6_R1_001.fastq.gz > output/fastq/CQTL_AM7778FE_FNF_Femur_1_R1.fastq.gz 2> output/logs/CQTL_AM7778FE_FNF_Femur_1_R1_catReads.err
        cat /proj/phanstiel_lab/Data/raw/CQTL/atac/06292023_nextseq_i7/CQTL_AM778FE_A_FNF_18_1_S6_R2_001.fastq.gz > output/fastq/CQTL_AM7778FE_FNF_Femur_1_R2.fastq.gz 2> output/logs/CQTL_AM7778FE_FNF_Femur_1_R2_catReads.err
        
Submitted job 96 with external jobid '49273051'.

[Wed Sep 18 16:44:11 2024]
rule catReads:
    input: /proj/phanstiel_lab/Data/raw/CQTL/atac/06232023_nextseq_i7/CQTL_AM7769_A_FNF_18_1_S4_R1_001.fastq.gz, /proj/phanstiel_lab/Data/raw/CQTL/atac/06232023_nextseq_i7/CQTL_AM7769_A_FNF_18_1_S4_R2_001.fastq.gz
    output: output/fastq/CQTL_AM7769_FNF_Ankle_1_R1.fastq.gz, output/fastq/CQTL_AM7769_FNF_Ankle_1_R2.fastq.gz
    log: output/logs/CQTL_AM7769_FNF_Ankle_1_R1_catReads.err, output/logs/CQTL_AM7769_FNF_Ankle_1_R2_catReads.err
    jobid: 90
    benchmark: output/benchmarks/CQTL_AM7769_FNF_Ankle_1_catReads.tsv
    wildcards: sampleName=CQTL_AM7769_FNF_Ankle_1


        cat /proj/phanstiel_lab/Data/raw/CQTL/atac/06232023_nextseq_i7/CQTL_AM7769_A_FNF_18_1_S4_R1_001.fastq.gz > output/fastq/CQTL_AM7769_FNF_Ankle_1_R1.fastq.gz 2> output/logs/CQTL_AM7769_FNF_Ankle_1_R1_catReads.err
        cat /proj/phanstiel_lab/Data/raw/CQTL/atac/06232023_nextseq_i7/CQTL_AM7769_A_FNF_18_1_S4_R2_001.fastq.gz > output/fastq/CQTL_AM7769_FNF_Ankle_1_R2.fastq.gz 2> output/logs/CQTL_AM7769_FNF_Ankle_1_R2_catReads.err
        
Submitted job 90 with external jobid '49273052'.

[Wed Sep 18 16:44:16 2024]
rule catReads:
    input: /proj/phanstiel_lab/Data/raw/FACT/atac/FACT_23-0013_A_FNF_18_1_S2_R1_001.fastq.gz, /proj/phanstiel_lab/Data/raw/FACT/atac/FACT_23-0013_A_FNF_18_1_S2_R2_001.fastq.gz
    output: output/fastq/FACT_23-0013_FNF_synovium_1_R1.fastq.gz, output/fastq/FACT_23-0013_FNF_synovium_1_R2.fastq.gz
    log: output/logs/FACT_23-0013_FNF_synovium_1_R1_catReads.err, output/logs/FACT_23-0013_FNF_synovium_1_R2_catReads.err
    jobid: 108
    benchmark: output/benchmarks/FACT_23-0013_FNF_synovium_1_catReads.tsv
    wildcards: sampleName=FACT_23-0013_FNF_synovium_1


        cat /proj/phanstiel_lab/Data/raw/FACT/atac/FACT_23-0013_A_FNF_18_1_S2_R1_001.fastq.gz > output/fastq/FACT_23-0013_FNF_synovium_1_R1.fastq.gz 2> output/logs/FACT_23-0013_FNF_synovium_1_R1_catReads.err
        cat /proj/phanstiel_lab/Data/raw/FACT/atac/FACT_23-0013_A_FNF_18_1_S2_R2_001.fastq.gz > output/fastq/FACT_23-0013_FNF_synovium_1_R2.fastq.gz 2> output/logs/FACT_23-0013_FNF_synovium_1_R2_catReads.err
        
Submitted job 108 with external jobid '49273058'.

[Wed Sep 18 16:44:22 2024]
rule catReads:
    input: /proj/phanstiel_lab/Data/raw/CQTL/atac/06022023_nextse_i7/CQTL_AM7754_A_CTL_18_1_S1_R1_001.fastq.gz, /proj/phanstiel_lab/Data/raw/CQTL/atac/06022023_nextse_i7/CQTL_AM7754_A_CTL_18_1_S1_R2_001.fastq.gz
    output: output/fastq/CQTL_AM7754_CTL_Ankle_1_R1.fastq.gz, output/fastq/CQTL_AM7754_CTL_Ankle_1_R2.fastq.gz
    log: output/logs/CQTL_AM7754_CTL_Ankle_1_R1_catReads.err, output/logs/CQTL_AM7754_CTL_Ankle_1_R2_catReads.err
    jobid: 77
    benchmark: output/benchmarks/CQTL_AM7754_CTL_Ankle_1_catReads.tsv
    wildcards: sampleName=CQTL_AM7754_CTL_Ankle_1


        cat /proj/phanstiel_lab/Data/raw/CQTL/atac/06022023_nextse_i7/CQTL_AM7754_A_CTL_18_1_S1_R1_001.fastq.gz > output/fastq/CQTL_AM7754_CTL_Ankle_1_R1.fastq.gz 2> output/logs/CQTL_AM7754_CTL_Ankle_1_R1_catReads.err
        cat /proj/phanstiel_lab/Data/raw/CQTL/atac/06022023_nextse_i7/CQTL_AM7754_A_CTL_18_1_S1_R2_001.fastq.gz > output/fastq/CQTL_AM7754_CTL_Ankle_1_R2.fastq.gz 2> output/logs/CQTL_AM7754_CTL_Ankle_1_R2_catReads.err
        
Submitted job 77 with external jobid '49273059'.

[Wed Sep 18 16:44:27 2024]
rule catReads:
    input: /proj/phanstiel_lab/Data/raw/CQTL/atac/05012023_nextseq_i7/CQTL_AM7626_A_FNF_18_2_S2_R1_001.fastq.gz, /proj/phanstiel_lab/Data/raw/CQTL/atac/05012023_nextseq_i7/CQTL_AM7626_A_FNF_18_2_S2_R2_001.fastq.gz
    output: output/fastq/CQTL_AM7726_FNF_Ankle_1_R1.fastq.gz, output/fastq/CQTL_AM7726_FNF_Ankle_1_R2.fastq.gz
    log: output/logs/CQTL_AM7726_FNF_Ankle_1_R1_catReads.err, output/logs/CQTL_AM7726_FNF_Ankle_1_R2_catReads.err
    jobid: 72
    benchmark: output/benchmarks/CQTL_AM7726_FNF_Ankle_1_catReads.tsv
    wildcards: sampleName=CQTL_AM7726_FNF_Ankle_1


        cat /proj/phanstiel_lab/Data/raw/CQTL/atac/05012023_nextseq_i7/CQTL_AM7626_A_FNF_18_2_S2_R1_001.fastq.gz > output/fastq/CQTL_AM7726_FNF_Ankle_1_R1.fastq.gz 2> output/logs/CQTL_AM7726_FNF_Ankle_1_R1_catReads.err
        cat /proj/phanstiel_lab/Data/raw/CQTL/atac/05012023_nextseq_i7/CQTL_AM7626_A_FNF_18_2_S2_R2_001.fastq.gz > output/fastq/CQTL_AM7726_FNF_Ankle_1_R2.fastq.gz 2> output/logs/CQTL_AM7726_FNF_Ankle_1_R2_catReads.err
        
Submitted job 72 with external jobid '49273060'.

[Wed Sep 18 16:44:32 2024]
rule catReads:
    input: /proj/phanstiel_lab/Data/raw/CQTL/atac/06022023_nextse_i7/CQTL_AM7754_A_FNF_18_1_S2_R1_001.fastq.gz, /proj/phanstiel_lab/Data/raw/CQTL/atac/06022023_nextse_i7/CQTL_AM7754_A_FNF_18_1_S2_R2_001.fastq.gz
    output: output/fastq/CQTL_AM7754_FNF_Ankle_1_R1.fastq.gz, output/fastq/CQTL_AM7754_FNF_Ankle_1_R2.fastq.gz
    log: output/logs/CQTL_AM7754_FNF_Ankle_1_R1_catReads.err, output/logs/CQTL_AM7754_FNF_Ankle_1_R2_catReads.err
    jobid: 79
    benchmark: output/benchmarks/CQTL_AM7754_FNF_Ankle_1_catReads.tsv
    wildcards: sampleName=CQTL_AM7754_FNF_Ankle_1


        cat /proj/phanstiel_lab/Data/raw/CQTL/atac/06022023_nextse_i7/CQTL_AM7754_A_FNF_18_1_S2_R1_001.fastq.gz > output/fastq/CQTL_AM7754_FNF_Ankle_1_R1.fastq.gz 2> output/logs/CQTL_AM7754_FNF_Ankle_1_R1_catReads.err
        cat /proj/phanstiel_lab/Data/raw/CQTL/atac/06022023_nextse_i7/CQTL_AM7754_A_FNF_18_1_S2_R2_001.fastq.gz > output/fastq/CQTL_AM7754_FNF_Ankle_1_R2.fastq.gz 2> output/logs/CQTL_AM7754_FNF_Ankle_1_R2_catReads.err
        
Submitted job 79 with external jobid '49273061'.

[Wed Sep 18 16:44:38 2024]
rule catReads:
    input: /proj/phanstiel_lab/Data/raw/CQTL/atac/02132023_nextseq_i7/CQTL_AM7712_A_CTL_18_1_S3_R1_001.fastq.gz, /proj/phanstiel_lab/Data/raw/CQTL/atac/02132023_nextseq_i7/CQTL_AM7712_A_CTL_18_1_S3_R2_001.fastq.gz
    output: output/fastq/CQTL_AM7712_CTL_Ankle_1_R1.fastq.gz, output/fastq/CQTL_AM7712_CTL_Ankle_1_R2.fastq.gz
    log: output/logs/CQTL_AM7712_CTL_Ankle_1_R1_catReads.err, output/logs/CQTL_AM7712_CTL_Ankle_1_R2_catReads.err
    jobid: 67
    benchmark: output/benchmarks/CQTL_AM7712_CTL_Ankle_1_catReads.tsv
    wildcards: sampleName=CQTL_AM7712_CTL_Ankle_1


        cat /proj/phanstiel_lab/Data/raw/CQTL/atac/02132023_nextseq_i7/CQTL_AM7712_A_CTL_18_1_S3_R1_001.fastq.gz > output/fastq/CQTL_AM7712_CTL_Ankle_1_R1.fastq.gz 2> output/logs/CQTL_AM7712_CTL_Ankle_1_R1_catReads.err
        cat /proj/phanstiel_lab/Data/raw/CQTL/atac/02132023_nextseq_i7/CQTL_AM7712_A_CTL_18_1_S3_R2_001.fastq.gz > output/fastq/CQTL_AM7712_CTL_Ankle_1_R2.fastq.gz 2> output/logs/CQTL_AM7712_CTL_Ankle_1_R2_catReads.err
        
Submitted job 67 with external jobid '49273062'.

[Wed Sep 18 16:44:43 2024]
rule catReads:
    input: /proj/phanstiel_lab/Data/raw/FACT/atac/FACT_23-0023_A_FNF_18_1_S8_R1_001.fastq.gz, /proj/phanstiel_lab/Data/raw/FACT/atac/FACT_23-0023_A_FNF_18_1_S8_R2_001.fastq.gz
    output: output/fastq/FACT_23-0023_FNF_synovium_1_R1.fastq.gz, output/fastq/FACT_23-0023_FNF_synovium_1_R2.fastq.gz
    log: output/logs/FACT_23-0023_FNF_synovium_1_R1_catReads.err, output/logs/FACT_23-0023_FNF_synovium_1_R2_catReads.err
    jobid: 114
    benchmark: output/benchmarks/FACT_23-0023_FNF_synovium_1_catReads.tsv
    wildcards: sampleName=FACT_23-0023_FNF_synovium_1


        cat /proj/phanstiel_lab/Data/raw/FACT/atac/FACT_23-0023_A_FNF_18_1_S8_R1_001.fastq.gz > output/fastq/FACT_23-0023_FNF_synovium_1_R1.fastq.gz 2> output/logs/FACT_23-0023_FNF_synovium_1_R1_catReads.err
        cat /proj/phanstiel_lab/Data/raw/FACT/atac/FACT_23-0023_A_FNF_18_1_S8_R2_001.fastq.gz > output/fastq/FACT_23-0023_FNF_synovium_1_R2.fastq.gz 2> output/logs/FACT_23-0023_FNF_synovium_1_R2_catReads.err
        
Submitted job 114 with external jobid '49273064'.

[Wed Sep 18 16:44:49 2024]
rule catReads:
    input: /proj/phanstiel_lab/Data/raw/CQTL/atac/06292023_nextseq_i7/CQTL_AM778AN_A_CTL_18_1_S3_R1_001.fastq.gz, /proj/phanstiel_lab/Data/raw/CQTL/atac/06292023_nextseq_i7/CQTL_AM778AN_A_CTL_18_1_S3_R2_001.fastq.gz
    output: output/fastq/CQTL_AM7778_CTL_Ankle_1_R1.fastq.gz, output/fastq/CQTL_AM7778_CTL_Ankle_1_R2.fastq.gz
    log: output/logs/CQTL_AM7778_CTL_Ankle_1_R1_catReads.err, output/logs/CQTL_AM7778_CTL_Ankle_1_R2_catReads.err
    jobid: 97
    benchmark: output/benchmarks/CQTL_AM7778_CTL_Ankle_1_catReads.tsv
    wildcards: sampleName=CQTL_AM7778_CTL_Ankle_1


        cat /proj/phanstiel_lab/Data/raw/CQTL/atac/06292023_nextseq_i7/CQTL_AM778AN_A_CTL_18_1_S3_R1_001.fastq.gz > output/fastq/CQTL_AM7778_CTL_Ankle_1_R1.fastq.gz 2> output/logs/CQTL_AM7778_CTL_Ankle_1_R1_catReads.err
        cat /proj/phanstiel_lab/Data/raw/CQTL/atac/06292023_nextseq_i7/CQTL_AM778AN_A_CTL_18_1_S3_R2_001.fastq.gz > output/fastq/CQTL_AM7778_CTL_Ankle_1_R2.fastq.gz 2> output/logs/CQTL_AM7778_CTL_Ankle_1_R2_catReads.err
        
Submitted job 97 with external jobid '49273067'.

[Wed Sep 18 16:44:54 2024]
rule catReads:
    input: /proj/phanstiel_lab/Data/raw/CQTL/atac/06292023_nextseq_i7/CQTL_AM7775_A_FNF_18_1_S2_R1_001.fastq.gz, /proj/phanstiel_lab/Data/raw/CQTL/atac/06292023_nextseq_i7/CQTL_AM7775_A_FNF_18_1_S2_R2_001.fastq.gz
    output: output/fastq/CQTL_AM7775_FNF_Ankle_1_R1.fastq.gz, output/fastq/CQTL_AM7775_FNF_Ankle_1_R2.fastq.gz
    log: output/logs/CQTL_AM7775_FNF_Ankle_1_R1_catReads.err, output/logs/CQTL_AM7775_FNF_Ankle_1_R2_catReads.err
    jobid: 94
    benchmark: output/benchmarks/CQTL_AM7775_FNF_Ankle_1_catReads.tsv
    wildcards: sampleName=CQTL_AM7775_FNF_Ankle_1


        cat /proj/phanstiel_lab/Data/raw/CQTL/atac/06292023_nextseq_i7/CQTL_AM7775_A_FNF_18_1_S2_R1_001.fastq.gz > output/fastq/CQTL_AM7775_FNF_Ankle_1_R1.fastq.gz 2> output/logs/CQTL_AM7775_FNF_Ankle_1_R1_catReads.err
        cat /proj/phanstiel_lab/Data/raw/CQTL/atac/06292023_nextseq_i7/CQTL_AM7775_A_FNF_18_1_S2_R2_001.fastq.gz > output/fastq/CQTL_AM7775_FNF_Ankle_1_R2.fastq.gz 2> output/logs/CQTL_AM7775_FNF_Ankle_1_R2_catReads.err
        
Submitted job 94 with external jobid '49273068'.

[Wed Sep 18 16:45:01 2024]
rule catReads:
    input: /proj/phanstiel_lab/Data/raw/FACT/atac/FACT_23-0025_A_FNF_18_1_S10_R1_001.fastq.gz, /proj/phanstiel_lab/Data/raw/FACT/atac/FACT_23-0025_A_FNF_18_1_S10_R2_001.fastq.gz
    output: output/fastq/FACT_23-0025_FNF_synovium_1_R1.fastq.gz, output/fastq/FACT_23-0025_FNF_synovium_1_R2.fastq.gz
    log: output/logs/FACT_23-0025_FNF_synovium_1_R1_catReads.err, output/logs/FACT_23-0025_FNF_synovium_1_R2_catReads.err
    jobid: 116
    benchmark: output/benchmarks/FACT_23-0025_FNF_synovium_1_catReads.tsv
    wildcards: sampleName=FACT_23-0025_FNF_synovium_1


        cat /proj/phanstiel_lab/Data/raw/FACT/atac/FACT_23-0025_A_FNF_18_1_S10_R1_001.fastq.gz > output/fastq/FACT_23-0025_FNF_synovium_1_R1.fastq.gz 2> output/logs/FACT_23-0025_FNF_synovium_1_R1_catReads.err
        cat /proj/phanstiel_lab/Data/raw/FACT/atac/FACT_23-0025_A_FNF_18_1_S10_R2_001.fastq.gz > output/fastq/FACT_23-0025_FNF_synovium_1_R2.fastq.gz 2> output/logs/FACT_23-0025_FNF_synovium_1_R2_catReads.err
        
Submitted job 116 with external jobid '49273072'.

[Wed Sep 18 16:45:07 2024]
rule catReads:
    input: /proj/phanstiel_lab/Data/raw/CQTL/atac/07182023_nextseq_i7/CQTL_AM7754_A_CTL_18_2_S5_R1_001.fastq.gz, /proj/phanstiel_lab/Data/raw/CQTL/atac/07182023_nextseq_i7/CQTL_AM7754_A_CTL_18_2_S5_R2_001.fastq.gz
    output: output/fastq/CQTL_AM7754_CTL_Ankle_replicate_R1.fastq.gz, output/fastq/CQTL_AM7754_CTL_Ankle_replicate_R2.fastq.gz
    log: output/logs/CQTL_AM7754_CTL_Ankle_replicate_R1_catReads.err, output/logs/CQTL_AM7754_CTL_Ankle_replicate_R2_catReads.err
    jobid: 78
    benchmark: output/benchmarks/CQTL_AM7754_CTL_Ankle_replicate_catReads.tsv
    wildcards: sampleName=CQTL_AM7754_CTL_Ankle_replicate


        cat /proj/phanstiel_lab/Data/raw/CQTL/atac/07182023_nextseq_i7/CQTL_AM7754_A_CTL_18_2_S5_R1_001.fastq.gz > output/fastq/CQTL_AM7754_CTL_Ankle_replicate_R1.fastq.gz 2> output/logs/CQTL_AM7754_CTL_Ankle_replicate_R1_catReads.err
        cat /proj/phanstiel_lab/Data/raw/CQTL/atac/07182023_nextseq_i7/CQTL_AM7754_A_CTL_18_2_S5_R2_001.fastq.gz > output/fastq/CQTL_AM7754_CTL_Ankle_replicate_R2.fastq.gz 2> output/logs/CQTL_AM7754_CTL_Ankle_replicate_R2_catReads.err
        
Submitted job 78 with external jobid '49273074'.

[Wed Sep 18 16:45:12 2024]
rule catReads:
    input: /proj/phanstiel_lab/Data/raw/CQTL/atac/07182023_nextseq_i7/CQTL_AM7780_A_FNF_18_2_S2_R1_001.fastq.gz, /proj/phanstiel_lab/Data/raw/CQTL/atac/07182023_nextseq_i7/CQTL_AM7780_A_FNF_18_2_S2_R2_001.fastq.gz
    output: output/fastq/CQTL_AM7780_FNF_Ankle_1_R1.fastq.gz, output/fastq/CQTL_AM7780_FNF_Ankle_1_R2.fastq.gz
    log: output/logs/CQTL_AM7780_FNF_Ankle_1_R1_catReads.err, output/logs/CQTL_AM7780_FNF_Ankle_1_R2_catReads.err
    jobid: 100
    benchmark: output/benchmarks/CQTL_AM7780_FNF_Ankle_1_catReads.tsv
    wildcards: sampleName=CQTL_AM7780_FNF_Ankle_1


        cat /proj/phanstiel_lab/Data/raw/CQTL/atac/07182023_nextseq_i7/CQTL_AM7780_A_FNF_18_2_S2_R1_001.fastq.gz > output/fastq/CQTL_AM7780_FNF_Ankle_1_R1.fastq.gz 2> output/logs/CQTL_AM7780_FNF_Ankle_1_R1_catReads.err
        cat /proj/phanstiel_lab/Data/raw/CQTL/atac/07182023_nextseq_i7/CQTL_AM7780_A_FNF_18_2_S2_R2_001.fastq.gz > output/fastq/CQTL_AM7780_FNF_Ankle_1_R2.fastq.gz 2> output/logs/CQTL_AM7780_FNF_Ankle_1_R2_catReads.err
        
Submitted job 100 with external jobid '49273075'.

[Wed Sep 18 16:45:18 2024]
rule catReads:
    input: /proj/phanstiel_lab/Data/raw/FACT/atac/FACT_23-0025_A_CTL_18_1_S9_R1_001.fastq.gz, /proj/phanstiel_lab/Data/raw/FACT/atac/FACT_23-0025_A_CTL_18_1_S9_R2_001.fastq.gz
    output: output/fastq/FACT_23-0025_CTL_synovium_1_R1.fastq.gz, output/fastq/FACT_23-0025_CTL_synovium_1_R2.fastq.gz
    log: output/logs/FACT_23-0025_CTL_synovium_1_R1_catReads.err, output/logs/FACT_23-0025_CTL_synovium_1_R2_catReads.err
    jobid: 115
    benchmark: output/benchmarks/FACT_23-0025_CTL_synovium_1_catReads.tsv
    wildcards: sampleName=FACT_23-0025_CTL_synovium_1


        cat /proj/phanstiel_lab/Data/raw/FACT/atac/FACT_23-0025_A_CTL_18_1_S9_R1_001.fastq.gz > output/fastq/FACT_23-0025_CTL_synovium_1_R1.fastq.gz 2> output/logs/FACT_23-0025_CTL_synovium_1_R1_catReads.err
        cat /proj/phanstiel_lab/Data/raw/FACT/atac/FACT_23-0025_A_CTL_18_1_S9_R2_001.fastq.gz > output/fastq/FACT_23-0025_CTL_synovium_1_R2.fastq.gz 2> output/logs/FACT_23-0025_CTL_synovium_1_R2_catReads.err
        
Submitted job 115 with external jobid '49273076'.

[Wed Sep 18 16:45:23 2024]
rule catReads:
    input: /proj/phanstiel_lab/Data/raw/CQTL/atac/02132023_nextseq_i7/CQTL_AM7711_A_CTL_18_1_S1_R1_001.fastq.gz, /proj/phanstiel_lab/Data/raw/CQTL/atac/02132023_nextseq_i7/CQTL_AM7711_A_CTL_18_1_S1_R2_001.fastq.gz
    output: output/fastq/CQTL_AM7711_CTL_Ankle_1_R1.fastq.gz, output/fastq/CQTL_AM7711_CTL_Ankle_1_R2.fastq.gz
    log: output/logs/CQTL_AM7711_CTL_Ankle_1_R1_catReads.err, output/logs/CQTL_AM7711_CTL_Ankle_1_R2_catReads.err
    jobid: 65
    benchmark: output/benchmarks/CQTL_AM7711_CTL_Ankle_1_catReads.tsv
    wildcards: sampleName=CQTL_AM7711_CTL_Ankle_1


        cat /proj/phanstiel_lab/Data/raw/CQTL/atac/02132023_nextseq_i7/CQTL_AM7711_A_CTL_18_1_S1_R1_001.fastq.gz > output/fastq/CQTL_AM7711_CTL_Ankle_1_R1.fastq.gz 2> output/logs/CQTL_AM7711_CTL_Ankle_1_R1_catReads.err
        cat /proj/phanstiel_lab/Data/raw/CQTL/atac/02132023_nextseq_i7/CQTL_AM7711_A_CTL_18_1_S1_R2_001.fastq.gz > output/fastq/CQTL_AM7711_CTL_Ankle_1_R2.fastq.gz 2> output/logs/CQTL_AM7711_CTL_Ankle_1_R2_catReads.err
        
Submitted job 65 with external jobid '49273077'.

[Wed Sep 18 16:45:28 2024]
rule catReads:
    input: /proj/phanstiel_lab/Data/raw/CQTL/atac/06232023_nextseq_i7/CQTL_AM7771_A_FNF_18_2_S6_R1_001.fastq.gz, /proj/phanstiel_lab/Data/raw/CQTL/atac/06232023_nextseq_i7/CQTL_AM7771_A_FNF_18_2_S6_R2_001.fastq.gz
    output: output/fastq/CQTL_AM7771_FNF_Ankle_1_R1.fastq.gz, output/fastq/CQTL_AM7771_FNF_Ankle_1_R2.fastq.gz
    log: output/logs/CQTL_AM7771_FNF_Ankle_1_R1_catReads.err, output/logs/CQTL_AM7771_FNF_Ankle_1_R2_catReads.err
    jobid: 92
    benchmark: output/benchmarks/CQTL_AM7771_FNF_Ankle_1_catReads.tsv
    wildcards: sampleName=CQTL_AM7771_FNF_Ankle_1


        cat /proj/phanstiel_lab/Data/raw/CQTL/atac/06232023_nextseq_i7/CQTL_AM7771_A_FNF_18_2_S6_R1_001.fastq.gz > output/fastq/CQTL_AM7771_FNF_Ankle_1_R1.fastq.gz 2> output/logs/CQTL_AM7771_FNF_Ankle_1_R1_catReads.err
        cat /proj/phanstiel_lab/Data/raw/CQTL/atac/06232023_nextseq_i7/CQTL_AM7771_A_FNF_18_2_S6_R2_001.fastq.gz > output/fastq/CQTL_AM7771_FNF_Ankle_1_R2.fastq.gz 2> output/logs/CQTL_AM7771_FNF_Ankle_1_R2_catReads.err
        
Submitted job 92 with external jobid '49273078'.

[Wed Sep 18 16:45:34 2024]
rule catReads:
    input: /proj/phanstiel_lab/Data/raw/FACT/atac/FACT_23-0022_A_CTL_18_1_S5_R1_001.fastq.gz, /proj/phanstiel_lab/Data/raw/FACT/atac/FACT_23-0022_A_CTL_18_1_S5_R2_001.fastq.gz
    output: output/fastq/FACT_23-0022_CTL_synovium_1_R1.fastq.gz, output/fastq/FACT_23-0022_CTL_synovium_1_R2.fastq.gz
    log: output/logs/FACT_23-0022_CTL_synovium_1_R1_catReads.err, output/logs/FACT_23-0022_CTL_synovium_1_R2_catReads.err
    jobid: 111
    benchmark: output/benchmarks/FACT_23-0022_CTL_synovium_1_catReads.tsv
    wildcards: sampleName=FACT_23-0022_CTL_synovium_1


        cat /proj/phanstiel_lab/Data/raw/FACT/atac/FACT_23-0022_A_CTL_18_1_S5_R1_001.fastq.gz > output/fastq/FACT_23-0022_CTL_synovium_1_R1.fastq.gz 2> output/logs/FACT_23-0022_CTL_synovium_1_R1_catReads.err
        cat /proj/phanstiel_lab/Data/raw/FACT/atac/FACT_23-0022_A_CTL_18_1_S5_R2_001.fastq.gz > output/fastq/FACT_23-0022_CTL_synovium_1_R2.fastq.gz 2> output/logs/FACT_23-0022_CTL_synovium_1_R2_catReads.err
        
Submitted job 111 with external jobid '49273080'.

[Wed Sep 18 16:45:41 2024]
rule catReads:
    input: /proj/phanstiel_lab/Data/raw/CQTL/atac/07182023_nextseq_i7/CQTL_AM7780_A_CTL_18_2_S1_R1_001.fastq.gz, /proj/phanstiel_lab/Data/raw/CQTL/atac/07182023_nextseq_i7/CQTL_AM7780_A_CTL_18_2_S1_R2_001.fastq.gz
    output: output/fastq/CQTL_AM7780_CTL_Ankle_1_R1.fastq.gz, output/fastq/CQTL_AM7780_CTL_Ankle_1_R2.fastq.gz
    log: output/logs/CQTL_AM7780_CTL_Ankle_1_R1_catReads.err, output/logs/CQTL_AM7780_CTL_Ankle_1_R2_catReads.err
    jobid: 99
    benchmark: output/benchmarks/CQTL_AM7780_CTL_Ankle_1_catReads.tsv
    wildcards: sampleName=CQTL_AM7780_CTL_Ankle_1


        cat /proj/phanstiel_lab/Data/raw/CQTL/atac/07182023_nextseq_i7/CQTL_AM7780_A_CTL_18_2_S1_R1_001.fastq.gz > output/fastq/CQTL_AM7780_CTL_Ankle_1_R1.fastq.gz 2> output/logs/CQTL_AM7780_CTL_Ankle_1_R1_catReads.err
        cat /proj/phanstiel_lab/Data/raw/CQTL/atac/07182023_nextseq_i7/CQTL_AM7780_A_CTL_18_2_S1_R2_001.fastq.gz > output/fastq/CQTL_AM7780_CTL_Ankle_1_R2.fastq.gz 2> output/logs/CQTL_AM7780_CTL_Ankle_1_R2_catReads.err
        
Submitted job 99 with external jobid '49273083'.

[Wed Sep 18 16:45:46 2024]
rule catReads:
    input: /proj/phanstiel_lab/Data/raw/FACT/atac/FACT_23-0013_A_CTL_18_1_S1_R1_001.fastq.gz, /proj/phanstiel_lab/Data/raw/FACT/atac/FACT_23-0013_A_CTL_18_1_S1_R2_001.fastq.gz
    output: output/fastq/FACT_23-0013_CTL_synovium_1_R1.fastq.gz, output/fastq/FACT_23-0013_CTL_synovium_1_R2.fastq.gz
    log: output/logs/FACT_23-0013_CTL_synovium_1_R1_catReads.err, output/logs/FACT_23-0013_CTL_synovium_1_R2_catReads.err
    jobid: 107
    benchmark: output/benchmarks/FACT_23-0013_CTL_synovium_1_catReads.tsv
    wildcards: sampleName=FACT_23-0013_CTL_synovium_1


        cat /proj/phanstiel_lab/Data/raw/FACT/atac/FACT_23-0013_A_CTL_18_1_S1_R1_001.fastq.gz > output/fastq/FACT_23-0013_CTL_synovium_1_R1.fastq.gz 2> output/logs/FACT_23-0013_CTL_synovium_1_R1_catReads.err
        cat /proj/phanstiel_lab/Data/raw/FACT/atac/FACT_23-0013_A_CTL_18_1_S1_R2_001.fastq.gz > output/fastq/FACT_23-0013_CTL_synovium_1_R2.fastq.gz 2> output/logs/FACT_23-0013_CTL_synovium_1_R2_catReads.err
        
Submitted job 107 with external jobid '49273084'.

[Wed Sep 18 16:45:52 2024]
rule catReads:
    input: /proj/phanstiel_lab/Data/raw/CQTL/atac/06232023_nextseq_i7/CQTL_AM7765_A_FNF_18_1_S2_R1_001.fastq.gz, /proj/phanstiel_lab/Data/raw/CQTL/atac/06232023_nextseq_i7/CQTL_AM7765_A_FNF_18_1_S2_R2_001.fastq.gz
    output: output/fastq/CQTL_AM7765_FNF_Ankle_1_R1.fastq.gz, output/fastq/CQTL_AM7765_FNF_Ankle_1_R2.fastq.gz
    log: output/logs/CQTL_AM7765_FNF_Ankle_1_R1_catReads.err, output/logs/CQTL_AM7765_FNF_Ankle_1_R2_catReads.err
    jobid: 88
    benchmark: output/benchmarks/CQTL_AM7765_FNF_Ankle_1_catReads.tsv
    wildcards: sampleName=CQTL_AM7765_FNF_Ankle_1


        cat /proj/phanstiel_lab/Data/raw/CQTL/atac/06232023_nextseq_i7/CQTL_AM7765_A_FNF_18_1_S2_R1_001.fastq.gz > output/fastq/CQTL_AM7765_FNF_Ankle_1_R1.fastq.gz 2> output/logs/CQTL_AM7765_FNF_Ankle_1_R1_catReads.err
        cat /proj/phanstiel_lab/Data/raw/CQTL/atac/06232023_nextseq_i7/CQTL_AM7765_A_FNF_18_1_S2_R2_001.fastq.gz > output/fastq/CQTL_AM7765_FNF_Ankle_1_R2.fastq.gz 2> output/logs/CQTL_AM7765_FNF_Ankle_1_R2_catReads.err
        
Submitted job 88 with external jobid '49273085'.

[Wed Sep 18 16:45:57 2024]
rule catReads:
    input: /proj/phanstiel_lab/Data/raw/CQTL/atac/12072022_nextseq_i7/fastq/CQTL_AM7677_A_CTL_18_1_S1_R1_001.fastq.gz, /proj/phanstiel_lab/Data/raw/CQTL/atac/12072022_nextseq_i7/fastq/CQTL_AM7677_A_CTL_18_1_S1_R2_001.fastq.gz
    output: output/fastq/CQTL_AM7677_CTL_Ankle_1_R1.fastq.gz, output/fastq/CQTL_AM7677_CTL_Ankle_1_R2.fastq.gz
    log: output/logs/CQTL_AM7677_CTL_Ankle_1_R1_catReads.err, output/logs/CQTL_AM7677_CTL_Ankle_1_R2_catReads.err
    jobid: 59
    benchmark: output/benchmarks/CQTL_AM7677_CTL_Ankle_1_catReads.tsv
    wildcards: sampleName=CQTL_AM7677_CTL_Ankle_1


        cat /proj/phanstiel_lab/Data/raw/CQTL/atac/12072022_nextseq_i7/fastq/CQTL_AM7677_A_CTL_18_1_S1_R1_001.fastq.gz > output/fastq/CQTL_AM7677_CTL_Ankle_1_R1.fastq.gz 2> output/logs/CQTL_AM7677_CTL_Ankle_1_R1_catReads.err
        cat /proj/phanstiel_lab/Data/raw/CQTL/atac/12072022_nextseq_i7/fastq/CQTL_AM7677_A_CTL_18_1_S1_R2_001.fastq.gz > output/fastq/CQTL_AM7677_CTL_Ankle_1_R2.fastq.gz 2> output/logs/CQTL_AM7677_CTL_Ankle_1_R2_catReads.err
        
Submitted job 59 with external jobid '49273087'.

[Wed Sep 18 16:46:03 2024]
rule catReads:
    input: /proj/phanstiel_lab/Data/raw/CQTL/atac/08022023_nextseq_i7/CQTL_AM7786_A_FNF_18_1_S4_R1_001.fastq.gz, /proj/phanstiel_lab/Data/raw/CQTL/atac/08022023_nextseq_i7/CQTL_AM7786_A_FNF_18_1_S4_R2_001.fastq.gz
    output: output/fastq/CQTL_AM7786_FNF_Ankle_1_R1.fastq.gz, output/fastq/CQTL_AM7786_FNF_Ankle_1_R2.fastq.gz
    log: output/logs/CQTL_AM7786_FNF_Ankle_1_R1_catReads.err, output/logs/CQTL_AM7786_FNF_Ankle_1_R2_catReads.err
    jobid: 106
    benchmark: output/benchmarks/CQTL_AM7786_FNF_Ankle_1_catReads.tsv
    wildcards: sampleName=CQTL_AM7786_FNF_Ankle_1


        cat /proj/phanstiel_lab/Data/raw/CQTL/atac/08022023_nextseq_i7/CQTL_AM7786_A_FNF_18_1_S4_R1_001.fastq.gz > output/fastq/CQTL_AM7786_FNF_Ankle_1_R1.fastq.gz 2> output/logs/CQTL_AM7786_FNF_Ankle_1_R1_catReads.err
        cat /proj/phanstiel_lab/Data/raw/CQTL/atac/08022023_nextseq_i7/CQTL_AM7786_A_FNF_18_1_S4_R2_001.fastq.gz > output/fastq/CQTL_AM7786_FNF_Ankle_1_R2.fastq.gz 2> output/logs/CQTL_AM7786_FNF_Ankle_1_R2_catReads.err
        
Submitted job 106 with external jobid '49273089'.

[Wed Sep 18 16:46:08 2024]
rule catReads:
    input: /proj/phanstiel_lab/Data/raw/CQTL/atac/02132023_nextseq_i7/CQTL_AM7712_A_FNF_18_1_S4_R1_001.fastq.gz, /proj/phanstiel_lab/Data/raw/CQTL/atac/02132023_nextseq_i7/CQTL_AM7712_A_FNF_18_1_S4_R2_001.fastq.gz
    output: output/fastq/CQTL_AM7712_FNF_Ankle_1_R1.fastq.gz, output/fastq/CQTL_AM7712_FNF_Ankle_1_R2.fastq.gz
    log: output/logs/CQTL_AM7712_FNF_Ankle_1_R1_catReads.err, output/logs/CQTL_AM7712_FNF_Ankle_1_R2_catReads.err
    jobid: 68
    benchmark: output/benchmarks/CQTL_AM7712_FNF_Ankle_1_catReads.tsv
    wildcards: sampleName=CQTL_AM7712_FNF_Ankle_1


        cat /proj/phanstiel_lab/Data/raw/CQTL/atac/02132023_nextseq_i7/CQTL_AM7712_A_FNF_18_1_S4_R1_001.fastq.gz > output/fastq/CQTL_AM7712_FNF_Ankle_1_R1.fastq.gz 2> output/logs/CQTL_AM7712_FNF_Ankle_1_R1_catReads.err
        cat /proj/phanstiel_lab/Data/raw/CQTL/atac/02132023_nextseq_i7/CQTL_AM7712_A_FNF_18_1_S4_R2_001.fastq.gz > output/fastq/CQTL_AM7712_FNF_Ankle_1_R2.fastq.gz 2> output/logs/CQTL_AM7712_FNF_Ankle_1_R2_catReads.err
        
Submitted job 68 with external jobid '49273090'.

[Wed Sep 18 16:46:14 2024]
rule catReads:
    input: /proj/phanstiel_lab/Data/raw/CQTL/atac/06022023_nextse_i7/CQTL_AM7763_A_FNF_18_1_S6_R1_001.fastq.gz, /proj/phanstiel_lab/Data/raw/CQTL/atac/06022023_nextse_i7/CQTL_AM7763_A_FNF_18_1_S6_R2_001.fastq.gz
    output: output/fastq/CQTL_AM7763_FNF_Ankle_1_R1.fastq.gz, output/fastq/CQTL_AM7763_FNF_Ankle_1_R2.fastq.gz
    log: output/logs/CQTL_AM7763_FNF_Ankle_1_R1_catReads.err, output/logs/CQTL_AM7763_FNF_Ankle_1_R2_catReads.err
    jobid: 86
    benchmark: output/benchmarks/CQTL_AM7763_FNF_Ankle_1_catReads.tsv
    wildcards: sampleName=CQTL_AM7763_FNF_Ankle_1


        cat /proj/phanstiel_lab/Data/raw/CQTL/atac/06022023_nextse_i7/CQTL_AM7763_A_FNF_18_1_S6_R1_001.fastq.gz > output/fastq/CQTL_AM7763_FNF_Ankle_1_R1.fastq.gz 2> output/logs/CQTL_AM7763_FNF_Ankle_1_R1_catReads.err
        cat /proj/phanstiel_lab/Data/raw/CQTL/atac/06022023_nextse_i7/CQTL_AM7763_A_FNF_18_1_S6_R2_001.fastq.gz > output/fastq/CQTL_AM7763_FNF_Ankle_1_R2.fastq.gz 2> output/logs/CQTL_AM7763_FNF_Ankle_1_R2_catReads.err
        
Submitted job 86 with external jobid '49273092'.

[Wed Sep 18 16:46:20 2024]
rule catReads:
    input: /proj/phanstiel_lab/Data/raw/CQTL/atac/02132023_nextseq_i7/CQTL_AM7717_A_FNF_18_1_S6_R1_001.fastq.gz, /proj/phanstiel_lab/Data/raw/CQTL/atac/02132023_nextseq_i7/CQTL_AM7717_A_FNF_18_1_S6_R2_001.fastq.gz
    output: output/fastq/CQTL_AM7717_FNF_Ankle_1_R1.fastq.gz, output/fastq/CQTL_AM7717_FNF_Ankle_1_R2.fastq.gz
    log: output/logs/CQTL_AM7717_FNF_Ankle_1_R1_catReads.err, output/logs/CQTL_AM7717_FNF_Ankle_1_R2_catReads.err
    jobid: 70
    benchmark: output/benchmarks/CQTL_AM7717_FNF_Ankle_1_catReads.tsv
    wildcards: sampleName=CQTL_AM7717_FNF_Ankle_1


        cat /proj/phanstiel_lab/Data/raw/CQTL/atac/02132023_nextseq_i7/CQTL_AM7717_A_FNF_18_1_S6_R1_001.fastq.gz > output/fastq/CQTL_AM7717_FNF_Ankle_1_R1.fastq.gz 2> output/logs/CQTL_AM7717_FNF_Ankle_1_R1_catReads.err
        cat /proj/phanstiel_lab/Data/raw/CQTL/atac/02132023_nextseq_i7/CQTL_AM7717_A_FNF_18_1_S6_R2_001.fastq.gz > output/fastq/CQTL_AM7717_FNF_Ankle_1_R2.fastq.gz 2> output/logs/CQTL_AM7717_FNF_Ankle_1_R2_catReads.err
        
Submitted job 70 with external jobid '49273093'.

[Wed Sep 18 16:46:26 2024]
rule catReads:
    input: /proj/phanstiel_lab/Data/raw/CQTL/atac/08022023_nextseq_i7/CQTL_AM7755_A_FNF_18_2_S6_R1_001.fastq.gz, /proj/phanstiel_lab/Data/raw/CQTL/atac/08022023_nextseq_i7/CQTL_AM7755_A_FNF_18_2_S6_R2_001.fastq.gz
    output: output/fastq/CQTL_AM7755_FNF_Ankle_replicate_R1.fastq.gz, output/fastq/CQTL_AM7755_FNF_Ankle_replicate_R2.fastq.gz
    log: output/logs/CQTL_AM7755_FNF_Ankle_replicate_R1_catReads.err, output/logs/CQTL_AM7755_FNF_Ankle_replicate_R2_catReads.err
    jobid: 84
    benchmark: output/benchmarks/CQTL_AM7755_FNF_Ankle_replicate_catReads.tsv
    wildcards: sampleName=CQTL_AM7755_FNF_Ankle_replicate


        cat /proj/phanstiel_lab/Data/raw/CQTL/atac/08022023_nextseq_i7/CQTL_AM7755_A_FNF_18_2_S6_R1_001.fastq.gz > output/fastq/CQTL_AM7755_FNF_Ankle_replicate_R1.fastq.gz 2> output/logs/CQTL_AM7755_FNF_Ankle_replicate_R1_catReads.err
        cat /proj/phanstiel_lab/Data/raw/CQTL/atac/08022023_nextseq_i7/CQTL_AM7755_A_FNF_18_2_S6_R2_001.fastq.gz > output/fastq/CQTL_AM7755_FNF_Ankle_replicate_R2.fastq.gz 2> output/logs/CQTL_AM7755_FNF_Ankle_replicate_R2_catReads.err
        
Submitted job 84 with external jobid '49273095'.

[Wed Sep 18 16:46:32 2024]
rule catReads:
    input: /proj/phanstiel_lab/Data/raw/FACT/atac/FACT_23-0016_A_FNF_18_1_S4_R1_001.fastq.gz, /proj/phanstiel_lab/Data/raw/FACT/atac/FACT_23-0016_A_FNF_18_1_S4_R2_001.fastq.gz
    output: output/fastq/FACT_23-0016_FNF_synovium_1_R1.fastq.gz, output/fastq/FACT_23-0016_FNF_synovium_1_R2.fastq.gz
    log: output/logs/FACT_23-0016_FNF_synovium_1_R1_catReads.err, output/logs/FACT_23-0016_FNF_synovium_1_R2_catReads.err
    jobid: 110
    benchmark: output/benchmarks/FACT_23-0016_FNF_synovium_1_catReads.tsv
    wildcards: sampleName=FACT_23-0016_FNF_synovium_1


        cat /proj/phanstiel_lab/Data/raw/FACT/atac/FACT_23-0016_A_FNF_18_1_S4_R1_001.fastq.gz > output/fastq/FACT_23-0016_FNF_synovium_1_R1.fastq.gz 2> output/logs/FACT_23-0016_FNF_synovium_1_R1_catReads.err
        cat /proj/phanstiel_lab/Data/raw/FACT/atac/FACT_23-0016_A_FNF_18_1_S4_R2_001.fastq.gz > output/fastq/FACT_23-0016_FNF_synovium_1_R2.fastq.gz 2> output/logs/FACT_23-0016_FNF_synovium_1_R2_catReads.err
        
Submitted job 110 with external jobid '49273096'.

[Wed Sep 18 16:46:37 2024]
rule catReads:
    input: /proj/phanstiel_lab/Data/raw/CQTL/atac/05012023_nextseq_i7/CQTL_AM7626_A_CTL_18_2_S1_R1_001.fastq.gz, /proj/phanstiel_lab/Data/raw/CQTL/atac/05012023_nextseq_i7/CQTL_AM7626_A_CTL_18_2_S1_R2_001.fastq.gz
    output: output/fastq/CQTL_AM7726_CTL_Ankle_1_R1.fastq.gz, output/fastq/CQTL_AM7726_CTL_Ankle_1_R2.fastq.gz
    log: output/logs/CQTL_AM7726_CTL_Ankle_1_R1_catReads.err, output/logs/CQTL_AM7726_CTL_Ankle_1_R2_catReads.err
    jobid: 71
    benchmark: output/benchmarks/CQTL_AM7726_CTL_Ankle_1_catReads.tsv
    wildcards: sampleName=CQTL_AM7726_CTL_Ankle_1


        cat /proj/phanstiel_lab/Data/raw/CQTL/atac/05012023_nextseq_i7/CQTL_AM7626_A_CTL_18_2_S1_R1_001.fastq.gz > output/fastq/CQTL_AM7726_CTL_Ankle_1_R1.fastq.gz 2> output/logs/CQTL_AM7726_CTL_Ankle_1_R1_catReads.err
        cat /proj/phanstiel_lab/Data/raw/CQTL/atac/05012023_nextseq_i7/CQTL_AM7626_A_CTL_18_2_S1_R2_001.fastq.gz > output/fastq/CQTL_AM7726_CTL_Ankle_1_R2.fastq.gz 2> output/logs/CQTL_AM7726_CTL_Ankle_1_R2_catReads.err
        
Submitted job 71 with external jobid '49273097'.

[Wed Sep 18 16:46:43 2024]
rule catReads:
    input: /proj/phanstiel_lab/Data/raw/CQTL/atac/12072022_nextseq_i7/fastq/CQTL_AM7678_A_CTL_18_1_S3_R1_001.fastq.gz, /proj/phanstiel_lab/Data/raw/CQTL/atac/12072022_nextseq_i7/fastq/CQTL_AM7678_A_CTL_18_1_S3_R2_001.fastq.gz
    output: output/fastq/CQTL_AM7678_CTL_Ankle_1_R1.fastq.gz, output/fastq/CQTL_AM7678_CTL_Ankle_1_R2.fastq.gz
    log: output/logs/CQTL_AM7678_CTL_Ankle_1_R1_catReads.err, output/logs/CQTL_AM7678_CTL_Ankle_1_R2_catReads.err
    jobid: 61
    benchmark: output/benchmarks/CQTL_AM7678_CTL_Ankle_1_catReads.tsv
    wildcards: sampleName=CQTL_AM7678_CTL_Ankle_1


        cat /proj/phanstiel_lab/Data/raw/CQTL/atac/12072022_nextseq_i7/fastq/CQTL_AM7678_A_CTL_18_1_S3_R1_001.fastq.gz > output/fastq/CQTL_AM7678_CTL_Ankle_1_R1.fastq.gz 2> output/logs/CQTL_AM7678_CTL_Ankle_1_R1_catReads.err
        cat /proj/phanstiel_lab/Data/raw/CQTL/atac/12072022_nextseq_i7/fastq/CQTL_AM7678_A_CTL_18_1_S3_R2_001.fastq.gz > output/fastq/CQTL_AM7678_CTL_Ankle_1_R2.fastq.gz 2> output/logs/CQTL_AM7678_CTL_Ankle_1_R2_catReads.err
        
Submitted job 61 with external jobid '49273098'.

[Wed Sep 18 16:46:48 2024]
rule catReads:
    input: /proj/phanstiel_lab/Data/raw/CQTL/atac/06292023_nextseq_i7/CQTL_AM7775_A_CTL_18_1_S1_R1_001.fastq.gz, /proj/phanstiel_lab/Data/raw/CQTL/atac/06292023_nextseq_i7/CQTL_AM7775_A_CTL_18_1_S1_R2_001.fastq.gz
    output: output/fastq/CQTL_AM7775_CTL_Ankle_1_R1.fastq.gz, output/fastq/CQTL_AM7775_CTL_Ankle_1_R2.fastq.gz
    log: output/logs/CQTL_AM7775_CTL_Ankle_1_R1_catReads.err, output/logs/CQTL_AM7775_CTL_Ankle_1_R2_catReads.err
    jobid: 93
    benchmark: output/benchmarks/CQTL_AM7775_CTL_Ankle_1_catReads.tsv
    wildcards: sampleName=CQTL_AM7775_CTL_Ankle_1


        cat /proj/phanstiel_lab/Data/raw/CQTL/atac/06292023_nextseq_i7/CQTL_AM7775_A_CTL_18_1_S1_R1_001.fastq.gz > output/fastq/CQTL_AM7775_CTL_Ankle_1_R1.fastq.gz 2> output/logs/CQTL_AM7775_CTL_Ankle_1_R1_catReads.err
        cat /proj/phanstiel_lab/Data/raw/CQTL/atac/06292023_nextseq_i7/CQTL_AM7775_A_CTL_18_1_S1_R2_001.fastq.gz > output/fastq/CQTL_AM7775_CTL_Ankle_1_R2.fastq.gz 2> output/logs/CQTL_AM7775_CTL_Ankle_1_R2_catReads.err
        
Submitted job 93 with external jobid '49273099'.

[Wed Sep 18 16:46:54 2024]
rule catReads:
    input: /proj/phanstiel_lab/Data/raw/CQTL/atac/08022023_nextseq_i7/CQTL_AM7785_A_CTL_18_2_S1_R1_001.fastq.gz, /proj/phanstiel_lab/Data/raw/CQTL/atac/08022023_nextseq_i7/CQTL_AM7785_A_CTL_18_2_S1_R2_001.fastq.gz
    output: output/fastq/CQTL_AM7785_CTL_Ankle_1_R1.fastq.gz, output/fastq/CQTL_AM7785_CTL_Ankle_1_R2.fastq.gz
    log: output/logs/CQTL_AM7785_CTL_Ankle_1_R1_catReads.err, output/logs/CQTL_AM7785_CTL_Ankle_1_R2_catReads.err
    jobid: 103
    benchmark: output/benchmarks/CQTL_AM7785_CTL_Ankle_1_catReads.tsv
    wildcards: sampleName=CQTL_AM7785_CTL_Ankle_1


        cat /proj/phanstiel_lab/Data/raw/CQTL/atac/08022023_nextseq_i7/CQTL_AM7785_A_CTL_18_2_S1_R1_001.fastq.gz > output/fastq/CQTL_AM7785_CTL_Ankle_1_R1.fastq.gz 2> output/logs/CQTL_AM7785_CTL_Ankle_1_R1_catReads.err
        cat /proj/phanstiel_lab/Data/raw/CQTL/atac/08022023_nextseq_i7/CQTL_AM7785_A_CTL_18_2_S1_R2_001.fastq.gz > output/fastq/CQTL_AM7785_CTL_Ankle_1_R2.fastq.gz 2> output/logs/CQTL_AM7785_CTL_Ankle_1_R2_catReads.err
        
Submitted job 103 with external jobid '49273101'.

[Wed Sep 18 16:47:00 2024]
rule catReads:
    input: /proj/phanstiel_lab/Data/raw/CQTL/atac/08022023_nextseq_i7/CQTL_AM7786_A_CTL_18_1_S3_R1_001.fastq.gz, /proj/phanstiel_lab/Data/raw/CQTL/atac/08022023_nextseq_i7/CQTL_AM7786_A_CTL_18_1_S3_R2_001.fastq.gz
    output: output/fastq/CQTL_AM7786_CTL_Ankle_1_R1.fastq.gz, output/fastq/CQTL_AM7786_CTL_Ankle_1_R2.fastq.gz
    log: output/logs/CQTL_AM7786_CTL_Ankle_1_R1_catReads.err, output/logs/CQTL_AM7786_CTL_Ankle_1_R2_catReads.err
    jobid: 105
    benchmark: output/benchmarks/CQTL_AM7786_CTL_Ankle_1_catReads.tsv
    wildcards: sampleName=CQTL_AM7786_CTL_Ankle_1


        cat /proj/phanstiel_lab/Data/raw/CQTL/atac/08022023_nextseq_i7/CQTL_AM7786_A_CTL_18_1_S3_R1_001.fastq.gz > output/fastq/CQTL_AM7786_CTL_Ankle_1_R1.fastq.gz 2> output/logs/CQTL_AM7786_CTL_Ankle_1_R1_catReads.err
        cat /proj/phanstiel_lab/Data/raw/CQTL/atac/08022023_nextseq_i7/CQTL_AM7786_A_CTL_18_1_S3_R2_001.fastq.gz > output/fastq/CQTL_AM7786_CTL_Ankle_1_R2.fastq.gz 2> output/logs/CQTL_AM7786_CTL_Ankle_1_R2_catReads.err
        
Submitted job 105 with external jobid '49273103'.

[Wed Sep 18 16:47:06 2024]
rule catReads:
    input: /proj/phanstiel_lab/Data/raw/CQTL/atac/05012023_nextseq_i7/CQTL_AM7635_A_CTL_18_2_S5_R1_001.fastq.gz, /proj/phanstiel_lab/Data/raw/CQTL/atac/05012023_nextseq_i7/CQTL_AM7635_A_CTL_18_2_S5_R2_001.fastq.gz
    output: output/fastq/CQTL_AM7735_CTL_Ankle_1_R1.fastq.gz, output/fastq/CQTL_AM7735_CTL_Ankle_1_R2.fastq.gz
    log: output/logs/CQTL_AM7735_CTL_Ankle_1_R1_catReads.err, output/logs/CQTL_AM7735_CTL_Ankle_1_R2_catReads.err
    jobid: 75
    benchmark: output/benchmarks/CQTL_AM7735_CTL_Ankle_1_catReads.tsv
    wildcards: sampleName=CQTL_AM7735_CTL_Ankle_1


        cat /proj/phanstiel_lab/Data/raw/CQTL/atac/05012023_nextseq_i7/CQTL_AM7635_A_CTL_18_2_S5_R1_001.fastq.gz > output/fastq/CQTL_AM7735_CTL_Ankle_1_R1.fastq.gz 2> output/logs/CQTL_AM7735_CTL_Ankle_1_R1_catReads.err
        cat /proj/phanstiel_lab/Data/raw/CQTL/atac/05012023_nextseq_i7/CQTL_AM7635_A_CTL_18_2_S5_R2_001.fastq.gz > output/fastq/CQTL_AM7735_CTL_Ankle_1_R2.fastq.gz 2> output/logs/CQTL_AM7735_CTL_Ankle_1_R2_catReads.err
        
Submitted job 75 with external jobid '49273105'.

[Wed Sep 18 16:47:11 2024]
rule catReads:
    input: /proj/phanstiel_lab/Data/raw/CQTL/atac/12072022_nextseq_i7/fastq/CQTL_AM7679_A_FNF_18_1_S6_R1_001.fastq.gz, /proj/phanstiel_lab/Data/raw/CQTL/atac/12072022_nextseq_i7/fastq/CQTL_AM7679_A_FNF_18_1_S6_R2_001.fastq.gz
    output: output/fastq/CQTL_AM7679_FNF_Ankle_1_R1.fastq.gz, output/fastq/CQTL_AM7679_FNF_Ankle_1_R2.fastq.gz
    log: output/logs/CQTL_AM7679_FNF_Ankle_1_R1_catReads.err, output/logs/CQTL_AM7679_FNF_Ankle_1_R2_catReads.err
    jobid: 64
    benchmark: output/benchmarks/CQTL_AM7679_FNF_Ankle_1_catReads.tsv
    wildcards: sampleName=CQTL_AM7679_FNF_Ankle_1


        cat /proj/phanstiel_lab/Data/raw/CQTL/atac/12072022_nextseq_i7/fastq/CQTL_AM7679_A_FNF_18_1_S6_R1_001.fastq.gz > output/fastq/CQTL_AM7679_FNF_Ankle_1_R1.fastq.gz 2> output/logs/CQTL_AM7679_FNF_Ankle_1_R1_catReads.err
        cat /proj/phanstiel_lab/Data/raw/CQTL/atac/12072022_nextseq_i7/fastq/CQTL_AM7679_A_FNF_18_1_S6_R2_001.fastq.gz > output/fastq/CQTL_AM7679_FNF_Ankle_1_R2.fastq.gz 2> output/logs/CQTL_AM7679_FNF_Ankle_1_R2_catReads.err
        
Submitted job 64 with external jobid '49273107'.

[Wed Sep 18 16:47:17 2024]
rule catReads:
    input: /proj/phanstiel_lab/Data/raw/CQTL/atac/05012023_nextseq_i7/CQTL_AM7635_A_FNF_18_2_S6_R1_001.fastq.gz, /proj/phanstiel_lab/Data/raw/CQTL/atac/05012023_nextseq_i7/CQTL_AM7635_A_FNF_18_2_S6_R2_001.fastq.gz
    output: output/fastq/CQTL_AM7735_FNF_Ankle_1_R1.fastq.gz, output/fastq/CQTL_AM7735_FNF_Ankle_1_R2.fastq.gz
    log: output/logs/CQTL_AM7735_FNF_Ankle_1_R1_catReads.err, output/logs/CQTL_AM7735_FNF_Ankle_1_R2_catReads.err
    jobid: 76
    benchmark: output/benchmarks/CQTL_AM7735_FNF_Ankle_1_catReads.tsv
    wildcards: sampleName=CQTL_AM7735_FNF_Ankle_1


        cat /proj/phanstiel_lab/Data/raw/CQTL/atac/05012023_nextseq_i7/CQTL_AM7635_A_FNF_18_2_S6_R1_001.fastq.gz > output/fastq/CQTL_AM7735_FNF_Ankle_1_R1.fastq.gz 2> output/logs/CQTL_AM7735_FNF_Ankle_1_R1_catReads.err
        cat /proj/phanstiel_lab/Data/raw/CQTL/atac/05012023_nextseq_i7/CQTL_AM7635_A_FNF_18_2_S6_R2_001.fastq.gz > output/fastq/CQTL_AM7735_FNF_Ankle_1_R2.fastq.gz 2> output/logs/CQTL_AM7735_FNF_Ankle_1_R2_catReads.err
        
Submitted job 76 with external jobid '49273108'.

[Wed Sep 18 16:47:22 2024]
rule catReads:
    input: /proj/phanstiel_lab/Data/raw/CQTL/atac/12072022_nextseq_i7/fastq/CQTL_AM7678_A_FNF_18_1_S4_R1_001.fastq.gz, /proj/phanstiel_lab/Data/raw/CQTL/atac/12072022_nextseq_i7/fastq/CQTL_AM7678_A_FNF_18_1_S4_R2_001.fastq.gz
    output: output/fastq/CQTL_AM7678_FNF_Ankle_1_R1.fastq.gz, output/fastq/CQTL_AM7678_FNF_Ankle_1_R2.fastq.gz
    log: output/logs/CQTL_AM7678_FNF_Ankle_1_R1_catReads.err, output/logs/CQTL_AM7678_FNF_Ankle_1_R2_catReads.err
    jobid: 62
    benchmark: output/benchmarks/CQTL_AM7678_FNF_Ankle_1_catReads.tsv
    wildcards: sampleName=CQTL_AM7678_FNF_Ankle_1


        cat /proj/phanstiel_lab/Data/raw/CQTL/atac/12072022_nextseq_i7/fastq/CQTL_AM7678_A_FNF_18_1_S4_R1_001.fastq.gz > output/fastq/CQTL_AM7678_FNF_Ankle_1_R1.fastq.gz 2> output/logs/CQTL_AM7678_FNF_Ankle_1_R1_catReads.err
        cat /proj/phanstiel_lab/Data/raw/CQTL/atac/12072022_nextseq_i7/fastq/CQTL_AM7678_A_FNF_18_1_S4_R2_001.fastq.gz > output/fastq/CQTL_AM7678_FNF_Ankle_1_R2.fastq.gz 2> output/logs/CQTL_AM7678_FNF_Ankle_1_R2_catReads.err
        
Submitted job 62 with external jobid '49273109'.

[Wed Sep 18 16:47:28 2024]
rule catReads:
    input: /proj/phanstiel_lab/Data/raw/CQTL/atac/06232023_nextseq_i7/CQTL_AM7765_A_CTL_18_1_S1_R1_001.fastq.gz, /proj/phanstiel_lab/Data/raw/CQTL/atac/06232023_nextseq_i7/CQTL_AM7765_A_CTL_18_1_S1_R2_001.fastq.gz
    output: output/fastq/CQTL_AM7765_CTL_Ankle_1_R1.fastq.gz, output/fastq/CQTL_AM7765_CTL_Ankle_1_R2.fastq.gz
    log: output/logs/CQTL_AM7765_CTL_Ankle_1_R1_catReads.err, output/logs/CQTL_AM7765_CTL_Ankle_1_R2_catReads.err
    jobid: 87
    benchmark: output/benchmarks/CQTL_AM7765_CTL_Ankle_1_catReads.tsv
    wildcards: sampleName=CQTL_AM7765_CTL_Ankle_1


        cat /proj/phanstiel_lab/Data/raw/CQTL/atac/06232023_nextseq_i7/CQTL_AM7765_A_CTL_18_1_S1_R1_001.fastq.gz > output/fastq/CQTL_AM7765_CTL_Ankle_1_R1.fastq.gz 2> output/logs/CQTL_AM7765_CTL_Ankle_1_R1_catReads.err
        cat /proj/phanstiel_lab/Data/raw/CQTL/atac/06232023_nextseq_i7/CQTL_AM7765_A_CTL_18_1_S1_R2_001.fastq.gz > output/fastq/CQTL_AM7765_CTL_Ankle_1_R2.fastq.gz 2> output/logs/CQTL_AM7765_CTL_Ankle_1_R2_catReads.err
        
Submitted job 87 with external jobid '49273111'.

[Wed Sep 18 16:47:33 2024]
rule catReads:
    input: /proj/phanstiel_lab/Data/raw/CQTL/atac/12072022_nextseq_i7/fastq/CQTL_AM7677_A_FNF_18_1_S2_R1_001.fastq.gz, /proj/phanstiel_lab/Data/raw/CQTL/atac/12072022_nextseq_i7/fastq/CQTL_AM7677_A_FNF_18_1_S2_R2_001.fastq.gz
    output: output/fastq/CQTL_AM7677_FNF_Ankle_1_R1.fastq.gz, output/fastq/CQTL_AM7677_FNF_Ankle_1_R2.fastq.gz
    log: output/logs/CQTL_AM7677_FNF_Ankle_1_R1_catReads.err, output/logs/CQTL_AM7677_FNF_Ankle_1_R2_catReads.err
    jobid: 60
    benchmark: output/benchmarks/CQTL_AM7677_FNF_Ankle_1_catReads.tsv
    wildcards: sampleName=CQTL_AM7677_FNF_Ankle_1


        cat /proj/phanstiel_lab/Data/raw/CQTL/atac/12072022_nextseq_i7/fastq/CQTL_AM7677_A_FNF_18_1_S2_R1_001.fastq.gz > output/fastq/CQTL_AM7677_FNF_Ankle_1_R1.fastq.gz 2> output/logs/CQTL_AM7677_FNF_Ankle_1_R1_catReads.err
        cat /proj/phanstiel_lab/Data/raw/CQTL/atac/12072022_nextseq_i7/fastq/CQTL_AM7677_A_FNF_18_1_S2_R2_001.fastq.gz > output/fastq/CQTL_AM7677_FNF_Ankle_1_R2.fastq.gz 2> output/logs/CQTL_AM7677_FNF_Ankle_1_R2_catReads.err
        
Submitted job 60 with external jobid '49273112'.

[Wed Sep 18 16:47:39 2024]
rule catReads:
    input: /proj/phanstiel_lab/Data/raw/FACT/atac/FACT_23-0016_A_CTL_18_1_S3_R1_001.fastq.gz, /proj/phanstiel_lab/Data/raw/FACT/atac/FACT_23-0016_A_CTL_18_1_S3_R2_001.fastq.gz
    output: output/fastq/FACT_23-0016_CTL_synovium_1_R1.fastq.gz, output/fastq/FACT_23-0016_CTL_synovium_1_R2.fastq.gz
    log: output/logs/FACT_23-0016_CTL_synovium_1_R1_catReads.err, output/logs/FACT_23-0016_CTL_synovium_1_R2_catReads.err
    jobid: 109
    benchmark: output/benchmarks/FACT_23-0016_CTL_synovium_1_catReads.tsv
    wildcards: sampleName=FACT_23-0016_CTL_synovium_1


        cat /proj/phanstiel_lab/Data/raw/FACT/atac/FACT_23-0016_A_CTL_18_1_S3_R1_001.fastq.gz > output/fastq/FACT_23-0016_CTL_synovium_1_R1.fastq.gz 2> output/logs/FACT_23-0016_CTL_synovium_1_R1_catReads.err
        cat /proj/phanstiel_lab/Data/raw/FACT/atac/FACT_23-0016_A_CTL_18_1_S3_R2_001.fastq.gz > output/fastq/FACT_23-0016_CTL_synovium_1_R2.fastq.gz 2> output/logs/FACT_23-0016_CTL_synovium_1_R2_catReads.err
        
Submitted job 109 with external jobid '49273114'.

[Wed Sep 18 16:47:45 2024]
rule catReads:
    input: /proj/phanstiel_lab/Data/raw/CQTL/atac/07182023_nextseq_i7/CQTL_AM7781_A_FNF_18_1_S4_R1_001.fastq.gz, /proj/phanstiel_lab/Data/raw/CQTL/atac/07182023_nextseq_i7/CQTL_AM7781_A_FNF_18_1_S4_R2_001.fastq.gz
    output: output/fastq/CQTL_AM7781_FNF_Ankle_1_R1.fastq.gz, output/fastq/CQTL_AM7781_FNF_Ankle_1_R2.fastq.gz
    log: output/logs/CQTL_AM7781_FNF_Ankle_1_R1_catReads.err, output/logs/CQTL_AM7781_FNF_Ankle_1_R2_catReads.err
    jobid: 102
    benchmark: output/benchmarks/CQTL_AM7781_FNF_Ankle_1_catReads.tsv
    wildcards: sampleName=CQTL_AM7781_FNF_Ankle_1


        cat /proj/phanstiel_lab/Data/raw/CQTL/atac/07182023_nextseq_i7/CQTL_AM7781_A_FNF_18_1_S4_R1_001.fastq.gz > output/fastq/CQTL_AM7781_FNF_Ankle_1_R1.fastq.gz 2> output/logs/CQTL_AM7781_FNF_Ankle_1_R1_catReads.err
        cat /proj/phanstiel_lab/Data/raw/CQTL/atac/07182023_nextseq_i7/CQTL_AM7781_A_FNF_18_1_S4_R2_001.fastq.gz > output/fastq/CQTL_AM7781_FNF_Ankle_1_R2.fastq.gz 2> output/logs/CQTL_AM7781_FNF_Ankle_1_R2_catReads.err
        
Submitted job 102 with external jobid '49273118'.

[Wed Sep 18 16:47:51 2024]
rule catReads:
    input: /proj/phanstiel_lab/Data/raw/FACT/atac/FACT_23-0023_A_CTL_18_1_S7_R1_001.fastq.gz, /proj/phanstiel_lab/Data/raw/FACT/atac/FACT_23-0023_A_CTL_18_1_S7_R2_001.fastq.gz
    output: output/fastq/FACT_23-0023_CTL_synovium_1_R1.fastq.gz, output/fastq/FACT_23-0023_CTL_synovium_1_R2.fastq.gz
    log: output/logs/FACT_23-0023_CTL_synovium_1_R1_catReads.err, output/logs/FACT_23-0023_CTL_synovium_1_R2_catReads.err
    jobid: 113
    benchmark: output/benchmarks/FACT_23-0023_CTL_synovium_1_catReads.tsv
    wildcards: sampleName=FACT_23-0023_CTL_synovium_1


        cat /proj/phanstiel_lab/Data/raw/FACT/atac/FACT_23-0023_A_CTL_18_1_S7_R1_001.fastq.gz > output/fastq/FACT_23-0023_CTL_synovium_1_R1.fastq.gz 2> output/logs/FACT_23-0023_CTL_synovium_1_R1_catReads.err
        cat /proj/phanstiel_lab/Data/raw/FACT/atac/FACT_23-0023_A_CTL_18_1_S7_R2_001.fastq.gz > output/fastq/FACT_23-0023_CTL_synovium_1_R2.fastq.gz 2> output/logs/FACT_23-0023_CTL_synovium_1_R2_catReads.err
        
Submitted job 113 with external jobid '49273119'.

[Wed Sep 18 16:47:57 2024]
rule catReads:
    input: /proj/phanstiel_lab/Data/raw/CQTL/atac/08022023_nextseq_i7/CQTL_AM7785_A_FNF_18_2_S2_R1_001.fastq.gz, /proj/phanstiel_lab/Data/raw/CQTL/atac/08022023_nextseq_i7/CQTL_AM7785_A_FNF_18_2_S2_R2_001.fastq.gz
    output: output/fastq/CQTL_AM7785_FNF_Ankle_1_R1.fastq.gz, output/fastq/CQTL_AM7785_FNF_Ankle_1_R2.fastq.gz
    log: output/logs/CQTL_AM7785_FNF_Ankle_1_R1_catReads.err, output/logs/CQTL_AM7785_FNF_Ankle_1_R2_catReads.err
    jobid: 104
    benchmark: output/benchmarks/CQTL_AM7785_FNF_Ankle_1_catReads.tsv
    wildcards: sampleName=CQTL_AM7785_FNF_Ankle_1


        cat /proj/phanstiel_lab/Data/raw/CQTL/atac/08022023_nextseq_i7/CQTL_AM7785_A_FNF_18_2_S2_R1_001.fastq.gz > output/fastq/CQTL_AM7785_FNF_Ankle_1_R1.fastq.gz 2> output/logs/CQTL_AM7785_FNF_Ankle_1_R1_catReads.err
        cat /proj/phanstiel_lab/Data/raw/CQTL/atac/08022023_nextseq_i7/CQTL_AM7785_A_FNF_18_2_S2_R2_001.fastq.gz > output/fastq/CQTL_AM7785_FNF_Ankle_1_R2.fastq.gz 2> output/logs/CQTL_AM7785_FNF_Ankle_1_R2_catReads.err
        
Submitted job 104 with external jobid '49273120'.

[Wed Sep 18 16:48:02 2024]
rule catReads:
    input: /proj/phanstiel_lab/Data/raw/CQTL/atac/05012023_nextseq_i7/CQTL_AM7627_A_CTL_18_1_S3_R1_001.fastq.gz, /proj/phanstiel_lab/Data/raw/CQTL/atac/05012023_nextseq_i7/CQTL_AM7627_A_CTL_18_1_S3_R2_001.fastq.gz
    output: output/fastq/CQTL_AM7727_CTL_Ankle_1_R1.fastq.gz, output/fastq/CQTL_AM7727_CTL_Ankle_1_R2.fastq.gz
    log: output/logs/CQTL_AM7727_CTL_Ankle_1_R1_catReads.err, output/logs/CQTL_AM7727_CTL_Ankle_1_R2_catReads.err
    jobid: 73
    benchmark: output/benchmarks/CQTL_AM7727_CTL_Ankle_1_catReads.tsv
    wildcards: sampleName=CQTL_AM7727_CTL_Ankle_1


        cat /proj/phanstiel_lab/Data/raw/CQTL/atac/05012023_nextseq_i7/CQTL_AM7627_A_CTL_18_1_S3_R1_001.fastq.gz > output/fastq/CQTL_AM7727_CTL_Ankle_1_R1.fastq.gz 2> output/logs/CQTL_AM7727_CTL_Ankle_1_R1_catReads.err
        cat /proj/phanstiel_lab/Data/raw/CQTL/atac/05012023_nextseq_i7/CQTL_AM7627_A_CTL_18_1_S3_R2_001.fastq.gz > output/fastq/CQTL_AM7727_CTL_Ankle_1_R2.fastq.gz 2> output/logs/CQTL_AM7727_CTL_Ankle_1_R2_catReads.err
        
Submitted job 73 with external jobid '49273121'.

[Wed Sep 18 16:48:08 2024]
rule catReads:
    input: /proj/phanstiel_lab/Data/raw/CQTL/atac/12072022_nextseq_i7/fastq/CQTL_AM7679_A_CTL_18_1_S5_R1_001.fastq.gz, /proj/phanstiel_lab/Data/raw/CQTL/atac/12072022_nextseq_i7/fastq/CQTL_AM7679_A_CTL_18_1_S5_R2_001.fastq.gz
    output: output/fastq/CQTL_AM7679_CTL_Ankle_1_R1.fastq.gz, output/fastq/CQTL_AM7679_CTL_Ankle_1_R2.fastq.gz
    log: output/logs/CQTL_AM7679_CTL_Ankle_1_R1_catReads.err, output/logs/CQTL_AM7679_CTL_Ankle_1_R2_catReads.err
    jobid: 63
    benchmark: output/benchmarks/CQTL_AM7679_CTL_Ankle_1_catReads.tsv
    wildcards: sampleName=CQTL_AM7679_CTL_Ankle_1


        cat /proj/phanstiel_lab/Data/raw/CQTL/atac/12072022_nextseq_i7/fastq/CQTL_AM7679_A_CTL_18_1_S5_R1_001.fastq.gz > output/fastq/CQTL_AM7679_CTL_Ankle_1_R1.fastq.gz 2> output/logs/CQTL_AM7679_CTL_Ankle_1_R1_catReads.err
        cat /proj/phanstiel_lab/Data/raw/CQTL/atac/12072022_nextseq_i7/fastq/CQTL_AM7679_A_CTL_18_1_S5_R2_001.fastq.gz > output/fastq/CQTL_AM7679_CTL_Ankle_1_R2.fastq.gz 2> output/logs/CQTL_AM7679_CTL_Ankle_1_R2_catReads.err
        
Submitted job 63 with external jobid '49273122'.

[Wed Sep 18 16:48:13 2024]
rule catReads:
    input: /proj/phanstiel_lab/Data/raw/CQTL/atac/06022023_nextse_i7/CQTL_AM7755_A_FNF_18_1_S4_R1_001.fastq.gz, /proj/phanstiel_lab/Data/raw/CQTL/atac/06022023_nextse_i7/CQTL_AM7755_A_FNF_18_1_S4_R2_001.fastq.gz
    output: output/fastq/CQTL_AM7755_FNF_Ankle_1_R1.fastq.gz, output/fastq/CQTL_AM7755_FNF_Ankle_1_R2.fastq.gz
    log: output/logs/CQTL_AM7755_FNF_Ankle_1_R1_catReads.err, output/logs/CQTL_AM7755_FNF_Ankle_1_R2_catReads.err
    jobid: 83
    benchmark: output/benchmarks/CQTL_AM7755_FNF_Ankle_1_catReads.tsv
    wildcards: sampleName=CQTL_AM7755_FNF_Ankle_1


        cat /proj/phanstiel_lab/Data/raw/CQTL/atac/06022023_nextse_i7/CQTL_AM7755_A_FNF_18_1_S4_R1_001.fastq.gz > output/fastq/CQTL_AM7755_FNF_Ankle_1_R1.fastq.gz 2> output/logs/CQTL_AM7755_FNF_Ankle_1_R1_catReads.err
        cat /proj/phanstiel_lab/Data/raw/CQTL/atac/06022023_nextse_i7/CQTL_AM7755_A_FNF_18_1_S4_R2_001.fastq.gz > output/fastq/CQTL_AM7755_FNF_Ankle_1_R2.fastq.gz 2> output/logs/CQTL_AM7755_FNF_Ankle_1_R2_catReads.err
        
Submitted job 83 with external jobid '49273123'.

[Wed Sep 18 16:48:18 2024]
rule catReads:
    input: /proj/phanstiel_lab/Data/raw/CQTL/atac/06022023_nextse_i7/CQTL_AM7755_A_CTL_18_1_S3_R1_001.fastq.gz, /proj/phanstiel_lab/Data/raw/CQTL/atac/06022023_nextse_i7/CQTL_AM7755_A_CTL_18_1_S3_R2_001.fastq.gz
    output: output/fastq/CQTL_AM7755_CTL_Ankle_1_R1.fastq.gz, output/fastq/CQTL_AM7755_CTL_Ankle_1_R2.fastq.gz
    log: output/logs/CQTL_AM7755_CTL_Ankle_1_R1_catReads.err, output/logs/CQTL_AM7755_CTL_Ankle_1_R2_catReads.err
    jobid: 81
    benchmark: output/benchmarks/CQTL_AM7755_CTL_Ankle_1_catReads.tsv
    wildcards: sampleName=CQTL_AM7755_CTL_Ankle_1


        cat /proj/phanstiel_lab/Data/raw/CQTL/atac/06022023_nextse_i7/CQTL_AM7755_A_CTL_18_1_S3_R1_001.fastq.gz > output/fastq/CQTL_AM7755_CTL_Ankle_1_R1.fastq.gz 2> output/logs/CQTL_AM7755_CTL_Ankle_1_R1_catReads.err
        cat /proj/phanstiel_lab/Data/raw/CQTL/atac/06022023_nextse_i7/CQTL_AM7755_A_CTL_18_1_S3_R2_001.fastq.gz > output/fastq/CQTL_AM7755_CTL_Ankle_1_R2.fastq.gz 2> output/logs/CQTL_AM7755_CTL_Ankle_1_R2_catReads.err
        
Submitted job 81 with external jobid '49273124'.

[Wed Sep 18 16:48:24 2024]
rule catReads:
    input: /proj/phanstiel_lab/Data/raw/CQTL/atac/06292023_nextseq_i7/CQTL_AM778FE_A_CTL_18_1_S5_R1_001.fastq.gz, /proj/phanstiel_lab/Data/raw/CQTL/atac/06292023_nextseq_i7/CQTL_AM778FE_A_CTL_18_1_S5_R2_001.fastq.gz
    output: output/fastq/CQTL_AM7778FE_CTL_Femur_1_R1.fastq.gz, output/fastq/CQTL_AM7778FE_CTL_Femur_1_R2.fastq.gz
    log: output/logs/CQTL_AM7778FE_CTL_Femur_1_R1_catReads.err, output/logs/CQTL_AM7778FE_CTL_Femur_1_R2_catReads.err
    jobid: 95
    benchmark: output/benchmarks/CQTL_AM7778FE_CTL_Femur_1_catReads.tsv
    wildcards: sampleName=CQTL_AM7778FE_CTL_Femur_1


        cat /proj/phanstiel_lab/Data/raw/CQTL/atac/06292023_nextseq_i7/CQTL_AM778FE_A_CTL_18_1_S5_R1_001.fastq.gz > output/fastq/CQTL_AM7778FE_CTL_Femur_1_R1.fastq.gz 2> output/logs/CQTL_AM7778FE_CTL_Femur_1_R1_catReads.err
        cat /proj/phanstiel_lab/Data/raw/CQTL/atac/06292023_nextseq_i7/CQTL_AM778FE_A_CTL_18_1_S5_R2_001.fastq.gz > output/fastq/CQTL_AM7778FE_CTL_Femur_1_R2.fastq.gz 2> output/logs/CQTL_AM7778FE_CTL_Femur_1_R2_catReads.err
        
Submitted job 95 with external jobid '49273125'.

[Wed Sep 18 16:48:30 2024]
rule catReads:
    input: /proj/phanstiel_lab/Data/raw/FACT/atac/FACT_23-0022_A_FNF_18_1_S6_R1_001.fastq.gz, /proj/phanstiel_lab/Data/raw/FACT/atac/FACT_23-0022_A_FNF_18_1_S6_R2_001.fastq.gz
    output: output/fastq/FACT_23-0022_FNF_synovium_1_R1.fastq.gz, output/fastq/FACT_23-0022_FNF_synovium_1_R2.fastq.gz
    log: output/logs/FACT_23-0022_FNF_synovium_1_R1_catReads.err, output/logs/FACT_23-0022_FNF_synovium_1_R2_catReads.err
    jobid: 112
    benchmark: output/benchmarks/FACT_23-0022_FNF_synovium_1_catReads.tsv
    wildcards: sampleName=FACT_23-0022_FNF_synovium_1


        cat /proj/phanstiel_lab/Data/raw/FACT/atac/FACT_23-0022_A_FNF_18_1_S6_R1_001.fastq.gz > output/fastq/FACT_23-0022_FNF_synovium_1_R1.fastq.gz 2> output/logs/FACT_23-0022_FNF_synovium_1_R1_catReads.err
        cat /proj/phanstiel_lab/Data/raw/FACT/atac/FACT_23-0022_A_FNF_18_1_S6_R2_001.fastq.gz > output/fastq/FACT_23-0022_FNF_synovium_1_R2.fastq.gz 2> output/logs/FACT_23-0022_FNF_synovium_1_R2_catReads.err
        
Submitted job 112 with external jobid '49273128'.

[Wed Sep 18 16:48:35 2024]
rule catReads:
    input: /proj/phanstiel_lab/Data/raw/CQTL/atac/06232023_nextseq_i7/CQTL_AM7771_A_CTL_18_1_S5_R1_001.fastq.gz, /proj/phanstiel_lab/Data/raw/CQTL/atac/06232023_nextseq_i7/CQTL_AM7771_A_CTL_18_1_S5_R2_001.fastq.gz
    output: output/fastq/CQTL_AM7771_CTL_Ankle_1_R1.fastq.gz, output/fastq/CQTL_AM7771_CTL_Ankle_1_R2.fastq.gz
    log: output/logs/CQTL_AM7771_CTL_Ankle_1_R1_catReads.err, output/logs/CQTL_AM7771_CTL_Ankle_1_R2_catReads.err
    jobid: 91
    benchmark: output/benchmarks/CQTL_AM7771_CTL_Ankle_1_catReads.tsv
    wildcards: sampleName=CQTL_AM7771_CTL_Ankle_1


        cat /proj/phanstiel_lab/Data/raw/CQTL/atac/06232023_nextseq_i7/CQTL_AM7771_A_CTL_18_1_S5_R1_001.fastq.gz > output/fastq/CQTL_AM7771_CTL_Ankle_1_R1.fastq.gz 2> output/logs/CQTL_AM7771_CTL_Ankle_1_R1_catReads.err
        cat /proj/phanstiel_lab/Data/raw/CQTL/atac/06232023_nextseq_i7/CQTL_AM7771_A_CTL_18_1_S5_R2_001.fastq.gz > output/fastq/CQTL_AM7771_CTL_Ankle_1_R2.fastq.gz 2> output/logs/CQTL_AM7771_CTL_Ankle_1_R2_catReads.err
        
Submitted job 91 with external jobid '49273129'.

[Wed Sep 18 16:48:41 2024]
rule catReads:
    input: /proj/phanstiel_lab/Data/raw/CQTL/atac/07182023_nextseq_i7/CQTL_AM7781_A_CTL_18_1_S3_R1_001.fastq.gz, /proj/phanstiel_lab/Data/raw/CQTL/atac/07182023_nextseq_i7/CQTL_AM7781_A_CTL_18_1_S3_R2_001.fastq.gz
    output: output/fastq/CQTL_AM7781_CTL_Ankle_1_R1.fastq.gz, output/fastq/CQTL_AM7781_CTL_Ankle_1_R2.fastq.gz
    log: output/logs/CQTL_AM7781_CTL_Ankle_1_R1_catReads.err, output/logs/CQTL_AM7781_CTL_Ankle_1_R2_catReads.err
    jobid: 101
    benchmark: output/benchmarks/CQTL_AM7781_CTL_Ankle_1_catReads.tsv
    wildcards: sampleName=CQTL_AM7781_CTL_Ankle_1


        cat /proj/phanstiel_lab/Data/raw/CQTL/atac/07182023_nextseq_i7/CQTL_AM7781_A_CTL_18_1_S3_R1_001.fastq.gz > output/fastq/CQTL_AM7781_CTL_Ankle_1_R1.fastq.gz 2> output/logs/CQTL_AM7781_CTL_Ankle_1_R1_catReads.err
        cat /proj/phanstiel_lab/Data/raw/CQTL/atac/07182023_nextseq_i7/CQTL_AM7781_A_CTL_18_1_S3_R2_001.fastq.gz > output/fastq/CQTL_AM7781_CTL_Ankle_1_R2.fastq.gz 2> output/logs/CQTL_AM7781_CTL_Ankle_1_R2_catReads.err
        
Submitted job 101 with external jobid '49273130'.

[Wed Sep 18 16:48:46 2024]
rule catReads:
    input: /proj/phanstiel_lab/Data/raw/CQTL/atac/05012023_nextseq_i7/CQTL_AM7627_A_FNF_18_1_S4_R1_001.fastq.gz, /proj/phanstiel_lab/Data/raw/CQTL/atac/05012023_nextseq_i7/CQTL_AM7627_A_FNF_18_1_S4_R2_001.fastq.gz
    output: output/fastq/CQTL_AM7727_FNF_Ankle_1_R1.fastq.gz, output/fastq/CQTL_AM7727_FNF_Ankle_1_R2.fastq.gz
    log: output/logs/CQTL_AM7727_FNF_Ankle_1_R1_catReads.err, output/logs/CQTL_AM7727_FNF_Ankle_1_R2_catReads.err
    jobid: 74
    benchmark: output/benchmarks/CQTL_AM7727_FNF_Ankle_1_catReads.tsv
    wildcards: sampleName=CQTL_AM7727_FNF_Ankle_1


        cat /proj/phanstiel_lab/Data/raw/CQTL/atac/05012023_nextseq_i7/CQTL_AM7627_A_FNF_18_1_S4_R1_001.fastq.gz > output/fastq/CQTL_AM7727_FNF_Ankle_1_R1.fastq.gz 2> output/logs/CQTL_AM7727_FNF_Ankle_1_R1_catReads.err
        cat /proj/phanstiel_lab/Data/raw/CQTL/atac/05012023_nextseq_i7/CQTL_AM7627_A_FNF_18_1_S4_R2_001.fastq.gz > output/fastq/CQTL_AM7727_FNF_Ankle_1_R2.fastq.gz 2> output/logs/CQTL_AM7727_FNF_Ankle_1_R2_catReads.err
        
Submitted job 74 with external jobid '49273131'.

[Wed Sep 18 16:48:52 2024]
rule catReads:
    input: /proj/phanstiel_lab/Data/raw/CQTL/atac/08022023_nextseq_i7/CQTL_AM7755_A_CTL_18_2_S5_R1_001.fastq.gz, /proj/phanstiel_lab/Data/raw/CQTL/atac/08022023_nextseq_i7/CQTL_AM7755_A_CTL_18_2_S5_R2_001.fastq.gz
    output: output/fastq/CQTL_AM7755_CTL_Ankle_replicate_R1.fastq.gz, output/fastq/CQTL_AM7755_CTL_Ankle_replicate_R2.fastq.gz
    log: output/logs/CQTL_AM7755_CTL_Ankle_replicate_R1_catReads.err, output/logs/CQTL_AM7755_CTL_Ankle_replicate_R2_catReads.err
    jobid: 82
    benchmark: output/benchmarks/CQTL_AM7755_CTL_Ankle_replicate_catReads.tsv
    wildcards: sampleName=CQTL_AM7755_CTL_Ankle_replicate


        cat /proj/phanstiel_lab/Data/raw/CQTL/atac/08022023_nextseq_i7/CQTL_AM7755_A_CTL_18_2_S5_R1_001.fastq.gz > output/fastq/CQTL_AM7755_CTL_Ankle_replicate_R1.fastq.gz 2> output/logs/CQTL_AM7755_CTL_Ankle_replicate_R1_catReads.err
        cat /proj/phanstiel_lab/Data/raw/CQTL/atac/08022023_nextseq_i7/CQTL_AM7755_A_CTL_18_2_S5_R2_001.fastq.gz > output/fastq/CQTL_AM7755_CTL_Ankle_replicate_R2.fastq.gz 2> output/logs/CQTL_AM7755_CTL_Ankle_replicate_R2_catReads.err
        
Submitted job 82 with external jobid '49273132'.

[Wed Sep 18 16:48:58 2024]
rule catReads:
    input: /proj/phanstiel_lab/Data/raw/CQTL/atac/02132023_nextseq_i7/CQTL_AM7717_A_CTL_18_1_S5_R1_001.fastq.gz, /proj/phanstiel_lab/Data/raw/CQTL/atac/02132023_nextseq_i7/CQTL_AM7717_A_CTL_18_1_S5_R2_001.fastq.gz
    output: output/fastq/CQTL_AM7717_CTL_Ankle_1_R1.fastq.gz, output/fastq/CQTL_AM7717_CTL_Ankle_1_R2.fastq.gz
    log: output/logs/CQTL_AM7717_CTL_Ankle_1_R1_catReads.err, output/logs/CQTL_AM7717_CTL_Ankle_1_R2_catReads.err
    jobid: 69
    benchmark: output/benchmarks/CQTL_AM7717_CTL_Ankle_1_catReads.tsv
    wildcards: sampleName=CQTL_AM7717_CTL_Ankle_1


        cat /proj/phanstiel_lab/Data/raw/CQTL/atac/02132023_nextseq_i7/CQTL_AM7717_A_CTL_18_1_S5_R1_001.fastq.gz > output/fastq/CQTL_AM7717_CTL_Ankle_1_R1.fastq.gz 2> output/logs/CQTL_AM7717_CTL_Ankle_1_R1_catReads.err
        cat /proj/phanstiel_lab/Data/raw/CQTL/atac/02132023_nextseq_i7/CQTL_AM7717_A_CTL_18_1_S5_R2_001.fastq.gz > output/fastq/CQTL_AM7717_CTL_Ankle_1_R2.fastq.gz 2> output/logs/CQTL_AM7717_CTL_Ankle_1_R2_catReads.err
        
Submitted job 69 with external jobid '49273133'.

[Wed Sep 18 16:49:04 2024]
rule catReads:
    input: /proj/phanstiel_lab/Data/raw/CQTL/atac/06232023_nextseq_i7/CQTL_AM7769_A_CTL_18_2_S3_R1_001.fastq.gz, /proj/phanstiel_lab/Data/raw/CQTL/atac/06232023_nextseq_i7/CQTL_AM7769_A_CTL_18_2_S3_R2_001.fastq.gz
    output: output/fastq/CQTL_AM7769_CTL_Ankle_1_R1.fastq.gz, output/fastq/CQTL_AM7769_CTL_Ankle_1_R2.fastq.gz
    log: output/logs/CQTL_AM7769_CTL_Ankle_1_R1_catReads.err, output/logs/CQTL_AM7769_CTL_Ankle_1_R2_catReads.err
    jobid: 89
    benchmark: output/benchmarks/CQTL_AM7769_CTL_Ankle_1_catReads.tsv
    wildcards: sampleName=CQTL_AM7769_CTL_Ankle_1


        cat /proj/phanstiel_lab/Data/raw/CQTL/atac/06232023_nextseq_i7/CQTL_AM7769_A_CTL_18_2_S3_R1_001.fastq.gz > output/fastq/CQTL_AM7769_CTL_Ankle_1_R1.fastq.gz 2> output/logs/CQTL_AM7769_CTL_Ankle_1_R1_catReads.err
        cat /proj/phanstiel_lab/Data/raw/CQTL/atac/06232023_nextseq_i7/CQTL_AM7769_A_CTL_18_2_S3_R2_001.fastq.gz > output/fastq/CQTL_AM7769_CTL_Ankle_1_R2.fastq.gz 2> output/logs/CQTL_AM7769_CTL_Ankle_1_R2_catReads.err
        
Submitted job 89 with external jobid '49273135'.

[Wed Sep 18 16:49:09 2024]
rule catReads:
    input: /proj/phanstiel_lab/Data/raw/CQTL/atac/06022023_nextse_i7/CQTL_AM7763_A_CTL_18_1_S5_R1_001.fastq.gz, /proj/phanstiel_lab/Data/raw/CQTL/atac/06022023_nextse_i7/CQTL_AM7763_A_CTL_18_1_S5_R2_001.fastq.gz
    output: output/fastq/CQTL_AM7763_CTL_Ankle_1_R1.fastq.gz, output/fastq/CQTL_AM7763_CTL_Ankle_1_R2.fastq.gz
    log: output/logs/CQTL_AM7763_CTL_Ankle_1_R1_catReads.err, output/logs/CQTL_AM7763_CTL_Ankle_1_R2_catReads.err
    jobid: 85
    benchmark: output/benchmarks/CQTL_AM7763_CTL_Ankle_1_catReads.tsv
    wildcards: sampleName=CQTL_AM7763_CTL_Ankle_1


        cat /proj/phanstiel_lab/Data/raw/CQTL/atac/06022023_nextse_i7/CQTL_AM7763_A_CTL_18_1_S5_R1_001.fastq.gz > output/fastq/CQTL_AM7763_CTL_Ankle_1_R1.fastq.gz 2> output/logs/CQTL_AM7763_CTL_Ankle_1_R1_catReads.err
        cat /proj/phanstiel_lab/Data/raw/CQTL/atac/06022023_nextse_i7/CQTL_AM7763_A_CTL_18_1_S5_R2_001.fastq.gz > output/fastq/CQTL_AM7763_CTL_Ankle_1_R2.fastq.gz 2> output/logs/CQTL_AM7763_CTL_Ankle_1_R2_catReads.err
        
Submitted job 85 with external jobid '49273137'.
