Building DAG of jobs...
File path /proj/phanstiel_lab/Data/raw/CQTL/rna/Project_PHA_15594_B02_EXS_RNA.2023-10-19//Sample_chQTL-AM7771-00/fastq/chQTL-AM7771-00_CCGCGGTT-CTAGCGCT_HK2CGDSX7_L003_001.R1.fastq.gz contains double '/'. This is likely unintended. It can also lead to inconsistent results of the file-matching approach used by Snakemake.
File path /proj/phanstiel_lab/Data/raw/CQTL/rna/Project_PHA_15594_B02_EXS_RNA.2023-10-19//Sample_chQTL-AM7771-00/fastq/chQTL-AM7771-00_CCGCGGTT-CTAGCGCT_HK2CGDSX7_L003_001.R2.fastq.gz contains double '/'. This is likely unintended. It can also lead to inconsistent results of the file-matching approach used by Snakemake.
Using shell: /usr/bin/bash
Provided cluster nodes: 100
Job counts:
	count	jobs
	42	add_read_groups
	1	all
	43

[Tue Dec  3 13:02:04 2024]
rule add_read_groups:
    input: rna_output/align/FACT_23-0060_FNF_synovium_1_sorted.bam, rna_output/align/FACT_23-0060_FNF_synovium_1_sorted.bai
    output: rna_output/align/FACT_23-0060_FNF_synovium_1_RG.bam, rna_output/align/FACT_23-0060_FNF_synovium_1_RG.bam.bai
    log: rna_output/logs/add_read_groups_FACT_23-0060_FNF_synovium_1.err, rna_output/logs/add_read_groups_FACT_23-0060_FNF_synovium_1.out
    jobid: 246
    wildcards: sampleName=FACT_23-0060_FNF_synovium_1
    threads: 4


        module load picard/2.26.11
        module load samtools/1.21
        mkdir -p rna_output/align

        picard AddOrReplaceReadGroups             I=rna_output/align/FACT_23-0060_FNF_synovium_1_sorted.bam             O=rna_output/align/FACT_23-0060_FNF_synovium_1_RG.bam             RGSM=FACT_23-0060_FNF_synovium_1             RGPL=ILLUMINA             RGLB=lib1             RGPU=unit1             1> rna_output/logs/add_read_groups_FACT_23-0060_FNF_synovium_1.out 2> rna_output/logs/add_read_groups_FACT_23-0060_FNF_synovium_1.err

        samtools index rna_output/align/FACT_23-0060_FNF_synovium_1_RG.bam 1>> rna_output/logs/add_read_groups_FACT_23-0060_FNF_synovium_1.out 2>> rna_output/logs/add_read_groups_FACT_23-0060_FNF_synovium_1.err
        
Submitted job 246 with external jobid '55179870'.

[Tue Dec  3 13:02:06 2024]
rule add_read_groups:
    input: rna_output/align/CQTL_AM7780_FNF_Ankle_1_sorted.bam, rna_output/align/CQTL_AM7780_FNF_Ankle_1_sorted.bai
    output: rna_output/align/CQTL_AM7780_FNF_Ankle_1_RG.bam, rna_output/align/CQTL_AM7780_FNF_Ankle_1_RG.bam.bai
    log: rna_output/logs/add_read_groups_CQTL_AM7780_FNF_Ankle_1.err, rna_output/logs/add_read_groups_CQTL_AM7780_FNF_Ankle_1.out
    jobid: 236
    wildcards: sampleName=CQTL_AM7780_FNF_Ankle_1
    threads: 4


        module load picard/2.26.11
        module load samtools/1.21
        mkdir -p rna_output/align

        picard AddOrReplaceReadGroups             I=rna_output/align/CQTL_AM7780_FNF_Ankle_1_sorted.bam             O=rna_output/align/CQTL_AM7780_FNF_Ankle_1_RG.bam             RGSM=CQTL_AM7780_FNF_Ankle_1             RGPL=ILLUMINA             RGLB=lib1             RGPU=unit1             1> rna_output/logs/add_read_groups_CQTL_AM7780_FNF_Ankle_1.out 2> rna_output/logs/add_read_groups_CQTL_AM7780_FNF_Ankle_1.err

        samtools index rna_output/align/CQTL_AM7780_FNF_Ankle_1_RG.bam 1>> rna_output/logs/add_read_groups_CQTL_AM7780_FNF_Ankle_1.out 2>> rna_output/logs/add_read_groups_CQTL_AM7780_FNF_Ankle_1.err
        
Submitted job 236 with external jobid '55179871'.

[Tue Dec  3 13:02:07 2024]
rule add_read_groups:
    input: rna_output/align/FACT_23-0071_FNF_synovium_1_sorted.bam, rna_output/align/FACT_23-0071_FNF_synovium_1_sorted.bai
    output: rna_output/align/FACT_23-0071_FNF_synovium_1_RG.bam, rna_output/align/FACT_23-0071_FNF_synovium_1_RG.bam.bai
    log: rna_output/logs/add_read_groups_FACT_23-0071_FNF_synovium_1.err, rna_output/logs/add_read_groups_FACT_23-0071_FNF_synovium_1.out
    jobid: 252
    wildcards: sampleName=FACT_23-0071_FNF_synovium_1
    threads: 4


        module load picard/2.26.11
        module load samtools/1.21
        mkdir -p rna_output/align

        picard AddOrReplaceReadGroups             I=rna_output/align/FACT_23-0071_FNF_synovium_1_sorted.bam             O=rna_output/align/FACT_23-0071_FNF_synovium_1_RG.bam             RGSM=FACT_23-0071_FNF_synovium_1             RGPL=ILLUMINA             RGLB=lib1             RGPU=unit1             1> rna_output/logs/add_read_groups_FACT_23-0071_FNF_synovium_1.out 2> rna_output/logs/add_read_groups_FACT_23-0071_FNF_synovium_1.err

        samtools index rna_output/align/FACT_23-0071_FNF_synovium_1_RG.bam 1>> rna_output/logs/add_read_groups_FACT_23-0071_FNF_synovium_1.out 2>> rna_output/logs/add_read_groups_FACT_23-0071_FNF_synovium_1.err
        
Submitted job 252 with external jobid '55179872'.

[Tue Dec  3 13:02:08 2024]
rule add_read_groups:
    input: rna_output/align/CQTL_AM7778_FNF_Ankle_1_sorted.bam, rna_output/align/CQTL_AM7778_FNF_Ankle_1_sorted.bai
    output: rna_output/align/CQTL_AM7778_FNF_Ankle_1_RG.bam, rna_output/align/CQTL_AM7778_FNF_Ankle_1_RG.bam.bai
    log: rna_output/logs/add_read_groups_CQTL_AM7778_FNF_Ankle_1.err, rna_output/logs/add_read_groups_CQTL_AM7778_FNF_Ankle_1.out
    jobid: 234
    wildcards: sampleName=CQTL_AM7778_FNF_Ankle_1
    threads: 4


        module load picard/2.26.11
        module load samtools/1.21
        mkdir -p rna_output/align

        picard AddOrReplaceReadGroups             I=rna_output/align/CQTL_AM7778_FNF_Ankle_1_sorted.bam             O=rna_output/align/CQTL_AM7778_FNF_Ankle_1_RG.bam             RGSM=CQTL_AM7778_FNF_Ankle_1             RGPL=ILLUMINA             RGLB=lib1             RGPU=unit1             1> rna_output/logs/add_read_groups_CQTL_AM7778_FNF_Ankle_1.out 2> rna_output/logs/add_read_groups_CQTL_AM7778_FNF_Ankle_1.err

        samtools index rna_output/align/CQTL_AM7778_FNF_Ankle_1_RG.bam 1>> rna_output/logs/add_read_groups_CQTL_AM7778_FNF_Ankle_1.out 2>> rna_output/logs/add_read_groups_CQTL_AM7778_FNF_Ankle_1.err
        
Submitted job 234 with external jobid '55179873'.

[Tue Dec  3 13:02:09 2024]
rule add_read_groups:
    input: rna_output/align/FACT_23-0062_FNF_synovium_1_sorted.bam, rna_output/align/FACT_23-0062_FNF_synovium_1_sorted.bai
    output: rna_output/align/FACT_23-0062_FNF_synovium_1_RG.bam, rna_output/align/FACT_23-0062_FNF_synovium_1_RG.bam.bai
    log: rna_output/logs/add_read_groups_FACT_23-0062_FNF_synovium_1.err, rna_output/logs/add_read_groups_FACT_23-0062_FNF_synovium_1.out
    jobid: 248
    wildcards: sampleName=FACT_23-0062_FNF_synovium_1
    threads: 4


        module load picard/2.26.11
        module load samtools/1.21
        mkdir -p rna_output/align

        picard AddOrReplaceReadGroups             I=rna_output/align/FACT_23-0062_FNF_synovium_1_sorted.bam             O=rna_output/align/FACT_23-0062_FNF_synovium_1_RG.bam             RGSM=FACT_23-0062_FNF_synovium_1             RGPL=ILLUMINA             RGLB=lib1             RGPU=unit1             1> rna_output/logs/add_read_groups_FACT_23-0062_FNF_synovium_1.out 2> rna_output/logs/add_read_groups_FACT_23-0062_FNF_synovium_1.err

        samtools index rna_output/align/FACT_23-0062_FNF_synovium_1_RG.bam 1>> rna_output/logs/add_read_groups_FACT_23-0062_FNF_synovium_1.out 2>> rna_output/logs/add_read_groups_FACT_23-0062_FNF_synovium_1.err
        
Submitted job 248 with external jobid '55179874'.

[Tue Dec  3 13:02:11 2024]
rule add_read_groups:
    input: rna_output/align/CQTL_AM7771_CTL_Ankle_1_sorted.bam, rna_output/align/CQTL_AM7771_CTL_Ankle_1_sorted.bai
    output: rna_output/align/CQTL_AM7771_CTL_Ankle_1_RG.bam, rna_output/align/CQTL_AM7771_CTL_Ankle_1_RG.bam.bai
    log: rna_output/logs/add_read_groups_CQTL_AM7771_CTL_Ankle_1.err, rna_output/logs/add_read_groups_CQTL_AM7771_CTL_Ankle_1.out
    jobid: 227
    wildcards: sampleName=CQTL_AM7771_CTL_Ankle_1
    threads: 4


        module load picard/2.26.11
        module load samtools/1.21
        mkdir -p rna_output/align

        picard AddOrReplaceReadGroups             I=rna_output/align/CQTL_AM7771_CTL_Ankle_1_sorted.bam             O=rna_output/align/CQTL_AM7771_CTL_Ankle_1_RG.bam             RGSM=CQTL_AM7771_CTL_Ankle_1             RGPL=ILLUMINA             RGLB=lib1             RGPU=unit1             1> rna_output/logs/add_read_groups_CQTL_AM7771_CTL_Ankle_1.out 2> rna_output/logs/add_read_groups_CQTL_AM7771_CTL_Ankle_1.err

        samtools index rna_output/align/CQTL_AM7771_CTL_Ankle_1_RG.bam 1>> rna_output/logs/add_read_groups_CQTL_AM7771_CTL_Ankle_1.out 2>> rna_output/logs/add_read_groups_CQTL_AM7771_CTL_Ankle_1.err
        
Submitted job 227 with external jobid '55179875'.

[Tue Dec  3 13:02:12 2024]
rule add_read_groups:
    input: rna_output/align/CQTL_AM7763_CTL_Ankle_1_sorted.bam, rna_output/align/CQTL_AM7763_CTL_Ankle_1_sorted.bai
    output: rna_output/align/CQTL_AM7763_CTL_Ankle_1_RG.bam, rna_output/align/CQTL_AM7763_CTL_Ankle_1_RG.bam.bai
    log: rna_output/logs/add_read_groups_CQTL_AM7763_CTL_Ankle_1.err, rna_output/logs/add_read_groups_CQTL_AM7763_CTL_Ankle_1.out
    jobid: 221
    wildcards: sampleName=CQTL_AM7763_CTL_Ankle_1
    threads: 4


        module load picard/2.26.11
        module load samtools/1.21
        mkdir -p rna_output/align

        picard AddOrReplaceReadGroups             I=rna_output/align/CQTL_AM7763_CTL_Ankle_1_sorted.bam             O=rna_output/align/CQTL_AM7763_CTL_Ankle_1_RG.bam             RGSM=CQTL_AM7763_CTL_Ankle_1             RGPL=ILLUMINA             RGLB=lib1             RGPU=unit1             1> rna_output/logs/add_read_groups_CQTL_AM7763_CTL_Ankle_1.out 2> rna_output/logs/add_read_groups_CQTL_AM7763_CTL_Ankle_1.err

        samtools index rna_output/align/CQTL_AM7763_CTL_Ankle_1_RG.bam 1>> rna_output/logs/add_read_groups_CQTL_AM7763_CTL_Ankle_1.out 2>> rna_output/logs/add_read_groups_CQTL_AM7763_CTL_Ankle_1.err
        
Submitted job 221 with external jobid '55179876'.

[Tue Dec  3 13:02:13 2024]
rule add_read_groups:
    input: rna_output/align/CQTL_AM7785_FNF_Ankle_1_sorted.bam, rna_output/align/CQTL_AM7785_FNF_Ankle_1_sorted.bai
    output: rna_output/align/CQTL_AM7785_FNF_Ankle_1_RG.bam, rna_output/align/CQTL_AM7785_FNF_Ankle_1_RG.bam.bai
    log: rna_output/logs/add_read_groups_CQTL_AM7785_FNF_Ankle_1.err, rna_output/logs/add_read_groups_CQTL_AM7785_FNF_Ankle_1.out
    jobid: 240
    wildcards: sampleName=CQTL_AM7785_FNF_Ankle_1
    threads: 4


        module load picard/2.26.11
        module load samtools/1.21
        mkdir -p rna_output/align

        picard AddOrReplaceReadGroups             I=rna_output/align/CQTL_AM7785_FNF_Ankle_1_sorted.bam             O=rna_output/align/CQTL_AM7785_FNF_Ankle_1_RG.bam             RGSM=CQTL_AM7785_FNF_Ankle_1             RGPL=ILLUMINA             RGLB=lib1             RGPU=unit1             1> rna_output/logs/add_read_groups_CQTL_AM7785_FNF_Ankle_1.out 2> rna_output/logs/add_read_groups_CQTL_AM7785_FNF_Ankle_1.err

        samtools index rna_output/align/CQTL_AM7785_FNF_Ankle_1_RG.bam 1>> rna_output/logs/add_read_groups_CQTL_AM7785_FNF_Ankle_1.out 2>> rna_output/logs/add_read_groups_CQTL_AM7785_FNF_Ankle_1.err
        
Submitted job 240 with external jobid '55179877'.

[Tue Dec  3 13:02:14 2024]
rule add_read_groups:
    input: rna_output/align/CQTL_AM7711_CTL_Ankle_1_sorted.bam, rna_output/align/CQTL_AM7711_CTL_Ankle_1_sorted.bai
    output: rna_output/align/CQTL_AM7711_CTL_Ankle_1_RG.bam, rna_output/align/CQTL_AM7711_CTL_Ankle_1_RG.bam.bai
    log: rna_output/logs/add_read_groups_CQTL_AM7711_CTL_Ankle_1.err, rna_output/logs/add_read_groups_CQTL_AM7711_CTL_Ankle_1.out
    jobid: 211
    wildcards: sampleName=CQTL_AM7711_CTL_Ankle_1
    threads: 4


        module load picard/2.26.11
        module load samtools/1.21
        mkdir -p rna_output/align

        picard AddOrReplaceReadGroups             I=rna_output/align/CQTL_AM7711_CTL_Ankle_1_sorted.bam             O=rna_output/align/CQTL_AM7711_CTL_Ankle_1_RG.bam             RGSM=CQTL_AM7711_CTL_Ankle_1             RGPL=ILLUMINA             RGLB=lib1             RGPU=unit1             1> rna_output/logs/add_read_groups_CQTL_AM7711_CTL_Ankle_1.out 2> rna_output/logs/add_read_groups_CQTL_AM7711_CTL_Ankle_1.err

        samtools index rna_output/align/CQTL_AM7711_CTL_Ankle_1_RG.bam 1>> rna_output/logs/add_read_groups_CQTL_AM7711_CTL_Ankle_1.out 2>> rna_output/logs/add_read_groups_CQTL_AM7711_CTL_Ankle_1.err
        
Submitted job 211 with external jobid '55179878'.

[Tue Dec  3 13:02:15 2024]
rule add_read_groups:
    input: rna_output/align/CQTL_AM7785_CTL_Ankle_1_sorted.bam, rna_output/align/CQTL_AM7785_CTL_Ankle_1_sorted.bai
    output: rna_output/align/CQTL_AM7785_CTL_Ankle_1_RG.bam, rna_output/align/CQTL_AM7785_CTL_Ankle_1_RG.bam.bai
    log: rna_output/logs/add_read_groups_CQTL_AM7785_CTL_Ankle_1.err, rna_output/logs/add_read_groups_CQTL_AM7785_CTL_Ankle_1.out
    jobid: 239
    wildcards: sampleName=CQTL_AM7785_CTL_Ankle_1
    threads: 4


        module load picard/2.26.11
        module load samtools/1.21
        mkdir -p rna_output/align

        picard AddOrReplaceReadGroups             I=rna_output/align/CQTL_AM7785_CTL_Ankle_1_sorted.bam             O=rna_output/align/CQTL_AM7785_CTL_Ankle_1_RG.bam             RGSM=CQTL_AM7785_CTL_Ankle_1             RGPL=ILLUMINA             RGLB=lib1             RGPU=unit1             1> rna_output/logs/add_read_groups_CQTL_AM7785_CTL_Ankle_1.out 2> rna_output/logs/add_read_groups_CQTL_AM7785_CTL_Ankle_1.err

        samtools index rna_output/align/CQTL_AM7785_CTL_Ankle_1_RG.bam 1>> rna_output/logs/add_read_groups_CQTL_AM7785_CTL_Ankle_1.out 2>> rna_output/logs/add_read_groups_CQTL_AM7785_CTL_Ankle_1.err
        
Submitted job 239 with external jobid '55179879'.

[Tue Dec  3 13:02:17 2024]
rule add_read_groups:
    input: rna_output/align/CQTL_AM7778FE_FNF_Femur_1_sorted.bam, rna_output/align/CQTL_AM7778FE_FNF_Femur_1_sorted.bai
    output: rna_output/align/CQTL_AM7778FE_FNF_Femur_1_RG.bam, rna_output/align/CQTL_AM7778FE_FNF_Femur_1_RG.bam.bai
    log: rna_output/logs/add_read_groups_CQTL_AM7778FE_FNF_Femur_1.err, rna_output/logs/add_read_groups_CQTL_AM7778FE_FNF_Femur_1.out
    jobid: 232
    wildcards: sampleName=CQTL_AM7778FE_FNF_Femur_1
    threads: 4


        module load picard/2.26.11
        module load samtools/1.21
        mkdir -p rna_output/align

        picard AddOrReplaceReadGroups             I=rna_output/align/CQTL_AM7778FE_FNF_Femur_1_sorted.bam             O=rna_output/align/CQTL_AM7778FE_FNF_Femur_1_RG.bam             RGSM=CQTL_AM7778FE_FNF_Femur_1             RGPL=ILLUMINA             RGLB=lib1             RGPU=unit1             1> rna_output/logs/add_read_groups_CQTL_AM7778FE_FNF_Femur_1.out 2> rna_output/logs/add_read_groups_CQTL_AM7778FE_FNF_Femur_1.err

        samtools index rna_output/align/CQTL_AM7778FE_FNF_Femur_1_RG.bam 1>> rna_output/logs/add_read_groups_CQTL_AM7778FE_FNF_Femur_1.out 2>> rna_output/logs/add_read_groups_CQTL_AM7778FE_FNF_Femur_1.err
        
Submitted job 232 with external jobid '55179880'.

[Tue Dec  3 13:02:18 2024]
rule add_read_groups:
    input: rna_output/align/CQTL_AM7763_FNF_Ankle_1_sorted.bam, rna_output/align/CQTL_AM7763_FNF_Ankle_1_sorted.bai
    output: rna_output/align/CQTL_AM7763_FNF_Ankle_1_RG.bam, rna_output/align/CQTL_AM7763_FNF_Ankle_1_RG.bam.bai
    log: rna_output/logs/add_read_groups_CQTL_AM7763_FNF_Ankle_1.err, rna_output/logs/add_read_groups_CQTL_AM7763_FNF_Ankle_1.out
    jobid: 222
    wildcards: sampleName=CQTL_AM7763_FNF_Ankle_1
    threads: 4


        module load picard/2.26.11
        module load samtools/1.21
        mkdir -p rna_output/align

        picard AddOrReplaceReadGroups             I=rna_output/align/CQTL_AM7763_FNF_Ankle_1_sorted.bam             O=rna_output/align/CQTL_AM7763_FNF_Ankle_1_RG.bam             RGSM=CQTL_AM7763_FNF_Ankle_1             RGPL=ILLUMINA             RGLB=lib1             RGPU=unit1             1> rna_output/logs/add_read_groups_CQTL_AM7763_FNF_Ankle_1.out 2> rna_output/logs/add_read_groups_CQTL_AM7763_FNF_Ankle_1.err

        samtools index rna_output/align/CQTL_AM7763_FNF_Ankle_1_RG.bam 1>> rna_output/logs/add_read_groups_CQTL_AM7763_FNF_Ankle_1.out 2>> rna_output/logs/add_read_groups_CQTL_AM7763_FNF_Ankle_1.err
        
Submitted job 222 with external jobid '55179881'.

[Tue Dec  3 13:02:19 2024]
rule add_read_groups:
    input: rna_output/align/CQTL_AM7775_FNF_Ankle_1_sorted.bam, rna_output/align/CQTL_AM7775_FNF_Ankle_1_sorted.bai
    output: rna_output/align/CQTL_AM7775_FNF_Ankle_1_RG.bam, rna_output/align/CQTL_AM7775_FNF_Ankle_1_RG.bam.bai
    log: rna_output/logs/add_read_groups_CQTL_AM7775_FNF_Ankle_1.err, rna_output/logs/add_read_groups_CQTL_AM7775_FNF_Ankle_1.out
    jobid: 230
    wildcards: sampleName=CQTL_AM7775_FNF_Ankle_1
    threads: 4


        module load picard/2.26.11
        module load samtools/1.21
        mkdir -p rna_output/align

        picard AddOrReplaceReadGroups             I=rna_output/align/CQTL_AM7775_FNF_Ankle_1_sorted.bam             O=rna_output/align/CQTL_AM7775_FNF_Ankle_1_RG.bam             RGSM=CQTL_AM7775_FNF_Ankle_1             RGPL=ILLUMINA             RGLB=lib1             RGPU=unit1             1> rna_output/logs/add_read_groups_CQTL_AM7775_FNF_Ankle_1.out 2> rna_output/logs/add_read_groups_CQTL_AM7775_FNF_Ankle_1.err

        samtools index rna_output/align/CQTL_AM7775_FNF_Ankle_1_RG.bam 1>> rna_output/logs/add_read_groups_CQTL_AM7775_FNF_Ankle_1.out 2>> rna_output/logs/add_read_groups_CQTL_AM7775_FNF_Ankle_1.err
        
Submitted job 230 with external jobid '55179882'.

[Tue Dec  3 13:02:20 2024]
rule add_read_groups:
    input: rna_output/align/CQTL_AM7765_CTL_Ankle_1_sorted.bam, rna_output/align/CQTL_AM7765_CTL_Ankle_1_sorted.bai
    output: rna_output/align/CQTL_AM7765_CTL_Ankle_1_RG.bam, rna_output/align/CQTL_AM7765_CTL_Ankle_1_RG.bam.bai
    log: rna_output/logs/add_read_groups_CQTL_AM7765_CTL_Ankle_1.err, rna_output/logs/add_read_groups_CQTL_AM7765_CTL_Ankle_1.out
    jobid: 223
    wildcards: sampleName=CQTL_AM7765_CTL_Ankle_1
    threads: 4


        module load picard/2.26.11
        module load samtools/1.21
        mkdir -p rna_output/align

        picard AddOrReplaceReadGroups             I=rna_output/align/CQTL_AM7765_CTL_Ankle_1_sorted.bam             O=rna_output/align/CQTL_AM7765_CTL_Ankle_1_RG.bam             RGSM=CQTL_AM7765_CTL_Ankle_1             RGPL=ILLUMINA             RGLB=lib1             RGPU=unit1             1> rna_output/logs/add_read_groups_CQTL_AM7765_CTL_Ankle_1.out 2> rna_output/logs/add_read_groups_CQTL_AM7765_CTL_Ankle_1.err

        samtools index rna_output/align/CQTL_AM7765_CTL_Ankle_1_RG.bam 1>> rna_output/logs/add_read_groups_CQTL_AM7765_CTL_Ankle_1.out 2>> rna_output/logs/add_read_groups_CQTL_AM7765_CTL_Ankle_1.err
        
Submitted job 223 with external jobid '55179883'.

[Tue Dec  3 13:02:21 2024]
rule add_read_groups:
    input: rna_output/align/CQTL_AM7765_FNF_Ankle_1_sorted.bam, rna_output/align/CQTL_AM7765_FNF_Ankle_1_sorted.bai
    output: rna_output/align/CQTL_AM7765_FNF_Ankle_1_RG.bam, rna_output/align/CQTL_AM7765_FNF_Ankle_1_RG.bam.bai
    log: rna_output/logs/add_read_groups_CQTL_AM7765_FNF_Ankle_1.err, rna_output/logs/add_read_groups_CQTL_AM7765_FNF_Ankle_1.out
    jobid: 224
    wildcards: sampleName=CQTL_AM7765_FNF_Ankle_1
    threads: 4


        module load picard/2.26.11
        module load samtools/1.21
        mkdir -p rna_output/align

        picard AddOrReplaceReadGroups             I=rna_output/align/CQTL_AM7765_FNF_Ankle_1_sorted.bam             O=rna_output/align/CQTL_AM7765_FNF_Ankle_1_RG.bam             RGSM=CQTL_AM7765_FNF_Ankle_1             RGPL=ILLUMINA             RGLB=lib1             RGPU=unit1             1> rna_output/logs/add_read_groups_CQTL_AM7765_FNF_Ankle_1.out 2> rna_output/logs/add_read_groups_CQTL_AM7765_FNF_Ankle_1.err

        samtools index rna_output/align/CQTL_AM7765_FNF_Ankle_1_RG.bam 1>> rna_output/logs/add_read_groups_CQTL_AM7765_FNF_Ankle_1.out 2>> rna_output/logs/add_read_groups_CQTL_AM7765_FNF_Ankle_1.err
        
Submitted job 224 with external jobid '55179884'.

[Tue Dec  3 13:02:23 2024]
rule add_read_groups:
    input: rna_output/align/FACT_23-0062_CTL_synovium_1_sorted.bam, rna_output/align/FACT_23-0062_CTL_synovium_1_sorted.bai
    output: rna_output/align/FACT_23-0062_CTL_synovium_1_RG.bam, rna_output/align/FACT_23-0062_CTL_synovium_1_RG.bam.bai
    log: rna_output/logs/add_read_groups_FACT_23-0062_CTL_synovium_1.err, rna_output/logs/add_read_groups_FACT_23-0062_CTL_synovium_1.out
    jobid: 247
    wildcards: sampleName=FACT_23-0062_CTL_synovium_1
    threads: 4


        module load picard/2.26.11
        module load samtools/1.21
        mkdir -p rna_output/align

        picard AddOrReplaceReadGroups             I=rna_output/align/FACT_23-0062_CTL_synovium_1_sorted.bam             O=rna_output/align/FACT_23-0062_CTL_synovium_1_RG.bam             RGSM=FACT_23-0062_CTL_synovium_1             RGPL=ILLUMINA             RGLB=lib1             RGPU=unit1             1> rna_output/logs/add_read_groups_FACT_23-0062_CTL_synovium_1.out 2> rna_output/logs/add_read_groups_FACT_23-0062_CTL_synovium_1.err

        samtools index rna_output/align/FACT_23-0062_CTL_synovium_1_RG.bam 1>> rna_output/logs/add_read_groups_FACT_23-0062_CTL_synovium_1.out 2>> rna_output/logs/add_read_groups_FACT_23-0062_CTL_synovium_1.err
        
Submitted job 247 with external jobid '55179885'.

[Tue Dec  3 13:02:24 2024]
rule add_read_groups:
    input: rna_output/align/CQTL_AM7717_FNF_Ankle_1_sorted.bam, rna_output/align/CQTL_AM7717_FNF_Ankle_1_sorted.bai
    output: rna_output/align/CQTL_AM7717_FNF_Ankle_1_RG.bam, rna_output/align/CQTL_AM7717_FNF_Ankle_1_RG.bam.bai
    log: rna_output/logs/add_read_groups_CQTL_AM7717_FNF_Ankle_1.err, rna_output/logs/add_read_groups_CQTL_AM7717_FNF_Ankle_1.out
    jobid: 214
    wildcards: sampleName=CQTL_AM7717_FNF_Ankle_1
    threads: 4


        module load picard/2.26.11
        module load samtools/1.21
        mkdir -p rna_output/align

        picard AddOrReplaceReadGroups             I=rna_output/align/CQTL_AM7717_FNF_Ankle_1_sorted.bam             O=rna_output/align/CQTL_AM7717_FNF_Ankle_1_RG.bam             RGSM=CQTL_AM7717_FNF_Ankle_1             RGPL=ILLUMINA             RGLB=lib1             RGPU=unit1             1> rna_output/logs/add_read_groups_CQTL_AM7717_FNF_Ankle_1.out 2> rna_output/logs/add_read_groups_CQTL_AM7717_FNF_Ankle_1.err

        samtools index rna_output/align/CQTL_AM7717_FNF_Ankle_1_RG.bam 1>> rna_output/logs/add_read_groups_CQTL_AM7717_FNF_Ankle_1.out 2>> rna_output/logs/add_read_groups_CQTL_AM7717_FNF_Ankle_1.err
        
Submitted job 214 with external jobid '55179887'.

[Tue Dec  3 13:02:25 2024]
rule add_read_groups:
    input: rna_output/align/CQTL_AM7769_CTL_Ankle_1_sorted.bam, rna_output/align/CQTL_AM7769_CTL_Ankle_1_sorted.bai
    output: rna_output/align/CQTL_AM7769_CTL_Ankle_1_RG.bam, rna_output/align/CQTL_AM7769_CTL_Ankle_1_RG.bam.bai
    log: rna_output/logs/add_read_groups_CQTL_AM7769_CTL_Ankle_1.err, rna_output/logs/add_read_groups_CQTL_AM7769_CTL_Ankle_1.out
    jobid: 225
    wildcards: sampleName=CQTL_AM7769_CTL_Ankle_1
    threads: 4


        module load picard/2.26.11
        module load samtools/1.21
        mkdir -p rna_output/align

        picard AddOrReplaceReadGroups             I=rna_output/align/CQTL_AM7769_CTL_Ankle_1_sorted.bam             O=rna_output/align/CQTL_AM7769_CTL_Ankle_1_RG.bam             RGSM=CQTL_AM7769_CTL_Ankle_1             RGPL=ILLUMINA             RGLB=lib1             RGPU=unit1             1> rna_output/logs/add_read_groups_CQTL_AM7769_CTL_Ankle_1.out 2> rna_output/logs/add_read_groups_CQTL_AM7769_CTL_Ankle_1.err

        samtools index rna_output/align/CQTL_AM7769_CTL_Ankle_1_RG.bam 1>> rna_output/logs/add_read_groups_CQTL_AM7769_CTL_Ankle_1.out 2>> rna_output/logs/add_read_groups_CQTL_AM7769_CTL_Ankle_1.err
        
Submitted job 225 with external jobid '55179888'.

[Tue Dec  3 13:02:28 2024]
rule add_read_groups:
    input: rna_output/align/CQTL_AM7778_CTL_Ankle_1_sorted.bam, rna_output/align/CQTL_AM7778_CTL_Ankle_1_sorted.bai
    output: rna_output/align/CQTL_AM7778_CTL_Ankle_1_RG.bam, rna_output/align/CQTL_AM7778_CTL_Ankle_1_RG.bam.bai
    log: rna_output/logs/add_read_groups_CQTL_AM7778_CTL_Ankle_1.err, rna_output/logs/add_read_groups_CQTL_AM7778_CTL_Ankle_1.out
    jobid: 233
    wildcards: sampleName=CQTL_AM7778_CTL_Ankle_1
    threads: 4


        module load picard/2.26.11
        module load samtools/1.21
        mkdir -p rna_output/align

        picard AddOrReplaceReadGroups             I=rna_output/align/CQTL_AM7778_CTL_Ankle_1_sorted.bam             O=rna_output/align/CQTL_AM7778_CTL_Ankle_1_RG.bam             RGSM=CQTL_AM7778_CTL_Ankle_1             RGPL=ILLUMINA             RGLB=lib1             RGPU=unit1             1> rna_output/logs/add_read_groups_CQTL_AM7778_CTL_Ankle_1.out 2> rna_output/logs/add_read_groups_CQTL_AM7778_CTL_Ankle_1.err

        samtools index rna_output/align/CQTL_AM7778_CTL_Ankle_1_RG.bam 1>> rna_output/logs/add_read_groups_CQTL_AM7778_CTL_Ankle_1.out 2>> rna_output/logs/add_read_groups_CQTL_AM7778_CTL_Ankle_1.err
        
Submitted job 233 with external jobid '55179889'.

[Tue Dec  3 13:02:29 2024]
rule add_read_groups:
    input: rna_output/align/FACT_23-0058_CTL_synovium_1_sorted.bam, rna_output/align/FACT_23-0058_CTL_synovium_1_sorted.bai
    output: rna_output/align/FACT_23-0058_CTL_synovium_1_RG.bam, rna_output/align/FACT_23-0058_CTL_synovium_1_RG.bam.bai
    log: rna_output/logs/add_read_groups_FACT_23-0058_CTL_synovium_1.err, rna_output/logs/add_read_groups_FACT_23-0058_CTL_synovium_1.out
    jobid: 243
    wildcards: sampleName=FACT_23-0058_CTL_synovium_1
    threads: 4


        module load picard/2.26.11
        module load samtools/1.21
        mkdir -p rna_output/align

        picard AddOrReplaceReadGroups             I=rna_output/align/FACT_23-0058_CTL_synovium_1_sorted.bam             O=rna_output/align/FACT_23-0058_CTL_synovium_1_RG.bam             RGSM=FACT_23-0058_CTL_synovium_1             RGPL=ILLUMINA             RGLB=lib1             RGPU=unit1             1> rna_output/logs/add_read_groups_FACT_23-0058_CTL_synovium_1.out 2> rna_output/logs/add_read_groups_FACT_23-0058_CTL_synovium_1.err

        samtools index rna_output/align/FACT_23-0058_CTL_synovium_1_RG.bam 1>> rna_output/logs/add_read_groups_FACT_23-0058_CTL_synovium_1.out 2>> rna_output/logs/add_read_groups_FACT_23-0058_CTL_synovium_1.err
        
Submitted job 243 with external jobid '55179890'.

[Tue Dec  3 13:02:31 2024]
rule add_read_groups:
    input: rna_output/align/FACT_23-0060_CTL_synovium_1_sorted.bam, rna_output/align/FACT_23-0060_CTL_synovium_1_sorted.bai
    output: rna_output/align/FACT_23-0060_CTL_synovium_1_RG.bam, rna_output/align/FACT_23-0060_CTL_synovium_1_RG.bam.bai
    log: rna_output/logs/add_read_groups_FACT_23-0060_CTL_synovium_1.err, rna_output/logs/add_read_groups_FACT_23-0060_CTL_synovium_1.out
    jobid: 245
    wildcards: sampleName=FACT_23-0060_CTL_synovium_1
    threads: 4


        module load picard/2.26.11
        module load samtools/1.21
        mkdir -p rna_output/align

        picard AddOrReplaceReadGroups             I=rna_output/align/FACT_23-0060_CTL_synovium_1_sorted.bam             O=rna_output/align/FACT_23-0060_CTL_synovium_1_RG.bam             RGSM=FACT_23-0060_CTL_synovium_1             RGPL=ILLUMINA             RGLB=lib1             RGPU=unit1             1> rna_output/logs/add_read_groups_FACT_23-0060_CTL_synovium_1.out 2> rna_output/logs/add_read_groups_FACT_23-0060_CTL_synovium_1.err

        samtools index rna_output/align/FACT_23-0060_CTL_synovium_1_RG.bam 1>> rna_output/logs/add_read_groups_FACT_23-0060_CTL_synovium_1.out 2>> rna_output/logs/add_read_groups_FACT_23-0060_CTL_synovium_1.err
        
Submitted job 245 with external jobid '55179891'.

[Tue Dec  3 13:02:32 2024]
rule add_read_groups:
    input: rna_output/align/CQTL_AM7735_FNF_Ankle_1_sorted.bam, rna_output/align/CQTL_AM7735_FNF_Ankle_1_sorted.bai
    output: rna_output/align/CQTL_AM7735_FNF_Ankle_1_RG.bam, rna_output/align/CQTL_AM7735_FNF_Ankle_1_RG.bam.bai
    log: rna_output/logs/add_read_groups_CQTL_AM7735_FNF_Ankle_1.err, rna_output/logs/add_read_groups_CQTL_AM7735_FNF_Ankle_1.out
    jobid: 216
    wildcards: sampleName=CQTL_AM7735_FNF_Ankle_1
    threads: 4


        module load picard/2.26.11
        module load samtools/1.21
        mkdir -p rna_output/align

        picard AddOrReplaceReadGroups             I=rna_output/align/CQTL_AM7735_FNF_Ankle_1_sorted.bam             O=rna_output/align/CQTL_AM7735_FNF_Ankle_1_RG.bam             RGSM=CQTL_AM7735_FNF_Ankle_1             RGPL=ILLUMINA             RGLB=lib1             RGPU=unit1             1> rna_output/logs/add_read_groups_CQTL_AM7735_FNF_Ankle_1.out 2> rna_output/logs/add_read_groups_CQTL_AM7735_FNF_Ankle_1.err

        samtools index rna_output/align/CQTL_AM7735_FNF_Ankle_1_RG.bam 1>> rna_output/logs/add_read_groups_CQTL_AM7735_FNF_Ankle_1.out 2>> rna_output/logs/add_read_groups_CQTL_AM7735_FNF_Ankle_1.err
        
Submitted job 216 with external jobid '55179893'.

[Tue Dec  3 13:02:34 2024]
rule add_read_groups:
    input: rna_output/align/FACT_23-0069_FNF_synovium_1_sorted.bam, rna_output/align/FACT_23-0069_FNF_synovium_1_sorted.bai
    output: rna_output/align/FACT_23-0069_FNF_synovium_1_RG.bam, rna_output/align/FACT_23-0069_FNF_synovium_1_RG.bam.bai
    log: rna_output/logs/add_read_groups_FACT_23-0069_FNF_synovium_1.err, rna_output/logs/add_read_groups_FACT_23-0069_FNF_synovium_1.out
    jobid: 250
    wildcards: sampleName=FACT_23-0069_FNF_synovium_1
    threads: 4


        module load picard/2.26.11
        module load samtools/1.21
        mkdir -p rna_output/align

        picard AddOrReplaceReadGroups             I=rna_output/align/FACT_23-0069_FNF_synovium_1_sorted.bam             O=rna_output/align/FACT_23-0069_FNF_synovium_1_RG.bam             RGSM=FACT_23-0069_FNF_synovium_1             RGPL=ILLUMINA             RGLB=lib1             RGPU=unit1             1> rna_output/logs/add_read_groups_FACT_23-0069_FNF_synovium_1.out 2> rna_output/logs/add_read_groups_FACT_23-0069_FNF_synovium_1.err

        samtools index rna_output/align/FACT_23-0069_FNF_synovium_1_RG.bam 1>> rna_output/logs/add_read_groups_FACT_23-0069_FNF_synovium_1.out 2>> rna_output/logs/add_read_groups_FACT_23-0069_FNF_synovium_1.err
        
Submitted job 250 with external jobid '55179894'.

[Tue Dec  3 13:02:36 2024]
rule add_read_groups:
    input: rna_output/align/CQTL_AM7771_FNF_Ankle_1_sorted.bam, rna_output/align/CQTL_AM7771_FNF_Ankle_1_sorted.bai
    output: rna_output/align/CQTL_AM7771_FNF_Ankle_1_RG.bam, rna_output/align/CQTL_AM7771_FNF_Ankle_1_RG.bam.bai
    log: rna_output/logs/add_read_groups_CQTL_AM7771_FNF_Ankle_1.err, rna_output/logs/add_read_groups_CQTL_AM7771_FNF_Ankle_1.out
    jobid: 228
    wildcards: sampleName=CQTL_AM7771_FNF_Ankle_1
    threads: 4


        module load picard/2.26.11
        module load samtools/1.21
        mkdir -p rna_output/align

        picard AddOrReplaceReadGroups             I=rna_output/align/CQTL_AM7771_FNF_Ankle_1_sorted.bam             O=rna_output/align/CQTL_AM7771_FNF_Ankle_1_RG.bam             RGSM=CQTL_AM7771_FNF_Ankle_1             RGPL=ILLUMINA             RGLB=lib1             RGPU=unit1             1> rna_output/logs/add_read_groups_CQTL_AM7771_FNF_Ankle_1.out 2> rna_output/logs/add_read_groups_CQTL_AM7771_FNF_Ankle_1.err

        samtools index rna_output/align/CQTL_AM7771_FNF_Ankle_1_RG.bam 1>> rna_output/logs/add_read_groups_CQTL_AM7771_FNF_Ankle_1.out 2>> rna_output/logs/add_read_groups_CQTL_AM7771_FNF_Ankle_1.err
        
Submitted job 228 with external jobid '55179895'.

[Tue Dec  3 13:02:37 2024]
rule add_read_groups:
    input: rna_output/align/CQTL_AM7780_CTL_Ankle_1_sorted.bam, rna_output/align/CQTL_AM7780_CTL_Ankle_1_sorted.bai
    output: rna_output/align/CQTL_AM7780_CTL_Ankle_1_RG.bam, rna_output/align/CQTL_AM7780_CTL_Ankle_1_RG.bam.bai
    log: rna_output/logs/add_read_groups_CQTL_AM7780_CTL_Ankle_1.err, rna_output/logs/add_read_groups_CQTL_AM7780_CTL_Ankle_1.out
    jobid: 235
    wildcards: sampleName=CQTL_AM7780_CTL_Ankle_1
    threads: 4


        module load picard/2.26.11
        module load samtools/1.21
        mkdir -p rna_output/align

        picard AddOrReplaceReadGroups             I=rna_output/align/CQTL_AM7780_CTL_Ankle_1_sorted.bam             O=rna_output/align/CQTL_AM7780_CTL_Ankle_1_RG.bam             RGSM=CQTL_AM7780_CTL_Ankle_1             RGPL=ILLUMINA             RGLB=lib1             RGPU=unit1             1> rna_output/logs/add_read_groups_CQTL_AM7780_CTL_Ankle_1.out 2> rna_output/logs/add_read_groups_CQTL_AM7780_CTL_Ankle_1.err

        samtools index rna_output/align/CQTL_AM7780_CTL_Ankle_1_RG.bam 1>> rna_output/logs/add_read_groups_CQTL_AM7780_CTL_Ankle_1.out 2>> rna_output/logs/add_read_groups_CQTL_AM7780_CTL_Ankle_1.err
        
Submitted job 235 with external jobid '55179896'.

[Tue Dec  3 13:02:39 2024]
rule add_read_groups:
    input: rna_output/align/CQTL_AM7735_CTL_Ankle_1_sorted.bam, rna_output/align/CQTL_AM7735_CTL_Ankle_1_sorted.bai
    output: rna_output/align/CQTL_AM7735_CTL_Ankle_1_RG.bam, rna_output/align/CQTL_AM7735_CTL_Ankle_1_RG.bam.bai
    log: rna_output/logs/add_read_groups_CQTL_AM7735_CTL_Ankle_1.err, rna_output/logs/add_read_groups_CQTL_AM7735_CTL_Ankle_1.out
    jobid: 215
    wildcards: sampleName=CQTL_AM7735_CTL_Ankle_1
    threads: 4


        module load picard/2.26.11
        module load samtools/1.21
        mkdir -p rna_output/align

        picard AddOrReplaceReadGroups             I=rna_output/align/CQTL_AM7735_CTL_Ankle_1_sorted.bam             O=rna_output/align/CQTL_AM7735_CTL_Ankle_1_RG.bam             RGSM=CQTL_AM7735_CTL_Ankle_1             RGPL=ILLUMINA             RGLB=lib1             RGPU=unit1             1> rna_output/logs/add_read_groups_CQTL_AM7735_CTL_Ankle_1.out 2> rna_output/logs/add_read_groups_CQTL_AM7735_CTL_Ankle_1.err

        samtools index rna_output/align/CQTL_AM7735_CTL_Ankle_1_RG.bam 1>> rna_output/logs/add_read_groups_CQTL_AM7735_CTL_Ankle_1.out 2>> rna_output/logs/add_read_groups_CQTL_AM7735_CTL_Ankle_1.err
        
Submitted job 215 with external jobid '55179897'.

[Tue Dec  3 13:02:40 2024]
rule add_read_groups:
    input: rna_output/align/CQTL_AM7775_CTL_Ankle_1_sorted.bam, rna_output/align/CQTL_AM7775_CTL_Ankle_1_sorted.bai
    output: rna_output/align/CQTL_AM7775_CTL_Ankle_1_RG.bam, rna_output/align/CQTL_AM7775_CTL_Ankle_1_RG.bam.bai
    log: rna_output/logs/add_read_groups_CQTL_AM7775_CTL_Ankle_1.err, rna_output/logs/add_read_groups_CQTL_AM7775_CTL_Ankle_1.out
    jobid: 229
    wildcards: sampleName=CQTL_AM7775_CTL_Ankle_1
    threads: 4


        module load picard/2.26.11
        module load samtools/1.21
        mkdir -p rna_output/align

        picard AddOrReplaceReadGroups             I=rna_output/align/CQTL_AM7775_CTL_Ankle_1_sorted.bam             O=rna_output/align/CQTL_AM7775_CTL_Ankle_1_RG.bam             RGSM=CQTL_AM7775_CTL_Ankle_1             RGPL=ILLUMINA             RGLB=lib1             RGPU=unit1             1> rna_output/logs/add_read_groups_CQTL_AM7775_CTL_Ankle_1.out 2> rna_output/logs/add_read_groups_CQTL_AM7775_CTL_Ankle_1.err

        samtools index rna_output/align/CQTL_AM7775_CTL_Ankle_1_RG.bam 1>> rna_output/logs/add_read_groups_CQTL_AM7775_CTL_Ankle_1.out 2>> rna_output/logs/add_read_groups_CQTL_AM7775_CTL_Ankle_1.err
        
Submitted job 229 with external jobid '55179898'.

[Tue Dec  3 13:02:41 2024]
rule add_read_groups:
    input: rna_output/align/CQTL_AM7754_FNF_Ankle_1_sorted.bam, rna_output/align/CQTL_AM7754_FNF_Ankle_1_sorted.bai
    output: rna_output/align/CQTL_AM7754_FNF_Ankle_1_RG.bam, rna_output/align/CQTL_AM7754_FNF_Ankle_1_RG.bam.bai
    log: rna_output/logs/add_read_groups_CQTL_AM7754_FNF_Ankle_1.err, rna_output/logs/add_read_groups_CQTL_AM7754_FNF_Ankle_1.out
    jobid: 218
    wildcards: sampleName=CQTL_AM7754_FNF_Ankle_1
    threads: 4


        module load picard/2.26.11
        module load samtools/1.21
        mkdir -p rna_output/align

        picard AddOrReplaceReadGroups             I=rna_output/align/CQTL_AM7754_FNF_Ankle_1_sorted.bam             O=rna_output/align/CQTL_AM7754_FNF_Ankle_1_RG.bam             RGSM=CQTL_AM7754_FNF_Ankle_1             RGPL=ILLUMINA             RGLB=lib1             RGPU=unit1             1> rna_output/logs/add_read_groups_CQTL_AM7754_FNF_Ankle_1.out 2> rna_output/logs/add_read_groups_CQTL_AM7754_FNF_Ankle_1.err

        samtools index rna_output/align/CQTL_AM7754_FNF_Ankle_1_RG.bam 1>> rna_output/logs/add_read_groups_CQTL_AM7754_FNF_Ankle_1.out 2>> rna_output/logs/add_read_groups_CQTL_AM7754_FNF_Ankle_1.err
        
Submitted job 218 with external jobid '55179899'.

[Tue Dec  3 13:02:43 2024]
rule add_read_groups:
    input: rna_output/align/CQTL_AM7711_FNF_Ankle_1_sorted.bam, rna_output/align/CQTL_AM7711_FNF_Ankle_1_sorted.bai
    output: rna_output/align/CQTL_AM7711_FNF_Ankle_1_RG.bam, rna_output/align/CQTL_AM7711_FNF_Ankle_1_RG.bam.bai
    log: rna_output/logs/add_read_groups_CQTL_AM7711_FNF_Ankle_1.err, rna_output/logs/add_read_groups_CQTL_AM7711_FNF_Ankle_1.out
    jobid: 212
    wildcards: sampleName=CQTL_AM7711_FNF_Ankle_1
    threads: 4


        module load picard/2.26.11
        module load samtools/1.21
        mkdir -p rna_output/align

        picard AddOrReplaceReadGroups             I=rna_output/align/CQTL_AM7711_FNF_Ankle_1_sorted.bam             O=rna_output/align/CQTL_AM7711_FNF_Ankle_1_RG.bam             RGSM=CQTL_AM7711_FNF_Ankle_1             RGPL=ILLUMINA             RGLB=lib1             RGPU=unit1             1> rna_output/logs/add_read_groups_CQTL_AM7711_FNF_Ankle_1.out 2> rna_output/logs/add_read_groups_CQTL_AM7711_FNF_Ankle_1.err

        samtools index rna_output/align/CQTL_AM7711_FNF_Ankle_1_RG.bam 1>> rna_output/logs/add_read_groups_CQTL_AM7711_FNF_Ankle_1.out 2>> rna_output/logs/add_read_groups_CQTL_AM7711_FNF_Ankle_1.err
        
Submitted job 212 with external jobid '55179900'.

[Tue Dec  3 13:02:44 2024]
rule add_read_groups:
    input: rna_output/align/CQTL_AM7778FE_CTL_Femur_1_sorted.bam, rna_output/align/CQTL_AM7778FE_CTL_Femur_1_sorted.bai
    output: rna_output/align/CQTL_AM7778FE_CTL_Femur_1_RG.bam, rna_output/align/CQTL_AM7778FE_CTL_Femur_1_RG.bam.bai
    log: rna_output/logs/add_read_groups_CQTL_AM7778FE_CTL_Femur_1.err, rna_output/logs/add_read_groups_CQTL_AM7778FE_CTL_Femur_1.out
    jobid: 231
    wildcards: sampleName=CQTL_AM7778FE_CTL_Femur_1
    threads: 4


        module load picard/2.26.11
        module load samtools/1.21
        mkdir -p rna_output/align

        picard AddOrReplaceReadGroups             I=rna_output/align/CQTL_AM7778FE_CTL_Femur_1_sorted.bam             O=rna_output/align/CQTL_AM7778FE_CTL_Femur_1_RG.bam             RGSM=CQTL_AM7778FE_CTL_Femur_1             RGPL=ILLUMINA             RGLB=lib1             RGPU=unit1             1> rna_output/logs/add_read_groups_CQTL_AM7778FE_CTL_Femur_1.out 2> rna_output/logs/add_read_groups_CQTL_AM7778FE_CTL_Femur_1.err

        samtools index rna_output/align/CQTL_AM7778FE_CTL_Femur_1_RG.bam 1>> rna_output/logs/add_read_groups_CQTL_AM7778FE_CTL_Femur_1.out 2>> rna_output/logs/add_read_groups_CQTL_AM7778FE_CTL_Femur_1.err
        
Submitted job 231 with external jobid '55179901'.

[Tue Dec  3 13:02:46 2024]
rule add_read_groups:
    input: rna_output/align/FACT_23-0069_CTL_synovium_1_sorted.bam, rna_output/align/FACT_23-0069_CTL_synovium_1_sorted.bai
    output: rna_output/align/FACT_23-0069_CTL_synovium_1_RG.bam, rna_output/align/FACT_23-0069_CTL_synovium_1_RG.bam.bai
    log: rna_output/logs/add_read_groups_FACT_23-0069_CTL_synovium_1.err, rna_output/logs/add_read_groups_FACT_23-0069_CTL_synovium_1.out
    jobid: 249
    wildcards: sampleName=FACT_23-0069_CTL_synovium_1
    threads: 4


        module load picard/2.26.11
        module load samtools/1.21
        mkdir -p rna_output/align

        picard AddOrReplaceReadGroups             I=rna_output/align/FACT_23-0069_CTL_synovium_1_sorted.bam             O=rna_output/align/FACT_23-0069_CTL_synovium_1_RG.bam             RGSM=FACT_23-0069_CTL_synovium_1             RGPL=ILLUMINA             RGLB=lib1             RGPU=unit1             1> rna_output/logs/add_read_groups_FACT_23-0069_CTL_synovium_1.out 2> rna_output/logs/add_read_groups_FACT_23-0069_CTL_synovium_1.err

        samtools index rna_output/align/FACT_23-0069_CTL_synovium_1_RG.bam 1>> rna_output/logs/add_read_groups_FACT_23-0069_CTL_synovium_1.out 2>> rna_output/logs/add_read_groups_FACT_23-0069_CTL_synovium_1.err
        
Submitted job 249 with external jobid '55179902'.

[Tue Dec  3 13:02:47 2024]
rule add_read_groups:
    input: rna_output/align/CQTL_AM7754_CTL_Ankle_1_sorted.bam, rna_output/align/CQTL_AM7754_CTL_Ankle_1_sorted.bai
    output: rna_output/align/CQTL_AM7754_CTL_Ankle_1_RG.bam, rna_output/align/CQTL_AM7754_CTL_Ankle_1_RG.bam.bai
    log: rna_output/logs/add_read_groups_CQTL_AM7754_CTL_Ankle_1.err, rna_output/logs/add_read_groups_CQTL_AM7754_CTL_Ankle_1.out
    jobid: 217
    wildcards: sampleName=CQTL_AM7754_CTL_Ankle_1
    threads: 4


        module load picard/2.26.11
        module load samtools/1.21
        mkdir -p rna_output/align

        picard AddOrReplaceReadGroups             I=rna_output/align/CQTL_AM7754_CTL_Ankle_1_sorted.bam             O=rna_output/align/CQTL_AM7754_CTL_Ankle_1_RG.bam             RGSM=CQTL_AM7754_CTL_Ankle_1             RGPL=ILLUMINA             RGLB=lib1             RGPU=unit1             1> rna_output/logs/add_read_groups_CQTL_AM7754_CTL_Ankle_1.out 2> rna_output/logs/add_read_groups_CQTL_AM7754_CTL_Ankle_1.err

        samtools index rna_output/align/CQTL_AM7754_CTL_Ankle_1_RG.bam 1>> rna_output/logs/add_read_groups_CQTL_AM7754_CTL_Ankle_1.out 2>> rna_output/logs/add_read_groups_CQTL_AM7754_CTL_Ankle_1.err
        
Submitted job 217 with external jobid '55179903'.

[Tue Dec  3 13:02:50 2024]
rule add_read_groups:
    input: rna_output/align/CQTL_AM7717_CTL_Ankle_1_sorted.bam, rna_output/align/CQTL_AM7717_CTL_Ankle_1_sorted.bai
    output: rna_output/align/CQTL_AM7717_CTL_Ankle_1_RG.bam, rna_output/align/CQTL_AM7717_CTL_Ankle_1_RG.bam.bai
    log: rna_output/logs/add_read_groups_CQTL_AM7717_CTL_Ankle_1.err, rna_output/logs/add_read_groups_CQTL_AM7717_CTL_Ankle_1.out
    jobid: 213
    wildcards: sampleName=CQTL_AM7717_CTL_Ankle_1
    threads: 4


        module load picard/2.26.11
        module load samtools/1.21
        mkdir -p rna_output/align

        picard AddOrReplaceReadGroups             I=rna_output/align/CQTL_AM7717_CTL_Ankle_1_sorted.bam             O=rna_output/align/CQTL_AM7717_CTL_Ankle_1_RG.bam             RGSM=CQTL_AM7717_CTL_Ankle_1             RGPL=ILLUMINA             RGLB=lib1             RGPU=unit1             1> rna_output/logs/add_read_groups_CQTL_AM7717_CTL_Ankle_1.out 2> rna_output/logs/add_read_groups_CQTL_AM7717_CTL_Ankle_1.err

        samtools index rna_output/align/CQTL_AM7717_CTL_Ankle_1_RG.bam 1>> rna_output/logs/add_read_groups_CQTL_AM7717_CTL_Ankle_1.out 2>> rna_output/logs/add_read_groups_CQTL_AM7717_CTL_Ankle_1.err
        
Submitted job 213 with external jobid '55179904'.

[Tue Dec  3 13:02:51 2024]
rule add_read_groups:
    input: rna_output/align/CQTL_AM7781_CTL_Ankle_1_sorted.bam, rna_output/align/CQTL_AM7781_CTL_Ankle_1_sorted.bai
    output: rna_output/align/CQTL_AM7781_CTL_Ankle_1_RG.bam, rna_output/align/CQTL_AM7781_CTL_Ankle_1_RG.bam.bai
    log: rna_output/logs/add_read_groups_CQTL_AM7781_CTL_Ankle_1.err, rna_output/logs/add_read_groups_CQTL_AM7781_CTL_Ankle_1.out
    jobid: 237
    wildcards: sampleName=CQTL_AM7781_CTL_Ankle_1
    threads: 4


        module load picard/2.26.11
        module load samtools/1.21
        mkdir -p rna_output/align

        picard AddOrReplaceReadGroups             I=rna_output/align/CQTL_AM7781_CTL_Ankle_1_sorted.bam             O=rna_output/align/CQTL_AM7781_CTL_Ankle_1_RG.bam             RGSM=CQTL_AM7781_CTL_Ankle_1             RGPL=ILLUMINA             RGLB=lib1             RGPU=unit1             1> rna_output/logs/add_read_groups_CQTL_AM7781_CTL_Ankle_1.out 2> rna_output/logs/add_read_groups_CQTL_AM7781_CTL_Ankle_1.err

        samtools index rna_output/align/CQTL_AM7781_CTL_Ankle_1_RG.bam 1>> rna_output/logs/add_read_groups_CQTL_AM7781_CTL_Ankle_1.out 2>> rna_output/logs/add_read_groups_CQTL_AM7781_CTL_Ankle_1.err
        
Submitted job 237 with external jobid '55179905'.

[Tue Dec  3 13:02:53 2024]
rule add_read_groups:
    input: rna_output/align/FACT_23-0058_FNF_synovium_1_sorted.bam, rna_output/align/FACT_23-0058_FNF_synovium_1_sorted.bai
    output: rna_output/align/FACT_23-0058_FNF_synovium_1_RG.bam, rna_output/align/FACT_23-0058_FNF_synovium_1_RG.bam.bai
    log: rna_output/logs/add_read_groups_FACT_23-0058_FNF_synovium_1.err, rna_output/logs/add_read_groups_FACT_23-0058_FNF_synovium_1.out
    jobid: 244
    wildcards: sampleName=FACT_23-0058_FNF_synovium_1
    threads: 4


        module load picard/2.26.11
        module load samtools/1.21
        mkdir -p rna_output/align

        picard AddOrReplaceReadGroups             I=rna_output/align/FACT_23-0058_FNF_synovium_1_sorted.bam             O=rna_output/align/FACT_23-0058_FNF_synovium_1_RG.bam             RGSM=FACT_23-0058_FNF_synovium_1             RGPL=ILLUMINA             RGLB=lib1             RGPU=unit1             1> rna_output/logs/add_read_groups_FACT_23-0058_FNF_synovium_1.out 2> rna_output/logs/add_read_groups_FACT_23-0058_FNF_synovium_1.err

        samtools index rna_output/align/FACT_23-0058_FNF_synovium_1_RG.bam 1>> rna_output/logs/add_read_groups_FACT_23-0058_FNF_synovium_1.out 2>> rna_output/logs/add_read_groups_FACT_23-0058_FNF_synovium_1.err
        
Submitted job 244 with external jobid '55179906'.

[Tue Dec  3 13:02:54 2024]
rule add_read_groups:
    input: rna_output/align/CQTL_AM7781_FNF_Ankle_1_sorted.bam, rna_output/align/CQTL_AM7781_FNF_Ankle_1_sorted.bai
    output: rna_output/align/CQTL_AM7781_FNF_Ankle_1_RG.bam, rna_output/align/CQTL_AM7781_FNF_Ankle_1_RG.bam.bai
    log: rna_output/logs/add_read_groups_CQTL_AM7781_FNF_Ankle_1.err, rna_output/logs/add_read_groups_CQTL_AM7781_FNF_Ankle_1.out
    jobid: 238
    wildcards: sampleName=CQTL_AM7781_FNF_Ankle_1
    threads: 4


        module load picard/2.26.11
        module load samtools/1.21
        mkdir -p rna_output/align

        picard AddOrReplaceReadGroups             I=rna_output/align/CQTL_AM7781_FNF_Ankle_1_sorted.bam             O=rna_output/align/CQTL_AM7781_FNF_Ankle_1_RG.bam             RGSM=CQTL_AM7781_FNF_Ankle_1             RGPL=ILLUMINA             RGLB=lib1             RGPU=unit1             1> rna_output/logs/add_read_groups_CQTL_AM7781_FNF_Ankle_1.out 2> rna_output/logs/add_read_groups_CQTL_AM7781_FNF_Ankle_1.err

        samtools index rna_output/align/CQTL_AM7781_FNF_Ankle_1_RG.bam 1>> rna_output/logs/add_read_groups_CQTL_AM7781_FNF_Ankle_1.out 2>> rna_output/logs/add_read_groups_CQTL_AM7781_FNF_Ankle_1.err
        
Submitted job 238 with external jobid '55179907'.

[Tue Dec  3 13:02:55 2024]
rule add_read_groups:
    input: rna_output/align/FACT_23-0071_CTL_synovium_1_sorted.bam, rna_output/align/FACT_23-0071_CTL_synovium_1_sorted.bai
    output: rna_output/align/FACT_23-0071_CTL_synovium_1_RG.bam, rna_output/align/FACT_23-0071_CTL_synovium_1_RG.bam.bai
    log: rna_output/logs/add_read_groups_FACT_23-0071_CTL_synovium_1.err, rna_output/logs/add_read_groups_FACT_23-0071_CTL_synovium_1.out
    jobid: 251
    wildcards: sampleName=FACT_23-0071_CTL_synovium_1
    threads: 4


        module load picard/2.26.11
        module load samtools/1.21
        mkdir -p rna_output/align

        picard AddOrReplaceReadGroups             I=rna_output/align/FACT_23-0071_CTL_synovium_1_sorted.bam             O=rna_output/align/FACT_23-0071_CTL_synovium_1_RG.bam             RGSM=FACT_23-0071_CTL_synovium_1             RGPL=ILLUMINA             RGLB=lib1             RGPU=unit1             1> rna_output/logs/add_read_groups_FACT_23-0071_CTL_synovium_1.out 2> rna_output/logs/add_read_groups_FACT_23-0071_CTL_synovium_1.err

        samtools index rna_output/align/FACT_23-0071_CTL_synovium_1_RG.bam 1>> rna_output/logs/add_read_groups_FACT_23-0071_CTL_synovium_1.out 2>> rna_output/logs/add_read_groups_FACT_23-0071_CTL_synovium_1.err
        
Submitted job 251 with external jobid '55179908'.

[Tue Dec  3 13:02:56 2024]
rule add_read_groups:
    input: rna_output/align/CQTL_AM7755_FNF_Ankle_1_sorted.bam, rna_output/align/CQTL_AM7755_FNF_Ankle_1_sorted.bai
    output: rna_output/align/CQTL_AM7755_FNF_Ankle_1_RG.bam, rna_output/align/CQTL_AM7755_FNF_Ankle_1_RG.bam.bai
    log: rna_output/logs/add_read_groups_CQTL_AM7755_FNF_Ankle_1.err, rna_output/logs/add_read_groups_CQTL_AM7755_FNF_Ankle_1.out
    jobid: 220
    wildcards: sampleName=CQTL_AM7755_FNF_Ankle_1
    threads: 4


        module load picard/2.26.11
        module load samtools/1.21
        mkdir -p rna_output/align

        picard AddOrReplaceReadGroups             I=rna_output/align/CQTL_AM7755_FNF_Ankle_1_sorted.bam             O=rna_output/align/CQTL_AM7755_FNF_Ankle_1_RG.bam             RGSM=CQTL_AM7755_FNF_Ankle_1             RGPL=ILLUMINA             RGLB=lib1             RGPU=unit1             1> rna_output/logs/add_read_groups_CQTL_AM7755_FNF_Ankle_1.out 2> rna_output/logs/add_read_groups_CQTL_AM7755_FNF_Ankle_1.err

        samtools index rna_output/align/CQTL_AM7755_FNF_Ankle_1_RG.bam 1>> rna_output/logs/add_read_groups_CQTL_AM7755_FNF_Ankle_1.out 2>> rna_output/logs/add_read_groups_CQTL_AM7755_FNF_Ankle_1.err
        
Submitted job 220 with external jobid '55179909'.

[Tue Dec  3 13:02:57 2024]
rule add_read_groups:
    input: rna_output/align/CQTL_AM7769_FNF_Ankle_1_sorted.bam, rna_output/align/CQTL_AM7769_FNF_Ankle_1_sorted.bai
    output: rna_output/align/CQTL_AM7769_FNF_Ankle_1_RG.bam, rna_output/align/CQTL_AM7769_FNF_Ankle_1_RG.bam.bai
    log: rna_output/logs/add_read_groups_CQTL_AM7769_FNF_Ankle_1.err, rna_output/logs/add_read_groups_CQTL_AM7769_FNF_Ankle_1.out
    jobid: 226
    wildcards: sampleName=CQTL_AM7769_FNF_Ankle_1
    threads: 4


        module load picard/2.26.11
        module load samtools/1.21
        mkdir -p rna_output/align

        picard AddOrReplaceReadGroups             I=rna_output/align/CQTL_AM7769_FNF_Ankle_1_sorted.bam             O=rna_output/align/CQTL_AM7769_FNF_Ankle_1_RG.bam             RGSM=CQTL_AM7769_FNF_Ankle_1             RGPL=ILLUMINA             RGLB=lib1             RGPU=unit1             1> rna_output/logs/add_read_groups_CQTL_AM7769_FNF_Ankle_1.out 2> rna_output/logs/add_read_groups_CQTL_AM7769_FNF_Ankle_1.err

        samtools index rna_output/align/CQTL_AM7769_FNF_Ankle_1_RG.bam 1>> rna_output/logs/add_read_groups_CQTL_AM7769_FNF_Ankle_1.out 2>> rna_output/logs/add_read_groups_CQTL_AM7769_FNF_Ankle_1.err
        
Submitted job 226 with external jobid '55179910'.

[Tue Dec  3 13:02:59 2024]
rule add_read_groups:
    input: rna_output/align/CQTL_AM7786_FNF_Ankle_1_sorted.bam, rna_output/align/CQTL_AM7786_FNF_Ankle_1_sorted.bai
    output: rna_output/align/CQTL_AM7786_FNF_Ankle_1_RG.bam, rna_output/align/CQTL_AM7786_FNF_Ankle_1_RG.bam.bai
    log: rna_output/logs/add_read_groups_CQTL_AM7786_FNF_Ankle_1.err, rna_output/logs/add_read_groups_CQTL_AM7786_FNF_Ankle_1.out
    jobid: 242
    wildcards: sampleName=CQTL_AM7786_FNF_Ankle_1
    threads: 4


        module load picard/2.26.11
        module load samtools/1.21
        mkdir -p rna_output/align

        picard AddOrReplaceReadGroups             I=rna_output/align/CQTL_AM7786_FNF_Ankle_1_sorted.bam             O=rna_output/align/CQTL_AM7786_FNF_Ankle_1_RG.bam             RGSM=CQTL_AM7786_FNF_Ankle_1             RGPL=ILLUMINA             RGLB=lib1             RGPU=unit1             1> rna_output/logs/add_read_groups_CQTL_AM7786_FNF_Ankle_1.out 2> rna_output/logs/add_read_groups_CQTL_AM7786_FNF_Ankle_1.err

        samtools index rna_output/align/CQTL_AM7786_FNF_Ankle_1_RG.bam 1>> rna_output/logs/add_read_groups_CQTL_AM7786_FNF_Ankle_1.out 2>> rna_output/logs/add_read_groups_CQTL_AM7786_FNF_Ankle_1.err
        
Submitted job 242 with external jobid '55179911'.

[Tue Dec  3 13:03:00 2024]
rule add_read_groups:
    input: rna_output/align/CQTL_AM7755_CTL_Ankle_1_sorted.bam, rna_output/align/CQTL_AM7755_CTL_Ankle_1_sorted.bai
    output: rna_output/align/CQTL_AM7755_CTL_Ankle_1_RG.bam, rna_output/align/CQTL_AM7755_CTL_Ankle_1_RG.bam.bai
    log: rna_output/logs/add_read_groups_CQTL_AM7755_CTL_Ankle_1.err, rna_output/logs/add_read_groups_CQTL_AM7755_CTL_Ankle_1.out
    jobid: 219
    wildcards: sampleName=CQTL_AM7755_CTL_Ankle_1
    threads: 4


        module load picard/2.26.11
        module load samtools/1.21
        mkdir -p rna_output/align

        picard AddOrReplaceReadGroups             I=rna_output/align/CQTL_AM7755_CTL_Ankle_1_sorted.bam             O=rna_output/align/CQTL_AM7755_CTL_Ankle_1_RG.bam             RGSM=CQTL_AM7755_CTL_Ankle_1             RGPL=ILLUMINA             RGLB=lib1             RGPU=unit1             1> rna_output/logs/add_read_groups_CQTL_AM7755_CTL_Ankle_1.out 2> rna_output/logs/add_read_groups_CQTL_AM7755_CTL_Ankle_1.err

        samtools index rna_output/align/CQTL_AM7755_CTL_Ankle_1_RG.bam 1>> rna_output/logs/add_read_groups_CQTL_AM7755_CTL_Ankle_1.out 2>> rna_output/logs/add_read_groups_CQTL_AM7755_CTL_Ankle_1.err
        
Submitted job 219 with external jobid '55179912'.

[Tue Dec  3 13:03:01 2024]
rule add_read_groups:
    input: rna_output/align/CQTL_AM7786_CTL_Ankle_1_sorted.bam, rna_output/align/CQTL_AM7786_CTL_Ankle_1_sorted.bai
    output: rna_output/align/CQTL_AM7786_CTL_Ankle_1_RG.bam, rna_output/align/CQTL_AM7786_CTL_Ankle_1_RG.bam.bai
    log: rna_output/logs/add_read_groups_CQTL_AM7786_CTL_Ankle_1.err, rna_output/logs/add_read_groups_CQTL_AM7786_CTL_Ankle_1.out
    jobid: 241
    wildcards: sampleName=CQTL_AM7786_CTL_Ankle_1
    threads: 4


        module load picard/2.26.11
        module load samtools/1.21
        mkdir -p rna_output/align

        picard AddOrReplaceReadGroups             I=rna_output/align/CQTL_AM7786_CTL_Ankle_1_sorted.bam             O=rna_output/align/CQTL_AM7786_CTL_Ankle_1_RG.bam             RGSM=CQTL_AM7786_CTL_Ankle_1             RGPL=ILLUMINA             RGLB=lib1             RGPU=unit1             1> rna_output/logs/add_read_groups_CQTL_AM7786_CTL_Ankle_1.out 2> rna_output/logs/add_read_groups_CQTL_AM7786_CTL_Ankle_1.err

        samtools index rna_output/align/CQTL_AM7786_CTL_Ankle_1_RG.bam 1>> rna_output/logs/add_read_groups_CQTL_AM7786_CTL_Ankle_1.out 2>> rna_output/logs/add_read_groups_CQTL_AM7786_CTL_Ankle_1.err
        
Submitted job 241 with external jobid '55179913'.
[Tue Dec  3 13:12:40 2024]
Finished job 252.
1 of 43 steps (2%) done
[Tue Dec  3 13:13:46 2024]
Finished job 243.
2 of 43 steps (5%) done
[Tue Dec  3 13:15:34 2024]
Finished job 245.
3 of 43 steps (7%) done
[Tue Dec  3 13:15:36 2024]
Finished job 251.
4 of 43 steps (9%) done
[Tue Dec  3 13:15:53 2024]
Finished job 250.
5 of 43 steps (12%) done
[Tue Dec  3 13:16:02 2024]
Finished job 249.
6 of 43 steps (14%) done
[Tue Dec  3 13:16:14 2024]
Finished job 246.
7 of 43 steps (16%) done
[Tue Dec  3 13:16:22 2024]
Finished job 247.
8 of 43 steps (19%) done
[Tue Dec  3 13:16:55 2024]
Finished job 244.
9 of 43 steps (21%) done
[Tue Dec  3 13:17:50 2024]
Finished job 248.
10 of 43 steps (23%) done
[Tue Dec  3 13:25:23 2024]
Finished job 220.
11 of 43 steps (26%) done
[Tue Dec  3 13:26:04 2024]
Finished job 225.
12 of 43 steps (28%) done
[Tue Dec  3 13:26:25 2024]
Finished job 229.
13 of 43 steps (30%) done
[Tue Dec  3 13:26:33 2024]
Finished job 211.
14 of 43 steps (33%) done
[Tue Dec  3 13:26:45 2024]
Finished job 224.
15 of 43 steps (35%) done
[Tue Dec  3 13:27:04 2024]
Finished job 228.
16 of 43 steps (37%) done
[Tue Dec  3 13:27:12 2024]
Finished job 213.
17 of 43 steps (40%) done
[Tue Dec  3 13:27:15 2024]
Finished job 232.
18 of 43 steps (42%) done
[Tue Dec  3 13:27:18 2024]
Finished job 223.
19 of 43 steps (44%) done
[Tue Dec  3 13:27:23 2024]
Finished job 221.
20 of 43 steps (47%) done
[Tue Dec  3 13:27:55 2024]
Finished job 234.
21 of 43 steps (49%) done
[Tue Dec  3 13:28:51 2024]
Finished job 215.
22 of 43 steps (51%) done
[Tue Dec  3 13:29:02 2024]
Finished job 240.
23 of 43 steps (53%) done
[Tue Dec  3 13:29:22 2024]
Finished job 235.
24 of 43 steps (56%) done
[Tue Dec  3 13:29:55 2024]
Finished job 231.
25 of 43 steps (58%) done
[Tue Dec  3 13:30:04 2024]
Finished job 233.
26 of 43 steps (60%) done
[Tue Dec  3 13:30:08 2024]
Finished job 242.
27 of 43 steps (63%) done
[Tue Dec  3 13:30:24 2024]
Finished job 217.
28 of 43 steps (65%) done
[Tue Dec  3 13:30:25 2024]
Finished job 237.
29 of 43 steps (67%) done
[Tue Dec  3 13:30:57 2024]
Finished job 238.
30 of 43 steps (70%) done
[Tue Dec  3 13:31:36 2024]
Finished job 212.
31 of 43 steps (72%) done
[Tue Dec  3 13:31:38 2024]
Finished job 222.
32 of 43 steps (74%) done
[Tue Dec  3 13:31:42 2024]
Finished job 214.
33 of 43 steps (77%) done
[Tue Dec  3 13:32:38 2024]
Finished job 239.
34 of 43 steps (79%) done
[Tue Dec  3 13:32:41 2024]
Finished job 227.
35 of 43 steps (81%) done
[Tue Dec  3 13:32:58 2024]
Finished job 230.
36 of 43 steps (84%) done
[Tue Dec  3 13:32:59 2024]
Finished job 236.
37 of 43 steps (86%) done
[Tue Dec  3 13:33:14 2024]
Finished job 218.
38 of 43 steps (88%) done
[Tue Dec  3 13:33:31 2024]
Finished job 219.
39 of 43 steps (91%) done
[Tue Dec  3 13:34:09 2024]
Finished job 216.
40 of 43 steps (93%) done
[Tue Dec  3 13:35:36 2024]
Finished job 226.
41 of 43 steps (95%) done
[Tue Dec  3 13:38:56 2024]
Finished job 241.
42 of 43 steps (98%) done

[Tue Dec  3 13:38:58 2024]
localrule all:
    input: rna_output/fastq/CQTL_AM7711_CTL_Ankle_1_R1.fastq.gz, rna_output/fastq/CQTL_AM7711_CTL_Ankle_1_R2.fastq.gz, rna_output/fastq/CQTL_AM7711_FNF_Ankle_1_R1.fastq.gz, rna_output/fastq/CQTL_AM7711_FNF_Ankle_1_R2.fastq.gz, rna_output/fastq/CQTL_AM7717_CTL_Ankle_1_R1.fastq.gz, rna_output/fastq/CQTL_AM7717_CTL_Ankle_1_R2.fastq.gz, rna_output/fastq/CQTL_AM7717_FNF_Ankle_1_R1.fastq.gz, rna_output/fastq/CQTL_AM7717_FNF_Ankle_1_R2.fastq.gz, rna_output/fastq/CQTL_AM7735_CTL_Ankle_1_R1.fastq.gz, rna_output/fastq/CQTL_AM7735_CTL_Ankle_1_R2.fastq.gz, rna_output/fastq/CQTL_AM7735_FNF_Ankle_1_R1.fastq.gz, rna_output/fastq/CQTL_AM7735_FNF_Ankle_1_R2.fastq.gz, rna_output/fastq/CQTL_AM7754_CTL_Ankle_1_R1.fastq.gz, rna_output/fastq/CQTL_AM7754_CTL_Ankle_1_R2.fastq.gz, rna_output/fastq/CQTL_AM7754_FNF_Ankle_1_R1.fastq.gz, rna_output/fastq/CQTL_AM7754_FNF_Ankle_1_R2.fastq.gz, rna_output/fastq/CQTL_AM7755_CTL_Ankle_1_R1.fastq.gz, rna_output/fastq/CQTL_AM7755_CTL_Ankle_1_R2.fastq.gz, rna_output/fastq/CQTL_AM7755_FNF_Ankle_1_R1.fastq.gz, rna_output/fastq/CQTL_AM7755_FNF_Ankle_1_R2.fastq.gz, rna_output/fastq/CQTL_AM7763_CTL_Ankle_1_R1.fastq.gz, rna_output/fastq/CQTL_AM7763_CTL_Ankle_1_R2.fastq.gz, rna_output/fastq/CQTL_AM7763_FNF_Ankle_1_R1.fastq.gz, rna_output/fastq/CQTL_AM7763_FNF_Ankle_1_R2.fastq.gz, rna_output/fastq/CQTL_AM7765_CTL_Ankle_1_R1.fastq.gz, rna_output/fastq/CQTL_AM7765_CTL_Ankle_1_R2.fastq.gz, rna_output/fastq/CQTL_AM7765_FNF_Ankle_1_R1.fastq.gz, rna_output/fastq/CQTL_AM7765_FNF_Ankle_1_R2.fastq.gz, rna_output/fastq/CQTL_AM7769_CTL_Ankle_1_R1.fastq.gz, rna_output/fastq/CQTL_AM7769_CTL_Ankle_1_R2.fastq.gz, rna_output/fastq/CQTL_AM7769_FNF_Ankle_1_R1.fastq.gz, rna_output/fastq/CQTL_AM7769_FNF_Ankle_1_R2.fastq.gz, rna_output/fastq/CQTL_AM7771_CTL_Ankle_1_R1.fastq.gz, rna_output/fastq/CQTL_AM7771_CTL_Ankle_1_R2.fastq.gz, rna_output/fastq/CQTL_AM7771_FNF_Ankle_1_R1.fastq.gz, rna_output/fastq/CQTL_AM7771_FNF_Ankle_1_R2.fastq.gz, rna_output/fastq/CQTL_AM7775_CTL_Ankle_1_R1.fastq.gz, rna_output/fastq/CQTL_AM7775_CTL_Ankle_1_R2.fastq.gz, rna_output/fastq/CQTL_AM7775_FNF_Ankle_1_R1.fastq.gz, rna_output/fastq/CQTL_AM7775_FNF_Ankle_1_R2.fastq.gz, rna_output/fastq/CQTL_AM7778FE_CTL_Femur_1_R1.fastq.gz, rna_output/fastq/CQTL_AM7778FE_CTL_Femur_1_R2.fastq.gz, rna_output/fastq/CQTL_AM7778FE_FNF_Femur_1_R1.fastq.gz, rna_output/fastq/CQTL_AM7778FE_FNF_Femur_1_R2.fastq.gz, rna_output/fastq/CQTL_AM7778_CTL_Ankle_1_R1.fastq.gz, rna_output/fastq/CQTL_AM7778_CTL_Ankle_1_R2.fastq.gz, rna_output/fastq/CQTL_AM7778_FNF_Ankle_1_R1.fastq.gz, rna_output/fastq/CQTL_AM7778_FNF_Ankle_1_R2.fastq.gz, rna_output/fastq/CQTL_AM7780_CTL_Ankle_1_R1.fastq.gz, rna_output/fastq/CQTL_AM7780_CTL_Ankle_1_R2.fastq.gz, rna_output/fastq/CQTL_AM7780_FNF_Ankle_1_R1.fastq.gz, rna_output/fastq/CQTL_AM7780_FNF_Ankle_1_R2.fastq.gz, rna_output/fastq/CQTL_AM7781_CTL_Ankle_1_R1.fastq.gz, rna_output/fastq/CQTL_AM7781_CTL_Ankle_1_R2.fastq.gz, rna_output/fastq/CQTL_AM7781_FNF_Ankle_1_R1.fastq.gz, rna_output/fastq/CQTL_AM7781_FNF_Ankle_1_R2.fastq.gz, rna_output/fastq/CQTL_AM7785_CTL_Ankle_1_R1.fastq.gz, rna_output/fastq/CQTL_AM7785_CTL_Ankle_1_R2.fastq.gz, rna_output/fastq/CQTL_AM7785_FNF_Ankle_1_R1.fastq.gz, rna_output/fastq/CQTL_AM7785_FNF_Ankle_1_R2.fastq.gz, rna_output/fastq/CQTL_AM7786_CTL_Ankle_1_R1.fastq.gz, rna_output/fastq/CQTL_AM7786_CTL_Ankle_1_R2.fastq.gz, rna_output/fastq/CQTL_AM7786_FNF_Ankle_1_R1.fastq.gz, rna_output/fastq/CQTL_AM7786_FNF_Ankle_1_R2.fastq.gz, rna_output/fastq/FACT_23-0058_CTL_synovium_1_R1.fastq.gz, rna_output/fastq/FACT_23-0058_CTL_synovium_1_R2.fastq.gz, rna_output/fastq/FACT_23-0058_FNF_synovium_1_R1.fastq.gz, rna_output/fastq/FACT_23-0058_FNF_synovium_1_R2.fastq.gz, rna_output/fastq/FACT_23-0060_CTL_synovium_1_R1.fastq.gz, rna_output/fastq/FACT_23-0060_CTL_synovium_1_R2.fastq.gz, rna_output/fastq/FACT_23-0060_FNF_synovium_1_R1.fastq.gz, rna_output/fastq/FACT_23-0060_FNF_synovium_1_R2.fastq.gz, rna_output/fastq/FACT_23-0062_CTL_synovium_1_R1.fastq.gz, rna_output/fastq/FACT_23-0062_CTL_synovium_1_R2.fastq.gz, rna_output/fastq/FACT_23-0062_FNF_synovium_1_R1.fastq.gz, rna_output/fastq/FACT_23-0062_FNF_synovium_1_R2.fastq.gz, rna_output/fastq/FACT_23-0069_CTL_synovium_1_R1.fastq.gz, rna_output/fastq/FACT_23-0069_CTL_synovium_1_R2.fastq.gz, rna_output/fastq/FACT_23-0069_FNF_synovium_1_R1.fastq.gz, rna_output/fastq/FACT_23-0069_FNF_synovium_1_R2.fastq.gz, rna_output/fastq/FACT_23-0071_CTL_synovium_1_R1.fastq.gz, rna_output/fastq/FACT_23-0071_CTL_synovium_1_R2.fastq.gz, rna_output/fastq/FACT_23-0071_FNF_synovium_1_R1.fastq.gz, rna_output/fastq/FACT_23-0071_FNF_synovium_1_R2.fastq.gz, rna_output/QC/CQTL_AM7711_CTL_Ankle_1_R1_fastqc.zip, rna_output/QC/CQTL_AM7711_CTL_Ankle_1_R1_fastqc.html, rna_output/QC/CQTL_AM7711_CTL_Ankle_1_R2_fastqc.zip, rna_output/QC/CQTL_AM7711_CTL_Ankle_1_R2_fastqc.html, rna_output/QC/CQTL_AM7711_FNF_Ankle_1_R1_fastqc.zip, rna_output/QC/CQTL_AM7711_FNF_Ankle_1_R1_fastqc.html, rna_output/QC/CQTL_AM7711_FNF_Ankle_1_R2_fastqc.zip, rna_output/QC/CQTL_AM7711_FNF_Ankle_1_R2_fastqc.html, rna_output/QC/CQTL_AM7717_CTL_Ankle_1_R1_fastqc.zip, rna_output/QC/CQTL_AM7717_CTL_Ankle_1_R1_fastqc.html, rna_output/QC/CQTL_AM7717_CTL_Ankle_1_R2_fastqc.zip, rna_output/QC/CQTL_AM7717_CTL_Ankle_1_R2_fastqc.html, rna_output/QC/CQTL_AM7717_FNF_Ankle_1_R1_fastqc.zip, rna_output/QC/CQTL_AM7717_FNF_Ankle_1_R1_fastqc.html, rna_output/QC/CQTL_AM7717_FNF_Ankle_1_R2_fastqc.zip, rna_output/QC/CQTL_AM7717_FNF_Ankle_1_R2_fastqc.html, rna_output/QC/CQTL_AM7735_CTL_Ankle_1_R1_fastqc.zip, rna_output/QC/CQTL_AM7735_CTL_Ankle_1_R1_fastqc.html, rna_output/QC/CQTL_AM7735_CTL_Ankle_1_R2_fastqc.zip, rna_output/QC/CQTL_AM7735_CTL_Ankle_1_R2_fastqc.html, rna_output/QC/CQTL_AM7735_FNF_Ankle_1_R1_fastqc.zip, rna_output/QC/CQTL_AM7735_FNF_Ankle_1_R1_fastqc.html, rna_output/QC/CQTL_AM7735_FNF_Ankle_1_R2_fastqc.zip, rna_output/QC/CQTL_AM7735_FNF_Ankle_1_R2_fastqc.html, rna_output/QC/CQTL_AM7754_CTL_Ankle_1_R1_fastqc.zip, rna_output/QC/CQTL_AM7754_CTL_Ankle_1_R1_fastqc.html, rna_output/QC/CQTL_AM7754_CTL_Ankle_1_R2_fastqc.zip, rna_output/QC/CQTL_AM7754_CTL_Ankle_1_R2_fastqc.html, rna_output/QC/CQTL_AM7754_FNF_Ankle_1_R1_fastqc.zip, rna_output/QC/CQTL_AM7754_FNF_Ankle_1_R1_fastqc.html, rna_output/QC/CQTL_AM7754_FNF_Ankle_1_R2_fastqc.zip, rna_output/QC/CQTL_AM7754_FNF_Ankle_1_R2_fastqc.html, rna_output/QC/CQTL_AM7755_CTL_Ankle_1_R1_fastqc.zip, rna_output/QC/CQTL_AM7755_CTL_Ankle_1_R1_fastqc.html, rna_output/QC/CQTL_AM7755_CTL_Ankle_1_R2_fastqc.zip, rna_output/QC/CQTL_AM7755_CTL_Ankle_1_R2_fastqc.html, rna_output/QC/CQTL_AM7755_FNF_Ankle_1_R1_fastqc.zip, rna_output/QC/CQTL_AM7755_FNF_Ankle_1_R1_fastqc.html, rna_output/QC/CQTL_AM7755_FNF_Ankle_1_R2_fastqc.zip, rna_output/QC/CQTL_AM7755_FNF_Ankle_1_R2_fastqc.html, rna_output/QC/CQTL_AM7763_CTL_Ankle_1_R1_fastqc.zip, rna_output/QC/CQTL_AM7763_CTL_Ankle_1_R1_fastqc.html, rna_output/QC/CQTL_AM7763_CTL_Ankle_1_R2_fastqc.zip, rna_output/QC/CQTL_AM7763_CTL_Ankle_1_R2_fastqc.html, rna_output/QC/CQTL_AM7763_FNF_Ankle_1_R1_fastqc.zip, rna_output/QC/CQTL_AM7763_FNF_Ankle_1_R1_fastqc.html, rna_output/QC/CQTL_AM7763_FNF_Ankle_1_R2_fastqc.zip, rna_output/QC/CQTL_AM7763_FNF_Ankle_1_R2_fastqc.html, rna_output/QC/CQTL_AM7765_CTL_Ankle_1_R1_fastqc.zip, rna_output/QC/CQTL_AM7765_CTL_Ankle_1_R1_fastqc.html, rna_output/QC/CQTL_AM7765_CTL_Ankle_1_R2_fastqc.zip, rna_output/QC/CQTL_AM7765_CTL_Ankle_1_R2_fastqc.html, rna_output/QC/CQTL_AM7765_FNF_Ankle_1_R1_fastqc.zip, rna_output/QC/CQTL_AM7765_FNF_Ankle_1_R1_fastqc.html, rna_output/QC/CQTL_AM7765_FNF_Ankle_1_R2_fastqc.zip, rna_output/QC/CQTL_AM7765_FNF_Ankle_1_R2_fastqc.html, rna_output/QC/CQTL_AM7769_CTL_Ankle_1_R1_fastqc.zip, rna_output/QC/CQTL_AM7769_CTL_Ankle_1_R1_fastqc.html, rna_output/QC/CQTL_AM7769_CTL_Ankle_1_R2_fastqc.zip, rna_output/QC/CQTL_AM7769_CTL_Ankle_1_R2_fastqc.html, rna_output/QC/CQTL_AM7769_FNF_Ankle_1_R1_fastqc.zip, rna_output/QC/CQTL_AM7769_FNF_Ankle_1_R1_fastqc.html, rna_output/QC/CQTL_AM7769_FNF_Ankle_1_R2_fastqc.zip, rna_output/QC/CQTL_AM7769_FNF_Ankle_1_R2_fastqc.html, rna_output/QC/CQTL_AM7771_CTL_Ankle_1_R1_fastqc.zip, rna_output/QC/CQTL_AM7771_CTL_Ankle_1_R1_fastqc.html, rna_output/QC/CQTL_AM7771_CTL_Ankle_1_R2_fastqc.zip, rna_output/QC/CQTL_AM7771_CTL_Ankle_1_R2_fastqc.html, rna_output/QC/CQTL_AM7771_FNF_Ankle_1_R1_fastqc.zip, rna_output/QC/CQTL_AM7771_FNF_Ankle_1_R1_fastqc.html, rna_output/QC/CQTL_AM7771_FNF_Ankle_1_R2_fastqc.zip, rna_output/QC/CQTL_AM7771_FNF_Ankle_1_R2_fastqc.html, rna_output/QC/CQTL_AM7775_CTL_Ankle_1_R1_fastqc.zip, rna_output/QC/CQTL_AM7775_CTL_Ankle_1_R1_fastqc.html, rna_output/QC/CQTL_AM7775_CTL_Ankle_1_R2_fastqc.zip, rna_output/QC/CQTL_AM7775_CTL_Ankle_1_R2_fastqc.html, rna_output/QC/CQTL_AM7775_FNF_Ankle_1_R1_fastqc.zip, rna_output/QC/CQTL_AM7775_FNF_Ankle_1_R1_fastqc.html, rna_output/QC/CQTL_AM7775_FNF_Ankle_1_R2_fastqc.zip, rna_output/QC/CQTL_AM7775_FNF_Ankle_1_R2_fastqc.html, rna_output/QC/CQTL_AM7778FE_CTL_Femur_1_R1_fastqc.zip, rna_output/QC/CQTL_AM7778FE_CTL_Femur_1_R1_fastqc.html, rna_output/QC/CQTL_AM7778FE_CTL_Femur_1_R2_fastqc.zip, rna_output/QC/CQTL_AM7778FE_CTL_Femur_1_R2_fastqc.html, rna_output/QC/CQTL_AM7778FE_FNF_Femur_1_R1_fastqc.zip, rna_output/QC/CQTL_AM7778FE_FNF_Femur_1_R1_fastqc.html, rna_output/QC/CQTL_AM7778FE_FNF_Femur_1_R2_fastqc.zip, rna_output/QC/CQTL_AM7778FE_FNF_Femur_1_R2_fastqc.html, rna_output/QC/CQTL_AM7778_CTL_Ankle_1_R1_fastqc.zip, rna_output/QC/CQTL_AM7778_CTL_Ankle_1_R1_fastqc.html, rna_output/QC/CQTL_AM7778_CTL_Ankle_1_R2_fastqc.zip, rna_output/QC/CQTL_AM7778_CTL_Ankle_1_R2_fastqc.html, rna_output/QC/CQTL_AM7778_FNF_Ankle_1_R1_fastqc.zip, rna_output/QC/CQTL_AM7778_FNF_Ankle_1_R1_fastqc.html, rna_output/QC/CQTL_AM7778_FNF_Ankle_1_R2_fastqc.zip, rna_output/QC/CQTL_AM7778_FNF_Ankle_1_R2_fastqc.html, rna_output/QC/CQTL_AM7780_CTL_Ankle_1_R1_fastqc.zip, rna_output/QC/CQTL_AM7780_CTL_Ankle_1_R1_fastqc.html, rna_output/QC/CQTL_AM7780_CTL_Ankle_1_R2_fastqc.zip, rna_output/QC/CQTL_AM7780_CTL_Ankle_1_R2_fastqc.html, rna_output/QC/CQTL_AM7780_FNF_Ankle_1_R1_fastqc.zip, rna_output/QC/CQTL_AM7780_FNF_Ankle_1_R1_fastqc.html, rna_output/QC/CQTL_AM7780_FNF_Ankle_1_R2_fastqc.zip, rna_output/QC/CQTL_AM7780_FNF_Ankle_1_R2_fastqc.html, rna_output/QC/CQTL_AM7781_CTL_Ankle_1_R1_fastqc.zip, rna_output/QC/CQTL_AM7781_CTL_Ankle_1_R1_fastqc.html, rna_output/QC/CQTL_AM7781_CTL_Ankle_1_R2_fastqc.zip, rna_output/QC/CQTL_AM7781_CTL_Ankle_1_R2_fastqc.html, rna_output/QC/CQTL_AM7781_FNF_Ankle_1_R1_fastqc.zip, rna_output/QC/CQTL_AM7781_FNF_Ankle_1_R1_fastqc.html, rna_output/QC/CQTL_AM7781_FNF_Ankle_1_R2_fastqc.zip, rna_output/QC/CQTL_AM7781_FNF_Ankle_1_R2_fastqc.html, rna_output/QC/CQTL_AM7785_CTL_Ankle_1_R1_fastqc.zip, rna_output/QC/CQTL_AM7785_CTL_Ankle_1_R1_fastqc.html, rna_output/QC/CQTL_AM7785_CTL_Ankle_1_R2_fastqc.zip, rna_output/QC/CQTL_AM7785_CTL_Ankle_1_R2_fastqc.html, rna_output/QC/CQTL_AM7785_FNF_Ankle_1_R1_fastqc.zip, rna_output/QC/CQTL_AM7785_FNF_Ankle_1_R1_fastqc.html, rna_output/QC/CQTL_AM7785_FNF_Ankle_1_R2_fastqc.zip, rna_output/QC/CQTL_AM7785_FNF_Ankle_1_R2_fastqc.html, rna_output/QC/CQTL_AM7786_CTL_Ankle_1_R1_fastqc.zip, rna_output/QC/CQTL_AM7786_CTL_Ankle_1_R1_fastqc.html, rna_output/QC/CQTL_AM7786_CTL_Ankle_1_R2_fastqc.zip, rna_output/QC/CQTL_AM7786_CTL_Ankle_1_R2_fastqc.html, rna_output/QC/CQTL_AM7786_FNF_Ankle_1_R1_fastqc.zip, rna_output/QC/CQTL_AM7786_FNF_Ankle_1_R1_fastqc.html, rna_output/QC/CQTL_AM7786_FNF_Ankle_1_R2_fastqc.zip, rna_output/QC/CQTL_AM7786_FNF_Ankle_1_R2_fastqc.html, rna_output/QC/FACT_23-0058_CTL_synovium_1_R1_fastqc.zip, rna_output/QC/FACT_23-0058_CTL_synovium_1_R1_fastqc.html, rna_output/QC/FACT_23-0058_CTL_synovium_1_R2_fastqc.zip, rna_output/QC/FACT_23-0058_CTL_synovium_1_R2_fastqc.html, rna_output/QC/FACT_23-0058_FNF_synovium_1_R1_fastqc.zip, rna_output/QC/FACT_23-0058_FNF_synovium_1_R1_fastqc.html, rna_output/QC/FACT_23-0058_FNF_synovium_1_R2_fastqc.zip, rna_output/QC/FACT_23-0058_FNF_synovium_1_R2_fastqc.html, rna_output/QC/FACT_23-0060_CTL_synovium_1_R1_fastqc.zip, rna_output/QC/FACT_23-0060_CTL_synovium_1_R1_fastqc.html, rna_output/QC/FACT_23-0060_CTL_synovium_1_R2_fastqc.zip, rna_output/QC/FACT_23-0060_CTL_synovium_1_R2_fastqc.html, rna_output/QC/FACT_23-0060_FNF_synovium_1_R1_fastqc.zip, rna_output/QC/FACT_23-0060_FNF_synovium_1_R1_fastqc.html, rna_output/QC/FACT_23-0060_FNF_synovium_1_R2_fastqc.zip, rna_output/QC/FACT_23-0060_FNF_synovium_1_R2_fastqc.html, rna_output/QC/FACT_23-0062_CTL_synovium_1_R1_fastqc.zip, rna_output/QC/FACT_23-0062_CTL_synovium_1_R1_fastqc.html, rna_output/QC/FACT_23-0062_CTL_synovium_1_R2_fastqc.zip, rna_output/QC/FACT_23-0062_CTL_synovium_1_R2_fastqc.html, rna_output/QC/FACT_23-0062_FNF_synovium_1_R1_fastqc.zip, rna_output/QC/FACT_23-0062_FNF_synovium_1_R1_fastqc.html, rna_output/QC/FACT_23-0062_FNF_synovium_1_R2_fastqc.zip, rna_output/QC/FACT_23-0062_FNF_synovium_1_R2_fastqc.html, rna_output/QC/FACT_23-0069_CTL_synovium_1_R1_fastqc.zip, rna_output/QC/FACT_23-0069_CTL_synovium_1_R1_fastqc.html, rna_output/QC/FACT_23-0069_CTL_synovium_1_R2_fastqc.zip, rna_output/QC/FACT_23-0069_CTL_synovium_1_R2_fastqc.html, rna_output/QC/FACT_23-0069_FNF_synovium_1_R1_fastqc.zip, rna_output/QC/FACT_23-0069_FNF_synovium_1_R1_fastqc.html, rna_output/QC/FACT_23-0069_FNF_synovium_1_R2_fastqc.zip, rna_output/QC/FACT_23-0069_FNF_synovium_1_R2_fastqc.html, rna_output/QC/FACT_23-0071_CTL_synovium_1_R1_fastqc.zip, rna_output/QC/FACT_23-0071_CTL_synovium_1_R1_fastqc.html, rna_output/QC/FACT_23-0071_CTL_synovium_1_R2_fastqc.zip, rna_output/QC/FACT_23-0071_CTL_synovium_1_R2_fastqc.html, rna_output/QC/FACT_23-0071_FNF_synovium_1_R1_fastqc.zip, rna_output/QC/FACT_23-0071_FNF_synovium_1_R1_fastqc.html, rna_output/QC/FACT_23-0071_FNF_synovium_1_R2_fastqc.zip, rna_output/QC/FACT_23-0071_FNF_synovium_1_R2_fastqc.html, rna_output/align/CQTL_AM7711_CTL_Ankle_1_Aligned.sortedByCoord.out.bam, rna_output/align/CQTL_AM7711_CTL_Ankle_1_Log.out, rna_output/align/CQTL_AM7711_CTL_Ankle_1_Log.progress.out, rna_output/align/CQTL_AM7711_CTL_Ankle_1_Log.final.out, rna_output/align/CQTL_AM7711_FNF_Ankle_1_Aligned.sortedByCoord.out.bam, rna_output/align/CQTL_AM7711_FNF_Ankle_1_Log.out, rna_output/align/CQTL_AM7711_FNF_Ankle_1_Log.progress.out, rna_output/align/CQTL_AM7711_FNF_Ankle_1_Log.final.out, rna_output/align/CQTL_AM7717_CTL_Ankle_1_Aligned.sortedByCoord.out.bam, rna_output/align/CQTL_AM7717_CTL_Ankle_1_Log.out, rna_output/align/CQTL_AM7717_CTL_Ankle_1_Log.progress.out, rna_output/align/CQTL_AM7717_CTL_Ankle_1_Log.final.out, rna_output/align/CQTL_AM7717_FNF_Ankle_1_Aligned.sortedByCoord.out.bam, rna_output/align/CQTL_AM7717_FNF_Ankle_1_Log.out, rna_output/align/CQTL_AM7717_FNF_Ankle_1_Log.progress.out, rna_output/align/CQTL_AM7717_FNF_Ankle_1_Log.final.out, rna_output/align/CQTL_AM7735_CTL_Ankle_1_Aligned.sortedByCoord.out.bam, rna_output/align/CQTL_AM7735_CTL_Ankle_1_Log.out, rna_output/align/CQTL_AM7735_CTL_Ankle_1_Log.progress.out, rna_output/align/CQTL_AM7735_CTL_Ankle_1_Log.final.out, rna_output/align/CQTL_AM7735_FNF_Ankle_1_Aligned.sortedByCoord.out.bam, rna_output/align/CQTL_AM7735_FNF_Ankle_1_Log.out, rna_output/align/CQTL_AM7735_FNF_Ankle_1_Log.progress.out, rna_output/align/CQTL_AM7735_FNF_Ankle_1_Log.final.out, rna_output/align/CQTL_AM7754_CTL_Ankle_1_Aligned.sortedByCoord.out.bam, rna_output/align/CQTL_AM7754_CTL_Ankle_1_Log.out, rna_output/align/CQTL_AM7754_CTL_Ankle_1_Log.progress.out, rna_output/align/CQTL_AM7754_CTL_Ankle_1_Log.final.out, rna_output/align/CQTL_AM7754_FNF_Ankle_1_Aligned.sortedByCoord.out.bam, rna_output/align/CQTL_AM7754_FNF_Ankle_1_Log.out, rna_output/align/CQTL_AM7754_FNF_Ankle_1_Log.progress.out, rna_output/align/CQTL_AM7754_FNF_Ankle_1_Log.final.out, rna_output/align/CQTL_AM7755_CTL_Ankle_1_Aligned.sortedByCoord.out.bam, rna_output/align/CQTL_AM7755_CTL_Ankle_1_Log.out, rna_output/align/CQTL_AM7755_CTL_Ankle_1_Log.progress.out, rna_output/align/CQTL_AM7755_CTL_Ankle_1_Log.final.out, rna_output/align/CQTL_AM7755_FNF_Ankle_1_Aligned.sortedByCoord.out.bam, rna_output/align/CQTL_AM7755_FNF_Ankle_1_Log.out, rna_output/align/CQTL_AM7755_FNF_Ankle_1_Log.progress.out, rna_output/align/CQTL_AM7755_FNF_Ankle_1_Log.final.out, rna_output/align/CQTL_AM7763_CTL_Ankle_1_Aligned.sortedByCoord.out.bam, rna_output/align/CQTL_AM7763_CTL_Ankle_1_Log.out, rna_output/align/CQTL_AM7763_CTL_Ankle_1_Log.progress.out, rna_output/align/CQTL_AM7763_CTL_Ankle_1_Log.final.out, rna_output/align/CQTL_AM7763_FNF_Ankle_1_Aligned.sortedByCoord.out.bam, rna_output/align/CQTL_AM7763_FNF_Ankle_1_Log.out, rna_output/align/CQTL_AM7763_FNF_Ankle_1_Log.progress.out, rna_output/align/CQTL_AM7763_FNF_Ankle_1_Log.final.out, rna_output/align/CQTL_AM7765_CTL_Ankle_1_Aligned.sortedByCoord.out.bam, rna_output/align/CQTL_AM7765_CTL_Ankle_1_Log.out, rna_output/align/CQTL_AM7765_CTL_Ankle_1_Log.progress.out, rna_output/align/CQTL_AM7765_CTL_Ankle_1_Log.final.out, rna_output/align/CQTL_AM7765_FNF_Ankle_1_Aligned.sortedByCoord.out.bam, rna_output/align/CQTL_AM7765_FNF_Ankle_1_Log.out, rna_output/align/CQTL_AM7765_FNF_Ankle_1_Log.progress.out, rna_output/align/CQTL_AM7765_FNF_Ankle_1_Log.final.out, rna_output/align/CQTL_AM7769_CTL_Ankle_1_Aligned.sortedByCoord.out.bam, rna_output/align/CQTL_AM7769_CTL_Ankle_1_Log.out, rna_output/align/CQTL_AM7769_CTL_Ankle_1_Log.progress.out, rna_output/align/CQTL_AM7769_CTL_Ankle_1_Log.final.out, rna_output/align/CQTL_AM7769_FNF_Ankle_1_Aligned.sortedByCoord.out.bam, rna_output/align/CQTL_AM7769_FNF_Ankle_1_Log.out, rna_output/align/CQTL_AM7769_FNF_Ankle_1_Log.progress.out, rna_output/align/CQTL_AM7769_FNF_Ankle_1_Log.final.out, rna_output/align/CQTL_AM7771_CTL_Ankle_1_Aligned.sortedByCoord.out.bam, rna_output/align/CQTL_AM7771_CTL_Ankle_1_Log.out, rna_output/align/CQTL_AM7771_CTL_Ankle_1_Log.progress.out, rna_output/align/CQTL_AM7771_CTL_Ankle_1_Log.final.out, rna_output/align/CQTL_AM7771_FNF_Ankle_1_Aligned.sortedByCoord.out.bam, rna_output/align/CQTL_AM7771_FNF_Ankle_1_Log.out, rna_output/align/CQTL_AM7771_FNF_Ankle_1_Log.progress.out, rna_output/align/CQTL_AM7771_FNF_Ankle_1_Log.final.out, rna_output/align/CQTL_AM7775_CTL_Ankle_1_Aligned.sortedByCoord.out.bam, rna_output/align/CQTL_AM7775_CTL_Ankle_1_Log.out, rna_output/align/CQTL_AM7775_CTL_Ankle_1_Log.progress.out, rna_output/align/CQTL_AM7775_CTL_Ankle_1_Log.final.out, rna_output/align/CQTL_AM7775_FNF_Ankle_1_Aligned.sortedByCoord.out.bam, rna_output/align/CQTL_AM7775_FNF_Ankle_1_Log.out, rna_output/align/CQTL_AM7775_FNF_Ankle_1_Log.progress.out, rna_output/align/CQTL_AM7775_FNF_Ankle_1_Log.final.out, rna_output/align/CQTL_AM7778FE_CTL_Femur_1_Aligned.sortedByCoord.out.bam, rna_output/align/CQTL_AM7778FE_CTL_Femur_1_Log.out, rna_output/align/CQTL_AM7778FE_CTL_Femur_1_Log.progress.out, rna_output/align/CQTL_AM7778FE_CTL_Femur_1_Log.final.out, rna_output/align/CQTL_AM7778FE_FNF_Femur_1_Aligned.sortedByCoord.out.bam, rna_output/align/CQTL_AM7778FE_FNF_Femur_1_Log.out, rna_output/align/CQTL_AM7778FE_FNF_Femur_1_Log.progress.out, rna_output/align/CQTL_AM7778FE_FNF_Femur_1_Log.final.out, rna_output/align/CQTL_AM7778_CTL_Ankle_1_Aligned.sortedByCoord.out.bam, rna_output/align/CQTL_AM7778_CTL_Ankle_1_Log.out, rna_output/align/CQTL_AM7778_CTL_Ankle_1_Log.progress.out, rna_output/align/CQTL_AM7778_CTL_Ankle_1_Log.final.out, rna_output/align/CQTL_AM7778_FNF_Ankle_1_Aligned.sortedByCoord.out.bam, rna_output/align/CQTL_AM7778_FNF_Ankle_1_Log.out, rna_output/align/CQTL_AM7778_FNF_Ankle_1_Log.progress.out, rna_output/align/CQTL_AM7778_FNF_Ankle_1_Log.final.out, rna_output/align/CQTL_AM7780_CTL_Ankle_1_Aligned.sortedByCoord.out.bam, rna_output/align/CQTL_AM7780_CTL_Ankle_1_Log.out, rna_output/align/CQTL_AM7780_CTL_Ankle_1_Log.progress.out, rna_output/align/CQTL_AM7780_CTL_Ankle_1_Log.final.out, rna_output/align/CQTL_AM7780_FNF_Ankle_1_Aligned.sortedByCoord.out.bam, rna_output/align/CQTL_AM7780_FNF_Ankle_1_Log.out, rna_output/align/CQTL_AM7780_FNF_Ankle_1_Log.progress.out, rna_output/align/CQTL_AM7780_FNF_Ankle_1_Log.final.out, rna_output/align/CQTL_AM7781_CTL_Ankle_1_Aligned.sortedByCoord.out.bam, rna_output/align/CQTL_AM7781_CTL_Ankle_1_Log.out, rna_output/align/CQTL_AM7781_CTL_Ankle_1_Log.progress.out, rna_output/align/CQTL_AM7781_CTL_Ankle_1_Log.final.out, rna_output/align/CQTL_AM7781_FNF_Ankle_1_Aligned.sortedByCoord.out.bam, rna_output/align/CQTL_AM7781_FNF_Ankle_1_Log.out, rna_output/align/CQTL_AM7781_FNF_Ankle_1_Log.progress.out, rna_output/align/CQTL_AM7781_FNF_Ankle_1_Log.final.out, rna_output/align/CQTL_AM7785_CTL_Ankle_1_Aligned.sortedByCoord.out.bam, rna_output/align/CQTL_AM7785_CTL_Ankle_1_Log.out, rna_output/align/CQTL_AM7785_CTL_Ankle_1_Log.progress.out, rna_output/align/CQTL_AM7785_CTL_Ankle_1_Log.final.out, rna_output/align/CQTL_AM7785_FNF_Ankle_1_Aligned.sortedByCoord.out.bam, rna_output/align/CQTL_AM7785_FNF_Ankle_1_Log.out, rna_output/align/CQTL_AM7785_FNF_Ankle_1_Log.progress.out, rna_output/align/CQTL_AM7785_FNF_Ankle_1_Log.final.out, rna_output/align/CQTL_AM7786_CTL_Ankle_1_Aligned.sortedByCoord.out.bam, rna_output/align/CQTL_AM7786_CTL_Ankle_1_Log.out, rna_output/align/CQTL_AM7786_CTL_Ankle_1_Log.progress.out, rna_output/align/CQTL_AM7786_CTL_Ankle_1_Log.final.out, rna_output/align/CQTL_AM7786_FNF_Ankle_1_Aligned.sortedByCoord.out.bam, rna_output/align/CQTL_AM7786_FNF_Ankle_1_Log.out, rna_output/align/CQTL_AM7786_FNF_Ankle_1_Log.progress.out, rna_output/align/CQTL_AM7786_FNF_Ankle_1_Log.final.out, rna_output/align/FACT_23-0058_CTL_synovium_1_Aligned.sortedByCoord.out.bam, rna_output/align/FACT_23-0058_CTL_synovium_1_Log.out, rna_output/align/FACT_23-0058_CTL_synovium_1_Log.progress.out, rna_output/align/FACT_23-0058_CTL_synovium_1_Log.final.out, rna_output/align/FACT_23-0058_FNF_synovium_1_Aligned.sortedByCoord.out.bam, rna_output/align/FACT_23-0058_FNF_synovium_1_Log.out, rna_output/align/FACT_23-0058_FNF_synovium_1_Log.progress.out, rna_output/align/FACT_23-0058_FNF_synovium_1_Log.final.out, rna_output/align/FACT_23-0060_CTL_synovium_1_Aligned.sortedByCoord.out.bam, rna_output/align/FACT_23-0060_CTL_synovium_1_Log.out, rna_output/align/FACT_23-0060_CTL_synovium_1_Log.progress.out, rna_output/align/FACT_23-0060_CTL_synovium_1_Log.final.out, rna_output/align/FACT_23-0060_FNF_synovium_1_Aligned.sortedByCoord.out.bam, rna_output/align/FACT_23-0060_FNF_synovium_1_Log.out, rna_output/align/FACT_23-0060_FNF_synovium_1_Log.progress.out, rna_output/align/FACT_23-0060_FNF_synovium_1_Log.final.out, rna_output/align/FACT_23-0062_CTL_synovium_1_Aligned.sortedByCoord.out.bam, rna_output/align/FACT_23-0062_CTL_synovium_1_Log.out, rna_output/align/FACT_23-0062_CTL_synovium_1_Log.progress.out, rna_output/align/FACT_23-0062_CTL_synovium_1_Log.final.out, rna_output/align/FACT_23-0062_FNF_synovium_1_Aligned.sortedByCoord.out.bam, rna_output/align/FACT_23-0062_FNF_synovium_1_Log.out, rna_output/align/FACT_23-0062_FNF_synovium_1_Log.progress.out, rna_output/align/FACT_23-0062_FNF_synovium_1_Log.final.out, rna_output/align/FACT_23-0069_CTL_synovium_1_Aligned.sortedByCoord.out.bam, rna_output/align/FACT_23-0069_CTL_synovium_1_Log.out, rna_output/align/FACT_23-0069_CTL_synovium_1_Log.progress.out, rna_output/align/FACT_23-0069_CTL_synovium_1_Log.final.out, rna_output/align/FACT_23-0069_FNF_synovium_1_Aligned.sortedByCoord.out.bam, rna_output/align/FACT_23-0069_FNF_synovium_1_Log.out, rna_output/align/FACT_23-0069_FNF_synovium_1_Log.progress.out, rna_output/align/FACT_23-0069_FNF_synovium_1_Log.final.out, rna_output/align/FACT_23-0071_CTL_synovium_1_Aligned.sortedByCoord.out.bam, rna_output/align/FACT_23-0071_CTL_synovium_1_Log.out, rna_output/align/FACT_23-0071_CTL_synovium_1_Log.progress.out, rna_output/align/FACT_23-0071_CTL_synovium_1_Log.final.out, rna_output/align/FACT_23-0071_FNF_synovium_1_Aligned.sortedByCoord.out.bam, rna_output/align/FACT_23-0071_FNF_synovium_1_Log.out, rna_output/align/FACT_23-0071_FNF_synovium_1_Log.progress.out, rna_output/align/FACT_23-0071_FNF_synovium_1_Log.final.out, rna_output/align/CQTL_AM7711_CTL_Ankle_1_sorted.bam, rna_output/align/CQTL_AM7711_CTL_Ankle_1_sorted.bai, rna_output/align/CQTL_AM7711_FNF_Ankle_1_sorted.bam, rna_output/align/CQTL_AM7711_FNF_Ankle_1_sorted.bai, rna_output/align/CQTL_AM7717_CTL_Ankle_1_sorted.bam, rna_output/align/CQTL_AM7717_CTL_Ankle_1_sorted.bai, rna_output/align/CQTL_AM7717_FNF_Ankle_1_sorted.bam, rna_output/align/CQTL_AM7717_FNF_Ankle_1_sorted.bai, rna_output/align/CQTL_AM7735_CTL_Ankle_1_sorted.bam, rna_output/align/CQTL_AM7735_CTL_Ankle_1_sorted.bai, rna_output/align/CQTL_AM7735_FNF_Ankle_1_sorted.bam, rna_output/align/CQTL_AM7735_FNF_Ankle_1_sorted.bai, rna_output/align/CQTL_AM7754_CTL_Ankle_1_sorted.bam, rna_output/align/CQTL_AM7754_CTL_Ankle_1_sorted.bai, rna_output/align/CQTL_AM7754_FNF_Ankle_1_sorted.bam, rna_output/align/CQTL_AM7754_FNF_Ankle_1_sorted.bai, rna_output/align/CQTL_AM7755_CTL_Ankle_1_sorted.bam, rna_output/align/CQTL_AM7755_CTL_Ankle_1_sorted.bai, rna_output/align/CQTL_AM7755_FNF_Ankle_1_sorted.bam, rna_output/align/CQTL_AM7755_FNF_Ankle_1_sorted.bai, rna_output/align/CQTL_AM7763_CTL_Ankle_1_sorted.bam, rna_output/align/CQTL_AM7763_CTL_Ankle_1_sorted.bai, rna_output/align/CQTL_AM7763_FNF_Ankle_1_sorted.bam, rna_output/align/CQTL_AM7763_FNF_Ankle_1_sorted.bai, rna_output/align/CQTL_AM7765_CTL_Ankle_1_sorted.bam, rna_output/align/CQTL_AM7765_CTL_Ankle_1_sorted.bai, rna_output/align/CQTL_AM7765_FNF_Ankle_1_sorted.bam, rna_output/align/CQTL_AM7765_FNF_Ankle_1_sorted.bai, rna_output/align/CQTL_AM7769_CTL_Ankle_1_sorted.bam, rna_output/align/CQTL_AM7769_CTL_Ankle_1_sorted.bai, rna_output/align/CQTL_AM7769_FNF_Ankle_1_sorted.bam, rna_output/align/CQTL_AM7769_FNF_Ankle_1_sorted.bai, rna_output/align/CQTL_AM7771_CTL_Ankle_1_sorted.bam, rna_output/align/CQTL_AM7771_CTL_Ankle_1_sorted.bai, rna_output/align/CQTL_AM7771_FNF_Ankle_1_sorted.bam, rna_output/align/CQTL_AM7771_FNF_Ankle_1_sorted.bai, rna_output/align/CQTL_AM7775_CTL_Ankle_1_sorted.bam, rna_output/align/CQTL_AM7775_CTL_Ankle_1_sorted.bai, rna_output/align/CQTL_AM7775_FNF_Ankle_1_sorted.bam, rna_output/align/CQTL_AM7775_FNF_Ankle_1_sorted.bai, rna_output/align/CQTL_AM7778FE_CTL_Femur_1_sorted.bam, rna_output/align/CQTL_AM7778FE_CTL_Femur_1_sorted.bai, rna_output/align/CQTL_AM7778FE_FNF_Femur_1_sorted.bam, rna_output/align/CQTL_AM7778FE_FNF_Femur_1_sorted.bai, rna_output/align/CQTL_AM7778_CTL_Ankle_1_sorted.bam, rna_output/align/CQTL_AM7778_CTL_Ankle_1_sorted.bai, rna_output/align/CQTL_AM7778_FNF_Ankle_1_sorted.bam, rna_output/align/CQTL_AM7778_FNF_Ankle_1_sorted.bai, rna_output/align/CQTL_AM7780_CTL_Ankle_1_sorted.bam, rna_output/align/CQTL_AM7780_CTL_Ankle_1_sorted.bai, rna_output/align/CQTL_AM7780_FNF_Ankle_1_sorted.bam, rna_output/align/CQTL_AM7780_FNF_Ankle_1_sorted.bai, rna_output/align/CQTL_AM7781_CTL_Ankle_1_sorted.bam, rna_output/align/CQTL_AM7781_CTL_Ankle_1_sorted.bai, rna_output/align/CQTL_AM7781_FNF_Ankle_1_sorted.bam, rna_output/align/CQTL_AM7781_FNF_Ankle_1_sorted.bai, rna_output/align/CQTL_AM7785_CTL_Ankle_1_sorted.bam, rna_output/align/CQTL_AM7785_CTL_Ankle_1_sorted.bai, rna_output/align/CQTL_AM7785_FNF_Ankle_1_sorted.bam, rna_output/align/CQTL_AM7785_FNF_Ankle_1_sorted.bai, rna_output/align/CQTL_AM7786_CTL_Ankle_1_sorted.bam, rna_output/align/CQTL_AM7786_CTL_Ankle_1_sorted.bai, rna_output/align/CQTL_AM7786_FNF_Ankle_1_sorted.bam, rna_output/align/CQTL_AM7786_FNF_Ankle_1_sorted.bai, rna_output/align/FACT_23-0058_CTL_synovium_1_sorted.bam, rna_output/align/FACT_23-0058_CTL_synovium_1_sorted.bai, rna_output/align/FACT_23-0058_FNF_synovium_1_sorted.bam, rna_output/align/FACT_23-0058_FNF_synovium_1_sorted.bai, rna_output/align/FACT_23-0060_CTL_synovium_1_sorted.bam, rna_output/align/FACT_23-0060_CTL_synovium_1_sorted.bai, rna_output/align/FACT_23-0060_FNF_synovium_1_sorted.bam, rna_output/align/FACT_23-0060_FNF_synovium_1_sorted.bai, rna_output/align/FACT_23-0062_CTL_synovium_1_sorted.bam, rna_output/align/FACT_23-0062_CTL_synovium_1_sorted.bai, rna_output/align/FACT_23-0062_FNF_synovium_1_sorted.bam, rna_output/align/FACT_23-0062_FNF_synovium_1_sorted.bai, rna_output/align/FACT_23-0069_CTL_synovium_1_sorted.bam, rna_output/align/FACT_23-0069_CTL_synovium_1_sorted.bai, rna_output/align/FACT_23-0069_FNF_synovium_1_sorted.bam, rna_output/align/FACT_23-0069_FNF_synovium_1_sorted.bai, rna_output/align/FACT_23-0071_CTL_synovium_1_sorted.bam, rna_output/align/FACT_23-0071_CTL_synovium_1_sorted.bai, rna_output/align/FACT_23-0071_FNF_synovium_1_sorted.bam, rna_output/align/FACT_23-0071_FNF_synovium_1_sorted.bai, rna_output/quant/CQTL_AM7711_CTL_Ankle_1, rna_output/quant/CQTL_AM7711_FNF_Ankle_1, rna_output/quant/CQTL_AM7717_CTL_Ankle_1, rna_output/quant/CQTL_AM7717_FNF_Ankle_1, rna_output/quant/CQTL_AM7735_CTL_Ankle_1, rna_output/quant/CQTL_AM7735_FNF_Ankle_1, rna_output/quant/CQTL_AM7754_CTL_Ankle_1, rna_output/quant/CQTL_AM7754_FNF_Ankle_1, rna_output/quant/CQTL_AM7755_CTL_Ankle_1, rna_output/quant/CQTL_AM7755_FNF_Ankle_1, rna_output/quant/CQTL_AM7763_CTL_Ankle_1, rna_output/quant/CQTL_AM7763_FNF_Ankle_1, rna_output/quant/CQTL_AM7765_CTL_Ankle_1, rna_output/quant/CQTL_AM7765_FNF_Ankle_1, rna_output/quant/CQTL_AM7769_CTL_Ankle_1, rna_output/quant/CQTL_AM7769_FNF_Ankle_1, rna_output/quant/CQTL_AM7771_CTL_Ankle_1, rna_output/quant/CQTL_AM7771_FNF_Ankle_1, rna_output/quant/CQTL_AM7775_CTL_Ankle_1, rna_output/quant/CQTL_AM7775_FNF_Ankle_1, rna_output/quant/CQTL_AM7778FE_CTL_Femur_1, rna_output/quant/CQTL_AM7778FE_FNF_Femur_1, rna_output/quant/CQTL_AM7778_CTL_Ankle_1, rna_output/quant/CQTL_AM7778_FNF_Ankle_1, rna_output/quant/CQTL_AM7780_CTL_Ankle_1, rna_output/quant/CQTL_AM7780_FNF_Ankle_1, rna_output/quant/CQTL_AM7781_CTL_Ankle_1, rna_output/quant/CQTL_AM7781_FNF_Ankle_1, rna_output/quant/CQTL_AM7785_CTL_Ankle_1, rna_output/quant/CQTL_AM7785_FNF_Ankle_1, rna_output/quant/CQTL_AM7786_CTL_Ankle_1, rna_output/quant/CQTL_AM7786_FNF_Ankle_1, rna_output/quant/FACT_23-0058_CTL_synovium_1, rna_output/quant/FACT_23-0058_FNF_synovium_1, rna_output/quant/FACT_23-0060_CTL_synovium_1, rna_output/quant/FACT_23-0060_FNF_synovium_1, rna_output/quant/FACT_23-0062_CTL_synovium_1, rna_output/quant/FACT_23-0062_FNF_synovium_1, rna_output/quant/FACT_23-0069_CTL_synovium_1, rna_output/quant/FACT_23-0069_FNF_synovium_1, rna_output/quant/FACT_23-0071_CTL_synovium_1, rna_output/quant/FACT_23-0071_FNF_synovium_1, rna_output/align/CQTL_AM7711_CTL_Ankle_1_RG.bam, rna_output/align/CQTL_AM7711_CTL_Ankle_1_RG.bam.bai, rna_output/align/CQTL_AM7711_FNF_Ankle_1_RG.bam, rna_output/align/CQTL_AM7711_FNF_Ankle_1_RG.bam.bai, rna_output/align/CQTL_AM7717_CTL_Ankle_1_RG.bam, rna_output/align/CQTL_AM7717_CTL_Ankle_1_RG.bam.bai, rna_output/align/CQTL_AM7717_FNF_Ankle_1_RG.bam, rna_output/align/CQTL_AM7717_FNF_Ankle_1_RG.bam.bai, rna_output/align/CQTL_AM7735_CTL_Ankle_1_RG.bam, rna_output/align/CQTL_AM7735_CTL_Ankle_1_RG.bam.bai, rna_output/align/CQTL_AM7735_FNF_Ankle_1_RG.bam, rna_output/align/CQTL_AM7735_FNF_Ankle_1_RG.bam.bai, rna_output/align/CQTL_AM7754_CTL_Ankle_1_RG.bam, rna_output/align/CQTL_AM7754_CTL_Ankle_1_RG.bam.bai, rna_output/align/CQTL_AM7754_FNF_Ankle_1_RG.bam, rna_output/align/CQTL_AM7754_FNF_Ankle_1_RG.bam.bai, rna_output/align/CQTL_AM7755_CTL_Ankle_1_RG.bam, rna_output/align/CQTL_AM7755_CTL_Ankle_1_RG.bam.bai, rna_output/align/CQTL_AM7755_FNF_Ankle_1_RG.bam, rna_output/align/CQTL_AM7755_FNF_Ankle_1_RG.bam.bai, rna_output/align/CQTL_AM7763_CTL_Ankle_1_RG.bam, rna_output/align/CQTL_AM7763_CTL_Ankle_1_RG.bam.bai, rna_output/align/CQTL_AM7763_FNF_Ankle_1_RG.bam, rna_output/align/CQTL_AM7763_FNF_Ankle_1_RG.bam.bai, rna_output/align/CQTL_AM7765_CTL_Ankle_1_RG.bam, rna_output/align/CQTL_AM7765_CTL_Ankle_1_RG.bam.bai, rna_output/align/CQTL_AM7765_FNF_Ankle_1_RG.bam, rna_output/align/CQTL_AM7765_FNF_Ankle_1_RG.bam.bai, rna_output/align/CQTL_AM7769_CTL_Ankle_1_RG.bam, rna_output/align/CQTL_AM7769_CTL_Ankle_1_RG.bam.bai, rna_output/align/CQTL_AM7769_FNF_Ankle_1_RG.bam, rna_output/align/CQTL_AM7769_FNF_Ankle_1_RG.bam.bai, rna_output/align/CQTL_AM7771_CTL_Ankle_1_RG.bam, rna_output/align/CQTL_AM7771_CTL_Ankle_1_RG.bam.bai, rna_output/align/CQTL_AM7771_FNF_Ankle_1_RG.bam, rna_output/align/CQTL_AM7771_FNF_Ankle_1_RG.bam.bai, rna_output/align/CQTL_AM7775_CTL_Ankle_1_RG.bam, rna_output/align/CQTL_AM7775_CTL_Ankle_1_RG.bam.bai, rna_output/align/CQTL_AM7775_FNF_Ankle_1_RG.bam, rna_output/align/CQTL_AM7775_FNF_Ankle_1_RG.bam.bai, rna_output/align/CQTL_AM7778FE_CTL_Femur_1_RG.bam, rna_output/align/CQTL_AM7778FE_CTL_Femur_1_RG.bam.bai, rna_output/align/CQTL_AM7778FE_FNF_Femur_1_RG.bam, rna_output/align/CQTL_AM7778FE_FNF_Femur_1_RG.bam.bai, rna_output/align/CQTL_AM7778_CTL_Ankle_1_RG.bam, rna_output/align/CQTL_AM7778_CTL_Ankle_1_RG.bam.bai, rna_output/align/CQTL_AM7778_FNF_Ankle_1_RG.bam, rna_output/align/CQTL_AM7778_FNF_Ankle_1_RG.bam.bai, rna_output/align/CQTL_AM7780_CTL_Ankle_1_RG.bam, rna_output/align/CQTL_AM7780_CTL_Ankle_1_RG.bam.bai, rna_output/align/CQTL_AM7780_FNF_Ankle_1_RG.bam, rna_output/align/CQTL_AM7780_FNF_Ankle_1_RG.bam.bai, rna_output/align/CQTL_AM7781_CTL_Ankle_1_RG.bam, rna_output/align/CQTL_AM7781_CTL_Ankle_1_RG.bam.bai, rna_output/align/CQTL_AM7781_FNF_Ankle_1_RG.bam, rna_output/align/CQTL_AM7781_FNF_Ankle_1_RG.bam.bai, rna_output/align/CQTL_AM7785_CTL_Ankle_1_RG.bam, rna_output/align/CQTL_AM7785_CTL_Ankle_1_RG.bam.bai, rna_output/align/CQTL_AM7785_FNF_Ankle_1_RG.bam, rna_output/align/CQTL_AM7785_FNF_Ankle_1_RG.bam.bai, rna_output/align/CQTL_AM7786_CTL_Ankle_1_RG.bam, rna_output/align/CQTL_AM7786_CTL_Ankle_1_RG.bam.bai, rna_output/align/CQTL_AM7786_FNF_Ankle_1_RG.bam, rna_output/align/CQTL_AM7786_FNF_Ankle_1_RG.bam.bai, rna_output/align/FACT_23-0058_CTL_synovium_1_RG.bam, rna_output/align/FACT_23-0058_CTL_synovium_1_RG.bam.bai, rna_output/align/FACT_23-0058_FNF_synovium_1_RG.bam, rna_output/align/FACT_23-0058_FNF_synovium_1_RG.bam.bai, rna_output/align/FACT_23-0060_CTL_synovium_1_RG.bam, rna_output/align/FACT_23-0060_CTL_synovium_1_RG.bam.bai, rna_output/align/FACT_23-0060_FNF_synovium_1_RG.bam, rna_output/align/FACT_23-0060_FNF_synovium_1_RG.bam.bai, rna_output/align/FACT_23-0062_CTL_synovium_1_RG.bam, rna_output/align/FACT_23-0062_CTL_synovium_1_RG.bam.bai, rna_output/align/FACT_23-0062_FNF_synovium_1_RG.bam, rna_output/align/FACT_23-0062_FNF_synovium_1_RG.bam.bai, rna_output/align/FACT_23-0069_CTL_synovium_1_RG.bam, rna_output/align/FACT_23-0069_CTL_synovium_1_RG.bam.bai, rna_output/align/FACT_23-0069_FNF_synovium_1_RG.bam, rna_output/align/FACT_23-0069_FNF_synovium_1_RG.bam.bai, rna_output/align/FACT_23-0071_CTL_synovium_1_RG.bam, rna_output/align/FACT_23-0071_CTL_synovium_1_RG.bam.bai, rna_output/align/FACT_23-0071_FNF_synovium_1_RG.bam, rna_output/align/FACT_23-0071_FNF_synovium_1_RG.bam.bai
    jobid: 0

[Tue Dec  3 13:38:58 2024]
Finished job 0.
43 of 43 steps (100%) done
Complete log: /work/users/s/e/seyoun/CQTL_AI/.snakemake/log/2024-12-03T130159.240788.snakemake.log
