Building DAG of jobs...
Job counts:
	count	jobs
	1	all
	2	mergeAlign
	2	mergeSignal
	10	signal
	15

[Thu Dec 19 12:46:07 2024]
rule signal:
    input: /work/users/s/e/seyoun/CQTL_AI/output/align/FACT_23-0025_FNF_synovium_1_RG.bam
    output: output/signals/synovium/FACT_23-0025_FNF_synovium_1.bw
    log: output/logs/signal_synovium_FACT_23-0025_FNF_synovium_1.err
    jobid: 10
    wildcards: tissues=synovium, sampleName=FACT_23-0025_FNF_synovium_1


        module load deeptools/3.5.4
        mkdir -p output/signals/['synovium']

        bamCoverage             --bam /work/users/s/e/seyoun/CQTL_AI/output/align/FACT_23-0025_FNF_synovium_1_RG.bam             -o output/signals/synovium/FACT_23-0025_FNF_synovium_1.bw             --binSize 10             --normalizeUsing RPGC             --effectiveGenomeSize 2862010428             --extendReads             > output/logs/signal_synovium_FACT_23-0025_FNF_synovium_1.err 2>&1

        

[Thu Dec 19 12:46:07 2024]
rule signal:
    input: /work/users/s/e/seyoun/CQTL_AI/output/align/FACT_23-0022_FNF_synovium_1_RG.bam
    output: output/signals/synovium/FACT_23-0022_FNF_synovium_1.bw
    log: output/logs/signal_synovium_FACT_23-0022_FNF_synovium_1.err
    jobid: 6
    wildcards: tissues=synovium, sampleName=FACT_23-0022_FNF_synovium_1


        module load deeptools/3.5.4
        mkdir -p output/signals/['synovium']

        bamCoverage             --bam /work/users/s/e/seyoun/CQTL_AI/output/align/FACT_23-0022_FNF_synovium_1_RG.bam             -o output/signals/synovium/FACT_23-0022_FNF_synovium_1.bw             --binSize 10             --normalizeUsing RPGC             --effectiveGenomeSize 2862010428             --extendReads             > output/logs/signal_synovium_FACT_23-0022_FNF_synovium_1.err 2>&1

        

[Thu Dec 19 12:46:07 2024]
rule mergeAlign:
    input: /work/users/s/e/seyoun/CQTL_AI/output/align/FACT_23-0013_FNF_synovium_1_RG.bam, /work/users/s/e/seyoun/CQTL_AI/output/align/FACT_23-0016_FNF_synovium_1_RG.bam, /work/users/s/e/seyoun/CQTL_AI/output/align/FACT_23-0022_FNF_synovium_1_RG.bam, /work/users/s/e/seyoun/CQTL_AI/output/align/FACT_23-0023_FNF_synovium_1_RG.bam, /work/users/s/e/seyoun/CQTL_AI/output/align/FACT_23-0025_FNF_synovium_1_RG.bam
    output: output/siganls/synovium/mergedAlign/FNF_sorted.bam, output/siganls/synovium/mergedAlign/FNF_sorted.bam.bai, output/siganls/synovium/mergedAlign/FNF_stats.txt
    log: output/logs/mergedAligned_synovium_FNF.err
    jobid: 14
    wildcards: tissues=synovium, cond=FNF

RuleException in line 68 of /work/users/s/e/seyoun/CQTL_AI/snakefiles/signal_track.smk:
'Params' object has no attribute 'samtoolsVersion'
