Building DAG of jobs...
Using shell: /usr/bin/bash
Provided cluster nodes: 150
Job counts:
	count	jobs
	1	all
	2	mergeSignal
	3

[Thu Dec 19 14:58:02 2024]
rule mergeSignal:
    input: output/signals/synovium/mergedAlign/CTL_sorted.bam
    output: output/signals/synovium/merged_signal/CTL_sorted_bw
    log: output/logs/mergedSignal_synovium_CTL.err
    jobid: 11
    wildcards: tissue=synovium, cond=CTL


        module load deeptools/3.5.4
        mkdir -p output/signals/synovium/merged_signal

        bamCoverage             --bam output/signals/synovium/mergedAlign/CTL_sorted.bam             -o output/signals/synovium/merged_signal/CTL_sorted_bw             --binSize 10             --normalizeUsing RPGC             --effectiveGenomeSize 2862010428             --extendReads             > output/logs/mergedSignal_synovium_CTL.err 2>&1

        
Submitted job 11 with external jobid '56206760'.

[Thu Dec 19 14:58:03 2024]
rule mergeSignal:
    input: output/signals/synovium/mergedAlign/FNF_sorted.bam
    output: output/signals/synovium/merged_signal/FNF_sorted_bw
    log: output/logs/mergedSignal_synovium_FNF.err
    jobid: 12
    wildcards: tissue=synovium, cond=FNF


        module load deeptools/3.5.4
        mkdir -p output/signals/synovium/merged_signal

        bamCoverage             --bam output/signals/synovium/mergedAlign/FNF_sorted.bam             -o output/signals/synovium/merged_signal/FNF_sorted_bw             --binSize 10             --normalizeUsing RPGC             --effectiveGenomeSize 2862010428             --extendReads             > output/logs/mergedSignal_synovium_FNF.err 2>&1

        
Submitted job 12 with external jobid '56206761'.
[Thu Dec 19 16:14:21 2024]
Finished job 11.
1 of 3 steps (33%) done
[Thu Dec 19 16:28:14 2024]
Finished job 12.
2 of 3 steps (67%) done

[Thu Dec 19 16:28:16 2024]
localrule all:
    input: output/signals/synovium/FACT_23-0013_CTL_synovium_1.bw, output/signals/synovium/FACT_23-0013_FNF_synovium_1.bw, output/signals/synovium/FACT_23-0016_CTL_synovium_1.bw, output/signals/synovium/FACT_23-0016_FNF_synovium_1.bw, output/signals/synovium/FACT_23-0022_CTL_synovium_1.bw, output/signals/synovium/FACT_23-0022_FNF_synovium_1.bw, output/signals/synovium/FACT_23-0023_CTL_synovium_1.bw, output/signals/synovium/FACT_23-0023_FNF_synovium_1.bw, output/signals/synovium/FACT_23-0025_CTL_synovium_1.bw, output/signals/synovium/FACT_23-0025_FNF_synovium_1.bw, output/signals/synovium/merged_signal/CTL_sorted_bw, output/signals/synovium/merged_signal/FNF_sorted_bw
    jobid: 0

[Thu Dec 19 16:28:16 2024]
Finished job 0.
3 of 3 steps (100%) done
Complete log: /work/users/s/e/seyoun/CQTL_AI/.snakemake/log/2024-12-19T145800.215239.snakemake.log
