Building DAG of jobs...
Using shell: /usr/bin/bash
Provided cluster nodes: 100
Job counts:
	count	jobs
	58	add_read_groups
	1	all
	58	filter_mitochondrial_reads
	58	mark_duplicates
	58	run_ataqv
	233

[Wed Nov 20 09:15:14 2024]
rule mark_duplicates:
    input: output/align/CQTL_AM7726_FNF_Ankle_1_sorted.bam
    output: output/dedup/CQTL_AM7726_FNF_Ankle_1_dedup.bam, output/dedup/CQTL_AM7726_FNF_Ankle_1_dup_metrics.txt, output/dedup/CQTL_AM7726_FNF_Ankle_1_dedup.bai
    log: output/logs/mark_duplicates_CQTL_AM7726_FNF_Ankle_1.err, output/logs/mark_duplicates_CQTL_AM7726_FNF_Ankle_1.out
    jobid: 420
    wildcards: sampleName=CQTL_AM7726_FNF_Ankle_1


        module load java/17.0.2
        module load picard/2.26.11
        mkdir -p output/dedup

        java -Xmx16g -jar /nas/longleaf/apps/picard/2.26.11/picard-2.26.11/picard.jar MarkDuplicates             I=output/align/CQTL_AM7726_FNF_Ankle_1_sorted.bam             O=output/dedup/CQTL_AM7726_FNF_Ankle_1_dedup.bam             M=output/dedup/CQTL_AM7726_FNF_Ankle_1_dup_metrics.txt             REMOVE_DUPLICATES=true             1> output/logs/mark_duplicates_CQTL_AM7726_FNF_Ankle_1.out 2> output/logs/mark_duplicates_CQTL_AM7726_FNF_Ankle_1.err

        samtools index output/dedup/CQTL_AM7726_FNF_Ankle_1_dedup.bam 1>> output/logs/mark_duplicates_CQTL_AM7726_FNF_Ankle_1.out 2>> output/logs/mark_duplicates_CQTL_AM7726_FNF_Ankle_1.err
        
Submitted job 420 with external jobid '54538037'.

[Wed Nov 20 09:16:02 2024]
rule mark_duplicates:
    input: output/align/FACT_23-0023_CTL_synovium_1_sorted.bam
    output: output/dedup/FACT_23-0023_CTL_synovium_1_dedup.bam, output/dedup/FACT_23-0023_CTL_synovium_1_dup_metrics.txt, output/dedup/FACT_23-0023_CTL_synovium_1_dedup.bai
    log: output/logs/mark_duplicates_FACT_23-0023_CTL_synovium_1.err, output/logs/mark_duplicates_FACT_23-0023_CTL_synovium_1.out
    jobid: 461
    wildcards: sampleName=FACT_23-0023_CTL_synovium_1


        module load java/17.0.2
        module load picard/2.26.11
        mkdir -p output/dedup

        java -Xmx16g -jar /nas/longleaf/apps/picard/2.26.11/picard-2.26.11/picard.jar MarkDuplicates             I=output/align/FACT_23-0023_CTL_synovium_1_sorted.bam             O=output/dedup/FACT_23-0023_CTL_synovium_1_dedup.bam             M=output/dedup/FACT_23-0023_CTL_synovium_1_dup_metrics.txt             REMOVE_DUPLICATES=true             1> output/logs/mark_duplicates_FACT_23-0023_CTL_synovium_1.out 2> output/logs/mark_duplicates_FACT_23-0023_CTL_synovium_1.err

        samtools index output/dedup/FACT_23-0023_CTL_synovium_1_dedup.bam 1>> output/logs/mark_duplicates_FACT_23-0023_CTL_synovium_1.out 2>> output/logs/mark_duplicates_FACT_23-0023_CTL_synovium_1.err
        
Submitted job 461 with external jobid '54538041'.

[Wed Nov 20 09:16:52 2024]
rule mark_duplicates:
    input: output/align/CQTL_AM7712_FNF_Ankle_1_sorted.bam
    output: output/dedup/CQTL_AM7712_FNF_Ankle_1_dedup.bam, output/dedup/CQTL_AM7712_FNF_Ankle_1_dup_metrics.txt, output/dedup/CQTL_AM7712_FNF_Ankle_1_dedup.bai
    log: output/logs/mark_duplicates_CQTL_AM7712_FNF_Ankle_1.err, output/logs/mark_duplicates_CQTL_AM7712_FNF_Ankle_1.out
    jobid: 416
    wildcards: sampleName=CQTL_AM7712_FNF_Ankle_1


        module load java/17.0.2
        module load picard/2.26.11
        mkdir -p output/dedup

        java -Xmx16g -jar /nas/longleaf/apps/picard/2.26.11/picard-2.26.11/picard.jar MarkDuplicates             I=output/align/CQTL_AM7712_FNF_Ankle_1_sorted.bam             O=output/dedup/CQTL_AM7712_FNF_Ankle_1_dedup.bam             M=output/dedup/CQTL_AM7712_FNF_Ankle_1_dup_metrics.txt             REMOVE_DUPLICATES=true             1> output/logs/mark_duplicates_CQTL_AM7712_FNF_Ankle_1.out 2> output/logs/mark_duplicates_CQTL_AM7712_FNF_Ankle_1.err

        samtools index output/dedup/CQTL_AM7712_FNF_Ankle_1_dedup.bam 1>> output/logs/mark_duplicates_CQTL_AM7712_FNF_Ankle_1.out 2>> output/logs/mark_duplicates_CQTL_AM7712_FNF_Ankle_1.err
        
Submitted job 416 with external jobid '54538043'.

[Wed Nov 20 09:17:42 2024]
rule mark_duplicates:
    input: output/align/CQTL_AM7678_FNF_Ankle_1_sorted.bam
    output: output/dedup/CQTL_AM7678_FNF_Ankle_1_dedup.bam, output/dedup/CQTL_AM7678_FNF_Ankle_1_dup_metrics.txt, output/dedup/CQTL_AM7678_FNF_Ankle_1_dedup.bai
    log: output/logs/mark_duplicates_CQTL_AM7678_FNF_Ankle_1.err, output/logs/mark_duplicates_CQTL_AM7678_FNF_Ankle_1.out
    jobid: 410
    wildcards: sampleName=CQTL_AM7678_FNF_Ankle_1


        module load java/17.0.2
        module load picard/2.26.11
        mkdir -p output/dedup

        java -Xmx16g -jar /nas/longleaf/apps/picard/2.26.11/picard-2.26.11/picard.jar MarkDuplicates             I=output/align/CQTL_AM7678_FNF_Ankle_1_sorted.bam             O=output/dedup/CQTL_AM7678_FNF_Ankle_1_dedup.bam             M=output/dedup/CQTL_AM7678_FNF_Ankle_1_dup_metrics.txt             REMOVE_DUPLICATES=true             1> output/logs/mark_duplicates_CQTL_AM7678_FNF_Ankle_1.out 2> output/logs/mark_duplicates_CQTL_AM7678_FNF_Ankle_1.err

        samtools index output/dedup/CQTL_AM7678_FNF_Ankle_1_dedup.bam 1>> output/logs/mark_duplicates_CQTL_AM7678_FNF_Ankle_1.out 2>> output/logs/mark_duplicates_CQTL_AM7678_FNF_Ankle_1.err
        
Submitted job 410 with external jobid '54538046'.

[Wed Nov 20 09:18:30 2024]
rule mark_duplicates:
    input: output/align/FACT_23-0022_CTL_synovium_1_sorted.bam
    output: output/dedup/FACT_23-0022_CTL_synovium_1_dedup.bam, output/dedup/FACT_23-0022_CTL_synovium_1_dup_metrics.txt, output/dedup/FACT_23-0022_CTL_synovium_1_dedup.bai
    log: output/logs/mark_duplicates_FACT_23-0022_CTL_synovium_1.err, output/logs/mark_duplicates_FACT_23-0022_CTL_synovium_1.out
    jobid: 459
    wildcards: sampleName=FACT_23-0022_CTL_synovium_1


        module load java/17.0.2
        module load picard/2.26.11
        mkdir -p output/dedup

        java -Xmx16g -jar /nas/longleaf/apps/picard/2.26.11/picard-2.26.11/picard.jar MarkDuplicates             I=output/align/FACT_23-0022_CTL_synovium_1_sorted.bam             O=output/dedup/FACT_23-0022_CTL_synovium_1_dedup.bam             M=output/dedup/FACT_23-0022_CTL_synovium_1_dup_metrics.txt             REMOVE_DUPLICATES=true             1> output/logs/mark_duplicates_FACT_23-0022_CTL_synovium_1.out 2> output/logs/mark_duplicates_FACT_23-0022_CTL_synovium_1.err

        samtools index output/dedup/FACT_23-0022_CTL_synovium_1_dedup.bam 1>> output/logs/mark_duplicates_FACT_23-0022_CTL_synovium_1.out 2>> output/logs/mark_duplicates_FACT_23-0022_CTL_synovium_1.err
        
Submitted job 459 with external jobid '54538048'.

[Wed Nov 20 09:19:21 2024]
rule mark_duplicates:
    input: output/align/CQTL_AM7754_FNF_Ankle_1_sorted.bam
    output: output/dedup/CQTL_AM7754_FNF_Ankle_1_dedup.bam, output/dedup/CQTL_AM7754_FNF_Ankle_1_dup_metrics.txt, output/dedup/CQTL_AM7754_FNF_Ankle_1_dedup.bai
    log: output/logs/mark_duplicates_CQTL_AM7754_FNF_Ankle_1.err, output/logs/mark_duplicates_CQTL_AM7754_FNF_Ankle_1.out
    jobid: 427
    wildcards: sampleName=CQTL_AM7754_FNF_Ankle_1


        module load java/17.0.2
        module load picard/2.26.11
        mkdir -p output/dedup

        java -Xmx16g -jar /nas/longleaf/apps/picard/2.26.11/picard-2.26.11/picard.jar MarkDuplicates             I=output/align/CQTL_AM7754_FNF_Ankle_1_sorted.bam             O=output/dedup/CQTL_AM7754_FNF_Ankle_1_dedup.bam             M=output/dedup/CQTL_AM7754_FNF_Ankle_1_dup_metrics.txt             REMOVE_DUPLICATES=true             1> output/logs/mark_duplicates_CQTL_AM7754_FNF_Ankle_1.out 2> output/logs/mark_duplicates_CQTL_AM7754_FNF_Ankle_1.err

        samtools index output/dedup/CQTL_AM7754_FNF_Ankle_1_dedup.bam 1>> output/logs/mark_duplicates_CQTL_AM7754_FNF_Ankle_1.out 2>> output/logs/mark_duplicates_CQTL_AM7754_FNF_Ankle_1.err
        
Submitted job 427 with external jobid '54538051'.

[Wed Nov 20 09:20:25 2024]
rule mark_duplicates:
    input: output/align/CQTL_AM7711_FNF_Ankle_1_sorted.bam
    output: output/dedup/CQTL_AM7711_FNF_Ankle_1_dedup.bam, output/dedup/CQTL_AM7711_FNF_Ankle_1_dup_metrics.txt, output/dedup/CQTL_AM7711_FNF_Ankle_1_dedup.bai
    log: output/logs/mark_duplicates_CQTL_AM7711_FNF_Ankle_1.err, output/logs/mark_duplicates_CQTL_AM7711_FNF_Ankle_1.out
    jobid: 414
    wildcards: sampleName=CQTL_AM7711_FNF_Ankle_1


        module load java/17.0.2
        module load picard/2.26.11
        mkdir -p output/dedup

        java -Xmx16g -jar /nas/longleaf/apps/picard/2.26.11/picard-2.26.11/picard.jar MarkDuplicates             I=output/align/CQTL_AM7711_FNF_Ankle_1_sorted.bam             O=output/dedup/CQTL_AM7711_FNF_Ankle_1_dedup.bam             M=output/dedup/CQTL_AM7711_FNF_Ankle_1_dup_metrics.txt             REMOVE_DUPLICATES=true             1> output/logs/mark_duplicates_CQTL_AM7711_FNF_Ankle_1.out 2> output/logs/mark_duplicates_CQTL_AM7711_FNF_Ankle_1.err

        samtools index output/dedup/CQTL_AM7711_FNF_Ankle_1_dedup.bam 1>> output/logs/mark_duplicates_CQTL_AM7711_FNF_Ankle_1.out 2>> output/logs/mark_duplicates_CQTL_AM7711_FNF_Ankle_1.err
        
Submitted job 414 with external jobid '54538056'.

[Wed Nov 20 09:21:02 2024]
rule mark_duplicates:
    input: output/align/CQTL_AM7677_FNF_Ankle_1_sorted.bam
    output: output/dedup/CQTL_AM7677_FNF_Ankle_1_dedup.bam, output/dedup/CQTL_AM7677_FNF_Ankle_1_dup_metrics.txt, output/dedup/CQTL_AM7677_FNF_Ankle_1_dedup.bai
    log: output/logs/mark_duplicates_CQTL_AM7677_FNF_Ankle_1.err, output/logs/mark_duplicates_CQTL_AM7677_FNF_Ankle_1.out
    jobid: 408
    wildcards: sampleName=CQTL_AM7677_FNF_Ankle_1


        module load java/17.0.2
        module load picard/2.26.11
        mkdir -p output/dedup

        java -Xmx16g -jar /nas/longleaf/apps/picard/2.26.11/picard-2.26.11/picard.jar MarkDuplicates             I=output/align/CQTL_AM7677_FNF_Ankle_1_sorted.bam             O=output/dedup/CQTL_AM7677_FNF_Ankle_1_dedup.bam             M=output/dedup/CQTL_AM7677_FNF_Ankle_1_dup_metrics.txt             REMOVE_DUPLICATES=true             1> output/logs/mark_duplicates_CQTL_AM7677_FNF_Ankle_1.out 2> output/logs/mark_duplicates_CQTL_AM7677_FNF_Ankle_1.err

        samtools index output/dedup/CQTL_AM7677_FNF_Ankle_1_dedup.bam 1>> output/logs/mark_duplicates_CQTL_AM7677_FNF_Ankle_1.out 2>> output/logs/mark_duplicates_CQTL_AM7677_FNF_Ankle_1.err
        
Submitted job 408 with external jobid '54538059'.

[Wed Nov 20 09:21:52 2024]
rule mark_duplicates:
    input: output/align/CQTL_AM7786_FNF_Ankle_1_sorted.bam
    output: output/dedup/CQTL_AM7786_FNF_Ankle_1_dedup.bam, output/dedup/CQTL_AM7786_FNF_Ankle_1_dup_metrics.txt, output/dedup/CQTL_AM7786_FNF_Ankle_1_dedup.bai
    log: output/logs/mark_duplicates_CQTL_AM7786_FNF_Ankle_1.err, output/logs/mark_duplicates_CQTL_AM7786_FNF_Ankle_1.out
    jobid: 454
    wildcards: sampleName=CQTL_AM7786_FNF_Ankle_1


        module load java/17.0.2
        module load picard/2.26.11
        mkdir -p output/dedup

        java -Xmx16g -jar /nas/longleaf/apps/picard/2.26.11/picard-2.26.11/picard.jar MarkDuplicates             I=output/align/CQTL_AM7786_FNF_Ankle_1_sorted.bam             O=output/dedup/CQTL_AM7786_FNF_Ankle_1_dedup.bam             M=output/dedup/CQTL_AM7786_FNF_Ankle_1_dup_metrics.txt             REMOVE_DUPLICATES=true             1> output/logs/mark_duplicates_CQTL_AM7786_FNF_Ankle_1.out 2> output/logs/mark_duplicates_CQTL_AM7786_FNF_Ankle_1.err

        samtools index output/dedup/CQTL_AM7786_FNF_Ankle_1_dedup.bam 1>> output/logs/mark_duplicates_CQTL_AM7786_FNF_Ankle_1.out 2>> output/logs/mark_duplicates_CQTL_AM7786_FNF_Ankle_1.err
        
Submitted job 454 with external jobid '54538068'.

[Wed Nov 20 09:22:28 2024]
rule mark_duplicates:
    input: output/align/CQTL_AM7677_CTL_Ankle_1_sorted.bam
    output: output/dedup/CQTL_AM7677_CTL_Ankle_1_dedup.bam, output/dedup/CQTL_AM7677_CTL_Ankle_1_dup_metrics.txt, output/dedup/CQTL_AM7677_CTL_Ankle_1_dedup.bai
    log: output/logs/mark_duplicates_CQTL_AM7677_CTL_Ankle_1.err, output/logs/mark_duplicates_CQTL_AM7677_CTL_Ankle_1.out
    jobid: 407
    wildcards: sampleName=CQTL_AM7677_CTL_Ankle_1


        module load java/17.0.2
        module load picard/2.26.11
        mkdir -p output/dedup

        java -Xmx16g -jar /nas/longleaf/apps/picard/2.26.11/picard-2.26.11/picard.jar MarkDuplicates             I=output/align/CQTL_AM7677_CTL_Ankle_1_sorted.bam             O=output/dedup/CQTL_AM7677_CTL_Ankle_1_dedup.bam             M=output/dedup/CQTL_AM7677_CTL_Ankle_1_dup_metrics.txt             REMOVE_DUPLICATES=true             1> output/logs/mark_duplicates_CQTL_AM7677_CTL_Ankle_1.out 2> output/logs/mark_duplicates_CQTL_AM7677_CTL_Ankle_1.err

        samtools index output/dedup/CQTL_AM7677_CTL_Ankle_1_dedup.bam 1>> output/logs/mark_duplicates_CQTL_AM7677_CTL_Ankle_1.out 2>> output/logs/mark_duplicates_CQTL_AM7677_CTL_Ankle_1.err
        
Submitted job 407 with external jobid '54538071'.

[Wed Nov 20 09:23:15 2024]
rule mark_duplicates:
    input: output/align/CQTL_AM7679_FNF_Ankle_1_sorted.bam
    output: output/dedup/CQTL_AM7679_FNF_Ankle_1_dedup.bam, output/dedup/CQTL_AM7679_FNF_Ankle_1_dup_metrics.txt, output/dedup/CQTL_AM7679_FNF_Ankle_1_dedup.bai
    log: output/logs/mark_duplicates_CQTL_AM7679_FNF_Ankle_1.err, output/logs/mark_duplicates_CQTL_AM7679_FNF_Ankle_1.out
    jobid: 412
    wildcards: sampleName=CQTL_AM7679_FNF_Ankle_1


        module load java/17.0.2
        module load picard/2.26.11
        mkdir -p output/dedup

        java -Xmx16g -jar /nas/longleaf/apps/picard/2.26.11/picard-2.26.11/picard.jar MarkDuplicates             I=output/align/CQTL_AM7679_FNF_Ankle_1_sorted.bam             O=output/dedup/CQTL_AM7679_FNF_Ankle_1_dedup.bam             M=output/dedup/CQTL_AM7679_FNF_Ankle_1_dup_metrics.txt             REMOVE_DUPLICATES=true             1> output/logs/mark_duplicates_CQTL_AM7679_FNF_Ankle_1.out 2> output/logs/mark_duplicates_CQTL_AM7679_FNF_Ankle_1.err

        samtools index output/dedup/CQTL_AM7679_FNF_Ankle_1_dedup.bam 1>> output/logs/mark_duplicates_CQTL_AM7679_FNF_Ankle_1.out 2>> output/logs/mark_duplicates_CQTL_AM7679_FNF_Ankle_1.err
        
Submitted job 412 with external jobid '54538076'.

[Wed Nov 20 09:24:01 2024]
rule mark_duplicates:
    input: output/align/CQTL_AM7727_CTL_Ankle_1_sorted.bam
    output: output/dedup/CQTL_AM7727_CTL_Ankle_1_dedup.bam, output/dedup/CQTL_AM7727_CTL_Ankle_1_dup_metrics.txt, output/dedup/CQTL_AM7727_CTL_Ankle_1_dedup.bai
    log: output/logs/mark_duplicates_CQTL_AM7727_CTL_Ankle_1.err, output/logs/mark_duplicates_CQTL_AM7727_CTL_Ankle_1.out
    jobid: 421
    wildcards: sampleName=CQTL_AM7727_CTL_Ankle_1


        module load java/17.0.2
        module load picard/2.26.11
        mkdir -p output/dedup

        java -Xmx16g -jar /nas/longleaf/apps/picard/2.26.11/picard-2.26.11/picard.jar MarkDuplicates             I=output/align/CQTL_AM7727_CTL_Ankle_1_sorted.bam             O=output/dedup/CQTL_AM7727_CTL_Ankle_1_dedup.bam             M=output/dedup/CQTL_AM7727_CTL_Ankle_1_dup_metrics.txt             REMOVE_DUPLICATES=true             1> output/logs/mark_duplicates_CQTL_AM7727_CTL_Ankle_1.out 2> output/logs/mark_duplicates_CQTL_AM7727_CTL_Ankle_1.err

        samtools index output/dedup/CQTL_AM7727_CTL_Ankle_1_dedup.bam 1>> output/logs/mark_duplicates_CQTL_AM7727_CTL_Ankle_1.out 2>> output/logs/mark_duplicates_CQTL_AM7727_CTL_Ankle_1.err
        
Submitted job 421 with external jobid '54538079'.

[Wed Nov 20 09:24:40 2024]
rule mark_duplicates:
    input: output/align/CQTL_AM7778FE_CTL_Femur_1_sorted.bam
    output: output/dedup/CQTL_AM7778FE_CTL_Femur_1_dedup.bam, output/dedup/CQTL_AM7778FE_CTL_Femur_1_dup_metrics.txt, output/dedup/CQTL_AM7778FE_CTL_Femur_1_dedup.bai
    log: output/logs/mark_duplicates_CQTL_AM7778FE_CTL_Femur_1.err, output/logs/mark_duplicates_CQTL_AM7778FE_CTL_Femur_1.out
    jobid: 443
    wildcards: sampleName=CQTL_AM7778FE_CTL_Femur_1


        module load java/17.0.2
        module load picard/2.26.11
        mkdir -p output/dedup

        java -Xmx16g -jar /nas/longleaf/apps/picard/2.26.11/picard-2.26.11/picard.jar MarkDuplicates             I=output/align/CQTL_AM7778FE_CTL_Femur_1_sorted.bam             O=output/dedup/CQTL_AM7778FE_CTL_Femur_1_dedup.bam             M=output/dedup/CQTL_AM7778FE_CTL_Femur_1_dup_metrics.txt             REMOVE_DUPLICATES=true             1> output/logs/mark_duplicates_CQTL_AM7778FE_CTL_Femur_1.out 2> output/logs/mark_duplicates_CQTL_AM7778FE_CTL_Femur_1.err

        samtools index output/dedup/CQTL_AM7778FE_CTL_Femur_1_dedup.bam 1>> output/logs/mark_duplicates_CQTL_AM7778FE_CTL_Femur_1.out 2>> output/logs/mark_duplicates_CQTL_AM7778FE_CTL_Femur_1.err
        
Submitted job 443 with external jobid '54538083'.

[Wed Nov 20 09:25:33 2024]
rule mark_duplicates:
    input: output/align/CQTL_AM7763_CTL_Ankle_1_sorted.bam
    output: output/dedup/CQTL_AM7763_CTL_Ankle_1_dedup.bam, output/dedup/CQTL_AM7763_CTL_Ankle_1_dup_metrics.txt, output/dedup/CQTL_AM7763_CTL_Ankle_1_dedup.bai
    log: output/logs/mark_duplicates_CQTL_AM7763_CTL_Ankle_1.err, output/logs/mark_duplicates_CQTL_AM7763_CTL_Ankle_1.out
    jobid: 433
    wildcards: sampleName=CQTL_AM7763_CTL_Ankle_1


        module load java/17.0.2
        module load picard/2.26.11
        mkdir -p output/dedup

        java -Xmx16g -jar /nas/longleaf/apps/picard/2.26.11/picard-2.26.11/picard.jar MarkDuplicates             I=output/align/CQTL_AM7763_CTL_Ankle_1_sorted.bam             O=output/dedup/CQTL_AM7763_CTL_Ankle_1_dedup.bam             M=output/dedup/CQTL_AM7763_CTL_Ankle_1_dup_metrics.txt             REMOVE_DUPLICATES=true             1> output/logs/mark_duplicates_CQTL_AM7763_CTL_Ankle_1.out 2> output/logs/mark_duplicates_CQTL_AM7763_CTL_Ankle_1.err

        samtools index output/dedup/CQTL_AM7763_CTL_Ankle_1_dedup.bam 1>> output/logs/mark_duplicates_CQTL_AM7763_CTL_Ankle_1.out 2>> output/logs/mark_duplicates_CQTL_AM7763_CTL_Ankle_1.err
        
Submitted job 433 with external jobid '54538095'.

[Wed Nov 20 09:26:11 2024]
rule mark_duplicates:
    input: output/align/CQTL_AM7771_FNF_Ankle_1_sorted.bam
    output: output/dedup/CQTL_AM7771_FNF_Ankle_1_dedup.bam, output/dedup/CQTL_AM7771_FNF_Ankle_1_dup_metrics.txt, output/dedup/CQTL_AM7771_FNF_Ankle_1_dedup.bai
    log: output/logs/mark_duplicates_CQTL_AM7771_FNF_Ankle_1.err, output/logs/mark_duplicates_CQTL_AM7771_FNF_Ankle_1.out
    jobid: 440
    wildcards: sampleName=CQTL_AM7771_FNF_Ankle_1


        module load java/17.0.2
        module load picard/2.26.11
        mkdir -p output/dedup

        java -Xmx16g -jar /nas/longleaf/apps/picard/2.26.11/picard-2.26.11/picard.jar MarkDuplicates             I=output/align/CQTL_AM7771_FNF_Ankle_1_sorted.bam             O=output/dedup/CQTL_AM7771_FNF_Ankle_1_dedup.bam             M=output/dedup/CQTL_AM7771_FNF_Ankle_1_dup_metrics.txt             REMOVE_DUPLICATES=true             1> output/logs/mark_duplicates_CQTL_AM7771_FNF_Ankle_1.out 2> output/logs/mark_duplicates_CQTL_AM7771_FNF_Ankle_1.err

        samtools index output/dedup/CQTL_AM7771_FNF_Ankle_1_dedup.bam 1>> output/logs/mark_duplicates_CQTL_AM7771_FNF_Ankle_1.out 2>> output/logs/mark_duplicates_CQTL_AM7771_FNF_Ankle_1.err
        
Submitted job 440 with external jobid '54538099'.

[Wed Nov 20 09:27:07 2024]
rule mark_duplicates:
    input: output/align/CQTL_AM7778_CTL_Ankle_1_sorted.bam
    output: output/dedup/CQTL_AM7778_CTL_Ankle_1_dedup.bam, output/dedup/CQTL_AM7778_CTL_Ankle_1_dup_metrics.txt, output/dedup/CQTL_AM7778_CTL_Ankle_1_dedup.bai
    log: output/logs/mark_duplicates_CQTL_AM7778_CTL_Ankle_1.err, output/logs/mark_duplicates_CQTL_AM7778_CTL_Ankle_1.out
    jobid: 445
    wildcards: sampleName=CQTL_AM7778_CTL_Ankle_1


        module load java/17.0.2
        module load picard/2.26.11
        mkdir -p output/dedup

        java -Xmx16g -jar /nas/longleaf/apps/picard/2.26.11/picard-2.26.11/picard.jar MarkDuplicates             I=output/align/CQTL_AM7778_CTL_Ankle_1_sorted.bam             O=output/dedup/CQTL_AM7778_CTL_Ankle_1_dedup.bam             M=output/dedup/CQTL_AM7778_CTL_Ankle_1_dup_metrics.txt             REMOVE_DUPLICATES=true             1> output/logs/mark_duplicates_CQTL_AM7778_CTL_Ankle_1.out 2> output/logs/mark_duplicates_CQTL_AM7778_CTL_Ankle_1.err

        samtools index output/dedup/CQTL_AM7778_CTL_Ankle_1_dedup.bam 1>> output/logs/mark_duplicates_CQTL_AM7778_CTL_Ankle_1.out 2>> output/logs/mark_duplicates_CQTL_AM7778_CTL_Ankle_1.err
        
Submitted job 445 with external jobid '54538105'.

[Wed Nov 20 09:28:00 2024]
rule mark_duplicates:
    input: output/align/CQTL_AM7780_FNF_Ankle_1_sorted.bam
    output: output/dedup/CQTL_AM7780_FNF_Ankle_1_dedup.bam, output/dedup/CQTL_AM7780_FNF_Ankle_1_dup_metrics.txt, output/dedup/CQTL_AM7780_FNF_Ankle_1_dedup.bai
    log: output/logs/mark_duplicates_CQTL_AM7780_FNF_Ankle_1.err, output/logs/mark_duplicates_CQTL_AM7780_FNF_Ankle_1.out
    jobid: 448
    wildcards: sampleName=CQTL_AM7780_FNF_Ankle_1


        module load java/17.0.2
        module load picard/2.26.11
        mkdir -p output/dedup

        java -Xmx16g -jar /nas/longleaf/apps/picard/2.26.11/picard-2.26.11/picard.jar MarkDuplicates             I=output/align/CQTL_AM7780_FNF_Ankle_1_sorted.bam             O=output/dedup/CQTL_AM7780_FNF_Ankle_1_dedup.bam             M=output/dedup/CQTL_AM7780_FNF_Ankle_1_dup_metrics.txt             REMOVE_DUPLICATES=true             1> output/logs/mark_duplicates_CQTL_AM7780_FNF_Ankle_1.out 2> output/logs/mark_duplicates_CQTL_AM7780_FNF_Ankle_1.err

        samtools index output/dedup/CQTL_AM7780_FNF_Ankle_1_dedup.bam 1>> output/logs/mark_duplicates_CQTL_AM7780_FNF_Ankle_1.out 2>> output/logs/mark_duplicates_CQTL_AM7780_FNF_Ankle_1.err
        
Submitted job 448 with external jobid '54538107'.

[Wed Nov 20 09:28:42 2024]
rule mark_duplicates:
    input: output/align/CQTL_AM7727_FNF_Ankle_1_sorted.bam
    output: output/dedup/CQTL_AM7727_FNF_Ankle_1_dedup.bam, output/dedup/CQTL_AM7727_FNF_Ankle_1_dup_metrics.txt, output/dedup/CQTL_AM7727_FNF_Ankle_1_dedup.bai
    log: output/logs/mark_duplicates_CQTL_AM7727_FNF_Ankle_1.err, output/logs/mark_duplicates_CQTL_AM7727_FNF_Ankle_1.out
    jobid: 422
    wildcards: sampleName=CQTL_AM7727_FNF_Ankle_1


        module load java/17.0.2
        module load picard/2.26.11
        mkdir -p output/dedup

        java -Xmx16g -jar /nas/longleaf/apps/picard/2.26.11/picard-2.26.11/picard.jar MarkDuplicates             I=output/align/CQTL_AM7727_FNF_Ankle_1_sorted.bam             O=output/dedup/CQTL_AM7727_FNF_Ankle_1_dedup.bam             M=output/dedup/CQTL_AM7727_FNF_Ankle_1_dup_metrics.txt             REMOVE_DUPLICATES=true             1> output/logs/mark_duplicates_CQTL_AM7727_FNF_Ankle_1.out 2> output/logs/mark_duplicates_CQTL_AM7727_FNF_Ankle_1.err

        samtools index output/dedup/CQTL_AM7727_FNF_Ankle_1_dedup.bam 1>> output/logs/mark_duplicates_CQTL_AM7727_FNF_Ankle_1.out 2>> output/logs/mark_duplicates_CQTL_AM7727_FNF_Ankle_1.err
        
Submitted job 422 with external jobid '54538109'.

[Wed Nov 20 09:29:47 2024]
rule mark_duplicates:
    input: output/align/FACT_23-0013_CTL_synovium_1_sorted.bam
    output: output/dedup/FACT_23-0013_CTL_synovium_1_dedup.bam, output/dedup/FACT_23-0013_CTL_synovium_1_dup_metrics.txt, output/dedup/FACT_23-0013_CTL_synovium_1_dedup.bai
    log: output/logs/mark_duplicates_FACT_23-0013_CTL_synovium_1.err, output/logs/mark_duplicates_FACT_23-0013_CTL_synovium_1.out
    jobid: 455
    wildcards: sampleName=FACT_23-0013_CTL_synovium_1


        module load java/17.0.2
        module load picard/2.26.11
        mkdir -p output/dedup

        java -Xmx16g -jar /nas/longleaf/apps/picard/2.26.11/picard-2.26.11/picard.jar MarkDuplicates             I=output/align/FACT_23-0013_CTL_synovium_1_sorted.bam             O=output/dedup/FACT_23-0013_CTL_synovium_1_dedup.bam             M=output/dedup/FACT_23-0013_CTL_synovium_1_dup_metrics.txt             REMOVE_DUPLICATES=true             1> output/logs/mark_duplicates_FACT_23-0013_CTL_synovium_1.out 2> output/logs/mark_duplicates_FACT_23-0013_CTL_synovium_1.err

        samtools index output/dedup/FACT_23-0013_CTL_synovium_1_dedup.bam 1>> output/logs/mark_duplicates_FACT_23-0013_CTL_synovium_1.out 2>> output/logs/mark_duplicates_FACT_23-0013_CTL_synovium_1.err
        
Submitted job 455 with external jobid '54538117'.

[Wed Nov 20 09:30:27 2024]
rule mark_duplicates:
    input: output/align/CQTL_AM7712_CTL_Ankle_1_sorted.bam
    output: output/dedup/CQTL_AM7712_CTL_Ankle_1_dedup.bam, output/dedup/CQTL_AM7712_CTL_Ankle_1_dup_metrics.txt, output/dedup/CQTL_AM7712_CTL_Ankle_1_dedup.bai
    log: output/logs/mark_duplicates_CQTL_AM7712_CTL_Ankle_1.err, output/logs/mark_duplicates_CQTL_AM7712_CTL_Ankle_1.out
    jobid: 415
    wildcards: sampleName=CQTL_AM7712_CTL_Ankle_1


        module load java/17.0.2
        module load picard/2.26.11
        mkdir -p output/dedup

        java -Xmx16g -jar /nas/longleaf/apps/picard/2.26.11/picard-2.26.11/picard.jar MarkDuplicates             I=output/align/CQTL_AM7712_CTL_Ankle_1_sorted.bam             O=output/dedup/CQTL_AM7712_CTL_Ankle_1_dedup.bam             M=output/dedup/CQTL_AM7712_CTL_Ankle_1_dup_metrics.txt             REMOVE_DUPLICATES=true             1> output/logs/mark_duplicates_CQTL_AM7712_CTL_Ankle_1.out 2> output/logs/mark_duplicates_CQTL_AM7712_CTL_Ankle_1.err

        samtools index output/dedup/CQTL_AM7712_CTL_Ankle_1_dedup.bam 1>> output/logs/mark_duplicates_CQTL_AM7712_CTL_Ankle_1.out 2>> output/logs/mark_duplicates_CQTL_AM7712_CTL_Ankle_1.err
        
Submitted job 415 with external jobid '54538121'.
[Wed Nov 20 09:31:01 2024]
Error in rule mark_duplicates:
    jobid: 427
    output: output/dedup/CQTL_AM7754_FNF_Ankle_1_dedup.bam, output/dedup/CQTL_AM7754_FNF_Ankle_1_dup_metrics.txt, output/dedup/CQTL_AM7754_FNF_Ankle_1_dedup.bai
    log: output/logs/mark_duplicates_CQTL_AM7754_FNF_Ankle_1.err, output/logs/mark_duplicates_CQTL_AM7754_FNF_Ankle_1.out (check log file(s) for error message)
    shell:
        
        module load java/17.0.2
        module load picard/2.26.11
        mkdir -p output/dedup

        java -Xmx16g -jar /nas/longleaf/apps/picard/2.26.11/picard-2.26.11/picard.jar MarkDuplicates             I=output/align/CQTL_AM7754_FNF_Ankle_1_sorted.bam             O=output/dedup/CQTL_AM7754_FNF_Ankle_1_dedup.bam             M=output/dedup/CQTL_AM7754_FNF_Ankle_1_dup_metrics.txt             REMOVE_DUPLICATES=true             1> output/logs/mark_duplicates_CQTL_AM7754_FNF_Ankle_1.out 2> output/logs/mark_duplicates_CQTL_AM7754_FNF_Ankle_1.err

        samtools index output/dedup/CQTL_AM7754_FNF_Ankle_1_dedup.bam 1>> output/logs/mark_duplicates_CQTL_AM7754_FNF_Ankle_1.out 2>> output/logs/mark_duplicates_CQTL_AM7754_FNF_Ankle_1.err
        
        (one of the commands exited with non-zero exit code; note that snakemake uses bash strict mode!)
    cluster_jobid: 54538051

Error executing rule mark_duplicates on cluster (jobid: 427, external: 54538051, jobscript: /work/users/s/e/seyoun/CQTL_AI/.snakemake/tmp._i77jvrp/snakejob.mark_duplicates.427.sh). For error details see the cluster log and the log files of the involved rule(s).

[Wed Nov 20 09:31:44 2024]
rule mark_duplicates:
    input: output/align/CQTL_AM7717_CTL_Ankle_1_sorted.bam
    output: output/dedup/CQTL_AM7717_CTL_Ankle_1_dedup.bam, output/dedup/CQTL_AM7717_CTL_Ankle_1_dup_metrics.txt, output/dedup/CQTL_AM7717_CTL_Ankle_1_dedup.bai
    log: output/logs/mark_duplicates_CQTL_AM7717_CTL_Ankle_1.err, output/logs/mark_duplicates_CQTL_AM7717_CTL_Ankle_1.out
    jobid: 417
    wildcards: sampleName=CQTL_AM7717_CTL_Ankle_1


        module load java/17.0.2
        module load picard/2.26.11
        mkdir -p output/dedup

        java -Xmx16g -jar /nas/longleaf/apps/picard/2.26.11/picard-2.26.11/picard.jar MarkDuplicates             I=output/align/CQTL_AM7717_CTL_Ankle_1_sorted.bam             O=output/dedup/CQTL_AM7717_CTL_Ankle_1_dedup.bam             M=output/dedup/CQTL_AM7717_CTL_Ankle_1_dup_metrics.txt             REMOVE_DUPLICATES=true             1> output/logs/mark_duplicates_CQTL_AM7717_CTL_Ankle_1.out 2> output/logs/mark_duplicates_CQTL_AM7717_CTL_Ankle_1.err

        samtools index output/dedup/CQTL_AM7717_CTL_Ankle_1_dedup.bam 1>> output/logs/mark_duplicates_CQTL_AM7717_CTL_Ankle_1.out 2>> output/logs/mark_duplicates_CQTL_AM7717_CTL_Ankle_1.err
        
Submitted job 417 with external jobid '54538129'.
[Wed Nov 20 09:32:12 2024]
Error in rule mark_duplicates:
    jobid: 461
    output: output/dedup/FACT_23-0023_CTL_synovium_1_dedup.bam, output/dedup/FACT_23-0023_CTL_synovium_1_dup_metrics.txt, output/dedup/FACT_23-0023_CTL_synovium_1_dedup.bai
    log: output/logs/mark_duplicates_FACT_23-0023_CTL_synovium_1.err, output/logs/mark_duplicates_FACT_23-0023_CTL_synovium_1.out (check log file(s) for error message)
    shell:
        
        module load java/17.0.2
        module load picard/2.26.11
        mkdir -p output/dedup

        java -Xmx16g -jar /nas/longleaf/apps/picard/2.26.11/picard-2.26.11/picard.jar MarkDuplicates             I=output/align/FACT_23-0023_CTL_synovium_1_sorted.bam             O=output/dedup/FACT_23-0023_CTL_synovium_1_dedup.bam             M=output/dedup/FACT_23-0023_CTL_synovium_1_dup_metrics.txt             REMOVE_DUPLICATES=true             1> output/logs/mark_duplicates_FACT_23-0023_CTL_synovium_1.out 2> output/logs/mark_duplicates_FACT_23-0023_CTL_synovium_1.err

        samtools index output/dedup/FACT_23-0023_CTL_synovium_1_dedup.bam 1>> output/logs/mark_duplicates_FACT_23-0023_CTL_synovium_1.out 2>> output/logs/mark_duplicates_FACT_23-0023_CTL_synovium_1.err
        
        (one of the commands exited with non-zero exit code; note that snakemake uses bash strict mode!)
    cluster_jobid: 54538041

Error executing rule mark_duplicates on cluster (jobid: 461, external: 54538041, jobscript: /work/users/s/e/seyoun/CQTL_AI/.snakemake/tmp._i77jvrp/snakejob.mark_duplicates.461.sh). For error details see the cluster log and the log files of the involved rule(s).

[Wed Nov 20 09:32:55 2024]
rule mark_duplicates:
    input: output/align/CQTL_AM7754_CTL_Ankle_1_sorted.bam
    output: output/dedup/CQTL_AM7754_CTL_Ankle_1_dedup.bam, output/dedup/CQTL_AM7754_CTL_Ankle_1_dup_metrics.txt, output/dedup/CQTL_AM7754_CTL_Ankle_1_dedup.bai
    log: output/logs/mark_duplicates_CQTL_AM7754_CTL_Ankle_1.err, output/logs/mark_duplicates_CQTL_AM7754_CTL_Ankle_1.out
    jobid: 425
    wildcards: sampleName=CQTL_AM7754_CTL_Ankle_1


        module load java/17.0.2
        module load picard/2.26.11
        mkdir -p output/dedup

        java -Xmx16g -jar /nas/longleaf/apps/picard/2.26.11/picard-2.26.11/picard.jar MarkDuplicates             I=output/align/CQTL_AM7754_CTL_Ankle_1_sorted.bam             O=output/dedup/CQTL_AM7754_CTL_Ankle_1_dedup.bam             M=output/dedup/CQTL_AM7754_CTL_Ankle_1_dup_metrics.txt             REMOVE_DUPLICATES=true             1> output/logs/mark_duplicates_CQTL_AM7754_CTL_Ankle_1.out 2> output/logs/mark_duplicates_CQTL_AM7754_CTL_Ankle_1.err

        samtools index output/dedup/CQTL_AM7754_CTL_Ankle_1_dedup.bam 1>> output/logs/mark_duplicates_CQTL_AM7754_CTL_Ankle_1.out 2>> output/logs/mark_duplicates_CQTL_AM7754_CTL_Ankle_1.err
        
Submitted job 425 with external jobid '54538133'.
[Wed Nov 20 09:33:31 2024]
Error in rule mark_duplicates:
    jobid: 459
    output: output/dedup/FACT_23-0022_CTL_synovium_1_dedup.bam, output/dedup/FACT_23-0022_CTL_synovium_1_dup_metrics.txt, output/dedup/FACT_23-0022_CTL_synovium_1_dedup.bai
    log: output/logs/mark_duplicates_FACT_23-0022_CTL_synovium_1.err, output/logs/mark_duplicates_FACT_23-0022_CTL_synovium_1.out (check log file(s) for error message)
    shell:
        
        module load java/17.0.2
        module load picard/2.26.11
        mkdir -p output/dedup

        java -Xmx16g -jar /nas/longleaf/apps/picard/2.26.11/picard-2.26.11/picard.jar MarkDuplicates             I=output/align/FACT_23-0022_CTL_synovium_1_sorted.bam             O=output/dedup/FACT_23-0022_CTL_synovium_1_dedup.bam             M=output/dedup/FACT_23-0022_CTL_synovium_1_dup_metrics.txt             REMOVE_DUPLICATES=true             1> output/logs/mark_duplicates_FACT_23-0022_CTL_synovium_1.out 2> output/logs/mark_duplicates_FACT_23-0022_CTL_synovium_1.err

        samtools index output/dedup/FACT_23-0022_CTL_synovium_1_dedup.bam 1>> output/logs/mark_duplicates_FACT_23-0022_CTL_synovium_1.out 2>> output/logs/mark_duplicates_FACT_23-0022_CTL_synovium_1.err
        
        (one of the commands exited with non-zero exit code; note that snakemake uses bash strict mode!)
    cluster_jobid: 54538048

Error executing rule mark_duplicates on cluster (jobid: 459, external: 54538048, jobscript: /work/users/s/e/seyoun/CQTL_AI/.snakemake/tmp._i77jvrp/snakejob.mark_duplicates.459.sh). For error details see the cluster log and the log files of the involved rule(s).

[Wed Nov 20 09:33:47 2024]
rule mark_duplicates:
    input: output/align/CQTL_AM7754_CTL_Ankle_replicate_sorted.bam
    output: output/dedup/CQTL_AM7754_CTL_Ankle_replicate_dedup.bam, output/dedup/CQTL_AM7754_CTL_Ankle_replicate_dup_metrics.txt, output/dedup/CQTL_AM7754_CTL_Ankle_replicate_dedup.bai
    log: output/logs/mark_duplicates_CQTL_AM7754_CTL_Ankle_replicate.err, output/logs/mark_duplicates_CQTL_AM7754_CTL_Ankle_replicate.out
    jobid: 426
    wildcards: sampleName=CQTL_AM7754_CTL_Ankle_replicate


        module load java/17.0.2
        module load picard/2.26.11
        mkdir -p output/dedup

        java -Xmx16g -jar /nas/longleaf/apps/picard/2.26.11/picard-2.26.11/picard.jar MarkDuplicates             I=output/align/CQTL_AM7754_CTL_Ankle_replicate_sorted.bam             O=output/dedup/CQTL_AM7754_CTL_Ankle_replicate_dedup.bam             M=output/dedup/CQTL_AM7754_CTL_Ankle_replicate_dup_metrics.txt             REMOVE_DUPLICATES=true             1> output/logs/mark_duplicates_CQTL_AM7754_CTL_Ankle_replicate.out 2> output/logs/mark_duplicates_CQTL_AM7754_CTL_Ankle_replicate.err

        samtools index output/dedup/CQTL_AM7754_CTL_Ankle_replicate_dedup.bam 1>> output/logs/mark_duplicates_CQTL_AM7754_CTL_Ankle_replicate.out 2>> output/logs/mark_duplicates_CQTL_AM7754_CTL_Ankle_replicate.err
        
Submitted job 426 with external jobid '54538137'.

[Wed Nov 20 09:34:46 2024]
rule mark_duplicates:
    input: output/align/CQTL_AM7678_CTL_Ankle_1_sorted.bam
    output: output/dedup/CQTL_AM7678_CTL_Ankle_1_dedup.bam, output/dedup/CQTL_AM7678_CTL_Ankle_1_dup_metrics.txt, output/dedup/CQTL_AM7678_CTL_Ankle_1_dedup.bai
    log: output/logs/mark_duplicates_CQTL_AM7678_CTL_Ankle_1.err, output/logs/mark_duplicates_CQTL_AM7678_CTL_Ankle_1.out
    jobid: 409
    wildcards: sampleName=CQTL_AM7678_CTL_Ankle_1


        module load java/17.0.2
        module load picard/2.26.11
        mkdir -p output/dedup

        java -Xmx16g -jar /nas/longleaf/apps/picard/2.26.11/picard-2.26.11/picard.jar MarkDuplicates             I=output/align/CQTL_AM7678_CTL_Ankle_1_sorted.bam             O=output/dedup/CQTL_AM7678_CTL_Ankle_1_dedup.bam             M=output/dedup/CQTL_AM7678_CTL_Ankle_1_dup_metrics.txt             REMOVE_DUPLICATES=true             1> output/logs/mark_duplicates_CQTL_AM7678_CTL_Ankle_1.out 2> output/logs/mark_duplicates_CQTL_AM7678_CTL_Ankle_1.err

        samtools index output/dedup/CQTL_AM7678_CTL_Ankle_1_dedup.bam 1>> output/logs/mark_duplicates_CQTL_AM7678_CTL_Ankle_1.out 2>> output/logs/mark_duplicates_CQTL_AM7678_CTL_Ankle_1.err
        
Submitted job 409 with external jobid '54538139'.

[Wed Nov 20 09:35:36 2024]
rule mark_duplicates:
    input: output/align/CQTL_AM7781_FNF_Ankle_1_sorted.bam
    output: output/dedup/CQTL_AM7781_FNF_Ankle_1_dedup.bam, output/dedup/CQTL_AM7781_FNF_Ankle_1_dup_metrics.txt, output/dedup/CQTL_AM7781_FNF_Ankle_1_dedup.bai
    log: output/logs/mark_duplicates_CQTL_AM7781_FNF_Ankle_1.err, output/logs/mark_duplicates_CQTL_AM7781_FNF_Ankle_1.out
    jobid: 450
    wildcards: sampleName=CQTL_AM7781_FNF_Ankle_1


        module load java/17.0.2
        module load picard/2.26.11
        mkdir -p output/dedup

        java -Xmx16g -jar /nas/longleaf/apps/picard/2.26.11/picard-2.26.11/picard.jar MarkDuplicates             I=output/align/CQTL_AM7781_FNF_Ankle_1_sorted.bam             O=output/dedup/CQTL_AM7781_FNF_Ankle_1_dedup.bam             M=output/dedup/CQTL_AM7781_FNF_Ankle_1_dup_metrics.txt             REMOVE_DUPLICATES=true             1> output/logs/mark_duplicates_CQTL_AM7781_FNF_Ankle_1.out 2> output/logs/mark_duplicates_CQTL_AM7781_FNF_Ankle_1.err

        samtools index output/dedup/CQTL_AM7781_FNF_Ankle_1_dedup.bam 1>> output/logs/mark_duplicates_CQTL_AM7781_FNF_Ankle_1.out 2>> output/logs/mark_duplicates_CQTL_AM7781_FNF_Ankle_1.err
        
Submitted job 450 with external jobid '54538144'.

[Wed Nov 20 09:36:36 2024]
rule mark_duplicates:
    input: output/align/CQTL_AM7785_FNF_Ankle_1_sorted.bam
    output: output/dedup/CQTL_AM7785_FNF_Ankle_1_dedup.bam, output/dedup/CQTL_AM7785_FNF_Ankle_1_dup_metrics.txt, output/dedup/CQTL_AM7785_FNF_Ankle_1_dedup.bai
    log: output/logs/mark_duplicates_CQTL_AM7785_FNF_Ankle_1.err, output/logs/mark_duplicates_CQTL_AM7785_FNF_Ankle_1.out
    jobid: 452
    wildcards: sampleName=CQTL_AM7785_FNF_Ankle_1


        module load java/17.0.2
        module load picard/2.26.11
        mkdir -p output/dedup

        java -Xmx16g -jar /nas/longleaf/apps/picard/2.26.11/picard-2.26.11/picard.jar MarkDuplicates             I=output/align/CQTL_AM7785_FNF_Ankle_1_sorted.bam             O=output/dedup/CQTL_AM7785_FNF_Ankle_1_dedup.bam             M=output/dedup/CQTL_AM7785_FNF_Ankle_1_dup_metrics.txt             REMOVE_DUPLICATES=true             1> output/logs/mark_duplicates_CQTL_AM7785_FNF_Ankle_1.out 2> output/logs/mark_duplicates_CQTL_AM7785_FNF_Ankle_1.err

        samtools index output/dedup/CQTL_AM7785_FNF_Ankle_1_dedup.bam 1>> output/logs/mark_duplicates_CQTL_AM7785_FNF_Ankle_1.out 2>> output/logs/mark_duplicates_CQTL_AM7785_FNF_Ankle_1.err
        
Submitted job 452 with external jobid '54538227'.
[Wed Nov 20 09:37:15 2024]
Error in rule mark_duplicates:
    jobid: 414
    output: output/dedup/CQTL_AM7711_FNF_Ankle_1_dedup.bam, output/dedup/CQTL_AM7711_FNF_Ankle_1_dup_metrics.txt, output/dedup/CQTL_AM7711_FNF_Ankle_1_dedup.bai
    log: output/logs/mark_duplicates_CQTL_AM7711_FNF_Ankle_1.err, output/logs/mark_duplicates_CQTL_AM7711_FNF_Ankle_1.out (check log file(s) for error message)
    shell:
        
        module load java/17.0.2
        module load picard/2.26.11
        mkdir -p output/dedup

        java -Xmx16g -jar /nas/longleaf/apps/picard/2.26.11/picard-2.26.11/picard.jar MarkDuplicates             I=output/align/CQTL_AM7711_FNF_Ankle_1_sorted.bam             O=output/dedup/CQTL_AM7711_FNF_Ankle_1_dedup.bam             M=output/dedup/CQTL_AM7711_FNF_Ankle_1_dup_metrics.txt             REMOVE_DUPLICATES=true             1> output/logs/mark_duplicates_CQTL_AM7711_FNF_Ankle_1.out 2> output/logs/mark_duplicates_CQTL_AM7711_FNF_Ankle_1.err

        samtools index output/dedup/CQTL_AM7711_FNF_Ankle_1_dedup.bam 1>> output/logs/mark_duplicates_CQTL_AM7711_FNF_Ankle_1.out 2>> output/logs/mark_duplicates_CQTL_AM7711_FNF_Ankle_1.err
        
        (one of the commands exited with non-zero exit code; note that snakemake uses bash strict mode!)
    cluster_jobid: 54538056

Error executing rule mark_duplicates on cluster (jobid: 414, external: 54538056, jobscript: /work/users/s/e/seyoun/CQTL_AI/.snakemake/tmp._i77jvrp/snakejob.mark_duplicates.414.sh). For error details see the cluster log and the log files of the involved rule(s).

[Wed Nov 20 09:37:46 2024]
rule mark_duplicates:
    input: output/align/FACT_23-0023_FNF_synovium_1_sorted.bam
    output: output/dedup/FACT_23-0023_FNF_synovium_1_dedup.bam, output/dedup/FACT_23-0023_FNF_synovium_1_dup_metrics.txt, output/dedup/FACT_23-0023_FNF_synovium_1_dedup.bai
    log: output/logs/mark_duplicates_FACT_23-0023_FNF_synovium_1.err, output/logs/mark_duplicates_FACT_23-0023_FNF_synovium_1.out
    jobid: 462
    wildcards: sampleName=FACT_23-0023_FNF_synovium_1


        module load java/17.0.2
        module load picard/2.26.11
        mkdir -p output/dedup

        java -Xmx16g -jar /nas/longleaf/apps/picard/2.26.11/picard-2.26.11/picard.jar MarkDuplicates             I=output/align/FACT_23-0023_FNF_synovium_1_sorted.bam             O=output/dedup/FACT_23-0023_FNF_synovium_1_dedup.bam             M=output/dedup/FACT_23-0023_FNF_synovium_1_dup_metrics.txt             REMOVE_DUPLICATES=true             1> output/logs/mark_duplicates_FACT_23-0023_FNF_synovium_1.out 2> output/logs/mark_duplicates_FACT_23-0023_FNF_synovium_1.err

        samtools index output/dedup/FACT_23-0023_FNF_synovium_1_dedup.bam 1>> output/logs/mark_duplicates_FACT_23-0023_FNF_synovium_1.out 2>> output/logs/mark_duplicates_FACT_23-0023_FNF_synovium_1.err
        
[Wed Nov 20 09:37:58 2024]
Error in rule mark_duplicates:
    jobid: 420
    output: output/dedup/CQTL_AM7726_FNF_Ankle_1_dedup.bam, output/dedup/CQTL_AM7726_FNF_Ankle_1_dup_metrics.txt, output/dedup/CQTL_AM7726_FNF_Ankle_1_dedup.bai
    log: output/logs/mark_duplicates_CQTL_AM7726_FNF_Ankle_1.err, output/logs/mark_duplicates_CQTL_AM7726_FNF_Ankle_1.out (check log file(s) for error message)
    shell:
        
        module load java/17.0.2
        module load picard/2.26.11
        mkdir -p output/dedup

        java -Xmx16g -jar /nas/longleaf/apps/picard/2.26.11/picard-2.26.11/picard.jar MarkDuplicates             I=output/align/CQTL_AM7726_FNF_Ankle_1_sorted.bam             O=output/dedup/CQTL_AM7726_FNF_Ankle_1_dedup.bam             M=output/dedup/CQTL_AM7726_FNF_Ankle_1_dup_metrics.txt             REMOVE_DUPLICATES=true             1> output/logs/mark_duplicates_CQTL_AM7726_FNF_Ankle_1.out 2> output/logs/mark_duplicates_CQTL_AM7726_FNF_Ankle_1.err

        samtools index output/dedup/CQTL_AM7726_FNF_Ankle_1_dedup.bam 1>> output/logs/mark_duplicates_CQTL_AM7726_FNF_Ankle_1.out 2>> output/logs/mark_duplicates_CQTL_AM7726_FNF_Ankle_1.err
        
        (one of the commands exited with non-zero exit code; note that snakemake uses bash strict mode!)
    cluster_jobid: 54538037

Error executing rule mark_duplicates on cluster (jobid: 420, external: 54538037, jobscript: /work/users/s/e/seyoun/CQTL_AI/.snakemake/tmp._i77jvrp/snakejob.mark_duplicates.420.sh). For error details see the cluster log and the log files of the involved rule(s).
Submitted job 462 with external jobid '54538236'.

[Wed Nov 20 09:39:18 2024]
rule mark_duplicates:
    input: output/align/CQTL_AM7769_FNF_Ankle_1_sorted.bam
    output: output/dedup/CQTL_AM7769_FNF_Ankle_1_dedup.bam, output/dedup/CQTL_AM7769_FNF_Ankle_1_dup_metrics.txt, output/dedup/CQTL_AM7769_FNF_Ankle_1_dedup.bai
    log: output/logs/mark_duplicates_CQTL_AM7769_FNF_Ankle_1.err, output/logs/mark_duplicates_CQTL_AM7769_FNF_Ankle_1.out
    jobid: 438
    wildcards: sampleName=CQTL_AM7769_FNF_Ankle_1


        module load java/17.0.2
        module load picard/2.26.11
        mkdir -p output/dedup

        java -Xmx16g -jar /nas/longleaf/apps/picard/2.26.11/picard-2.26.11/picard.jar MarkDuplicates             I=output/align/CQTL_AM7769_FNF_Ankle_1_sorted.bam             O=output/dedup/CQTL_AM7769_FNF_Ankle_1_dedup.bam             M=output/dedup/CQTL_AM7769_FNF_Ankle_1_dup_metrics.txt             REMOVE_DUPLICATES=true             1> output/logs/mark_duplicates_CQTL_AM7769_FNF_Ankle_1.out 2> output/logs/mark_duplicates_CQTL_AM7769_FNF_Ankle_1.err

        samtools index output/dedup/CQTL_AM7769_FNF_Ankle_1_dedup.bam 1>> output/logs/mark_duplicates_CQTL_AM7769_FNF_Ankle_1.out 2>> output/logs/mark_duplicates_CQTL_AM7769_FNF_Ankle_1.err
        
Submitted job 438 with external jobid '54538246'.
[Wed Nov 20 09:39:32 2024]
Error in rule mark_duplicates:
    jobid: 410
    output: output/dedup/CQTL_AM7678_FNF_Ankle_1_dedup.bam, output/dedup/CQTL_AM7678_FNF_Ankle_1_dup_metrics.txt, output/dedup/CQTL_AM7678_FNF_Ankle_1_dedup.bai
    log: output/logs/mark_duplicates_CQTL_AM7678_FNF_Ankle_1.err, output/logs/mark_duplicates_CQTL_AM7678_FNF_Ankle_1.out (check log file(s) for error message)
    shell:
        
        module load java/17.0.2
        module load picard/2.26.11
        mkdir -p output/dedup

        java -Xmx16g -jar /nas/longleaf/apps/picard/2.26.11/picard-2.26.11/picard.jar MarkDuplicates             I=output/align/CQTL_AM7678_FNF_Ankle_1_sorted.bam             O=output/dedup/CQTL_AM7678_FNF_Ankle_1_dedup.bam             M=output/dedup/CQTL_AM7678_FNF_Ankle_1_dup_metrics.txt             REMOVE_DUPLICATES=true             1> output/logs/mark_duplicates_CQTL_AM7678_FNF_Ankle_1.out 2> output/logs/mark_duplicates_CQTL_AM7678_FNF_Ankle_1.err

        samtools index output/dedup/CQTL_AM7678_FNF_Ankle_1_dedup.bam 1>> output/logs/mark_duplicates_CQTL_AM7678_FNF_Ankle_1.out 2>> output/logs/mark_duplicates_CQTL_AM7678_FNF_Ankle_1.err
        
        (one of the commands exited with non-zero exit code; note that snakemake uses bash strict mode!)
    cluster_jobid: 54538046

Error executing rule mark_duplicates on cluster (jobid: 410, external: 54538046, jobscript: /work/users/s/e/seyoun/CQTL_AI/.snakemake/tmp._i77jvrp/snakejob.mark_duplicates.410.sh). For error details see the cluster log and the log files of the involved rule(s).

[Wed Nov 20 09:39:55 2024]
rule mark_duplicates:
    input: output/align/CQTL_AM7763_FNF_Ankle_1_sorted.bam
    output: output/dedup/CQTL_AM7763_FNF_Ankle_1_dedup.bam, output/dedup/CQTL_AM7763_FNF_Ankle_1_dup_metrics.txt, output/dedup/CQTL_AM7763_FNF_Ankle_1_dedup.bai
    log: output/logs/mark_duplicates_CQTL_AM7763_FNF_Ankle_1.err, output/logs/mark_duplicates_CQTL_AM7763_FNF_Ankle_1.out
    jobid: 434
    wildcards: sampleName=CQTL_AM7763_FNF_Ankle_1


        module load java/17.0.2
        module load picard/2.26.11
        mkdir -p output/dedup

        java -Xmx16g -jar /nas/longleaf/apps/picard/2.26.11/picard-2.26.11/picard.jar MarkDuplicates             I=output/align/CQTL_AM7763_FNF_Ankle_1_sorted.bam             O=output/dedup/CQTL_AM7763_FNF_Ankle_1_dedup.bam             M=output/dedup/CQTL_AM7763_FNF_Ankle_1_dup_metrics.txt             REMOVE_DUPLICATES=true             1> output/logs/mark_duplicates_CQTL_AM7763_FNF_Ankle_1.out 2> output/logs/mark_duplicates_CQTL_AM7763_FNF_Ankle_1.err

        samtools index output/dedup/CQTL_AM7763_FNF_Ankle_1_dedup.bam 1>> output/logs/mark_duplicates_CQTL_AM7763_FNF_Ankle_1.out 2>> output/logs/mark_duplicates_CQTL_AM7763_FNF_Ankle_1.err
        
