Building DAG of jobs...
Using shell: /usr/bin/bash
Provided cluster nodes: 100
Job counts:
	count	jobs
	1	all
	58	catReads
	58	trim
	117

[Wed Sep 18 15:43:50 2024]
rule catReads:
    input: /proj/phanstiel_lab/Data/raw/CQTL/atac/02132023_nextseq_i7/CQTL_AM7712_A_FNF_18_1_S4_R1_001.fastq.gz, /proj/phanstiel_lab/Data/raw/CQTL/atac/02132023_nextseq_i7/CQTL_AM7712_A_FNF_18_1_S4_R2_001.fastq.gz
    output: output/fastq/CQTL_AM7712_FNF_Ankle_1_R1.fastq.gz, output/fastq/CQTL_AM7712_FNF_Ankle_1_R2.fastq.gz
    log: output/logs/CQTL_AM7712_FNF_Ankle_1_R1_catReads.err, output/logs/CQTL_AM7712_FNF_Ankle_1_R2_catReads.err
    jobid: 68
    benchmark: output/benchmarks/CQTL_AM7712_FNF_Ankle_1_catReads.tsv
    wildcards: sampleName=CQTL_AM7712_FNF_Ankle_1


        cat /proj/phanstiel_lab/Data/raw/CQTL/atac/02132023_nextseq_i7/CQTL_AM7712_A_FNF_18_1_S4_R1_001.fastq.gz > output/fastq/CQTL_AM7712_FNF_Ankle_1_R1.fastq.gz 2> output/logs/CQTL_AM7712_FNF_Ankle_1_R1_catReads.err
        cat /proj/phanstiel_lab/Data/raw/CQTL/atac/02132023_nextseq_i7/CQTL_AM7712_A_FNF_18_1_S4_R2_001.fastq.gz > output/fastq/CQTL_AM7712_FNF_Ankle_1_R2.fastq.gz 2> output/logs/CQTL_AM7712_FNF_Ankle_1_R2_catReads.err
        
Submitted job 68 with external jobid '49269018'.

[Wed Sep 18 15:43:56 2024]
rule catReads:
    input: /proj/phanstiel_lab/Data/raw/CQTL/atac/06232023_nextseq_i7/CQTL_AM7765_A_CTL_18_1_S1_R1_001.fastq.gz, /proj/phanstiel_lab/Data/raw/CQTL/atac/06232023_nextseq_i7/CQTL_AM7765_A_CTL_18_1_S1_R2_001.fastq.gz
    output: output/fastq/CQTL_AM7765_CTL_Ankle_1_R1.fastq.gz, output/fastq/CQTL_AM7765_CTL_Ankle_1_R2.fastq.gz
    log: output/logs/CQTL_AM7765_CTL_Ankle_1_R1_catReads.err, output/logs/CQTL_AM7765_CTL_Ankle_1_R2_catReads.err
    jobid: 87
    benchmark: output/benchmarks/CQTL_AM7765_CTL_Ankle_1_catReads.tsv
    wildcards: sampleName=CQTL_AM7765_CTL_Ankle_1


        cat /proj/phanstiel_lab/Data/raw/CQTL/atac/06232023_nextseq_i7/CQTL_AM7765_A_CTL_18_1_S1_R1_001.fastq.gz > output/fastq/CQTL_AM7765_CTL_Ankle_1_R1.fastq.gz 2> output/logs/CQTL_AM7765_CTL_Ankle_1_R1_catReads.err
        cat /proj/phanstiel_lab/Data/raw/CQTL/atac/06232023_nextseq_i7/CQTL_AM7765_A_CTL_18_1_S1_R2_001.fastq.gz > output/fastq/CQTL_AM7765_CTL_Ankle_1_R2.fastq.gz 2> output/logs/CQTL_AM7765_CTL_Ankle_1_R2_catReads.err
        
Submitted job 87 with external jobid '49269020'.

[Wed Sep 18 15:44:01 2024]
rule catReads:
    input: /proj/phanstiel_lab/Data/raw/CQTL/atac/02132023_nextseq_i7/CQTL_AM7712_A_CTL_18_1_S3_R1_001.fastq.gz, /proj/phanstiel_lab/Data/raw/CQTL/atac/02132023_nextseq_i7/CQTL_AM7712_A_CTL_18_1_S3_R2_001.fastq.gz
    output: output/fastq/CQTL_AM7712_CTL_Ankle_1_R1.fastq.gz, output/fastq/CQTL_AM7712_CTL_Ankle_1_R2.fastq.gz
    log: output/logs/CQTL_AM7712_CTL_Ankle_1_R1_catReads.err, output/logs/CQTL_AM7712_CTL_Ankle_1_R2_catReads.err
    jobid: 67
    benchmark: output/benchmarks/CQTL_AM7712_CTL_Ankle_1_catReads.tsv
    wildcards: sampleName=CQTL_AM7712_CTL_Ankle_1


        cat /proj/phanstiel_lab/Data/raw/CQTL/atac/02132023_nextseq_i7/CQTL_AM7712_A_CTL_18_1_S3_R1_001.fastq.gz > output/fastq/CQTL_AM7712_CTL_Ankle_1_R1.fastq.gz 2> output/logs/CQTL_AM7712_CTL_Ankle_1_R1_catReads.err
        cat /proj/phanstiel_lab/Data/raw/CQTL/atac/02132023_nextseq_i7/CQTL_AM7712_A_CTL_18_1_S3_R2_001.fastq.gz > output/fastq/CQTL_AM7712_CTL_Ankle_1_R2.fastq.gz 2> output/logs/CQTL_AM7712_CTL_Ankle_1_R2_catReads.err
        
Submitted job 67 with external jobid '49269619'.

[Wed Sep 18 15:44:06 2024]
rule catReads:
    input: /proj/phanstiel_lab/Data/raw/CQTL/atac/06232023_nextseq_i7/CQTL_AM7769_A_FNF_18_1_S4_R1_001.fastq.gz, /proj/phanstiel_lab/Data/raw/CQTL/atac/06232023_nextseq_i7/CQTL_AM7769_A_FNF_18_1_S4_R2_001.fastq.gz
    output: output/fastq/CQTL_AM7769_FNF_Ankle_1_R1.fastq.gz, output/fastq/CQTL_AM7769_FNF_Ankle_1_R2.fastq.gz
    log: output/logs/CQTL_AM7769_FNF_Ankle_1_R1_catReads.err, output/logs/CQTL_AM7769_FNF_Ankle_1_R2_catReads.err
    jobid: 90
    benchmark: output/benchmarks/CQTL_AM7769_FNF_Ankle_1_catReads.tsv
    wildcards: sampleName=CQTL_AM7769_FNF_Ankle_1


        cat /proj/phanstiel_lab/Data/raw/CQTL/atac/06232023_nextseq_i7/CQTL_AM7769_A_FNF_18_1_S4_R1_001.fastq.gz > output/fastq/CQTL_AM7769_FNF_Ankle_1_R1.fastq.gz 2> output/logs/CQTL_AM7769_FNF_Ankle_1_R1_catReads.err
        cat /proj/phanstiel_lab/Data/raw/CQTL/atac/06232023_nextseq_i7/CQTL_AM7769_A_FNF_18_1_S4_R2_001.fastq.gz > output/fastq/CQTL_AM7769_FNF_Ankle_1_R2.fastq.gz 2> output/logs/CQTL_AM7769_FNF_Ankle_1_R2_catReads.err
        
Submitted job 90 with external jobid '49269620'.

[Wed Sep 18 15:44:11 2024]
rule catReads:
    input: /proj/phanstiel_lab/Data/raw/CQTL/atac/12072022_nextseq_i7/fastq/CQTL_AM7679_A_CTL_18_1_S5_R1_001.fastq.gz, /proj/phanstiel_lab/Data/raw/CQTL/atac/12072022_nextseq_i7/fastq/CQTL_AM7679_A_CTL_18_1_S5_R2_001.fastq.gz
    output: output/fastq/CQTL_AM7679_CTL_Ankle_1_R1.fastq.gz, output/fastq/CQTL_AM7679_CTL_Ankle_1_R2.fastq.gz
    log: output/logs/CQTL_AM7679_CTL_Ankle_1_R1_catReads.err, output/logs/CQTL_AM7679_CTL_Ankle_1_R2_catReads.err
    jobid: 63
    benchmark: output/benchmarks/CQTL_AM7679_CTL_Ankle_1_catReads.tsv
    wildcards: sampleName=CQTL_AM7679_CTL_Ankle_1


        cat /proj/phanstiel_lab/Data/raw/CQTL/atac/12072022_nextseq_i7/fastq/CQTL_AM7679_A_CTL_18_1_S5_R1_001.fastq.gz > output/fastq/CQTL_AM7679_CTL_Ankle_1_R1.fastq.gz 2> output/logs/CQTL_AM7679_CTL_Ankle_1_R1_catReads.err
        cat /proj/phanstiel_lab/Data/raw/CQTL/atac/12072022_nextseq_i7/fastq/CQTL_AM7679_A_CTL_18_1_S5_R2_001.fastq.gz > output/fastq/CQTL_AM7679_CTL_Ankle_1_R2.fastq.gz 2> output/logs/CQTL_AM7679_CTL_Ankle_1_R2_catReads.err
        
Submitted job 63 with external jobid '49269722'.

[Wed Sep 18 15:44:17 2024]
rule catReads:
    input: /proj/phanstiel_lab/Data/raw/CQTL/atac/12072022_nextseq_i7/fastq/CQTL_AM7678_A_CTL_18_1_S3_R1_001.fastq.gz, /proj/phanstiel_lab/Data/raw/CQTL/atac/12072022_nextseq_i7/fastq/CQTL_AM7678_A_CTL_18_1_S3_R2_001.fastq.gz
    output: output/fastq/CQTL_AM7678_CTL_Ankle_1_R1.fastq.gz, output/fastq/CQTL_AM7678_CTL_Ankle_1_R2.fastq.gz
    log: output/logs/CQTL_AM7678_CTL_Ankle_1_R1_catReads.err, output/logs/CQTL_AM7678_CTL_Ankle_1_R2_catReads.err
    jobid: 61
    benchmark: output/benchmarks/CQTL_AM7678_CTL_Ankle_1_catReads.tsv
    wildcards: sampleName=CQTL_AM7678_CTL_Ankle_1


        cat /proj/phanstiel_lab/Data/raw/CQTL/atac/12072022_nextseq_i7/fastq/CQTL_AM7678_A_CTL_18_1_S3_R1_001.fastq.gz > output/fastq/CQTL_AM7678_CTL_Ankle_1_R1.fastq.gz 2> output/logs/CQTL_AM7678_CTL_Ankle_1_R1_catReads.err
        cat /proj/phanstiel_lab/Data/raw/CQTL/atac/12072022_nextseq_i7/fastq/CQTL_AM7678_A_CTL_18_1_S3_R2_001.fastq.gz > output/fastq/CQTL_AM7678_CTL_Ankle_1_R2.fastq.gz 2> output/logs/CQTL_AM7678_CTL_Ankle_1_R2_catReads.err
        
Submitted job 61 with external jobid '49269723'.

[Wed Sep 18 15:44:23 2024]
rule catReads:
    input: /proj/phanstiel_lab/Data/raw/CQTL/atac/02132023_nextseq_i7/CQTL_AM7711_A_FNF_18_1_S2_R1_001.fastq.gz, /proj/phanstiel_lab/Data/raw/CQTL/atac/02132023_nextseq_i7/CQTL_AM7711_A_FNF_18_1_S2_R2_001.fastq.gz
    output: output/fastq/CQTL_AM7711_FNF_Ankle_1_R1.fastq.gz, output/fastq/CQTL_AM7711_FNF_Ankle_1_R2.fastq.gz
    log: output/logs/CQTL_AM7711_FNF_Ankle_1_R1_catReads.err, output/logs/CQTL_AM7711_FNF_Ankle_1_R2_catReads.err
    jobid: 66
    benchmark: output/benchmarks/CQTL_AM7711_FNF_Ankle_1_catReads.tsv
    wildcards: sampleName=CQTL_AM7711_FNF_Ankle_1


        cat /proj/phanstiel_lab/Data/raw/CQTL/atac/02132023_nextseq_i7/CQTL_AM7711_A_FNF_18_1_S2_R1_001.fastq.gz > output/fastq/CQTL_AM7711_FNF_Ankle_1_R1.fastq.gz 2> output/logs/CQTL_AM7711_FNF_Ankle_1_R1_catReads.err
        cat /proj/phanstiel_lab/Data/raw/CQTL/atac/02132023_nextseq_i7/CQTL_AM7711_A_FNF_18_1_S2_R2_001.fastq.gz > output/fastq/CQTL_AM7711_FNF_Ankle_1_R2.fastq.gz 2> output/logs/CQTL_AM7711_FNF_Ankle_1_R2_catReads.err
        
Submitted job 66 with external jobid '49269846'.

[Wed Sep 18 15:44:28 2024]
rule catReads:
    input: /proj/phanstiel_lab/Data/raw/CQTL/atac/06232023_nextseq_i7/CQTL_AM7769_A_CTL_18_2_S3_R1_001.fastq.gz, /proj/phanstiel_lab/Data/raw/CQTL/atac/06232023_nextseq_i7/CQTL_AM7769_A_CTL_18_2_S3_R2_001.fastq.gz
    output: output/fastq/CQTL_AM7769_CTL_Ankle_1_R1.fastq.gz, output/fastq/CQTL_AM7769_CTL_Ankle_1_R2.fastq.gz
    log: output/logs/CQTL_AM7769_CTL_Ankle_1_R1_catReads.err, output/logs/CQTL_AM7769_CTL_Ankle_1_R2_catReads.err
    jobid: 89
    benchmark: output/benchmarks/CQTL_AM7769_CTL_Ankle_1_catReads.tsv
    wildcards: sampleName=CQTL_AM7769_CTL_Ankle_1


        cat /proj/phanstiel_lab/Data/raw/CQTL/atac/06232023_nextseq_i7/CQTL_AM7769_A_CTL_18_2_S3_R1_001.fastq.gz > output/fastq/CQTL_AM7769_CTL_Ankle_1_R1.fastq.gz 2> output/logs/CQTL_AM7769_CTL_Ankle_1_R1_catReads.err
        cat /proj/phanstiel_lab/Data/raw/CQTL/atac/06232023_nextseq_i7/CQTL_AM7769_A_CTL_18_2_S3_R2_001.fastq.gz > output/fastq/CQTL_AM7769_CTL_Ankle_1_R2.fastq.gz 2> output/logs/CQTL_AM7769_CTL_Ankle_1_R2_catReads.err
        
Submitted job 89 with external jobid '49269847'.

[Wed Sep 18 15:44:33 2024]
rule catReads:
    input: /proj/phanstiel_lab/Data/raw/CQTL/atac/08022023_nextseq_i7/CQTL_AM7785_A_FNF_18_2_S2_R1_001.fastq.gz, /proj/phanstiel_lab/Data/raw/CQTL/atac/08022023_nextseq_i7/CQTL_AM7785_A_FNF_18_2_S2_R2_001.fastq.gz
    output: output/fastq/CQTL_AM7785_FNF_Ankle_1_R1.fastq.gz, output/fastq/CQTL_AM7785_FNF_Ankle_1_R2.fastq.gz
    log: output/logs/CQTL_AM7785_FNF_Ankle_1_R1_catReads.err, output/logs/CQTL_AM7785_FNF_Ankle_1_R2_catReads.err
    jobid: 102
    benchmark: output/benchmarks/CQTL_AM7785_FNF_Ankle_1_catReads.tsv
    wildcards: sampleName=CQTL_AM7785_FNF_Ankle_1


        cat /proj/phanstiel_lab/Data/raw/CQTL/atac/08022023_nextseq_i7/CQTL_AM7785_A_FNF_18_2_S2_R1_001.fastq.gz > output/fastq/CQTL_AM7785_FNF_Ankle_1_R1.fastq.gz 2> output/logs/CQTL_AM7785_FNF_Ankle_1_R1_catReads.err
        cat /proj/phanstiel_lab/Data/raw/CQTL/atac/08022023_nextseq_i7/CQTL_AM7785_A_FNF_18_2_S2_R2_001.fastq.gz > output/fastq/CQTL_AM7785_FNF_Ankle_1_R2.fastq.gz 2> output/logs/CQTL_AM7785_FNF_Ankle_1_R2_catReads.err
        
Submitted job 102 with external jobid '49269848'.

[Wed Sep 18 15:44:38 2024]
rule catReads:
    input: /proj/phanstiel_lab/Data/raw/CQTL/atac/08022023_nextseq_i7/CQTL_AM7786_A_FNF_18_1_S4_R1_001.fastq.gz, /proj/phanstiel_lab/Data/raw/CQTL/atac/08022023_nextseq_i7/CQTL_AM7786_A_FNF_18_1_S4_R2_001.fastq.gz
    output: output/fastq/CQTL_AM7786_FNF_Ankle_1_R1.fastq.gz, output/fastq/CQTL_AM7786_FNF_Ankle_1_R2.fastq.gz
    log: output/logs/CQTL_AM7786_FNF_Ankle_1_R1_catReads.err, output/logs/CQTL_AM7786_FNF_Ankle_1_R2_catReads.err
    jobid: 104
    benchmark: output/benchmarks/CQTL_AM7786_FNF_Ankle_1_catReads.tsv
    wildcards: sampleName=CQTL_AM7786_FNF_Ankle_1


        cat /proj/phanstiel_lab/Data/raw/CQTL/atac/08022023_nextseq_i7/CQTL_AM7786_A_FNF_18_1_S4_R1_001.fastq.gz > output/fastq/CQTL_AM7786_FNF_Ankle_1_R1.fastq.gz 2> output/logs/CQTL_AM7786_FNF_Ankle_1_R1_catReads.err
        cat /proj/phanstiel_lab/Data/raw/CQTL/atac/08022023_nextseq_i7/CQTL_AM7786_A_FNF_18_1_S4_R2_001.fastq.gz > output/fastq/CQTL_AM7786_FNF_Ankle_1_R2.fastq.gz 2> output/logs/CQTL_AM7786_FNF_Ankle_1_R2_catReads.err
        
Submitted job 104 with external jobid '49269849'.

[Wed Sep 18 15:44:43 2024]
rule catReads:
    input: /proj/phanstiel_lab/Data/raw/CQTL/atac/02132023_nextseq_i7/CQTL_AM7711_A_CTL_18_1_S1_R1_001.fastq.gz, /proj/phanstiel_lab/Data/raw/CQTL/atac/02132023_nextseq_i7/CQTL_AM7711_A_CTL_18_1_S1_R2_001.fastq.gz
    output: output/fastq/CQTL_AM7711_CTL_Ankle_1_R1.fastq.gz, output/fastq/CQTL_AM7711_CTL_Ankle_1_R2.fastq.gz
    log: output/logs/CQTL_AM7711_CTL_Ankle_1_R1_catReads.err, output/logs/CQTL_AM7711_CTL_Ankle_1_R2_catReads.err
    jobid: 65
    benchmark: output/benchmarks/CQTL_AM7711_CTL_Ankle_1_catReads.tsv
    wildcards: sampleName=CQTL_AM7711_CTL_Ankle_1


        cat /proj/phanstiel_lab/Data/raw/CQTL/atac/02132023_nextseq_i7/CQTL_AM7711_A_CTL_18_1_S1_R1_001.fastq.gz > output/fastq/CQTL_AM7711_CTL_Ankle_1_R1.fastq.gz 2> output/logs/CQTL_AM7711_CTL_Ankle_1_R1_catReads.err
        cat /proj/phanstiel_lab/Data/raw/CQTL/atac/02132023_nextseq_i7/CQTL_AM7711_A_CTL_18_1_S1_R2_001.fastq.gz > output/fastq/CQTL_AM7711_CTL_Ankle_1_R2.fastq.gz 2> output/logs/CQTL_AM7711_CTL_Ankle_1_R2_catReads.err
        
Submitted job 65 with external jobid '49269898'.

[Wed Sep 18 15:44:48 2024]
rule catReads:
    input: /proj/phanstiel_lab/Data/raw/CQTL/atac/07182023_nextseq_i7/CQTL_AM7780_A_FNF_18_2_S2_R1_001.fastq.gz, /proj/phanstiel_lab/Data/raw/CQTL/atac/07182023_nextseq_i7/CQTL_AM7780_A_FNF_18_2_S2_R2_001.fastq.gz
    output: output/fastq/CQTL_AM7780_FNF_Ankle_1_R1.fastq.gz, output/fastq/CQTL_AM7780_FNF_Ankle_1_R2.fastq.gz
    log: output/logs/CQTL_AM7780_FNF_Ankle_1_R1_catReads.err, output/logs/CQTL_AM7780_FNF_Ankle_1_R2_catReads.err
    jobid: 98
    benchmark: output/benchmarks/CQTL_AM7780_FNF_Ankle_1_catReads.tsv
    wildcards: sampleName=CQTL_AM7780_FNF_Ankle_1


        cat /proj/phanstiel_lab/Data/raw/CQTL/atac/07182023_nextseq_i7/CQTL_AM7780_A_FNF_18_2_S2_R1_001.fastq.gz > output/fastq/CQTL_AM7780_FNF_Ankle_1_R1.fastq.gz 2> output/logs/CQTL_AM7780_FNF_Ankle_1_R1_catReads.err
        cat /proj/phanstiel_lab/Data/raw/CQTL/atac/07182023_nextseq_i7/CQTL_AM7780_A_FNF_18_2_S2_R2_001.fastq.gz > output/fastq/CQTL_AM7780_FNF_Ankle_1_R2.fastq.gz 2> output/logs/CQTL_AM7780_FNF_Ankle_1_R2_catReads.err
        
Submitted job 98 with external jobid '49269901'.

[Wed Sep 18 15:44:53 2024]
rule catReads:
    input: /proj/phanstiel_lab/Data/raw/CQTL/atac/08022023_nextseq_i7/CQTL_AM7785_A_CTL_18_2_S1_R1_001.fastq.gz, /proj/phanstiel_lab/Data/raw/CQTL/atac/08022023_nextseq_i7/CQTL_AM7785_A_CTL_18_2_S1_R2_001.fastq.gz
    output: output/fastq/CQTL_AM7785_CTL_Ankle_1_R1.fastq.gz, output/fastq/CQTL_AM7785_CTL_Ankle_1_R2.fastq.gz
    log: output/logs/CQTL_AM7785_CTL_Ankle_1_R1_catReads.err, output/logs/CQTL_AM7785_CTL_Ankle_1_R2_catReads.err
    jobid: 101
    benchmark: output/benchmarks/CQTL_AM7785_CTL_Ankle_1_catReads.tsv
    wildcards: sampleName=CQTL_AM7785_CTL_Ankle_1


        cat /proj/phanstiel_lab/Data/raw/CQTL/atac/08022023_nextseq_i7/CQTL_AM7785_A_CTL_18_2_S1_R1_001.fastq.gz > output/fastq/CQTL_AM7785_CTL_Ankle_1_R1.fastq.gz 2> output/logs/CQTL_AM7785_CTL_Ankle_1_R1_catReads.err
        cat /proj/phanstiel_lab/Data/raw/CQTL/atac/08022023_nextseq_i7/CQTL_AM7785_A_CTL_18_2_S1_R2_001.fastq.gz > output/fastq/CQTL_AM7785_CTL_Ankle_1_R2.fastq.gz 2> output/logs/CQTL_AM7785_CTL_Ankle_1_R2_catReads.err
        
Submitted job 101 with external jobid '49270002'.

[Wed Sep 18 15:44:59 2024]
rule catReads:
    input: /proj/phanstiel_lab/Data/raw/CQTL/atac/06232023_nextseq_i7/CQTL_AM7771_A_CTL_18_1_S5_R1_001.fastq.gz, /proj/phanstiel_lab/Data/raw/CQTL/atac/06232023_nextseq_i7/CQTL_AM7771_A_CTL_18_1_S5_R2_001.fastq.gz
    output: output/fastq/CQTL_AM7771_CTL_Ankle_1_R1.fastq.gz, output/fastq/CQTL_AM7771_CTL_Ankle_1_R2.fastq.gz
    log: output/logs/CQTL_AM7771_CTL_Ankle_1_R1_catReads.err, output/logs/CQTL_AM7771_CTL_Ankle_1_R2_catReads.err
    jobid: 91
    benchmark: output/benchmarks/CQTL_AM7771_CTL_Ankle_1_catReads.tsv
    wildcards: sampleName=CQTL_AM7771_CTL_Ankle_1


        cat /proj/phanstiel_lab/Data/raw/CQTL/atac/06232023_nextseq_i7/CQTL_AM7771_A_CTL_18_1_S5_R1_001.fastq.gz > output/fastq/CQTL_AM7771_CTL_Ankle_1_R1.fastq.gz 2> output/logs/CQTL_AM7771_CTL_Ankle_1_R1_catReads.err
        cat /proj/phanstiel_lab/Data/raw/CQTL/atac/06232023_nextseq_i7/CQTL_AM7771_A_CTL_18_1_S5_R2_001.fastq.gz > output/fastq/CQTL_AM7771_CTL_Ankle_1_R2.fastq.gz 2> output/logs/CQTL_AM7771_CTL_Ankle_1_R2_catReads.err
        
Submitted job 91 with external jobid '49270003'.

[Wed Sep 18 15:45:05 2024]
rule catReads:
    input: /proj/phanstiel_lab/Data/raw/CQTL/atac/07182023_nextseq_i7/CQTL_AM7781_A_CTL_18_1_S3_R1_001.fastq.gz, /proj/phanstiel_lab/Data/raw/CQTL/atac/07182023_nextseq_i7/CQTL_AM7781_A_CTL_18_1_S3_R2_001.fastq.gz
    output: output/fastq/CQTL_AM7781_CTL_Ankle_1_R1.fastq.gz, output/fastq/CQTL_AM7781_CTL_Ankle_1_R2.fastq.gz
    log: output/logs/CQTL_AM7781_CTL_Ankle_1_R1_catReads.err, output/logs/CQTL_AM7781_CTL_Ankle_1_R2_catReads.err
    jobid: 99
    benchmark: output/benchmarks/CQTL_AM7781_CTL_Ankle_1_catReads.tsv
    wildcards: sampleName=CQTL_AM7781_CTL_Ankle_1


        cat /proj/phanstiel_lab/Data/raw/CQTL/atac/07182023_nextseq_i7/CQTL_AM7781_A_CTL_18_1_S3_R1_001.fastq.gz > output/fastq/CQTL_AM7781_CTL_Ankle_1_R1.fastq.gz 2> output/logs/CQTL_AM7781_CTL_Ankle_1_R1_catReads.err
        cat /proj/phanstiel_lab/Data/raw/CQTL/atac/07182023_nextseq_i7/CQTL_AM7781_A_CTL_18_1_S3_R2_001.fastq.gz > output/fastq/CQTL_AM7781_CTL_Ankle_1_R2.fastq.gz 2> output/logs/CQTL_AM7781_CTL_Ankle_1_R2_catReads.err
        
Submitted job 99 with external jobid '49270601'.

[Wed Sep 18 15:45:10 2024]
rule catReads:
    input: /proj/phanstiel_lab/Data/raw/CQTL/atac/06232023_nextseq_i7/CQTL_AM7765_A_FNF_18_1_S2_R1_001.fastq.gz, /proj/phanstiel_lab/Data/raw/CQTL/atac/06232023_nextseq_i7/CQTL_AM7765_A_FNF_18_1_S2_R2_001.fastq.gz
    output: output/fastq/CQTL_AM7765_FNF_Ankle_1_R1.fastq.gz, output/fastq/CQTL_AM7765_FNF_Ankle_1_R2.fastq.gz
    log: output/logs/CQTL_AM7765_FNF_Ankle_1_R1_catReads.err, output/logs/CQTL_AM7765_FNF_Ankle_1_R2_catReads.err
    jobid: 88
    benchmark: output/benchmarks/CQTL_AM7765_FNF_Ankle_1_catReads.tsv
    wildcards: sampleName=CQTL_AM7765_FNF_Ankle_1


        cat /proj/phanstiel_lab/Data/raw/CQTL/atac/06232023_nextseq_i7/CQTL_AM7765_A_FNF_18_1_S2_R1_001.fastq.gz > output/fastq/CQTL_AM7765_FNF_Ankle_1_R1.fastq.gz 2> output/logs/CQTL_AM7765_FNF_Ankle_1_R1_catReads.err
        cat /proj/phanstiel_lab/Data/raw/CQTL/atac/06232023_nextseq_i7/CQTL_AM7765_A_FNF_18_1_S2_R2_001.fastq.gz > output/fastq/CQTL_AM7765_FNF_Ankle_1_R2.fastq.gz 2> output/logs/CQTL_AM7765_FNF_Ankle_1_R2_catReads.err
        
Submitted job 88 with external jobid '49270602'.

[Wed Sep 18 15:45:16 2024]
rule catReads:
    input: /proj/phanstiel_lab/Data/raw/FACT/atac/FACT_23-0025_A_FNF_18_1_S10_R1_001.fastq.gz, /proj/phanstiel_lab/Data/raw/FACT/atac/FACT_23-0025_A_FNF_18_1_S10_R2_001.fastq.gz
    output: output/fastq/FACT_23-0025_FNF_synovium_1_R1.fastq.gz, output/fastq/FACT_23-0025_FNF_synovium_1_R2.fastq.gz
    log: output/logs/FACT_23-0025_FNF_synovium_1_R1_catReads.err, output/logs/FACT_23-0025_FNF_synovium_1_R2_catReads.err
    jobid: 116
    benchmark: output/benchmarks/FACT_23-0025_FNF_synovium_1_catReads.tsv
    wildcards: sampleName=FACT_23-0025_FNF_synovium_1


        cat /proj/phanstiel_lab/Data/raw/FACT/atac/FACT_23-0025_A_FNF_18_1_S10_R1_001.fastq.gz > output/fastq/FACT_23-0025_FNF_synovium_1_R1.fastq.gz 2> output/logs/FACT_23-0025_FNF_synovium_1_R1_catReads.err
        cat /proj/phanstiel_lab/Data/raw/FACT/atac/FACT_23-0025_A_FNF_18_1_S10_R2_001.fastq.gz > output/fastq/FACT_23-0025_FNF_synovium_1_R2.fastq.gz 2> output/logs/FACT_23-0025_FNF_synovium_1_R2_catReads.err
        
Submitted job 116 with external jobid '49270603'.

[Wed Sep 18 15:45:21 2024]
rule catReads:
    input: /proj/phanstiel_lab/Data/raw/CQTL/atac/05012023_nextseq_i7/CQTL_AM7627_A_CTL_18_1_S3_R1_001.fastq.gz, /proj/phanstiel_lab/Data/raw/CQTL/atac/05012023_nextseq_i7/CQTL_AM7627_A_CTL_18_1_S3_R2_001.fastq.gz
    output: output/fastq/CQTL_AM7727_CTL_Ankle_1_R1.fastq.gz, output/fastq/CQTL_AM7727_CTL_Ankle_1_R2.fastq.gz
    log: output/logs/CQTL_AM7727_CTL_Ankle_1_R1_catReads.err, output/logs/CQTL_AM7727_CTL_Ankle_1_R2_catReads.err
    jobid: 73
    benchmark: output/benchmarks/CQTL_AM7727_CTL_Ankle_1_catReads.tsv
    wildcards: sampleName=CQTL_AM7727_CTL_Ankle_1


        cat /proj/phanstiel_lab/Data/raw/CQTL/atac/05012023_nextseq_i7/CQTL_AM7627_A_CTL_18_1_S3_R1_001.fastq.gz > output/fastq/CQTL_AM7727_CTL_Ankle_1_R1.fastq.gz 2> output/logs/CQTL_AM7727_CTL_Ankle_1_R1_catReads.err
        cat /proj/phanstiel_lab/Data/raw/CQTL/atac/05012023_nextseq_i7/CQTL_AM7627_A_CTL_18_1_S3_R2_001.fastq.gz > output/fastq/CQTL_AM7727_CTL_Ankle_1_R2.fastq.gz 2> output/logs/CQTL_AM7727_CTL_Ankle_1_R2_catReads.err
        
Submitted job 73 with external jobid '49270604'.

[Wed Sep 18 15:45:26 2024]
rule catReads:
    input: /proj/phanstiel_lab/Data/raw/CQTL/atac/06292023_nextseq_i7/CQTL_AM7775_A_CTL_18_1_S1_R1_001.fastq.gz, /proj/phanstiel_lab/Data/raw/CQTL/atac/06292023_nextseq_i7/CQTL_AM7775_A_CTL_18_1_S1_R2_001.fastq.gz
    output: output/fastq/CQTL_AM7775_CTL_Ankle_1_R1.fastq.gz, output/fastq/CQTL_AM7775_CTL_Ankle_1_R2.fastq.gz
    log: output/logs/CQTL_AM7775_CTL_Ankle_1_R1_catReads.err, output/logs/CQTL_AM7775_CTL_Ankle_1_R2_catReads.err
    jobid: 93
    benchmark: output/benchmarks/CQTL_AM7775_CTL_Ankle_1_catReads.tsv
    wildcards: sampleName=CQTL_AM7775_CTL_Ankle_1


        cat /proj/phanstiel_lab/Data/raw/CQTL/atac/06292023_nextseq_i7/CQTL_AM7775_A_CTL_18_1_S1_R1_001.fastq.gz > output/fastq/CQTL_AM7775_CTL_Ankle_1_R1.fastq.gz 2> output/logs/CQTL_AM7775_CTL_Ankle_1_R1_catReads.err
        cat /proj/phanstiel_lab/Data/raw/CQTL/atac/06292023_nextseq_i7/CQTL_AM7775_A_CTL_18_1_S1_R2_001.fastq.gz > output/fastq/CQTL_AM7775_CTL_Ankle_1_R2.fastq.gz 2> output/logs/CQTL_AM7775_CTL_Ankle_1_R2_catReads.err
        
Submitted job 93 with external jobid '49270724'.

[Wed Sep 18 15:45:31 2024]
rule catReads:
    input: /proj/phanstiel_lab/Data/raw/CQTL/atac/08022023_nextseq_i7/CQTL_AM7755_A_CTL_18_2_S5_R1_001.fastq.gz, /proj/phanstiel_lab/Data/raw/CQTL/atac/08022023_nextseq_i7/CQTL_AM7755_A_CTL_18_2_S5_R2_001.fastq.gz
    output: output/fastq/CQTL_AM7755_CTL_Ankle_replicate_R1.fastq.gz, output/fastq/CQTL_AM7755_CTL_Ankle_replicate_R2.fastq.gz
    log: output/logs/CQTL_AM7755_CTL_Ankle_replicate_R1_catReads.err, output/logs/CQTL_AM7755_CTL_Ankle_replicate_R2_catReads.err
    jobid: 82
    benchmark: output/benchmarks/CQTL_AM7755_CTL_Ankle_replicate_catReads.tsv
    wildcards: sampleName=CQTL_AM7755_CTL_Ankle_replicate


        cat /proj/phanstiel_lab/Data/raw/CQTL/atac/08022023_nextseq_i7/CQTL_AM7755_A_CTL_18_2_S5_R1_001.fastq.gz > output/fastq/CQTL_AM7755_CTL_Ankle_replicate_R1.fastq.gz 2> output/logs/CQTL_AM7755_CTL_Ankle_replicate_R1_catReads.err
        cat /proj/phanstiel_lab/Data/raw/CQTL/atac/08022023_nextseq_i7/CQTL_AM7755_A_CTL_18_2_S5_R2_001.fastq.gz > output/fastq/CQTL_AM7755_CTL_Ankle_replicate_R2.fastq.gz 2> output/logs/CQTL_AM7755_CTL_Ankle_replicate_R2_catReads.err
        
Submitted job 82 with external jobid '49270725'.

[Wed Sep 18 15:45:36 2024]
rule catReads:
    input: /proj/phanstiel_lab/Data/raw/CQTL/atac/06022023_nextse_i7/CQTL_AM7755_A_FNF_18_1_S4_R1_001.fastq.gz, /proj/phanstiel_lab/Data/raw/CQTL/atac/06022023_nextse_i7/CQTL_AM7755_A_FNF_18_1_S4_R2_001.fastq.gz
    output: output/fastq/CQTL_AM7755_FNF_Ankle_1_R1.fastq.gz, output/fastq/CQTL_AM7755_FNF_Ankle_1_R2.fastq.gz
    log: output/logs/CQTL_AM7755_FNF_Ankle_1_R1_catReads.err, output/logs/CQTL_AM7755_FNF_Ankle_1_R2_catReads.err
    jobid: 83
    benchmark: output/benchmarks/CQTL_AM7755_FNF_Ankle_1_catReads.tsv
    wildcards: sampleName=CQTL_AM7755_FNF_Ankle_1


        cat /proj/phanstiel_lab/Data/raw/CQTL/atac/06022023_nextse_i7/CQTL_AM7755_A_FNF_18_1_S4_R1_001.fastq.gz > output/fastq/CQTL_AM7755_FNF_Ankle_1_R1.fastq.gz 2> output/logs/CQTL_AM7755_FNF_Ankle_1_R1_catReads.err
        cat /proj/phanstiel_lab/Data/raw/CQTL/atac/06022023_nextse_i7/CQTL_AM7755_A_FNF_18_1_S4_R2_001.fastq.gz > output/fastq/CQTL_AM7755_FNF_Ankle_1_R2.fastq.gz 2> output/logs/CQTL_AM7755_FNF_Ankle_1_R2_catReads.err
        
Submitted job 83 with external jobid '49270826'.

[Wed Sep 18 15:45:42 2024]
rule catReads:
    input: /proj/phanstiel_lab/Data/raw/FACT/atac/FACT_23-0023_A_CTL_18_1_S7_R1_001.fastq.gz, /proj/phanstiel_lab/Data/raw/FACT/atac/FACT_23-0023_A_CTL_18_1_S7_R2_001.fastq.gz
    output: output/fastq/FACT_23-0023_CTL_synovium_1_R1.fastq.gz, output/fastq/FACT_23-0023_CTL_synovium_1_R2.fastq.gz
    log: output/logs/FACT_23-0023_CTL_synovium_1_R1_catReads.err, output/logs/FACT_23-0023_CTL_synovium_1_R2_catReads.err
    jobid: 113
    benchmark: output/benchmarks/FACT_23-0023_CTL_synovium_1_catReads.tsv
    wildcards: sampleName=FACT_23-0023_CTL_synovium_1


        cat /proj/phanstiel_lab/Data/raw/FACT/atac/FACT_23-0023_A_CTL_18_1_S7_R1_001.fastq.gz > output/fastq/FACT_23-0023_CTL_synovium_1_R1.fastq.gz 2> output/logs/FACT_23-0023_CTL_synovium_1_R1_catReads.err
        cat /proj/phanstiel_lab/Data/raw/FACT/atac/FACT_23-0023_A_CTL_18_1_S7_R2_001.fastq.gz > output/fastq/FACT_23-0023_CTL_synovium_1_R2.fastq.gz 2> output/logs/FACT_23-0023_CTL_synovium_1_R2_catReads.err
        
Submitted job 113 with external jobid '49270828'.

[Wed Sep 18 15:45:48 2024]
rule catReads:
    input: /proj/phanstiel_lab/Data/raw/CQTL/atac/05012023_nextseq_i7/CQTL_AM7635_A_FNF_18_2_S6_R1_001.fastq.gz, /proj/phanstiel_lab/Data/raw/CQTL/atac/05012023_nextseq_i7/CQTL_AM7635_A_FNF_18_2_S6_R2_001.fastq.gz
    output: output/fastq/CQTL_AM7735_FNF_Ankle_1_R1.fastq.gz, output/fastq/CQTL_AM7735_FNF_Ankle_1_R2.fastq.gz
    log: output/logs/CQTL_AM7735_FNF_Ankle_1_R1_catReads.err, output/logs/CQTL_AM7735_FNF_Ankle_1_R2_catReads.err
    jobid: 76
    benchmark: output/benchmarks/CQTL_AM7735_FNF_Ankle_1_catReads.tsv
    wildcards: sampleName=CQTL_AM7735_FNF_Ankle_1


        cat /proj/phanstiel_lab/Data/raw/CQTL/atac/05012023_nextseq_i7/CQTL_AM7635_A_FNF_18_2_S6_R1_001.fastq.gz > output/fastq/CQTL_AM7735_FNF_Ankle_1_R1.fastq.gz 2> output/logs/CQTL_AM7735_FNF_Ankle_1_R1_catReads.err
        cat /proj/phanstiel_lab/Data/raw/CQTL/atac/05012023_nextseq_i7/CQTL_AM7635_A_FNF_18_2_S6_R2_001.fastq.gz > output/fastq/CQTL_AM7735_FNF_Ankle_1_R2.fastq.gz 2> output/logs/CQTL_AM7735_FNF_Ankle_1_R2_catReads.err
        
Submitted job 76 with external jobid '49270950'.

[Wed Sep 18 15:45:53 2024]
rule catReads:
    input: /proj/phanstiel_lab/Data/raw/FACT/atac/FACT_23-0022_A_FNF_18_1_S6_R1_001.fastq.gz, /proj/phanstiel_lab/Data/raw/FACT/atac/FACT_23-0022_A_FNF_18_1_S6_R2_001.fastq.gz
    output: output/fastq/FACT_23-0022_FNF_synovium_1_R1.fastq.gz, output/fastq/FACT_23-0022_FNF_synovium_1_R2.fastq.gz
    log: output/logs/FACT_23-0022_FNF_synovium_1_R1_catReads.err, output/logs/FACT_23-0022_FNF_synovium_1_R2_catReads.err
    jobid: 112
    benchmark: output/benchmarks/FACT_23-0022_FNF_synovium_1_catReads.tsv
    wildcards: sampleName=FACT_23-0022_FNF_synovium_1


        cat /proj/phanstiel_lab/Data/raw/FACT/atac/FACT_23-0022_A_FNF_18_1_S6_R1_001.fastq.gz > output/fastq/FACT_23-0022_FNF_synovium_1_R1.fastq.gz 2> output/logs/FACT_23-0022_FNF_synovium_1_R1_catReads.err
        cat /proj/phanstiel_lab/Data/raw/FACT/atac/FACT_23-0022_A_FNF_18_1_S6_R2_001.fastq.gz > output/fastq/FACT_23-0022_FNF_synovium_1_R2.fastq.gz 2> output/logs/FACT_23-0022_FNF_synovium_1_R2_catReads.err
        
Submitted job 112 with external jobid '49270951'.

[Wed Sep 18 15:45:58 2024]
rule catReads:
    input: /proj/phanstiel_lab/Data/raw/FACT/atac/FACT_23-0023_A_FNF_18_1_S8_R1_001.fastq.gz, /proj/phanstiel_lab/Data/raw/FACT/atac/FACT_23-0023_A_FNF_18_1_S8_R2_001.fastq.gz
    output: output/fastq/FACT_23-0023_FNF_synovium_1_R1.fastq.gz, output/fastq/FACT_23-0023_FNF_synovium_1_R2.fastq.gz
    log: output/logs/FACT_23-0023_FNF_synovium_1_R1_catReads.err, output/logs/FACT_23-0023_FNF_synovium_1_R2_catReads.err
    jobid: 114
    benchmark: output/benchmarks/FACT_23-0023_FNF_synovium_1_catReads.tsv
    wildcards: sampleName=FACT_23-0023_FNF_synovium_1


        cat /proj/phanstiel_lab/Data/raw/FACT/atac/FACT_23-0023_A_FNF_18_1_S8_R1_001.fastq.gz > output/fastq/FACT_23-0023_FNF_synovium_1_R1.fastq.gz 2> output/logs/FACT_23-0023_FNF_synovium_1_R1_catReads.err
        cat /proj/phanstiel_lab/Data/raw/FACT/atac/FACT_23-0023_A_FNF_18_1_S8_R2_001.fastq.gz > output/fastq/FACT_23-0023_FNF_synovium_1_R2.fastq.gz 2> output/logs/FACT_23-0023_FNF_synovium_1_R2_catReads.err
        
Submitted job 114 with external jobid '49270952'.

[Wed Sep 18 15:46:03 2024]
rule catReads:
    input: /proj/phanstiel_lab/Data/raw/CQTL/atac/12072022_nextseq_i7/fastq/CQTL_AM7677_A_FNF_18_1_S2_R1_001.fastq.gz, /proj/phanstiel_lab/Data/raw/CQTL/atac/12072022_nextseq_i7/fastq/CQTL_AM7677_A_FNF_18_1_S2_R2_001.fastq.gz
    output: output/fastq/CQTL_AM7677_FNF_Ankle_1_R1.fastq.gz, output/fastq/CQTL_AM7677_FNF_Ankle_1_R2.fastq.gz
    log: output/logs/CQTL_AM7677_FNF_Ankle_1_R1_catReads.err, output/logs/CQTL_AM7677_FNF_Ankle_1_R2_catReads.err
    jobid: 60
    benchmark: output/benchmarks/CQTL_AM7677_FNF_Ankle_1_catReads.tsv
    wildcards: sampleName=CQTL_AM7677_FNF_Ankle_1


        cat /proj/phanstiel_lab/Data/raw/CQTL/atac/12072022_nextseq_i7/fastq/CQTL_AM7677_A_FNF_18_1_S2_R1_001.fastq.gz > output/fastq/CQTL_AM7677_FNF_Ankle_1_R1.fastq.gz 2> output/logs/CQTL_AM7677_FNF_Ankle_1_R1_catReads.err
        cat /proj/phanstiel_lab/Data/raw/CQTL/atac/12072022_nextseq_i7/fastq/CQTL_AM7677_A_FNF_18_1_S2_R2_001.fastq.gz > output/fastq/CQTL_AM7677_FNF_Ankle_1_R2.fastq.gz 2> output/logs/CQTL_AM7677_FNF_Ankle_1_R2_catReads.err
        
Submitted job 60 with external jobid '49270953'.

[Wed Sep 18 15:46:08 2024]
rule catReads:
    input: /proj/phanstiel_lab/Data/raw/CQTL/atac/08022023_nextseq_i7/CQTL_AM7786_A_CTL_18_1_S3_R1_001.fastq.gz, /proj/phanstiel_lab/Data/raw/CQTL/atac/08022023_nextseq_i7/CQTL_AM7786_A_CTL_18_1_S3_R2_001.fastq.gz
    output: output/fastq/CQTL_AM7786_CTL_Ankle_1_R1.fastq.gz, output/fastq/CQTL_AM7786_CTL_Ankle_1_R2.fastq.gz
    log: output/logs/CQTL_AM7786_CTL_Ankle_1_R1_catReads.err, output/logs/CQTL_AM7786_CTL_Ankle_1_R2_catReads.err
    jobid: 103
    benchmark: output/benchmarks/CQTL_AM7786_CTL_Ankle_1_catReads.tsv
    wildcards: sampleName=CQTL_AM7786_CTL_Ankle_1


        cat /proj/phanstiel_lab/Data/raw/CQTL/atac/08022023_nextseq_i7/CQTL_AM7786_A_CTL_18_1_S3_R1_001.fastq.gz > output/fastq/CQTL_AM7786_CTL_Ankle_1_R1.fastq.gz 2> output/logs/CQTL_AM7786_CTL_Ankle_1_R1_catReads.err
        cat /proj/phanstiel_lab/Data/raw/CQTL/atac/08022023_nextseq_i7/CQTL_AM7786_A_CTL_18_1_S3_R2_001.fastq.gz > output/fastq/CQTL_AM7786_CTL_Ankle_1_R2.fastq.gz 2> output/logs/CQTL_AM7786_CTL_Ankle_1_R2_catReads.err
        
Submitted job 103 with external jobid '49270955'.

[Wed Sep 18 15:46:13 2024]
rule catReads:
    input: /proj/phanstiel_lab/Data/raw/CQTL/atac/07182023_nextseq_i7/CQTL_AM7780_A_CTL_18_2_S1_R1_001.fastq.gz, /proj/phanstiel_lab/Data/raw/CQTL/atac/07182023_nextseq_i7/CQTL_AM7780_A_CTL_18_2_S1_R2_001.fastq.gz
    output: output/fastq/CQTL_AM7780_CTL_Ankle_1_R1.fastq.gz, output/fastq/CQTL_AM7780_CTL_Ankle_1_R2.fastq.gz
    log: output/logs/CQTL_AM7780_CTL_Ankle_1_R1_catReads.err, output/logs/CQTL_AM7780_CTL_Ankle_1_R2_catReads.err
    jobid: 97
    benchmark: output/benchmarks/CQTL_AM7780_CTL_Ankle_1_catReads.tsv
    wildcards: sampleName=CQTL_AM7780_CTL_Ankle_1


        cat /proj/phanstiel_lab/Data/raw/CQTL/atac/07182023_nextseq_i7/CQTL_AM7780_A_CTL_18_2_S1_R1_001.fastq.gz > output/fastq/CQTL_AM7780_CTL_Ankle_1_R1.fastq.gz 2> output/logs/CQTL_AM7780_CTL_Ankle_1_R1_catReads.err
        cat /proj/phanstiel_lab/Data/raw/CQTL/atac/07182023_nextseq_i7/CQTL_AM7780_A_CTL_18_2_S1_R2_001.fastq.gz > output/fastq/CQTL_AM7780_CTL_Ankle_1_R2.fastq.gz 2> output/logs/CQTL_AM7780_CTL_Ankle_1_R2_catReads.err
        
Submitted job 97 with external jobid '49270956'.

[Wed Sep 18 15:46:18 2024]
rule catReads:
    input: /proj/phanstiel_lab/Data/raw/CQTL/atac/05012023_nextseq_i7/CQTL_AM7626_A_CTL_18_2_S1_R1_001.fastq.gz, /proj/phanstiel_lab/Data/raw/CQTL/atac/05012023_nextseq_i7/CQTL_AM7626_A_CTL_18_2_S1_R2_001.fastq.gz
    output: output/fastq/CQTL_AM7726_CTL_Ankle_1_R1.fastq.gz, output/fastq/CQTL_AM7726_CTL_Ankle_1_R2.fastq.gz
    log: output/logs/CQTL_AM7726_CTL_Ankle_1_R1_catReads.err, output/logs/CQTL_AM7726_CTL_Ankle_1_R2_catReads.err
    jobid: 71
    benchmark: output/benchmarks/CQTL_AM7726_CTL_Ankle_1_catReads.tsv
    wildcards: sampleName=CQTL_AM7726_CTL_Ankle_1


        cat /proj/phanstiel_lab/Data/raw/CQTL/atac/05012023_nextseq_i7/CQTL_AM7626_A_CTL_18_2_S1_R1_001.fastq.gz > output/fastq/CQTL_AM7726_CTL_Ankle_1_R1.fastq.gz 2> output/logs/CQTL_AM7726_CTL_Ankle_1_R1_catReads.err
        cat /proj/phanstiel_lab/Data/raw/CQTL/atac/05012023_nextseq_i7/CQTL_AM7626_A_CTL_18_2_S1_R2_001.fastq.gz > output/fastq/CQTL_AM7726_CTL_Ankle_1_R2.fastq.gz 2> output/logs/CQTL_AM7726_CTL_Ankle_1_R2_catReads.err
        
Submitted job 71 with external jobid '49270957'.

[Wed Sep 18 15:46:24 2024]
rule catReads:
    input: /proj/phanstiel_lab/Data/raw/CQTL/atac/06292023_nextseq_i7/CQTL_AM778FE_A_CTL_18_1_S5_R1_001.fastq.gz, /proj/phanstiel_lab/Data/raw/CQTL/atac/06292023_nextseq_i7/CQTL_AM778FE_A_CTL_18_1_S5_R2_001.fastq.gz
    output: output/fastq/CQTL_AM778FE_CTL_Femur_1_R1.fastq.gz, output/fastq/CQTL_AM778FE_CTL_Femur_1_R2.fastq.gz
    log: output/logs/CQTL_AM778FE_CTL_Femur_1_R1_catReads.err, output/logs/CQTL_AM778FE_CTL_Femur_1_R2_catReads.err
    jobid: 105
    benchmark: output/benchmarks/CQTL_AM778FE_CTL_Femur_1_catReads.tsv
    wildcards: sampleName=CQTL_AM778FE_CTL_Femur_1


        cat /proj/phanstiel_lab/Data/raw/CQTL/atac/06292023_nextseq_i7/CQTL_AM778FE_A_CTL_18_1_S5_R1_001.fastq.gz > output/fastq/CQTL_AM778FE_CTL_Femur_1_R1.fastq.gz 2> output/logs/CQTL_AM778FE_CTL_Femur_1_R1_catReads.err
        cat /proj/phanstiel_lab/Data/raw/CQTL/atac/06292023_nextseq_i7/CQTL_AM778FE_A_CTL_18_1_S5_R2_001.fastq.gz > output/fastq/CQTL_AM778FE_CTL_Femur_1_R2.fastq.gz 2> output/logs/CQTL_AM778FE_CTL_Femur_1_R2_catReads.err
        
Submitted job 105 with external jobid '49270958'.

[Wed Sep 18 15:46:30 2024]
rule catReads:
    input: /proj/phanstiel_lab/Data/raw/CQTL/atac/06292023_nextseq_i7/CQTL_AM778FE_A_FNF_18_1_S6_R1_001.fastq.gz, /proj/phanstiel_lab/Data/raw/CQTL/atac/06292023_nextseq_i7/CQTL_AM778FE_A_FNF_18_1_S6_R2_001.fastq.gz
    output: output/fastq/CQTL_AM778FE_FNF_Femur_1_R1.fastq.gz, output/fastq/CQTL_AM778FE_FNF_Femur_1_R2.fastq.gz
    log: output/logs/CQTL_AM778FE_FNF_Femur_1_R1_catReads.err, output/logs/CQTL_AM778FE_FNF_Femur_1_R2_catReads.err
    jobid: 106
    benchmark: output/benchmarks/CQTL_AM778FE_FNF_Femur_1_catReads.tsv
    wildcards: sampleName=CQTL_AM778FE_FNF_Femur_1


        cat /proj/phanstiel_lab/Data/raw/CQTL/atac/06292023_nextseq_i7/CQTL_AM778FE_A_FNF_18_1_S6_R1_001.fastq.gz > output/fastq/CQTL_AM778FE_FNF_Femur_1_R1.fastq.gz 2> output/logs/CQTL_AM778FE_FNF_Femur_1_R1_catReads.err
        cat /proj/phanstiel_lab/Data/raw/CQTL/atac/06292023_nextseq_i7/CQTL_AM778FE_A_FNF_18_1_S6_R2_001.fastq.gz > output/fastq/CQTL_AM778FE_FNF_Femur_1_R2.fastq.gz 2> output/logs/CQTL_AM778FE_FNF_Femur_1_R2_catReads.err
        
Submitted job 106 with external jobid '49270961'.

[Wed Sep 18 15:46:35 2024]
rule catReads:
    input: /proj/phanstiel_lab/Data/raw/CQTL/atac/06292023_nextseq_i7/CQTL_AM778AN_A_CTL_18_1_S3_R1_001.fastq.gz, /proj/phanstiel_lab/Data/raw/CQTL/atac/06292023_nextseq_i7/CQTL_AM778AN_A_CTL_18_1_S3_R2_001.fastq.gz
    output: output/fastq/CQTL_AM7778_CTL_Ankle_1_R1.fastq.gz, output/fastq/CQTL_AM7778_CTL_Ankle_1_R2.fastq.gz
    log: output/logs/CQTL_AM7778_CTL_Ankle_1_R1_catReads.err, output/logs/CQTL_AM7778_CTL_Ankle_1_R2_catReads.err
    jobid: 95
    benchmark: output/benchmarks/CQTL_AM7778_CTL_Ankle_1_catReads.tsv
    wildcards: sampleName=CQTL_AM7778_CTL_Ankle_1


        cat /proj/phanstiel_lab/Data/raw/CQTL/atac/06292023_nextseq_i7/CQTL_AM778AN_A_CTL_18_1_S3_R1_001.fastq.gz > output/fastq/CQTL_AM7778_CTL_Ankle_1_R1.fastq.gz 2> output/logs/CQTL_AM7778_CTL_Ankle_1_R1_catReads.err
        cat /proj/phanstiel_lab/Data/raw/CQTL/atac/06292023_nextseq_i7/CQTL_AM778AN_A_CTL_18_1_S3_R2_001.fastq.gz > output/fastq/CQTL_AM7778_CTL_Ankle_1_R2.fastq.gz 2> output/logs/CQTL_AM7778_CTL_Ankle_1_R2_catReads.err
        
Submitted job 95 with external jobid '49270963'.

[Wed Sep 18 15:46:41 2024]
rule catReads:
    input: /proj/phanstiel_lab/Data/raw/CQTL/atac/06022023_nextse_i7/CQTL_AM7763_A_CTL_18_1_S5_R1_001.fastq.gz, /proj/phanstiel_lab/Data/raw/CQTL/atac/06022023_nextse_i7/CQTL_AM7763_A_CTL_18_1_S5_R2_001.fastq.gz
    output: output/fastq/CQTL_AM7763_CTL_Ankle_1_R1.fastq.gz, output/fastq/CQTL_AM7763_CTL_Ankle_1_R2.fastq.gz
    log: output/logs/CQTL_AM7763_CTL_Ankle_1_R1_catReads.err, output/logs/CQTL_AM7763_CTL_Ankle_1_R2_catReads.err
    jobid: 85
    benchmark: output/benchmarks/CQTL_AM7763_CTL_Ankle_1_catReads.tsv
    wildcards: sampleName=CQTL_AM7763_CTL_Ankle_1


        cat /proj/phanstiel_lab/Data/raw/CQTL/atac/06022023_nextse_i7/CQTL_AM7763_A_CTL_18_1_S5_R1_001.fastq.gz > output/fastq/CQTL_AM7763_CTL_Ankle_1_R1.fastq.gz 2> output/logs/CQTL_AM7763_CTL_Ankle_1_R1_catReads.err
        cat /proj/phanstiel_lab/Data/raw/CQTL/atac/06022023_nextse_i7/CQTL_AM7763_A_CTL_18_1_S5_R2_001.fastq.gz > output/fastq/CQTL_AM7763_CTL_Ankle_1_R2.fastq.gz 2> output/logs/CQTL_AM7763_CTL_Ankle_1_R2_catReads.err
        
Submitted job 85 with external jobid '49270964'.

[Wed Sep 18 15:46:46 2024]
rule catReads:
    input: /proj/phanstiel_lab/Data/raw/CQTL/atac/07182023_nextseq_i7/CQTL_AM7754_A_FNF_18_2_S6_R1_001.fastq.gz, /proj/phanstiel_lab/Data/raw/CQTL/atac/07182023_nextseq_i7/CQTL_AM7754_A_FNF_18_2_S6_R2_001.fastq.gz
    output: output/fastq/CQTL_AM7754_FNF_Ankle_replicate_R1.fastq.gz, output/fastq/CQTL_AM7754_FNF_Ankle_replicate_R2.fastq.gz
    log: output/logs/CQTL_AM7754_FNF_Ankle_replicate_R1_catReads.err, output/logs/CQTL_AM7754_FNF_Ankle_replicate_R2_catReads.err
    jobid: 80
    benchmark: output/benchmarks/CQTL_AM7754_FNF_Ankle_replicate_catReads.tsv
    wildcards: sampleName=CQTL_AM7754_FNF_Ankle_replicate


        cat /proj/phanstiel_lab/Data/raw/CQTL/atac/07182023_nextseq_i7/CQTL_AM7754_A_FNF_18_2_S6_R1_001.fastq.gz > output/fastq/CQTL_AM7754_FNF_Ankle_replicate_R1.fastq.gz 2> output/logs/CQTL_AM7754_FNF_Ankle_replicate_R1_catReads.err
        cat /proj/phanstiel_lab/Data/raw/CQTL/atac/07182023_nextseq_i7/CQTL_AM7754_A_FNF_18_2_S6_R2_001.fastq.gz > output/fastq/CQTL_AM7754_FNF_Ankle_replicate_R2.fastq.gz 2> output/logs/CQTL_AM7754_FNF_Ankle_replicate_R2_catReads.err
        
Submitted job 80 with external jobid '49270967'.

[Wed Sep 18 15:46:51 2024]
rule catReads:
    input: /proj/phanstiel_lab/Data/raw/CQTL/atac/06292023_nextseq_i7/CQTL_AM7775_A_FNF_18_1_S2_R1_001.fastq.gz, /proj/phanstiel_lab/Data/raw/CQTL/atac/06292023_nextseq_i7/CQTL_AM7775_A_FNF_18_1_S2_R2_001.fastq.gz
    output: output/fastq/CQTL_AM7775_FNF_Ankle_1_R1.fastq.gz, output/fastq/CQTL_AM7775_FNF_Ankle_1_R2.fastq.gz
    log: output/logs/CQTL_AM7775_FNF_Ankle_1_R1_catReads.err, output/logs/CQTL_AM7775_FNF_Ankle_1_R2_catReads.err
    jobid: 94
    benchmark: output/benchmarks/CQTL_AM7775_FNF_Ankle_1_catReads.tsv
    wildcards: sampleName=CQTL_AM7775_FNF_Ankle_1


        cat /proj/phanstiel_lab/Data/raw/CQTL/atac/06292023_nextseq_i7/CQTL_AM7775_A_FNF_18_1_S2_R1_001.fastq.gz > output/fastq/CQTL_AM7775_FNF_Ankle_1_R1.fastq.gz 2> output/logs/CQTL_AM7775_FNF_Ankle_1_R1_catReads.err
        cat /proj/phanstiel_lab/Data/raw/CQTL/atac/06292023_nextseq_i7/CQTL_AM7775_A_FNF_18_1_S2_R2_001.fastq.gz > output/fastq/CQTL_AM7775_FNF_Ankle_1_R2.fastq.gz 2> output/logs/CQTL_AM7775_FNF_Ankle_1_R2_catReads.err
        
Submitted job 94 with external jobid '49270968'.

[Wed Sep 18 15:46:56 2024]
rule catReads:
    input: /proj/phanstiel_lab/Data/raw/CQTL/atac/12072022_nextseq_i7/fastq/CQTL_AM7679_A_FNF_18_1_S6_R1_001.fastq.gz, /proj/phanstiel_lab/Data/raw/CQTL/atac/12072022_nextseq_i7/fastq/CQTL_AM7679_A_FNF_18_1_S6_R2_001.fastq.gz
    output: output/fastq/CQTL_AM7679_FNF_Ankle_1_R1.fastq.gz, output/fastq/CQTL_AM7679_FNF_Ankle_1_R2.fastq.gz
    log: output/logs/CQTL_AM7679_FNF_Ankle_1_R1_catReads.err, output/logs/CQTL_AM7679_FNF_Ankle_1_R2_catReads.err
    jobid: 64
    benchmark: output/benchmarks/CQTL_AM7679_FNF_Ankle_1_catReads.tsv
    wildcards: sampleName=CQTL_AM7679_FNF_Ankle_1


        cat /proj/phanstiel_lab/Data/raw/CQTL/atac/12072022_nextseq_i7/fastq/CQTL_AM7679_A_FNF_18_1_S6_R1_001.fastq.gz > output/fastq/CQTL_AM7679_FNF_Ankle_1_R1.fastq.gz 2> output/logs/CQTL_AM7679_FNF_Ankle_1_R1_catReads.err
        cat /proj/phanstiel_lab/Data/raw/CQTL/atac/12072022_nextseq_i7/fastq/CQTL_AM7679_A_FNF_18_1_S6_R2_001.fastq.gz > output/fastq/CQTL_AM7679_FNF_Ankle_1_R2.fastq.gz 2> output/logs/CQTL_AM7679_FNF_Ankle_1_R2_catReads.err
        
Submitted job 64 with external jobid '49270969'.

[Wed Sep 18 15:47:02 2024]
rule catReads:
    input: /proj/phanstiel_lab/Data/raw/CQTL/atac/08022023_nextseq_i7/CQTL_AM7755_A_FNF_18_2_S6_R1_001.fastq.gz, /proj/phanstiel_lab/Data/raw/CQTL/atac/08022023_nextseq_i7/CQTL_AM7755_A_FNF_18_2_S6_R2_001.fastq.gz
    output: output/fastq/CQTL_AM7755_FNF_Ankle_replicate_R1.fastq.gz, output/fastq/CQTL_AM7755_FNF_Ankle_replicate_R2.fastq.gz
    log: output/logs/CQTL_AM7755_FNF_Ankle_replicate_R1_catReads.err, output/logs/CQTL_AM7755_FNF_Ankle_replicate_R2_catReads.err
    jobid: 84
    benchmark: output/benchmarks/CQTL_AM7755_FNF_Ankle_replicate_catReads.tsv
    wildcards: sampleName=CQTL_AM7755_FNF_Ankle_replicate


        cat /proj/phanstiel_lab/Data/raw/CQTL/atac/08022023_nextseq_i7/CQTL_AM7755_A_FNF_18_2_S6_R1_001.fastq.gz > output/fastq/CQTL_AM7755_FNF_Ankle_replicate_R1.fastq.gz 2> output/logs/CQTL_AM7755_FNF_Ankle_replicate_R1_catReads.err
        cat /proj/phanstiel_lab/Data/raw/CQTL/atac/08022023_nextseq_i7/CQTL_AM7755_A_FNF_18_2_S6_R2_001.fastq.gz > output/fastq/CQTL_AM7755_FNF_Ankle_replicate_R2.fastq.gz 2> output/logs/CQTL_AM7755_FNF_Ankle_replicate_R2_catReads.err
        
Submitted job 84 with external jobid '49270971'.

[Wed Sep 18 15:47:08 2024]
rule catReads:
    input: /proj/phanstiel_lab/Data/raw/CQTL/atac/06292023_nextseq_i7/CQTL_AM778AN_A_FNF_18_1_S4_R1_001.fastq.gz, /proj/phanstiel_lab/Data/raw/CQTL/atac/06292023_nextseq_i7/CQTL_AM778AN_A_FNF_18_1_S4_R2_001.fastq.gz
    output: output/fastq/CQTL_AM7778_FNF_Ankle_1_R1.fastq.gz, output/fastq/CQTL_AM7778_FNF_Ankle_1_R2.fastq.gz
    log: output/logs/CQTL_AM7778_FNF_Ankle_1_R1_catReads.err, output/logs/CQTL_AM7778_FNF_Ankle_1_R2_catReads.err
    jobid: 96
    benchmark: output/benchmarks/CQTL_AM7778_FNF_Ankle_1_catReads.tsv
    wildcards: sampleName=CQTL_AM7778_FNF_Ankle_1


        cat /proj/phanstiel_lab/Data/raw/CQTL/atac/06292023_nextseq_i7/CQTL_AM778AN_A_FNF_18_1_S4_R1_001.fastq.gz > output/fastq/CQTL_AM7778_FNF_Ankle_1_R1.fastq.gz 2> output/logs/CQTL_AM7778_FNF_Ankle_1_R1_catReads.err
        cat /proj/phanstiel_lab/Data/raw/CQTL/atac/06292023_nextseq_i7/CQTL_AM778AN_A_FNF_18_1_S4_R2_001.fastq.gz > output/fastq/CQTL_AM7778_FNF_Ankle_1_R2.fastq.gz 2> output/logs/CQTL_AM7778_FNF_Ankle_1_R2_catReads.err
        
Submitted job 96 with external jobid '49270972'.

[Wed Sep 18 15:47:13 2024]
rule catReads:
    input: /proj/phanstiel_lab/Data/raw/FACT/atac/FACT_23-0016_A_FNF_18_1_S4_R1_001.fastq.gz, /proj/phanstiel_lab/Data/raw/FACT/atac/FACT_23-0016_A_FNF_18_1_S4_R2_001.fastq.gz
    output: output/fastq/FACT_23-0016_FNF_synovium_1_R1.fastq.gz, output/fastq/FACT_23-0016_FNF_synovium_1_R2.fastq.gz
    log: output/logs/FACT_23-0016_FNF_synovium_1_R1_catReads.err, output/logs/FACT_23-0016_FNF_synovium_1_R2_catReads.err
    jobid: 110
    benchmark: output/benchmarks/FACT_23-0016_FNF_synovium_1_catReads.tsv
    wildcards: sampleName=FACT_23-0016_FNF_synovium_1


        cat /proj/phanstiel_lab/Data/raw/FACT/atac/FACT_23-0016_A_FNF_18_1_S4_R1_001.fastq.gz > output/fastq/FACT_23-0016_FNF_synovium_1_R1.fastq.gz 2> output/logs/FACT_23-0016_FNF_synovium_1_R1_catReads.err
        cat /proj/phanstiel_lab/Data/raw/FACT/atac/FACT_23-0016_A_FNF_18_1_S4_R2_001.fastq.gz > output/fastq/FACT_23-0016_FNF_synovium_1_R2.fastq.gz 2> output/logs/FACT_23-0016_FNF_synovium_1_R2_catReads.err
        
Submitted job 110 with external jobid '49270973'.

[Wed Sep 18 15:47:18 2024]
rule catReads:
    input: /proj/phanstiel_lab/Data/raw/CQTL/atac/02132023_nextseq_i7/CQTL_AM7717_A_FNF_18_1_S6_R1_001.fastq.gz, /proj/phanstiel_lab/Data/raw/CQTL/atac/02132023_nextseq_i7/CQTL_AM7717_A_FNF_18_1_S6_R2_001.fastq.gz
    output: output/fastq/CQTL_AM7717_FNF_Ankle_1_R1.fastq.gz, output/fastq/CQTL_AM7717_FNF_Ankle_1_R2.fastq.gz
    log: output/logs/CQTL_AM7717_FNF_Ankle_1_R1_catReads.err, output/logs/CQTL_AM7717_FNF_Ankle_1_R2_catReads.err
    jobid: 70
    benchmark: output/benchmarks/CQTL_AM7717_FNF_Ankle_1_catReads.tsv
    wildcards: sampleName=CQTL_AM7717_FNF_Ankle_1


        cat /proj/phanstiel_lab/Data/raw/CQTL/atac/02132023_nextseq_i7/CQTL_AM7717_A_FNF_18_1_S6_R1_001.fastq.gz > output/fastq/CQTL_AM7717_FNF_Ankle_1_R1.fastq.gz 2> output/logs/CQTL_AM7717_FNF_Ankle_1_R1_catReads.err
        cat /proj/phanstiel_lab/Data/raw/CQTL/atac/02132023_nextseq_i7/CQTL_AM7717_A_FNF_18_1_S6_R2_001.fastq.gz > output/fastq/CQTL_AM7717_FNF_Ankle_1_R2.fastq.gz 2> output/logs/CQTL_AM7717_FNF_Ankle_1_R2_catReads.err
        
Submitted job 70 with external jobid '49270974'.

[Wed Sep 18 15:47:23 2024]
rule catReads:
    input: /proj/phanstiel_lab/Data/raw/CQTL/atac/05012023_nextseq_i7/CQTL_AM7627_A_FNF_18_1_S4_R1_001.fastq.gz, /proj/phanstiel_lab/Data/raw/CQTL/atac/05012023_nextseq_i7/CQTL_AM7627_A_FNF_18_1_S4_R2_001.fastq.gz
    output: output/fastq/CQTL_AM7727_FNF_Ankle_1_R1.fastq.gz, output/fastq/CQTL_AM7727_FNF_Ankle_1_R2.fastq.gz
    log: output/logs/CQTL_AM7727_FNF_Ankle_1_R1_catReads.err, output/logs/CQTL_AM7727_FNF_Ankle_1_R2_catReads.err
    jobid: 74
    benchmark: output/benchmarks/CQTL_AM7727_FNF_Ankle_1_catReads.tsv
    wildcards: sampleName=CQTL_AM7727_FNF_Ankle_1


        cat /proj/phanstiel_lab/Data/raw/CQTL/atac/05012023_nextseq_i7/CQTL_AM7627_A_FNF_18_1_S4_R1_001.fastq.gz > output/fastq/CQTL_AM7727_FNF_Ankle_1_R1.fastq.gz 2> output/logs/CQTL_AM7727_FNF_Ankle_1_R1_catReads.err
        cat /proj/phanstiel_lab/Data/raw/CQTL/atac/05012023_nextseq_i7/CQTL_AM7627_A_FNF_18_1_S4_R2_001.fastq.gz > output/fastq/CQTL_AM7727_FNF_Ankle_1_R2.fastq.gz 2> output/logs/CQTL_AM7727_FNF_Ankle_1_R2_catReads.err
        
Submitted job 74 with external jobid '49270975'.

[Wed Sep 18 15:47:29 2024]
rule catReads:
    input: /proj/phanstiel_lab/Data/raw/CQTL/atac/06022023_nextse_i7/CQTL_AM7755_A_CTL_18_1_S3_R1_001.fastq.gz, /proj/phanstiel_lab/Data/raw/CQTL/atac/06022023_nextse_i7/CQTL_AM7755_A_CTL_18_1_S3_R2_001.fastq.gz
    output: output/fastq/CQTL_AM7755_CTL_Ankle_1_R1.fastq.gz, output/fastq/CQTL_AM7755_CTL_Ankle_1_R2.fastq.gz
    log: output/logs/CQTL_AM7755_CTL_Ankle_1_R1_catReads.err, output/logs/CQTL_AM7755_CTL_Ankle_1_R2_catReads.err
    jobid: 81
    benchmark: output/benchmarks/CQTL_AM7755_CTL_Ankle_1_catReads.tsv
    wildcards: sampleName=CQTL_AM7755_CTL_Ankle_1


        cat /proj/phanstiel_lab/Data/raw/CQTL/atac/06022023_nextse_i7/CQTL_AM7755_A_CTL_18_1_S3_R1_001.fastq.gz > output/fastq/CQTL_AM7755_CTL_Ankle_1_R1.fastq.gz 2> output/logs/CQTL_AM7755_CTL_Ankle_1_R1_catReads.err
        cat /proj/phanstiel_lab/Data/raw/CQTL/atac/06022023_nextse_i7/CQTL_AM7755_A_CTL_18_1_S3_R2_001.fastq.gz > output/fastq/CQTL_AM7755_CTL_Ankle_1_R2.fastq.gz 2> output/logs/CQTL_AM7755_CTL_Ankle_1_R2_catReads.err
        
Submitted job 81 with external jobid '49270976'.

[Wed Sep 18 15:47:34 2024]
rule catReads:
    input: /proj/phanstiel_lab/Data/raw/FACT/atac/FACT_23-0013_A_CTL_18_1_S1_R1_001.fastq.gz, /proj/phanstiel_lab/Data/raw/FACT/atac/FACT_23-0013_A_CTL_18_1_S1_R2_001.fastq.gz
    output: output/fastq/FACT_23-0013_CTL_synovium_1_R1.fastq.gz, output/fastq/FACT_23-0013_CTL_synovium_1_R2.fastq.gz
    log: output/logs/FACT_23-0013_CTL_synovium_1_R1_catReads.err, output/logs/FACT_23-0013_CTL_synovium_1_R2_catReads.err
    jobid: 107
    benchmark: output/benchmarks/FACT_23-0013_CTL_synovium_1_catReads.tsv
    wildcards: sampleName=FACT_23-0013_CTL_synovium_1


        cat /proj/phanstiel_lab/Data/raw/FACT/atac/FACT_23-0013_A_CTL_18_1_S1_R1_001.fastq.gz > output/fastq/FACT_23-0013_CTL_synovium_1_R1.fastq.gz 2> output/logs/FACT_23-0013_CTL_synovium_1_R1_catReads.err
        cat /proj/phanstiel_lab/Data/raw/FACT/atac/FACT_23-0013_A_CTL_18_1_S1_R2_001.fastq.gz > output/fastq/FACT_23-0013_CTL_synovium_1_R2.fastq.gz 2> output/logs/FACT_23-0013_CTL_synovium_1_R2_catReads.err
        
Submitted job 107 with external jobid '49270977'.

[Wed Sep 18 15:47:39 2024]
rule catReads:
    input: /proj/phanstiel_lab/Data/raw/FACT/atac/FACT_23-0025_A_CTL_18_1_S9_R1_001.fastq.gz, /proj/phanstiel_lab/Data/raw/FACT/atac/FACT_23-0025_A_CTL_18_1_S9_R2_001.fastq.gz
    output: output/fastq/FACT_23-0025_CTL_synovium_1_R1.fastq.gz, output/fastq/FACT_23-0025_CTL_synovium_1_R2.fastq.gz
    log: output/logs/FACT_23-0025_CTL_synovium_1_R1_catReads.err, output/logs/FACT_23-0025_CTL_synovium_1_R2_catReads.err
    jobid: 115
    benchmark: output/benchmarks/FACT_23-0025_CTL_synovium_1_catReads.tsv
    wildcards: sampleName=FACT_23-0025_CTL_synovium_1


        cat /proj/phanstiel_lab/Data/raw/FACT/atac/FACT_23-0025_A_CTL_18_1_S9_R1_001.fastq.gz > output/fastq/FACT_23-0025_CTL_synovium_1_R1.fastq.gz 2> output/logs/FACT_23-0025_CTL_synovium_1_R1_catReads.err
        cat /proj/phanstiel_lab/Data/raw/FACT/atac/FACT_23-0025_A_CTL_18_1_S9_R2_001.fastq.gz > output/fastq/FACT_23-0025_CTL_synovium_1_R2.fastq.gz 2> output/logs/FACT_23-0025_CTL_synovium_1_R2_catReads.err
        
Submitted job 115 with external jobid '49270978'.

[Wed Sep 18 15:47:45 2024]
rule catReads:
    input: /proj/phanstiel_lab/Data/raw/CQTL/atac/02132023_nextseq_i7/CQTL_AM7717_A_CTL_18_1_S5_R1_001.fastq.gz, /proj/phanstiel_lab/Data/raw/CQTL/atac/02132023_nextseq_i7/CQTL_AM7717_A_CTL_18_1_S5_R2_001.fastq.gz
    output: output/fastq/CQTL_AM7717_CTL_Ankle_1_R1.fastq.gz, output/fastq/CQTL_AM7717_CTL_Ankle_1_R2.fastq.gz
    log: output/logs/CQTL_AM7717_CTL_Ankle_1_R1_catReads.err, output/logs/CQTL_AM7717_CTL_Ankle_1_R2_catReads.err
    jobid: 69
    benchmark: output/benchmarks/CQTL_AM7717_CTL_Ankle_1_catReads.tsv
    wildcards: sampleName=CQTL_AM7717_CTL_Ankle_1


        cat /proj/phanstiel_lab/Data/raw/CQTL/atac/02132023_nextseq_i7/CQTL_AM7717_A_CTL_18_1_S5_R1_001.fastq.gz > output/fastq/CQTL_AM7717_CTL_Ankle_1_R1.fastq.gz 2> output/logs/CQTL_AM7717_CTL_Ankle_1_R1_catReads.err
        cat /proj/phanstiel_lab/Data/raw/CQTL/atac/02132023_nextseq_i7/CQTL_AM7717_A_CTL_18_1_S5_R2_001.fastq.gz > output/fastq/CQTL_AM7717_CTL_Ankle_1_R2.fastq.gz 2> output/logs/CQTL_AM7717_CTL_Ankle_1_R2_catReads.err
        
Submitted job 69 with external jobid '49270979'.

[Wed Sep 18 15:47:52 2024]
rule catReads:
    input: /proj/phanstiel_lab/Data/raw/CQTL/atac/05012023_nextseq_i7/CQTL_AM7635_A_CTL_18_2_S5_R1_001.fastq.gz, /proj/phanstiel_lab/Data/raw/CQTL/atac/05012023_nextseq_i7/CQTL_AM7635_A_CTL_18_2_S5_R2_001.fastq.gz
    output: output/fastq/CQTL_AM7735_CTL_Ankle_1_R1.fastq.gz, output/fastq/CQTL_AM7735_CTL_Ankle_1_R2.fastq.gz
    log: output/logs/CQTL_AM7735_CTL_Ankle_1_R1_catReads.err, output/logs/CQTL_AM7735_CTL_Ankle_1_R2_catReads.err
    jobid: 75
    benchmark: output/benchmarks/CQTL_AM7735_CTL_Ankle_1_catReads.tsv
    wildcards: sampleName=CQTL_AM7735_CTL_Ankle_1


        cat /proj/phanstiel_lab/Data/raw/CQTL/atac/05012023_nextseq_i7/CQTL_AM7635_A_CTL_18_2_S5_R1_001.fastq.gz > output/fastq/CQTL_AM7735_CTL_Ankle_1_R1.fastq.gz 2> output/logs/CQTL_AM7735_CTL_Ankle_1_R1_catReads.err
        cat /proj/phanstiel_lab/Data/raw/CQTL/atac/05012023_nextseq_i7/CQTL_AM7635_A_CTL_18_2_S5_R2_001.fastq.gz > output/fastq/CQTL_AM7735_CTL_Ankle_1_R2.fastq.gz 2> output/logs/CQTL_AM7735_CTL_Ankle_1_R2_catReads.err
        
Submitted job 75 with external jobid '49270981'.

[Wed Sep 18 15:47:58 2024]
rule catReads:
    input: /proj/phanstiel_lab/Data/raw/CQTL/atac/07182023_nextseq_i7/CQTL_AM7754_A_CTL_18_2_S5_R1_001.fastq.gz, /proj/phanstiel_lab/Data/raw/CQTL/atac/07182023_nextseq_i7/CQTL_AM7754_A_CTL_18_2_S5_R2_001.fastq.gz
    output: output/fastq/CQTL_AM7754_CTL_Ankle_replicate_R1.fastq.gz, output/fastq/CQTL_AM7754_CTL_Ankle_replicate_R2.fastq.gz
    log: output/logs/CQTL_AM7754_CTL_Ankle_replicate_R1_catReads.err, output/logs/CQTL_AM7754_CTL_Ankle_replicate_R2_catReads.err
    jobid: 78
    benchmark: output/benchmarks/CQTL_AM7754_CTL_Ankle_replicate_catReads.tsv
    wildcards: sampleName=CQTL_AM7754_CTL_Ankle_replicate


        cat /proj/phanstiel_lab/Data/raw/CQTL/atac/07182023_nextseq_i7/CQTL_AM7754_A_CTL_18_2_S5_R1_001.fastq.gz > output/fastq/CQTL_AM7754_CTL_Ankle_replicate_R1.fastq.gz 2> output/logs/CQTL_AM7754_CTL_Ankle_replicate_R1_catReads.err
        cat /proj/phanstiel_lab/Data/raw/CQTL/atac/07182023_nextseq_i7/CQTL_AM7754_A_CTL_18_2_S5_R2_001.fastq.gz > output/fastq/CQTL_AM7754_CTL_Ankle_replicate_R2.fastq.gz 2> output/logs/CQTL_AM7754_CTL_Ankle_replicate_R2_catReads.err
        
Submitted job 78 with external jobid '49270983'.

[Wed Sep 18 15:48:03 2024]
rule catReads:
    input: /proj/phanstiel_lab/Data/raw/CQTL/atac/06022023_nextse_i7/CQTL_AM7763_A_FNF_18_1_S6_R1_001.fastq.gz, /proj/phanstiel_lab/Data/raw/CQTL/atac/06022023_nextse_i7/CQTL_AM7763_A_FNF_18_1_S6_R2_001.fastq.gz
    output: output/fastq/CQTL_AM7763_FNF_Ankle_1_R1.fastq.gz, output/fastq/CQTL_AM7763_FNF_Ankle_1_R2.fastq.gz
    log: output/logs/CQTL_AM7763_FNF_Ankle_1_R1_catReads.err, output/logs/CQTL_AM7763_FNF_Ankle_1_R2_catReads.err
    jobid: 86
    benchmark: output/benchmarks/CQTL_AM7763_FNF_Ankle_1_catReads.tsv
    wildcards: sampleName=CQTL_AM7763_FNF_Ankle_1


        cat /proj/phanstiel_lab/Data/raw/CQTL/atac/06022023_nextse_i7/CQTL_AM7763_A_FNF_18_1_S6_R1_001.fastq.gz > output/fastq/CQTL_AM7763_FNF_Ankle_1_R1.fastq.gz 2> output/logs/CQTL_AM7763_FNF_Ankle_1_R1_catReads.err
        cat /proj/phanstiel_lab/Data/raw/CQTL/atac/06022023_nextse_i7/CQTL_AM7763_A_FNF_18_1_S6_R2_001.fastq.gz > output/fastq/CQTL_AM7763_FNF_Ankle_1_R2.fastq.gz 2> output/logs/CQTL_AM7763_FNF_Ankle_1_R2_catReads.err
        
Submitted job 86 with external jobid '49270984'.

[Wed Sep 18 15:48:08 2024]
rule catReads:
    input: /proj/phanstiel_lab/Data/raw/CQTL/atac/06022023_nextse_i7/CQTL_AM7754_A_FNF_18_1_S2_R1_001.fastq.gz, /proj/phanstiel_lab/Data/raw/CQTL/atac/06022023_nextse_i7/CQTL_AM7754_A_FNF_18_1_S2_R2_001.fastq.gz
    output: output/fastq/CQTL_AM7754_FNF_Ankle_1_R1.fastq.gz, output/fastq/CQTL_AM7754_FNF_Ankle_1_R2.fastq.gz
    log: output/logs/CQTL_AM7754_FNF_Ankle_1_R1_catReads.err, output/logs/CQTL_AM7754_FNF_Ankle_1_R2_catReads.err
    jobid: 79
    benchmark: output/benchmarks/CQTL_AM7754_FNF_Ankle_1_catReads.tsv
    wildcards: sampleName=CQTL_AM7754_FNF_Ankle_1


        cat /proj/phanstiel_lab/Data/raw/CQTL/atac/06022023_nextse_i7/CQTL_AM7754_A_FNF_18_1_S2_R1_001.fastq.gz > output/fastq/CQTL_AM7754_FNF_Ankle_1_R1.fastq.gz 2> output/logs/CQTL_AM7754_FNF_Ankle_1_R1_catReads.err
        cat /proj/phanstiel_lab/Data/raw/CQTL/atac/06022023_nextse_i7/CQTL_AM7754_A_FNF_18_1_S2_R2_001.fastq.gz > output/fastq/CQTL_AM7754_FNF_Ankle_1_R2.fastq.gz 2> output/logs/CQTL_AM7754_FNF_Ankle_1_R2_catReads.err
        
Submitted job 79 with external jobid '49270985'.

[Wed Sep 18 15:48:14 2024]
rule catReads:
    input: /proj/phanstiel_lab/Data/raw/CQTL/atac/12072022_nextseq_i7/fastq/CQTL_AM7677_A_CTL_18_1_S1_R1_001.fastq.gz, /proj/phanstiel_lab/Data/raw/CQTL/atac/12072022_nextseq_i7/fastq/CQTL_AM7677_A_CTL_18_1_S1_R2_001.fastq.gz
    output: output/fastq/CQTL_AM7677_CTL_Ankle_1_R1.fastq.gz, output/fastq/CQTL_AM7677_CTL_Ankle_1_R2.fastq.gz
    log: output/logs/CQTL_AM7677_CTL_Ankle_1_R1_catReads.err, output/logs/CQTL_AM7677_CTL_Ankle_1_R2_catReads.err
    jobid: 59
    benchmark: output/benchmarks/CQTL_AM7677_CTL_Ankle_1_catReads.tsv
    wildcards: sampleName=CQTL_AM7677_CTL_Ankle_1


        cat /proj/phanstiel_lab/Data/raw/CQTL/atac/12072022_nextseq_i7/fastq/CQTL_AM7677_A_CTL_18_1_S1_R1_001.fastq.gz > output/fastq/CQTL_AM7677_CTL_Ankle_1_R1.fastq.gz 2> output/logs/CQTL_AM7677_CTL_Ankle_1_R1_catReads.err
        cat /proj/phanstiel_lab/Data/raw/CQTL/atac/12072022_nextseq_i7/fastq/CQTL_AM7677_A_CTL_18_1_S1_R2_001.fastq.gz > output/fastq/CQTL_AM7677_CTL_Ankle_1_R2.fastq.gz 2> output/logs/CQTL_AM7677_CTL_Ankle_1_R2_catReads.err
        
Submitted job 59 with external jobid '49270986'.

[Wed Sep 18 15:48:19 2024]
rule catReads:
    input: /proj/phanstiel_lab/Data/raw/CQTL/atac/06232023_nextseq_i7/CQTL_AM7771_A_FNF_18_2_S6_R1_001.fastq.gz, /proj/phanstiel_lab/Data/raw/CQTL/atac/06232023_nextseq_i7/CQTL_AM7771_A_FNF_18_2_S6_R2_001.fastq.gz
    output: output/fastq/CQTL_AM7771_FNF_Ankle_1_R1.fastq.gz, output/fastq/CQTL_AM7771_FNF_Ankle_1_R2.fastq.gz
    log: output/logs/CQTL_AM7771_FNF_Ankle_1_R1_catReads.err, output/logs/CQTL_AM7771_FNF_Ankle_1_R2_catReads.err
    jobid: 92
    benchmark: output/benchmarks/CQTL_AM7771_FNF_Ankle_1_catReads.tsv
    wildcards: sampleName=CQTL_AM7771_FNF_Ankle_1


        cat /proj/phanstiel_lab/Data/raw/CQTL/atac/06232023_nextseq_i7/CQTL_AM7771_A_FNF_18_2_S6_R1_001.fastq.gz > output/fastq/CQTL_AM7771_FNF_Ankle_1_R1.fastq.gz 2> output/logs/CQTL_AM7771_FNF_Ankle_1_R1_catReads.err
        cat /proj/phanstiel_lab/Data/raw/CQTL/atac/06232023_nextseq_i7/CQTL_AM7771_A_FNF_18_2_S6_R2_001.fastq.gz > output/fastq/CQTL_AM7771_FNF_Ankle_1_R2.fastq.gz 2> output/logs/CQTL_AM7771_FNF_Ankle_1_R2_catReads.err
        
Submitted job 92 with external jobid '49270987'.

[Wed Sep 18 15:48:24 2024]
rule catReads:
    input: /proj/phanstiel_lab/Data/raw/FACT/atac/FACT_23-0016_A_CTL_18_1_S3_R1_001.fastq.gz, /proj/phanstiel_lab/Data/raw/FACT/atac/FACT_23-0016_A_CTL_18_1_S3_R2_001.fastq.gz
    output: output/fastq/FACT_23-0016_CTL_synovium_1_R1.fastq.gz, output/fastq/FACT_23-0016_CTL_synovium_1_R2.fastq.gz
    log: output/logs/FACT_23-0016_CTL_synovium_1_R1_catReads.err, output/logs/FACT_23-0016_CTL_synovium_1_R2_catReads.err
    jobid: 109
    benchmark: output/benchmarks/FACT_23-0016_CTL_synovium_1_catReads.tsv
    wildcards: sampleName=FACT_23-0016_CTL_synovium_1


        cat /proj/phanstiel_lab/Data/raw/FACT/atac/FACT_23-0016_A_CTL_18_1_S3_R1_001.fastq.gz > output/fastq/FACT_23-0016_CTL_synovium_1_R1.fastq.gz 2> output/logs/FACT_23-0016_CTL_synovium_1_R1_catReads.err
        cat /proj/phanstiel_lab/Data/raw/FACT/atac/FACT_23-0016_A_CTL_18_1_S3_R2_001.fastq.gz > output/fastq/FACT_23-0016_CTL_synovium_1_R2.fastq.gz 2> output/logs/FACT_23-0016_CTL_synovium_1_R2_catReads.err
        
Submitted job 109 with external jobid '49270990'.

[Wed Sep 18 15:48:30 2024]
rule catReads:
    input: /proj/phanstiel_lab/Data/raw/CQTL/atac/06022023_nextse_i7/CQTL_AM7754_A_CTL_18_1_S1_R1_001.fastq.gz, /proj/phanstiel_lab/Data/raw/CQTL/atac/06022023_nextse_i7/CQTL_AM7754_A_CTL_18_1_S1_R2_001.fastq.gz
    output: output/fastq/CQTL_AM7754_CTL_Ankle_1_R1.fastq.gz, output/fastq/CQTL_AM7754_CTL_Ankle_1_R2.fastq.gz
    log: output/logs/CQTL_AM7754_CTL_Ankle_1_R1_catReads.err, output/logs/CQTL_AM7754_CTL_Ankle_1_R2_catReads.err
    jobid: 77
    benchmark: output/benchmarks/CQTL_AM7754_CTL_Ankle_1_catReads.tsv
    wildcards: sampleName=CQTL_AM7754_CTL_Ankle_1


        cat /proj/phanstiel_lab/Data/raw/CQTL/atac/06022023_nextse_i7/CQTL_AM7754_A_CTL_18_1_S1_R1_001.fastq.gz > output/fastq/CQTL_AM7754_CTL_Ankle_1_R1.fastq.gz 2> output/logs/CQTL_AM7754_CTL_Ankle_1_R1_catReads.err
        cat /proj/phanstiel_lab/Data/raw/CQTL/atac/06022023_nextse_i7/CQTL_AM7754_A_CTL_18_1_S1_R2_001.fastq.gz > output/fastq/CQTL_AM7754_CTL_Ankle_1_R2.fastq.gz 2> output/logs/CQTL_AM7754_CTL_Ankle_1_R2_catReads.err
        
Submitted job 77 with external jobid '49270993'.

[Wed Sep 18 15:48:36 2024]
rule catReads:
    input: /proj/phanstiel_lab/Data/raw/FACT/atac/FACT_23-0022_A_CTL_18_1_S5_R1_001.fastq.gz, /proj/phanstiel_lab/Data/raw/FACT/atac/FACT_23-0022_A_CTL_18_1_S5_R2_001.fastq.gz
    output: output/fastq/FACT_23-0022_CTL_synovium_1_R1.fastq.gz, output/fastq/FACT_23-0022_CTL_synovium_1_R2.fastq.gz
    log: output/logs/FACT_23-0022_CTL_synovium_1_R1_catReads.err, output/logs/FACT_23-0022_CTL_synovium_1_R2_catReads.err
    jobid: 111
    benchmark: output/benchmarks/FACT_23-0022_CTL_synovium_1_catReads.tsv
    wildcards: sampleName=FACT_23-0022_CTL_synovium_1


        cat /proj/phanstiel_lab/Data/raw/FACT/atac/FACT_23-0022_A_CTL_18_1_S5_R1_001.fastq.gz > output/fastq/FACT_23-0022_CTL_synovium_1_R1.fastq.gz 2> output/logs/FACT_23-0022_CTL_synovium_1_R1_catReads.err
        cat /proj/phanstiel_lab/Data/raw/FACT/atac/FACT_23-0022_A_CTL_18_1_S5_R2_001.fastq.gz > output/fastq/FACT_23-0022_CTL_synovium_1_R2.fastq.gz 2> output/logs/FACT_23-0022_CTL_synovium_1_R2_catReads.err
        
Submitted job 111 with external jobid '49270995'.

[Wed Sep 18 15:48:41 2024]
rule catReads:
    input: /proj/phanstiel_lab/Data/raw/FACT/atac/FACT_23-0013_A_FNF_18_1_S2_R1_001.fastq.gz, /proj/phanstiel_lab/Data/raw/FACT/atac/FACT_23-0013_A_FNF_18_1_S2_R2_001.fastq.gz
    output: output/fastq/FACT_23-0013_FNF_synovium_1_R1.fastq.gz, output/fastq/FACT_23-0013_FNF_synovium_1_R2.fastq.gz
    log: output/logs/FACT_23-0013_FNF_synovium_1_R1_catReads.err, output/logs/FACT_23-0013_FNF_synovium_1_R2_catReads.err
    jobid: 108
    benchmark: output/benchmarks/FACT_23-0013_FNF_synovium_1_catReads.tsv
    wildcards: sampleName=FACT_23-0013_FNF_synovium_1


        cat /proj/phanstiel_lab/Data/raw/FACT/atac/FACT_23-0013_A_FNF_18_1_S2_R1_001.fastq.gz > output/fastq/FACT_23-0013_FNF_synovium_1_R1.fastq.gz 2> output/logs/FACT_23-0013_FNF_synovium_1_R1_catReads.err
        cat /proj/phanstiel_lab/Data/raw/FACT/atac/FACT_23-0013_A_FNF_18_1_S2_R2_001.fastq.gz > output/fastq/FACT_23-0013_FNF_synovium_1_R2.fastq.gz 2> output/logs/FACT_23-0013_FNF_synovium_1_R2_catReads.err
        
Submitted job 108 with external jobid '49270996'.

[Wed Sep 18 15:48:46 2024]
rule catReads:
    input: /proj/phanstiel_lab/Data/raw/CQTL/atac/07182023_nextseq_i7/CQTL_AM7781_A_FNF_18_1_S4_R1_001.fastq.gz, /proj/phanstiel_lab/Data/raw/CQTL/atac/07182023_nextseq_i7/CQTL_AM7781_A_FNF_18_1_S4_R2_001.fastq.gz
    output: output/fastq/CQTL_AM7781_FNF_Ankle_1_R1.fastq.gz, output/fastq/CQTL_AM7781_FNF_Ankle_1_R2.fastq.gz
    log: output/logs/CQTL_AM7781_FNF_Ankle_1_R1_catReads.err, output/logs/CQTL_AM7781_FNF_Ankle_1_R2_catReads.err
    jobid: 100
    benchmark: output/benchmarks/CQTL_AM7781_FNF_Ankle_1_catReads.tsv
    wildcards: sampleName=CQTL_AM7781_FNF_Ankle_1


        cat /proj/phanstiel_lab/Data/raw/CQTL/atac/07182023_nextseq_i7/CQTL_AM7781_A_FNF_18_1_S4_R1_001.fastq.gz > output/fastq/CQTL_AM7781_FNF_Ankle_1_R1.fastq.gz 2> output/logs/CQTL_AM7781_FNF_Ankle_1_R1_catReads.err
        cat /proj/phanstiel_lab/Data/raw/CQTL/atac/07182023_nextseq_i7/CQTL_AM7781_A_FNF_18_1_S4_R2_001.fastq.gz > output/fastq/CQTL_AM7781_FNF_Ankle_1_R2.fastq.gz 2> output/logs/CQTL_AM7781_FNF_Ankle_1_R2_catReads.err
        
Submitted job 100 with external jobid '49271000'.

[Wed Sep 18 15:48:51 2024]
rule catReads:
    input: /proj/phanstiel_lab/Data/raw/CQTL/atac/05012023_nextseq_i7/CQTL_AM7626_A_FNF_18_2_S2_R1_001.fastq.gz, /proj/phanstiel_lab/Data/raw/CQTL/atac/05012023_nextseq_i7/CQTL_AM7626_A_FNF_18_2_S2_R2_001.fastq.gz
    output: output/fastq/CQTL_AM7726_FNF_Ankle_1_R1.fastq.gz, output/fastq/CQTL_AM7726_FNF_Ankle_1_R2.fastq.gz
    log: output/logs/CQTL_AM7726_FNF_Ankle_1_R1_catReads.err, output/logs/CQTL_AM7726_FNF_Ankle_1_R2_catReads.err
    jobid: 72
    benchmark: output/benchmarks/CQTL_AM7726_FNF_Ankle_1_catReads.tsv
    wildcards: sampleName=CQTL_AM7726_FNF_Ankle_1


        cat /proj/phanstiel_lab/Data/raw/CQTL/atac/05012023_nextseq_i7/CQTL_AM7626_A_FNF_18_2_S2_R1_001.fastq.gz > output/fastq/CQTL_AM7726_FNF_Ankle_1_R1.fastq.gz 2> output/logs/CQTL_AM7726_FNF_Ankle_1_R1_catReads.err
        cat /proj/phanstiel_lab/Data/raw/CQTL/atac/05012023_nextseq_i7/CQTL_AM7626_A_FNF_18_2_S2_R2_001.fastq.gz > output/fastq/CQTL_AM7726_FNF_Ankle_1_R2.fastq.gz 2> output/logs/CQTL_AM7726_FNF_Ankle_1_R2_catReads.err
        
Submitted job 72 with external jobid '49271001'.

[Wed Sep 18 15:48:56 2024]
rule catReads:
    input: /proj/phanstiel_lab/Data/raw/CQTL/atac/12072022_nextseq_i7/fastq/CQTL_AM7678_A_FNF_18_1_S4_R1_001.fastq.gz, /proj/phanstiel_lab/Data/raw/CQTL/atac/12072022_nextseq_i7/fastq/CQTL_AM7678_A_FNF_18_1_S4_R2_001.fastq.gz
    output: output/fastq/CQTL_AM7678_FNF_Ankle_1_R1.fastq.gz, output/fastq/CQTL_AM7678_FNF_Ankle_1_R2.fastq.gz
    log: output/logs/CQTL_AM7678_FNF_Ankle_1_R1_catReads.err, output/logs/CQTL_AM7678_FNF_Ankle_1_R2_catReads.err
    jobid: 62
    benchmark: output/benchmarks/CQTL_AM7678_FNF_Ankle_1_catReads.tsv
    wildcards: sampleName=CQTL_AM7678_FNF_Ankle_1


        cat /proj/phanstiel_lab/Data/raw/CQTL/atac/12072022_nextseq_i7/fastq/CQTL_AM7678_A_FNF_18_1_S4_R1_001.fastq.gz > output/fastq/CQTL_AM7678_FNF_Ankle_1_R1.fastq.gz 2> output/logs/CQTL_AM7678_FNF_Ankle_1_R1_catReads.err
        cat /proj/phanstiel_lab/Data/raw/CQTL/atac/12072022_nextseq_i7/fastq/CQTL_AM7678_A_FNF_18_1_S4_R2_001.fastq.gz > output/fastq/CQTL_AM7678_FNF_Ankle_1_R2.fastq.gz 2> output/logs/CQTL_AM7678_FNF_Ankle_1_R2_catReads.err
        
Submitted job 62 with external jobid '49271002'.
