Building DAG of jobs...
Using shell: /usr/bin/bash
Provided cluster nodes: 100
Job counts:
	count	jobs
	1	all
	1	categorize_samples
	1	process_vcf
	1	reheader
	4

[Mon Nov 18 14:11:57 2024]
rule categorize_samples:
    output: output/CTL_samples.txt, output/FNF_samples.txt
    log: output/logs/categorize_samples.out, output/logs/categorize_samples.err
    jobid: 3


        mkdir -p output/logs
        sh /work/users/s/e/seyoun/CQTL_AI/scripts/categorize_samples.sh 1> output/logs/categorize_samples.out 2> output/logs/categorize_samples.err
        
        # Move output files to expected locations
        mv /work/users/s/e/seyoun/CQTL_AI/Genopipe/output/CTL_samples.txt output/CTL_samples.txt 2>> output/logs/categorize_samples.err
        mv /work/users/s/e/seyoun/CQTL_AI/Genopipe/output/FNF_samples.txt output/FNF_samples.txt 2>> output/logs/categorize_samples.err
        
Submitted job 3 with external jobid '54392623'.
