Building DAG of jobs...
Using shell: /usr/bin/bash
Provided cluster nodes: 100
Job counts:
	count	jobs
	1	all
	2	verifybamid
	3

[Tue Dec  3 17:41:48 2024]
rule verifybamid:
    input: rna_output/align/CQTL_AM7778FE_FNF_Femur_1_RG.bam, rna_output/align/CQTL_AM7778FE_FNF_Femur_1_RG.bam.bai, output/geno/fnf_geno_other/fnf.rename_wCHR.vcf.gz
    output: rna_output/QC/CQTL_AM7778FE_FNF_Femur_1_verifyBamID.selfSM, rna_output/QC/CQTL_AM7778FE_FNF_Femur_1_verifyBamID.selfRG, rna_output/QC/CQTL_AM7778FE_FNF_Femur_1_verifyBamID.bestRG, rna_output/QC/CQTL_AM7778FE_FNF_Femur_1_verifyBamID.bestSM, rna_output/QC/CQTL_AM7778FE_FNF_Femur_1_verifyBamID.depthRG, rna_output/QC/CQTL_AM7778FE_FNF_Femur_1_verifyBamID.depthSM
    log: rna_output/logs/verifyBamID_CQTL_AM7778FE_FNF_Femur_1.err
    jobid: 1
    wildcards: sampleName=CQTL_AM7778FE_FNF_Femur_1


        echo "Using VCF file: output/geno/fnf_geno_other/fnf.rename_wCHR.vcf.gz"

        /users/s/e/seyoun/tools/verifyBamID_1.1.3/verifyBamID/bin/verifyBamID --vcf output/geno/fnf_geno_other/fnf.rename_wCHR.vcf.gz --bam rna_output/align/CQTL_AM7778FE_FNF_Femur_1_RG.bam --bai rna_output/align/CQTL_AM7778FE_FNF_Femur_1_RG.bam.bai --best --out rna_output/QC/CQTL_AM7778FE_FNF_Femur_1_verifyBamID 2> rna_output/logs/verifyBamID_CQTL_AM7778FE_FNF_Femur_1.err
        
Submitted job 1 with external jobid '55217007'.

[Tue Dec  3 17:41:50 2024]
rule verifybamid:
    input: rna_output/align/CQTL_AM7778FE_CTL_Femur_1_RG.bam, rna_output/align/CQTL_AM7778FE_CTL_Femur_1_RG.bam.bai, output/geno/pbs_geno_other/pbs.rename_wCHR.vcf.gz
    output: rna_output/QC/CQTL_AM7778FE_CTL_Femur_1_verifyBamID.selfSM, rna_output/QC/CQTL_AM7778FE_CTL_Femur_1_verifyBamID.selfRG, rna_output/QC/CQTL_AM7778FE_CTL_Femur_1_verifyBamID.bestRG, rna_output/QC/CQTL_AM7778FE_CTL_Femur_1_verifyBamID.bestSM, rna_output/QC/CQTL_AM7778FE_CTL_Femur_1_verifyBamID.depthRG, rna_output/QC/CQTL_AM7778FE_CTL_Femur_1_verifyBamID.depthSM
    log: rna_output/logs/verifyBamID_CQTL_AM7778FE_CTL_Femur_1.err
    jobid: 2
    wildcards: sampleName=CQTL_AM7778FE_CTL_Femur_1


        echo "Using VCF file: output/geno/pbs_geno_other/pbs.rename_wCHR.vcf.gz"

        /users/s/e/seyoun/tools/verifyBamID_1.1.3/verifyBamID/bin/verifyBamID --vcf output/geno/pbs_geno_other/pbs.rename_wCHR.vcf.gz --bam rna_output/align/CQTL_AM7778FE_CTL_Femur_1_RG.bam --bai rna_output/align/CQTL_AM7778FE_CTL_Femur_1_RG.bam.bai --best --out rna_output/QC/CQTL_AM7778FE_CTL_Femur_1_verifyBamID 2> rna_output/logs/verifyBamID_CQTL_AM7778FE_CTL_Femur_1.err
        
Submitted job 2 with external jobid '55217016'.
[Mon Dec  9 08:49:10 2024]
Finished job 1.
1 of 3 steps (33%) done
[Fri Dec 13 00:03:29 2024]
Finished job 2.
2 of 3 steps (67%) done

[Fri Dec 13 00:03:30 2024]
localrule all:
    input: rna_output/QC/CQTL_AM7778FE_FNF_Femur_1_verifyBamID.selfSM, rna_output/QC/CQTL_AM7778FE_FNF_Femur_1_verifyBamID.selfRG, rna_output/QC/CQTL_AM7778FE_FNF_Femur_1_verifyBamID.bestRG, rna_output/QC/CQTL_AM7778FE_FNF_Femur_1_verifyBamID.bestSM, rna_output/QC/CQTL_AM7778FE_FNF_Femur_1_verifyBamID.depthRG, rna_output/QC/CQTL_AM7778FE_FNF_Femur_1_verifyBamID.depthSM, rna_output/QC/CQTL_AM7778FE_CTL_Femur_1_verifyBamID.selfSM, rna_output/QC/CQTL_AM7778FE_CTL_Femur_1_verifyBamID.selfRG, rna_output/QC/CQTL_AM7778FE_CTL_Femur_1_verifyBamID.bestRG, rna_output/QC/CQTL_AM7778FE_CTL_Femur_1_verifyBamID.bestSM, rna_output/QC/CQTL_AM7778FE_CTL_Femur_1_verifyBamID.depthRG, rna_output/QC/CQTL_AM7778FE_CTL_Femur_1_verifyBamID.depthSM
    jobid: 0

[Fri Dec 13 00:03:30 2024]
Finished job 0.
3 of 3 steps (100%) done
Complete log: /work/users/s/e/seyoun/CQTL_AI/.snakemake/log/2024-12-03T174148.579481.snakemake.log
