Building DAG of jobs...
Using shell: /usr/bin/bash
Provided cluster nodes: 100
Job counts:
	count	jobs
	1	all_subset
	6	verifybamid
	7

[Wed Nov 27 16:26:24 2024]
rule verifybamid:
    input: output/align/CQTL_AM7754_CTL_Ankle_replicate_RG.bam, output/align/CQTL_AM7754_CTL_Ankle_replicate_RG.bam.bai, output/geno/pbs_geno_other/pbs.rename_wCHR.vcf.gz, output/geno/fnf_geno_other/fnf.rename_wCHR.vcf.gz
    output: output/QC/CQTL_AM7754_CTL_Ankle_replicate_verifybamid.selfSM, output/QC/CQTL_AM7754_CTL_Ankle_replicate_verifybamid.selfRG, output/QC/CQTL_AM7754_CTL_Ankle_replicate_verifybamid.bestRG, output/QC/CQTL_AM7754_CTL_Ankle_replicate_verifybamid.bestSM, output/QC/CQTL_AM7754_CTL_Ankle_replicate_verifybamid.depthRG, output/QC/CQTL_AM7754_CTL_Ankle_replicate_verifybamid.depthSM
    log: output/logs/verifyBamID_CQTL_AM7754_CTL_Ankle_replicate.err
    jobid: 6
    wildcards: sampleName=CQTL_AM7754_CTL_Ankle_replicate


        
        if [[ "CQTL_AM7754_CTL_Ankle_replicate" == *"CTL"* ]]; then
            vcf_file=output/geno/pbs_geno_other/pbs.rename_wCHR.vcf.gz
        elif [[ "CQTL_AM7754_CTL_Ankle_replicate" == *"FNF"* ]]; then
            vcf_file=output/geno/fnf_geno_other/fnf.rename_wCHR.vcf.gz
        else
            echo "Error: Sample type not recognized in CQTL_AM7754_CTL_Ankle_replicate"
            exit 1
        fi
        
        echo "$vcf_file"

        /users/s/e/seyoun/tools/verifyBamID_1.1.3/verifyBamID/bin/verifyBamID --vcf $vcf_file --bam output/align/CQTL_AM7754_CTL_Ankle_replicate_RG.bam --bai output/align/CQTL_AM7754_CTL_Ankle_replicate_RG.bam.bai --best --out output/QC/CQTL_AM7754_CTL_Ankle_replicate_verifyBamID 2> output/logs/verifyBamID_CQTL_AM7754_CTL_Ankle_replicate.err
        
Submitted job 6 with external jobid '54990283'.

[Wed Nov 27 16:26:29 2024]
rule verifybamid:
    input: output/align/CQTL_AM7755_FNF_Ankle_replicate_RG.bam, output/align/CQTL_AM7755_FNF_Ankle_replicate_RG.bam.bai, output/geno/pbs_geno_other/pbs.rename_wCHR.vcf.gz, output/geno/fnf_geno_other/fnf.rename_wCHR.vcf.gz
    output: output/QC/CQTL_AM7755_FNF_Ankle_replicate_verifybamid.selfSM, output/QC/CQTL_AM7755_FNF_Ankle_replicate_verifybamid.selfRG, output/QC/CQTL_AM7755_FNF_Ankle_replicate_verifybamid.bestRG, output/QC/CQTL_AM7755_FNF_Ankle_replicate_verifybamid.bestSM, output/QC/CQTL_AM7755_FNF_Ankle_replicate_verifybamid.depthRG, output/QC/CQTL_AM7755_FNF_Ankle_replicate_verifybamid.depthSM
    log: output/logs/verifyBamID_CQTL_AM7755_FNF_Ankle_replicate.err
    jobid: 4
    wildcards: sampleName=CQTL_AM7755_FNF_Ankle_replicate


        
        if [[ "CQTL_AM7755_FNF_Ankle_replicate" == *"CTL"* ]]; then
            vcf_file=output/geno/pbs_geno_other/pbs.rename_wCHR.vcf.gz
        elif [[ "CQTL_AM7755_FNF_Ankle_replicate" == *"FNF"* ]]; then
            vcf_file=output/geno/fnf_geno_other/fnf.rename_wCHR.vcf.gz
        else
            echo "Error: Sample type not recognized in CQTL_AM7755_FNF_Ankle_replicate"
            exit 1
        fi
        
        echo "$vcf_file"

        /users/s/e/seyoun/tools/verifyBamID_1.1.3/verifyBamID/bin/verifyBamID --vcf $vcf_file --bam output/align/CQTL_AM7755_FNF_Ankle_replicate_RG.bam --bai output/align/CQTL_AM7755_FNF_Ankle_replicate_RG.bam.bai --best --out output/QC/CQTL_AM7755_FNF_Ankle_replicate_verifyBamID 2> output/logs/verifyBamID_CQTL_AM7755_FNF_Ankle_replicate.err
        
Submitted job 4 with external jobid '54990286'.

[Wed Nov 27 16:26:34 2024]
rule verifybamid:
    input: output/align/CQTL_AM7755_CTL_Ankle_replicate_RG.bam, output/align/CQTL_AM7755_CTL_Ankle_replicate_RG.bam.bai, output/geno/pbs_geno_other/pbs.rename_wCHR.vcf.gz, output/geno/fnf_geno_other/fnf.rename_wCHR.vcf.gz
    output: output/QC/CQTL_AM7755_CTL_Ankle_replicate_verifybamid.selfSM, output/QC/CQTL_AM7755_CTL_Ankle_replicate_verifybamid.selfRG, output/QC/CQTL_AM7755_CTL_Ankle_replicate_verifybamid.bestRG, output/QC/CQTL_AM7755_CTL_Ankle_replicate_verifybamid.bestSM, output/QC/CQTL_AM7755_CTL_Ankle_replicate_verifybamid.depthRG, output/QC/CQTL_AM7755_CTL_Ankle_replicate_verifybamid.depthSM
    log: output/logs/verifyBamID_CQTL_AM7755_CTL_Ankle_replicate.err
    jobid: 7
    wildcards: sampleName=CQTL_AM7755_CTL_Ankle_replicate


        
        if [[ "CQTL_AM7755_CTL_Ankle_replicate" == *"CTL"* ]]; then
            vcf_file=output/geno/pbs_geno_other/pbs.rename_wCHR.vcf.gz
        elif [[ "CQTL_AM7755_CTL_Ankle_replicate" == *"FNF"* ]]; then
            vcf_file=output/geno/fnf_geno_other/fnf.rename_wCHR.vcf.gz
        else
            echo "Error: Sample type not recognized in CQTL_AM7755_CTL_Ankle_replicate"
            exit 1
        fi
        
        echo "$vcf_file"

        /users/s/e/seyoun/tools/verifyBamID_1.1.3/verifyBamID/bin/verifyBamID --vcf $vcf_file --bam output/align/CQTL_AM7755_CTL_Ankle_replicate_RG.bam --bai output/align/CQTL_AM7755_CTL_Ankle_replicate_RG.bam.bai --best --out output/QC/CQTL_AM7755_CTL_Ankle_replicate_verifyBamID 2> output/logs/verifyBamID_CQTL_AM7755_CTL_Ankle_replicate.err
        
Submitted job 7 with external jobid '54990288'.

[Wed Nov 27 16:26:39 2024]
rule verifybamid:
    input: output/align/CQTL_AM7778FE_CTL_Femur_1_RG.bam, output/align/CQTL_AM7778FE_CTL_Femur_1_RG.bam.bai, output/geno/pbs_geno_other/pbs.rename_wCHR.vcf.gz, output/geno/fnf_geno_other/fnf.rename_wCHR.vcf.gz
    output: output/QC/CQTL_AM7778FE_CTL_Femur_1_verifybamid.selfSM, output/QC/CQTL_AM7778FE_CTL_Femur_1_verifybamid.selfRG, output/QC/CQTL_AM7778FE_CTL_Femur_1_verifybamid.bestRG, output/QC/CQTL_AM7778FE_CTL_Femur_1_verifybamid.bestSM, output/QC/CQTL_AM7778FE_CTL_Femur_1_verifybamid.depthRG, output/QC/CQTL_AM7778FE_CTL_Femur_1_verifybamid.depthSM
    log: output/logs/verifyBamID_CQTL_AM7778FE_CTL_Femur_1.err
    jobid: 5
    wildcards: sampleName=CQTL_AM7778FE_CTL_Femur_1


        
        if [[ "CQTL_AM7778FE_CTL_Femur_1" == *"CTL"* ]]; then
            vcf_file=output/geno/pbs_geno_other/pbs.rename_wCHR.vcf.gz
        elif [[ "CQTL_AM7778FE_CTL_Femur_1" == *"FNF"* ]]; then
            vcf_file=output/geno/fnf_geno_other/fnf.rename_wCHR.vcf.gz
        else
            echo "Error: Sample type not recognized in CQTL_AM7778FE_CTL_Femur_1"
            exit 1
        fi
        
        echo "$vcf_file"

        /users/s/e/seyoun/tools/verifyBamID_1.1.3/verifyBamID/bin/verifyBamID --vcf $vcf_file --bam output/align/CQTL_AM7778FE_CTL_Femur_1_RG.bam --bai output/align/CQTL_AM7778FE_CTL_Femur_1_RG.bam.bai --best --out output/QC/CQTL_AM7778FE_CTL_Femur_1_verifyBamID 2> output/logs/verifyBamID_CQTL_AM7778FE_CTL_Femur_1.err
        
Submitted job 5 with external jobid '54990290'.

[Wed Nov 27 16:26:44 2024]
rule verifybamid:
    input: output/align/CQTL_AM7754_FNF_Ankle_replicate_RG.bam, output/align/CQTL_AM7754_FNF_Ankle_replicate_RG.bam.bai, output/geno/pbs_geno_other/pbs.rename_wCHR.vcf.gz, output/geno/fnf_geno_other/fnf.rename_wCHR.vcf.gz
    output: output/QC/CQTL_AM7754_FNF_Ankle_replicate_verifybamid.selfSM, output/QC/CQTL_AM7754_FNF_Ankle_replicate_verifybamid.selfRG, output/QC/CQTL_AM7754_FNF_Ankle_replicate_verifybamid.bestRG, output/QC/CQTL_AM7754_FNF_Ankle_replicate_verifybamid.bestSM, output/QC/CQTL_AM7754_FNF_Ankle_replicate_verifybamid.depthRG, output/QC/CQTL_AM7754_FNF_Ankle_replicate_verifybamid.depthSM
    log: output/logs/verifyBamID_CQTL_AM7754_FNF_Ankle_replicate.err
    jobid: 3
    wildcards: sampleName=CQTL_AM7754_FNF_Ankle_replicate


        
        if [[ "CQTL_AM7754_FNF_Ankle_replicate" == *"CTL"* ]]; then
            vcf_file=output/geno/pbs_geno_other/pbs.rename_wCHR.vcf.gz
        elif [[ "CQTL_AM7754_FNF_Ankle_replicate" == *"FNF"* ]]; then
            vcf_file=output/geno/fnf_geno_other/fnf.rename_wCHR.vcf.gz
        else
            echo "Error: Sample type not recognized in CQTL_AM7754_FNF_Ankle_replicate"
            exit 1
        fi
        
        echo "$vcf_file"

        /users/s/e/seyoun/tools/verifyBamID_1.1.3/verifyBamID/bin/verifyBamID --vcf $vcf_file --bam output/align/CQTL_AM7754_FNF_Ankle_replicate_RG.bam --bai output/align/CQTL_AM7754_FNF_Ankle_replicate_RG.bam.bai --best --out output/QC/CQTL_AM7754_FNF_Ankle_replicate_verifyBamID 2> output/logs/verifyBamID_CQTL_AM7754_FNF_Ankle_replicate.err
        
Submitted job 3 with external jobid '54990292'.

[Wed Nov 27 16:26:49 2024]
rule verifybamid:
    input: output/align/CQTL_AM7778FE_FNF_Femur_1_RG.bam, output/align/CQTL_AM7778FE_FNF_Femur_1_RG.bam.bai, output/geno/pbs_geno_other/pbs.rename_wCHR.vcf.gz, output/geno/fnf_geno_other/fnf.rename_wCHR.vcf.gz
    output: output/QC/CQTL_AM7778FE_FNF_Femur_1_verifybamid.selfSM, output/QC/CQTL_AM7778FE_FNF_Femur_1_verifybamid.selfRG, output/QC/CQTL_AM7778FE_FNF_Femur_1_verifybamid.bestRG, output/QC/CQTL_AM7778FE_FNF_Femur_1_verifybamid.bestSM, output/QC/CQTL_AM7778FE_FNF_Femur_1_verifybamid.depthRG, output/QC/CQTL_AM7778FE_FNF_Femur_1_verifybamid.depthSM
    log: output/logs/verifyBamID_CQTL_AM7778FE_FNF_Femur_1.err
    jobid: 2
    wildcards: sampleName=CQTL_AM7778FE_FNF_Femur_1


        
        if [[ "CQTL_AM7778FE_FNF_Femur_1" == *"CTL"* ]]; then
            vcf_file=output/geno/pbs_geno_other/pbs.rename_wCHR.vcf.gz
        elif [[ "CQTL_AM7778FE_FNF_Femur_1" == *"FNF"* ]]; then
            vcf_file=output/geno/fnf_geno_other/fnf.rename_wCHR.vcf.gz
        else
            echo "Error: Sample type not recognized in CQTL_AM7778FE_FNF_Femur_1"
            exit 1
        fi
        
        echo "$vcf_file"

        /users/s/e/seyoun/tools/verifyBamID_1.1.3/verifyBamID/bin/verifyBamID --vcf $vcf_file --bam output/align/CQTL_AM7778FE_FNF_Femur_1_RG.bam --bai output/align/CQTL_AM7778FE_FNF_Femur_1_RG.bam.bai --best --out output/QC/CQTL_AM7778FE_FNF_Femur_1_verifyBamID 2> output/logs/verifyBamID_CQTL_AM7778FE_FNF_Femur_1.err
        
Submitted job 2 with external jobid '54990293'.
[Wed Nov 27 21:04:40 2024]
Error in rule verifybamid:
    jobid: 6
    output: output/QC/CQTL_AM7754_CTL_Ankle_replicate_verifybamid.selfSM, output/QC/CQTL_AM7754_CTL_Ankle_replicate_verifybamid.selfRG, output/QC/CQTL_AM7754_CTL_Ankle_replicate_verifybamid.bestRG, output/QC/CQTL_AM7754_CTL_Ankle_replicate_verifybamid.bestSM, output/QC/CQTL_AM7754_CTL_Ankle_replicate_verifybamid.depthRG, output/QC/CQTL_AM7754_CTL_Ankle_replicate_verifybamid.depthSM
    log: output/logs/verifyBamID_CQTL_AM7754_CTL_Ankle_replicate.err (check log file(s) for error message)
    shell:
        
        
        if [[ "CQTL_AM7754_CTL_Ankle_replicate" == *"CTL"* ]]; then
            vcf_file=output/geno/pbs_geno_other/pbs.rename_wCHR.vcf.gz
        elif [[ "CQTL_AM7754_CTL_Ankle_replicate" == *"FNF"* ]]; then
            vcf_file=output/geno/fnf_geno_other/fnf.rename_wCHR.vcf.gz
        else
            echo "Error: Sample type not recognized in CQTL_AM7754_CTL_Ankle_replicate"
            exit 1
        fi
        
        echo "$vcf_file"

        /users/s/e/seyoun/tools/verifyBamID_1.1.3/verifyBamID/bin/verifyBamID --vcf $vcf_file --bam output/align/CQTL_AM7754_CTL_Ankle_replicate_RG.bam --bai output/align/CQTL_AM7754_CTL_Ankle_replicate_RG.bam.bai --best --out output/QC/CQTL_AM7754_CTL_Ankle_replicate_verifyBamID 2> output/logs/verifyBamID_CQTL_AM7754_CTL_Ankle_replicate.err
        
        (one of the commands exited with non-zero exit code; note that snakemake uses bash strict mode!)
    cluster_jobid: 54990283

Error executing rule verifybamid on cluster (jobid: 6, external: 54990283, jobscript: /work/users/s/e/seyoun/CQTL_AI/.snakemake/tmp.00cswb4m/snakejob.verifybamid.6.sh). For error details see the cluster log and the log files of the involved rule(s).
[Wed Nov 27 21:04:58 2024]
Error in rule verifybamid:
    jobid: 5
    output: output/QC/CQTL_AM7778FE_CTL_Femur_1_verifybamid.selfSM, output/QC/CQTL_AM7778FE_CTL_Femur_1_verifybamid.selfRG, output/QC/CQTL_AM7778FE_CTL_Femur_1_verifybamid.bestRG, output/QC/CQTL_AM7778FE_CTL_Femur_1_verifybamid.bestSM, output/QC/CQTL_AM7778FE_CTL_Femur_1_verifybamid.depthRG, output/QC/CQTL_AM7778FE_CTL_Femur_1_verifybamid.depthSM
    log: output/logs/verifyBamID_CQTL_AM7778FE_CTL_Femur_1.err (check log file(s) for error message)
    shell:
        
        
        if [[ "CQTL_AM7778FE_CTL_Femur_1" == *"CTL"* ]]; then
            vcf_file=output/geno/pbs_geno_other/pbs.rename_wCHR.vcf.gz
        elif [[ "CQTL_AM7778FE_CTL_Femur_1" == *"FNF"* ]]; then
            vcf_file=output/geno/fnf_geno_other/fnf.rename_wCHR.vcf.gz
        else
            echo "Error: Sample type not recognized in CQTL_AM7778FE_CTL_Femur_1"
            exit 1
        fi
        
        echo "$vcf_file"

        /users/s/e/seyoun/tools/verifyBamID_1.1.3/verifyBamID/bin/verifyBamID --vcf $vcf_file --bam output/align/CQTL_AM7778FE_CTL_Femur_1_RG.bam --bai output/align/CQTL_AM7778FE_CTL_Femur_1_RG.bam.bai --best --out output/QC/CQTL_AM7778FE_CTL_Femur_1_verifyBamID 2> output/logs/verifyBamID_CQTL_AM7778FE_CTL_Femur_1.err
        
        (one of the commands exited with non-zero exit code; note that snakemake uses bash strict mode!)
    cluster_jobid: 54990290

Error executing rule verifybamid on cluster (jobid: 5, external: 54990290, jobscript: /work/users/s/e/seyoun/CQTL_AI/.snakemake/tmp.00cswb4m/snakejob.verifybamid.5.sh). For error details see the cluster log and the log files of the involved rule(s).
[Wed Nov 27 21:08:05 2024]
Error in rule verifybamid:
    jobid: 3
    output: output/QC/CQTL_AM7754_FNF_Ankle_replicate_verifybamid.selfSM, output/QC/CQTL_AM7754_FNF_Ankle_replicate_verifybamid.selfRG, output/QC/CQTL_AM7754_FNF_Ankle_replicate_verifybamid.bestRG, output/QC/CQTL_AM7754_FNF_Ankle_replicate_verifybamid.bestSM, output/QC/CQTL_AM7754_FNF_Ankle_replicate_verifybamid.depthRG, output/QC/CQTL_AM7754_FNF_Ankle_replicate_verifybamid.depthSM
    log: output/logs/verifyBamID_CQTL_AM7754_FNF_Ankle_replicate.err (check log file(s) for error message)
    shell:
        
        
        if [[ "CQTL_AM7754_FNF_Ankle_replicate" == *"CTL"* ]]; then
            vcf_file=output/geno/pbs_geno_other/pbs.rename_wCHR.vcf.gz
        elif [[ "CQTL_AM7754_FNF_Ankle_replicate" == *"FNF"* ]]; then
            vcf_file=output/geno/fnf_geno_other/fnf.rename_wCHR.vcf.gz
        else
            echo "Error: Sample type not recognized in CQTL_AM7754_FNF_Ankle_replicate"
            exit 1
        fi
        
        echo "$vcf_file"

        /users/s/e/seyoun/tools/verifyBamID_1.1.3/verifyBamID/bin/verifyBamID --vcf $vcf_file --bam output/align/CQTL_AM7754_FNF_Ankle_replicate_RG.bam --bai output/align/CQTL_AM7754_FNF_Ankle_replicate_RG.bam.bai --best --out output/QC/CQTL_AM7754_FNF_Ankle_replicate_verifyBamID 2> output/logs/verifyBamID_CQTL_AM7754_FNF_Ankle_replicate.err
        
        (one of the commands exited with non-zero exit code; note that snakemake uses bash strict mode!)
    cluster_jobid: 54990292

Error executing rule verifybamid on cluster (jobid: 3, external: 54990292, jobscript: /work/users/s/e/seyoun/CQTL_AI/.snakemake/tmp.00cswb4m/snakejob.verifybamid.3.sh). For error details see the cluster log and the log files of the involved rule(s).
[Wed Nov 27 21:09:50 2024]
Error in rule verifybamid:
    jobid: 7
    output: output/QC/CQTL_AM7755_CTL_Ankle_replicate_verifybamid.selfSM, output/QC/CQTL_AM7755_CTL_Ankle_replicate_verifybamid.selfRG, output/QC/CQTL_AM7755_CTL_Ankle_replicate_verifybamid.bestRG, output/QC/CQTL_AM7755_CTL_Ankle_replicate_verifybamid.bestSM, output/QC/CQTL_AM7755_CTL_Ankle_replicate_verifybamid.depthRG, output/QC/CQTL_AM7755_CTL_Ankle_replicate_verifybamid.depthSM
    log: output/logs/verifyBamID_CQTL_AM7755_CTL_Ankle_replicate.err (check log file(s) for error message)
    shell:
        
        
        if [[ "CQTL_AM7755_CTL_Ankle_replicate" == *"CTL"* ]]; then
            vcf_file=output/geno/pbs_geno_other/pbs.rename_wCHR.vcf.gz
        elif [[ "CQTL_AM7755_CTL_Ankle_replicate" == *"FNF"* ]]; then
            vcf_file=output/geno/fnf_geno_other/fnf.rename_wCHR.vcf.gz
        else
            echo "Error: Sample type not recognized in CQTL_AM7755_CTL_Ankle_replicate"
            exit 1
        fi
        
        echo "$vcf_file"

        /users/s/e/seyoun/tools/verifyBamID_1.1.3/verifyBamID/bin/verifyBamID --vcf $vcf_file --bam output/align/CQTL_AM7755_CTL_Ankle_replicate_RG.bam --bai output/align/CQTL_AM7755_CTL_Ankle_replicate_RG.bam.bai --best --out output/QC/CQTL_AM7755_CTL_Ankle_replicate_verifyBamID 2> output/logs/verifyBamID_CQTL_AM7755_CTL_Ankle_replicate.err
        
        (one of the commands exited with non-zero exit code; note that snakemake uses bash strict mode!)
    cluster_jobid: 54990288

Error executing rule verifybamid on cluster (jobid: 7, external: 54990288, jobscript: /work/users/s/e/seyoun/CQTL_AI/.snakemake/tmp.00cswb4m/snakejob.verifybamid.7.sh). For error details see the cluster log and the log files of the involved rule(s).
[Wed Nov 27 21:18:47 2024]
Error in rule verifybamid:
    jobid: 4
    output: output/QC/CQTL_AM7755_FNF_Ankle_replicate_verifybamid.selfSM, output/QC/CQTL_AM7755_FNF_Ankle_replicate_verifybamid.selfRG, output/QC/CQTL_AM7755_FNF_Ankle_replicate_verifybamid.bestRG, output/QC/CQTL_AM7755_FNF_Ankle_replicate_verifybamid.bestSM, output/QC/CQTL_AM7755_FNF_Ankle_replicate_verifybamid.depthRG, output/QC/CQTL_AM7755_FNF_Ankle_replicate_verifybamid.depthSM
    log: output/logs/verifyBamID_CQTL_AM7755_FNF_Ankle_replicate.err (check log file(s) for error message)
    shell:
        
        
        if [[ "CQTL_AM7755_FNF_Ankle_replicate" == *"CTL"* ]]; then
            vcf_file=output/geno/pbs_geno_other/pbs.rename_wCHR.vcf.gz
        elif [[ "CQTL_AM7755_FNF_Ankle_replicate" == *"FNF"* ]]; then
            vcf_file=output/geno/fnf_geno_other/fnf.rename_wCHR.vcf.gz
        else
            echo "Error: Sample type not recognized in CQTL_AM7755_FNF_Ankle_replicate"
            exit 1
        fi
        
        echo "$vcf_file"

        /users/s/e/seyoun/tools/verifyBamID_1.1.3/verifyBamID/bin/verifyBamID --vcf $vcf_file --bam output/align/CQTL_AM7755_FNF_Ankle_replicate_RG.bam --bai output/align/CQTL_AM7755_FNF_Ankle_replicate_RG.bam.bai --best --out output/QC/CQTL_AM7755_FNF_Ankle_replicate_verifyBamID 2> output/logs/verifyBamID_CQTL_AM7755_FNF_Ankle_replicate.err
        
        (one of the commands exited with non-zero exit code; note that snakemake uses bash strict mode!)
    cluster_jobid: 54990286

Error executing rule verifybamid on cluster (jobid: 4, external: 54990286, jobscript: /work/users/s/e/seyoun/CQTL_AI/.snakemake/tmp.00cswb4m/snakejob.verifybamid.4.sh). For error details see the cluster log and the log files of the involved rule(s).
[Wed Nov 27 22:20:23 2024]
Error in rule verifybamid:
    jobid: 2
    output: output/QC/CQTL_AM7778FE_FNF_Femur_1_verifybamid.selfSM, output/QC/CQTL_AM7778FE_FNF_Femur_1_verifybamid.selfRG, output/QC/CQTL_AM7778FE_FNF_Femur_1_verifybamid.bestRG, output/QC/CQTL_AM7778FE_FNF_Femur_1_verifybamid.bestSM, output/QC/CQTL_AM7778FE_FNF_Femur_1_verifybamid.depthRG, output/QC/CQTL_AM7778FE_FNF_Femur_1_verifybamid.depthSM
    log: output/logs/verifyBamID_CQTL_AM7778FE_FNF_Femur_1.err (check log file(s) for error message)
    shell:
        
        
        if [[ "CQTL_AM7778FE_FNF_Femur_1" == *"CTL"* ]]; then
            vcf_file=output/geno/pbs_geno_other/pbs.rename_wCHR.vcf.gz
        elif [[ "CQTL_AM7778FE_FNF_Femur_1" == *"FNF"* ]]; then
            vcf_file=output/geno/fnf_geno_other/fnf.rename_wCHR.vcf.gz
        else
            echo "Error: Sample type not recognized in CQTL_AM7778FE_FNF_Femur_1"
            exit 1
        fi
        
        echo "$vcf_file"

        /users/s/e/seyoun/tools/verifyBamID_1.1.3/verifyBamID/bin/verifyBamID --vcf $vcf_file --bam output/align/CQTL_AM7778FE_FNF_Femur_1_RG.bam --bai output/align/CQTL_AM7778FE_FNF_Femur_1_RG.bam.bai --best --out output/QC/CQTL_AM7778FE_FNF_Femur_1_verifyBamID 2> output/logs/verifyBamID_CQTL_AM7778FE_FNF_Femur_1.err
        
        (one of the commands exited with non-zero exit code; note that snakemake uses bash strict mode!)
    cluster_jobid: 54990293

Error executing rule verifybamid on cluster (jobid: 2, external: 54990293, jobscript: /work/users/s/e/seyoun/CQTL_AI/.snakemake/tmp.00cswb4m/snakejob.verifybamid.2.sh). For error details see the cluster log and the log files of the involved rule(s).
Shutting down, this might take some time.
Exiting because a job execution failed. Look above for error message
Complete log: /work/users/s/e/seyoun/CQTL_AI/.snakemake/log/2024-11-27T162621.166359.snakemake.log
