Building DAG of jobs...
Using shell: /usr/bin/bash
Provided cluster nodes: 100
Job counts:
	count	jobs
	1	all
	1	categorize_femur_replicate_samples
	1	reheader_subset
	3

[Tue Nov 19 15:38:35 2024]
rule categorize_femur_replicate_samples:
    output: output/geno/pbs_geno_other/CTL_samples_with_replacements.txt, output/geno/fnf_geno_other/FNF_samples_with_replacements.txt
    log: output/logs/categorize_femur_replicate_samples.out, output/logs/categorize_femur_replicate_samples.err
    jobid: 2


        mkdir -p output/logs
        mkdir -p output/geno/pbs_geno_other
        mkdir -p output/geno/fnf_geno_other
        sh /work/users/s/e/seyoun/CQTL_AI/scripts/categorize_samplesv3.sh 1> output/logs/categorize_femur_replicate_samples.out 2> output/logs/categorize_femur_replicate_samples.err
        
        # Move output files to expected locations
        mv /work/users/s/e/seyoun/CQTL_AI/Genopipe/output/CTL_samples_with_replacements.txt output/geno/pbs_geno_other/CTL_samples_with_replacements.txt 2>> output/logs/categorize_femur_replicate_samples.err
        mv /work/users/s/e/seyoun/CQTL_AI/Genopipe/output/FNF_samples_with_replacements.txt output/geno/fnf_geno_other/FNF_samples_with_replacements.txt 2>> output/logs/categorize_femur_replicate_samples.err
        
Submitted job 2 with external jobid '54505227'.
[Tue Nov 19 15:39:07 2024]
Finished job 2.
1 of 3 steps (33%) done

[Tue Nov 19 15:39:12 2024]
rule reheader_subset:
    input: output/geno/pbs_geno_other/CTL_samples_with_replacements.txt, output/geno/fnf_geno_other/FNF_samples_with_replacements.txt
    output: output/geno/pbs_geno_other/pbs.rename_wCHR.vcf.gz, output/geno/fnf_geno_other/fnf.rename_wCHR.vcf.gz, output/geno/pbs_geno_other/pbs.rename.vcf.gz, output/geno/fnf_geno_other/fnf.rename.vcf.gz
    log: output/logs/PBS_rename_other.out, output/logs/PBS_rename_other.err, output/logs/FNF_rename_other.out, output/logs/FNF_rename_other.err
    jobid: 1


        
        sh /work/users/s/e/seyoun/CQTL_AI/scripts/rename.sh /work/users/s/e/seyoun/CQTL_AI/output/geno/cQTL_21_filtered.vcf.gz output/geno/pbs_geno_other/CTL_samples_with_replacements.txt output/geno/pbs_geno_other/pbs.rename.vcf.gz output/geno/pbs_geno_other/pbs.rename_wCHR.vcf.gz 1> output/logs/PBS_rename_other.out 2> output/logs/PBS_rename_other.err
        sh /work/users/s/e/seyoun/CQTL_AI/scripts/rename.sh /work/users/s/e/seyoun/CQTL_AI/output/geno/cQTL_21_filtered.vcf.gz output/geno/fnf_geno_other/FNF_samples_with_replacements.txt output/geno/fnf_geno_other/fnf.rename.vcf.gz output/geno/fnf_geno_other/fnf.rename_wCHR.vcf.gz 1> output/logs/FNF_rename_other.out 2> output/logs/FNF_rename_other.err
        
Submitted job 1 with external jobid '54505261'.
[Tue Nov 19 15:41:10 2024]
Finished job 1.
2 of 3 steps (67%) done

[Tue Nov 19 15:41:15 2024]
localrule all:
    input: output/geno/pbs_geno_other/pbs.rename_wCHR.vcf.gz, output/geno/fnf_geno_other/fnf.rename_wCHR.vcf.gz, output/geno/pbs_geno_other/pbs.rename.vcf.gz, output/geno/fnf_geno_other/fnf.rename.vcf.gz
    jobid: 0

[Tue Nov 19 15:41:15 2024]
Finished job 0.
3 of 3 steps (100%) done
Complete log: /work/users/s/e/seyoun/CQTL_AI/.snakemake/log/2024-11-19T153835.135445.snakemake.log
