Building DAG of jobs...
Using shell: /usr/bin/bash
Provided cluster nodes: 100
Job counts:
	count	jobs
	58	align
	1	all
	8	fastqc
	8	trim
	75

[Mon Nov 18 11:19:44 2024]
rule align:
    input: output/trim/CQTL_AM7775_FNF_Ankle_1_R1_val_1.fq.gz, output/trim/CQTL_AM7775_FNF_Ankle_1_R2_val_2.fq.gz
    output: output/align/CQTL_AM7775_FNF_Ankle_1_sorted.bam, output/align/CQTL_AM7775_FNF_Ankle_1_stats.txt
    log: output/logs/align_CQTL_AM7775_FNF_Ankle_1.err, output/logs/align_CQTL_AM7775_FNF_Ankle_1.out
    jobid: 210
    benchmark: output/benchmarks/align_CQTL_AM7775_FNF_Ankle_1.tsv
    wildcards: sampleName=CQTL_AM7775_FNF_Ankle_1
    threads: 8


        module load bwa/2.2.1
        module load samtools/1.21
        mkdir -p output/align

        bwa mem -t 8 -M /users/s/e/seyoun/Ref/genome/bwa_idx/hg38 output/trim/CQTL_AM7775_FNF_Ankle_1_R1_val_1.fq.gz output/trim/CQTL_AM7775_FNF_Ankle_1_R2_val_2.fq.gz |         samtools view -q 30 -b |         samtools sort -o output/align/CQTL_AM7775_FNF_Ankle_1_sorted.bam 1> output/logs/align_CQTL_AM7775_FNF_Ankle_1.out 2> output/logs/align_CQTL_AM7775_FNF_Ankle_1.err

        samtools flagstat output/align/CQTL_AM7775_FNF_Ankle_1_sorted.bam > output/align/CQTL_AM7775_FNF_Ankle_1_stats.txt 2>> output/logs/align_CQTL_AM7775_FNF_Ankle_1.err
        
Submitted job 210 with external jobid '54380610'.

[Mon Nov 18 11:19:49 2024]
rule align:
    input: output/trim/CQTL_AM7755_FNF_Ankle_replicate_R1_val_1.fq.gz, output/trim/CQTL_AM7755_FNF_Ankle_replicate_R2_val_2.fq.gz
    output: output/align/CQTL_AM7755_FNF_Ankle_replicate_sorted.bam, output/align/CQTL_AM7755_FNF_Ankle_replicate_stats.txt
    log: output/logs/align_CQTL_AM7755_FNF_Ankle_replicate.err, output/logs/align_CQTL_AM7755_FNF_Ankle_replicate.out
    jobid: 200
    benchmark: output/benchmarks/align_CQTL_AM7755_FNF_Ankle_replicate.tsv
    wildcards: sampleName=CQTL_AM7755_FNF_Ankle_replicate
    threads: 8


        module load bwa/2.2.1
        module load samtools/1.21
        mkdir -p output/align

        bwa mem -t 8 -M /users/s/e/seyoun/Ref/genome/bwa_idx/hg38 output/trim/CQTL_AM7755_FNF_Ankle_replicate_R1_val_1.fq.gz output/trim/CQTL_AM7755_FNF_Ankle_replicate_R2_val_2.fq.gz |         samtools view -q 30 -b |         samtools sort -o output/align/CQTL_AM7755_FNF_Ankle_replicate_sorted.bam 1> output/logs/align_CQTL_AM7755_FNF_Ankle_replicate.out 2> output/logs/align_CQTL_AM7755_FNF_Ankle_replicate.err

        samtools flagstat output/align/CQTL_AM7755_FNF_Ankle_replicate_sorted.bam > output/align/CQTL_AM7755_FNF_Ankle_replicate_stats.txt 2>> output/logs/align_CQTL_AM7755_FNF_Ankle_replicate.err
        
Submitted job 200 with external jobid '54380612'.

[Mon Nov 18 11:19:54 2024]
rule align:
    input: output/trim/CQTL_AM7765_FNF_Ankle_1_R1_val_1.fq.gz, output/trim/CQTL_AM7765_FNF_Ankle_1_R2_val_2.fq.gz
    output: output/align/CQTL_AM7765_FNF_Ankle_1_sorted.bam, output/align/CQTL_AM7765_FNF_Ankle_1_stats.txt
    log: output/logs/align_CQTL_AM7765_FNF_Ankle_1.err, output/logs/align_CQTL_AM7765_FNF_Ankle_1.out
    jobid: 204
    benchmark: output/benchmarks/align_CQTL_AM7765_FNF_Ankle_1.tsv
    wildcards: sampleName=CQTL_AM7765_FNF_Ankle_1
    threads: 8


        module load bwa/2.2.1
        module load samtools/1.21
        mkdir -p output/align

        bwa mem -t 8 -M /users/s/e/seyoun/Ref/genome/bwa_idx/hg38 output/trim/CQTL_AM7765_FNF_Ankle_1_R1_val_1.fq.gz output/trim/CQTL_AM7765_FNF_Ankle_1_R2_val_2.fq.gz |         samtools view -q 30 -b |         samtools sort -o output/align/CQTL_AM7765_FNF_Ankle_1_sorted.bam 1> output/logs/align_CQTL_AM7765_FNF_Ankle_1.out 2> output/logs/align_CQTL_AM7765_FNF_Ankle_1.err

        samtools flagstat output/align/CQTL_AM7765_FNF_Ankle_1_sorted.bam > output/align/CQTL_AM7765_FNF_Ankle_1_stats.txt 2>> output/logs/align_CQTL_AM7765_FNF_Ankle_1.err
        
Submitted job 204 with external jobid '54380615'.

[Mon Nov 18 11:20:00 2024]
rule fastqc:
    input: output/fastq/FACT_23-0025_FNF_synovium_1_R1.fastq.gz, output/fastq/FACT_23-0025_FNF_synovium_1_R2.fastq.gz
    output: output/QC/FACT_23-0025_FNF_synovium_1_R1_fastqc.zip, output/QC/FACT_23-0025_FNF_synovium_1_R2_fastqc.zip, output/QC/FACT_23-0025_FNF_synovium_1_R1_fastqc.html, output/QC/FACT_23-0025_FNF_synovium_1_R2_fastqc.html
    log: output/logs/fastqc_FACT_23-0025_FNF_synovium_1.err, output/logs/fastqc_FACT_23-0025_FNF_synovium_1.out
    jobid: 116
    benchmark: output/benchmarks/fastqc_FACT_23-0025_FNF_synovium_1.tsv
    wildcards: sampleName=FACT_23-0025_FNF_synovium_1


            module load fastqc/0.12.1
            mkdir -p output/QC
            fastqc -o output/QC output/fastq/FACT_23-0025_FNF_synovium_1_R1.fastq.gz output/fastq/FACT_23-0025_FNF_synovium_1_R2.fastq.gz 1> output/logs/fastqc_FACT_23-0025_FNF_synovium_1.out 2> output/logs/fastqc_FACT_23-0025_FNF_synovium_1.err;
            
Submitted job 116 with external jobid '54380618'.

[Mon Nov 18 11:20:05 2024]
rule fastqc:
    input: output/fastq/FACT_23-0016_FNF_synovium_1_R1.fastq.gz, output/fastq/FACT_23-0016_FNF_synovium_1_R2.fastq.gz
    output: output/QC/FACT_23-0016_FNF_synovium_1_R1_fastqc.zip, output/QC/FACT_23-0016_FNF_synovium_1_R2_fastqc.zip, output/QC/FACT_23-0016_FNF_synovium_1_R1_fastqc.html, output/QC/FACT_23-0016_FNF_synovium_1_R2_fastqc.html
    log: output/logs/fastqc_FACT_23-0016_FNF_synovium_1.err, output/logs/fastqc_FACT_23-0016_FNF_synovium_1.out
    jobid: 110
    benchmark: output/benchmarks/fastqc_FACT_23-0016_FNF_synovium_1.tsv
    wildcards: sampleName=FACT_23-0016_FNF_synovium_1


            module load fastqc/0.12.1
            mkdir -p output/QC
            fastqc -o output/QC output/fastq/FACT_23-0016_FNF_synovium_1_R1.fastq.gz output/fastq/FACT_23-0016_FNF_synovium_1_R2.fastq.gz 1> output/logs/fastqc_FACT_23-0016_FNF_synovium_1.out 2> output/logs/fastqc_FACT_23-0016_FNF_synovium_1.err;
            
Submitted job 110 with external jobid '54380621'.

[Mon Nov 18 11:20:11 2024]
rule align:
    input: output/trim/CQTL_AM7727_CTL_Ankle_1_R1_val_1.fq.gz, output/trim/CQTL_AM7727_CTL_Ankle_1_R2_val_2.fq.gz
    output: output/align/CQTL_AM7727_CTL_Ankle_1_sorted.bam, output/align/CQTL_AM7727_CTL_Ankle_1_stats.txt
    log: output/logs/align_CQTL_AM7727_CTL_Ankle_1.err, output/logs/align_CQTL_AM7727_CTL_Ankle_1.out
    jobid: 189
    benchmark: output/benchmarks/align_CQTL_AM7727_CTL_Ankle_1.tsv
    wildcards: sampleName=CQTL_AM7727_CTL_Ankle_1
    threads: 8


        module load bwa/2.2.1
        module load samtools/1.21
        mkdir -p output/align

        bwa mem -t 8 -M /users/s/e/seyoun/Ref/genome/bwa_idx/hg38 output/trim/CQTL_AM7727_CTL_Ankle_1_R1_val_1.fq.gz output/trim/CQTL_AM7727_CTL_Ankle_1_R2_val_2.fq.gz |         samtools view -q 30 -b |         samtools sort -o output/align/CQTL_AM7727_CTL_Ankle_1_sorted.bam 1> output/logs/align_CQTL_AM7727_CTL_Ankle_1.out 2> output/logs/align_CQTL_AM7727_CTL_Ankle_1.err

        samtools flagstat output/align/CQTL_AM7727_CTL_Ankle_1_sorted.bam > output/align/CQTL_AM7727_CTL_Ankle_1_stats.txt 2>> output/logs/align_CQTL_AM7727_CTL_Ankle_1.err
        
Submitted job 189 with external jobid '54380622'.

[Mon Nov 18 11:20:16 2024]
rule align:
    input: output/trim/CQTL_AM7679_CTL_Ankle_1_R1_val_1.fq.gz, output/trim/CQTL_AM7679_CTL_Ankle_1_R2_val_2.fq.gz
    output: output/align/CQTL_AM7679_CTL_Ankle_1_sorted.bam, output/align/CQTL_AM7679_CTL_Ankle_1_stats.txt
    log: output/logs/align_CQTL_AM7679_CTL_Ankle_1.err, output/logs/align_CQTL_AM7679_CTL_Ankle_1.out
    jobid: 179
    benchmark: output/benchmarks/align_CQTL_AM7679_CTL_Ankle_1.tsv
    wildcards: sampleName=CQTL_AM7679_CTL_Ankle_1
    threads: 8


        module load bwa/2.2.1
        module load samtools/1.21
        mkdir -p output/align

        bwa mem -t 8 -M /users/s/e/seyoun/Ref/genome/bwa_idx/hg38 output/trim/CQTL_AM7679_CTL_Ankle_1_R1_val_1.fq.gz output/trim/CQTL_AM7679_CTL_Ankle_1_R2_val_2.fq.gz |         samtools view -q 30 -b |         samtools sort -o output/align/CQTL_AM7679_CTL_Ankle_1_sorted.bam 1> output/logs/align_CQTL_AM7679_CTL_Ankle_1.out 2> output/logs/align_CQTL_AM7679_CTL_Ankle_1.err

        samtools flagstat output/align/CQTL_AM7679_CTL_Ankle_1_sorted.bam > output/align/CQTL_AM7679_CTL_Ankle_1_stats.txt 2>> output/logs/align_CQTL_AM7679_CTL_Ankle_1.err
        
Submitted job 179 with external jobid '54380625'.

[Mon Nov 18 11:20:21 2024]
rule align:
    input: output/trim/CQTL_AM7771_CTL_Ankle_1_R1_val_1.fq.gz, output/trim/CQTL_AM7771_CTL_Ankle_1_R2_val_2.fq.gz
    output: output/align/CQTL_AM7771_CTL_Ankle_1_sorted.bam, output/align/CQTL_AM7771_CTL_Ankle_1_stats.txt
    log: output/logs/align_CQTL_AM7771_CTL_Ankle_1.err, output/logs/align_CQTL_AM7771_CTL_Ankle_1.out
    jobid: 207
    benchmark: output/benchmarks/align_CQTL_AM7771_CTL_Ankle_1.tsv
    wildcards: sampleName=CQTL_AM7771_CTL_Ankle_1
    threads: 8


        module load bwa/2.2.1
        module load samtools/1.21
        mkdir -p output/align

        bwa mem -t 8 -M /users/s/e/seyoun/Ref/genome/bwa_idx/hg38 output/trim/CQTL_AM7771_CTL_Ankle_1_R1_val_1.fq.gz output/trim/CQTL_AM7771_CTL_Ankle_1_R2_val_2.fq.gz |         samtools view -q 30 -b |         samtools sort -o output/align/CQTL_AM7771_CTL_Ankle_1_sorted.bam 1> output/logs/align_CQTL_AM7771_CTL_Ankle_1.out 2> output/logs/align_CQTL_AM7771_CTL_Ankle_1.err

        samtools flagstat output/align/CQTL_AM7771_CTL_Ankle_1_sorted.bam > output/align/CQTL_AM7771_CTL_Ankle_1_stats.txt 2>> output/logs/align_CQTL_AM7771_CTL_Ankle_1.err
        
Submitted job 207 with external jobid '54380627'.

[Mon Nov 18 11:20:26 2024]
rule align:
    input: output/trim/CQTL_AM7754_CTL_Ankle_replicate_R1_val_1.fq.gz, output/trim/CQTL_AM7754_CTL_Ankle_replicate_R2_val_2.fq.gz
    output: output/align/CQTL_AM7754_CTL_Ankle_replicate_sorted.bam, output/align/CQTL_AM7754_CTL_Ankle_replicate_stats.txt
    log: output/logs/align_CQTL_AM7754_CTL_Ankle_replicate.err, output/logs/align_CQTL_AM7754_CTL_Ankle_replicate.out
    jobid: 194
    benchmark: output/benchmarks/align_CQTL_AM7754_CTL_Ankle_replicate.tsv
    wildcards: sampleName=CQTL_AM7754_CTL_Ankle_replicate
    threads: 8


        module load bwa/2.2.1
        module load samtools/1.21
        mkdir -p output/align

        bwa mem -t 8 -M /users/s/e/seyoun/Ref/genome/bwa_idx/hg38 output/trim/CQTL_AM7754_CTL_Ankle_replicate_R1_val_1.fq.gz output/trim/CQTL_AM7754_CTL_Ankle_replicate_R2_val_2.fq.gz |         samtools view -q 30 -b |         samtools sort -o output/align/CQTL_AM7754_CTL_Ankle_replicate_sorted.bam 1> output/logs/align_CQTL_AM7754_CTL_Ankle_replicate.out 2> output/logs/align_CQTL_AM7754_CTL_Ankle_replicate.err

        samtools flagstat output/align/CQTL_AM7754_CTL_Ankle_replicate_sorted.bam > output/align/CQTL_AM7754_CTL_Ankle_replicate_stats.txt 2>> output/logs/align_CQTL_AM7754_CTL_Ankle_replicate.err
        
Submitted job 194 with external jobid '54380629'.

[Mon Nov 18 11:20:31 2024]
rule trim:
    input: output/fastq/FACT_23-0016_FNF_synovium_1_R1.fastq.gz, output/fastq/FACT_23-0016_FNF_synovium_1_R2.fastq.gz
    output: output/trim/FACT_23-0016_FNF_synovium_1_R1_val_1.fq.gz, output/trim/FACT_23-0016_FNF_synovium_1_R2_val_2.fq.gz, output/trim/FACT_23-0016_FNF_synovium_1_R1.fastq.gz_trimming_report.txt, output/trim/FACT_23-0016_FNF_synovium_1_R2.fastq.gz_trimming_report.txt
    log: output/logs/trim_FACT_23-0016_FNF_synovium_1.err, output/logs/trim_FACT_23-0016_FNF_synovium_1.out
    jobid: 168
    wildcards: sampleName=FACT_23-0016_FNF_synovium_1
    threads: 4


        module load trim_galore/0.6.7
        module load python/3.9.6
        module load pigz
        mkdir -p output/trim
        trim_galore -o output/trim --cores 4 --paired output/fastq/FACT_23-0016_FNF_synovium_1_R1.fastq.gz output/fastq/FACT_23-0016_FNF_synovium_1_R2.fastq.gz 2> output/logs/trim_FACT_23-0016_FNF_synovium_1.err
        
Submitted job 168 with external jobid '54380632'.

[Mon Nov 18 11:20:37 2024]
rule trim:
    input: output/fastq/FACT_23-0025_FNF_synovium_1_R1.fastq.gz, output/fastq/FACT_23-0025_FNF_synovium_1_R2.fastq.gz
    output: output/trim/FACT_23-0025_FNF_synovium_1_R1_val_1.fq.gz, output/trim/FACT_23-0025_FNF_synovium_1_R2_val_2.fq.gz, output/trim/FACT_23-0025_FNF_synovium_1_R1.fastq.gz_trimming_report.txt, output/trim/FACT_23-0025_FNF_synovium_1_R2.fastq.gz_trimming_report.txt
    log: output/logs/trim_FACT_23-0025_FNF_synovium_1.err, output/logs/trim_FACT_23-0025_FNF_synovium_1.out
    jobid: 174
    wildcards: sampleName=FACT_23-0025_FNF_synovium_1
    threads: 4


        module load trim_galore/0.6.7
        module load python/3.9.6
        module load pigz
        mkdir -p output/trim
        trim_galore -o output/trim --cores 4 --paired output/fastq/FACT_23-0025_FNF_synovium_1_R1.fastq.gz output/fastq/FACT_23-0025_FNF_synovium_1_R2.fastq.gz 2> output/logs/trim_FACT_23-0025_FNF_synovium_1.err
        
Submitted job 174 with external jobid '54380635'.

[Mon Nov 18 11:20:42 2024]
rule align:
    input: output/trim/CQTL_AM7754_CTL_Ankle_1_R1_val_1.fq.gz, output/trim/CQTL_AM7754_CTL_Ankle_1_R2_val_2.fq.gz
    output: output/align/CQTL_AM7754_CTL_Ankle_1_sorted.bam, output/align/CQTL_AM7754_CTL_Ankle_1_stats.txt
    log: output/logs/align_CQTL_AM7754_CTL_Ankle_1.err, output/logs/align_CQTL_AM7754_CTL_Ankle_1.out
    jobid: 193
    benchmark: output/benchmarks/align_CQTL_AM7754_CTL_Ankle_1.tsv
    wildcards: sampleName=CQTL_AM7754_CTL_Ankle_1
    threads: 8


        module load bwa/2.2.1
        module load samtools/1.21
        mkdir -p output/align

        bwa mem -t 8 -M /users/s/e/seyoun/Ref/genome/bwa_idx/hg38 output/trim/CQTL_AM7754_CTL_Ankle_1_R1_val_1.fq.gz output/trim/CQTL_AM7754_CTL_Ankle_1_R2_val_2.fq.gz |         samtools view -q 30 -b |         samtools sort -o output/align/CQTL_AM7754_CTL_Ankle_1_sorted.bam 1> output/logs/align_CQTL_AM7754_CTL_Ankle_1.out 2> output/logs/align_CQTL_AM7754_CTL_Ankle_1.err

        samtools flagstat output/align/CQTL_AM7754_CTL_Ankle_1_sorted.bam > output/align/CQTL_AM7754_CTL_Ankle_1_stats.txt 2>> output/logs/align_CQTL_AM7754_CTL_Ankle_1.err
        
Submitted job 193 with external jobid '54380637'.

[Mon Nov 18 11:20:47 2024]
rule align:
    input: output/trim/CQTL_AM7778_FNF_Ankle_1_R1_val_1.fq.gz, output/trim/CQTL_AM7778_FNF_Ankle_1_R2_val_2.fq.gz
    output: output/align/CQTL_AM7778_FNF_Ankle_1_sorted.bam, output/align/CQTL_AM7778_FNF_Ankle_1_stats.txt
    log: output/logs/align_CQTL_AM7778_FNF_Ankle_1.err, output/logs/align_CQTL_AM7778_FNF_Ankle_1.out
    jobid: 214
    benchmark: output/benchmarks/align_CQTL_AM7778_FNF_Ankle_1.tsv
    wildcards: sampleName=CQTL_AM7778_FNF_Ankle_1
    threads: 8


        module load bwa/2.2.1
        module load samtools/1.21
        mkdir -p output/align

        bwa mem -t 8 -M /users/s/e/seyoun/Ref/genome/bwa_idx/hg38 output/trim/CQTL_AM7778_FNF_Ankle_1_R1_val_1.fq.gz output/trim/CQTL_AM7778_FNF_Ankle_1_R2_val_2.fq.gz |         samtools view -q 30 -b |         samtools sort -o output/align/CQTL_AM7778_FNF_Ankle_1_sorted.bam 1> output/logs/align_CQTL_AM7778_FNF_Ankle_1.out 2> output/logs/align_CQTL_AM7778_FNF_Ankle_1.err

        samtools flagstat output/align/CQTL_AM7778_FNF_Ankle_1_sorted.bam > output/align/CQTL_AM7778_FNF_Ankle_1_stats.txt 2>> output/logs/align_CQTL_AM7778_FNF_Ankle_1.err
        
Submitted job 214 with external jobid '54380640'.

[Mon Nov 18 11:20:52 2024]
rule align:
    input: output/trim/CQTL_AM7678_FNF_Ankle_1_R1_val_1.fq.gz, output/trim/CQTL_AM7678_FNF_Ankle_1_R2_val_2.fq.gz
    output: output/align/CQTL_AM7678_FNF_Ankle_1_sorted.bam, output/align/CQTL_AM7678_FNF_Ankle_1_stats.txt
    log: output/logs/align_CQTL_AM7678_FNF_Ankle_1.err, output/logs/align_CQTL_AM7678_FNF_Ankle_1.out
    jobid: 178
    benchmark: output/benchmarks/align_CQTL_AM7678_FNF_Ankle_1.tsv
    wildcards: sampleName=CQTL_AM7678_FNF_Ankle_1
    threads: 8


        module load bwa/2.2.1
        module load samtools/1.21
        mkdir -p output/align

        bwa mem -t 8 -M /users/s/e/seyoun/Ref/genome/bwa_idx/hg38 output/trim/CQTL_AM7678_FNF_Ankle_1_R1_val_1.fq.gz output/trim/CQTL_AM7678_FNF_Ankle_1_R2_val_2.fq.gz |         samtools view -q 30 -b |         samtools sort -o output/align/CQTL_AM7678_FNF_Ankle_1_sorted.bam 1> output/logs/align_CQTL_AM7678_FNF_Ankle_1.out 2> output/logs/align_CQTL_AM7678_FNF_Ankle_1.err

        samtools flagstat output/align/CQTL_AM7678_FNF_Ankle_1_sorted.bam > output/align/CQTL_AM7678_FNF_Ankle_1_stats.txt 2>> output/logs/align_CQTL_AM7678_FNF_Ankle_1.err
        
Submitted job 178 with external jobid '54380641'.

[Mon Nov 18 11:20:57 2024]
rule align:
    input: output/trim/CQTL_AM7677_FNF_Ankle_1_R1_val_1.fq.gz, output/trim/CQTL_AM7677_FNF_Ankle_1_R2_val_2.fq.gz
    output: output/align/CQTL_AM7677_FNF_Ankle_1_sorted.bam, output/align/CQTL_AM7677_FNF_Ankle_1_stats.txt
    log: output/logs/align_CQTL_AM7677_FNF_Ankle_1.err, output/logs/align_CQTL_AM7677_FNF_Ankle_1.out
    jobid: 176
    benchmark: output/benchmarks/align_CQTL_AM7677_FNF_Ankle_1.tsv
    wildcards: sampleName=CQTL_AM7677_FNF_Ankle_1
    threads: 8


        module load bwa/2.2.1
        module load samtools/1.21
        mkdir -p output/align

        bwa mem -t 8 -M /users/s/e/seyoun/Ref/genome/bwa_idx/hg38 output/trim/CQTL_AM7677_FNF_Ankle_1_R1_val_1.fq.gz output/trim/CQTL_AM7677_FNF_Ankle_1_R2_val_2.fq.gz |         samtools view -q 30 -b |         samtools sort -o output/align/CQTL_AM7677_FNF_Ankle_1_sorted.bam 1> output/logs/align_CQTL_AM7677_FNF_Ankle_1.out 2> output/logs/align_CQTL_AM7677_FNF_Ankle_1.err

        samtools flagstat output/align/CQTL_AM7677_FNF_Ankle_1_sorted.bam > output/align/CQTL_AM7677_FNF_Ankle_1_stats.txt 2>> output/logs/align_CQTL_AM7677_FNF_Ankle_1.err
        
Submitted job 176 with external jobid '54380643'.

[Mon Nov 18 11:21:02 2024]
rule align:
    input: output/trim/FACT_23-0022_FNF_synovium_1_R1_val_1.fq.gz, output/trim/FACT_23-0022_FNF_synovium_1_R2_val_2.fq.gz
    output: output/align/FACT_23-0022_FNF_synovium_1_sorted.bam, output/align/FACT_23-0022_FNF_synovium_1_stats.txt
    log: output/logs/align_FACT_23-0022_FNF_synovium_1.err, output/logs/align_FACT_23-0022_FNF_synovium_1.out
    jobid: 228
    benchmark: output/benchmarks/align_FACT_23-0022_FNF_synovium_1.tsv
    wildcards: sampleName=FACT_23-0022_FNF_synovium_1
    threads: 8


        module load bwa/2.2.1
        module load samtools/1.21
        mkdir -p output/align

        bwa mem -t 8 -M /users/s/e/seyoun/Ref/genome/bwa_idx/hg38 output/trim/FACT_23-0022_FNF_synovium_1_R1_val_1.fq.gz output/trim/FACT_23-0022_FNF_synovium_1_R2_val_2.fq.gz |         samtools view -q 30 -b |         samtools sort -o output/align/FACT_23-0022_FNF_synovium_1_sorted.bam 1> output/logs/align_FACT_23-0022_FNF_synovium_1.out 2> output/logs/align_FACT_23-0022_FNF_synovium_1.err

        samtools flagstat output/align/FACT_23-0022_FNF_synovium_1_sorted.bam > output/align/FACT_23-0022_FNF_synovium_1_stats.txt 2>> output/logs/align_FACT_23-0022_FNF_synovium_1.err
        
Submitted job 228 with external jobid '54380645'.

[Mon Nov 18 11:21:07 2024]
rule align:
    input: output/trim/CQTL_AM7763_FNF_Ankle_1_R1_val_1.fq.gz, output/trim/CQTL_AM7763_FNF_Ankle_1_R2_val_2.fq.gz
    output: output/align/CQTL_AM7763_FNF_Ankle_1_sorted.bam, output/align/CQTL_AM7763_FNF_Ankle_1_stats.txt
    log: output/logs/align_CQTL_AM7763_FNF_Ankle_1.err, output/logs/align_CQTL_AM7763_FNF_Ankle_1.out
    jobid: 202
    benchmark: output/benchmarks/align_CQTL_AM7763_FNF_Ankle_1.tsv
    wildcards: sampleName=CQTL_AM7763_FNF_Ankle_1
    threads: 8


        module load bwa/2.2.1
        module load samtools/1.21
        mkdir -p output/align

        bwa mem -t 8 -M /users/s/e/seyoun/Ref/genome/bwa_idx/hg38 output/trim/CQTL_AM7763_FNF_Ankle_1_R1_val_1.fq.gz output/trim/CQTL_AM7763_FNF_Ankle_1_R2_val_2.fq.gz |         samtools view -q 30 -b |         samtools sort -o output/align/CQTL_AM7763_FNF_Ankle_1_sorted.bam 1> output/logs/align_CQTL_AM7763_FNF_Ankle_1.out 2> output/logs/align_CQTL_AM7763_FNF_Ankle_1.err

        samtools flagstat output/align/CQTL_AM7763_FNF_Ankle_1_sorted.bam > output/align/CQTL_AM7763_FNF_Ankle_1_stats.txt 2>> output/logs/align_CQTL_AM7763_FNF_Ankle_1.err
        
Submitted job 202 with external jobid '54380648'.

[Mon Nov 18 11:21:13 2024]
rule fastqc:
    input: output/fastq/FACT_23-0022_CTL_synovium_1_R1.fastq.gz, output/fastq/FACT_23-0022_CTL_synovium_1_R2.fastq.gz
    output: output/QC/FACT_23-0022_CTL_synovium_1_R1_fastqc.zip, output/QC/FACT_23-0022_CTL_synovium_1_R2_fastqc.zip, output/QC/FACT_23-0022_CTL_synovium_1_R1_fastqc.html, output/QC/FACT_23-0022_CTL_synovium_1_R2_fastqc.html
    log: output/logs/fastqc_FACT_23-0022_CTL_synovium_1.err, output/logs/fastqc_FACT_23-0022_CTL_synovium_1.out
    jobid: 111
    benchmark: output/benchmarks/fastqc_FACT_23-0022_CTL_synovium_1.tsv
    wildcards: sampleName=FACT_23-0022_CTL_synovium_1


            module load fastqc/0.12.1
            mkdir -p output/QC
            fastqc -o output/QC output/fastq/FACT_23-0022_CTL_synovium_1_R1.fastq.gz output/fastq/FACT_23-0022_CTL_synovium_1_R2.fastq.gz 1> output/logs/fastqc_FACT_23-0022_CTL_synovium_1.out 2> output/logs/fastqc_FACT_23-0022_CTL_synovium_1.err;
            
Submitted job 111 with external jobid '54380651'.

[Mon Nov 18 11:21:19 2024]
rule fastqc:
    input: output/fastq/FACT_23-0016_CTL_synovium_1_R1.fastq.gz, output/fastq/FACT_23-0016_CTL_synovium_1_R2.fastq.gz
    output: output/QC/FACT_23-0016_CTL_synovium_1_R1_fastqc.zip, output/QC/FACT_23-0016_CTL_synovium_1_R2_fastqc.zip, output/QC/FACT_23-0016_CTL_synovium_1_R1_fastqc.html, output/QC/FACT_23-0016_CTL_synovium_1_R2_fastqc.html
    log: output/logs/fastqc_FACT_23-0016_CTL_synovium_1.err, output/logs/fastqc_FACT_23-0016_CTL_synovium_1.out
    jobid: 109
    benchmark: output/benchmarks/fastqc_FACT_23-0016_CTL_synovium_1.tsv
    wildcards: sampleName=FACT_23-0016_CTL_synovium_1


            module load fastqc/0.12.1
            mkdir -p output/QC
            fastqc -o output/QC output/fastq/FACT_23-0016_CTL_synovium_1_R1.fastq.gz output/fastq/FACT_23-0016_CTL_synovium_1_R2.fastq.gz 1> output/logs/fastqc_FACT_23-0016_CTL_synovium_1.out 2> output/logs/fastqc_FACT_23-0016_CTL_synovium_1.err;
            
Submitted job 109 with external jobid '54380652'.

[Mon Nov 18 11:21:24 2024]
rule align:
    input: output/trim/CQTL_AM7735_FNF_Ankle_1_R1_val_1.fq.gz, output/trim/CQTL_AM7735_FNF_Ankle_1_R2_val_2.fq.gz
    output: output/align/CQTL_AM7735_FNF_Ankle_1_sorted.bam, output/align/CQTL_AM7735_FNF_Ankle_1_stats.txt
    log: output/logs/align_CQTL_AM7735_FNF_Ankle_1.err, output/logs/align_CQTL_AM7735_FNF_Ankle_1.out
    jobid: 192
    benchmark: output/benchmarks/align_CQTL_AM7735_FNF_Ankle_1.tsv
    wildcards: sampleName=CQTL_AM7735_FNF_Ankle_1
    threads: 8


        module load bwa/2.2.1
        module load samtools/1.21
        mkdir -p output/align

        bwa mem -t 8 -M /users/s/e/seyoun/Ref/genome/bwa_idx/hg38 output/trim/CQTL_AM7735_FNF_Ankle_1_R1_val_1.fq.gz output/trim/CQTL_AM7735_FNF_Ankle_1_R2_val_2.fq.gz |         samtools view -q 30 -b |         samtools sort -o output/align/CQTL_AM7735_FNF_Ankle_1_sorted.bam 1> output/logs/align_CQTL_AM7735_FNF_Ankle_1.out 2> output/logs/align_CQTL_AM7735_FNF_Ankle_1.err

        samtools flagstat output/align/CQTL_AM7735_FNF_Ankle_1_sorted.bam > output/align/CQTL_AM7735_FNF_Ankle_1_stats.txt 2>> output/logs/align_CQTL_AM7735_FNF_Ankle_1.err
        
Submitted job 192 with external jobid '54380653'.

[Mon Nov 18 11:21:29 2024]
rule trim:
    input: output/fastq/FACT_23-0022_CTL_synovium_1_R1.fastq.gz, output/fastq/FACT_23-0022_CTL_synovium_1_R2.fastq.gz
    output: output/trim/FACT_23-0022_CTL_synovium_1_R1_val_1.fq.gz, output/trim/FACT_23-0022_CTL_synovium_1_R2_val_2.fq.gz, output/trim/FACT_23-0022_CTL_synovium_1_R1.fastq.gz_trimming_report.txt, output/trim/FACT_23-0022_CTL_synovium_1_R2.fastq.gz_trimming_report.txt
    log: output/logs/trim_FACT_23-0022_CTL_synovium_1.err, output/logs/trim_FACT_23-0022_CTL_synovium_1.out
    jobid: 169
    wildcards: sampleName=FACT_23-0022_CTL_synovium_1
    threads: 4


        module load trim_galore/0.6.7
        module load python/3.9.6
        module load pigz
        mkdir -p output/trim
        trim_galore -o output/trim --cores 4 --paired output/fastq/FACT_23-0022_CTL_synovium_1_R1.fastq.gz output/fastq/FACT_23-0022_CTL_synovium_1_R2.fastq.gz 2> output/logs/trim_FACT_23-0022_CTL_synovium_1.err
        
Submitted job 169 with external jobid '54380655'.

[Mon Nov 18 11:21:34 2024]
rule align:
    input: output/trim/FACT_23-0013_CTL_synovium_1_R1_val_1.fq.gz, output/trim/FACT_23-0013_CTL_synovium_1_R2_val_2.fq.gz
    output: output/align/FACT_23-0013_CTL_synovium_1_sorted.bam, output/align/FACT_23-0013_CTL_synovium_1_stats.txt
    log: output/logs/align_FACT_23-0013_CTL_synovium_1.err, output/logs/align_FACT_23-0013_CTL_synovium_1.out
    jobid: 223
    benchmark: output/benchmarks/align_FACT_23-0013_CTL_synovium_1.tsv
    wildcards: sampleName=FACT_23-0013_CTL_synovium_1
    threads: 8


        module load bwa/2.2.1
        module load samtools/1.21
        mkdir -p output/align

        bwa mem -t 8 -M /users/s/e/seyoun/Ref/genome/bwa_idx/hg38 output/trim/FACT_23-0013_CTL_synovium_1_R1_val_1.fq.gz output/trim/FACT_23-0013_CTL_synovium_1_R2_val_2.fq.gz |         samtools view -q 30 -b |         samtools sort -o output/align/FACT_23-0013_CTL_synovium_1_sorted.bam 1> output/logs/align_FACT_23-0013_CTL_synovium_1.out 2> output/logs/align_FACT_23-0013_CTL_synovium_1.err

        samtools flagstat output/align/FACT_23-0013_CTL_synovium_1_sorted.bam > output/align/FACT_23-0013_CTL_synovium_1_stats.txt 2>> output/logs/align_FACT_23-0013_CTL_synovium_1.err
        
Submitted job 223 with external jobid '54380658'.

[Mon Nov 18 11:21:39 2024]
rule align:
    input: output/trim/CQTL_AM7786_FNF_Ankle_1_R1_val_1.fq.gz, output/trim/CQTL_AM7786_FNF_Ankle_1_R2_val_2.fq.gz
    output: output/align/CQTL_AM7786_FNF_Ankle_1_sorted.bam, output/align/CQTL_AM7786_FNF_Ankle_1_stats.txt
    log: output/logs/align_CQTL_AM7786_FNF_Ankle_1.err, output/logs/align_CQTL_AM7786_FNF_Ankle_1.out
    jobid: 222
    benchmark: output/benchmarks/align_CQTL_AM7786_FNF_Ankle_1.tsv
    wildcards: sampleName=CQTL_AM7786_FNF_Ankle_1
    threads: 8


        module load bwa/2.2.1
        module load samtools/1.21
        mkdir -p output/align

        bwa mem -t 8 -M /users/s/e/seyoun/Ref/genome/bwa_idx/hg38 output/trim/CQTL_AM7786_FNF_Ankle_1_R1_val_1.fq.gz output/trim/CQTL_AM7786_FNF_Ankle_1_R2_val_2.fq.gz |         samtools view -q 30 -b |         samtools sort -o output/align/CQTL_AM7786_FNF_Ankle_1_sorted.bam 1> output/logs/align_CQTL_AM7786_FNF_Ankle_1.out 2> output/logs/align_CQTL_AM7786_FNF_Ankle_1.err

        samtools flagstat output/align/CQTL_AM7786_FNF_Ankle_1_sorted.bam > output/align/CQTL_AM7786_FNF_Ankle_1_stats.txt 2>> output/logs/align_CQTL_AM7786_FNF_Ankle_1.err
        
Submitted job 222 with external jobid '54380659'.

[Mon Nov 18 11:21:44 2024]
rule align:
    input: output/trim/FACT_23-0013_FNF_synovium_1_R1_val_1.fq.gz, output/trim/FACT_23-0013_FNF_synovium_1_R2_val_2.fq.gz
    output: output/align/FACT_23-0013_FNF_synovium_1_sorted.bam, output/align/FACT_23-0013_FNF_synovium_1_stats.txt
    log: output/logs/align_FACT_23-0013_FNF_synovium_1.err, output/logs/align_FACT_23-0013_FNF_synovium_1.out
    jobid: 224
    benchmark: output/benchmarks/align_FACT_23-0013_FNF_synovium_1.tsv
    wildcards: sampleName=FACT_23-0013_FNF_synovium_1
    threads: 8


        module load bwa/2.2.1
        module load samtools/1.21
        mkdir -p output/align

        bwa mem -t 8 -M /users/s/e/seyoun/Ref/genome/bwa_idx/hg38 output/trim/FACT_23-0013_FNF_synovium_1_R1_val_1.fq.gz output/trim/FACT_23-0013_FNF_synovium_1_R2_val_2.fq.gz |         samtools view -q 30 -b |         samtools sort -o output/align/FACT_23-0013_FNF_synovium_1_sorted.bam 1> output/logs/align_FACT_23-0013_FNF_synovium_1.out 2> output/logs/align_FACT_23-0013_FNF_synovium_1.err

        samtools flagstat output/align/FACT_23-0013_FNF_synovium_1_sorted.bam > output/align/FACT_23-0013_FNF_synovium_1_stats.txt 2>> output/logs/align_FACT_23-0013_FNF_synovium_1.err
        
Submitted job 224 with external jobid '54380660'.

[Mon Nov 18 11:21:49 2024]
rule trim:
    input: output/fastq/FACT_23-0016_CTL_synovium_1_R1.fastq.gz, output/fastq/FACT_23-0016_CTL_synovium_1_R2.fastq.gz
    output: output/trim/FACT_23-0016_CTL_synovium_1_R1_val_1.fq.gz, output/trim/FACT_23-0016_CTL_synovium_1_R2_val_2.fq.gz, output/trim/FACT_23-0016_CTL_synovium_1_R1.fastq.gz_trimming_report.txt, output/trim/FACT_23-0016_CTL_synovium_1_R2.fastq.gz_trimming_report.txt
    log: output/logs/trim_FACT_23-0016_CTL_synovium_1.err, output/logs/trim_FACT_23-0016_CTL_synovium_1.out
    jobid: 167
    wildcards: sampleName=FACT_23-0016_CTL_synovium_1
    threads: 4


        module load trim_galore/0.6.7
        module load python/3.9.6
        module load pigz
        mkdir -p output/trim
        trim_galore -o output/trim --cores 4 --paired output/fastq/FACT_23-0016_CTL_synovium_1_R1.fastq.gz output/fastq/FACT_23-0016_CTL_synovium_1_R2.fastq.gz 2> output/logs/trim_FACT_23-0016_CTL_synovium_1.err
        
Submitted job 167 with external jobid '54380661'.

[Mon Nov 18 11:21:54 2024]
rule align:
    input: output/trim/CQTL_AM7754_FNF_Ankle_1_R1_val_1.fq.gz, output/trim/CQTL_AM7754_FNF_Ankle_1_R2_val_2.fq.gz
    output: output/align/CQTL_AM7754_FNF_Ankle_1_sorted.bam, output/align/CQTL_AM7754_FNF_Ankle_1_stats.txt
    log: output/logs/align_CQTL_AM7754_FNF_Ankle_1.err, output/logs/align_CQTL_AM7754_FNF_Ankle_1.out
    jobid: 195
    benchmark: output/benchmarks/align_CQTL_AM7754_FNF_Ankle_1.tsv
    wildcards: sampleName=CQTL_AM7754_FNF_Ankle_1
    threads: 8


        module load bwa/2.2.1
        module load samtools/1.21
        mkdir -p output/align

        bwa mem -t 8 -M /users/s/e/seyoun/Ref/genome/bwa_idx/hg38 output/trim/CQTL_AM7754_FNF_Ankle_1_R1_val_1.fq.gz output/trim/CQTL_AM7754_FNF_Ankle_1_R2_val_2.fq.gz |         samtools view -q 30 -b |         samtools sort -o output/align/CQTL_AM7754_FNF_Ankle_1_sorted.bam 1> output/logs/align_CQTL_AM7754_FNF_Ankle_1.out 2> output/logs/align_CQTL_AM7754_FNF_Ankle_1.err

        samtools flagstat output/align/CQTL_AM7754_FNF_Ankle_1_sorted.bam > output/align/CQTL_AM7754_FNF_Ankle_1_stats.txt 2>> output/logs/align_CQTL_AM7754_FNF_Ankle_1.err
        
Submitted job 195 with external jobid '54380662'.

[Mon Nov 18 11:21:59 2024]
rule align:
    input: output/trim/CQTL_AM7726_CTL_Ankle_1_R1_val_1.fq.gz, output/trim/CQTL_AM7726_CTL_Ankle_1_R2_val_2.fq.gz
    output: output/align/CQTL_AM7726_CTL_Ankle_1_sorted.bam, output/align/CQTL_AM7726_CTL_Ankle_1_stats.txt
    log: output/logs/align_CQTL_AM7726_CTL_Ankle_1.err, output/logs/align_CQTL_AM7726_CTL_Ankle_1.out
    jobid: 187
    benchmark: output/benchmarks/align_CQTL_AM7726_CTL_Ankle_1.tsv
    wildcards: sampleName=CQTL_AM7726_CTL_Ankle_1
    threads: 8


        module load bwa/2.2.1
        module load samtools/1.21
        mkdir -p output/align

        bwa mem -t 8 -M /users/s/e/seyoun/Ref/genome/bwa_idx/hg38 output/trim/CQTL_AM7726_CTL_Ankle_1_R1_val_1.fq.gz output/trim/CQTL_AM7726_CTL_Ankle_1_R2_val_2.fq.gz |         samtools view -q 30 -b |         samtools sort -o output/align/CQTL_AM7726_CTL_Ankle_1_sorted.bam 1> output/logs/align_CQTL_AM7726_CTL_Ankle_1.out 2> output/logs/align_CQTL_AM7726_CTL_Ankle_1.err

        samtools flagstat output/align/CQTL_AM7726_CTL_Ankle_1_sorted.bam > output/align/CQTL_AM7726_CTL_Ankle_1_stats.txt 2>> output/logs/align_CQTL_AM7726_CTL_Ankle_1.err
        
Submitted job 187 with external jobid '54380663'.

[Mon Nov 18 11:22:04 2024]
rule align:
    input: output/trim/CQTL_AM7711_CTL_Ankle_1_R1_val_1.fq.gz, output/trim/CQTL_AM7711_CTL_Ankle_1_R2_val_2.fq.gz
    output: output/align/CQTL_AM7711_CTL_Ankle_1_sorted.bam, output/align/CQTL_AM7711_CTL_Ankle_1_stats.txt
    log: output/logs/align_CQTL_AM7711_CTL_Ankle_1.err, output/logs/align_CQTL_AM7711_CTL_Ankle_1.out
    jobid: 181
    benchmark: output/benchmarks/align_CQTL_AM7711_CTL_Ankle_1.tsv
    wildcards: sampleName=CQTL_AM7711_CTL_Ankle_1
    threads: 8


        module load bwa/2.2.1
        module load samtools/1.21
        mkdir -p output/align

        bwa mem -t 8 -M /users/s/e/seyoun/Ref/genome/bwa_idx/hg38 output/trim/CQTL_AM7711_CTL_Ankle_1_R1_val_1.fq.gz output/trim/CQTL_AM7711_CTL_Ankle_1_R2_val_2.fq.gz |         samtools view -q 30 -b |         samtools sort -o output/align/CQTL_AM7711_CTL_Ankle_1_sorted.bam 1> output/logs/align_CQTL_AM7711_CTL_Ankle_1.out 2> output/logs/align_CQTL_AM7711_CTL_Ankle_1.err

        samtools flagstat output/align/CQTL_AM7711_CTL_Ankle_1_sorted.bam > output/align/CQTL_AM7711_CTL_Ankle_1_stats.txt 2>> output/logs/align_CQTL_AM7711_CTL_Ankle_1.err
        
Submitted job 181 with external jobid '54380665'.

[Mon Nov 18 11:22:09 2024]
rule align:
    input: output/trim/CQTL_AM7778FE_FNF_Femur_1_R1_val_1.fq.gz, output/trim/CQTL_AM7778FE_FNF_Femur_1_R2_val_2.fq.gz
    output: output/align/CQTL_AM7778FE_FNF_Femur_1_sorted.bam, output/align/CQTL_AM7778FE_FNF_Femur_1_stats.txt
    log: output/logs/align_CQTL_AM7778FE_FNF_Femur_1.err, output/logs/align_CQTL_AM7778FE_FNF_Femur_1.out
    jobid: 212
    benchmark: output/benchmarks/align_CQTL_AM7778FE_FNF_Femur_1.tsv
    wildcards: sampleName=CQTL_AM7778FE_FNF_Femur_1
    threads: 8


        module load bwa/2.2.1
        module load samtools/1.21
        mkdir -p output/align

        bwa mem -t 8 -M /users/s/e/seyoun/Ref/genome/bwa_idx/hg38 output/trim/CQTL_AM7778FE_FNF_Femur_1_R1_val_1.fq.gz output/trim/CQTL_AM7778FE_FNF_Femur_1_R2_val_2.fq.gz |         samtools view -q 30 -b |         samtools sort -o output/align/CQTL_AM7778FE_FNF_Femur_1_sorted.bam 1> output/logs/align_CQTL_AM7778FE_FNF_Femur_1.out 2> output/logs/align_CQTL_AM7778FE_FNF_Femur_1.err

        samtools flagstat output/align/CQTL_AM7778FE_FNF_Femur_1_sorted.bam > output/align/CQTL_AM7778FE_FNF_Femur_1_stats.txt 2>> output/logs/align_CQTL_AM7778FE_FNF_Femur_1.err
        
Submitted job 212 with external jobid '54380666'.

[Mon Nov 18 11:22:15 2024]
rule fastqc:
    input: output/fastq/CQTL_AM7778FE_CTL_Femur_1_R1.fastq.gz, output/fastq/CQTL_AM7778FE_CTL_Femur_1_R2.fastq.gz
    output: output/QC/CQTL_AM7778FE_CTL_Femur_1_R1_fastqc.zip, output/QC/CQTL_AM7778FE_CTL_Femur_1_R2_fastqc.zip, output/QC/CQTL_AM7778FE_CTL_Femur_1_R1_fastqc.html, output/QC/CQTL_AM7778FE_CTL_Femur_1_R2_fastqc.html
    log: output/logs/fastqc_CQTL_AM7778FE_CTL_Femur_1.err, output/logs/fastqc_CQTL_AM7778FE_CTL_Femur_1.out
    jobid: 95
    benchmark: output/benchmarks/fastqc_CQTL_AM7778FE_CTL_Femur_1.tsv
    wildcards: sampleName=CQTL_AM7778FE_CTL_Femur_1


            module load fastqc/0.12.1
            mkdir -p output/QC
            fastqc -o output/QC output/fastq/CQTL_AM7778FE_CTL_Femur_1_R1.fastq.gz output/fastq/CQTL_AM7778FE_CTL_Femur_1_R2.fastq.gz 1> output/logs/fastqc_CQTL_AM7778FE_CTL_Femur_1.out 2> output/logs/fastqc_CQTL_AM7778FE_CTL_Femur_1.err;
            
Submitted job 95 with external jobid '54380667'.

[Mon Nov 18 11:22:20 2024]
rule fastqc:
    input: output/fastq/FACT_23-0023_FNF_synovium_1_R1.fastq.gz, output/fastq/FACT_23-0023_FNF_synovium_1_R2.fastq.gz
    output: output/QC/FACT_23-0023_FNF_synovium_1_R1_fastqc.zip, output/QC/FACT_23-0023_FNF_synovium_1_R2_fastqc.zip, output/QC/FACT_23-0023_FNF_synovium_1_R1_fastqc.html, output/QC/FACT_23-0023_FNF_synovium_1_R2_fastqc.html
    log: output/logs/fastqc_FACT_23-0023_FNF_synovium_1.err, output/logs/fastqc_FACT_23-0023_FNF_synovium_1.out
    jobid: 114
    benchmark: output/benchmarks/fastqc_FACT_23-0023_FNF_synovium_1.tsv
    wildcards: sampleName=FACT_23-0023_FNF_synovium_1


            module load fastqc/0.12.1
            mkdir -p output/QC
            fastqc -o output/QC output/fastq/FACT_23-0023_FNF_synovium_1_R1.fastq.gz output/fastq/FACT_23-0023_FNF_synovium_1_R2.fastq.gz 1> output/logs/fastqc_FACT_23-0023_FNF_synovium_1.out 2> output/logs/fastqc_FACT_23-0023_FNF_synovium_1.err;
            
Submitted job 114 with external jobid '54380668'.

[Mon Nov 18 11:22:25 2024]
rule align:
    input: output/trim/CQTL_AM7780_FNF_Ankle_1_R1_val_1.fq.gz, output/trim/CQTL_AM7780_FNF_Ankle_1_R2_val_2.fq.gz
    output: output/align/CQTL_AM7780_FNF_Ankle_1_sorted.bam, output/align/CQTL_AM7780_FNF_Ankle_1_stats.txt
    log: output/logs/align_CQTL_AM7780_FNF_Ankle_1.err, output/logs/align_CQTL_AM7780_FNF_Ankle_1.out
    jobid: 216
    benchmark: output/benchmarks/align_CQTL_AM7780_FNF_Ankle_1.tsv
    wildcards: sampleName=CQTL_AM7780_FNF_Ankle_1
    threads: 8


        module load bwa/2.2.1
        module load samtools/1.21
        mkdir -p output/align

        bwa mem -t 8 -M /users/s/e/seyoun/Ref/genome/bwa_idx/hg38 output/trim/CQTL_AM7780_FNF_Ankle_1_R1_val_1.fq.gz output/trim/CQTL_AM7780_FNF_Ankle_1_R2_val_2.fq.gz |         samtools view -q 30 -b |         samtools sort -o output/align/CQTL_AM7780_FNF_Ankle_1_sorted.bam 1> output/logs/align_CQTL_AM7780_FNF_Ankle_1.out 2> output/logs/align_CQTL_AM7780_FNF_Ankle_1.err

        samtools flagstat output/align/CQTL_AM7780_FNF_Ankle_1_sorted.bam > output/align/CQTL_AM7780_FNF_Ankle_1_stats.txt 2>> output/logs/align_CQTL_AM7780_FNF_Ankle_1.err
        
Submitted job 216 with external jobid '54380669'.

[Mon Nov 18 11:22:30 2024]
rule align:
    input: output/trim/CQTL_AM7755_CTL_Ankle_1_R1_val_1.fq.gz, output/trim/CQTL_AM7755_CTL_Ankle_1_R2_val_2.fq.gz
    output: output/align/CQTL_AM7755_CTL_Ankle_1_sorted.bam, output/align/CQTL_AM7755_CTL_Ankle_1_stats.txt
    log: output/logs/align_CQTL_AM7755_CTL_Ankle_1.err, output/logs/align_CQTL_AM7755_CTL_Ankle_1.out
    jobid: 197
    benchmark: output/benchmarks/align_CQTL_AM7755_CTL_Ankle_1.tsv
    wildcards: sampleName=CQTL_AM7755_CTL_Ankle_1
    threads: 8


        module load bwa/2.2.1
        module load samtools/1.21
        mkdir -p output/align

        bwa mem -t 8 -M /users/s/e/seyoun/Ref/genome/bwa_idx/hg38 output/trim/CQTL_AM7755_CTL_Ankle_1_R1_val_1.fq.gz output/trim/CQTL_AM7755_CTL_Ankle_1_R2_val_2.fq.gz |         samtools view -q 30 -b |         samtools sort -o output/align/CQTL_AM7755_CTL_Ankle_1_sorted.bam 1> output/logs/align_CQTL_AM7755_CTL_Ankle_1.out 2> output/logs/align_CQTL_AM7755_CTL_Ankle_1.err

        samtools flagstat output/align/CQTL_AM7755_CTL_Ankle_1_sorted.bam > output/align/CQTL_AM7755_CTL_Ankle_1_stats.txt 2>> output/logs/align_CQTL_AM7755_CTL_Ankle_1.err
        
Submitted job 197 with external jobid '54380671'.

[Mon Nov 18 11:22:36 2024]
rule trim:
    input: output/fastq/FACT_23-0025_CTL_synovium_1_R1.fastq.gz, output/fastq/FACT_23-0025_CTL_synovium_1_R2.fastq.gz
    output: output/trim/FACT_23-0025_CTL_synovium_1_R1_val_1.fq.gz, output/trim/FACT_23-0025_CTL_synovium_1_R2_val_2.fq.gz, output/trim/FACT_23-0025_CTL_synovium_1_R1.fastq.gz_trimming_report.txt, output/trim/FACT_23-0025_CTL_synovium_1_R2.fastq.gz_trimming_report.txt
    log: output/logs/trim_FACT_23-0025_CTL_synovium_1.err, output/logs/trim_FACT_23-0025_CTL_synovium_1.out
    jobid: 173
    wildcards: sampleName=FACT_23-0025_CTL_synovium_1
    threads: 4


        module load trim_galore/0.6.7
        module load python/3.9.6
        module load pigz
        mkdir -p output/trim
        trim_galore -o output/trim --cores 4 --paired output/fastq/FACT_23-0025_CTL_synovium_1_R1.fastq.gz output/fastq/FACT_23-0025_CTL_synovium_1_R2.fastq.gz 2> output/logs/trim_FACT_23-0025_CTL_synovium_1.err
        
Submitted job 173 with external jobid '54380672'.

[Mon Nov 18 11:22:41 2024]
rule align:
    input: output/trim/CQTL_AM7763_CTL_Ankle_1_R1_val_1.fq.gz, output/trim/CQTL_AM7763_CTL_Ankle_1_R2_val_2.fq.gz
    output: output/align/CQTL_AM7763_CTL_Ankle_1_sorted.bam, output/align/CQTL_AM7763_CTL_Ankle_1_stats.txt
    log: output/logs/align_CQTL_AM7763_CTL_Ankle_1.err, output/logs/align_CQTL_AM7763_CTL_Ankle_1.out
    jobid: 201
    benchmark: output/benchmarks/align_CQTL_AM7763_CTL_Ankle_1.tsv
    wildcards: sampleName=CQTL_AM7763_CTL_Ankle_1
    threads: 8


        module load bwa/2.2.1
        module load samtools/1.21
        mkdir -p output/align

        bwa mem -t 8 -M /users/s/e/seyoun/Ref/genome/bwa_idx/hg38 output/trim/CQTL_AM7763_CTL_Ankle_1_R1_val_1.fq.gz output/trim/CQTL_AM7763_CTL_Ankle_1_R2_val_2.fq.gz |         samtools view -q 30 -b |         samtools sort -o output/align/CQTL_AM7763_CTL_Ankle_1_sorted.bam 1> output/logs/align_CQTL_AM7763_CTL_Ankle_1.out 2> output/logs/align_CQTL_AM7763_CTL_Ankle_1.err

        samtools flagstat output/align/CQTL_AM7763_CTL_Ankle_1_sorted.bam > output/align/CQTL_AM7763_CTL_Ankle_1_stats.txt 2>> output/logs/align_CQTL_AM7763_CTL_Ankle_1.err
        
Submitted job 201 with external jobid '54380673'.

[Mon Nov 18 11:22:46 2024]
rule align:
    input: output/trim/CQTL_AM7781_FNF_Ankle_1_R1_val_1.fq.gz, output/trim/CQTL_AM7781_FNF_Ankle_1_R2_val_2.fq.gz
    output: output/align/CQTL_AM7781_FNF_Ankle_1_sorted.bam, output/align/CQTL_AM7781_FNF_Ankle_1_stats.txt
    log: output/logs/align_CQTL_AM7781_FNF_Ankle_1.err, output/logs/align_CQTL_AM7781_FNF_Ankle_1.out
    jobid: 218
    benchmark: output/benchmarks/align_CQTL_AM7781_FNF_Ankle_1.tsv
    wildcards: sampleName=CQTL_AM7781_FNF_Ankle_1
    threads: 8


        module load bwa/2.2.1
        module load samtools/1.21
        mkdir -p output/align

        bwa mem -t 8 -M /users/s/e/seyoun/Ref/genome/bwa_idx/hg38 output/trim/CQTL_AM7781_FNF_Ankle_1_R1_val_1.fq.gz output/trim/CQTL_AM7781_FNF_Ankle_1_R2_val_2.fq.gz |         samtools view -q 30 -b |         samtools sort -o output/align/CQTL_AM7781_FNF_Ankle_1_sorted.bam 1> output/logs/align_CQTL_AM7781_FNF_Ankle_1.out 2> output/logs/align_CQTL_AM7781_FNF_Ankle_1.err

        samtools flagstat output/align/CQTL_AM7781_FNF_Ankle_1_sorted.bam > output/align/CQTL_AM7781_FNF_Ankle_1_stats.txt 2>> output/logs/align_CQTL_AM7781_FNF_Ankle_1.err
        
Submitted job 218 with external jobid '54380674'.

[Mon Nov 18 11:22:51 2024]
rule align:
    input: output/trim/CQTL_AM7785_FNF_Ankle_1_R1_val_1.fq.gz, output/trim/CQTL_AM7785_FNF_Ankle_1_R2_val_2.fq.gz
    output: output/align/CQTL_AM7785_FNF_Ankle_1_sorted.bam, output/align/CQTL_AM7785_FNF_Ankle_1_stats.txt
    log: output/logs/align_CQTL_AM7785_FNF_Ankle_1.err, output/logs/align_CQTL_AM7785_FNF_Ankle_1.out
    jobid: 220
    benchmark: output/benchmarks/align_CQTL_AM7785_FNF_Ankle_1.tsv
    wildcards: sampleName=CQTL_AM7785_FNF_Ankle_1
    threads: 8


        module load bwa/2.2.1
        module load samtools/1.21
        mkdir -p output/align

        bwa mem -t 8 -M /users/s/e/seyoun/Ref/genome/bwa_idx/hg38 output/trim/CQTL_AM7785_FNF_Ankle_1_R1_val_1.fq.gz output/trim/CQTL_AM7785_FNF_Ankle_1_R2_val_2.fq.gz |         samtools view -q 30 -b |         samtools sort -o output/align/CQTL_AM7785_FNF_Ankle_1_sorted.bam 1> output/logs/align_CQTL_AM7785_FNF_Ankle_1.out 2> output/logs/align_CQTL_AM7785_FNF_Ankle_1.err

        samtools flagstat output/align/CQTL_AM7785_FNF_Ankle_1_sorted.bam > output/align/CQTL_AM7785_FNF_Ankle_1_stats.txt 2>> output/logs/align_CQTL_AM7785_FNF_Ankle_1.err
        
Submitted job 220 with external jobid '54380675'.

[Mon Nov 18 11:22:56 2024]
rule trim:
    input: output/fastq/FACT_23-0023_FNF_synovium_1_R1.fastq.gz, output/fastq/FACT_23-0023_FNF_synovium_1_R2.fastq.gz
    output: output/trim/FACT_23-0023_FNF_synovium_1_R1_val_1.fq.gz, output/trim/FACT_23-0023_FNF_synovium_1_R2_val_2.fq.gz, output/trim/FACT_23-0023_FNF_synovium_1_R1.fastq.gz_trimming_report.txt, output/trim/FACT_23-0023_FNF_synovium_1_R2.fastq.gz_trimming_report.txt
    log: output/logs/trim_FACT_23-0023_FNF_synovium_1.err, output/logs/trim_FACT_23-0023_FNF_synovium_1.out
    jobid: 172
    wildcards: sampleName=FACT_23-0023_FNF_synovium_1
    threads: 4


        module load trim_galore/0.6.7
        module load python/3.9.6
        module load pigz
        mkdir -p output/trim
        trim_galore -o output/trim --cores 4 --paired output/fastq/FACT_23-0023_FNF_synovium_1_R1.fastq.gz output/fastq/FACT_23-0023_FNF_synovium_1_R2.fastq.gz 2> output/logs/trim_FACT_23-0023_FNF_synovium_1.err
        
Submitted job 172 with external jobid '54380677'.

[Mon Nov 18 11:23:02 2024]
rule trim:
    input: output/fastq/CQTL_AM7778FE_CTL_Femur_1_R1.fastq.gz, output/fastq/CQTL_AM7778FE_CTL_Femur_1_R2.fastq.gz
    output: output/trim/CQTL_AM7778FE_CTL_Femur_1_R1_val_1.fq.gz, output/trim/CQTL_AM7778FE_CTL_Femur_1_R2_val_2.fq.gz, output/trim/CQTL_AM7778FE_CTL_Femur_1_R1.fastq.gz_trimming_report.txt, output/trim/CQTL_AM7778FE_CTL_Femur_1_R2.fastq.gz_trimming_report.txt
    log: output/logs/trim_CQTL_AM7778FE_CTL_Femur_1.err, output/logs/trim_CQTL_AM7778FE_CTL_Femur_1.out
    jobid: 153
    wildcards: sampleName=CQTL_AM7778FE_CTL_Femur_1
    threads: 4


        module load trim_galore/0.6.7
        module load python/3.9.6
        module load pigz
        mkdir -p output/trim
        trim_galore -o output/trim --cores 4 --paired output/fastq/CQTL_AM7778FE_CTL_Femur_1_R1.fastq.gz output/fastq/CQTL_AM7778FE_CTL_Femur_1_R2.fastq.gz 2> output/logs/trim_CQTL_AM7778FE_CTL_Femur_1.err
        
Submitted job 153 with external jobid '54380678'.

[Mon Nov 18 11:23:07 2024]
rule align:
    input: output/trim/CQTL_AM7727_FNF_Ankle_1_R1_val_1.fq.gz, output/trim/CQTL_AM7727_FNF_Ankle_1_R2_val_2.fq.gz
    output: output/align/CQTL_AM7727_FNF_Ankle_1_sorted.bam, output/align/CQTL_AM7727_FNF_Ankle_1_stats.txt
    log: output/logs/align_CQTL_AM7727_FNF_Ankle_1.err, output/logs/align_CQTL_AM7727_FNF_Ankle_1.out
    jobid: 190
    benchmark: output/benchmarks/align_CQTL_AM7727_FNF_Ankle_1.tsv
    wildcards: sampleName=CQTL_AM7727_FNF_Ankle_1
    threads: 8


        module load bwa/2.2.1
        module load samtools/1.21
        mkdir -p output/align

        bwa mem -t 8 -M /users/s/e/seyoun/Ref/genome/bwa_idx/hg38 output/trim/CQTL_AM7727_FNF_Ankle_1_R1_val_1.fq.gz output/trim/CQTL_AM7727_FNF_Ankle_1_R2_val_2.fq.gz |         samtools view -q 30 -b |         samtools sort -o output/align/CQTL_AM7727_FNF_Ankle_1_sorted.bam 1> output/logs/align_CQTL_AM7727_FNF_Ankle_1.out 2> output/logs/align_CQTL_AM7727_FNF_Ankle_1.err

        samtools flagstat output/align/CQTL_AM7727_FNF_Ankle_1_sorted.bam > output/align/CQTL_AM7727_FNF_Ankle_1_stats.txt 2>> output/logs/align_CQTL_AM7727_FNF_Ankle_1.err
        
Submitted job 190 with external jobid '54380681'.

[Mon Nov 18 11:23:12 2024]
rule align:
    input: output/trim/CQTL_AM7755_CTL_Ankle_replicate_R1_val_1.fq.gz, output/trim/CQTL_AM7755_CTL_Ankle_replicate_R2_val_2.fq.gz
    output: output/align/CQTL_AM7755_CTL_Ankle_replicate_sorted.bam, output/align/CQTL_AM7755_CTL_Ankle_replicate_stats.txt
    log: output/logs/align_CQTL_AM7755_CTL_Ankle_replicate.err, output/logs/align_CQTL_AM7755_CTL_Ankle_replicate.out
    jobid: 198
    benchmark: output/benchmarks/align_CQTL_AM7755_CTL_Ankle_replicate.tsv
    wildcards: sampleName=CQTL_AM7755_CTL_Ankle_replicate
    threads: 8


        module load bwa/2.2.1
        module load samtools/1.21
        mkdir -p output/align

        bwa mem -t 8 -M /users/s/e/seyoun/Ref/genome/bwa_idx/hg38 output/trim/CQTL_AM7755_CTL_Ankle_replicate_R1_val_1.fq.gz output/trim/CQTL_AM7755_CTL_Ankle_replicate_R2_val_2.fq.gz |         samtools view -q 30 -b |         samtools sort -o output/align/CQTL_AM7755_CTL_Ankle_replicate_sorted.bam 1> output/logs/align_CQTL_AM7755_CTL_Ankle_replicate.out 2> output/logs/align_CQTL_AM7755_CTL_Ankle_replicate.err

        samtools flagstat output/align/CQTL_AM7755_CTL_Ankle_replicate_sorted.bam > output/align/CQTL_AM7755_CTL_Ankle_replicate_stats.txt 2>> output/logs/align_CQTL_AM7755_CTL_Ankle_replicate.err
        
Submitted job 198 with external jobid '54380682'.

[Mon Nov 18 11:23:17 2024]
rule align:
    input: output/trim/CQTL_AM7781_CTL_Ankle_1_R1_val_1.fq.gz, output/trim/CQTL_AM7781_CTL_Ankle_1_R2_val_2.fq.gz
    output: output/align/CQTL_AM7781_CTL_Ankle_1_sorted.bam, output/align/CQTL_AM7781_CTL_Ankle_1_stats.txt
    log: output/logs/align_CQTL_AM7781_CTL_Ankle_1.err, output/logs/align_CQTL_AM7781_CTL_Ankle_1.out
    jobid: 217
    benchmark: output/benchmarks/align_CQTL_AM7781_CTL_Ankle_1.tsv
    wildcards: sampleName=CQTL_AM7781_CTL_Ankle_1
    threads: 8


        module load bwa/2.2.1
        module load samtools/1.21
        mkdir -p output/align

        bwa mem -t 8 -M /users/s/e/seyoun/Ref/genome/bwa_idx/hg38 output/trim/CQTL_AM7781_CTL_Ankle_1_R1_val_1.fq.gz output/trim/CQTL_AM7781_CTL_Ankle_1_R2_val_2.fq.gz |         samtools view -q 30 -b |         samtools sort -o output/align/CQTL_AM7781_CTL_Ankle_1_sorted.bam 1> output/logs/align_CQTL_AM7781_CTL_Ankle_1.out 2> output/logs/align_CQTL_AM7781_CTL_Ankle_1.err

        samtools flagstat output/align/CQTL_AM7781_CTL_Ankle_1_sorted.bam > output/align/CQTL_AM7781_CTL_Ankle_1_stats.txt 2>> output/logs/align_CQTL_AM7781_CTL_Ankle_1.err
        
Submitted job 217 with external jobid '54380684'.

[Mon Nov 18 11:23:22 2024]
rule fastqc:
    input: output/fastq/FACT_23-0025_CTL_synovium_1_R1.fastq.gz, output/fastq/FACT_23-0025_CTL_synovium_1_R2.fastq.gz
    output: output/QC/FACT_23-0025_CTL_synovium_1_R1_fastqc.zip, output/QC/FACT_23-0025_CTL_synovium_1_R2_fastqc.zip, output/QC/FACT_23-0025_CTL_synovium_1_R1_fastqc.html, output/QC/FACT_23-0025_CTL_synovium_1_R2_fastqc.html
    log: output/logs/fastqc_FACT_23-0025_CTL_synovium_1.err, output/logs/fastqc_FACT_23-0025_CTL_synovium_1.out
    jobid: 115
    benchmark: output/benchmarks/fastqc_FACT_23-0025_CTL_synovium_1.tsv
    wildcards: sampleName=FACT_23-0025_CTL_synovium_1


            module load fastqc/0.12.1
            mkdir -p output/QC
            fastqc -o output/QC output/fastq/FACT_23-0025_CTL_synovium_1_R1.fastq.gz output/fastq/FACT_23-0025_CTL_synovium_1_R2.fastq.gz 1> output/logs/fastqc_FACT_23-0025_CTL_synovium_1.out 2> output/logs/fastqc_FACT_23-0025_CTL_synovium_1.err;
            
Submitted job 115 with external jobid '54380685'.

[Mon Nov 18 11:23:27 2024]
rule align:
    input: output/trim/CQTL_AM7755_FNF_Ankle_1_R1_val_1.fq.gz, output/trim/CQTL_AM7755_FNF_Ankle_1_R2_val_2.fq.gz
    output: output/align/CQTL_AM7755_FNF_Ankle_1_sorted.bam, output/align/CQTL_AM7755_FNF_Ankle_1_stats.txt
    log: output/logs/align_CQTL_AM7755_FNF_Ankle_1.err, output/logs/align_CQTL_AM7755_FNF_Ankle_1.out
    jobid: 199
    benchmark: output/benchmarks/align_CQTL_AM7755_FNF_Ankle_1.tsv
    wildcards: sampleName=CQTL_AM7755_FNF_Ankle_1
    threads: 8


        module load bwa/2.2.1
        module load samtools/1.21
        mkdir -p output/align

        bwa mem -t 8 -M /users/s/e/seyoun/Ref/genome/bwa_idx/hg38 output/trim/CQTL_AM7755_FNF_Ankle_1_R1_val_1.fq.gz output/trim/CQTL_AM7755_FNF_Ankle_1_R2_val_2.fq.gz |         samtools view -q 30 -b |         samtools sort -o output/align/CQTL_AM7755_FNF_Ankle_1_sorted.bam 1> output/logs/align_CQTL_AM7755_FNF_Ankle_1.out 2> output/logs/align_CQTL_AM7755_FNF_Ankle_1.err

        samtools flagstat output/align/CQTL_AM7755_FNF_Ankle_1_sorted.bam > output/align/CQTL_AM7755_FNF_Ankle_1_stats.txt 2>> output/logs/align_CQTL_AM7755_FNF_Ankle_1.err
        
Submitted job 199 with external jobid '54380686'.

[Mon Nov 18 11:23:32 2024]
rule align:
    input: output/trim/CQTL_AM7711_FNF_Ankle_1_R1_val_1.fq.gz, output/trim/CQTL_AM7711_FNF_Ankle_1_R2_val_2.fq.gz
    output: output/align/CQTL_AM7711_FNF_Ankle_1_sorted.bam, output/align/CQTL_AM7711_FNF_Ankle_1_stats.txt
    log: output/logs/align_CQTL_AM7711_FNF_Ankle_1.err, output/logs/align_CQTL_AM7711_FNF_Ankle_1.out
    jobid: 182
    benchmark: output/benchmarks/align_CQTL_AM7711_FNF_Ankle_1.tsv
    wildcards: sampleName=CQTL_AM7711_FNF_Ankle_1
    threads: 8


        module load bwa/2.2.1
        module load samtools/1.21
        mkdir -p output/align

        bwa mem -t 8 -M /users/s/e/seyoun/Ref/genome/bwa_idx/hg38 output/trim/CQTL_AM7711_FNF_Ankle_1_R1_val_1.fq.gz output/trim/CQTL_AM7711_FNF_Ankle_1_R2_val_2.fq.gz |         samtools view -q 30 -b |         samtools sort -o output/align/CQTL_AM7711_FNF_Ankle_1_sorted.bam 1> output/logs/align_CQTL_AM7711_FNF_Ankle_1.out 2> output/logs/align_CQTL_AM7711_FNF_Ankle_1.err

        samtools flagstat output/align/CQTL_AM7711_FNF_Ankle_1_sorted.bam > output/align/CQTL_AM7711_FNF_Ankle_1_stats.txt 2>> output/logs/align_CQTL_AM7711_FNF_Ankle_1.err
        
Submitted job 182 with external jobid '54380687'.

[Mon Nov 18 11:23:37 2024]
rule align:
    input: output/trim/CQTL_AM7769_CTL_Ankle_1_R1_val_1.fq.gz, output/trim/CQTL_AM7769_CTL_Ankle_1_R2_val_2.fq.gz
    output: output/align/CQTL_AM7769_CTL_Ankle_1_sorted.bam, output/align/CQTL_AM7769_CTL_Ankle_1_stats.txt
    log: output/logs/align_CQTL_AM7769_CTL_Ankle_1.err, output/logs/align_CQTL_AM7769_CTL_Ankle_1.out
    jobid: 205
    benchmark: output/benchmarks/align_CQTL_AM7769_CTL_Ankle_1.tsv
    wildcards: sampleName=CQTL_AM7769_CTL_Ankle_1
    threads: 8


        module load bwa/2.2.1
        module load samtools/1.21
        mkdir -p output/align

        bwa mem -t 8 -M /users/s/e/seyoun/Ref/genome/bwa_idx/hg38 output/trim/CQTL_AM7769_CTL_Ankle_1_R1_val_1.fq.gz output/trim/CQTL_AM7769_CTL_Ankle_1_R2_val_2.fq.gz |         samtools view -q 30 -b |         samtools sort -o output/align/CQTL_AM7769_CTL_Ankle_1_sorted.bam 1> output/logs/align_CQTL_AM7769_CTL_Ankle_1.out 2> output/logs/align_CQTL_AM7769_CTL_Ankle_1.err

        samtools flagstat output/align/CQTL_AM7769_CTL_Ankle_1_sorted.bam > output/align/CQTL_AM7769_CTL_Ankle_1_stats.txt 2>> output/logs/align_CQTL_AM7769_CTL_Ankle_1.err
        
Submitted job 205 with external jobid '54380688'.

[Mon Nov 18 11:23:43 2024]
rule align:
    input: output/trim/CQTL_AM7712_CTL_Ankle_1_R1_val_1.fq.gz, output/trim/CQTL_AM7712_CTL_Ankle_1_R2_val_2.fq.gz
    output: output/align/CQTL_AM7712_CTL_Ankle_1_sorted.bam, output/align/CQTL_AM7712_CTL_Ankle_1_stats.txt
    log: output/logs/align_CQTL_AM7712_CTL_Ankle_1.err, output/logs/align_CQTL_AM7712_CTL_Ankle_1.out
    jobid: 183
    benchmark: output/benchmarks/align_CQTL_AM7712_CTL_Ankle_1.tsv
    wildcards: sampleName=CQTL_AM7712_CTL_Ankle_1
    threads: 8


        module load bwa/2.2.1
        module load samtools/1.21
        mkdir -p output/align

        bwa mem -t 8 -M /users/s/e/seyoun/Ref/genome/bwa_idx/hg38 output/trim/CQTL_AM7712_CTL_Ankle_1_R1_val_1.fq.gz output/trim/CQTL_AM7712_CTL_Ankle_1_R2_val_2.fq.gz |         samtools view -q 30 -b |         samtools sort -o output/align/CQTL_AM7712_CTL_Ankle_1_sorted.bam 1> output/logs/align_CQTL_AM7712_CTL_Ankle_1.out 2> output/logs/align_CQTL_AM7712_CTL_Ankle_1.err

        samtools flagstat output/align/CQTL_AM7712_CTL_Ankle_1_sorted.bam > output/align/CQTL_AM7712_CTL_Ankle_1_stats.txt 2>> output/logs/align_CQTL_AM7712_CTL_Ankle_1.err
        
Submitted job 183 with external jobid '54380690'.

[Mon Nov 18 11:23:48 2024]
rule align:
    input: output/trim/CQTL_AM7717_FNF_Ankle_1_R1_val_1.fq.gz, output/trim/CQTL_AM7717_FNF_Ankle_1_R2_val_2.fq.gz
    output: output/align/CQTL_AM7717_FNF_Ankle_1_sorted.bam, output/align/CQTL_AM7717_FNF_Ankle_1_stats.txt
    log: output/logs/align_CQTL_AM7717_FNF_Ankle_1.err, output/logs/align_CQTL_AM7717_FNF_Ankle_1.out
    jobid: 186
    benchmark: output/benchmarks/align_CQTL_AM7717_FNF_Ankle_1.tsv
    wildcards: sampleName=CQTL_AM7717_FNF_Ankle_1
    threads: 8


        module load bwa/2.2.1
        module load samtools/1.21
        mkdir -p output/align

        bwa mem -t 8 -M /users/s/e/seyoun/Ref/genome/bwa_idx/hg38 output/trim/CQTL_AM7717_FNF_Ankle_1_R1_val_1.fq.gz output/trim/CQTL_AM7717_FNF_Ankle_1_R2_val_2.fq.gz |         samtools view -q 30 -b |         samtools sort -o output/align/CQTL_AM7717_FNF_Ankle_1_sorted.bam 1> output/logs/align_CQTL_AM7717_FNF_Ankle_1.out 2> output/logs/align_CQTL_AM7717_FNF_Ankle_1.err

        samtools flagstat output/align/CQTL_AM7717_FNF_Ankle_1_sorted.bam > output/align/CQTL_AM7717_FNF_Ankle_1_stats.txt 2>> output/logs/align_CQTL_AM7717_FNF_Ankle_1.err
        
Submitted job 186 with external jobid '54380691'.

[Mon Nov 18 11:23:53 2024]
rule align:
    input: output/trim/CQTL_AM7785_CTL_Ankle_1_R1_val_1.fq.gz, output/trim/CQTL_AM7785_CTL_Ankle_1_R2_val_2.fq.gz
    output: output/align/CQTL_AM7785_CTL_Ankle_1_sorted.bam, output/align/CQTL_AM7785_CTL_Ankle_1_stats.txt
    log: output/logs/align_CQTL_AM7785_CTL_Ankle_1.err, output/logs/align_CQTL_AM7785_CTL_Ankle_1.out
    jobid: 219
    benchmark: output/benchmarks/align_CQTL_AM7785_CTL_Ankle_1.tsv
    wildcards: sampleName=CQTL_AM7785_CTL_Ankle_1
    threads: 8


        module load bwa/2.2.1
        module load samtools/1.21
        mkdir -p output/align

        bwa mem -t 8 -M /users/s/e/seyoun/Ref/genome/bwa_idx/hg38 output/trim/CQTL_AM7785_CTL_Ankle_1_R1_val_1.fq.gz output/trim/CQTL_AM7785_CTL_Ankle_1_R2_val_2.fq.gz |         samtools view -q 30 -b |         samtools sort -o output/align/CQTL_AM7785_CTL_Ankle_1_sorted.bam 1> output/logs/align_CQTL_AM7785_CTL_Ankle_1.out 2> output/logs/align_CQTL_AM7785_CTL_Ankle_1.err

        samtools flagstat output/align/CQTL_AM7785_CTL_Ankle_1_sorted.bam > output/align/CQTL_AM7785_CTL_Ankle_1_stats.txt 2>> output/logs/align_CQTL_AM7785_CTL_Ankle_1.err
        
Submitted job 219 with external jobid '54380692'.

[Mon Nov 18 11:23:58 2024]
rule align:
    input: output/trim/CQTL_AM7717_CTL_Ankle_1_R1_val_1.fq.gz, output/trim/CQTL_AM7717_CTL_Ankle_1_R2_val_2.fq.gz
    output: output/align/CQTL_AM7717_CTL_Ankle_1_sorted.bam, output/align/CQTL_AM7717_CTL_Ankle_1_stats.txt
    log: output/logs/align_CQTL_AM7717_CTL_Ankle_1.err, output/logs/align_CQTL_AM7717_CTL_Ankle_1.out
    jobid: 185
    benchmark: output/benchmarks/align_CQTL_AM7717_CTL_Ankle_1.tsv
    wildcards: sampleName=CQTL_AM7717_CTL_Ankle_1
    threads: 8


        module load bwa/2.2.1
        module load samtools/1.21
        mkdir -p output/align

        bwa mem -t 8 -M /users/s/e/seyoun/Ref/genome/bwa_idx/hg38 output/trim/CQTL_AM7717_CTL_Ankle_1_R1_val_1.fq.gz output/trim/CQTL_AM7717_CTL_Ankle_1_R2_val_2.fq.gz |         samtools view -q 30 -b |         samtools sort -o output/align/CQTL_AM7717_CTL_Ankle_1_sorted.bam 1> output/logs/align_CQTL_AM7717_CTL_Ankle_1.out 2> output/logs/align_CQTL_AM7717_CTL_Ankle_1.err

        samtools flagstat output/align/CQTL_AM7717_CTL_Ankle_1_sorted.bam > output/align/CQTL_AM7717_CTL_Ankle_1_stats.txt 2>> output/logs/align_CQTL_AM7717_CTL_Ankle_1.err
        
Submitted job 185 with external jobid '54380694'.

[Mon Nov 18 11:24:03 2024]
rule align:
    input: output/trim/CQTL_AM7678_CTL_Ankle_1_R1_val_1.fq.gz, output/trim/CQTL_AM7678_CTL_Ankle_1_R2_val_2.fq.gz
    output: output/align/CQTL_AM7678_CTL_Ankle_1_sorted.bam, output/align/CQTL_AM7678_CTL_Ankle_1_stats.txt
    log: output/logs/align_CQTL_AM7678_CTL_Ankle_1.err, output/logs/align_CQTL_AM7678_CTL_Ankle_1.out
    jobid: 177
    benchmark: output/benchmarks/align_CQTL_AM7678_CTL_Ankle_1.tsv
    wildcards: sampleName=CQTL_AM7678_CTL_Ankle_1
    threads: 8


        module load bwa/2.2.1
        module load samtools/1.21
        mkdir -p output/align

        bwa mem -t 8 -M /users/s/e/seyoun/Ref/genome/bwa_idx/hg38 output/trim/CQTL_AM7678_CTL_Ankle_1_R1_val_1.fq.gz output/trim/CQTL_AM7678_CTL_Ankle_1_R2_val_2.fq.gz |         samtools view -q 30 -b |         samtools sort -o output/align/CQTL_AM7678_CTL_Ankle_1_sorted.bam 1> output/logs/align_CQTL_AM7678_CTL_Ankle_1.out 2> output/logs/align_CQTL_AM7678_CTL_Ankle_1.err

        samtools flagstat output/align/CQTL_AM7678_CTL_Ankle_1_sorted.bam > output/align/CQTL_AM7678_CTL_Ankle_1_stats.txt 2>> output/logs/align_CQTL_AM7678_CTL_Ankle_1.err
        
Submitted job 177 with external jobid '54380695'.

[Mon Nov 18 11:24:08 2024]
rule fastqc:
    input: output/fastq/FACT_23-0023_CTL_synovium_1_R1.fastq.gz, output/fastq/FACT_23-0023_CTL_synovium_1_R2.fastq.gz
    output: output/QC/FACT_23-0023_CTL_synovium_1_R1_fastqc.zip, output/QC/FACT_23-0023_CTL_synovium_1_R2_fastqc.zip, output/QC/FACT_23-0023_CTL_synovium_1_R1_fastqc.html, output/QC/FACT_23-0023_CTL_synovium_1_R2_fastqc.html
    log: output/logs/fastqc_FACT_23-0023_CTL_synovium_1.err, output/logs/fastqc_FACT_23-0023_CTL_synovium_1.out
    jobid: 113
    benchmark: output/benchmarks/fastqc_FACT_23-0023_CTL_synovium_1.tsv
    wildcards: sampleName=FACT_23-0023_CTL_synovium_1


            module load fastqc/0.12.1
            mkdir -p output/QC
            fastqc -o output/QC output/fastq/FACT_23-0023_CTL_synovium_1_R1.fastq.gz output/fastq/FACT_23-0023_CTL_synovium_1_R2.fastq.gz 1> output/logs/fastqc_FACT_23-0023_CTL_synovium_1.out 2> output/logs/fastqc_FACT_23-0023_CTL_synovium_1.err;
            
Submitted job 113 with external jobid '54380697'.

[Mon Nov 18 11:24:14 2024]
rule align:
    input: output/trim/CQTL_AM7775_CTL_Ankle_1_R1_val_1.fq.gz, output/trim/CQTL_AM7775_CTL_Ankle_1_R2_val_2.fq.gz
    output: output/align/CQTL_AM7775_CTL_Ankle_1_sorted.bam, output/align/CQTL_AM7775_CTL_Ankle_1_stats.txt
    log: output/logs/align_CQTL_AM7775_CTL_Ankle_1.err, output/logs/align_CQTL_AM7775_CTL_Ankle_1.out
    jobid: 209
    benchmark: output/benchmarks/align_CQTL_AM7775_CTL_Ankle_1.tsv
    wildcards: sampleName=CQTL_AM7775_CTL_Ankle_1
    threads: 8


        module load bwa/2.2.1
        module load samtools/1.21
        mkdir -p output/align

        bwa mem -t 8 -M /users/s/e/seyoun/Ref/genome/bwa_idx/hg38 output/trim/CQTL_AM7775_CTL_Ankle_1_R1_val_1.fq.gz output/trim/CQTL_AM7775_CTL_Ankle_1_R2_val_2.fq.gz |         samtools view -q 30 -b |         samtools sort -o output/align/CQTL_AM7775_CTL_Ankle_1_sorted.bam 1> output/logs/align_CQTL_AM7775_CTL_Ankle_1.out 2> output/logs/align_CQTL_AM7775_CTL_Ankle_1.err

        samtools flagstat output/align/CQTL_AM7775_CTL_Ankle_1_sorted.bam > output/align/CQTL_AM7775_CTL_Ankle_1_stats.txt 2>> output/logs/align_CQTL_AM7775_CTL_Ankle_1.err
        
Submitted job 209 with external jobid '54380698'.

[Mon Nov 18 11:24:19 2024]
rule align:
    input: output/trim/CQTL_AM7778_CTL_Ankle_1_R1_val_1.fq.gz, output/trim/CQTL_AM7778_CTL_Ankle_1_R2_val_2.fq.gz
    output: output/align/CQTL_AM7778_CTL_Ankle_1_sorted.bam, output/align/CQTL_AM7778_CTL_Ankle_1_stats.txt
    log: output/logs/align_CQTL_AM7778_CTL_Ankle_1.err, output/logs/align_CQTL_AM7778_CTL_Ankle_1.out
    jobid: 213
    benchmark: output/benchmarks/align_CQTL_AM7778_CTL_Ankle_1.tsv
    wildcards: sampleName=CQTL_AM7778_CTL_Ankle_1
    threads: 8


        module load bwa/2.2.1
        module load samtools/1.21
        mkdir -p output/align

        bwa mem -t 8 -M /users/s/e/seyoun/Ref/genome/bwa_idx/hg38 output/trim/CQTL_AM7778_CTL_Ankle_1_R1_val_1.fq.gz output/trim/CQTL_AM7778_CTL_Ankle_1_R2_val_2.fq.gz |         samtools view -q 30 -b |         samtools sort -o output/align/CQTL_AM7778_CTL_Ankle_1_sorted.bam 1> output/logs/align_CQTL_AM7778_CTL_Ankle_1.out 2> output/logs/align_CQTL_AM7778_CTL_Ankle_1.err

        samtools flagstat output/align/CQTL_AM7778_CTL_Ankle_1_sorted.bam > output/align/CQTL_AM7778_CTL_Ankle_1_stats.txt 2>> output/logs/align_CQTL_AM7778_CTL_Ankle_1.err
        
Submitted job 213 with external jobid '54380699'.

[Mon Nov 18 11:24:24 2024]
rule align:
    input: output/trim/CQTL_AM7679_FNF_Ankle_1_R1_val_1.fq.gz, output/trim/CQTL_AM7679_FNF_Ankle_1_R2_val_2.fq.gz
    output: output/align/CQTL_AM7679_FNF_Ankle_1_sorted.bam, output/align/CQTL_AM7679_FNF_Ankle_1_stats.txt
    log: output/logs/align_CQTL_AM7679_FNF_Ankle_1.err, output/logs/align_CQTL_AM7679_FNF_Ankle_1.out
    jobid: 180
    benchmark: output/benchmarks/align_CQTL_AM7679_FNF_Ankle_1.tsv
    wildcards: sampleName=CQTL_AM7679_FNF_Ankle_1
    threads: 8


        module load bwa/2.2.1
        module load samtools/1.21
        mkdir -p output/align

        bwa mem -t 8 -M /users/s/e/seyoun/Ref/genome/bwa_idx/hg38 output/trim/CQTL_AM7679_FNF_Ankle_1_R1_val_1.fq.gz output/trim/CQTL_AM7679_FNF_Ankle_1_R2_val_2.fq.gz |         samtools view -q 30 -b |         samtools sort -o output/align/CQTL_AM7679_FNF_Ankle_1_sorted.bam 1> output/logs/align_CQTL_AM7679_FNF_Ankle_1.out 2> output/logs/align_CQTL_AM7679_FNF_Ankle_1.err

        samtools flagstat output/align/CQTL_AM7679_FNF_Ankle_1_sorted.bam > output/align/CQTL_AM7679_FNF_Ankle_1_stats.txt 2>> output/logs/align_CQTL_AM7679_FNF_Ankle_1.err
        
Submitted job 180 with external jobid '54380700'.

[Mon Nov 18 11:24:29 2024]
rule align:
    input: output/trim/CQTL_AM7765_CTL_Ankle_1_R1_val_1.fq.gz, output/trim/CQTL_AM7765_CTL_Ankle_1_R2_val_2.fq.gz
    output: output/align/CQTL_AM7765_CTL_Ankle_1_sorted.bam, output/align/CQTL_AM7765_CTL_Ankle_1_stats.txt
    log: output/logs/align_CQTL_AM7765_CTL_Ankle_1.err, output/logs/align_CQTL_AM7765_CTL_Ankle_1.out
    jobid: 203
    benchmark: output/benchmarks/align_CQTL_AM7765_CTL_Ankle_1.tsv
    wildcards: sampleName=CQTL_AM7765_CTL_Ankle_1
    threads: 8


        module load bwa/2.2.1
        module load samtools/1.21
        mkdir -p output/align

        bwa mem -t 8 -M /users/s/e/seyoun/Ref/genome/bwa_idx/hg38 output/trim/CQTL_AM7765_CTL_Ankle_1_R1_val_1.fq.gz output/trim/CQTL_AM7765_CTL_Ankle_1_R2_val_2.fq.gz |         samtools view -q 30 -b |         samtools sort -o output/align/CQTL_AM7765_CTL_Ankle_1_sorted.bam 1> output/logs/align_CQTL_AM7765_CTL_Ankle_1.out 2> output/logs/align_CQTL_AM7765_CTL_Ankle_1.err

        samtools flagstat output/align/CQTL_AM7765_CTL_Ankle_1_sorted.bam > output/align/CQTL_AM7765_CTL_Ankle_1_stats.txt 2>> output/logs/align_CQTL_AM7765_CTL_Ankle_1.err
        
Submitted job 203 with external jobid '54380704'.

[Mon Nov 18 11:24:34 2024]
rule align:
    input: output/trim/CQTL_AM7726_FNF_Ankle_1_R1_val_1.fq.gz, output/trim/CQTL_AM7726_FNF_Ankle_1_R2_val_2.fq.gz
    output: output/align/CQTL_AM7726_FNF_Ankle_1_sorted.bam, output/align/CQTL_AM7726_FNF_Ankle_1_stats.txt
    log: output/logs/align_CQTL_AM7726_FNF_Ankle_1.err, output/logs/align_CQTL_AM7726_FNF_Ankle_1.out
    jobid: 188
    benchmark: output/benchmarks/align_CQTL_AM7726_FNF_Ankle_1.tsv
    wildcards: sampleName=CQTL_AM7726_FNF_Ankle_1
    threads: 8


        module load bwa/2.2.1
        module load samtools/1.21
        mkdir -p output/align

        bwa mem -t 8 -M /users/s/e/seyoun/Ref/genome/bwa_idx/hg38 output/trim/CQTL_AM7726_FNF_Ankle_1_R1_val_1.fq.gz output/trim/CQTL_AM7726_FNF_Ankle_1_R2_val_2.fq.gz |         samtools view -q 30 -b |         samtools sort -o output/align/CQTL_AM7726_FNF_Ankle_1_sorted.bam 1> output/logs/align_CQTL_AM7726_FNF_Ankle_1.out 2> output/logs/align_CQTL_AM7726_FNF_Ankle_1.err

        samtools flagstat output/align/CQTL_AM7726_FNF_Ankle_1_sorted.bam > output/align/CQTL_AM7726_FNF_Ankle_1_stats.txt 2>> output/logs/align_CQTL_AM7726_FNF_Ankle_1.err
        
Submitted job 188 with external jobid '54380706'.

[Mon Nov 18 11:24:39 2024]
rule align:
    input: output/trim/CQTL_AM7769_FNF_Ankle_1_R1_val_1.fq.gz, output/trim/CQTL_AM7769_FNF_Ankle_1_R2_val_2.fq.gz
    output: output/align/CQTL_AM7769_FNF_Ankle_1_sorted.bam, output/align/CQTL_AM7769_FNF_Ankle_1_stats.txt
    log: output/logs/align_CQTL_AM7769_FNF_Ankle_1.err, output/logs/align_CQTL_AM7769_FNF_Ankle_1.out
    jobid: 206
    benchmark: output/benchmarks/align_CQTL_AM7769_FNF_Ankle_1.tsv
    wildcards: sampleName=CQTL_AM7769_FNF_Ankle_1
    threads: 8


        module load bwa/2.2.1
        module load samtools/1.21
        mkdir -p output/align

        bwa mem -t 8 -M /users/s/e/seyoun/Ref/genome/bwa_idx/hg38 output/trim/CQTL_AM7769_FNF_Ankle_1_R1_val_1.fq.gz output/trim/CQTL_AM7769_FNF_Ankle_1_R2_val_2.fq.gz |         samtools view -q 30 -b |         samtools sort -o output/align/CQTL_AM7769_FNF_Ankle_1_sorted.bam 1> output/logs/align_CQTL_AM7769_FNF_Ankle_1.out 2> output/logs/align_CQTL_AM7769_FNF_Ankle_1.err

        samtools flagstat output/align/CQTL_AM7769_FNF_Ankle_1_sorted.bam > output/align/CQTL_AM7769_FNF_Ankle_1_stats.txt 2>> output/logs/align_CQTL_AM7769_FNF_Ankle_1.err
        
Submitted job 206 with external jobid '54380707'.

[Mon Nov 18 11:24:44 2024]
rule align:
    input: output/trim/CQTL_AM7677_CTL_Ankle_1_R1_val_1.fq.gz, output/trim/CQTL_AM7677_CTL_Ankle_1_R2_val_2.fq.gz
    output: output/align/CQTL_AM7677_CTL_Ankle_1_sorted.bam, output/align/CQTL_AM7677_CTL_Ankle_1_stats.txt
    log: output/logs/align_CQTL_AM7677_CTL_Ankle_1.err, output/logs/align_CQTL_AM7677_CTL_Ankle_1.out
    jobid: 175
    benchmark: output/benchmarks/align_CQTL_AM7677_CTL_Ankle_1.tsv
    wildcards: sampleName=CQTL_AM7677_CTL_Ankle_1
    threads: 8


        module load bwa/2.2.1
        module load samtools/1.21
        mkdir -p output/align

        bwa mem -t 8 -M /users/s/e/seyoun/Ref/genome/bwa_idx/hg38 output/trim/CQTL_AM7677_CTL_Ankle_1_R1_val_1.fq.gz output/trim/CQTL_AM7677_CTL_Ankle_1_R2_val_2.fq.gz |         samtools view -q 30 -b |         samtools sort -o output/align/CQTL_AM7677_CTL_Ankle_1_sorted.bam 1> output/logs/align_CQTL_AM7677_CTL_Ankle_1.out 2> output/logs/align_CQTL_AM7677_CTL_Ankle_1.err

        samtools flagstat output/align/CQTL_AM7677_CTL_Ankle_1_sorted.bam > output/align/CQTL_AM7677_CTL_Ankle_1_stats.txt 2>> output/logs/align_CQTL_AM7677_CTL_Ankle_1.err
        
Submitted job 175 with external jobid '54380709'.

[Mon Nov 18 11:24:51 2024]
rule align:
    input: output/trim/CQTL_AM7786_CTL_Ankle_1_R1_val_1.fq.gz, output/trim/CQTL_AM7786_CTL_Ankle_1_R2_val_2.fq.gz
    output: output/align/CQTL_AM7786_CTL_Ankle_1_sorted.bam, output/align/CQTL_AM7786_CTL_Ankle_1_stats.txt
    log: output/logs/align_CQTL_AM7786_CTL_Ankle_1.err, output/logs/align_CQTL_AM7786_CTL_Ankle_1.out
    jobid: 221
    benchmark: output/benchmarks/align_CQTL_AM7786_CTL_Ankle_1.tsv
    wildcards: sampleName=CQTL_AM7786_CTL_Ankle_1
    threads: 8


        module load bwa/2.2.1
        module load samtools/1.21
        mkdir -p output/align

        bwa mem -t 8 -M /users/s/e/seyoun/Ref/genome/bwa_idx/hg38 output/trim/CQTL_AM7786_CTL_Ankle_1_R1_val_1.fq.gz output/trim/CQTL_AM7786_CTL_Ankle_1_R2_val_2.fq.gz |         samtools view -q 30 -b |         samtools sort -o output/align/CQTL_AM7786_CTL_Ankle_1_sorted.bam 1> output/logs/align_CQTL_AM7786_CTL_Ankle_1.out 2> output/logs/align_CQTL_AM7786_CTL_Ankle_1.err

        samtools flagstat output/align/CQTL_AM7786_CTL_Ankle_1_sorted.bam > output/align/CQTL_AM7786_CTL_Ankle_1_stats.txt 2>> output/logs/align_CQTL_AM7786_CTL_Ankle_1.err
        
Submitted job 221 with external jobid '54380711'.

[Mon Nov 18 11:24:56 2024]
rule align:
    input: output/trim/CQTL_AM7735_CTL_Ankle_1_R1_val_1.fq.gz, output/trim/CQTL_AM7735_CTL_Ankle_1_R2_val_2.fq.gz
    output: output/align/CQTL_AM7735_CTL_Ankle_1_sorted.bam, output/align/CQTL_AM7735_CTL_Ankle_1_stats.txt
    log: output/logs/align_CQTL_AM7735_CTL_Ankle_1.err, output/logs/align_CQTL_AM7735_CTL_Ankle_1.out
    jobid: 191
    benchmark: output/benchmarks/align_CQTL_AM7735_CTL_Ankle_1.tsv
    wildcards: sampleName=CQTL_AM7735_CTL_Ankle_1
    threads: 8


        module load bwa/2.2.1
        module load samtools/1.21
        mkdir -p output/align

        bwa mem -t 8 -M /users/s/e/seyoun/Ref/genome/bwa_idx/hg38 output/trim/CQTL_AM7735_CTL_Ankle_1_R1_val_1.fq.gz output/trim/CQTL_AM7735_CTL_Ankle_1_R2_val_2.fq.gz |         samtools view -q 30 -b |         samtools sort -o output/align/CQTL_AM7735_CTL_Ankle_1_sorted.bam 1> output/logs/align_CQTL_AM7735_CTL_Ankle_1.out 2> output/logs/align_CQTL_AM7735_CTL_Ankle_1.err

        samtools flagstat output/align/CQTL_AM7735_CTL_Ankle_1_sorted.bam > output/align/CQTL_AM7735_CTL_Ankle_1_stats.txt 2>> output/logs/align_CQTL_AM7735_CTL_Ankle_1.err
        
Submitted job 191 with external jobid '54380713'.

[Mon Nov 18 11:25:01 2024]
rule align:
    input: output/trim/CQTL_AM7780_CTL_Ankle_1_R1_val_1.fq.gz, output/trim/CQTL_AM7780_CTL_Ankle_1_R2_val_2.fq.gz
    output: output/align/CQTL_AM7780_CTL_Ankle_1_sorted.bam, output/align/CQTL_AM7780_CTL_Ankle_1_stats.txt
    log: output/logs/align_CQTL_AM7780_CTL_Ankle_1.err, output/logs/align_CQTL_AM7780_CTL_Ankle_1.out
    jobid: 215
    benchmark: output/benchmarks/align_CQTL_AM7780_CTL_Ankle_1.tsv
    wildcards: sampleName=CQTL_AM7780_CTL_Ankle_1
    threads: 8


        module load bwa/2.2.1
        module load samtools/1.21
        mkdir -p output/align

        bwa mem -t 8 -M /users/s/e/seyoun/Ref/genome/bwa_idx/hg38 output/trim/CQTL_AM7780_CTL_Ankle_1_R1_val_1.fq.gz output/trim/CQTL_AM7780_CTL_Ankle_1_R2_val_2.fq.gz |         samtools view -q 30 -b |         samtools sort -o output/align/CQTL_AM7780_CTL_Ankle_1_sorted.bam 1> output/logs/align_CQTL_AM7780_CTL_Ankle_1.out 2> output/logs/align_CQTL_AM7780_CTL_Ankle_1.err

        samtools flagstat output/align/CQTL_AM7780_CTL_Ankle_1_sorted.bam > output/align/CQTL_AM7780_CTL_Ankle_1_stats.txt 2>> output/logs/align_CQTL_AM7780_CTL_Ankle_1.err
        
Submitted job 215 with external jobid '54380715'.

[Mon Nov 18 11:25:06 2024]
rule align:
    input: output/trim/CQTL_AM7712_FNF_Ankle_1_R1_val_1.fq.gz, output/trim/CQTL_AM7712_FNF_Ankle_1_R2_val_2.fq.gz
    output: output/align/CQTL_AM7712_FNF_Ankle_1_sorted.bam, output/align/CQTL_AM7712_FNF_Ankle_1_stats.txt
    log: output/logs/align_CQTL_AM7712_FNF_Ankle_1.err, output/logs/align_CQTL_AM7712_FNF_Ankle_1.out
    jobid: 184
    benchmark: output/benchmarks/align_CQTL_AM7712_FNF_Ankle_1.tsv
    wildcards: sampleName=CQTL_AM7712_FNF_Ankle_1
    threads: 8


        module load bwa/2.2.1
        module load samtools/1.21
        mkdir -p output/align

        bwa mem -t 8 -M /users/s/e/seyoun/Ref/genome/bwa_idx/hg38 output/trim/CQTL_AM7712_FNF_Ankle_1_R1_val_1.fq.gz output/trim/CQTL_AM7712_FNF_Ankle_1_R2_val_2.fq.gz |         samtools view -q 30 -b |         samtools sort -o output/align/CQTL_AM7712_FNF_Ankle_1_sorted.bam 1> output/logs/align_CQTL_AM7712_FNF_Ankle_1.out 2> output/logs/align_CQTL_AM7712_FNF_Ankle_1.err

        samtools flagstat output/align/CQTL_AM7712_FNF_Ankle_1_sorted.bam > output/align/CQTL_AM7712_FNF_Ankle_1_stats.txt 2>> output/logs/align_CQTL_AM7712_FNF_Ankle_1.err
        
Submitted job 184 with external jobid '54380716'.

[Mon Nov 18 11:25:11 2024]
rule trim:
    input: output/fastq/FACT_23-0023_CTL_synovium_1_R1.fastq.gz, output/fastq/FACT_23-0023_CTL_synovium_1_R2.fastq.gz
    output: output/trim/FACT_23-0023_CTL_synovium_1_R1_val_1.fq.gz, output/trim/FACT_23-0023_CTL_synovium_1_R2_val_2.fq.gz, output/trim/FACT_23-0023_CTL_synovium_1_R1.fastq.gz_trimming_report.txt, output/trim/FACT_23-0023_CTL_synovium_1_R2.fastq.gz_trimming_report.txt
    log: output/logs/trim_FACT_23-0023_CTL_synovium_1.err, output/logs/trim_FACT_23-0023_CTL_synovium_1.out
    jobid: 171
    wildcards: sampleName=FACT_23-0023_CTL_synovium_1
    threads: 4


        module load trim_galore/0.6.7
        module load python/3.9.6
        module load pigz
        mkdir -p output/trim
        trim_galore -o output/trim --cores 4 --paired output/fastq/FACT_23-0023_CTL_synovium_1_R1.fastq.gz output/fastq/FACT_23-0023_CTL_synovium_1_R2.fastq.gz 2> output/logs/trim_FACT_23-0023_CTL_synovium_1.err
        
Submitted job 171 with external jobid '54380717'.

[Mon Nov 18 11:25:16 2024]
rule align:
    input: output/trim/CQTL_AM7771_FNF_Ankle_1_R1_val_1.fq.gz, output/trim/CQTL_AM7771_FNF_Ankle_1_R2_val_2.fq.gz
    output: output/align/CQTL_AM7771_FNF_Ankle_1_sorted.bam, output/align/CQTL_AM7771_FNF_Ankle_1_stats.txt
    log: output/logs/align_CQTL_AM7771_FNF_Ankle_1.err, output/logs/align_CQTL_AM7771_FNF_Ankle_1.out
    jobid: 208
    benchmark: output/benchmarks/align_CQTL_AM7771_FNF_Ankle_1.tsv
    wildcards: sampleName=CQTL_AM7771_FNF_Ankle_1
    threads: 8


        module load bwa/2.2.1
        module load samtools/1.21
        mkdir -p output/align

        bwa mem -t 8 -M /users/s/e/seyoun/Ref/genome/bwa_idx/hg38 output/trim/CQTL_AM7771_FNF_Ankle_1_R1_val_1.fq.gz output/trim/CQTL_AM7771_FNF_Ankle_1_R2_val_2.fq.gz |         samtools view -q 30 -b |         samtools sort -o output/align/CQTL_AM7771_FNF_Ankle_1_sorted.bam 1> output/logs/align_CQTL_AM7771_FNF_Ankle_1.out 2> output/logs/align_CQTL_AM7771_FNF_Ankle_1.err

        samtools flagstat output/align/CQTL_AM7771_FNF_Ankle_1_sorted.bam > output/align/CQTL_AM7771_FNF_Ankle_1_stats.txt 2>> output/logs/align_CQTL_AM7771_FNF_Ankle_1.err
        
Submitted job 208 with external jobid '54380719'.

[Mon Nov 18 11:25:21 2024]
rule align:
    input: output/trim/CQTL_AM7754_FNF_Ankle_replicate_R1_val_1.fq.gz, output/trim/CQTL_AM7754_FNF_Ankle_replicate_R2_val_2.fq.gz
    output: output/align/CQTL_AM7754_FNF_Ankle_replicate_sorted.bam, output/align/CQTL_AM7754_FNF_Ankle_replicate_stats.txt
    log: output/logs/align_CQTL_AM7754_FNF_Ankle_replicate.err, output/logs/align_CQTL_AM7754_FNF_Ankle_replicate.out
    jobid: 196
    benchmark: output/benchmarks/align_CQTL_AM7754_FNF_Ankle_replicate.tsv
    wildcards: sampleName=CQTL_AM7754_FNF_Ankle_replicate
    threads: 8


        module load bwa/2.2.1
        module load samtools/1.21
        mkdir -p output/align

        bwa mem -t 8 -M /users/s/e/seyoun/Ref/genome/bwa_idx/hg38 output/trim/CQTL_AM7754_FNF_Ankle_replicate_R1_val_1.fq.gz output/trim/CQTL_AM7754_FNF_Ankle_replicate_R2_val_2.fq.gz |         samtools view -q 30 -b |         samtools sort -o output/align/CQTL_AM7754_FNF_Ankle_replicate_sorted.bam 1> output/logs/align_CQTL_AM7754_FNF_Ankle_replicate.out 2> output/logs/align_CQTL_AM7754_FNF_Ankle_replicate.err

        samtools flagstat output/align/CQTL_AM7754_FNF_Ankle_replicate_sorted.bam > output/align/CQTL_AM7754_FNF_Ankle_replicate_stats.txt 2>> output/logs/align_CQTL_AM7754_FNF_Ankle_replicate.err
        
Submitted job 196 with external jobid '54380721'.
