Building DAG of jobs...
Using shell: /usr/bin/bash
Provided cluster nodes: 100
Job counts:
	count	jobs
	1	all
	30	verifybamid
	31

[Tue Dec  3 17:41:49 2024]
rule verifybamid:
    input: /work/users/s/e/seyoun/CQTL_AI/rna_output/align/CQTL_AM7711_CTL_Ankle_1_RG.bam, /work/users/s/e/seyoun/CQTL_AI/rna_output/align/CQTL_AM7711_CTL_Ankle_1_RG.bam.bai, output/geno/pbs_geno/pbs.rename_wCHR.vcf.gz, output/geno/fnf_geno/fnf.rename_wCHR.vcf.gz
    output: rna_output/QC/CQTL_AM7711_CTL_Ankle_1_verifyBamID.selfSM, rna_output/QC/CQTL_AM7711_CTL_Ankle_1_verifyBamID.selfRG, rna_output/QC/CQTL_AM7711_CTL_Ankle_1_verifyBamID.bestRG, rna_output/QC/CQTL_AM7711_CTL_Ankle_1_verifyBamID.bestSM, rna_output/QC/CQTL_AM7711_CTL_Ankle_1_verifyBamID.depthRG, rna_output/QC/CQTL_AM7711_CTL_Ankle_1_verifyBamID.depthSM
    log: rna_output/logs/verifyBamID_CQTL_AM7711_CTL_Ankle_1.err
    jobid: 1
    wildcards: sampleName=CQTL_AM7711_CTL_Ankle_1



        if [[ "CQTL_AM7711_CTL_Ankle_1" == *"CTL"* ]]; then
            vcf_file=output/geno/pbs_geno/pbs.rename_wCHR.vcf.gz
        elif [[ "CQTL_AM7711_CTL_Ankle_1" == *"FNF"* ]]; then
            vcf_file=output/geno/fnf_geno/fnf.rename_wCHR.vcf.gz
        else
            echo "Error: Sample type not recognized in CQTL_AM7711_CTL_Ankle_1"
            exit 1
        fi

        echo "$vcf_file"

        /users/s/e/seyoun/tools/verifyBamID_1.1.3/verifyBamID/bin/verifyBamID --vcf $vcf_file --bam /work/users/s/e/seyoun/CQTL_AI/rna_output/align/CQTL_AM7711_CTL_Ankle_1_RG.bam --bai /work/users/s/e/seyoun/CQTL_AI/rna_output/align/CQTL_AM7711_CTL_Ankle_1_RG.bam.bai --best --out rna_output/QC/CQTL_AM7711_CTL_Ankle_1_verifyBamID 2> rna_output/logs/verifyBamID_CQTL_AM7711_CTL_Ankle_1.err
        
Submitted job 1 with external jobid '55217008'.

[Tue Dec  3 17:41:50 2024]
rule verifybamid:
    input: /work/users/s/e/seyoun/CQTL_AI/rna_output/align/CQTL_AM7786_FNF_Ankle_1_RG.bam, /work/users/s/e/seyoun/CQTL_AI/rna_output/align/CQTL_AM7786_FNF_Ankle_1_RG.bam.bai, output/geno/pbs_geno/pbs.rename_wCHR.vcf.gz, output/geno/fnf_geno/fnf.rename_wCHR.vcf.gz
    output: rna_output/QC/CQTL_AM7786_FNF_Ankle_1_verifyBamID.selfSM, rna_output/QC/CQTL_AM7786_FNF_Ankle_1_verifyBamID.selfRG, rna_output/QC/CQTL_AM7786_FNF_Ankle_1_verifyBamID.bestRG, rna_output/QC/CQTL_AM7786_FNF_Ankle_1_verifyBamID.bestSM, rna_output/QC/CQTL_AM7786_FNF_Ankle_1_verifyBamID.depthRG, rna_output/QC/CQTL_AM7786_FNF_Ankle_1_verifyBamID.depthSM
    log: rna_output/logs/verifyBamID_CQTL_AM7786_FNF_Ankle_1.err
    jobid: 30
    wildcards: sampleName=CQTL_AM7786_FNF_Ankle_1



        if [[ "CQTL_AM7786_FNF_Ankle_1" == *"CTL"* ]]; then
            vcf_file=output/geno/pbs_geno/pbs.rename_wCHR.vcf.gz
        elif [[ "CQTL_AM7786_FNF_Ankle_1" == *"FNF"* ]]; then
            vcf_file=output/geno/fnf_geno/fnf.rename_wCHR.vcf.gz
        else
            echo "Error: Sample type not recognized in CQTL_AM7786_FNF_Ankle_1"
            exit 1
        fi

        echo "$vcf_file"

        /users/s/e/seyoun/tools/verifyBamID_1.1.3/verifyBamID/bin/verifyBamID --vcf $vcf_file --bam /work/users/s/e/seyoun/CQTL_AI/rna_output/align/CQTL_AM7786_FNF_Ankle_1_RG.bam --bai /work/users/s/e/seyoun/CQTL_AI/rna_output/align/CQTL_AM7786_FNF_Ankle_1_RG.bam.bai --best --out rna_output/QC/CQTL_AM7786_FNF_Ankle_1_verifyBamID 2> rna_output/logs/verifyBamID_CQTL_AM7786_FNF_Ankle_1.err
        
Submitted job 30 with external jobid '55217018'.

[Tue Dec  3 17:41:53 2024]
rule verifybamid:
    input: /work/users/s/e/seyoun/CQTL_AI/rna_output/align/CQTL_AM7786_CTL_Ankle_1_RG.bam, /work/users/s/e/seyoun/CQTL_AI/rna_output/align/CQTL_AM7786_CTL_Ankle_1_RG.bam.bai, output/geno/pbs_geno/pbs.rename_wCHR.vcf.gz, output/geno/fnf_geno/fnf.rename_wCHR.vcf.gz
    output: rna_output/QC/CQTL_AM7786_CTL_Ankle_1_verifyBamID.selfSM, rna_output/QC/CQTL_AM7786_CTL_Ankle_1_verifyBamID.selfRG, rna_output/QC/CQTL_AM7786_CTL_Ankle_1_verifyBamID.bestRG, rna_output/QC/CQTL_AM7786_CTL_Ankle_1_verifyBamID.bestSM, rna_output/QC/CQTL_AM7786_CTL_Ankle_1_verifyBamID.depthRG, rna_output/QC/CQTL_AM7786_CTL_Ankle_1_verifyBamID.depthSM
    log: rna_output/logs/verifyBamID_CQTL_AM7786_CTL_Ankle_1.err
    jobid: 29
    wildcards: sampleName=CQTL_AM7786_CTL_Ankle_1



        if [[ "CQTL_AM7786_CTL_Ankle_1" == *"CTL"* ]]; then
            vcf_file=output/geno/pbs_geno/pbs.rename_wCHR.vcf.gz
        elif [[ "CQTL_AM7786_CTL_Ankle_1" == *"FNF"* ]]; then
            vcf_file=output/geno/fnf_geno/fnf.rename_wCHR.vcf.gz
        else
            echo "Error: Sample type not recognized in CQTL_AM7786_CTL_Ankle_1"
            exit 1
        fi

        echo "$vcf_file"

        /users/s/e/seyoun/tools/verifyBamID_1.1.3/verifyBamID/bin/verifyBamID --vcf $vcf_file --bam /work/users/s/e/seyoun/CQTL_AI/rna_output/align/CQTL_AM7786_CTL_Ankle_1_RG.bam --bai /work/users/s/e/seyoun/CQTL_AI/rna_output/align/CQTL_AM7786_CTL_Ankle_1_RG.bam.bai --best --out rna_output/QC/CQTL_AM7786_CTL_Ankle_1_verifyBamID 2> rna_output/logs/verifyBamID_CQTL_AM7786_CTL_Ankle_1.err
        
Submitted job 29 with external jobid '55217021'.

[Tue Dec  3 17:41:55 2024]
rule verifybamid:
    input: /work/users/s/e/seyoun/CQTL_AI/rna_output/align/CQTL_AM7775_CTL_Ankle_1_RG.bam, /work/users/s/e/seyoun/CQTL_AI/rna_output/align/CQTL_AM7775_CTL_Ankle_1_RG.bam.bai, output/geno/pbs_geno/pbs.rename_wCHR.vcf.gz, output/geno/fnf_geno/fnf.rename_wCHR.vcf.gz
    output: rna_output/QC/CQTL_AM7775_CTL_Ankle_1_verifyBamID.selfSM, rna_output/QC/CQTL_AM7775_CTL_Ankle_1_verifyBamID.selfRG, rna_output/QC/CQTL_AM7775_CTL_Ankle_1_verifyBamID.bestRG, rna_output/QC/CQTL_AM7775_CTL_Ankle_1_verifyBamID.bestSM, rna_output/QC/CQTL_AM7775_CTL_Ankle_1_verifyBamID.depthRG, rna_output/QC/CQTL_AM7775_CTL_Ankle_1_verifyBamID.depthSM
    log: rna_output/logs/verifyBamID_CQTL_AM7775_CTL_Ankle_1.err
    jobid: 19
    wildcards: sampleName=CQTL_AM7775_CTL_Ankle_1



        if [[ "CQTL_AM7775_CTL_Ankle_1" == *"CTL"* ]]; then
            vcf_file=output/geno/pbs_geno/pbs.rename_wCHR.vcf.gz
        elif [[ "CQTL_AM7775_CTL_Ankle_1" == *"FNF"* ]]; then
            vcf_file=output/geno/fnf_geno/fnf.rename_wCHR.vcf.gz
        else
            echo "Error: Sample type not recognized in CQTL_AM7775_CTL_Ankle_1"
            exit 1
        fi

        echo "$vcf_file"

        /users/s/e/seyoun/tools/verifyBamID_1.1.3/verifyBamID/bin/verifyBamID --vcf $vcf_file --bam /work/users/s/e/seyoun/CQTL_AI/rna_output/align/CQTL_AM7775_CTL_Ankle_1_RG.bam --bai /work/users/s/e/seyoun/CQTL_AI/rna_output/align/CQTL_AM7775_CTL_Ankle_1_RG.bam.bai --best --out rna_output/QC/CQTL_AM7775_CTL_Ankle_1_verifyBamID 2> rna_output/logs/verifyBamID_CQTL_AM7775_CTL_Ankle_1.err
        
Submitted job 19 with external jobid '55217022'.

[Tue Dec  3 17:41:56 2024]
rule verifybamid:
    input: /work/users/s/e/seyoun/CQTL_AI/rna_output/align/CQTL_AM7778_CTL_Ankle_1_RG.bam, /work/users/s/e/seyoun/CQTL_AI/rna_output/align/CQTL_AM7778_CTL_Ankle_1_RG.bam.bai, output/geno/pbs_geno/pbs.rename_wCHR.vcf.gz, output/geno/fnf_geno/fnf.rename_wCHR.vcf.gz
    output: rna_output/QC/CQTL_AM7778_CTL_Ankle_1_verifyBamID.selfSM, rna_output/QC/CQTL_AM7778_CTL_Ankle_1_verifyBamID.selfRG, rna_output/QC/CQTL_AM7778_CTL_Ankle_1_verifyBamID.bestRG, rna_output/QC/CQTL_AM7778_CTL_Ankle_1_verifyBamID.bestSM, rna_output/QC/CQTL_AM7778_CTL_Ankle_1_verifyBamID.depthRG, rna_output/QC/CQTL_AM7778_CTL_Ankle_1_verifyBamID.depthSM
    log: rna_output/logs/verifyBamID_CQTL_AM7778_CTL_Ankle_1.err
    jobid: 21
    wildcards: sampleName=CQTL_AM7778_CTL_Ankle_1



        if [[ "CQTL_AM7778_CTL_Ankle_1" == *"CTL"* ]]; then
            vcf_file=output/geno/pbs_geno/pbs.rename_wCHR.vcf.gz
        elif [[ "CQTL_AM7778_CTL_Ankle_1" == *"FNF"* ]]; then
            vcf_file=output/geno/fnf_geno/fnf.rename_wCHR.vcf.gz
        else
            echo "Error: Sample type not recognized in CQTL_AM7778_CTL_Ankle_1"
            exit 1
        fi

        echo "$vcf_file"

        /users/s/e/seyoun/tools/verifyBamID_1.1.3/verifyBamID/bin/verifyBamID --vcf $vcf_file --bam /work/users/s/e/seyoun/CQTL_AI/rna_output/align/CQTL_AM7778_CTL_Ankle_1_RG.bam --bai /work/users/s/e/seyoun/CQTL_AI/rna_output/align/CQTL_AM7778_CTL_Ankle_1_RG.bam.bai --best --out rna_output/QC/CQTL_AM7778_CTL_Ankle_1_verifyBamID 2> rna_output/logs/verifyBamID_CQTL_AM7778_CTL_Ankle_1.err
        
Submitted job 21 with external jobid '55217023'.

[Tue Dec  3 17:41:57 2024]
rule verifybamid:
    input: /work/users/s/e/seyoun/CQTL_AI/rna_output/align/CQTL_AM7785_FNF_Ankle_1_RG.bam, /work/users/s/e/seyoun/CQTL_AI/rna_output/align/CQTL_AM7785_FNF_Ankle_1_RG.bam.bai, output/geno/pbs_geno/pbs.rename_wCHR.vcf.gz, output/geno/fnf_geno/fnf.rename_wCHR.vcf.gz
    output: rna_output/QC/CQTL_AM7785_FNF_Ankle_1_verifyBamID.selfSM, rna_output/QC/CQTL_AM7785_FNF_Ankle_1_verifyBamID.selfRG, rna_output/QC/CQTL_AM7785_FNF_Ankle_1_verifyBamID.bestRG, rna_output/QC/CQTL_AM7785_FNF_Ankle_1_verifyBamID.bestSM, rna_output/QC/CQTL_AM7785_FNF_Ankle_1_verifyBamID.depthRG, rna_output/QC/CQTL_AM7785_FNF_Ankle_1_verifyBamID.depthSM
    log: rna_output/logs/verifyBamID_CQTL_AM7785_FNF_Ankle_1.err
    jobid: 28
    wildcards: sampleName=CQTL_AM7785_FNF_Ankle_1



        if [[ "CQTL_AM7785_FNF_Ankle_1" == *"CTL"* ]]; then
            vcf_file=output/geno/pbs_geno/pbs.rename_wCHR.vcf.gz
        elif [[ "CQTL_AM7785_FNF_Ankle_1" == *"FNF"* ]]; then
            vcf_file=output/geno/fnf_geno/fnf.rename_wCHR.vcf.gz
        else
            echo "Error: Sample type not recognized in CQTL_AM7785_FNF_Ankle_1"
            exit 1
        fi

        echo "$vcf_file"

        /users/s/e/seyoun/tools/verifyBamID_1.1.3/verifyBamID/bin/verifyBamID --vcf $vcf_file --bam /work/users/s/e/seyoun/CQTL_AI/rna_output/align/CQTL_AM7785_FNF_Ankle_1_RG.bam --bai /work/users/s/e/seyoun/CQTL_AI/rna_output/align/CQTL_AM7785_FNF_Ankle_1_RG.bam.bai --best --out rna_output/QC/CQTL_AM7785_FNF_Ankle_1_verifyBamID 2> rna_output/logs/verifyBamID_CQTL_AM7785_FNF_Ankle_1.err
        
Submitted job 28 with external jobid '55217024'.

[Tue Dec  3 17:42:01 2024]
rule verifybamid:
    input: /work/users/s/e/seyoun/CQTL_AI/rna_output/align/CQTL_AM7763_CTL_Ankle_1_RG.bam, /work/users/s/e/seyoun/CQTL_AI/rna_output/align/CQTL_AM7763_CTL_Ankle_1_RG.bam.bai, output/geno/pbs_geno/pbs.rename_wCHR.vcf.gz, output/geno/fnf_geno/fnf.rename_wCHR.vcf.gz
    output: rna_output/QC/CQTL_AM7763_CTL_Ankle_1_verifyBamID.selfSM, rna_output/QC/CQTL_AM7763_CTL_Ankle_1_verifyBamID.selfRG, rna_output/QC/CQTL_AM7763_CTL_Ankle_1_verifyBamID.bestRG, rna_output/QC/CQTL_AM7763_CTL_Ankle_1_verifyBamID.bestSM, rna_output/QC/CQTL_AM7763_CTL_Ankle_1_verifyBamID.depthRG, rna_output/QC/CQTL_AM7763_CTL_Ankle_1_verifyBamID.depthSM
    log: rna_output/logs/verifyBamID_CQTL_AM7763_CTL_Ankle_1.err
    jobid: 11
    wildcards: sampleName=CQTL_AM7763_CTL_Ankle_1



        if [[ "CQTL_AM7763_CTL_Ankle_1" == *"CTL"* ]]; then
            vcf_file=output/geno/pbs_geno/pbs.rename_wCHR.vcf.gz
        elif [[ "CQTL_AM7763_CTL_Ankle_1" == *"FNF"* ]]; then
            vcf_file=output/geno/fnf_geno/fnf.rename_wCHR.vcf.gz
        else
            echo "Error: Sample type not recognized in CQTL_AM7763_CTL_Ankle_1"
            exit 1
        fi

        echo "$vcf_file"

        /users/s/e/seyoun/tools/verifyBamID_1.1.3/verifyBamID/bin/verifyBamID --vcf $vcf_file --bam /work/users/s/e/seyoun/CQTL_AI/rna_output/align/CQTL_AM7763_CTL_Ankle_1_RG.bam --bai /work/users/s/e/seyoun/CQTL_AI/rna_output/align/CQTL_AM7763_CTL_Ankle_1_RG.bam.bai --best --out rna_output/QC/CQTL_AM7763_CTL_Ankle_1_verifyBamID 2> rna_output/logs/verifyBamID_CQTL_AM7763_CTL_Ankle_1.err
        
Submitted job 11 with external jobid '55217025'.

[Tue Dec  3 17:42:04 2024]
rule verifybamid:
    input: /work/users/s/e/seyoun/CQTL_AI/rna_output/align/CQTL_AM7781_CTL_Ankle_1_RG.bam, /work/users/s/e/seyoun/CQTL_AI/rna_output/align/CQTL_AM7781_CTL_Ankle_1_RG.bam.bai, output/geno/pbs_geno/pbs.rename_wCHR.vcf.gz, output/geno/fnf_geno/fnf.rename_wCHR.vcf.gz
    output: rna_output/QC/CQTL_AM7781_CTL_Ankle_1_verifyBamID.selfSM, rna_output/QC/CQTL_AM7781_CTL_Ankle_1_verifyBamID.selfRG, rna_output/QC/CQTL_AM7781_CTL_Ankle_1_verifyBamID.bestRG, rna_output/QC/CQTL_AM7781_CTL_Ankle_1_verifyBamID.bestSM, rna_output/QC/CQTL_AM7781_CTL_Ankle_1_verifyBamID.depthRG, rna_output/QC/CQTL_AM7781_CTL_Ankle_1_verifyBamID.depthSM
    log: rna_output/logs/verifyBamID_CQTL_AM7781_CTL_Ankle_1.err
    jobid: 25
    wildcards: sampleName=CQTL_AM7781_CTL_Ankle_1



        if [[ "CQTL_AM7781_CTL_Ankle_1" == *"CTL"* ]]; then
            vcf_file=output/geno/pbs_geno/pbs.rename_wCHR.vcf.gz
        elif [[ "CQTL_AM7781_CTL_Ankle_1" == *"FNF"* ]]; then
            vcf_file=output/geno/fnf_geno/fnf.rename_wCHR.vcf.gz
        else
            echo "Error: Sample type not recognized in CQTL_AM7781_CTL_Ankle_1"
            exit 1
        fi

        echo "$vcf_file"

        /users/s/e/seyoun/tools/verifyBamID_1.1.3/verifyBamID/bin/verifyBamID --vcf $vcf_file --bam /work/users/s/e/seyoun/CQTL_AI/rna_output/align/CQTL_AM7781_CTL_Ankle_1_RG.bam --bai /work/users/s/e/seyoun/CQTL_AI/rna_output/align/CQTL_AM7781_CTL_Ankle_1_RG.bam.bai --best --out rna_output/QC/CQTL_AM7781_CTL_Ankle_1_verifyBamID 2> rna_output/logs/verifyBamID_CQTL_AM7781_CTL_Ankle_1.err
        
Submitted job 25 with external jobid '55217026'.

[Tue Dec  3 17:42:06 2024]
rule verifybamid:
    input: /work/users/s/e/seyoun/CQTL_AI/rna_output/align/CQTL_AM7754_FNF_Ankle_1_RG.bam, /work/users/s/e/seyoun/CQTL_AI/rna_output/align/CQTL_AM7754_FNF_Ankle_1_RG.bam.bai, output/geno/pbs_geno/pbs.rename_wCHR.vcf.gz, output/geno/fnf_geno/fnf.rename_wCHR.vcf.gz
    output: rna_output/QC/CQTL_AM7754_FNF_Ankle_1_verifyBamID.selfSM, rna_output/QC/CQTL_AM7754_FNF_Ankle_1_verifyBamID.selfRG, rna_output/QC/CQTL_AM7754_FNF_Ankle_1_verifyBamID.bestRG, rna_output/QC/CQTL_AM7754_FNF_Ankle_1_verifyBamID.bestSM, rna_output/QC/CQTL_AM7754_FNF_Ankle_1_verifyBamID.depthRG, rna_output/QC/CQTL_AM7754_FNF_Ankle_1_verifyBamID.depthSM
    log: rna_output/logs/verifyBamID_CQTL_AM7754_FNF_Ankle_1.err
    jobid: 8
    wildcards: sampleName=CQTL_AM7754_FNF_Ankle_1



        if [[ "CQTL_AM7754_FNF_Ankle_1" == *"CTL"* ]]; then
            vcf_file=output/geno/pbs_geno/pbs.rename_wCHR.vcf.gz
        elif [[ "CQTL_AM7754_FNF_Ankle_1" == *"FNF"* ]]; then
            vcf_file=output/geno/fnf_geno/fnf.rename_wCHR.vcf.gz
        else
            echo "Error: Sample type not recognized in CQTL_AM7754_FNF_Ankle_1"
            exit 1
        fi

        echo "$vcf_file"

        /users/s/e/seyoun/tools/verifyBamID_1.1.3/verifyBamID/bin/verifyBamID --vcf $vcf_file --bam /work/users/s/e/seyoun/CQTL_AI/rna_output/align/CQTL_AM7754_FNF_Ankle_1_RG.bam --bai /work/users/s/e/seyoun/CQTL_AI/rna_output/align/CQTL_AM7754_FNF_Ankle_1_RG.bam.bai --best --out rna_output/QC/CQTL_AM7754_FNF_Ankle_1_verifyBamID 2> rna_output/logs/verifyBamID_CQTL_AM7754_FNF_Ankle_1.err
        
Submitted job 8 with external jobid '55217027'.

[Tue Dec  3 17:42:08 2024]
rule verifybamid:
    input: /work/users/s/e/seyoun/CQTL_AI/rna_output/align/CQTL_AM7754_CTL_Ankle_1_RG.bam, /work/users/s/e/seyoun/CQTL_AI/rna_output/align/CQTL_AM7754_CTL_Ankle_1_RG.bam.bai, output/geno/pbs_geno/pbs.rename_wCHR.vcf.gz, output/geno/fnf_geno/fnf.rename_wCHR.vcf.gz
    output: rna_output/QC/CQTL_AM7754_CTL_Ankle_1_verifyBamID.selfSM, rna_output/QC/CQTL_AM7754_CTL_Ankle_1_verifyBamID.selfRG, rna_output/QC/CQTL_AM7754_CTL_Ankle_1_verifyBamID.bestRG, rna_output/QC/CQTL_AM7754_CTL_Ankle_1_verifyBamID.bestSM, rna_output/QC/CQTL_AM7754_CTL_Ankle_1_verifyBamID.depthRG, rna_output/QC/CQTL_AM7754_CTL_Ankle_1_verifyBamID.depthSM
    log: rna_output/logs/verifyBamID_CQTL_AM7754_CTL_Ankle_1.err
    jobid: 7
    wildcards: sampleName=CQTL_AM7754_CTL_Ankle_1



        if [[ "CQTL_AM7754_CTL_Ankle_1" == *"CTL"* ]]; then
            vcf_file=output/geno/pbs_geno/pbs.rename_wCHR.vcf.gz
        elif [[ "CQTL_AM7754_CTL_Ankle_1" == *"FNF"* ]]; then
            vcf_file=output/geno/fnf_geno/fnf.rename_wCHR.vcf.gz
        else
            echo "Error: Sample type not recognized in CQTL_AM7754_CTL_Ankle_1"
            exit 1
        fi

        echo "$vcf_file"

        /users/s/e/seyoun/tools/verifyBamID_1.1.3/verifyBamID/bin/verifyBamID --vcf $vcf_file --bam /work/users/s/e/seyoun/CQTL_AI/rna_output/align/CQTL_AM7754_CTL_Ankle_1_RG.bam --bai /work/users/s/e/seyoun/CQTL_AI/rna_output/align/CQTL_AM7754_CTL_Ankle_1_RG.bam.bai --best --out rna_output/QC/CQTL_AM7754_CTL_Ankle_1_verifyBamID 2> rna_output/logs/verifyBamID_CQTL_AM7754_CTL_Ankle_1.err
        
Submitted job 7 with external jobid '55217029'.

[Tue Dec  3 17:42:09 2024]
rule verifybamid:
    input: /work/users/s/e/seyoun/CQTL_AI/rna_output/align/CQTL_AM7765_CTL_Ankle_1_RG.bam, /work/users/s/e/seyoun/CQTL_AI/rna_output/align/CQTL_AM7765_CTL_Ankle_1_RG.bam.bai, output/geno/pbs_geno/pbs.rename_wCHR.vcf.gz, output/geno/fnf_geno/fnf.rename_wCHR.vcf.gz
    output: rna_output/QC/CQTL_AM7765_CTL_Ankle_1_verifyBamID.selfSM, rna_output/QC/CQTL_AM7765_CTL_Ankle_1_verifyBamID.selfRG, rna_output/QC/CQTL_AM7765_CTL_Ankle_1_verifyBamID.bestRG, rna_output/QC/CQTL_AM7765_CTL_Ankle_1_verifyBamID.bestSM, rna_output/QC/CQTL_AM7765_CTL_Ankle_1_verifyBamID.depthRG, rna_output/QC/CQTL_AM7765_CTL_Ankle_1_verifyBamID.depthSM
    log: rna_output/logs/verifyBamID_CQTL_AM7765_CTL_Ankle_1.err
    jobid: 13
    wildcards: sampleName=CQTL_AM7765_CTL_Ankle_1



        if [[ "CQTL_AM7765_CTL_Ankle_1" == *"CTL"* ]]; then
            vcf_file=output/geno/pbs_geno/pbs.rename_wCHR.vcf.gz
        elif [[ "CQTL_AM7765_CTL_Ankle_1" == *"FNF"* ]]; then
            vcf_file=output/geno/fnf_geno/fnf.rename_wCHR.vcf.gz
        else
            echo "Error: Sample type not recognized in CQTL_AM7765_CTL_Ankle_1"
            exit 1
        fi

        echo "$vcf_file"

        /users/s/e/seyoun/tools/verifyBamID_1.1.3/verifyBamID/bin/verifyBamID --vcf $vcf_file --bam /work/users/s/e/seyoun/CQTL_AI/rna_output/align/CQTL_AM7765_CTL_Ankle_1_RG.bam --bai /work/users/s/e/seyoun/CQTL_AI/rna_output/align/CQTL_AM7765_CTL_Ankle_1_RG.bam.bai --best --out rna_output/QC/CQTL_AM7765_CTL_Ankle_1_verifyBamID 2> rna_output/logs/verifyBamID_CQTL_AM7765_CTL_Ankle_1.err
        
Submitted job 13 with external jobid '55217030'.

[Tue Dec  3 17:42:10 2024]
rule verifybamid:
    input: /work/users/s/e/seyoun/CQTL_AI/rna_output/align/CQTL_AM7778_FNF_Ankle_1_RG.bam, /work/users/s/e/seyoun/CQTL_AI/rna_output/align/CQTL_AM7778_FNF_Ankle_1_RG.bam.bai, output/geno/pbs_geno/pbs.rename_wCHR.vcf.gz, output/geno/fnf_geno/fnf.rename_wCHR.vcf.gz
    output: rna_output/QC/CQTL_AM7778_FNF_Ankle_1_verifyBamID.selfSM, rna_output/QC/CQTL_AM7778_FNF_Ankle_1_verifyBamID.selfRG, rna_output/QC/CQTL_AM7778_FNF_Ankle_1_verifyBamID.bestRG, rna_output/QC/CQTL_AM7778_FNF_Ankle_1_verifyBamID.bestSM, rna_output/QC/CQTL_AM7778_FNF_Ankle_1_verifyBamID.depthRG, rna_output/QC/CQTL_AM7778_FNF_Ankle_1_verifyBamID.depthSM
    log: rna_output/logs/verifyBamID_CQTL_AM7778_FNF_Ankle_1.err
    jobid: 22
    wildcards: sampleName=CQTL_AM7778_FNF_Ankle_1



        if [[ "CQTL_AM7778_FNF_Ankle_1" == *"CTL"* ]]; then
            vcf_file=output/geno/pbs_geno/pbs.rename_wCHR.vcf.gz
        elif [[ "CQTL_AM7778_FNF_Ankle_1" == *"FNF"* ]]; then
            vcf_file=output/geno/fnf_geno/fnf.rename_wCHR.vcf.gz
        else
            echo "Error: Sample type not recognized in CQTL_AM7778_FNF_Ankle_1"
            exit 1
        fi

        echo "$vcf_file"

        /users/s/e/seyoun/tools/verifyBamID_1.1.3/verifyBamID/bin/verifyBamID --vcf $vcf_file --bam /work/users/s/e/seyoun/CQTL_AI/rna_output/align/CQTL_AM7778_FNF_Ankle_1_RG.bam --bai /work/users/s/e/seyoun/CQTL_AI/rna_output/align/CQTL_AM7778_FNF_Ankle_1_RG.bam.bai --best --out rna_output/QC/CQTL_AM7778_FNF_Ankle_1_verifyBamID 2> rna_output/logs/verifyBamID_CQTL_AM7778_FNF_Ankle_1.err
        
Submitted job 22 with external jobid '55217031'.

[Tue Dec  3 17:42:12 2024]
rule verifybamid:
    input: /work/users/s/e/seyoun/CQTL_AI/rna_output/align/CQTL_AM7771_CTL_Ankle_1_RG.bam, /work/users/s/e/seyoun/CQTL_AI/rna_output/align/CQTL_AM7771_CTL_Ankle_1_RG.bam.bai, output/geno/pbs_geno/pbs.rename_wCHR.vcf.gz, output/geno/fnf_geno/fnf.rename_wCHR.vcf.gz
    output: rna_output/QC/CQTL_AM7771_CTL_Ankle_1_verifyBamID.selfSM, rna_output/QC/CQTL_AM7771_CTL_Ankle_1_verifyBamID.selfRG, rna_output/QC/CQTL_AM7771_CTL_Ankle_1_verifyBamID.bestRG, rna_output/QC/CQTL_AM7771_CTL_Ankle_1_verifyBamID.bestSM, rna_output/QC/CQTL_AM7771_CTL_Ankle_1_verifyBamID.depthRG, rna_output/QC/CQTL_AM7771_CTL_Ankle_1_verifyBamID.depthSM
    log: rna_output/logs/verifyBamID_CQTL_AM7771_CTL_Ankle_1.err
    jobid: 17
    wildcards: sampleName=CQTL_AM7771_CTL_Ankle_1



        if [[ "CQTL_AM7771_CTL_Ankle_1" == *"CTL"* ]]; then
            vcf_file=output/geno/pbs_geno/pbs.rename_wCHR.vcf.gz
        elif [[ "CQTL_AM7771_CTL_Ankle_1" == *"FNF"* ]]; then
            vcf_file=output/geno/fnf_geno/fnf.rename_wCHR.vcf.gz
        else
            echo "Error: Sample type not recognized in CQTL_AM7771_CTL_Ankle_1"
            exit 1
        fi

        echo "$vcf_file"

        /users/s/e/seyoun/tools/verifyBamID_1.1.3/verifyBamID/bin/verifyBamID --vcf $vcf_file --bam /work/users/s/e/seyoun/CQTL_AI/rna_output/align/CQTL_AM7771_CTL_Ankle_1_RG.bam --bai /work/users/s/e/seyoun/CQTL_AI/rna_output/align/CQTL_AM7771_CTL_Ankle_1_RG.bam.bai --best --out rna_output/QC/CQTL_AM7771_CTL_Ankle_1_verifyBamID 2> rna_output/logs/verifyBamID_CQTL_AM7771_CTL_Ankle_1.err
        
Submitted job 17 with external jobid '55217032'.

[Tue Dec  3 17:42:13 2024]
rule verifybamid:
    input: /work/users/s/e/seyoun/CQTL_AI/rna_output/align/CQTL_AM7775_FNF_Ankle_1_RG.bam, /work/users/s/e/seyoun/CQTL_AI/rna_output/align/CQTL_AM7775_FNF_Ankle_1_RG.bam.bai, output/geno/pbs_geno/pbs.rename_wCHR.vcf.gz, output/geno/fnf_geno/fnf.rename_wCHR.vcf.gz
    output: rna_output/QC/CQTL_AM7775_FNF_Ankle_1_verifyBamID.selfSM, rna_output/QC/CQTL_AM7775_FNF_Ankle_1_verifyBamID.selfRG, rna_output/QC/CQTL_AM7775_FNF_Ankle_1_verifyBamID.bestRG, rna_output/QC/CQTL_AM7775_FNF_Ankle_1_verifyBamID.bestSM, rna_output/QC/CQTL_AM7775_FNF_Ankle_1_verifyBamID.depthRG, rna_output/QC/CQTL_AM7775_FNF_Ankle_1_verifyBamID.depthSM
    log: rna_output/logs/verifyBamID_CQTL_AM7775_FNF_Ankle_1.err
    jobid: 20
    wildcards: sampleName=CQTL_AM7775_FNF_Ankle_1



        if [[ "CQTL_AM7775_FNF_Ankle_1" == *"CTL"* ]]; then
            vcf_file=output/geno/pbs_geno/pbs.rename_wCHR.vcf.gz
        elif [[ "CQTL_AM7775_FNF_Ankle_1" == *"FNF"* ]]; then
            vcf_file=output/geno/fnf_geno/fnf.rename_wCHR.vcf.gz
        else
            echo "Error: Sample type not recognized in CQTL_AM7775_FNF_Ankle_1"
            exit 1
        fi

        echo "$vcf_file"

        /users/s/e/seyoun/tools/verifyBamID_1.1.3/verifyBamID/bin/verifyBamID --vcf $vcf_file --bam /work/users/s/e/seyoun/CQTL_AI/rna_output/align/CQTL_AM7775_FNF_Ankle_1_RG.bam --bai /work/users/s/e/seyoun/CQTL_AI/rna_output/align/CQTL_AM7775_FNF_Ankle_1_RG.bam.bai --best --out rna_output/QC/CQTL_AM7775_FNF_Ankle_1_verifyBamID 2> rna_output/logs/verifyBamID_CQTL_AM7775_FNF_Ankle_1.err
        
Submitted job 20 with external jobid '55217033'.

[Tue Dec  3 17:42:15 2024]
rule verifybamid:
    input: /work/users/s/e/seyoun/CQTL_AI/rna_output/align/CQTL_AM7780_FNF_Ankle_1_RG.bam, /work/users/s/e/seyoun/CQTL_AI/rna_output/align/CQTL_AM7780_FNF_Ankle_1_RG.bam.bai, output/geno/pbs_geno/pbs.rename_wCHR.vcf.gz, output/geno/fnf_geno/fnf.rename_wCHR.vcf.gz
    output: rna_output/QC/CQTL_AM7780_FNF_Ankle_1_verifyBamID.selfSM, rna_output/QC/CQTL_AM7780_FNF_Ankle_1_verifyBamID.selfRG, rna_output/QC/CQTL_AM7780_FNF_Ankle_1_verifyBamID.bestRG, rna_output/QC/CQTL_AM7780_FNF_Ankle_1_verifyBamID.bestSM, rna_output/QC/CQTL_AM7780_FNF_Ankle_1_verifyBamID.depthRG, rna_output/QC/CQTL_AM7780_FNF_Ankle_1_verifyBamID.depthSM
    log: rna_output/logs/verifyBamID_CQTL_AM7780_FNF_Ankle_1.err
    jobid: 24
    wildcards: sampleName=CQTL_AM7780_FNF_Ankle_1



        if [[ "CQTL_AM7780_FNF_Ankle_1" == *"CTL"* ]]; then
            vcf_file=output/geno/pbs_geno/pbs.rename_wCHR.vcf.gz
        elif [[ "CQTL_AM7780_FNF_Ankle_1" == *"FNF"* ]]; then
            vcf_file=output/geno/fnf_geno/fnf.rename_wCHR.vcf.gz
        else
            echo "Error: Sample type not recognized in CQTL_AM7780_FNF_Ankle_1"
            exit 1
        fi

        echo "$vcf_file"

        /users/s/e/seyoun/tools/verifyBamID_1.1.3/verifyBamID/bin/verifyBamID --vcf $vcf_file --bam /work/users/s/e/seyoun/CQTL_AI/rna_output/align/CQTL_AM7780_FNF_Ankle_1_RG.bam --bai /work/users/s/e/seyoun/CQTL_AI/rna_output/align/CQTL_AM7780_FNF_Ankle_1_RG.bam.bai --best --out rna_output/QC/CQTL_AM7780_FNF_Ankle_1_verifyBamID 2> rna_output/logs/verifyBamID_CQTL_AM7780_FNF_Ankle_1.err
        
Submitted job 24 with external jobid '55217035'.

[Tue Dec  3 17:42:17 2024]
rule verifybamid:
    input: /work/users/s/e/seyoun/CQTL_AI/rna_output/align/CQTL_AM7717_CTL_Ankle_1_RG.bam, /work/users/s/e/seyoun/CQTL_AI/rna_output/align/CQTL_AM7717_CTL_Ankle_1_RG.bam.bai, output/geno/pbs_geno/pbs.rename_wCHR.vcf.gz, output/geno/fnf_geno/fnf.rename_wCHR.vcf.gz
    output: rna_output/QC/CQTL_AM7717_CTL_Ankle_1_verifyBamID.selfSM, rna_output/QC/CQTL_AM7717_CTL_Ankle_1_verifyBamID.selfRG, rna_output/QC/CQTL_AM7717_CTL_Ankle_1_verifyBamID.bestRG, rna_output/QC/CQTL_AM7717_CTL_Ankle_1_verifyBamID.bestSM, rna_output/QC/CQTL_AM7717_CTL_Ankle_1_verifyBamID.depthRG, rna_output/QC/CQTL_AM7717_CTL_Ankle_1_verifyBamID.depthSM
    log: rna_output/logs/verifyBamID_CQTL_AM7717_CTL_Ankle_1.err
    jobid: 3
    wildcards: sampleName=CQTL_AM7717_CTL_Ankle_1



        if [[ "CQTL_AM7717_CTL_Ankle_1" == *"CTL"* ]]; then
            vcf_file=output/geno/pbs_geno/pbs.rename_wCHR.vcf.gz
        elif [[ "CQTL_AM7717_CTL_Ankle_1" == *"FNF"* ]]; then
            vcf_file=output/geno/fnf_geno/fnf.rename_wCHR.vcf.gz
        else
            echo "Error: Sample type not recognized in CQTL_AM7717_CTL_Ankle_1"
            exit 1
        fi

        echo "$vcf_file"

        /users/s/e/seyoun/tools/verifyBamID_1.1.3/verifyBamID/bin/verifyBamID --vcf $vcf_file --bam /work/users/s/e/seyoun/CQTL_AI/rna_output/align/CQTL_AM7717_CTL_Ankle_1_RG.bam --bai /work/users/s/e/seyoun/CQTL_AI/rna_output/align/CQTL_AM7717_CTL_Ankle_1_RG.bam.bai --best --out rna_output/QC/CQTL_AM7717_CTL_Ankle_1_verifyBamID 2> rna_output/logs/verifyBamID_CQTL_AM7717_CTL_Ankle_1.err
        
Submitted job 3 with external jobid '55217036'.

[Tue Dec  3 17:42:18 2024]
rule verifybamid:
    input: /work/users/s/e/seyoun/CQTL_AI/rna_output/align/CQTL_AM7755_CTL_Ankle_1_RG.bam, /work/users/s/e/seyoun/CQTL_AI/rna_output/align/CQTL_AM7755_CTL_Ankle_1_RG.bam.bai, output/geno/pbs_geno/pbs.rename_wCHR.vcf.gz, output/geno/fnf_geno/fnf.rename_wCHR.vcf.gz
    output: rna_output/QC/CQTL_AM7755_CTL_Ankle_1_verifyBamID.selfSM, rna_output/QC/CQTL_AM7755_CTL_Ankle_1_verifyBamID.selfRG, rna_output/QC/CQTL_AM7755_CTL_Ankle_1_verifyBamID.bestRG, rna_output/QC/CQTL_AM7755_CTL_Ankle_1_verifyBamID.bestSM, rna_output/QC/CQTL_AM7755_CTL_Ankle_1_verifyBamID.depthRG, rna_output/QC/CQTL_AM7755_CTL_Ankle_1_verifyBamID.depthSM
    log: rna_output/logs/verifyBamID_CQTL_AM7755_CTL_Ankle_1.err
    jobid: 9
    wildcards: sampleName=CQTL_AM7755_CTL_Ankle_1



        if [[ "CQTL_AM7755_CTL_Ankle_1" == *"CTL"* ]]; then
            vcf_file=output/geno/pbs_geno/pbs.rename_wCHR.vcf.gz
        elif [[ "CQTL_AM7755_CTL_Ankle_1" == *"FNF"* ]]; then
            vcf_file=output/geno/fnf_geno/fnf.rename_wCHR.vcf.gz
        else
            echo "Error: Sample type not recognized in CQTL_AM7755_CTL_Ankle_1"
            exit 1
        fi

        echo "$vcf_file"

        /users/s/e/seyoun/tools/verifyBamID_1.1.3/verifyBamID/bin/verifyBamID --vcf $vcf_file --bam /work/users/s/e/seyoun/CQTL_AI/rna_output/align/CQTL_AM7755_CTL_Ankle_1_RG.bam --bai /work/users/s/e/seyoun/CQTL_AI/rna_output/align/CQTL_AM7755_CTL_Ankle_1_RG.bam.bai --best --out rna_output/QC/CQTL_AM7755_CTL_Ankle_1_verifyBamID 2> rna_output/logs/verifyBamID_CQTL_AM7755_CTL_Ankle_1.err
        
Submitted job 9 with external jobid '55217037'.

[Tue Dec  3 17:42:19 2024]
rule verifybamid:
    input: /work/users/s/e/seyoun/CQTL_AI/rna_output/align/CQTL_AM7780_CTL_Ankle_1_RG.bam, /work/users/s/e/seyoun/CQTL_AI/rna_output/align/CQTL_AM7780_CTL_Ankle_1_RG.bam.bai, output/geno/pbs_geno/pbs.rename_wCHR.vcf.gz, output/geno/fnf_geno/fnf.rename_wCHR.vcf.gz
    output: rna_output/QC/CQTL_AM7780_CTL_Ankle_1_verifyBamID.selfSM, rna_output/QC/CQTL_AM7780_CTL_Ankle_1_verifyBamID.selfRG, rna_output/QC/CQTL_AM7780_CTL_Ankle_1_verifyBamID.bestRG, rna_output/QC/CQTL_AM7780_CTL_Ankle_1_verifyBamID.bestSM, rna_output/QC/CQTL_AM7780_CTL_Ankle_1_verifyBamID.depthRG, rna_output/QC/CQTL_AM7780_CTL_Ankle_1_verifyBamID.depthSM
    log: rna_output/logs/verifyBamID_CQTL_AM7780_CTL_Ankle_1.err
    jobid: 23
    wildcards: sampleName=CQTL_AM7780_CTL_Ankle_1



        if [[ "CQTL_AM7780_CTL_Ankle_1" == *"CTL"* ]]; then
            vcf_file=output/geno/pbs_geno/pbs.rename_wCHR.vcf.gz
        elif [[ "CQTL_AM7780_CTL_Ankle_1" == *"FNF"* ]]; then
            vcf_file=output/geno/fnf_geno/fnf.rename_wCHR.vcf.gz
        else
            echo "Error: Sample type not recognized in CQTL_AM7780_CTL_Ankle_1"
            exit 1
        fi

        echo "$vcf_file"

        /users/s/e/seyoun/tools/verifyBamID_1.1.3/verifyBamID/bin/verifyBamID --vcf $vcf_file --bam /work/users/s/e/seyoun/CQTL_AI/rna_output/align/CQTL_AM7780_CTL_Ankle_1_RG.bam --bai /work/users/s/e/seyoun/CQTL_AI/rna_output/align/CQTL_AM7780_CTL_Ankle_1_RG.bam.bai --best --out rna_output/QC/CQTL_AM7780_CTL_Ankle_1_verifyBamID 2> rna_output/logs/verifyBamID_CQTL_AM7780_CTL_Ankle_1.err
        
Submitted job 23 with external jobid '55217038'.

[Tue Dec  3 17:42:22 2024]
rule verifybamid:
    input: /work/users/s/e/seyoun/CQTL_AI/rna_output/align/CQTL_AM7769_CTL_Ankle_1_RG.bam, /work/users/s/e/seyoun/CQTL_AI/rna_output/align/CQTL_AM7769_CTL_Ankle_1_RG.bam.bai, output/geno/pbs_geno/pbs.rename_wCHR.vcf.gz, output/geno/fnf_geno/fnf.rename_wCHR.vcf.gz
    output: rna_output/QC/CQTL_AM7769_CTL_Ankle_1_verifyBamID.selfSM, rna_output/QC/CQTL_AM7769_CTL_Ankle_1_verifyBamID.selfRG, rna_output/QC/CQTL_AM7769_CTL_Ankle_1_verifyBamID.bestRG, rna_output/QC/CQTL_AM7769_CTL_Ankle_1_verifyBamID.bestSM, rna_output/QC/CQTL_AM7769_CTL_Ankle_1_verifyBamID.depthRG, rna_output/QC/CQTL_AM7769_CTL_Ankle_1_verifyBamID.depthSM
    log: rna_output/logs/verifyBamID_CQTL_AM7769_CTL_Ankle_1.err
    jobid: 15
    wildcards: sampleName=CQTL_AM7769_CTL_Ankle_1



        if [[ "CQTL_AM7769_CTL_Ankle_1" == *"CTL"* ]]; then
            vcf_file=output/geno/pbs_geno/pbs.rename_wCHR.vcf.gz
        elif [[ "CQTL_AM7769_CTL_Ankle_1" == *"FNF"* ]]; then
            vcf_file=output/geno/fnf_geno/fnf.rename_wCHR.vcf.gz
        else
            echo "Error: Sample type not recognized in CQTL_AM7769_CTL_Ankle_1"
            exit 1
        fi

        echo "$vcf_file"

        /users/s/e/seyoun/tools/verifyBamID_1.1.3/verifyBamID/bin/verifyBamID --vcf $vcf_file --bam /work/users/s/e/seyoun/CQTL_AI/rna_output/align/CQTL_AM7769_CTL_Ankle_1_RG.bam --bai /work/users/s/e/seyoun/CQTL_AI/rna_output/align/CQTL_AM7769_CTL_Ankle_1_RG.bam.bai --best --out rna_output/QC/CQTL_AM7769_CTL_Ankle_1_verifyBamID 2> rna_output/logs/verifyBamID_CQTL_AM7769_CTL_Ankle_1.err
        
Submitted job 15 with external jobid '55217039'.

[Tue Dec  3 17:42:24 2024]
rule verifybamid:
    input: /work/users/s/e/seyoun/CQTL_AI/rna_output/align/CQTL_AM7755_FNF_Ankle_1_RG.bam, /work/users/s/e/seyoun/CQTL_AI/rna_output/align/CQTL_AM7755_FNF_Ankle_1_RG.bam.bai, output/geno/pbs_geno/pbs.rename_wCHR.vcf.gz, output/geno/fnf_geno/fnf.rename_wCHR.vcf.gz
    output: rna_output/QC/CQTL_AM7755_FNF_Ankle_1_verifyBamID.selfSM, rna_output/QC/CQTL_AM7755_FNF_Ankle_1_verifyBamID.selfRG, rna_output/QC/CQTL_AM7755_FNF_Ankle_1_verifyBamID.bestRG, rna_output/QC/CQTL_AM7755_FNF_Ankle_1_verifyBamID.bestSM, rna_output/QC/CQTL_AM7755_FNF_Ankle_1_verifyBamID.depthRG, rna_output/QC/CQTL_AM7755_FNF_Ankle_1_verifyBamID.depthSM
    log: rna_output/logs/verifyBamID_CQTL_AM7755_FNF_Ankle_1.err
    jobid: 10
    wildcards: sampleName=CQTL_AM7755_FNF_Ankle_1



        if [[ "CQTL_AM7755_FNF_Ankle_1" == *"CTL"* ]]; then
            vcf_file=output/geno/pbs_geno/pbs.rename_wCHR.vcf.gz
        elif [[ "CQTL_AM7755_FNF_Ankle_1" == *"FNF"* ]]; then
            vcf_file=output/geno/fnf_geno/fnf.rename_wCHR.vcf.gz
        else
            echo "Error: Sample type not recognized in CQTL_AM7755_FNF_Ankle_1"
            exit 1
        fi

        echo "$vcf_file"

        /users/s/e/seyoun/tools/verifyBamID_1.1.3/verifyBamID/bin/verifyBamID --vcf $vcf_file --bam /work/users/s/e/seyoun/CQTL_AI/rna_output/align/CQTL_AM7755_FNF_Ankle_1_RG.bam --bai /work/users/s/e/seyoun/CQTL_AI/rna_output/align/CQTL_AM7755_FNF_Ankle_1_RG.bam.bai --best --out rna_output/QC/CQTL_AM7755_FNF_Ankle_1_verifyBamID 2> rna_output/logs/verifyBamID_CQTL_AM7755_FNF_Ankle_1.err
        
Submitted job 10 with external jobid '55217040'.

[Tue Dec  3 17:42:26 2024]
rule verifybamid:
    input: /work/users/s/e/seyoun/CQTL_AI/rna_output/align/CQTL_AM7735_CTL_Ankle_1_RG.bam, /work/users/s/e/seyoun/CQTL_AI/rna_output/align/CQTL_AM7735_CTL_Ankle_1_RG.bam.bai, output/geno/pbs_geno/pbs.rename_wCHR.vcf.gz, output/geno/fnf_geno/fnf.rename_wCHR.vcf.gz
    output: rna_output/QC/CQTL_AM7735_CTL_Ankle_1_verifyBamID.selfSM, rna_output/QC/CQTL_AM7735_CTL_Ankle_1_verifyBamID.selfRG, rna_output/QC/CQTL_AM7735_CTL_Ankle_1_verifyBamID.bestRG, rna_output/QC/CQTL_AM7735_CTL_Ankle_1_verifyBamID.bestSM, rna_output/QC/CQTL_AM7735_CTL_Ankle_1_verifyBamID.depthRG, rna_output/QC/CQTL_AM7735_CTL_Ankle_1_verifyBamID.depthSM
    log: rna_output/logs/verifyBamID_CQTL_AM7735_CTL_Ankle_1.err
    jobid: 5
    wildcards: sampleName=CQTL_AM7735_CTL_Ankle_1



        if [[ "CQTL_AM7735_CTL_Ankle_1" == *"CTL"* ]]; then
            vcf_file=output/geno/pbs_geno/pbs.rename_wCHR.vcf.gz
        elif [[ "CQTL_AM7735_CTL_Ankle_1" == *"FNF"* ]]; then
            vcf_file=output/geno/fnf_geno/fnf.rename_wCHR.vcf.gz
        else
            echo "Error: Sample type not recognized in CQTL_AM7735_CTL_Ankle_1"
            exit 1
        fi

        echo "$vcf_file"

        /users/s/e/seyoun/tools/verifyBamID_1.1.3/verifyBamID/bin/verifyBamID --vcf $vcf_file --bam /work/users/s/e/seyoun/CQTL_AI/rna_output/align/CQTL_AM7735_CTL_Ankle_1_RG.bam --bai /work/users/s/e/seyoun/CQTL_AI/rna_output/align/CQTL_AM7735_CTL_Ankle_1_RG.bam.bai --best --out rna_output/QC/CQTL_AM7735_CTL_Ankle_1_verifyBamID 2> rna_output/logs/verifyBamID_CQTL_AM7735_CTL_Ankle_1.err
        
Submitted job 5 with external jobid '55217041'.

[Tue Dec  3 17:42:28 2024]
rule verifybamid:
    input: /work/users/s/e/seyoun/CQTL_AI/rna_output/align/CQTL_AM7769_FNF_Ankle_1_RG.bam, /work/users/s/e/seyoun/CQTL_AI/rna_output/align/CQTL_AM7769_FNF_Ankle_1_RG.bam.bai, output/geno/pbs_geno/pbs.rename_wCHR.vcf.gz, output/geno/fnf_geno/fnf.rename_wCHR.vcf.gz
    output: rna_output/QC/CQTL_AM7769_FNF_Ankle_1_verifyBamID.selfSM, rna_output/QC/CQTL_AM7769_FNF_Ankle_1_verifyBamID.selfRG, rna_output/QC/CQTL_AM7769_FNF_Ankle_1_verifyBamID.bestRG, rna_output/QC/CQTL_AM7769_FNF_Ankle_1_verifyBamID.bestSM, rna_output/QC/CQTL_AM7769_FNF_Ankle_1_verifyBamID.depthRG, rna_output/QC/CQTL_AM7769_FNF_Ankle_1_verifyBamID.depthSM
    log: rna_output/logs/verifyBamID_CQTL_AM7769_FNF_Ankle_1.err
    jobid: 16
    wildcards: sampleName=CQTL_AM7769_FNF_Ankle_1



        if [[ "CQTL_AM7769_FNF_Ankle_1" == *"CTL"* ]]; then
            vcf_file=output/geno/pbs_geno/pbs.rename_wCHR.vcf.gz
        elif [[ "CQTL_AM7769_FNF_Ankle_1" == *"FNF"* ]]; then
            vcf_file=output/geno/fnf_geno/fnf.rename_wCHR.vcf.gz
        else
            echo "Error: Sample type not recognized in CQTL_AM7769_FNF_Ankle_1"
            exit 1
        fi

        echo "$vcf_file"

        /users/s/e/seyoun/tools/verifyBamID_1.1.3/verifyBamID/bin/verifyBamID --vcf $vcf_file --bam /work/users/s/e/seyoun/CQTL_AI/rna_output/align/CQTL_AM7769_FNF_Ankle_1_RG.bam --bai /work/users/s/e/seyoun/CQTL_AI/rna_output/align/CQTL_AM7769_FNF_Ankle_1_RG.bam.bai --best --out rna_output/QC/CQTL_AM7769_FNF_Ankle_1_verifyBamID 2> rna_output/logs/verifyBamID_CQTL_AM7769_FNF_Ankle_1.err
        
Submitted job 16 with external jobid '55217042'.

[Tue Dec  3 17:42:29 2024]
rule verifybamid:
    input: /work/users/s/e/seyoun/CQTL_AI/rna_output/align/CQTL_AM7717_FNF_Ankle_1_RG.bam, /work/users/s/e/seyoun/CQTL_AI/rna_output/align/CQTL_AM7717_FNF_Ankle_1_RG.bam.bai, output/geno/pbs_geno/pbs.rename_wCHR.vcf.gz, output/geno/fnf_geno/fnf.rename_wCHR.vcf.gz
    output: rna_output/QC/CQTL_AM7717_FNF_Ankle_1_verifyBamID.selfSM, rna_output/QC/CQTL_AM7717_FNF_Ankle_1_verifyBamID.selfRG, rna_output/QC/CQTL_AM7717_FNF_Ankle_1_verifyBamID.bestRG, rna_output/QC/CQTL_AM7717_FNF_Ankle_1_verifyBamID.bestSM, rna_output/QC/CQTL_AM7717_FNF_Ankle_1_verifyBamID.depthRG, rna_output/QC/CQTL_AM7717_FNF_Ankle_1_verifyBamID.depthSM
    log: rna_output/logs/verifyBamID_CQTL_AM7717_FNF_Ankle_1.err
    jobid: 4
    wildcards: sampleName=CQTL_AM7717_FNF_Ankle_1



        if [[ "CQTL_AM7717_FNF_Ankle_1" == *"CTL"* ]]; then
            vcf_file=output/geno/pbs_geno/pbs.rename_wCHR.vcf.gz
        elif [[ "CQTL_AM7717_FNF_Ankle_1" == *"FNF"* ]]; then
            vcf_file=output/geno/fnf_geno/fnf.rename_wCHR.vcf.gz
        else
            echo "Error: Sample type not recognized in CQTL_AM7717_FNF_Ankle_1"
            exit 1
        fi

        echo "$vcf_file"

        /users/s/e/seyoun/tools/verifyBamID_1.1.3/verifyBamID/bin/verifyBamID --vcf $vcf_file --bam /work/users/s/e/seyoun/CQTL_AI/rna_output/align/CQTL_AM7717_FNF_Ankle_1_RG.bam --bai /work/users/s/e/seyoun/CQTL_AI/rna_output/align/CQTL_AM7717_FNF_Ankle_1_RG.bam.bai --best --out rna_output/QC/CQTL_AM7717_FNF_Ankle_1_verifyBamID 2> rna_output/logs/verifyBamID_CQTL_AM7717_FNF_Ankle_1.err
        
Submitted job 4 with external jobid '55217044'.

[Tue Dec  3 17:42:31 2024]
rule verifybamid:
    input: /work/users/s/e/seyoun/CQTL_AI/rna_output/align/CQTL_AM7735_FNF_Ankle_1_RG.bam, /work/users/s/e/seyoun/CQTL_AI/rna_output/align/CQTL_AM7735_FNF_Ankle_1_RG.bam.bai, output/geno/pbs_geno/pbs.rename_wCHR.vcf.gz, output/geno/fnf_geno/fnf.rename_wCHR.vcf.gz
    output: rna_output/QC/CQTL_AM7735_FNF_Ankle_1_verifyBamID.selfSM, rna_output/QC/CQTL_AM7735_FNF_Ankle_1_verifyBamID.selfRG, rna_output/QC/CQTL_AM7735_FNF_Ankle_1_verifyBamID.bestRG, rna_output/QC/CQTL_AM7735_FNF_Ankle_1_verifyBamID.bestSM, rna_output/QC/CQTL_AM7735_FNF_Ankle_1_verifyBamID.depthRG, rna_output/QC/CQTL_AM7735_FNF_Ankle_1_verifyBamID.depthSM
    log: rna_output/logs/verifyBamID_CQTL_AM7735_FNF_Ankle_1.err
    jobid: 6
    wildcards: sampleName=CQTL_AM7735_FNF_Ankle_1



        if [[ "CQTL_AM7735_FNF_Ankle_1" == *"CTL"* ]]; then
            vcf_file=output/geno/pbs_geno/pbs.rename_wCHR.vcf.gz
        elif [[ "CQTL_AM7735_FNF_Ankle_1" == *"FNF"* ]]; then
            vcf_file=output/geno/fnf_geno/fnf.rename_wCHR.vcf.gz
        else
            echo "Error: Sample type not recognized in CQTL_AM7735_FNF_Ankle_1"
            exit 1
        fi

        echo "$vcf_file"

        /users/s/e/seyoun/tools/verifyBamID_1.1.3/verifyBamID/bin/verifyBamID --vcf $vcf_file --bam /work/users/s/e/seyoun/CQTL_AI/rna_output/align/CQTL_AM7735_FNF_Ankle_1_RG.bam --bai /work/users/s/e/seyoun/CQTL_AI/rna_output/align/CQTL_AM7735_FNF_Ankle_1_RG.bam.bai --best --out rna_output/QC/CQTL_AM7735_FNF_Ankle_1_verifyBamID 2> rna_output/logs/verifyBamID_CQTL_AM7735_FNF_Ankle_1.err
        
Submitted job 6 with external jobid '55217045'.

[Tue Dec  3 17:42:32 2024]
rule verifybamid:
    input: /work/users/s/e/seyoun/CQTL_AI/rna_output/align/CQTL_AM7781_FNF_Ankle_1_RG.bam, /work/users/s/e/seyoun/CQTL_AI/rna_output/align/CQTL_AM7781_FNF_Ankle_1_RG.bam.bai, output/geno/pbs_geno/pbs.rename_wCHR.vcf.gz, output/geno/fnf_geno/fnf.rename_wCHR.vcf.gz
    output: rna_output/QC/CQTL_AM7781_FNF_Ankle_1_verifyBamID.selfSM, rna_output/QC/CQTL_AM7781_FNF_Ankle_1_verifyBamID.selfRG, rna_output/QC/CQTL_AM7781_FNF_Ankle_1_verifyBamID.bestRG, rna_output/QC/CQTL_AM7781_FNF_Ankle_1_verifyBamID.bestSM, rna_output/QC/CQTL_AM7781_FNF_Ankle_1_verifyBamID.depthRG, rna_output/QC/CQTL_AM7781_FNF_Ankle_1_verifyBamID.depthSM
    log: rna_output/logs/verifyBamID_CQTL_AM7781_FNF_Ankle_1.err
    jobid: 26
    wildcards: sampleName=CQTL_AM7781_FNF_Ankle_1



        if [[ "CQTL_AM7781_FNF_Ankle_1" == *"CTL"* ]]; then
            vcf_file=output/geno/pbs_geno/pbs.rename_wCHR.vcf.gz
        elif [[ "CQTL_AM7781_FNF_Ankle_1" == *"FNF"* ]]; then
            vcf_file=output/geno/fnf_geno/fnf.rename_wCHR.vcf.gz
        else
            echo "Error: Sample type not recognized in CQTL_AM7781_FNF_Ankle_1"
            exit 1
        fi

        echo "$vcf_file"

        /users/s/e/seyoun/tools/verifyBamID_1.1.3/verifyBamID/bin/verifyBamID --vcf $vcf_file --bam /work/users/s/e/seyoun/CQTL_AI/rna_output/align/CQTL_AM7781_FNF_Ankle_1_RG.bam --bai /work/users/s/e/seyoun/CQTL_AI/rna_output/align/CQTL_AM7781_FNF_Ankle_1_RG.bam.bai --best --out rna_output/QC/CQTL_AM7781_FNF_Ankle_1_verifyBamID 2> rna_output/logs/verifyBamID_CQTL_AM7781_FNF_Ankle_1.err
        
Submitted job 26 with external jobid '55217046'.

[Tue Dec  3 17:42:34 2024]
rule verifybamid:
    input: /work/users/s/e/seyoun/CQTL_AI/rna_output/align/CQTL_AM7765_FNF_Ankle_1_RG.bam, /work/users/s/e/seyoun/CQTL_AI/rna_output/align/CQTL_AM7765_FNF_Ankle_1_RG.bam.bai, output/geno/pbs_geno/pbs.rename_wCHR.vcf.gz, output/geno/fnf_geno/fnf.rename_wCHR.vcf.gz
    output: rna_output/QC/CQTL_AM7765_FNF_Ankle_1_verifyBamID.selfSM, rna_output/QC/CQTL_AM7765_FNF_Ankle_1_verifyBamID.selfRG, rna_output/QC/CQTL_AM7765_FNF_Ankle_1_verifyBamID.bestRG, rna_output/QC/CQTL_AM7765_FNF_Ankle_1_verifyBamID.bestSM, rna_output/QC/CQTL_AM7765_FNF_Ankle_1_verifyBamID.depthRG, rna_output/QC/CQTL_AM7765_FNF_Ankle_1_verifyBamID.depthSM
    log: rna_output/logs/verifyBamID_CQTL_AM7765_FNF_Ankle_1.err
    jobid: 14
    wildcards: sampleName=CQTL_AM7765_FNF_Ankle_1



        if [[ "CQTL_AM7765_FNF_Ankle_1" == *"CTL"* ]]; then
            vcf_file=output/geno/pbs_geno/pbs.rename_wCHR.vcf.gz
        elif [[ "CQTL_AM7765_FNF_Ankle_1" == *"FNF"* ]]; then
            vcf_file=output/geno/fnf_geno/fnf.rename_wCHR.vcf.gz
        else
            echo "Error: Sample type not recognized in CQTL_AM7765_FNF_Ankle_1"
            exit 1
        fi

        echo "$vcf_file"

        /users/s/e/seyoun/tools/verifyBamID_1.1.3/verifyBamID/bin/verifyBamID --vcf $vcf_file --bam /work/users/s/e/seyoun/CQTL_AI/rna_output/align/CQTL_AM7765_FNF_Ankle_1_RG.bam --bai /work/users/s/e/seyoun/CQTL_AI/rna_output/align/CQTL_AM7765_FNF_Ankle_1_RG.bam.bai --best --out rna_output/QC/CQTL_AM7765_FNF_Ankle_1_verifyBamID 2> rna_output/logs/verifyBamID_CQTL_AM7765_FNF_Ankle_1.err
        
Submitted job 14 with external jobid '55217047'.

[Tue Dec  3 17:42:37 2024]
rule verifybamid:
    input: /work/users/s/e/seyoun/CQTL_AI/rna_output/align/CQTL_AM7785_CTL_Ankle_1_RG.bam, /work/users/s/e/seyoun/CQTL_AI/rna_output/align/CQTL_AM7785_CTL_Ankle_1_RG.bam.bai, output/geno/pbs_geno/pbs.rename_wCHR.vcf.gz, output/geno/fnf_geno/fnf.rename_wCHR.vcf.gz
    output: rna_output/QC/CQTL_AM7785_CTL_Ankle_1_verifyBamID.selfSM, rna_output/QC/CQTL_AM7785_CTL_Ankle_1_verifyBamID.selfRG, rna_output/QC/CQTL_AM7785_CTL_Ankle_1_verifyBamID.bestRG, rna_output/QC/CQTL_AM7785_CTL_Ankle_1_verifyBamID.bestSM, rna_output/QC/CQTL_AM7785_CTL_Ankle_1_verifyBamID.depthRG, rna_output/QC/CQTL_AM7785_CTL_Ankle_1_verifyBamID.depthSM
    log: rna_output/logs/verifyBamID_CQTL_AM7785_CTL_Ankle_1.err
    jobid: 27
    wildcards: sampleName=CQTL_AM7785_CTL_Ankle_1



        if [[ "CQTL_AM7785_CTL_Ankle_1" == *"CTL"* ]]; then
            vcf_file=output/geno/pbs_geno/pbs.rename_wCHR.vcf.gz
        elif [[ "CQTL_AM7785_CTL_Ankle_1" == *"FNF"* ]]; then
            vcf_file=output/geno/fnf_geno/fnf.rename_wCHR.vcf.gz
        else
            echo "Error: Sample type not recognized in CQTL_AM7785_CTL_Ankle_1"
            exit 1
        fi

        echo "$vcf_file"

        /users/s/e/seyoun/tools/verifyBamID_1.1.3/verifyBamID/bin/verifyBamID --vcf $vcf_file --bam /work/users/s/e/seyoun/CQTL_AI/rna_output/align/CQTL_AM7785_CTL_Ankle_1_RG.bam --bai /work/users/s/e/seyoun/CQTL_AI/rna_output/align/CQTL_AM7785_CTL_Ankle_1_RG.bam.bai --best --out rna_output/QC/CQTL_AM7785_CTL_Ankle_1_verifyBamID 2> rna_output/logs/verifyBamID_CQTL_AM7785_CTL_Ankle_1.err
        
Submitted job 27 with external jobid '55217050'.

[Tue Dec  3 17:42:41 2024]
rule verifybamid:
    input: /work/users/s/e/seyoun/CQTL_AI/rna_output/align/CQTL_AM7771_FNF_Ankle_1_RG.bam, /work/users/s/e/seyoun/CQTL_AI/rna_output/align/CQTL_AM7771_FNF_Ankle_1_RG.bam.bai, output/geno/pbs_geno/pbs.rename_wCHR.vcf.gz, output/geno/fnf_geno/fnf.rename_wCHR.vcf.gz
    output: rna_output/QC/CQTL_AM7771_FNF_Ankle_1_verifyBamID.selfSM, rna_output/QC/CQTL_AM7771_FNF_Ankle_1_verifyBamID.selfRG, rna_output/QC/CQTL_AM7771_FNF_Ankle_1_verifyBamID.bestRG, rna_output/QC/CQTL_AM7771_FNF_Ankle_1_verifyBamID.bestSM, rna_output/QC/CQTL_AM7771_FNF_Ankle_1_verifyBamID.depthRG, rna_output/QC/CQTL_AM7771_FNF_Ankle_1_verifyBamID.depthSM
    log: rna_output/logs/verifyBamID_CQTL_AM7771_FNF_Ankle_1.err
    jobid: 18
    wildcards: sampleName=CQTL_AM7771_FNF_Ankle_1



        if [[ "CQTL_AM7771_FNF_Ankle_1" == *"CTL"* ]]; then
            vcf_file=output/geno/pbs_geno/pbs.rename_wCHR.vcf.gz
        elif [[ "CQTL_AM7771_FNF_Ankle_1" == *"FNF"* ]]; then
            vcf_file=output/geno/fnf_geno/fnf.rename_wCHR.vcf.gz
        else
            echo "Error: Sample type not recognized in CQTL_AM7771_FNF_Ankle_1"
            exit 1
        fi

        echo "$vcf_file"

        /users/s/e/seyoun/tools/verifyBamID_1.1.3/verifyBamID/bin/verifyBamID --vcf $vcf_file --bam /work/users/s/e/seyoun/CQTL_AI/rna_output/align/CQTL_AM7771_FNF_Ankle_1_RG.bam --bai /work/users/s/e/seyoun/CQTL_AI/rna_output/align/CQTL_AM7771_FNF_Ankle_1_RG.bam.bai --best --out rna_output/QC/CQTL_AM7771_FNF_Ankle_1_verifyBamID 2> rna_output/logs/verifyBamID_CQTL_AM7771_FNF_Ankle_1.err
        
Submitted job 18 with external jobid '55217052'.

[Tue Dec  3 17:42:45 2024]
rule verifybamid:
    input: /work/users/s/e/seyoun/CQTL_AI/rna_output/align/CQTL_AM7711_FNF_Ankle_1_RG.bam, /work/users/s/e/seyoun/CQTL_AI/rna_output/align/CQTL_AM7711_FNF_Ankle_1_RG.bam.bai, output/geno/pbs_geno/pbs.rename_wCHR.vcf.gz, output/geno/fnf_geno/fnf.rename_wCHR.vcf.gz
    output: rna_output/QC/CQTL_AM7711_FNF_Ankle_1_verifyBamID.selfSM, rna_output/QC/CQTL_AM7711_FNF_Ankle_1_verifyBamID.selfRG, rna_output/QC/CQTL_AM7711_FNF_Ankle_1_verifyBamID.bestRG, rna_output/QC/CQTL_AM7711_FNF_Ankle_1_verifyBamID.bestSM, rna_output/QC/CQTL_AM7711_FNF_Ankle_1_verifyBamID.depthRG, rna_output/QC/CQTL_AM7711_FNF_Ankle_1_verifyBamID.depthSM
    log: rna_output/logs/verifyBamID_CQTL_AM7711_FNF_Ankle_1.err
    jobid: 2
    wildcards: sampleName=CQTL_AM7711_FNF_Ankle_1



        if [[ "CQTL_AM7711_FNF_Ankle_1" == *"CTL"* ]]; then
            vcf_file=output/geno/pbs_geno/pbs.rename_wCHR.vcf.gz
        elif [[ "CQTL_AM7711_FNF_Ankle_1" == *"FNF"* ]]; then
            vcf_file=output/geno/fnf_geno/fnf.rename_wCHR.vcf.gz
        else
            echo "Error: Sample type not recognized in CQTL_AM7711_FNF_Ankle_1"
            exit 1
        fi

        echo "$vcf_file"

        /users/s/e/seyoun/tools/verifyBamID_1.1.3/verifyBamID/bin/verifyBamID --vcf $vcf_file --bam /work/users/s/e/seyoun/CQTL_AI/rna_output/align/CQTL_AM7711_FNF_Ankle_1_RG.bam --bai /work/users/s/e/seyoun/CQTL_AI/rna_output/align/CQTL_AM7711_FNF_Ankle_1_RG.bam.bai --best --out rna_output/QC/CQTL_AM7711_FNF_Ankle_1_verifyBamID 2> rna_output/logs/verifyBamID_CQTL_AM7711_FNF_Ankle_1.err
        
Submitted job 2 with external jobid '55217053'.

[Tue Dec  3 17:42:47 2024]
rule verifybamid:
    input: /work/users/s/e/seyoun/CQTL_AI/rna_output/align/CQTL_AM7763_FNF_Ankle_1_RG.bam, /work/users/s/e/seyoun/CQTL_AI/rna_output/align/CQTL_AM7763_FNF_Ankle_1_RG.bam.bai, output/geno/pbs_geno/pbs.rename_wCHR.vcf.gz, output/geno/fnf_geno/fnf.rename_wCHR.vcf.gz
    output: rna_output/QC/CQTL_AM7763_FNF_Ankle_1_verifyBamID.selfSM, rna_output/QC/CQTL_AM7763_FNF_Ankle_1_verifyBamID.selfRG, rna_output/QC/CQTL_AM7763_FNF_Ankle_1_verifyBamID.bestRG, rna_output/QC/CQTL_AM7763_FNF_Ankle_1_verifyBamID.bestSM, rna_output/QC/CQTL_AM7763_FNF_Ankle_1_verifyBamID.depthRG, rna_output/QC/CQTL_AM7763_FNF_Ankle_1_verifyBamID.depthSM
    log: rna_output/logs/verifyBamID_CQTL_AM7763_FNF_Ankle_1.err
    jobid: 12
    wildcards: sampleName=CQTL_AM7763_FNF_Ankle_1



        if [[ "CQTL_AM7763_FNF_Ankle_1" == *"CTL"* ]]; then
            vcf_file=output/geno/pbs_geno/pbs.rename_wCHR.vcf.gz
        elif [[ "CQTL_AM7763_FNF_Ankle_1" == *"FNF"* ]]; then
            vcf_file=output/geno/fnf_geno/fnf.rename_wCHR.vcf.gz
        else
            echo "Error: Sample type not recognized in CQTL_AM7763_FNF_Ankle_1"
            exit 1
        fi

        echo "$vcf_file"

        /users/s/e/seyoun/tools/verifyBamID_1.1.3/verifyBamID/bin/verifyBamID --vcf $vcf_file --bam /work/users/s/e/seyoun/CQTL_AI/rna_output/align/CQTL_AM7763_FNF_Ankle_1_RG.bam --bai /work/users/s/e/seyoun/CQTL_AI/rna_output/align/CQTL_AM7763_FNF_Ankle_1_RG.bam.bai --best --out rna_output/QC/CQTL_AM7763_FNF_Ankle_1_verifyBamID 2> rna_output/logs/verifyBamID_CQTL_AM7763_FNF_Ankle_1.err
        
Submitted job 12 with external jobid '55217054'.
[Sun Dec  8 11:01:28 2024]
Finished job 18.
1 of 31 steps (3%) done
[Sun Dec  8 13:16:08 2024]
Finished job 10.
2 of 31 steps (6%) done
[Sun Dec  8 21:06:01 2024]
Finished job 14.
3 of 31 steps (10%) done
[Mon Dec  9 11:43:28 2024]
Finished job 26.
4 of 31 steps (13%) done
[Mon Dec  9 15:52:04 2024]
Finished job 30.
5 of 31 steps (16%) done
[Mon Dec  9 21:00:28 2024]
Finished job 28.
6 of 31 steps (19%) done
[Mon Dec  9 21:02:26 2024]
Finished job 22.
7 of 31 steps (23%) done
[Tue Dec 10 01:39:37 2024]
Finished job 1.
8 of 31 steps (26%) done
[Tue Dec 10 05:39:16 2024]
Finished job 24.
9 of 31 steps (29%) done
[Tue Dec 10 07:42:51 2024]
Finished job 20.
10 of 31 steps (32%) done
[Tue Dec 10 13:39:10 2024]
Finished job 6.
11 of 31 steps (35%) done
[Tue Dec 10 18:46:35 2024]
Finished job 15.
12 of 31 steps (39%) done
[Tue Dec 10 22:51:32 2024]
Finished job 16.
13 of 31 steps (42%) done
[Tue Dec 10 23:34:47 2024]
Finished job 13.
14 of 31 steps (45%) done
[Wed Dec 11 00:32:21 2024]
Finished job 8.
15 of 31 steps (48%) done
[Wed Dec 11 02:51:14 2024]
Finished job 19.
16 of 31 steps (52%) done
[Wed Dec 11 02:59:12 2024]
Finished job 11.
17 of 31 steps (55%) done
[Wed Dec 11 04:43:21 2024]
Finished job 12.
18 of 31 steps (58%) done
[Wed Dec 11 05:10:37 2024]
Finished job 4.
19 of 31 steps (61%) done
[Wed Dec 11 05:27:18 2024]
Finished job 7.
20 of 31 steps (65%) done
[Wed Dec 11 08:23:47 2024]
Finished job 2.
21 of 31 steps (68%) done
[Wed Dec 11 10:24:55 2024]
Finished job 17.
22 of 31 steps (71%) done
[Wed Dec 11 14:02:13 2024]
Finished job 3.
23 of 31 steps (74%) done
[Wed Dec 11 15:10:05 2024]
Finished job 5.
24 of 31 steps (77%) done
[Wed Dec 11 17:46:54 2024]
Finished job 23.
25 of 31 steps (81%) done
[Wed Dec 11 21:47:44 2024]
Finished job 9.
26 of 31 steps (84%) done
[Thu Dec 12 16:05:04 2024]
Finished job 25.
27 of 31 steps (87%) done
[Fri Dec 13 14:35:57 2024]
Finished job 21.
28 of 31 steps (90%) done
[Fri Dec 13 14:55:22 2024]
Finished job 27.
29 of 31 steps (94%) done
[Mon Dec 16 09:12:21 2024]
Finished job 29.
30 of 31 steps (97%) done

[Mon Dec 16 09:12:22 2024]
localrule all:
    input: rna_output/QC/CQTL_AM7711_CTL_Ankle_1_verifyBamID.selfSM, rna_output/QC/CQTL_AM7711_CTL_Ankle_1_verifyBamID.selfRG, rna_output/QC/CQTL_AM7711_CTL_Ankle_1_verifyBamID.bestRG, rna_output/QC/CQTL_AM7711_CTL_Ankle_1_verifyBamID.bestSM, rna_output/QC/CQTL_AM7711_CTL_Ankle_1_verifyBamID.depthRG, rna_output/QC/CQTL_AM7711_CTL_Ankle_1_verifyBamID.depthSM, rna_output/QC/CQTL_AM7711_FNF_Ankle_1_verifyBamID.selfSM, rna_output/QC/CQTL_AM7711_FNF_Ankle_1_verifyBamID.selfRG, rna_output/QC/CQTL_AM7711_FNF_Ankle_1_verifyBamID.bestRG, rna_output/QC/CQTL_AM7711_FNF_Ankle_1_verifyBamID.bestSM, rna_output/QC/CQTL_AM7711_FNF_Ankle_1_verifyBamID.depthRG, rna_output/QC/CQTL_AM7711_FNF_Ankle_1_verifyBamID.depthSM, rna_output/QC/CQTL_AM7717_CTL_Ankle_1_verifyBamID.selfSM, rna_output/QC/CQTL_AM7717_CTL_Ankle_1_verifyBamID.selfRG, rna_output/QC/CQTL_AM7717_CTL_Ankle_1_verifyBamID.bestRG, rna_output/QC/CQTL_AM7717_CTL_Ankle_1_verifyBamID.bestSM, rna_output/QC/CQTL_AM7717_CTL_Ankle_1_verifyBamID.depthRG, rna_output/QC/CQTL_AM7717_CTL_Ankle_1_verifyBamID.depthSM, rna_output/QC/CQTL_AM7717_FNF_Ankle_1_verifyBamID.selfSM, rna_output/QC/CQTL_AM7717_FNF_Ankle_1_verifyBamID.selfRG, rna_output/QC/CQTL_AM7717_FNF_Ankle_1_verifyBamID.bestRG, rna_output/QC/CQTL_AM7717_FNF_Ankle_1_verifyBamID.bestSM, rna_output/QC/CQTL_AM7717_FNF_Ankle_1_verifyBamID.depthRG, rna_output/QC/CQTL_AM7717_FNF_Ankle_1_verifyBamID.depthSM, rna_output/QC/CQTL_AM7735_CTL_Ankle_1_verifyBamID.selfSM, rna_output/QC/CQTL_AM7735_CTL_Ankle_1_verifyBamID.selfRG, rna_output/QC/CQTL_AM7735_CTL_Ankle_1_verifyBamID.bestRG, rna_output/QC/CQTL_AM7735_CTL_Ankle_1_verifyBamID.bestSM, rna_output/QC/CQTL_AM7735_CTL_Ankle_1_verifyBamID.depthRG, rna_output/QC/CQTL_AM7735_CTL_Ankle_1_verifyBamID.depthSM, rna_output/QC/CQTL_AM7735_FNF_Ankle_1_verifyBamID.selfSM, rna_output/QC/CQTL_AM7735_FNF_Ankle_1_verifyBamID.selfRG, rna_output/QC/CQTL_AM7735_FNF_Ankle_1_verifyBamID.bestRG, rna_output/QC/CQTL_AM7735_FNF_Ankle_1_verifyBamID.bestSM, rna_output/QC/CQTL_AM7735_FNF_Ankle_1_verifyBamID.depthRG, rna_output/QC/CQTL_AM7735_FNF_Ankle_1_verifyBamID.depthSM, rna_output/QC/CQTL_AM7754_CTL_Ankle_1_verifyBamID.selfSM, rna_output/QC/CQTL_AM7754_CTL_Ankle_1_verifyBamID.selfRG, rna_output/QC/CQTL_AM7754_CTL_Ankle_1_verifyBamID.bestRG, rna_output/QC/CQTL_AM7754_CTL_Ankle_1_verifyBamID.bestSM, rna_output/QC/CQTL_AM7754_CTL_Ankle_1_verifyBamID.depthRG, rna_output/QC/CQTL_AM7754_CTL_Ankle_1_verifyBamID.depthSM, rna_output/QC/CQTL_AM7754_FNF_Ankle_1_verifyBamID.selfSM, rna_output/QC/CQTL_AM7754_FNF_Ankle_1_verifyBamID.selfRG, rna_output/QC/CQTL_AM7754_FNF_Ankle_1_verifyBamID.bestRG, rna_output/QC/CQTL_AM7754_FNF_Ankle_1_verifyBamID.bestSM, rna_output/QC/CQTL_AM7754_FNF_Ankle_1_verifyBamID.depthRG, rna_output/QC/CQTL_AM7754_FNF_Ankle_1_verifyBamID.depthSM, rna_output/QC/CQTL_AM7755_CTL_Ankle_1_verifyBamID.selfSM, rna_output/QC/CQTL_AM7755_CTL_Ankle_1_verifyBamID.selfRG, rna_output/QC/CQTL_AM7755_CTL_Ankle_1_verifyBamID.bestRG, rna_output/QC/CQTL_AM7755_CTL_Ankle_1_verifyBamID.bestSM, rna_output/QC/CQTL_AM7755_CTL_Ankle_1_verifyBamID.depthRG, rna_output/QC/CQTL_AM7755_CTL_Ankle_1_verifyBamID.depthSM, rna_output/QC/CQTL_AM7755_FNF_Ankle_1_verifyBamID.selfSM, rna_output/QC/CQTL_AM7755_FNF_Ankle_1_verifyBamID.selfRG, rna_output/QC/CQTL_AM7755_FNF_Ankle_1_verifyBamID.bestRG, rna_output/QC/CQTL_AM7755_FNF_Ankle_1_verifyBamID.bestSM, rna_output/QC/CQTL_AM7755_FNF_Ankle_1_verifyBamID.depthRG, rna_output/QC/CQTL_AM7755_FNF_Ankle_1_verifyBamID.depthSM, rna_output/QC/CQTL_AM7763_CTL_Ankle_1_verifyBamID.selfSM, rna_output/QC/CQTL_AM7763_CTL_Ankle_1_verifyBamID.selfRG, rna_output/QC/CQTL_AM7763_CTL_Ankle_1_verifyBamID.bestRG, rna_output/QC/CQTL_AM7763_CTL_Ankle_1_verifyBamID.bestSM, rna_output/QC/CQTL_AM7763_CTL_Ankle_1_verifyBamID.depthRG, rna_output/QC/CQTL_AM7763_CTL_Ankle_1_verifyBamID.depthSM, rna_output/QC/CQTL_AM7763_FNF_Ankle_1_verifyBamID.selfSM, rna_output/QC/CQTL_AM7763_FNF_Ankle_1_verifyBamID.selfRG, rna_output/QC/CQTL_AM7763_FNF_Ankle_1_verifyBamID.bestRG, rna_output/QC/CQTL_AM7763_FNF_Ankle_1_verifyBamID.bestSM, rna_output/QC/CQTL_AM7763_FNF_Ankle_1_verifyBamID.depthRG, rna_output/QC/CQTL_AM7763_FNF_Ankle_1_verifyBamID.depthSM, rna_output/QC/CQTL_AM7765_CTL_Ankle_1_verifyBamID.selfSM, rna_output/QC/CQTL_AM7765_CTL_Ankle_1_verifyBamID.selfRG, rna_output/QC/CQTL_AM7765_CTL_Ankle_1_verifyBamID.bestRG, rna_output/QC/CQTL_AM7765_CTL_Ankle_1_verifyBamID.bestSM, rna_output/QC/CQTL_AM7765_CTL_Ankle_1_verifyBamID.depthRG, rna_output/QC/CQTL_AM7765_CTL_Ankle_1_verifyBamID.depthSM, rna_output/QC/CQTL_AM7765_FNF_Ankle_1_verifyBamID.selfSM, rna_output/QC/CQTL_AM7765_FNF_Ankle_1_verifyBamID.selfRG, rna_output/QC/CQTL_AM7765_FNF_Ankle_1_verifyBamID.bestRG, rna_output/QC/CQTL_AM7765_FNF_Ankle_1_verifyBamID.bestSM, rna_output/QC/CQTL_AM7765_FNF_Ankle_1_verifyBamID.depthRG, rna_output/QC/CQTL_AM7765_FNF_Ankle_1_verifyBamID.depthSM, rna_output/QC/CQTL_AM7769_CTL_Ankle_1_verifyBamID.selfSM, rna_output/QC/CQTL_AM7769_CTL_Ankle_1_verifyBamID.selfRG, rna_output/QC/CQTL_AM7769_CTL_Ankle_1_verifyBamID.bestRG, rna_output/QC/CQTL_AM7769_CTL_Ankle_1_verifyBamID.bestSM, rna_output/QC/CQTL_AM7769_CTL_Ankle_1_verifyBamID.depthRG, rna_output/QC/CQTL_AM7769_CTL_Ankle_1_verifyBamID.depthSM, rna_output/QC/CQTL_AM7769_FNF_Ankle_1_verifyBamID.selfSM, rna_output/QC/CQTL_AM7769_FNF_Ankle_1_verifyBamID.selfRG, rna_output/QC/CQTL_AM7769_FNF_Ankle_1_verifyBamID.bestRG, rna_output/QC/CQTL_AM7769_FNF_Ankle_1_verifyBamID.bestSM, rna_output/QC/CQTL_AM7769_FNF_Ankle_1_verifyBamID.depthRG, rna_output/QC/CQTL_AM7769_FNF_Ankle_1_verifyBamID.depthSM, rna_output/QC/CQTL_AM7771_CTL_Ankle_1_verifyBamID.selfSM, rna_output/QC/CQTL_AM7771_CTL_Ankle_1_verifyBamID.selfRG, rna_output/QC/CQTL_AM7771_CTL_Ankle_1_verifyBamID.bestRG, rna_output/QC/CQTL_AM7771_CTL_Ankle_1_verifyBamID.bestSM, rna_output/QC/CQTL_AM7771_CTL_Ankle_1_verifyBamID.depthRG, rna_output/QC/CQTL_AM7771_CTL_Ankle_1_verifyBamID.depthSM, rna_output/QC/CQTL_AM7771_FNF_Ankle_1_verifyBamID.selfSM, rna_output/QC/CQTL_AM7771_FNF_Ankle_1_verifyBamID.selfRG, rna_output/QC/CQTL_AM7771_FNF_Ankle_1_verifyBamID.bestRG, rna_output/QC/CQTL_AM7771_FNF_Ankle_1_verifyBamID.bestSM, rna_output/QC/CQTL_AM7771_FNF_Ankle_1_verifyBamID.depthRG, rna_output/QC/CQTL_AM7771_FNF_Ankle_1_verifyBamID.depthSM, rna_output/QC/CQTL_AM7775_CTL_Ankle_1_verifyBamID.selfSM, rna_output/QC/CQTL_AM7775_CTL_Ankle_1_verifyBamID.selfRG, rna_output/QC/CQTL_AM7775_CTL_Ankle_1_verifyBamID.bestRG, rna_output/QC/CQTL_AM7775_CTL_Ankle_1_verifyBamID.bestSM, rna_output/QC/CQTL_AM7775_CTL_Ankle_1_verifyBamID.depthRG, rna_output/QC/CQTL_AM7775_CTL_Ankle_1_verifyBamID.depthSM, rna_output/QC/CQTL_AM7775_FNF_Ankle_1_verifyBamID.selfSM, rna_output/QC/CQTL_AM7775_FNF_Ankle_1_verifyBamID.selfRG, rna_output/QC/CQTL_AM7775_FNF_Ankle_1_verifyBamID.bestRG, rna_output/QC/CQTL_AM7775_FNF_Ankle_1_verifyBamID.bestSM, rna_output/QC/CQTL_AM7775_FNF_Ankle_1_verifyBamID.depthRG, rna_output/QC/CQTL_AM7775_FNF_Ankle_1_verifyBamID.depthSM, rna_output/QC/CQTL_AM7778_CTL_Ankle_1_verifyBamID.selfSM, rna_output/QC/CQTL_AM7778_CTL_Ankle_1_verifyBamID.selfRG, rna_output/QC/CQTL_AM7778_CTL_Ankle_1_verifyBamID.bestRG, rna_output/QC/CQTL_AM7778_CTL_Ankle_1_verifyBamID.bestSM, rna_output/QC/CQTL_AM7778_CTL_Ankle_1_verifyBamID.depthRG, rna_output/QC/CQTL_AM7778_CTL_Ankle_1_verifyBamID.depthSM, rna_output/QC/CQTL_AM7778_FNF_Ankle_1_verifyBamID.selfSM, rna_output/QC/CQTL_AM7778_FNF_Ankle_1_verifyBamID.selfRG, rna_output/QC/CQTL_AM7778_FNF_Ankle_1_verifyBamID.bestRG, rna_output/QC/CQTL_AM7778_FNF_Ankle_1_verifyBamID.bestSM, rna_output/QC/CQTL_AM7778_FNF_Ankle_1_verifyBamID.depthRG, rna_output/QC/CQTL_AM7778_FNF_Ankle_1_verifyBamID.depthSM, rna_output/QC/CQTL_AM7780_CTL_Ankle_1_verifyBamID.selfSM, rna_output/QC/CQTL_AM7780_CTL_Ankle_1_verifyBamID.selfRG, rna_output/QC/CQTL_AM7780_CTL_Ankle_1_verifyBamID.bestRG, rna_output/QC/CQTL_AM7780_CTL_Ankle_1_verifyBamID.bestSM, rna_output/QC/CQTL_AM7780_CTL_Ankle_1_verifyBamID.depthRG, rna_output/QC/CQTL_AM7780_CTL_Ankle_1_verifyBamID.depthSM, rna_output/QC/CQTL_AM7780_FNF_Ankle_1_verifyBamID.selfSM, rna_output/QC/CQTL_AM7780_FNF_Ankle_1_verifyBamID.selfRG, rna_output/QC/CQTL_AM7780_FNF_Ankle_1_verifyBamID.bestRG, rna_output/QC/CQTL_AM7780_FNF_Ankle_1_verifyBamID.bestSM, rna_output/QC/CQTL_AM7780_FNF_Ankle_1_verifyBamID.depthRG, rna_output/QC/CQTL_AM7780_FNF_Ankle_1_verifyBamID.depthSM, rna_output/QC/CQTL_AM7781_CTL_Ankle_1_verifyBamID.selfSM, rna_output/QC/CQTL_AM7781_CTL_Ankle_1_verifyBamID.selfRG, rna_output/QC/CQTL_AM7781_CTL_Ankle_1_verifyBamID.bestRG, rna_output/QC/CQTL_AM7781_CTL_Ankle_1_verifyBamID.bestSM, rna_output/QC/CQTL_AM7781_CTL_Ankle_1_verifyBamID.depthRG, rna_output/QC/CQTL_AM7781_CTL_Ankle_1_verifyBamID.depthSM, rna_output/QC/CQTL_AM7781_FNF_Ankle_1_verifyBamID.selfSM, rna_output/QC/CQTL_AM7781_FNF_Ankle_1_verifyBamID.selfRG, rna_output/QC/CQTL_AM7781_FNF_Ankle_1_verifyBamID.bestRG, rna_output/QC/CQTL_AM7781_FNF_Ankle_1_verifyBamID.bestSM, rna_output/QC/CQTL_AM7781_FNF_Ankle_1_verifyBamID.depthRG, rna_output/QC/CQTL_AM7781_FNF_Ankle_1_verifyBamID.depthSM, rna_output/QC/CQTL_AM7785_CTL_Ankle_1_verifyBamID.selfSM, rna_output/QC/CQTL_AM7785_CTL_Ankle_1_verifyBamID.selfRG, rna_output/QC/CQTL_AM7785_CTL_Ankle_1_verifyBamID.bestRG, rna_output/QC/CQTL_AM7785_CTL_Ankle_1_verifyBamID.bestSM, rna_output/QC/CQTL_AM7785_CTL_Ankle_1_verifyBamID.depthRG, rna_output/QC/CQTL_AM7785_CTL_Ankle_1_verifyBamID.depthSM, rna_output/QC/CQTL_AM7785_FNF_Ankle_1_verifyBamID.selfSM, rna_output/QC/CQTL_AM7785_FNF_Ankle_1_verifyBamID.selfRG, rna_output/QC/CQTL_AM7785_FNF_Ankle_1_verifyBamID.bestRG, rna_output/QC/CQTL_AM7785_FNF_Ankle_1_verifyBamID.bestSM, rna_output/QC/CQTL_AM7785_FNF_Ankle_1_verifyBamID.depthRG, rna_output/QC/CQTL_AM7785_FNF_Ankle_1_verifyBamID.depthSM, rna_output/QC/CQTL_AM7786_CTL_Ankle_1_verifyBamID.selfSM, rna_output/QC/CQTL_AM7786_CTL_Ankle_1_verifyBamID.selfRG, rna_output/QC/CQTL_AM7786_CTL_Ankle_1_verifyBamID.bestRG, rna_output/QC/CQTL_AM7786_CTL_Ankle_1_verifyBamID.bestSM, rna_output/QC/CQTL_AM7786_CTL_Ankle_1_verifyBamID.depthRG, rna_output/QC/CQTL_AM7786_CTL_Ankle_1_verifyBamID.depthSM, rna_output/QC/CQTL_AM7786_FNF_Ankle_1_verifyBamID.selfSM, rna_output/QC/CQTL_AM7786_FNF_Ankle_1_verifyBamID.selfRG, rna_output/QC/CQTL_AM7786_FNF_Ankle_1_verifyBamID.bestRG, rna_output/QC/CQTL_AM7786_FNF_Ankle_1_verifyBamID.bestSM, rna_output/QC/CQTL_AM7786_FNF_Ankle_1_verifyBamID.depthRG, rna_output/QC/CQTL_AM7786_FNF_Ankle_1_verifyBamID.depthSM
    jobid: 0

[Mon Dec 16 09:12:22 2024]
Finished job 0.
31 of 31 steps (100%) done
Complete log: /work/users/s/e/seyoun/CQTL_AI/.snakemake/log/2024-12-03T174147.092614.snakemake.log
