Building DAG of jobs...
Using shell: /usr/bin/bash
Provided cluster nodes: 150
Job counts:
	count	jobs
	1	all
	7	signal
	8

[Wed Dec 25 18:47:49 2024]
rule signal:
    input: /work/users/s/e/seyoun/CQTL_AI/output/wasp/rmdup/CQTL_AM7778FE_FNF_Femur_1.sorted_wasp.bam
    output: output/signals/Ankle_replicate/CQTL_AM7778FE_FNF_Femur_1.bw
    log: output/logs/signal_Ankle_replicate_CQTL_AM7778FE_FNF_Femur_1.err
    jobid: 12
    wildcards: tissue=Ankle_replicate, sampleName=CQTL_AM7778FE_FNF_Femur_1


        module load deeptools/3.5.4
        mkdir -p output/signals/Ankle_replicate

        bamCoverage             --bam /work/users/s/e/seyoun/CQTL_AI/output/wasp/rmdup/CQTL_AM7778FE_FNF_Femur_1.sorted_wasp.bam             -o output/signals/Ankle_replicate/CQTL_AM7778FE_FNF_Femur_1.bw             --binSize 10             --normalizeUsing RPGC             --effectiveGenomeSize 2862010428             --extendReads             > output/logs/signal_Ankle_replicate_CQTL_AM7778FE_FNF_Femur_1.err 2>&1

        
Submitted job 12 with external jobid '56399741'.

[Wed Dec 25 18:47:51 2024]
rule signal:
    input: /work/users/s/e/seyoun/CQTL_AI/output/wasp/rmdup/CQTL_AM7754_CTL_Ankle_replicate.sorted_wasp.bam
    output: output/signals/Femur/CQTL_AM7754_CTL_Ankle_replicate_replicate.bw
    log: output/logs/signal_Femur_CQTL_AM7754_CTL_Ankle_replicate_replicate.err
    jobid: 1
    wildcards: tissue=Femur, sampleName=CQTL_AM7754_CTL_Ankle_replicate_replicate


        module load deeptools/3.5.4
        mkdir -p output/signals/Femur

        bamCoverage             --bam /work/users/s/e/seyoun/CQTL_AI/output/wasp/rmdup/CQTL_AM7754_CTL_Ankle_replicate.sorted_wasp.bam             -o output/signals/Femur/CQTL_AM7754_CTL_Ankle_replicate_replicate.bw             --binSize 10             --normalizeUsing RPGC             --effectiveGenomeSize 2862010428             --extendReads             > output/logs/signal_Femur_CQTL_AM7754_CTL_Ankle_replicate_replicate.err 2>&1

        
Submitted job 1 with external jobid '56399742'.

[Wed Dec 25 18:47:52 2024]
rule signal:
    input: /work/users/s/e/seyoun/CQTL_AI/output/wasp/rmdup/CQTL_AM7778FE_CTL_Femur_1.sorted_wasp.bam
    output: output/signals/Ankle_replicate/CQTL_AM7778FE_CTL_Femur_1.bw
    log: output/logs/signal_Ankle_replicate_CQTL_AM7778FE_CTL_Femur_1.err
    jobid: 11
    wildcards: tissue=Ankle_replicate, sampleName=CQTL_AM7778FE_CTL_Femur_1


        module load deeptools/3.5.4
        mkdir -p output/signals/Ankle_replicate

        bamCoverage             --bam /work/users/s/e/seyoun/CQTL_AI/output/wasp/rmdup/CQTL_AM7778FE_CTL_Femur_1.sorted_wasp.bam             -o output/signals/Ankle_replicate/CQTL_AM7778FE_CTL_Femur_1.bw             --binSize 10             --normalizeUsing RPGC             --effectiveGenomeSize 2862010428             --extendReads             > output/logs/signal_Ankle_replicate_CQTL_AM7778FE_CTL_Femur_1.err 2>&1

        
Submitted job 11 with external jobid '56399743'.

[Wed Dec 25 18:47:53 2024]
rule signal:
    input: /work/users/s/e/seyoun/CQTL_AI/output/wasp/rmdup/CQTL_AM7754_CTL_Ankle_replicate.sorted_wasp.bam
    output: output/signals/Ankle_replicate/CQTL_AM7754_CTL_Ankle_replicate_replicate.bw
    log: output/logs/signal_Ankle_replicate_CQTL_AM7754_CTL_Ankle_replicate_replicate.err
    jobid: 7
    wildcards: tissue=Ankle_replicate, sampleName=CQTL_AM7754_CTL_Ankle_replicate_replicate


        module load deeptools/3.5.4
        mkdir -p output/signals/Ankle_replicate

        bamCoverage             --bam /work/users/s/e/seyoun/CQTL_AI/output/wasp/rmdup/CQTL_AM7754_CTL_Ankle_replicate.sorted_wasp.bam             -o output/signals/Ankle_replicate/CQTL_AM7754_CTL_Ankle_replicate_replicate.bw             --binSize 10             --normalizeUsing RPGC             --effectiveGenomeSize 2862010428             --extendReads             > output/logs/signal_Ankle_replicate_CQTL_AM7754_CTL_Ankle_replicate_replicate.err 2>&1

        
Submitted job 7 with external jobid '56399744'.

[Wed Dec 25 18:47:54 2024]
rule signal:
    input: /work/users/s/e/seyoun/CQTL_AI/output/wasp/rmdup/CQTL_AM7754_FNF_Ankle_replicate.sorted_wasp.bam
    output: output/signals/Ankle_replicate/CQTL_AM7754_FNF_Ankle_replicate_replicate.bw
    log: output/logs/signal_Ankle_replicate_CQTL_AM7754_FNF_Ankle_replicate_replicate.err
    jobid: 8
    wildcards: tissue=Ankle_replicate, sampleName=CQTL_AM7754_FNF_Ankle_replicate_replicate


        module load deeptools/3.5.4
        mkdir -p output/signals/Ankle_replicate

        bamCoverage             --bam /work/users/s/e/seyoun/CQTL_AI/output/wasp/rmdup/CQTL_AM7754_FNF_Ankle_replicate.sorted_wasp.bam             -o output/signals/Ankle_replicate/CQTL_AM7754_FNF_Ankle_replicate_replicate.bw             --binSize 10             --normalizeUsing RPGC             --effectiveGenomeSize 2862010428             --extendReads             > output/logs/signal_Ankle_replicate_CQTL_AM7754_FNF_Ankle_replicate_replicate.err 2>&1

        
Submitted job 8 with external jobid '56399745'.

[Wed Dec 25 18:47:55 2024]
rule signal:
    input: /work/users/s/e/seyoun/CQTL_AI/output/wasp/rmdup/CQTL_AM7755_FNF_Ankle_replicate.sorted_wasp.bam
    output: output/signals/Ankle_replicate/CQTL_AM7755_FNF_Ankle_replicate_replicate.bw
    log: output/logs/signal_Ankle_replicate_CQTL_AM7755_FNF_Ankle_replicate_replicate.err
    jobid: 10
    wildcards: tissue=Ankle_replicate, sampleName=CQTL_AM7755_FNF_Ankle_replicate_replicate


        module load deeptools/3.5.4
        mkdir -p output/signals/Ankle_replicate

        bamCoverage             --bam /work/users/s/e/seyoun/CQTL_AI/output/wasp/rmdup/CQTL_AM7755_FNF_Ankle_replicate.sorted_wasp.bam             -o output/signals/Ankle_replicate/CQTL_AM7755_FNF_Ankle_replicate_replicate.bw             --binSize 10             --normalizeUsing RPGC             --effectiveGenomeSize 2862010428             --extendReads             > output/logs/signal_Ankle_replicate_CQTL_AM7755_FNF_Ankle_replicate_replicate.err 2>&1

        
Submitted job 10 with external jobid '56399746'.

[Wed Dec 25 18:47:56 2024]
rule signal:
    input: /work/users/s/e/seyoun/CQTL_AI/output/wasp/rmdup/CQTL_AM7755_CTL_Ankle_replicate.sorted_wasp.bam
    output: output/signals/Ankle_replicate/CQTL_AM7755_CTL_Ankle_replicate_replicate.bw
    log: output/logs/signal_Ankle_replicate_CQTL_AM7755_CTL_Ankle_replicate_replicate.err
    jobid: 9
    wildcards: tissue=Ankle_replicate, sampleName=CQTL_AM7755_CTL_Ankle_replicate_replicate


        module load deeptools/3.5.4
        mkdir -p output/signals/Ankle_replicate

        bamCoverage             --bam /work/users/s/e/seyoun/CQTL_AI/output/wasp/rmdup/CQTL_AM7755_CTL_Ankle_replicate.sorted_wasp.bam             -o output/signals/Ankle_replicate/CQTL_AM7755_CTL_Ankle_replicate_replicate.bw             --binSize 10             --normalizeUsing RPGC             --effectiveGenomeSize 2862010428             --extendReads             > output/logs/signal_Ankle_replicate_CQTL_AM7755_CTL_Ankle_replicate_replicate.err 2>&1

        
Submitted job 9 with external jobid '56399747'.
[Wed Dec 25 19:09:42 2024]
Finished job 11.
1 of 8 steps (12%) done
[Wed Dec 25 19:22:42 2024]
Finished job 9.
2 of 8 steps (25%) done
[Wed Dec 25 19:23:12 2024]
Finished job 10.
3 of 8 steps (38%) done
[Wed Dec 25 19:25:18 2024]
Finished job 12.
4 of 8 steps (50%) done
[Wed Dec 25 19:27:32 2024]
Finished job 1.
5 of 8 steps (62%) done
[Wed Dec 25 19:28:35 2024]
Finished job 8.
6 of 8 steps (75%) done
[Wed Dec 25 19:31:21 2024]
Finished job 7.
7 of 8 steps (88%) done

[Wed Dec 25 19:31:22 2024]
localrule all:
    input: output/signals/Femur/CQTL_AM7754_CTL_Ankle_replicate_replicate.bw, output/signals/Femur/CQTL_AM7754_FNF_Ankle_replicate_replicate.bw, output/signals/Femur/CQTL_AM7755_CTL_Ankle_replicate_replicate.bw, output/signals/Femur/CQTL_AM7755_FNF_Ankle_replicate_replicate.bw, output/signals/Femur/CQTL_AM7778FE_CTL_Femur_1.bw, output/signals/Femur/CQTL_AM7778FE_FNF_Femur_1.bw, output/signals/Ankle_replicate/CQTL_AM7754_CTL_Ankle_replicate_replicate.bw, output/signals/Ankle_replicate/CQTL_AM7754_FNF_Ankle_replicate_replicate.bw, output/signals/Ankle_replicate/CQTL_AM7755_CTL_Ankle_replicate_replicate.bw, output/signals/Ankle_replicate/CQTL_AM7755_FNF_Ankle_replicate_replicate.bw, output/signals/Ankle_replicate/CQTL_AM7778FE_CTL_Femur_1.bw, output/signals/Ankle_replicate/CQTL_AM7778FE_FNF_Femur_1.bw
    jobid: 0

[Wed Dec 25 19:31:22 2024]
Finished job 0.
8 of 8 steps (100%) done
Complete log: /work/users/s/e/seyoun/CQTL_AI/.snakemake/log/2024-12-25T184749.151924.snakemake.log
