Building DAG of jobs...
Using shell: /usr/bin/bash
Provided cluster nodes: 150
Job counts:
	count	jobs
	1	all
	10	hmmratac_peaks
	10	macs3_peaks
	21

[Fri Dec 20 13:35:29 2024]
rule hmmratac_peaks:
    input: /work/users/s/e/seyoun/CQTL_AI/output/align/FACT_23-0016_CTL_synovium_1_RG.bam
    output: output/peaks/hmmratac/FACT_23-0016_CTL_synovium_1_accessible_regions.gappedPeak
    log: output/logs/hmmratac_FACT_23-0016_CTL_synovium_1.err
    jobid: 23
    wildcards: sampleName=FACT_23-0016_CTL_synovium_1


        module load python/3.9.6
        source /users/s/e/seyoun/tools/MACS3env/bin/activate

        mkdir -p output/peaks/hmmratac

        macs3 hmmratac             -b /work/users/s/e/seyoun/CQTL_AI/output/align/FACT_23-0016_CTL_synovium_1_RG.bam             -g hs             -q 0.01             --keep-dup all             -n FACT_23-0016_CTL_synovium_1             --outdir output/peaks/hmmratac 2> output/logs/hmmratac_FACT_23-0016_CTL_synovium_1.err
        
Submitted job 23 with external jobid '56236477'.

[Fri Dec 20 13:35:30 2024]
rule hmmratac_peaks:
    input: /work/users/s/e/seyoun/CQTL_AI/output/align/FACT_23-0022_CTL_synovium_1_RG.bam
    output: output/peaks/hmmratac/FACT_23-0022_CTL_synovium_1_accessible_regions.gappedPeak
    log: output/logs/hmmratac_FACT_23-0022_CTL_synovium_1.err
    jobid: 25
    wildcards: sampleName=FACT_23-0022_CTL_synovium_1


        module load python/3.9.6
        source /users/s/e/seyoun/tools/MACS3env/bin/activate

        mkdir -p output/peaks/hmmratac

        macs3 hmmratac             -b /work/users/s/e/seyoun/CQTL_AI/output/align/FACT_23-0022_CTL_synovium_1_RG.bam             -g hs             -q 0.01             --keep-dup all             -n FACT_23-0022_CTL_synovium_1             --outdir output/peaks/hmmratac 2> output/logs/hmmratac_FACT_23-0022_CTL_synovium_1.err
        
Submitted job 25 with external jobid '56236478'.

[Fri Dec 20 13:35:31 2024]
rule macs3_peaks:
    input: /work/users/s/e/seyoun/CQTL_AI/output/align/FACT_23-0023_CTL_synovium_1_RG.bam
    output: output/peaks/macs3/FACT_23-0023_CTL_synovium_1_peaks.narrowPeak
    log: output/logs/macs3_FACT_23-0023_CTL_synovium_1.err
    jobid: 17
    wildcards: sampleName=FACT_23-0023_CTL_synovium_1


        module load python/3.9.6
        source /users/s/e/seyoun/tools/MACS3env/bin/activate

        mkdir -p output/peaks/macs3

        macs3 callpeak -t /work/users/s/e/seyoun/CQTL_AI/output/align/FACT_23-0023_CTL_synovium_1_RG.bam                 -f BAMPE                 -g hs                 --nomodel                 --shift -75                 --extsize 150                 --keep-dup all                 -q 0.01                 --call-summits                 -n FACT_23-0023_CTL_synovium_1                 --outdir output/peaks/macs3 2> output/logs/macs3_FACT_23-0023_CTL_synovium_1.err
        
Submitted job 17 with external jobid '56236479'.

[Fri Dec 20 13:35:32 2024]
rule macs3_peaks:
    input: /work/users/s/e/seyoun/CQTL_AI/output/align/FACT_23-0013_FNF_synovium_1_RG.bam
    output: output/peaks/macs3/FACT_23-0013_FNF_synovium_1_peaks.narrowPeak
    log: output/logs/macs3_FACT_23-0013_FNF_synovium_1.err
    jobid: 12
    wildcards: sampleName=FACT_23-0013_FNF_synovium_1


        module load python/3.9.6
        source /users/s/e/seyoun/tools/MACS3env/bin/activate

        mkdir -p output/peaks/macs3

        macs3 callpeak -t /work/users/s/e/seyoun/CQTL_AI/output/align/FACT_23-0013_FNF_synovium_1_RG.bam                 -f BAMPE                 -g hs                 --nomodel                 --shift -75                 --extsize 150                 --keep-dup all                 -q 0.01                 --call-summits                 -n FACT_23-0013_FNF_synovium_1                 --outdir output/peaks/macs3 2> output/logs/macs3_FACT_23-0013_FNF_synovium_1.err
        
Submitted job 12 with external jobid '56236480'.

[Fri Dec 20 13:35:33 2024]
rule hmmratac_peaks:
    input: /work/users/s/e/seyoun/CQTL_AI/output/align/FACT_23-0022_FNF_synovium_1_RG.bam
    output: output/peaks/hmmratac/FACT_23-0022_FNF_synovium_1_accessible_regions.gappedPeak
    log: output/logs/hmmratac_FACT_23-0022_FNF_synovium_1.err
    jobid: 26
    wildcards: sampleName=FACT_23-0022_FNF_synovium_1


        module load python/3.9.6
        source /users/s/e/seyoun/tools/MACS3env/bin/activate

        mkdir -p output/peaks/hmmratac

        macs3 hmmratac             -b /work/users/s/e/seyoun/CQTL_AI/output/align/FACT_23-0022_FNF_synovium_1_RG.bam             -g hs             -q 0.01             --keep-dup all             -n FACT_23-0022_FNF_synovium_1             --outdir output/peaks/hmmratac 2> output/logs/hmmratac_FACT_23-0022_FNF_synovium_1.err
        
Submitted job 26 with external jobid '56236481'.

[Fri Dec 20 13:35:34 2024]
rule macs3_peaks:
    input: /work/users/s/e/seyoun/CQTL_AI/output/align/FACT_23-0025_FNF_synovium_1_RG.bam
    output: output/peaks/macs3/FACT_23-0025_FNF_synovium_1_peaks.narrowPeak
    log: output/logs/macs3_FACT_23-0025_FNF_synovium_1.err
    jobid: 20
    wildcards: sampleName=FACT_23-0025_FNF_synovium_1


        module load python/3.9.6
        source /users/s/e/seyoun/tools/MACS3env/bin/activate

        mkdir -p output/peaks/macs3

        macs3 callpeak -t /work/users/s/e/seyoun/CQTL_AI/output/align/FACT_23-0025_FNF_synovium_1_RG.bam                 -f BAMPE                 -g hs                 --nomodel                 --shift -75                 --extsize 150                 --keep-dup all                 -q 0.01                 --call-summits                 -n FACT_23-0025_FNF_synovium_1                 --outdir output/peaks/macs3 2> output/logs/macs3_FACT_23-0025_FNF_synovium_1.err
        
Submitted job 20 with external jobid '56236482'.

[Fri Dec 20 13:35:35 2024]
rule hmmratac_peaks:
    input: /work/users/s/e/seyoun/CQTL_AI/output/align/FACT_23-0013_CTL_synovium_1_RG.bam
    output: output/peaks/hmmratac/FACT_23-0013_CTL_synovium_1_accessible_regions.gappedPeak
    log: output/logs/hmmratac_FACT_23-0013_CTL_synovium_1.err
    jobid: 21
    wildcards: sampleName=FACT_23-0013_CTL_synovium_1


        module load python/3.9.6
        source /users/s/e/seyoun/tools/MACS3env/bin/activate

        mkdir -p output/peaks/hmmratac

        macs3 hmmratac             -b /work/users/s/e/seyoun/CQTL_AI/output/align/FACT_23-0013_CTL_synovium_1_RG.bam             -g hs             -q 0.01             --keep-dup all             -n FACT_23-0013_CTL_synovium_1             --outdir output/peaks/hmmratac 2> output/logs/hmmratac_FACT_23-0013_CTL_synovium_1.err
        
Submitted job 21 with external jobid '56236483'.

[Fri Dec 20 13:35:36 2024]
rule macs3_peaks:
    input: /work/users/s/e/seyoun/CQTL_AI/output/align/FACT_23-0023_FNF_synovium_1_RG.bam
    output: output/peaks/macs3/FACT_23-0023_FNF_synovium_1_peaks.narrowPeak
    log: output/logs/macs3_FACT_23-0023_FNF_synovium_1.err
    jobid: 18
    wildcards: sampleName=FACT_23-0023_FNF_synovium_1


        module load python/3.9.6
        source /users/s/e/seyoun/tools/MACS3env/bin/activate

        mkdir -p output/peaks/macs3

        macs3 callpeak -t /work/users/s/e/seyoun/CQTL_AI/output/align/FACT_23-0023_FNF_synovium_1_RG.bam                 -f BAMPE                 -g hs                 --nomodel                 --shift -75                 --extsize 150                 --keep-dup all                 -q 0.01                 --call-summits                 -n FACT_23-0023_FNF_synovium_1                 --outdir output/peaks/macs3 2> output/logs/macs3_FACT_23-0023_FNF_synovium_1.err
        
Submitted job 18 with external jobid '56236484'.

[Fri Dec 20 13:35:37 2024]
rule hmmratac_peaks:
    input: /work/users/s/e/seyoun/CQTL_AI/output/align/FACT_23-0016_FNF_synovium_1_RG.bam
    output: output/peaks/hmmratac/FACT_23-0016_FNF_synovium_1_accessible_regions.gappedPeak
    log: output/logs/hmmratac_FACT_23-0016_FNF_synovium_1.err
    jobid: 24
    wildcards: sampleName=FACT_23-0016_FNF_synovium_1


        module load python/3.9.6
        source /users/s/e/seyoun/tools/MACS3env/bin/activate

        mkdir -p output/peaks/hmmratac

        macs3 hmmratac             -b /work/users/s/e/seyoun/CQTL_AI/output/align/FACT_23-0016_FNF_synovium_1_RG.bam             -g hs             -q 0.01             --keep-dup all             -n FACT_23-0016_FNF_synovium_1             --outdir output/peaks/hmmratac 2> output/logs/hmmratac_FACT_23-0016_FNF_synovium_1.err
        
Submitted job 24 with external jobid '56236485'.

[Fri Dec 20 13:35:38 2024]
rule macs3_peaks:
    input: /work/users/s/e/seyoun/CQTL_AI/output/align/FACT_23-0025_CTL_synovium_1_RG.bam
    output: output/peaks/macs3/FACT_23-0025_CTL_synovium_1_peaks.narrowPeak
    log: output/logs/macs3_FACT_23-0025_CTL_synovium_1.err
    jobid: 19
    wildcards: sampleName=FACT_23-0025_CTL_synovium_1


        module load python/3.9.6
        source /users/s/e/seyoun/tools/MACS3env/bin/activate

        mkdir -p output/peaks/macs3

        macs3 callpeak -t /work/users/s/e/seyoun/CQTL_AI/output/align/FACT_23-0025_CTL_synovium_1_RG.bam                 -f BAMPE                 -g hs                 --nomodel                 --shift -75                 --extsize 150                 --keep-dup all                 -q 0.01                 --call-summits                 -n FACT_23-0025_CTL_synovium_1                 --outdir output/peaks/macs3 2> output/logs/macs3_FACT_23-0025_CTL_synovium_1.err
        
Submitted job 19 with external jobid '56236486'.

[Fri Dec 20 13:35:39 2024]
rule hmmratac_peaks:
    input: /work/users/s/e/seyoun/CQTL_AI/output/align/FACT_23-0023_CTL_synovium_1_RG.bam
    output: output/peaks/hmmratac/FACT_23-0023_CTL_synovium_1_accessible_regions.gappedPeak
    log: output/logs/hmmratac_FACT_23-0023_CTL_synovium_1.err
    jobid: 27
    wildcards: sampleName=FACT_23-0023_CTL_synovium_1


        module load python/3.9.6
        source /users/s/e/seyoun/tools/MACS3env/bin/activate

        mkdir -p output/peaks/hmmratac

        macs3 hmmratac             -b /work/users/s/e/seyoun/CQTL_AI/output/align/FACT_23-0023_CTL_synovium_1_RG.bam             -g hs             -q 0.01             --keep-dup all             -n FACT_23-0023_CTL_synovium_1             --outdir output/peaks/hmmratac 2> output/logs/hmmratac_FACT_23-0023_CTL_synovium_1.err
        
Submitted job 27 with external jobid '56236487'.

[Fri Dec 20 13:35:40 2024]
rule macs3_peaks:
    input: /work/users/s/e/seyoun/CQTL_AI/output/align/FACT_23-0022_CTL_synovium_1_RG.bam
    output: output/peaks/macs3/FACT_23-0022_CTL_synovium_1_peaks.narrowPeak
    log: output/logs/macs3_FACT_23-0022_CTL_synovium_1.err
    jobid: 15
    wildcards: sampleName=FACT_23-0022_CTL_synovium_1


        module load python/3.9.6
        source /users/s/e/seyoun/tools/MACS3env/bin/activate

        mkdir -p output/peaks/macs3

        macs3 callpeak -t /work/users/s/e/seyoun/CQTL_AI/output/align/FACT_23-0022_CTL_synovium_1_RG.bam                 -f BAMPE                 -g hs                 --nomodel                 --shift -75                 --extsize 150                 --keep-dup all                 -q 0.01                 --call-summits                 -n FACT_23-0022_CTL_synovium_1                 --outdir output/peaks/macs3 2> output/logs/macs3_FACT_23-0022_CTL_synovium_1.err
        
Submitted job 15 with external jobid '56236488'.

[Fri Dec 20 13:35:41 2024]
rule macs3_peaks:
    input: /work/users/s/e/seyoun/CQTL_AI/output/align/FACT_23-0016_CTL_synovium_1_RG.bam
    output: output/peaks/macs3/FACT_23-0016_CTL_synovium_1_peaks.narrowPeak
    log: output/logs/macs3_FACT_23-0016_CTL_synovium_1.err
    jobid: 13
    wildcards: sampleName=FACT_23-0016_CTL_synovium_1


        module load python/3.9.6
        source /users/s/e/seyoun/tools/MACS3env/bin/activate

        mkdir -p output/peaks/macs3

        macs3 callpeak -t /work/users/s/e/seyoun/CQTL_AI/output/align/FACT_23-0016_CTL_synovium_1_RG.bam                 -f BAMPE                 -g hs                 --nomodel                 --shift -75                 --extsize 150                 --keep-dup all                 -q 0.01                 --call-summits                 -n FACT_23-0016_CTL_synovium_1                 --outdir output/peaks/macs3 2> output/logs/macs3_FACT_23-0016_CTL_synovium_1.err
        
Submitted job 13 with external jobid '56236489'.

[Fri Dec 20 13:35:42 2024]
rule hmmratac_peaks:
    input: /work/users/s/e/seyoun/CQTL_AI/output/align/FACT_23-0013_FNF_synovium_1_RG.bam
    output: output/peaks/hmmratac/FACT_23-0013_FNF_synovium_1_accessible_regions.gappedPeak
    log: output/logs/hmmratac_FACT_23-0013_FNF_synovium_1.err
    jobid: 22
    wildcards: sampleName=FACT_23-0013_FNF_synovium_1


        module load python/3.9.6
        source /users/s/e/seyoun/tools/MACS3env/bin/activate

        mkdir -p output/peaks/hmmratac

        macs3 hmmratac             -b /work/users/s/e/seyoun/CQTL_AI/output/align/FACT_23-0013_FNF_synovium_1_RG.bam             -g hs             -q 0.01             --keep-dup all             -n FACT_23-0013_FNF_synovium_1             --outdir output/peaks/hmmratac 2> output/logs/hmmratac_FACT_23-0013_FNF_synovium_1.err
        
Submitted job 22 with external jobid '56236490'.

[Fri Dec 20 13:35:44 2024]
rule macs3_peaks:
    input: /work/users/s/e/seyoun/CQTL_AI/output/align/FACT_23-0022_FNF_synovium_1_RG.bam
    output: output/peaks/macs3/FACT_23-0022_FNF_synovium_1_peaks.narrowPeak
    log: output/logs/macs3_FACT_23-0022_FNF_synovium_1.err
    jobid: 16
    wildcards: sampleName=FACT_23-0022_FNF_synovium_1


        module load python/3.9.6
        source /users/s/e/seyoun/tools/MACS3env/bin/activate

        mkdir -p output/peaks/macs3

        macs3 callpeak -t /work/users/s/e/seyoun/CQTL_AI/output/align/FACT_23-0022_FNF_synovium_1_RG.bam                 -f BAMPE                 -g hs                 --nomodel                 --shift -75                 --extsize 150                 --keep-dup all                 -q 0.01                 --call-summits                 -n FACT_23-0022_FNF_synovium_1                 --outdir output/peaks/macs3 2> output/logs/macs3_FACT_23-0022_FNF_synovium_1.err
        
Submitted job 16 with external jobid '56236491'.

[Fri Dec 20 13:35:45 2024]
rule hmmratac_peaks:
    input: /work/users/s/e/seyoun/CQTL_AI/output/align/FACT_23-0023_FNF_synovium_1_RG.bam
    output: output/peaks/hmmratac/FACT_23-0023_FNF_synovium_1_accessible_regions.gappedPeak
    log: output/logs/hmmratac_FACT_23-0023_FNF_synovium_1.err
    jobid: 28
    wildcards: sampleName=FACT_23-0023_FNF_synovium_1


        module load python/3.9.6
        source /users/s/e/seyoun/tools/MACS3env/bin/activate

        mkdir -p output/peaks/hmmratac

        macs3 hmmratac             -b /work/users/s/e/seyoun/CQTL_AI/output/align/FACT_23-0023_FNF_synovium_1_RG.bam             -g hs             -q 0.01             --keep-dup all             -n FACT_23-0023_FNF_synovium_1             --outdir output/peaks/hmmratac 2> output/logs/hmmratac_FACT_23-0023_FNF_synovium_1.err
        
Submitted job 28 with external jobid '56236492'.

[Fri Dec 20 13:35:46 2024]
rule hmmratac_peaks:
    input: /work/users/s/e/seyoun/CQTL_AI/output/align/FACT_23-0025_FNF_synovium_1_RG.bam
    output: output/peaks/hmmratac/FACT_23-0025_FNF_synovium_1_accessible_regions.gappedPeak
    log: output/logs/hmmratac_FACT_23-0025_FNF_synovium_1.err
    jobid: 30
    wildcards: sampleName=FACT_23-0025_FNF_synovium_1


        module load python/3.9.6
        source /users/s/e/seyoun/tools/MACS3env/bin/activate

        mkdir -p output/peaks/hmmratac

        macs3 hmmratac             -b /work/users/s/e/seyoun/CQTL_AI/output/align/FACT_23-0025_FNF_synovium_1_RG.bam             -g hs             -q 0.01             --keep-dup all             -n FACT_23-0025_FNF_synovium_1             --outdir output/peaks/hmmratac 2> output/logs/hmmratac_FACT_23-0025_FNF_synovium_1.err
        
Submitted job 30 with external jobid '56236494'.

[Fri Dec 20 13:35:47 2024]
rule macs3_peaks:
    input: /work/users/s/e/seyoun/CQTL_AI/output/align/FACT_23-0013_CTL_synovium_1_RG.bam
    output: output/peaks/macs3/FACT_23-0013_CTL_synovium_1_peaks.narrowPeak
    log: output/logs/macs3_FACT_23-0013_CTL_synovium_1.err
    jobid: 11
    wildcards: sampleName=FACT_23-0013_CTL_synovium_1


        module load python/3.9.6
        source /users/s/e/seyoun/tools/MACS3env/bin/activate

        mkdir -p output/peaks/macs3

        macs3 callpeak -t /work/users/s/e/seyoun/CQTL_AI/output/align/FACT_23-0013_CTL_synovium_1_RG.bam                 -f BAMPE                 -g hs                 --nomodel                 --shift -75                 --extsize 150                 --keep-dup all                 -q 0.01                 --call-summits                 -n FACT_23-0013_CTL_synovium_1                 --outdir output/peaks/macs3 2> output/logs/macs3_FACT_23-0013_CTL_synovium_1.err
        
Submitted job 11 with external jobid '56236495'.
[Fri Dec 20 13:35:47 2024]
Error in rule hmmratac_peaks:
    jobid: 24
    output: output/peaks/hmmratac/FACT_23-0016_FNF_synovium_1_accessible_regions.gappedPeak
    log: output/logs/hmmratac_FACT_23-0016_FNF_synovium_1.err (check log file(s) for error message)
    shell:
        
        module load python/3.9.6
        source /users/s/e/seyoun/tools/MACS3env/bin/activate

        mkdir -p output/peaks/hmmratac

        macs3 hmmratac             -b /work/users/s/e/seyoun/CQTL_AI/output/align/FACT_23-0016_FNF_synovium_1_RG.bam             -g hs             -q 0.01             --keep-dup all             -n FACT_23-0016_FNF_synovium_1             --outdir output/peaks/hmmratac 2> output/logs/hmmratac_FACT_23-0016_FNF_synovium_1.err
        
        (one of the commands exited with non-zero exit code; note that snakemake uses bash strict mode!)
    cluster_jobid: 56236485

Error executing rule hmmratac_peaks on cluster (jobid: 24, external: 56236485, jobscript: /work/users/s/e/seyoun/CQTL_AI/.snakemake/tmp.2bcr0tj6/snakejob.hmmratac_peaks.24.sh). For error details see the cluster log and the log files of the involved rule(s).

[Fri Dec 20 13:35:48 2024]
rule hmmratac_peaks:
    input: /work/users/s/e/seyoun/CQTL_AI/output/align/FACT_23-0025_CTL_synovium_1_RG.bam
    output: output/peaks/hmmratac/FACT_23-0025_CTL_synovium_1_accessible_regions.gappedPeak
    log: output/logs/hmmratac_FACT_23-0025_CTL_synovium_1.err
    jobid: 29
    wildcards: sampleName=FACT_23-0025_CTL_synovium_1


        module load python/3.9.6
        source /users/s/e/seyoun/tools/MACS3env/bin/activate

        mkdir -p output/peaks/hmmratac

        macs3 hmmratac             -b /work/users/s/e/seyoun/CQTL_AI/output/align/FACT_23-0025_CTL_synovium_1_RG.bam             -g hs             -q 0.01             --keep-dup all             -n FACT_23-0025_CTL_synovium_1             --outdir output/peaks/hmmratac 2> output/logs/hmmratac_FACT_23-0025_CTL_synovium_1.err
        
Submitted job 29 with external jobid '56236496'.

[Fri Dec 20 13:35:49 2024]
rule macs3_peaks:
    input: /work/users/s/e/seyoun/CQTL_AI/output/align/FACT_23-0016_FNF_synovium_1_RG.bam
    output: output/peaks/macs3/FACT_23-0016_FNF_synovium_1_peaks.narrowPeak
    log: output/logs/macs3_FACT_23-0016_FNF_synovium_1.err
    jobid: 14
    wildcards: sampleName=FACT_23-0016_FNF_synovium_1


        module load python/3.9.6
        source /users/s/e/seyoun/tools/MACS3env/bin/activate

        mkdir -p output/peaks/macs3

        macs3 callpeak -t /work/users/s/e/seyoun/CQTL_AI/output/align/FACT_23-0016_FNF_synovium_1_RG.bam                 -f BAMPE                 -g hs                 --nomodel                 --shift -75                 --extsize 150                 --keep-dup all                 -q 0.01                 --call-summits                 -n FACT_23-0016_FNF_synovium_1                 --outdir output/peaks/macs3 2> output/logs/macs3_FACT_23-0016_FNF_synovium_1.err
        
Submitted job 14 with external jobid '56236497'.
[Fri Dec 20 13:35:59 2024]
Error in rule hmmratac_peaks:
    jobid: 27
    output: output/peaks/hmmratac/FACT_23-0023_CTL_synovium_1_accessible_regions.gappedPeak
    log: output/logs/hmmratac_FACT_23-0023_CTL_synovium_1.err (check log file(s) for error message)
    shell:
        
        module load python/3.9.6
        source /users/s/e/seyoun/tools/MACS3env/bin/activate

        mkdir -p output/peaks/hmmratac

        macs3 hmmratac             -b /work/users/s/e/seyoun/CQTL_AI/output/align/FACT_23-0023_CTL_synovium_1_RG.bam             -g hs             -q 0.01             --keep-dup all             -n FACT_23-0023_CTL_synovium_1             --outdir output/peaks/hmmratac 2> output/logs/hmmratac_FACT_23-0023_CTL_synovium_1.err
        
        (one of the commands exited with non-zero exit code; note that snakemake uses bash strict mode!)
    cluster_jobid: 56236487

Error executing rule hmmratac_peaks on cluster (jobid: 27, external: 56236487, jobscript: /work/users/s/e/seyoun/CQTL_AI/.snakemake/tmp.2bcr0tj6/snakejob.hmmratac_peaks.27.sh). For error details see the cluster log and the log files of the involved rule(s).
[Fri Dec 20 13:36:03 2024]
Error in rule hmmratac_peaks:
    jobid: 22
    output: output/peaks/hmmratac/FACT_23-0013_FNF_synovium_1_accessible_regions.gappedPeak
    log: output/logs/hmmratac_FACT_23-0013_FNF_synovium_1.err (check log file(s) for error message)
    shell:
        
        module load python/3.9.6
        source /users/s/e/seyoun/tools/MACS3env/bin/activate

        mkdir -p output/peaks/hmmratac

        macs3 hmmratac             -b /work/users/s/e/seyoun/CQTL_AI/output/align/FACT_23-0013_FNF_synovium_1_RG.bam             -g hs             -q 0.01             --keep-dup all             -n FACT_23-0013_FNF_synovium_1             --outdir output/peaks/hmmratac 2> output/logs/hmmratac_FACT_23-0013_FNF_synovium_1.err
        
        (one of the commands exited with non-zero exit code; note that snakemake uses bash strict mode!)
    cluster_jobid: 56236490

Error executing rule hmmratac_peaks on cluster (jobid: 22, external: 56236490, jobscript: /work/users/s/e/seyoun/CQTL_AI/.snakemake/tmp.2bcr0tj6/snakejob.hmmratac_peaks.22.sh). For error details see the cluster log and the log files of the involved rule(s).
[Fri Dec 20 13:36:05 2024]
Error in rule hmmratac_peaks:
    jobid: 28
    output: output/peaks/hmmratac/FACT_23-0023_FNF_synovium_1_accessible_regions.gappedPeak
    log: output/logs/hmmratac_FACT_23-0023_FNF_synovium_1.err (check log file(s) for error message)
    shell:
        
        module load python/3.9.6
        source /users/s/e/seyoun/tools/MACS3env/bin/activate

        mkdir -p output/peaks/hmmratac

        macs3 hmmratac             -b /work/users/s/e/seyoun/CQTL_AI/output/align/FACT_23-0023_FNF_synovium_1_RG.bam             -g hs             -q 0.01             --keep-dup all             -n FACT_23-0023_FNF_synovium_1             --outdir output/peaks/hmmratac 2> output/logs/hmmratac_FACT_23-0023_FNF_synovium_1.err
        
        (one of the commands exited with non-zero exit code; note that snakemake uses bash strict mode!)
    cluster_jobid: 56236492

Error executing rule hmmratac_peaks on cluster (jobid: 28, external: 56236492, jobscript: /work/users/s/e/seyoun/CQTL_AI/.snakemake/tmp.2bcr0tj6/snakejob.hmmratac_peaks.28.sh). For error details see the cluster log and the log files of the involved rule(s).
[Fri Dec 20 13:36:06 2024]
Error in rule hmmratac_peaks:
    jobid: 30
    output: output/peaks/hmmratac/FACT_23-0025_FNF_synovium_1_accessible_regions.gappedPeak
    log: output/logs/hmmratac_FACT_23-0025_FNF_synovium_1.err (check log file(s) for error message)
    shell:
        
        module load python/3.9.6
        source /users/s/e/seyoun/tools/MACS3env/bin/activate

        mkdir -p output/peaks/hmmratac

        macs3 hmmratac             -b /work/users/s/e/seyoun/CQTL_AI/output/align/FACT_23-0025_FNF_synovium_1_RG.bam             -g hs             -q 0.01             --keep-dup all             -n FACT_23-0025_FNF_synovium_1             --outdir output/peaks/hmmratac 2> output/logs/hmmratac_FACT_23-0025_FNF_synovium_1.err
        
        (one of the commands exited with non-zero exit code; note that snakemake uses bash strict mode!)
    cluster_jobid: 56236494

Error executing rule hmmratac_peaks on cluster (jobid: 30, external: 56236494, jobscript: /work/users/s/e/seyoun/CQTL_AI/.snakemake/tmp.2bcr0tj6/snakejob.hmmratac_peaks.30.sh). For error details see the cluster log and the log files of the involved rule(s).
[Fri Dec 20 13:36:08 2024]
Error in rule hmmratac_peaks:
    jobid: 29
    output: output/peaks/hmmratac/FACT_23-0025_CTL_synovium_1_accessible_regions.gappedPeak
    log: output/logs/hmmratac_FACT_23-0025_CTL_synovium_1.err (check log file(s) for error message)
    shell:
        
        module load python/3.9.6
        source /users/s/e/seyoun/tools/MACS3env/bin/activate

        mkdir -p output/peaks/hmmratac

        macs3 hmmratac             -b /work/users/s/e/seyoun/CQTL_AI/output/align/FACT_23-0025_CTL_synovium_1_RG.bam             -g hs             -q 0.01             --keep-dup all             -n FACT_23-0025_CTL_synovium_1             --outdir output/peaks/hmmratac 2> output/logs/hmmratac_FACT_23-0025_CTL_synovium_1.err
        
        (one of the commands exited with non-zero exit code; note that snakemake uses bash strict mode!)
    cluster_jobid: 56236496

Error executing rule hmmratac_peaks on cluster (jobid: 29, external: 56236496, jobscript: /work/users/s/e/seyoun/CQTL_AI/.snakemake/tmp.2bcr0tj6/snakejob.hmmratac_peaks.29.sh). For error details see the cluster log and the log files of the involved rule(s).
[Fri Dec 20 13:36:09 2024]
Error in rule hmmratac_peaks:
    jobid: 23
    output: output/peaks/hmmratac/FACT_23-0016_CTL_synovium_1_accessible_regions.gappedPeak
    log: output/logs/hmmratac_FACT_23-0016_CTL_synovium_1.err (check log file(s) for error message)
    shell:
        
        module load python/3.9.6
        source /users/s/e/seyoun/tools/MACS3env/bin/activate

        mkdir -p output/peaks/hmmratac

        macs3 hmmratac             -b /work/users/s/e/seyoun/CQTL_AI/output/align/FACT_23-0016_CTL_synovium_1_RG.bam             -g hs             -q 0.01             --keep-dup all             -n FACT_23-0016_CTL_synovium_1             --outdir output/peaks/hmmratac 2> output/logs/hmmratac_FACT_23-0016_CTL_synovium_1.err
        
        (one of the commands exited with non-zero exit code; note that snakemake uses bash strict mode!)
    cluster_jobid: 56236477

Error executing rule hmmratac_peaks on cluster (jobid: 23, external: 56236477, jobscript: /work/users/s/e/seyoun/CQTL_AI/.snakemake/tmp.2bcr0tj6/snakejob.hmmratac_peaks.23.sh). For error details see the cluster log and the log files of the involved rule(s).
[Fri Dec 20 13:36:10 2024]
Error in rule hmmratac_peaks:
    jobid: 25
    output: output/peaks/hmmratac/FACT_23-0022_CTL_synovium_1_accessible_regions.gappedPeak
    log: output/logs/hmmratac_FACT_23-0022_CTL_synovium_1.err (check log file(s) for error message)
    shell:
        
        module load python/3.9.6
        source /users/s/e/seyoun/tools/MACS3env/bin/activate

        mkdir -p output/peaks/hmmratac

        macs3 hmmratac             -b /work/users/s/e/seyoun/CQTL_AI/output/align/FACT_23-0022_CTL_synovium_1_RG.bam             -g hs             -q 0.01             --keep-dup all             -n FACT_23-0022_CTL_synovium_1             --outdir output/peaks/hmmratac 2> output/logs/hmmratac_FACT_23-0022_CTL_synovium_1.err
        
        (one of the commands exited with non-zero exit code; note that snakemake uses bash strict mode!)
    cluster_jobid: 56236478

Error executing rule hmmratac_peaks on cluster (jobid: 25, external: 56236478, jobscript: /work/users/s/e/seyoun/CQTL_AI/.snakemake/tmp.2bcr0tj6/snakejob.hmmratac_peaks.25.sh). For error details see the cluster log and the log files of the involved rule(s).
[Fri Dec 20 13:36:13 2024]
Error in rule hmmratac_peaks:
    jobid: 26
    output: output/peaks/hmmratac/FACT_23-0022_FNF_synovium_1_accessible_regions.gappedPeak
    log: output/logs/hmmratac_FACT_23-0022_FNF_synovium_1.err (check log file(s) for error message)
    shell:
        
        module load python/3.9.6
        source /users/s/e/seyoun/tools/MACS3env/bin/activate

        mkdir -p output/peaks/hmmratac

        macs3 hmmratac             -b /work/users/s/e/seyoun/CQTL_AI/output/align/FACT_23-0022_FNF_synovium_1_RG.bam             -g hs             -q 0.01             --keep-dup all             -n FACT_23-0022_FNF_synovium_1             --outdir output/peaks/hmmratac 2> output/logs/hmmratac_FACT_23-0022_FNF_synovium_1.err
        
        (one of the commands exited with non-zero exit code; note that snakemake uses bash strict mode!)
    cluster_jobid: 56236481

Error executing rule hmmratac_peaks on cluster (jobid: 26, external: 56236481, jobscript: /work/users/s/e/seyoun/CQTL_AI/.snakemake/tmp.2bcr0tj6/snakejob.hmmratac_peaks.26.sh). For error details see the cluster log and the log files of the involved rule(s).
[Fri Dec 20 13:36:16 2024]
Error in rule hmmratac_peaks:
    jobid: 21
    output: output/peaks/hmmratac/FACT_23-0013_CTL_synovium_1_accessible_regions.gappedPeak
    log: output/logs/hmmratac_FACT_23-0013_CTL_synovium_1.err (check log file(s) for error message)
    shell:
        
        module load python/3.9.6
        source /users/s/e/seyoun/tools/MACS3env/bin/activate

        mkdir -p output/peaks/hmmratac

        macs3 hmmratac             -b /work/users/s/e/seyoun/CQTL_AI/output/align/FACT_23-0013_CTL_synovium_1_RG.bam             -g hs             -q 0.01             --keep-dup all             -n FACT_23-0013_CTL_synovium_1             --outdir output/peaks/hmmratac 2> output/logs/hmmratac_FACT_23-0013_CTL_synovium_1.err
        
        (one of the commands exited with non-zero exit code; note that snakemake uses bash strict mode!)
    cluster_jobid: 56236483

Error executing rule hmmratac_peaks on cluster (jobid: 21, external: 56236483, jobscript: /work/users/s/e/seyoun/CQTL_AI/.snakemake/tmp.2bcr0tj6/snakejob.hmmratac_peaks.21.sh). For error details see the cluster log and the log files of the involved rule(s).
[Fri Dec 20 13:38:43 2024]
Finished job 19.
1 of 21 steps (5%) done
[Fri Dec 20 13:39:36 2024]
Finished job 13.
2 of 21 steps (10%) done
[Fri Dec 20 13:40:56 2024]
Finished job 20.
3 of 21 steps (14%) done
[Fri Dec 20 13:41:09 2024]
Finished job 15.
4 of 21 steps (19%) done
[Fri Dec 20 13:41:12 2024]
Finished job 17.
5 of 21 steps (24%) done
[Fri Dec 20 13:41:29 2024]
Finished job 12.
6 of 21 steps (29%) done
[Fri Dec 20 13:41:31 2024]
Finished job 14.
7 of 21 steps (33%) done
[Fri Dec 20 13:41:43 2024]
Finished job 11.
8 of 21 steps (38%) done
[Fri Dec 20 13:42:09 2024]
Finished job 18.
9 of 21 steps (43%) done
[Fri Dec 20 13:44:11 2024]
Finished job 16.
10 of 21 steps (48%) done
Shutting down, this might take some time.
Exiting because a job execution failed. Look above for error message
Complete log: /work/users/s/e/seyoun/CQTL_AI/.snakemake/log/2024-12-20T133528.125259.snakemake.log
