Building DAG of jobs...
MissingInputException in line 43 of /work/users/s/e/seyoun/CQTL_AI/snakefiles/ATAC_preprocess.smk:
Missing input files for rule all:
output/ataqv/CQTL_AM7755_CTL_Ankle_1.ataqv.txt
output/ataqv/CQTL_AM7711_CTL_Ankle_1.ataqv.txt
output/ataqv/CQTL_AM7765_CTL_Ankle_1.ataqv.txt
output/ataqv/CQTL_AM7785_FNF_Ankle_1.ataqv.txt
output/ataqv/CQTL_AM7727_CTL_Ankle_1.ataqv.txt
output/ataqv/CQTL_AM7679_CTL_Ankle_1.ataqv.txt
output/ataqv/CQTL_AM7735_FNF_Ankle_1.ataqv.txt
output/ataqv/CQTL_AM7775_CTL_Ankle_1.ataqv.txt
output/ataqv/CQTL_AM7754_CTL_Ankle_replicate.ataqv.txt
output/ataqv/CQTL_AM7785_CTL_Ankle_1.ataqv.txt
output/ataqv/CQTL_AM7771_CTL_Ankle_1.ataqv.txt
output/ataqv/CQTL_AM7678_FNF_Ankle_1.ataqv.txt
output/ataqv/CQTL_AM7775_FNF_Ankle_1.ataqv.txt
output/ataqv/CQTL_AM7712_CTL_Ankle_1.ataqv.txt
output/ataqv/CQTL_AM7755_CTL_Ankle_replicate.ataqv.txt
output/ataqv/CQTL_AM7677_FNF_Ankle_1.ataqv.txt
output/ataqv/FACT_23-0023_CTL_synovium_1.ataqv.txt
output/ataqv/CQTL_AM7711_FNF_Ankle_1.ataqv.txt
output/ataqv/CQTL_AM7735_CTL_Ankle_1.ataqv.txt
output/ataqv/CQTL_AM7763_FNF_Ankle_1.ataqv.txt
output/ataqv/CQTL_AM7763_CTL_Ankle_1.ataqv.txt
output/ataqv/CQTL_AM7755_FNF_Ankle_replicate.ataqv.txt
output/ataqv/CQTL_AM7778FE_CTL_Femur_1.ataqv.txt
output/ataqv/CQTL_AM7726_FNF_Ankle_1.ataqv.txt
output/ataqv/CQTL_AM7778FE_FNF_Femur_1.ataqv.txt
output/ataqv/FACT_23-0016_CTL_synovium_1.ataqv.txt
output/ataqv/FACT_23-0013_CTL_synovium_1.ataqv.txt
output/ataqv/CQTL_AM7781_CTL_Ankle_1.ataqv.txt
output/ataqv/FACT_23-0025_FNF_synovium_1.ataqv.txt
output/ataqv/CQTL_AM7786_FNF_Ankle_1.ataqv.txt
output/ataqv/CQTL_AM7780_FNF_Ankle_1.ataqv.txt
output/ataqv/CQTL_AM7755_FNF_Ankle_1.ataqv.txt
output/ataqv/CQTL_AM7771_FNF_Ankle_1.ataqv.txt
output/ataqv/FACT_23-0023_FNF_synovium_1.ataqv.txt
output/ataqv/CQTL_AM7754_FNF_Ankle_replicate.ataqv.txt
output/ataqv/CQTL_AM7717_CTL_Ankle_1.ataqv.txt
output/ataqv/CQTL_AM7778_FNF_Ankle_1.ataqv.txt
output/ataqv/CQTL_AM7754_CTL_Ankle_1.ataqv.txt
output/ataqv/CQTL_AM7786_CTL_Ankle_1.ataqv.txt
output/ataqv/CQTL_AM7679_FNF_Ankle_1.ataqv.txt
output/ataqv/CQTL_AM7677_CTL_Ankle_1.ataqv.txt
output/ataqv/FACT_23-0022_FNF_synovium_1.ataqv.txt
output/ataqv/CQTL_AM7712_FNF_Ankle_1.ataqv.txt
output/ataqv/CQTL_AM7726_CTL_Ankle_1.ataqv.txt
output/ataqv/CQTL_AM7778_CTL_Ankle_1.ataqv.txt
output/ataqv/CQTL_AM7780_CTL_Ankle_1.ataqv.txt
output/ataqv/CQTL_AM7727_FNF_Ankle_1.ataqv.txt
output/ataqv/CQTL_AM7717_FNF_Ankle_1.ataqv.txt
output/ataqv/CQTL_AM7765_FNF_Ankle_1.ataqv.txt
output/ataqv/FACT_23-0022_CTL_synovium_1.ataqv.txt
output/ataqv/CQTL_AM7769_FNF_Ankle_1.ataqv.txt
output/ataqv/CQTL_AM7678_CTL_Ankle_1.ataqv.txt
output/ataqv/CQTL_AM7769_CTL_Ankle_1.ataqv.txt
output/ataqv/CQTL_AM7781_FNF_Ankle_1.ataqv.txt
output/ataqv/FACT_23-0025_CTL_synovium_1.ataqv.txt
output/ataqv/CQTL_AM7754_FNF_Ankle_1.ataqv.txt
output/ataqv/FACT_23-0013_FNF_synovium_1.ataqv.txt
output/ataqv/FACT_23-0016_FNF_synovium_1.ataqv.txt
