Building DAG of jobs...
Using shell: /usr/bin/bash
Provided cluster nodes: 100
Job counts:
	count	jobs
	1	all
	1	process_vcf
	1	reheader
	3

[Mon Nov 18 13:01:52 2024]
rule process_vcf:
    input: Genopipe/output/CTL_samples.txt, Genopipe/output/FNF_samples.txt
    output: Genopipe/output/vcf/cQTL_21_filtered.vcf.gz, Genopipe/output/geno/pbs_geno/pbs_matched.txt, Genopipe/output/geno/fnf_geno/fnf_matched.txt
    jobid: 2


        mkdir -p Genopipe/output/vcf
        mkdir -p Genopipe/output/geno/pbs_geno Genopipe/output/geno/fnf_geno
        
        # Copy sample files
        cp Genopipe/output/CTL_samples.txt Genopipe/output/geno/pbs_geno/pbs_matched.txt
        cp Genopipe/output/FNF_samples.txt Genopipe/output/geno/fnf_geno/fnf_matched.txt
        
        # Process VCF
        ml samtools/1.21
        if [ ! -z "" ]; then
            bcftools view -s "^" /work/users/s/e/seyoun/CQTL_AI/Genopipe/output/vcf/CQTL_COA9_10_ALL_qc.vcf.gz -Oz -o Genopipe/output/vcf/cQTL_21_filtered.vcf.gz
        else
            cp /work/users/s/e/seyoun/CQTL_AI/Genopipe/output/vcf/CQTL_COA9_10_ALL_qc.vcf.gz Genopipe/output/vcf/cQTL_21_filtered.vcf.gz
        fi
        tabix -p vcf Genopipe/output/vcf/cQTL_21_filtered.vcf.gz
        
Submitted job 2 with external jobid '54386971'.
