Building DAG of jobs...
Using shell: /usr/bin/bash
Provided cluster nodes: 150
Job counts:
	count	jobs
	1	all
	10	hmmratac_peaks
	11

[Fri Dec 20 13:48:54 2024]
rule hmmratac_peaks:
    input: /work/users/s/e/seyoun/CQTL_AI/output/align/FACT_23-0013_FNF_synovium_1_RG.bam
    output: output/peaks/hmmratac/FACT_23-0013_FNF_synovium_1_accessible_regions.gappedPeak
    log: output/logs/hmmratac_FACT_23-0013_FNF_synovium_1.err
    jobid: 22
    wildcards: sampleName=FACT_23-0013_FNF_synovium_1
    threads: 2


        module load python/3.9.6
        source /users/s/e/seyoun/tools/MACS3env/bin/activate

        mkdir -p output/peaks/hmmratac

        macs3 hmmratac             -i /work/users/s/e/seyoun/CQTL_AI/output/align/FACT_23-0013_FNF_synovium_1_RG.bam             -f BAMPE             --keep-duplicates             --minlen 100 \     # Minimum length for regulatory regions
            --save-states \     # Useful for analyzing chromatin states
            --binsize 50 \      # Smaller bins for better resolution
            -n FACT_23-0013_FNF_synovium_1             --outdir output/peaks/hmmratac 2> output/logs/hmmratac_FACT_23-0013_FNF_synovium_1.err
        
Submitted job 22 with external jobid '56236543'.

[Fri Dec 20 13:48:55 2024]
rule hmmratac_peaks:
    input: /work/users/s/e/seyoun/CQTL_AI/output/align/FACT_23-0022_CTL_synovium_1_RG.bam
    output: output/peaks/hmmratac/FACT_23-0022_CTL_synovium_1_accessible_regions.gappedPeak
    log: output/logs/hmmratac_FACT_23-0022_CTL_synovium_1.err
    jobid: 25
    wildcards: sampleName=FACT_23-0022_CTL_synovium_1
    threads: 2


        module load python/3.9.6
        source /users/s/e/seyoun/tools/MACS3env/bin/activate

        mkdir -p output/peaks/hmmratac

        macs3 hmmratac             -i /work/users/s/e/seyoun/CQTL_AI/output/align/FACT_23-0022_CTL_synovium_1_RG.bam             -f BAMPE             --keep-duplicates             --minlen 100 \     # Minimum length for regulatory regions
            --save-states \     # Useful for analyzing chromatin states
            --binsize 50 \      # Smaller bins for better resolution
            -n FACT_23-0022_CTL_synovium_1             --outdir output/peaks/hmmratac 2> output/logs/hmmratac_FACT_23-0022_CTL_synovium_1.err
        
Submitted job 25 with external jobid '56236544'.

[Fri Dec 20 13:48:56 2024]
rule hmmratac_peaks:
    input: /work/users/s/e/seyoun/CQTL_AI/output/align/FACT_23-0025_CTL_synovium_1_RG.bam
    output: output/peaks/hmmratac/FACT_23-0025_CTL_synovium_1_accessible_regions.gappedPeak
    log: output/logs/hmmratac_FACT_23-0025_CTL_synovium_1.err
    jobid: 29
    wildcards: sampleName=FACT_23-0025_CTL_synovium_1
    threads: 2


        module load python/3.9.6
        source /users/s/e/seyoun/tools/MACS3env/bin/activate

        mkdir -p output/peaks/hmmratac

        macs3 hmmratac             -i /work/users/s/e/seyoun/CQTL_AI/output/align/FACT_23-0025_CTL_synovium_1_RG.bam             -f BAMPE             --keep-duplicates             --minlen 100 \     # Minimum length for regulatory regions
            --save-states \     # Useful for analyzing chromatin states
            --binsize 50 \      # Smaller bins for better resolution
            -n FACT_23-0025_CTL_synovium_1             --outdir output/peaks/hmmratac 2> output/logs/hmmratac_FACT_23-0025_CTL_synovium_1.err
        
Submitted job 29 with external jobid '56236545'.

[Fri Dec 20 13:48:57 2024]
rule hmmratac_peaks:
    input: /work/users/s/e/seyoun/CQTL_AI/output/align/FACT_23-0016_CTL_synovium_1_RG.bam
    output: output/peaks/hmmratac/FACT_23-0016_CTL_synovium_1_accessible_regions.gappedPeak
    log: output/logs/hmmratac_FACT_23-0016_CTL_synovium_1.err
    jobid: 23
    wildcards: sampleName=FACT_23-0016_CTL_synovium_1
    threads: 2


        module load python/3.9.6
        source /users/s/e/seyoun/tools/MACS3env/bin/activate

        mkdir -p output/peaks/hmmratac

        macs3 hmmratac             -i /work/users/s/e/seyoun/CQTL_AI/output/align/FACT_23-0016_CTL_synovium_1_RG.bam             -f BAMPE             --keep-duplicates             --minlen 100 \     # Minimum length for regulatory regions
            --save-states \     # Useful for analyzing chromatin states
            --binsize 50 \      # Smaller bins for better resolution
            -n FACT_23-0016_CTL_synovium_1             --outdir output/peaks/hmmratac 2> output/logs/hmmratac_FACT_23-0016_CTL_synovium_1.err
        
Submitted job 23 with external jobid '56236546'.

[Fri Dec 20 13:48:58 2024]
rule hmmratac_peaks:
    input: /work/users/s/e/seyoun/CQTL_AI/output/align/FACT_23-0023_FNF_synovium_1_RG.bam
    output: output/peaks/hmmratac/FACT_23-0023_FNF_synovium_1_accessible_regions.gappedPeak
    log: output/logs/hmmratac_FACT_23-0023_FNF_synovium_1.err
    jobid: 28
    wildcards: sampleName=FACT_23-0023_FNF_synovium_1
    threads: 2


        module load python/3.9.6
        source /users/s/e/seyoun/tools/MACS3env/bin/activate

        mkdir -p output/peaks/hmmratac

        macs3 hmmratac             -i /work/users/s/e/seyoun/CQTL_AI/output/align/FACT_23-0023_FNF_synovium_1_RG.bam             -f BAMPE             --keep-duplicates             --minlen 100 \     # Minimum length for regulatory regions
            --save-states \     # Useful for analyzing chromatin states
            --binsize 50 \      # Smaller bins for better resolution
            -n FACT_23-0023_FNF_synovium_1             --outdir output/peaks/hmmratac 2> output/logs/hmmratac_FACT_23-0023_FNF_synovium_1.err
        
Submitted job 28 with external jobid '56236547'.

[Fri Dec 20 13:48:59 2024]
rule hmmratac_peaks:
    input: /work/users/s/e/seyoun/CQTL_AI/output/align/FACT_23-0022_FNF_synovium_1_RG.bam
    output: output/peaks/hmmratac/FACT_23-0022_FNF_synovium_1_accessible_regions.gappedPeak
    log: output/logs/hmmratac_FACT_23-0022_FNF_synovium_1.err
    jobid: 26
    wildcards: sampleName=FACT_23-0022_FNF_synovium_1
    threads: 2


        module load python/3.9.6
        source /users/s/e/seyoun/tools/MACS3env/bin/activate

        mkdir -p output/peaks/hmmratac

        macs3 hmmratac             -i /work/users/s/e/seyoun/CQTL_AI/output/align/FACT_23-0022_FNF_synovium_1_RG.bam             -f BAMPE             --keep-duplicates             --minlen 100 \     # Minimum length for regulatory regions
            --save-states \     # Useful for analyzing chromatin states
            --binsize 50 \      # Smaller bins for better resolution
            -n FACT_23-0022_FNF_synovium_1             --outdir output/peaks/hmmratac 2> output/logs/hmmratac_FACT_23-0022_FNF_synovium_1.err
        
Submitted job 26 with external jobid '56236548'.

[Fri Dec 20 13:49:00 2024]
rule hmmratac_peaks:
    input: /work/users/s/e/seyoun/CQTL_AI/output/align/FACT_23-0023_CTL_synovium_1_RG.bam
    output: output/peaks/hmmratac/FACT_23-0023_CTL_synovium_1_accessible_regions.gappedPeak
    log: output/logs/hmmratac_FACT_23-0023_CTL_synovium_1.err
    jobid: 27
    wildcards: sampleName=FACT_23-0023_CTL_synovium_1
    threads: 2


        module load python/3.9.6
        source /users/s/e/seyoun/tools/MACS3env/bin/activate

        mkdir -p output/peaks/hmmratac

        macs3 hmmratac             -i /work/users/s/e/seyoun/CQTL_AI/output/align/FACT_23-0023_CTL_synovium_1_RG.bam             -f BAMPE             --keep-duplicates             --minlen 100 \     # Minimum length for regulatory regions
            --save-states \     # Useful for analyzing chromatin states
            --binsize 50 \      # Smaller bins for better resolution
            -n FACT_23-0023_CTL_synovium_1             --outdir output/peaks/hmmratac 2> output/logs/hmmratac_FACT_23-0023_CTL_synovium_1.err
        
Submitted job 27 with external jobid '56236549'.

[Fri Dec 20 13:49:02 2024]
rule hmmratac_peaks:
    input: /work/users/s/e/seyoun/CQTL_AI/output/align/FACT_23-0013_CTL_synovium_1_RG.bam
    output: output/peaks/hmmratac/FACT_23-0013_CTL_synovium_1_accessible_regions.gappedPeak
    log: output/logs/hmmratac_FACT_23-0013_CTL_synovium_1.err
    jobid: 21
    wildcards: sampleName=FACT_23-0013_CTL_synovium_1
    threads: 2


        module load python/3.9.6
        source /users/s/e/seyoun/tools/MACS3env/bin/activate

        mkdir -p output/peaks/hmmratac

        macs3 hmmratac             -i /work/users/s/e/seyoun/CQTL_AI/output/align/FACT_23-0013_CTL_synovium_1_RG.bam             -f BAMPE             --keep-duplicates             --minlen 100 \     # Minimum length for regulatory regions
            --save-states \     # Useful for analyzing chromatin states
            --binsize 50 \      # Smaller bins for better resolution
            -n FACT_23-0013_CTL_synovium_1             --outdir output/peaks/hmmratac 2> output/logs/hmmratac_FACT_23-0013_CTL_synovium_1.err
        
Submitted job 21 with external jobid '56236550'.

[Fri Dec 20 13:49:03 2024]
rule hmmratac_peaks:
    input: /work/users/s/e/seyoun/CQTL_AI/output/align/FACT_23-0016_FNF_synovium_1_RG.bam
    output: output/peaks/hmmratac/FACT_23-0016_FNF_synovium_1_accessible_regions.gappedPeak
    log: output/logs/hmmratac_FACT_23-0016_FNF_synovium_1.err
    jobid: 24
    wildcards: sampleName=FACT_23-0016_FNF_synovium_1
    threads: 2


        module load python/3.9.6
        source /users/s/e/seyoun/tools/MACS3env/bin/activate

        mkdir -p output/peaks/hmmratac

        macs3 hmmratac             -i /work/users/s/e/seyoun/CQTL_AI/output/align/FACT_23-0016_FNF_synovium_1_RG.bam             -f BAMPE             --keep-duplicates             --minlen 100 \     # Minimum length for regulatory regions
            --save-states \     # Useful for analyzing chromatin states
            --binsize 50 \      # Smaller bins for better resolution
            -n FACT_23-0016_FNF_synovium_1             --outdir output/peaks/hmmratac 2> output/logs/hmmratac_FACT_23-0016_FNF_synovium_1.err
        
Submitted job 24 with external jobid '56236552'.

[Fri Dec 20 13:49:04 2024]
rule hmmratac_peaks:
    input: /work/users/s/e/seyoun/CQTL_AI/output/align/FACT_23-0025_FNF_synovium_1_RG.bam
    output: output/peaks/hmmratac/FACT_23-0025_FNF_synovium_1_accessible_regions.gappedPeak
    log: output/logs/hmmratac_FACT_23-0025_FNF_synovium_1.err
    jobid: 30
    wildcards: sampleName=FACT_23-0025_FNF_synovium_1
    threads: 2


        module load python/3.9.6
        source /users/s/e/seyoun/tools/MACS3env/bin/activate

        mkdir -p output/peaks/hmmratac

        macs3 hmmratac             -i /work/users/s/e/seyoun/CQTL_AI/output/align/FACT_23-0025_FNF_synovium_1_RG.bam             -f BAMPE             --keep-duplicates             --minlen 100 \     # Minimum length for regulatory regions
            --save-states \     # Useful for analyzing chromatin states
            --binsize 50 \      # Smaller bins for better resolution
            -n FACT_23-0025_FNF_synovium_1             --outdir output/peaks/hmmratac 2> output/logs/hmmratac_FACT_23-0025_FNF_synovium_1.err
        
Submitted job 30 with external jobid '56236553'.
[Fri Dec 20 13:49:14 2024]
Error in rule hmmratac_peaks:
    jobid: 30
    output: output/peaks/hmmratac/FACT_23-0025_FNF_synovium_1_accessible_regions.gappedPeak
    log: output/logs/hmmratac_FACT_23-0025_FNF_synovium_1.err (check log file(s) for error message)
    shell:
        
        module load python/3.9.6
        source /users/s/e/seyoun/tools/MACS3env/bin/activate

        mkdir -p output/peaks/hmmratac

        macs3 hmmratac             -i /work/users/s/e/seyoun/CQTL_AI/output/align/FACT_23-0025_FNF_synovium_1_RG.bam             -f BAMPE             --keep-duplicates             --minlen 100 \     # Minimum length for regulatory regions
            --save-states \     # Useful for analyzing chromatin states
            --binsize 50 \      # Smaller bins for better resolution
            -n FACT_23-0025_FNF_synovium_1             --outdir output/peaks/hmmratac 2> output/logs/hmmratac_FACT_23-0025_FNF_synovium_1.err
        
        (one of the commands exited with non-zero exit code; note that snakemake uses bash strict mode!)
    cluster_jobid: 56236553

Error executing rule hmmratac_peaks on cluster (jobid: 30, external: 56236553, jobscript: /work/users/s/e/seyoun/CQTL_AI/.snakemake/tmp.m11bv5w1/snakejob.hmmratac_peaks.30.sh). For error details see the cluster log and the log files of the involved rule(s).
[Fri Dec 20 13:49:25 2024]
Error in rule hmmratac_peaks:
    jobid: 22
    output: output/peaks/hmmratac/FACT_23-0013_FNF_synovium_1_accessible_regions.gappedPeak
    log: output/logs/hmmratac_FACT_23-0013_FNF_synovium_1.err (check log file(s) for error message)
    shell:
        
        module load python/3.9.6
        source /users/s/e/seyoun/tools/MACS3env/bin/activate

        mkdir -p output/peaks/hmmratac

        macs3 hmmratac             -i /work/users/s/e/seyoun/CQTL_AI/output/align/FACT_23-0013_FNF_synovium_1_RG.bam             -f BAMPE             --keep-duplicates             --minlen 100 \     # Minimum length for regulatory regions
            --save-states \     # Useful for analyzing chromatin states
            --binsize 50 \      # Smaller bins for better resolution
            -n FACT_23-0013_FNF_synovium_1             --outdir output/peaks/hmmratac 2> output/logs/hmmratac_FACT_23-0013_FNF_synovium_1.err
        
        (one of the commands exited with non-zero exit code; note that snakemake uses bash strict mode!)
    cluster_jobid: 56236543

Error executing rule hmmratac_peaks on cluster (jobid: 22, external: 56236543, jobscript: /work/users/s/e/seyoun/CQTL_AI/.snakemake/tmp.m11bv5w1/snakejob.hmmratac_peaks.22.sh). For error details see the cluster log and the log files of the involved rule(s).
[Fri Dec 20 13:49:26 2024]
Error in rule hmmratac_peaks:
    jobid: 25
    output: output/peaks/hmmratac/FACT_23-0022_CTL_synovium_1_accessible_regions.gappedPeak
    log: output/logs/hmmratac_FACT_23-0022_CTL_synovium_1.err (check log file(s) for error message)
    shell:
        
        module load python/3.9.6
        source /users/s/e/seyoun/tools/MACS3env/bin/activate

        mkdir -p output/peaks/hmmratac

        macs3 hmmratac             -i /work/users/s/e/seyoun/CQTL_AI/output/align/FACT_23-0022_CTL_synovium_1_RG.bam             -f BAMPE             --keep-duplicates             --minlen 100 \     # Minimum length for regulatory regions
            --save-states \     # Useful for analyzing chromatin states
            --binsize 50 \      # Smaller bins for better resolution
            -n FACT_23-0022_CTL_synovium_1             --outdir output/peaks/hmmratac 2> output/logs/hmmratac_FACT_23-0022_CTL_synovium_1.err
        
        (one of the commands exited with non-zero exit code; note that snakemake uses bash strict mode!)
    cluster_jobid: 56236544

Error executing rule hmmratac_peaks on cluster (jobid: 25, external: 56236544, jobscript: /work/users/s/e/seyoun/CQTL_AI/.snakemake/tmp.m11bv5w1/snakejob.hmmratac_peaks.25.sh). For error details see the cluster log and the log files of the involved rule(s).
[Fri Dec 20 13:49:27 2024]
Error in rule hmmratac_peaks:
    jobid: 29
    output: output/peaks/hmmratac/FACT_23-0025_CTL_synovium_1_accessible_regions.gappedPeak
    log: output/logs/hmmratac_FACT_23-0025_CTL_synovium_1.err (check log file(s) for error message)
    shell:
        
        module load python/3.9.6
        source /users/s/e/seyoun/tools/MACS3env/bin/activate

        mkdir -p output/peaks/hmmratac

        macs3 hmmratac             -i /work/users/s/e/seyoun/CQTL_AI/output/align/FACT_23-0025_CTL_synovium_1_RG.bam             -f BAMPE             --keep-duplicates             --minlen 100 \     # Minimum length for regulatory regions
            --save-states \     # Useful for analyzing chromatin states
            --binsize 50 \      # Smaller bins for better resolution
            -n FACT_23-0025_CTL_synovium_1             --outdir output/peaks/hmmratac 2> output/logs/hmmratac_FACT_23-0025_CTL_synovium_1.err
        
        (one of the commands exited with non-zero exit code; note that snakemake uses bash strict mode!)
    cluster_jobid: 56236545

Error executing rule hmmratac_peaks on cluster (jobid: 29, external: 56236545, jobscript: /work/users/s/e/seyoun/CQTL_AI/.snakemake/tmp.m11bv5w1/snakejob.hmmratac_peaks.29.sh). For error details see the cluster log and the log files of the involved rule(s).
[Fri Dec 20 13:49:28 2024]
Error in rule hmmratac_peaks:
    jobid: 23
    output: output/peaks/hmmratac/FACT_23-0016_CTL_synovium_1_accessible_regions.gappedPeak
    log: output/logs/hmmratac_FACT_23-0016_CTL_synovium_1.err (check log file(s) for error message)
    shell:
        
        module load python/3.9.6
        source /users/s/e/seyoun/tools/MACS3env/bin/activate

        mkdir -p output/peaks/hmmratac

        macs3 hmmratac             -i /work/users/s/e/seyoun/CQTL_AI/output/align/FACT_23-0016_CTL_synovium_1_RG.bam             -f BAMPE             --keep-duplicates             --minlen 100 \     # Minimum length for regulatory regions
            --save-states \     # Useful for analyzing chromatin states
            --binsize 50 \      # Smaller bins for better resolution
            -n FACT_23-0016_CTL_synovium_1             --outdir output/peaks/hmmratac 2> output/logs/hmmratac_FACT_23-0016_CTL_synovium_1.err
        
        (one of the commands exited with non-zero exit code; note that snakemake uses bash strict mode!)
    cluster_jobid: 56236546

Error executing rule hmmratac_peaks on cluster (jobid: 23, external: 56236546, jobscript: /work/users/s/e/seyoun/CQTL_AI/.snakemake/tmp.m11bv5w1/snakejob.hmmratac_peaks.23.sh). For error details see the cluster log and the log files of the involved rule(s).
[Fri Dec 20 13:49:29 2024]
Error in rule hmmratac_peaks:
    jobid: 28
    output: output/peaks/hmmratac/FACT_23-0023_FNF_synovium_1_accessible_regions.gappedPeak
    log: output/logs/hmmratac_FACT_23-0023_FNF_synovium_1.err (check log file(s) for error message)
    shell:
        
        module load python/3.9.6
        source /users/s/e/seyoun/tools/MACS3env/bin/activate

        mkdir -p output/peaks/hmmratac

        macs3 hmmratac             -i /work/users/s/e/seyoun/CQTL_AI/output/align/FACT_23-0023_FNF_synovium_1_RG.bam             -f BAMPE             --keep-duplicates             --minlen 100 \     # Minimum length for regulatory regions
            --save-states \     # Useful for analyzing chromatin states
            --binsize 50 \      # Smaller bins for better resolution
            -n FACT_23-0023_FNF_synovium_1             --outdir output/peaks/hmmratac 2> output/logs/hmmratac_FACT_23-0023_FNF_synovium_1.err
        
        (one of the commands exited with non-zero exit code; note that snakemake uses bash strict mode!)
    cluster_jobid: 56236547

Error executing rule hmmratac_peaks on cluster (jobid: 28, external: 56236547, jobscript: /work/users/s/e/seyoun/CQTL_AI/.snakemake/tmp.m11bv5w1/snakejob.hmmratac_peaks.28.sh). For error details see the cluster log and the log files of the involved rule(s).
[Fri Dec 20 13:49:30 2024]
Error in rule hmmratac_peaks:
    jobid: 26
    output: output/peaks/hmmratac/FACT_23-0022_FNF_synovium_1_accessible_regions.gappedPeak
    log: output/logs/hmmratac_FACT_23-0022_FNF_synovium_1.err (check log file(s) for error message)
    shell:
        
        module load python/3.9.6
        source /users/s/e/seyoun/tools/MACS3env/bin/activate

        mkdir -p output/peaks/hmmratac

        macs3 hmmratac             -i /work/users/s/e/seyoun/CQTL_AI/output/align/FACT_23-0022_FNF_synovium_1_RG.bam             -f BAMPE             --keep-duplicates             --minlen 100 \     # Minimum length for regulatory regions
            --save-states \     # Useful for analyzing chromatin states
            --binsize 50 \      # Smaller bins for better resolution
            -n FACT_23-0022_FNF_synovium_1             --outdir output/peaks/hmmratac 2> output/logs/hmmratac_FACT_23-0022_FNF_synovium_1.err
        
        (one of the commands exited with non-zero exit code; note that snakemake uses bash strict mode!)
    cluster_jobid: 56236548

Error executing rule hmmratac_peaks on cluster (jobid: 26, external: 56236548, jobscript: /work/users/s/e/seyoun/CQTL_AI/.snakemake/tmp.m11bv5w1/snakejob.hmmratac_peaks.26.sh). For error details see the cluster log and the log files of the involved rule(s).
[Fri Dec 20 13:49:31 2024]
Error in rule hmmratac_peaks:
    jobid: 27
    output: output/peaks/hmmratac/FACT_23-0023_CTL_synovium_1_accessible_regions.gappedPeak
    log: output/logs/hmmratac_FACT_23-0023_CTL_synovium_1.err (check log file(s) for error message)
    shell:
        
        module load python/3.9.6
        source /users/s/e/seyoun/tools/MACS3env/bin/activate

        mkdir -p output/peaks/hmmratac

        macs3 hmmratac             -i /work/users/s/e/seyoun/CQTL_AI/output/align/FACT_23-0023_CTL_synovium_1_RG.bam             -f BAMPE             --keep-duplicates             --minlen 100 \     # Minimum length for regulatory regions
            --save-states \     # Useful for analyzing chromatin states
            --binsize 50 \      # Smaller bins for better resolution
            -n FACT_23-0023_CTL_synovium_1             --outdir output/peaks/hmmratac 2> output/logs/hmmratac_FACT_23-0023_CTL_synovium_1.err
        
        (one of the commands exited with non-zero exit code; note that snakemake uses bash strict mode!)
    cluster_jobid: 56236549

Error executing rule hmmratac_peaks on cluster (jobid: 27, external: 56236549, jobscript: /work/users/s/e/seyoun/CQTL_AI/.snakemake/tmp.m11bv5w1/snakejob.hmmratac_peaks.27.sh). For error details see the cluster log and the log files of the involved rule(s).
[Fri Dec 20 13:49:32 2024]
Error in rule hmmratac_peaks:
    jobid: 21
    output: output/peaks/hmmratac/FACT_23-0013_CTL_synovium_1_accessible_regions.gappedPeak
    log: output/logs/hmmratac_FACT_23-0013_CTL_synovium_1.err (check log file(s) for error message)
    shell:
        
        module load python/3.9.6
        source /users/s/e/seyoun/tools/MACS3env/bin/activate

        mkdir -p output/peaks/hmmratac

        macs3 hmmratac             -i /work/users/s/e/seyoun/CQTL_AI/output/align/FACT_23-0013_CTL_synovium_1_RG.bam             -f BAMPE             --keep-duplicates             --minlen 100 \     # Minimum length for regulatory regions
            --save-states \     # Useful for analyzing chromatin states
            --binsize 50 \      # Smaller bins for better resolution
            -n FACT_23-0013_CTL_synovium_1             --outdir output/peaks/hmmratac 2> output/logs/hmmratac_FACT_23-0013_CTL_synovium_1.err
        
        (one of the commands exited with non-zero exit code; note that snakemake uses bash strict mode!)
    cluster_jobid: 56236550

Error executing rule hmmratac_peaks on cluster (jobid: 21, external: 56236550, jobscript: /work/users/s/e/seyoun/CQTL_AI/.snakemake/tmp.m11bv5w1/snakejob.hmmratac_peaks.21.sh). For error details see the cluster log and the log files of the involved rule(s).
[Fri Dec 20 13:49:34 2024]
Error in rule hmmratac_peaks:
    jobid: 24
    output: output/peaks/hmmratac/FACT_23-0016_FNF_synovium_1_accessible_regions.gappedPeak
    log: output/logs/hmmratac_FACT_23-0016_FNF_synovium_1.err (check log file(s) for error message)
    shell:
        
        module load python/3.9.6
        source /users/s/e/seyoun/tools/MACS3env/bin/activate

        mkdir -p output/peaks/hmmratac

        macs3 hmmratac             -i /work/users/s/e/seyoun/CQTL_AI/output/align/FACT_23-0016_FNF_synovium_1_RG.bam             -f BAMPE             --keep-duplicates             --minlen 100 \     # Minimum length for regulatory regions
            --save-states \     # Useful for analyzing chromatin states
            --binsize 50 \      # Smaller bins for better resolution
            -n FACT_23-0016_FNF_synovium_1             --outdir output/peaks/hmmratac 2> output/logs/hmmratac_FACT_23-0016_FNF_synovium_1.err
        
        (one of the commands exited with non-zero exit code; note that snakemake uses bash strict mode!)
    cluster_jobid: 56236552

Error executing rule hmmratac_peaks on cluster (jobid: 24, external: 56236552, jobscript: /work/users/s/e/seyoun/CQTL_AI/.snakemake/tmp.m11bv5w1/snakejob.hmmratac_peaks.24.sh). For error details see the cluster log and the log files of the involved rule(s).
Shutting down, this might take some time.
Exiting because a job execution failed. Look above for error message
Complete log: /work/users/s/e/seyoun/CQTL_AI/.snakemake/log/2024-12-20T134853.614728.snakemake.log
