Building DAG of jobs...
Using shell: /usr/bin/bash
Provided cluster nodes: 150
Job counts:
	count	jobs
	1	all
	10	hmmratac_peaks
	10	macs2_peaks
	10	macs3_peaks
	31

[Fri Dec 20 13:16:42 2024]
rule macs3_peaks:
    input: /work/users/s/e/seyoun/CQTL_AI/output/align/FACT_23-0025_FNF_synovium_1_RG.bam
    output: output/peaks/macs3/FACT_23-0025_FNF_synovium_1_peaks.narrowPeak
    log: output/logs/macs3_FACT_23-0025_FNF_synovium_1.err
    jobid: 20
    wildcards: sampleName=FACT_23-0025_FNF_synovium_1


        module load python/3.9.6
        source MACS3env/bin/activate

        mkdir -p output/peaks/macs3

        macs3 callpeak -t /work/users/s/e/seyoun/CQTL_AI/output/align/FACT_23-0025_FNF_synovium_1_RG.bam                 -f BAMPE                 -g hs                 --nomodel                 --shift -75                 --extsize 150                 --keep-dup all                 -q 0.01                 --call-summits                 -n FACT_23-0025_FNF_synovium_1                 --outdir output/peaks/macs3 2> output/logs/macs3_FACT_23-0025_FNF_synovium_1.err
        
Submitted job 20 with external jobid '56236268'.

[Fri Dec 20 13:16:43 2024]
rule hmmratac_peaks:
    input: /work/users/s/e/seyoun/CQTL_AI/output/align/FACT_23-0025_CTL_synovium_1_RG.bam
    output: output/peaks/hmmratac/FACT_23-0025_CTL_synovium_1_accessible_regions.gappedPeak
    log: output/logs/hmmratac_FACT_23-0025_CTL_synovium_1.err
    jobid: 29
    wildcards: sampleName=FACT_23-0025_CTL_synovium_1


        module load python/3.9.6
        source MACS3env/bin/activate

        mkdir -p output/peaks/hmmratac

        macs3 hmmratac             -b /work/users/s/e/seyoun/CQTL_AI/output/align/FACT_23-0025_CTL_synovium_1_RG.bam             -g hs             -q 0.01             --keep-dup all             -n FACT_23-0025_CTL_synovium_1             --outdir output/peaks/hmmratac 2> output/logs/hmmratac_FACT_23-0025_CTL_synovium_1.err
        
Submitted job 29 with external jobid '56236270'.

[Fri Dec 20 13:16:45 2024]
rule hmmratac_peaks:
    input: /work/users/s/e/seyoun/CQTL_AI/output/align/FACT_23-0023_FNF_synovium_1_RG.bam
    output: output/peaks/hmmratac/FACT_23-0023_FNF_synovium_1_accessible_regions.gappedPeak
    log: output/logs/hmmratac_FACT_23-0023_FNF_synovium_1.err
    jobid: 28
    wildcards: sampleName=FACT_23-0023_FNF_synovium_1


        module load python/3.9.6
        source MACS3env/bin/activate

        mkdir -p output/peaks/hmmratac

        macs3 hmmratac             -b /work/users/s/e/seyoun/CQTL_AI/output/align/FACT_23-0023_FNF_synovium_1_RG.bam             -g hs             -q 0.01             --keep-dup all             -n FACT_23-0023_FNF_synovium_1             --outdir output/peaks/hmmratac 2> output/logs/hmmratac_FACT_23-0023_FNF_synovium_1.err
        
Submitted job 28 with external jobid '56236271'.

[Fri Dec 20 13:16:46 2024]
rule macs2_peaks:
    input: /work/users/s/e/seyoun/CQTL_AI/output/align/FACT_23-0013_CTL_synovium_1_RG.bam
    output: output/peaks/macs2/FACT_23-0013_CTL_synovium_1_peaks.narrowPeak
    log: output/logs/macs2_FACT_23-0013_CTL_synovium_1.err
    jobid: 1
    wildcards: sampleName=FACT_23-0013_CTL_synovium_1


        module load python/3.9.6
        module load macs/2.2.9.1
        
        mkdir -p output/peaks/macs2

        macs2 callpeak -t /work/users/s/e/seyoun/CQTL_AI/output/align/FACT_23-0013_CTL_synovium_1_RG.bam             -f BAMPE             -g hs             --nomodel             --shift -75             --extsize 150             --keep-dup all             -p 0.01             --call-summits             -n FACT_23-0013_CTL_synovium_1             --outdir output/peaks/macs2 2> output/logs/macs2_FACT_23-0013_CTL_synovium_1.err
        
Submitted job 1 with external jobid '56236272'.

[Fri Dec 20 13:16:47 2024]
rule macs3_peaks:
    input: /work/users/s/e/seyoun/CQTL_AI/output/align/FACT_23-0022_FNF_synovium_1_RG.bam
    output: output/peaks/macs3/FACT_23-0022_FNF_synovium_1_peaks.narrowPeak
    log: output/logs/macs3_FACT_23-0022_FNF_synovium_1.err
    jobid: 16
    wildcards: sampleName=FACT_23-0022_FNF_synovium_1


        module load python/3.9.6
        source MACS3env/bin/activate

        mkdir -p output/peaks/macs3

        macs3 callpeak -t /work/users/s/e/seyoun/CQTL_AI/output/align/FACT_23-0022_FNF_synovium_1_RG.bam                 -f BAMPE                 -g hs                 --nomodel                 --shift -75                 --extsize 150                 --keep-dup all                 -q 0.01                 --call-summits                 -n FACT_23-0022_FNF_synovium_1                 --outdir output/peaks/macs3 2> output/logs/macs3_FACT_23-0022_FNF_synovium_1.err
        
Submitted job 16 with external jobid '56236273'.

[Fri Dec 20 13:16:48 2024]
rule hmmratac_peaks:
    input: /work/users/s/e/seyoun/CQTL_AI/output/align/FACT_23-0022_CTL_synovium_1_RG.bam
    output: output/peaks/hmmratac/FACT_23-0022_CTL_synovium_1_accessible_regions.gappedPeak
    log: output/logs/hmmratac_FACT_23-0022_CTL_synovium_1.err
    jobid: 25
    wildcards: sampleName=FACT_23-0022_CTL_synovium_1


        module load python/3.9.6
        source MACS3env/bin/activate

        mkdir -p output/peaks/hmmratac

        macs3 hmmratac             -b /work/users/s/e/seyoun/CQTL_AI/output/align/FACT_23-0022_CTL_synovium_1_RG.bam             -g hs             -q 0.01             --keep-dup all             -n FACT_23-0022_CTL_synovium_1             --outdir output/peaks/hmmratac 2> output/logs/hmmratac_FACT_23-0022_CTL_synovium_1.err
        
Submitted job 25 with external jobid '56236274'.

[Fri Dec 20 13:16:49 2024]
rule hmmratac_peaks:
    input: /work/users/s/e/seyoun/CQTL_AI/output/align/FACT_23-0023_CTL_synovium_1_RG.bam
    output: output/peaks/hmmratac/FACT_23-0023_CTL_synovium_1_accessible_regions.gappedPeak
    log: output/logs/hmmratac_FACT_23-0023_CTL_synovium_1.err
    jobid: 27
    wildcards: sampleName=FACT_23-0023_CTL_synovium_1


        module load python/3.9.6
        source MACS3env/bin/activate

        mkdir -p output/peaks/hmmratac

        macs3 hmmratac             -b /work/users/s/e/seyoun/CQTL_AI/output/align/FACT_23-0023_CTL_synovium_1_RG.bam             -g hs             -q 0.01             --keep-dup all             -n FACT_23-0023_CTL_synovium_1             --outdir output/peaks/hmmratac 2> output/logs/hmmratac_FACT_23-0023_CTL_synovium_1.err
        
Submitted job 27 with external jobid '56236275'.

[Fri Dec 20 13:16:50 2024]
rule macs3_peaks:
    input: /work/users/s/e/seyoun/CQTL_AI/output/align/FACT_23-0013_FNF_synovium_1_RG.bam
    output: output/peaks/macs3/FACT_23-0013_FNF_synovium_1_peaks.narrowPeak
    log: output/logs/macs3_FACT_23-0013_FNF_synovium_1.err
    jobid: 12
    wildcards: sampleName=FACT_23-0013_FNF_synovium_1


        module load python/3.9.6
        source MACS3env/bin/activate

        mkdir -p output/peaks/macs3

        macs3 callpeak -t /work/users/s/e/seyoun/CQTL_AI/output/align/FACT_23-0013_FNF_synovium_1_RG.bam                 -f BAMPE                 -g hs                 --nomodel                 --shift -75                 --extsize 150                 --keep-dup all                 -q 0.01                 --call-summits                 -n FACT_23-0013_FNF_synovium_1                 --outdir output/peaks/macs3 2> output/logs/macs3_FACT_23-0013_FNF_synovium_1.err
        
Submitted job 12 with external jobid '56236276'.

[Fri Dec 20 13:16:51 2024]
rule hmmratac_peaks:
    input: /work/users/s/e/seyoun/CQTL_AI/output/align/FACT_23-0016_FNF_synovium_1_RG.bam
    output: output/peaks/hmmratac/FACT_23-0016_FNF_synovium_1_accessible_regions.gappedPeak
    log: output/logs/hmmratac_FACT_23-0016_FNF_synovium_1.err
    jobid: 24
    wildcards: sampleName=FACT_23-0016_FNF_synovium_1


        module load python/3.9.6
        source MACS3env/bin/activate

        mkdir -p output/peaks/hmmratac

        macs3 hmmratac             -b /work/users/s/e/seyoun/CQTL_AI/output/align/FACT_23-0016_FNF_synovium_1_RG.bam             -g hs             -q 0.01             --keep-dup all             -n FACT_23-0016_FNF_synovium_1             --outdir output/peaks/hmmratac 2> output/logs/hmmratac_FACT_23-0016_FNF_synovium_1.err
        
Submitted job 24 with external jobid '56236277'.
[Fri Dec 20 13:16:52 2024]
Error in rule macs3_peaks:
    jobid: 20
    output: output/peaks/macs3/FACT_23-0025_FNF_synovium_1_peaks.narrowPeak
    log: output/logs/macs3_FACT_23-0025_FNF_synovium_1.err (check log file(s) for error message)
    shell:
        
        module load python/3.9.6
        source MACS3env/bin/activate

        mkdir -p output/peaks/macs3

        macs3 callpeak -t /work/users/s/e/seyoun/CQTL_AI/output/align/FACT_23-0025_FNF_synovium_1_RG.bam                 -f BAMPE                 -g hs                 --nomodel                 --shift -75                 --extsize 150                 --keep-dup all                 -q 0.01                 --call-summits                 -n FACT_23-0025_FNF_synovium_1                 --outdir output/peaks/macs3 2> output/logs/macs3_FACT_23-0025_FNF_synovium_1.err
        
        (one of the commands exited with non-zero exit code; note that snakemake uses bash strict mode!)
    cluster_jobid: 56236268

Error executing rule macs3_peaks on cluster (jobid: 20, external: 56236268, jobscript: /work/users/s/e/seyoun/CQTL_AI/.snakemake/tmp.q6f2npvk/snakejob.macs3_peaks.20.sh). For error details see the cluster log and the log files of the involved rule(s).

[Fri Dec 20 13:16:52 2024]
rule hmmratac_peaks:
    input: /work/users/s/e/seyoun/CQTL_AI/output/align/FACT_23-0013_CTL_synovium_1_RG.bam
    output: output/peaks/hmmratac/FACT_23-0013_CTL_synovium_1_accessible_regions.gappedPeak
    log: output/logs/hmmratac_FACT_23-0013_CTL_synovium_1.err
    jobid: 21
    wildcards: sampleName=FACT_23-0013_CTL_synovium_1


        module load python/3.9.6
        source MACS3env/bin/activate

        mkdir -p output/peaks/hmmratac

        macs3 hmmratac             -b /work/users/s/e/seyoun/CQTL_AI/output/align/FACT_23-0013_CTL_synovium_1_RG.bam             -g hs             -q 0.01             --keep-dup all             -n FACT_23-0013_CTL_synovium_1             --outdir output/peaks/hmmratac 2> output/logs/hmmratac_FACT_23-0013_CTL_synovium_1.err
        
Submitted job 21 with external jobid '56236278'.

[Fri Dec 20 13:16:53 2024]
rule macs2_peaks:
    input: /work/users/s/e/seyoun/CQTL_AI/output/align/FACT_23-0022_CTL_synovium_1_RG.bam
    output: output/peaks/macs2/FACT_23-0022_CTL_synovium_1_peaks.narrowPeak
    log: output/logs/macs2_FACT_23-0022_CTL_synovium_1.err
    jobid: 5
    wildcards: sampleName=FACT_23-0022_CTL_synovium_1


        module load python/3.9.6
        module load macs/2.2.9.1
        
        mkdir -p output/peaks/macs2

        macs2 callpeak -t /work/users/s/e/seyoun/CQTL_AI/output/align/FACT_23-0022_CTL_synovium_1_RG.bam             -f BAMPE             -g hs             --nomodel             --shift -75             --extsize 150             --keep-dup all             -p 0.01             --call-summits             -n FACT_23-0022_CTL_synovium_1             --outdir output/peaks/macs2 2> output/logs/macs2_FACT_23-0022_CTL_synovium_1.err
        
Submitted job 5 with external jobid '56236279'.

[Fri Dec 20 13:16:54 2024]
rule macs2_peaks:
    input: /work/users/s/e/seyoun/CQTL_AI/output/align/FACT_23-0023_CTL_synovium_1_RG.bam
    output: output/peaks/macs2/FACT_23-0023_CTL_synovium_1_peaks.narrowPeak
    log: output/logs/macs2_FACT_23-0023_CTL_synovium_1.err
    jobid: 7
    wildcards: sampleName=FACT_23-0023_CTL_synovium_1


        module load python/3.9.6
        module load macs/2.2.9.1
        
        mkdir -p output/peaks/macs2

        macs2 callpeak -t /work/users/s/e/seyoun/CQTL_AI/output/align/FACT_23-0023_CTL_synovium_1_RG.bam             -f BAMPE             -g hs             --nomodel             --shift -75             --extsize 150             --keep-dup all             -p 0.01             --call-summits             -n FACT_23-0023_CTL_synovium_1             --outdir output/peaks/macs2 2> output/logs/macs2_FACT_23-0023_CTL_synovium_1.err
        
Submitted job 7 with external jobid '56236281'.

[Fri Dec 20 13:16:56 2024]
rule macs3_peaks:
    input: /work/users/s/e/seyoun/CQTL_AI/output/align/FACT_23-0016_CTL_synovium_1_RG.bam
    output: output/peaks/macs3/FACT_23-0016_CTL_synovium_1_peaks.narrowPeak
    log: output/logs/macs3_FACT_23-0016_CTL_synovium_1.err
    jobid: 13
    wildcards: sampleName=FACT_23-0016_CTL_synovium_1


        module load python/3.9.6
        source MACS3env/bin/activate

        mkdir -p output/peaks/macs3

        macs3 callpeak -t /work/users/s/e/seyoun/CQTL_AI/output/align/FACT_23-0016_CTL_synovium_1_RG.bam                 -f BAMPE                 -g hs                 --nomodel                 --shift -75                 --extsize 150                 --keep-dup all                 -q 0.01                 --call-summits                 -n FACT_23-0016_CTL_synovium_1                 --outdir output/peaks/macs3 2> output/logs/macs3_FACT_23-0016_CTL_synovium_1.err
        
Submitted job 13 with external jobid '56236282'.

[Fri Dec 20 13:16:57 2024]
rule macs3_peaks:
    input: /work/users/s/e/seyoun/CQTL_AI/output/align/FACT_23-0016_FNF_synovium_1_RG.bam
    output: output/peaks/macs3/FACT_23-0016_FNF_synovium_1_peaks.narrowPeak
    log: output/logs/macs3_FACT_23-0016_FNF_synovium_1.err
    jobid: 14
    wildcards: sampleName=FACT_23-0016_FNF_synovium_1


        module load python/3.9.6
        source MACS3env/bin/activate

        mkdir -p output/peaks/macs3

        macs3 callpeak -t /work/users/s/e/seyoun/CQTL_AI/output/align/FACT_23-0016_FNF_synovium_1_RG.bam                 -f BAMPE                 -g hs                 --nomodel                 --shift -75                 --extsize 150                 --keep-dup all                 -q 0.01                 --call-summits                 -n FACT_23-0016_FNF_synovium_1                 --outdir output/peaks/macs3 2> output/logs/macs3_FACT_23-0016_FNF_synovium_1.err
        
Submitted job 14 with external jobid '56236284'.

[Fri Dec 20 13:16:58 2024]
rule macs2_peaks:
    input: /work/users/s/e/seyoun/CQTL_AI/output/align/FACT_23-0023_FNF_synovium_1_RG.bam
    output: output/peaks/macs2/FACT_23-0023_FNF_synovium_1_peaks.narrowPeak
    log: output/logs/macs2_FACT_23-0023_FNF_synovium_1.err
    jobid: 8
    wildcards: sampleName=FACT_23-0023_FNF_synovium_1


        module load python/3.9.6
        module load macs/2.2.9.1
        
        mkdir -p output/peaks/macs2

        macs2 callpeak -t /work/users/s/e/seyoun/CQTL_AI/output/align/FACT_23-0023_FNF_synovium_1_RG.bam             -f BAMPE             -g hs             --nomodel             --shift -75             --extsize 150             --keep-dup all             -p 0.01             --call-summits             -n FACT_23-0023_FNF_synovium_1             --outdir output/peaks/macs2 2> output/logs/macs2_FACT_23-0023_FNF_synovium_1.err
        
Submitted job 8 with external jobid '56236285'.

[Fri Dec 20 13:16:59 2024]
rule macs2_peaks:
    input: /work/users/s/e/seyoun/CQTL_AI/output/align/FACT_23-0025_CTL_synovium_1_RG.bam
    output: output/peaks/macs2/FACT_23-0025_CTL_synovium_1_peaks.narrowPeak
    log: output/logs/macs2_FACT_23-0025_CTL_synovium_1.err
    jobid: 9
    wildcards: sampleName=FACT_23-0025_CTL_synovium_1


        module load python/3.9.6
        module load macs/2.2.9.1
        
        mkdir -p output/peaks/macs2

        macs2 callpeak -t /work/users/s/e/seyoun/CQTL_AI/output/align/FACT_23-0025_CTL_synovium_1_RG.bam             -f BAMPE             -g hs             --nomodel             --shift -75             --extsize 150             --keep-dup all             -p 0.01             --call-summits             -n FACT_23-0025_CTL_synovium_1             --outdir output/peaks/macs2 2> output/logs/macs2_FACT_23-0025_CTL_synovium_1.err
        
Submitted job 9 with external jobid '56236286'.

[Fri Dec 20 13:17:00 2024]
rule macs2_peaks:
    input: /work/users/s/e/seyoun/CQTL_AI/output/align/FACT_23-0016_CTL_synovium_1_RG.bam
    output: output/peaks/macs2/FACT_23-0016_CTL_synovium_1_peaks.narrowPeak
    log: output/logs/macs2_FACT_23-0016_CTL_synovium_1.err
    jobid: 3
    wildcards: sampleName=FACT_23-0016_CTL_synovium_1


        module load python/3.9.6
        module load macs/2.2.9.1
        
        mkdir -p output/peaks/macs2

        macs2 callpeak -t /work/users/s/e/seyoun/CQTL_AI/output/align/FACT_23-0016_CTL_synovium_1_RG.bam             -f BAMPE             -g hs             --nomodel             --shift -75             --extsize 150             --keep-dup all             -p 0.01             --call-summits             -n FACT_23-0016_CTL_synovium_1             --outdir output/peaks/macs2 2> output/logs/macs2_FACT_23-0016_CTL_synovium_1.err
        
Submitted job 3 with external jobid '56236288'.

[Fri Dec 20 13:17:01 2024]
rule macs3_peaks:
    input: /work/users/s/e/seyoun/CQTL_AI/output/align/FACT_23-0025_CTL_synovium_1_RG.bam
    output: output/peaks/macs3/FACT_23-0025_CTL_synovium_1_peaks.narrowPeak
    log: output/logs/macs3_FACT_23-0025_CTL_synovium_1.err
    jobid: 19
    wildcards: sampleName=FACT_23-0025_CTL_synovium_1


        module load python/3.9.6
        source MACS3env/bin/activate

        mkdir -p output/peaks/macs3

        macs3 callpeak -t /work/users/s/e/seyoun/CQTL_AI/output/align/FACT_23-0025_CTL_synovium_1_RG.bam                 -f BAMPE                 -g hs                 --nomodel                 --shift -75                 --extsize 150                 --keep-dup all                 -q 0.01                 --call-summits                 -n FACT_23-0025_CTL_synovium_1                 --outdir output/peaks/macs3 2> output/logs/macs3_FACT_23-0025_CTL_synovium_1.err
        
Submitted job 19 with external jobid '56236289'.

[Fri Dec 20 13:17:02 2024]
rule macs3_peaks:
    input: /work/users/s/e/seyoun/CQTL_AI/output/align/FACT_23-0023_FNF_synovium_1_RG.bam
    output: output/peaks/macs3/FACT_23-0023_FNF_synovium_1_peaks.narrowPeak
    log: output/logs/macs3_FACT_23-0023_FNF_synovium_1.err
    jobid: 18
    wildcards: sampleName=FACT_23-0023_FNF_synovium_1


        module load python/3.9.6
        source MACS3env/bin/activate

        mkdir -p output/peaks/macs3

        macs3 callpeak -t /work/users/s/e/seyoun/CQTL_AI/output/align/FACT_23-0023_FNF_synovium_1_RG.bam                 -f BAMPE                 -g hs                 --nomodel                 --shift -75                 --extsize 150                 --keep-dup all                 -q 0.01                 --call-summits                 -n FACT_23-0023_FNF_synovium_1                 --outdir output/peaks/macs3 2> output/logs/macs3_FACT_23-0023_FNF_synovium_1.err
        
Submitted job 18 with external jobid '56236291'.

[Fri Dec 20 13:17:03 2024]
rule macs2_peaks:
    input: /work/users/s/e/seyoun/CQTL_AI/output/align/FACT_23-0016_FNF_synovium_1_RG.bam
    output: output/peaks/macs2/FACT_23-0016_FNF_synovium_1_peaks.narrowPeak
    log: output/logs/macs2_FACT_23-0016_FNF_synovium_1.err
    jobid: 4
    wildcards: sampleName=FACT_23-0016_FNF_synovium_1


        module load python/3.9.6
        module load macs/2.2.9.1
        
        mkdir -p output/peaks/macs2

        macs2 callpeak -t /work/users/s/e/seyoun/CQTL_AI/output/align/FACT_23-0016_FNF_synovium_1_RG.bam             -f BAMPE             -g hs             --nomodel             --shift -75             --extsize 150             --keep-dup all             -p 0.01             --call-summits             -n FACT_23-0016_FNF_synovium_1             --outdir output/peaks/macs2 2> output/logs/macs2_FACT_23-0016_FNF_synovium_1.err
        
Submitted job 4 with external jobid '56236292'.

[Fri Dec 20 13:17:04 2024]
rule hmmratac_peaks:
    input: /work/users/s/e/seyoun/CQTL_AI/output/align/FACT_23-0025_FNF_synovium_1_RG.bam
    output: output/peaks/hmmratac/FACT_23-0025_FNF_synovium_1_accessible_regions.gappedPeak
    log: output/logs/hmmratac_FACT_23-0025_FNF_synovium_1.err
    jobid: 30
    wildcards: sampleName=FACT_23-0025_FNF_synovium_1


        module load python/3.9.6
        source MACS3env/bin/activate

        mkdir -p output/peaks/hmmratac

        macs3 hmmratac             -b /work/users/s/e/seyoun/CQTL_AI/output/align/FACT_23-0025_FNF_synovium_1_RG.bam             -g hs             -q 0.01             --keep-dup all             -n FACT_23-0025_FNF_synovium_1             --outdir output/peaks/hmmratac 2> output/logs/hmmratac_FACT_23-0025_FNF_synovium_1.err
        
Submitted job 30 with external jobid '56236293'.

[Fri Dec 20 13:17:05 2024]
rule hmmratac_peaks:
    input: /work/users/s/e/seyoun/CQTL_AI/output/align/FACT_23-0022_FNF_synovium_1_RG.bam
    output: output/peaks/hmmratac/FACT_23-0022_FNF_synovium_1_accessible_regions.gappedPeak
    log: output/logs/hmmratac_FACT_23-0022_FNF_synovium_1.err
    jobid: 26
    wildcards: sampleName=FACT_23-0022_FNF_synovium_1


        module load python/3.9.6
        source MACS3env/bin/activate

        mkdir -p output/peaks/hmmratac

        macs3 hmmratac             -b /work/users/s/e/seyoun/CQTL_AI/output/align/FACT_23-0022_FNF_synovium_1_RG.bam             -g hs             -q 0.01             --keep-dup all             -n FACT_23-0022_FNF_synovium_1             --outdir output/peaks/hmmratac 2> output/logs/hmmratac_FACT_23-0022_FNF_synovium_1.err
        
Submitted job 26 with external jobid '56236294'.

[Fri Dec 20 13:17:06 2024]
rule macs3_peaks:
    input: /work/users/s/e/seyoun/CQTL_AI/output/align/FACT_23-0022_CTL_synovium_1_RG.bam
    output: output/peaks/macs3/FACT_23-0022_CTL_synovium_1_peaks.narrowPeak
    log: output/logs/macs3_FACT_23-0022_CTL_synovium_1.err
    jobid: 15
    wildcards: sampleName=FACT_23-0022_CTL_synovium_1


        module load python/3.9.6
        source MACS3env/bin/activate

        mkdir -p output/peaks/macs3

        macs3 callpeak -t /work/users/s/e/seyoun/CQTL_AI/output/align/FACT_23-0022_CTL_synovium_1_RG.bam                 -f BAMPE                 -g hs                 --nomodel                 --shift -75                 --extsize 150                 --keep-dup all                 -q 0.01                 --call-summits                 -n FACT_23-0022_CTL_synovium_1                 --outdir output/peaks/macs3 2> output/logs/macs3_FACT_23-0022_CTL_synovium_1.err
        
Submitted job 15 with external jobid '56236296'.

[Fri Dec 20 13:17:07 2024]
rule macs2_peaks:
    input: /work/users/s/e/seyoun/CQTL_AI/output/align/FACT_23-0013_FNF_synovium_1_RG.bam
    output: output/peaks/macs2/FACT_23-0013_FNF_synovium_1_peaks.narrowPeak
    log: output/logs/macs2_FACT_23-0013_FNF_synovium_1.err
    jobid: 2
    wildcards: sampleName=FACT_23-0013_FNF_synovium_1


        module load python/3.9.6
        module load macs/2.2.9.1
        
        mkdir -p output/peaks/macs2

        macs2 callpeak -t /work/users/s/e/seyoun/CQTL_AI/output/align/FACT_23-0013_FNF_synovium_1_RG.bam             -f BAMPE             -g hs             --nomodel             --shift -75             --extsize 150             --keep-dup all             -p 0.01             --call-summits             -n FACT_23-0013_FNF_synovium_1             --outdir output/peaks/macs2 2> output/logs/macs2_FACT_23-0013_FNF_synovium_1.err
        
Submitted job 2 with external jobid '56236297'.

[Fri Dec 20 13:17:08 2024]
rule macs3_peaks:
    input: /work/users/s/e/seyoun/CQTL_AI/output/align/FACT_23-0023_CTL_synovium_1_RG.bam
    output: output/peaks/macs3/FACT_23-0023_CTL_synovium_1_peaks.narrowPeak
    log: output/logs/macs3_FACT_23-0023_CTL_synovium_1.err
    jobid: 17
    wildcards: sampleName=FACT_23-0023_CTL_synovium_1


        module load python/3.9.6
        source MACS3env/bin/activate

        mkdir -p output/peaks/macs3

        macs3 callpeak -t /work/users/s/e/seyoun/CQTL_AI/output/align/FACT_23-0023_CTL_synovium_1_RG.bam                 -f BAMPE                 -g hs                 --nomodel                 --shift -75                 --extsize 150                 --keep-dup all                 -q 0.01                 --call-summits                 -n FACT_23-0023_CTL_synovium_1                 --outdir output/peaks/macs3 2> output/logs/macs3_FACT_23-0023_CTL_synovium_1.err
        
Submitted job 17 with external jobid '56236298'.

[Fri Dec 20 13:17:09 2024]
rule macs2_peaks:
    input: /work/users/s/e/seyoun/CQTL_AI/output/align/FACT_23-0022_FNF_synovium_1_RG.bam
    output: output/peaks/macs2/FACT_23-0022_FNF_synovium_1_peaks.narrowPeak
    log: output/logs/macs2_FACT_23-0022_FNF_synovium_1.err
    jobid: 6
    wildcards: sampleName=FACT_23-0022_FNF_synovium_1


        module load python/3.9.6
        module load macs/2.2.9.1
        
        mkdir -p output/peaks/macs2

        macs2 callpeak -t /work/users/s/e/seyoun/CQTL_AI/output/align/FACT_23-0022_FNF_synovium_1_RG.bam             -f BAMPE             -g hs             --nomodel             --shift -75             --extsize 150             --keep-dup all             -p 0.01             --call-summits             -n FACT_23-0022_FNF_synovium_1             --outdir output/peaks/macs2 2> output/logs/macs2_FACT_23-0022_FNF_synovium_1.err
        
Submitted job 6 with external jobid '56236300'.

[Fri Dec 20 13:17:10 2024]
rule hmmratac_peaks:
    input: /work/users/s/e/seyoun/CQTL_AI/output/align/FACT_23-0013_FNF_synovium_1_RG.bam
    output: output/peaks/hmmratac/FACT_23-0013_FNF_synovium_1_accessible_regions.gappedPeak
    log: output/logs/hmmratac_FACT_23-0013_FNF_synovium_1.err
    jobid: 22
    wildcards: sampleName=FACT_23-0013_FNF_synovium_1


        module load python/3.9.6
        source MACS3env/bin/activate

        mkdir -p output/peaks/hmmratac

        macs3 hmmratac             -b /work/users/s/e/seyoun/CQTL_AI/output/align/FACT_23-0013_FNF_synovium_1_RG.bam             -g hs             -q 0.01             --keep-dup all             -n FACT_23-0013_FNF_synovium_1             --outdir output/peaks/hmmratac 2> output/logs/hmmratac_FACT_23-0013_FNF_synovium_1.err
        
Submitted job 22 with external jobid '56236301'.

[Fri Dec 20 13:17:11 2024]
rule macs3_peaks:
    input: /work/users/s/e/seyoun/CQTL_AI/output/align/FACT_23-0013_CTL_synovium_1_RG.bam
    output: output/peaks/macs3/FACT_23-0013_CTL_synovium_1_peaks.narrowPeak
    log: output/logs/macs3_FACT_23-0013_CTL_synovium_1.err
    jobid: 11
    wildcards: sampleName=FACT_23-0013_CTL_synovium_1


        module load python/3.9.6
        source MACS3env/bin/activate

        mkdir -p output/peaks/macs3

        macs3 callpeak -t /work/users/s/e/seyoun/CQTL_AI/output/align/FACT_23-0013_CTL_synovium_1_RG.bam                 -f BAMPE                 -g hs                 --nomodel                 --shift -75                 --extsize 150                 --keep-dup all                 -q 0.01                 --call-summits                 -n FACT_23-0013_CTL_synovium_1                 --outdir output/peaks/macs3 2> output/logs/macs3_FACT_23-0013_CTL_synovium_1.err
        
Submitted job 11 with external jobid '56236302'.
[Fri Dec 20 13:17:12 2024]
Error in rule hmmratac_peaks:
    jobid: 21
    output: output/peaks/hmmratac/FACT_23-0013_CTL_synovium_1_accessible_regions.gappedPeak
    log: output/logs/hmmratac_FACT_23-0013_CTL_synovium_1.err (check log file(s) for error message)
    shell:
        
        module load python/3.9.6
        source MACS3env/bin/activate

        mkdir -p output/peaks/hmmratac

        macs3 hmmratac             -b /work/users/s/e/seyoun/CQTL_AI/output/align/FACT_23-0013_CTL_synovium_1_RG.bam             -g hs             -q 0.01             --keep-dup all             -n FACT_23-0013_CTL_synovium_1             --outdir output/peaks/hmmratac 2> output/logs/hmmratac_FACT_23-0013_CTL_synovium_1.err
        
        (one of the commands exited with non-zero exit code; note that snakemake uses bash strict mode!)
    cluster_jobid: 56236278

Error executing rule hmmratac_peaks on cluster (jobid: 21, external: 56236278, jobscript: /work/users/s/e/seyoun/CQTL_AI/.snakemake/tmp.q6f2npvk/snakejob.hmmratac_peaks.21.sh). For error details see the cluster log and the log files of the involved rule(s).

[Fri Dec 20 13:17:13 2024]
rule hmmratac_peaks:
    input: /work/users/s/e/seyoun/CQTL_AI/output/align/FACT_23-0016_CTL_synovium_1_RG.bam
    output: output/peaks/hmmratac/FACT_23-0016_CTL_synovium_1_accessible_regions.gappedPeak
    log: output/logs/hmmratac_FACT_23-0016_CTL_synovium_1.err
    jobid: 23
    wildcards: sampleName=FACT_23-0016_CTL_synovium_1


        module load python/3.9.6
        source MACS3env/bin/activate

        mkdir -p output/peaks/hmmratac

        macs3 hmmratac             -b /work/users/s/e/seyoun/CQTL_AI/output/align/FACT_23-0016_CTL_synovium_1_RG.bam             -g hs             -q 0.01             --keep-dup all             -n FACT_23-0016_CTL_synovium_1             --outdir output/peaks/hmmratac 2> output/logs/hmmratac_FACT_23-0016_CTL_synovium_1.err
        
Submitted job 23 with external jobid '56236304'.

[Fri Dec 20 13:17:14 2024]
rule macs2_peaks:
    input: /work/users/s/e/seyoun/CQTL_AI/output/align/FACT_23-0025_FNF_synovium_1_RG.bam
    output: output/peaks/macs2/FACT_23-0025_FNF_synovium_1_peaks.narrowPeak
    log: output/logs/macs2_FACT_23-0025_FNF_synovium_1.err
    jobid: 10
    wildcards: sampleName=FACT_23-0025_FNF_synovium_1


        module load python/3.9.6
        module load macs/2.2.9.1
        
        mkdir -p output/peaks/macs2

        macs2 callpeak -t /work/users/s/e/seyoun/CQTL_AI/output/align/FACT_23-0025_FNF_synovium_1_RG.bam             -f BAMPE             -g hs             --nomodel             --shift -75             --extsize 150             --keep-dup all             -p 0.01             --call-summits             -n FACT_23-0025_FNF_synovium_1             --outdir output/peaks/macs2 2> output/logs/macs2_FACT_23-0025_FNF_synovium_1.err
        
Submitted job 10 with external jobid '56236305'.
[Fri Dec 20 13:17:15 2024]
Error in rule macs3_peaks:
    jobid: 13
    output: output/peaks/macs3/FACT_23-0016_CTL_synovium_1_peaks.narrowPeak
    log: output/logs/macs3_FACT_23-0016_CTL_synovium_1.err (check log file(s) for error message)
    shell:
        
        module load python/3.9.6
        source MACS3env/bin/activate

        mkdir -p output/peaks/macs3

        macs3 callpeak -t /work/users/s/e/seyoun/CQTL_AI/output/align/FACT_23-0016_CTL_synovium_1_RG.bam                 -f BAMPE                 -g hs                 --nomodel                 --shift -75                 --extsize 150                 --keep-dup all                 -q 0.01                 --call-summits                 -n FACT_23-0016_CTL_synovium_1                 --outdir output/peaks/macs3 2> output/logs/macs3_FACT_23-0016_CTL_synovium_1.err
        
        (one of the commands exited with non-zero exit code; note that snakemake uses bash strict mode!)
    cluster_jobid: 56236282

Error executing rule macs3_peaks on cluster (jobid: 13, external: 56236282, jobscript: /work/users/s/e/seyoun/CQTL_AI/.snakemake/tmp.q6f2npvk/snakejob.macs3_peaks.13.sh). For error details see the cluster log and the log files of the involved rule(s).
[Fri Dec 20 13:17:20 2024]
Error in rule hmmratac_peaks:
    jobid: 29
    output: output/peaks/hmmratac/FACT_23-0025_CTL_synovium_1_accessible_regions.gappedPeak
    log: output/logs/hmmratac_FACT_23-0025_CTL_synovium_1.err (check log file(s) for error message)
    shell:
        
        module load python/3.9.6
        source MACS3env/bin/activate

        mkdir -p output/peaks/hmmratac

        macs3 hmmratac             -b /work/users/s/e/seyoun/CQTL_AI/output/align/FACT_23-0025_CTL_synovium_1_RG.bam             -g hs             -q 0.01             --keep-dup all             -n FACT_23-0025_CTL_synovium_1             --outdir output/peaks/hmmratac 2> output/logs/hmmratac_FACT_23-0025_CTL_synovium_1.err
        
        (one of the commands exited with non-zero exit code; note that snakemake uses bash strict mode!)
    cluster_jobid: 56236270

Error executing rule hmmratac_peaks on cluster (jobid: 29, external: 56236270, jobscript: /work/users/s/e/seyoun/CQTL_AI/.snakemake/tmp.q6f2npvk/snakejob.hmmratac_peaks.29.sh). For error details see the cluster log and the log files of the involved rule(s).
[Fri Dec 20 13:17:21 2024]
Error in rule hmmratac_peaks:
    jobid: 28
    output: output/peaks/hmmratac/FACT_23-0023_FNF_synovium_1_accessible_regions.gappedPeak
    log: output/logs/hmmratac_FACT_23-0023_FNF_synovium_1.err (check log file(s) for error message)
    shell:
        
        module load python/3.9.6
        source MACS3env/bin/activate

        mkdir -p output/peaks/hmmratac

        macs3 hmmratac             -b /work/users/s/e/seyoun/CQTL_AI/output/align/FACT_23-0023_FNF_synovium_1_RG.bam             -g hs             -q 0.01             --keep-dup all             -n FACT_23-0023_FNF_synovium_1             --outdir output/peaks/hmmratac 2> output/logs/hmmratac_FACT_23-0023_FNF_synovium_1.err
        
        (one of the commands exited with non-zero exit code; note that snakemake uses bash strict mode!)
    cluster_jobid: 56236271

Error executing rule hmmratac_peaks on cluster (jobid: 28, external: 56236271, jobscript: /work/users/s/e/seyoun/CQTL_AI/.snakemake/tmp.q6f2npvk/snakejob.hmmratac_peaks.28.sh). For error details see the cluster log and the log files of the involved rule(s).
[Fri Dec 20 13:17:24 2024]
Error in rule macs3_peaks:
    jobid: 16
    output: output/peaks/macs3/FACT_23-0022_FNF_synovium_1_peaks.narrowPeak
    log: output/logs/macs3_FACT_23-0022_FNF_synovium_1.err (check log file(s) for error message)
    shell:
        
        module load python/3.9.6
        source MACS3env/bin/activate

        mkdir -p output/peaks/macs3

        macs3 callpeak -t /work/users/s/e/seyoun/CQTL_AI/output/align/FACT_23-0022_FNF_synovium_1_RG.bam                 -f BAMPE                 -g hs                 --nomodel                 --shift -75                 --extsize 150                 --keep-dup all                 -q 0.01                 --call-summits                 -n FACT_23-0022_FNF_synovium_1                 --outdir output/peaks/macs3 2> output/logs/macs3_FACT_23-0022_FNF_synovium_1.err
        
        (one of the commands exited with non-zero exit code; note that snakemake uses bash strict mode!)
    cluster_jobid: 56236273

Error executing rule macs3_peaks on cluster (jobid: 16, external: 56236273, jobscript: /work/users/s/e/seyoun/CQTL_AI/.snakemake/tmp.q6f2npvk/snakejob.macs3_peaks.16.sh). For error details see the cluster log and the log files of the involved rule(s).
[Fri Dec 20 13:17:25 2024]
Error in rule hmmratac_peaks:
    jobid: 25
    output: output/peaks/hmmratac/FACT_23-0022_CTL_synovium_1_accessible_regions.gappedPeak
    log: output/logs/hmmratac_FACT_23-0022_CTL_synovium_1.err (check log file(s) for error message)
    shell:
        
        module load python/3.9.6
        source MACS3env/bin/activate

        mkdir -p output/peaks/hmmratac

        macs3 hmmratac             -b /work/users/s/e/seyoun/CQTL_AI/output/align/FACT_23-0022_CTL_synovium_1_RG.bam             -g hs             -q 0.01             --keep-dup all             -n FACT_23-0022_CTL_synovium_1             --outdir output/peaks/hmmratac 2> output/logs/hmmratac_FACT_23-0022_CTL_synovium_1.err
        
        (one of the commands exited with non-zero exit code; note that snakemake uses bash strict mode!)
    cluster_jobid: 56236274

Error executing rule hmmratac_peaks on cluster (jobid: 25, external: 56236274, jobscript: /work/users/s/e/seyoun/CQTL_AI/.snakemake/tmp.q6f2npvk/snakejob.hmmratac_peaks.25.sh). For error details see the cluster log and the log files of the involved rule(s).
[Fri Dec 20 13:17:26 2024]
Error in rule hmmratac_peaks:
    jobid: 27
    output: output/peaks/hmmratac/FACT_23-0023_CTL_synovium_1_accessible_regions.gappedPeak
    log: output/logs/hmmratac_FACT_23-0023_CTL_synovium_1.err (check log file(s) for error message)
    shell:
        
        module load python/3.9.6
        source MACS3env/bin/activate

        mkdir -p output/peaks/hmmratac

        macs3 hmmratac             -b /work/users/s/e/seyoun/CQTL_AI/output/align/FACT_23-0023_CTL_synovium_1_RG.bam             -g hs             -q 0.01             --keep-dup all             -n FACT_23-0023_CTL_synovium_1             --outdir output/peaks/hmmratac 2> output/logs/hmmratac_FACT_23-0023_CTL_synovium_1.err
        
        (one of the commands exited with non-zero exit code; note that snakemake uses bash strict mode!)
    cluster_jobid: 56236275

Error executing rule hmmratac_peaks on cluster (jobid: 27, external: 56236275, jobscript: /work/users/s/e/seyoun/CQTL_AI/.snakemake/tmp.q6f2npvk/snakejob.hmmratac_peaks.27.sh). For error details see the cluster log and the log files of the involved rule(s).
[Fri Dec 20 13:17:27 2024]
Error in rule macs3_peaks:
    jobid: 12
    output: output/peaks/macs3/FACT_23-0013_FNF_synovium_1_peaks.narrowPeak
    log: output/logs/macs3_FACT_23-0013_FNF_synovium_1.err (check log file(s) for error message)
    shell:
        
        module load python/3.9.6
        source MACS3env/bin/activate

        mkdir -p output/peaks/macs3

        macs3 callpeak -t /work/users/s/e/seyoun/CQTL_AI/output/align/FACT_23-0013_FNF_synovium_1_RG.bam                 -f BAMPE                 -g hs                 --nomodel                 --shift -75                 --extsize 150                 --keep-dup all                 -q 0.01                 --call-summits                 -n FACT_23-0013_FNF_synovium_1                 --outdir output/peaks/macs3 2> output/logs/macs3_FACT_23-0013_FNF_synovium_1.err
        
        (one of the commands exited with non-zero exit code; note that snakemake uses bash strict mode!)
    cluster_jobid: 56236276

Error executing rule macs3_peaks on cluster (jobid: 12, external: 56236276, jobscript: /work/users/s/e/seyoun/CQTL_AI/.snakemake/tmp.q6f2npvk/snakejob.macs3_peaks.12.sh). For error details see the cluster log and the log files of the involved rule(s).
[Fri Dec 20 13:17:28 2024]
Error in rule hmmratac_peaks:
    jobid: 24
    output: output/peaks/hmmratac/FACT_23-0016_FNF_synovium_1_accessible_regions.gappedPeak
    log: output/logs/hmmratac_FACT_23-0016_FNF_synovium_1.err (check log file(s) for error message)
    shell:
        
        module load python/3.9.6
        source MACS3env/bin/activate

        mkdir -p output/peaks/hmmratac

        macs3 hmmratac             -b /work/users/s/e/seyoun/CQTL_AI/output/align/FACT_23-0016_FNF_synovium_1_RG.bam             -g hs             -q 0.01             --keep-dup all             -n FACT_23-0016_FNF_synovium_1             --outdir output/peaks/hmmratac 2> output/logs/hmmratac_FACT_23-0016_FNF_synovium_1.err
        
        (one of the commands exited with non-zero exit code; note that snakemake uses bash strict mode!)
    cluster_jobid: 56236277

Error executing rule hmmratac_peaks on cluster (jobid: 24, external: 56236277, jobscript: /work/users/s/e/seyoun/CQTL_AI/.snakemake/tmp.q6f2npvk/snakejob.hmmratac_peaks.24.sh). For error details see the cluster log and the log files of the involved rule(s).
[Fri Dec 20 13:17:29 2024]
Error in rule macs3_peaks:
    jobid: 19
    output: output/peaks/macs3/FACT_23-0025_CTL_synovium_1_peaks.narrowPeak
    log: output/logs/macs3_FACT_23-0025_CTL_synovium_1.err (check log file(s) for error message)
    shell:
        
        module load python/3.9.6
        source MACS3env/bin/activate

        mkdir -p output/peaks/macs3

        macs3 callpeak -t /work/users/s/e/seyoun/CQTL_AI/output/align/FACT_23-0025_CTL_synovium_1_RG.bam                 -f BAMPE                 -g hs                 --nomodel                 --shift -75                 --extsize 150                 --keep-dup all                 -q 0.01                 --call-summits                 -n FACT_23-0025_CTL_synovium_1                 --outdir output/peaks/macs3 2> output/logs/macs3_FACT_23-0025_CTL_synovium_1.err
        
        (one of the commands exited with non-zero exit code; note that snakemake uses bash strict mode!)
    cluster_jobid: 56236289

Error executing rule macs3_peaks on cluster (jobid: 19, external: 56236289, jobscript: /work/users/s/e/seyoun/CQTL_AI/.snakemake/tmp.q6f2npvk/snakejob.macs3_peaks.19.sh). For error details see the cluster log and the log files of the involved rule(s).
[Fri Dec 20 13:17:30 2024]
Error in rule macs3_peaks:
    jobid: 18
    output: output/peaks/macs3/FACT_23-0023_FNF_synovium_1_peaks.narrowPeak
    log: output/logs/macs3_FACT_23-0023_FNF_synovium_1.err (check log file(s) for error message)
    shell:
        
        module load python/3.9.6
        source MACS3env/bin/activate

        mkdir -p output/peaks/macs3

        macs3 callpeak -t /work/users/s/e/seyoun/CQTL_AI/output/align/FACT_23-0023_FNF_synovium_1_RG.bam                 -f BAMPE                 -g hs                 --nomodel                 --shift -75                 --extsize 150                 --keep-dup all                 -q 0.01                 --call-summits                 -n FACT_23-0023_FNF_synovium_1                 --outdir output/peaks/macs3 2> output/logs/macs3_FACT_23-0023_FNF_synovium_1.err
        
        (one of the commands exited with non-zero exit code; note that snakemake uses bash strict mode!)
    cluster_jobid: 56236291

Error executing rule macs3_peaks on cluster (jobid: 18, external: 56236291, jobscript: /work/users/s/e/seyoun/CQTL_AI/.snakemake/tmp.q6f2npvk/snakejob.macs3_peaks.18.sh). For error details see the cluster log and the log files of the involved rule(s).
[Fri Dec 20 13:17:32 2024]
Error in rule hmmratac_peaks:
    jobid: 30
    output: output/peaks/hmmratac/FACT_23-0025_FNF_synovium_1_accessible_regions.gappedPeak
    log: output/logs/hmmratac_FACT_23-0025_FNF_synovium_1.err (check log file(s) for error message)
    shell:
        
        module load python/3.9.6
        source MACS3env/bin/activate

        mkdir -p output/peaks/hmmratac

        macs3 hmmratac             -b /work/users/s/e/seyoun/CQTL_AI/output/align/FACT_23-0025_FNF_synovium_1_RG.bam             -g hs             -q 0.01             --keep-dup all             -n FACT_23-0025_FNF_synovium_1             --outdir output/peaks/hmmratac 2> output/logs/hmmratac_FACT_23-0025_FNF_synovium_1.err
        
        (one of the commands exited with non-zero exit code; note that snakemake uses bash strict mode!)
    cluster_jobid: 56236293

Error executing rule hmmratac_peaks on cluster (jobid: 30, external: 56236293, jobscript: /work/users/s/e/seyoun/CQTL_AI/.snakemake/tmp.q6f2npvk/snakejob.hmmratac_peaks.30.sh). For error details see the cluster log and the log files of the involved rule(s).
[Fri Dec 20 13:17:33 2024]
Error in rule hmmratac_peaks:
    jobid: 26
    output: output/peaks/hmmratac/FACT_23-0022_FNF_synovium_1_accessible_regions.gappedPeak
    log: output/logs/hmmratac_FACT_23-0022_FNF_synovium_1.err (check log file(s) for error message)
    shell:
        
        module load python/3.9.6
        source MACS3env/bin/activate

        mkdir -p output/peaks/hmmratac

        macs3 hmmratac             -b /work/users/s/e/seyoun/CQTL_AI/output/align/FACT_23-0022_FNF_synovium_1_RG.bam             -g hs             -q 0.01             --keep-dup all             -n FACT_23-0022_FNF_synovium_1             --outdir output/peaks/hmmratac 2> output/logs/hmmratac_FACT_23-0022_FNF_synovium_1.err
        
        (one of the commands exited with non-zero exit code; note that snakemake uses bash strict mode!)
    cluster_jobid: 56236294

Error executing rule hmmratac_peaks on cluster (jobid: 26, external: 56236294, jobscript: /work/users/s/e/seyoun/CQTL_AI/.snakemake/tmp.q6f2npvk/snakejob.hmmratac_peaks.26.sh). For error details see the cluster log and the log files of the involved rule(s).
[Fri Dec 20 13:17:34 2024]
Error in rule macs3_peaks:
    jobid: 15
    output: output/peaks/macs3/FACT_23-0022_CTL_synovium_1_peaks.narrowPeak
    log: output/logs/macs3_FACT_23-0022_CTL_synovium_1.err (check log file(s) for error message)
    shell:
        
        module load python/3.9.6
        source MACS3env/bin/activate

        mkdir -p output/peaks/macs3

        macs3 callpeak -t /work/users/s/e/seyoun/CQTL_AI/output/align/FACT_23-0022_CTL_synovium_1_RG.bam                 -f BAMPE                 -g hs                 --nomodel                 --shift -75                 --extsize 150                 --keep-dup all                 -q 0.01                 --call-summits                 -n FACT_23-0022_CTL_synovium_1                 --outdir output/peaks/macs3 2> output/logs/macs3_FACT_23-0022_CTL_synovium_1.err
        
        (one of the commands exited with non-zero exit code; note that snakemake uses bash strict mode!)
    cluster_jobid: 56236296

Error executing rule macs3_peaks on cluster (jobid: 15, external: 56236296, jobscript: /work/users/s/e/seyoun/CQTL_AI/.snakemake/tmp.q6f2npvk/snakejob.macs3_peaks.15.sh). For error details see the cluster log and the log files of the involved rule(s).
[Fri Dec 20 13:17:37 2024]
Error in rule macs3_peaks:
    jobid: 17
    output: output/peaks/macs3/FACT_23-0023_CTL_synovium_1_peaks.narrowPeak
    log: output/logs/macs3_FACT_23-0023_CTL_synovium_1.err (check log file(s) for error message)
    shell:
        
        module load python/3.9.6
        source MACS3env/bin/activate

        mkdir -p output/peaks/macs3

        macs3 callpeak -t /work/users/s/e/seyoun/CQTL_AI/output/align/FACT_23-0023_CTL_synovium_1_RG.bam                 -f BAMPE                 -g hs                 --nomodel                 --shift -75                 --extsize 150                 --keep-dup all                 -q 0.01                 --call-summits                 -n FACT_23-0023_CTL_synovium_1                 --outdir output/peaks/macs3 2> output/logs/macs3_FACT_23-0023_CTL_synovium_1.err
        
        (one of the commands exited with non-zero exit code; note that snakemake uses bash strict mode!)
    cluster_jobid: 56236298

Error executing rule macs3_peaks on cluster (jobid: 17, external: 56236298, jobscript: /work/users/s/e/seyoun/CQTL_AI/.snakemake/tmp.q6f2npvk/snakejob.macs3_peaks.17.sh). For error details see the cluster log and the log files of the involved rule(s).
[Fri Dec 20 13:17:39 2024]
Error in rule hmmratac_peaks:
    jobid: 22
    output: output/peaks/hmmratac/FACT_23-0013_FNF_synovium_1_accessible_regions.gappedPeak
    log: output/logs/hmmratac_FACT_23-0013_FNF_synovium_1.err (check log file(s) for error message)
    shell:
        
        module load python/3.9.6
        source MACS3env/bin/activate

        mkdir -p output/peaks/hmmratac

        macs3 hmmratac             -b /work/users/s/e/seyoun/CQTL_AI/output/align/FACT_23-0013_FNF_synovium_1_RG.bam             -g hs             -q 0.01             --keep-dup all             -n FACT_23-0013_FNF_synovium_1             --outdir output/peaks/hmmratac 2> output/logs/hmmratac_FACT_23-0013_FNF_synovium_1.err
        
        (one of the commands exited with non-zero exit code; note that snakemake uses bash strict mode!)
    cluster_jobid: 56236301

Error executing rule hmmratac_peaks on cluster (jobid: 22, external: 56236301, jobscript: /work/users/s/e/seyoun/CQTL_AI/.snakemake/tmp.q6f2npvk/snakejob.hmmratac_peaks.22.sh). For error details see the cluster log and the log files of the involved rule(s).
[Fri Dec 20 13:17:50 2024]
Error in rule macs3_peaks:
    jobid: 11
    output: output/peaks/macs3/FACT_23-0013_CTL_synovium_1_peaks.narrowPeak
    log: output/logs/macs3_FACT_23-0013_CTL_synovium_1.err (check log file(s) for error message)
    shell:
        
        module load python/3.9.6
        source MACS3env/bin/activate

        mkdir -p output/peaks/macs3

        macs3 callpeak -t /work/users/s/e/seyoun/CQTL_AI/output/align/FACT_23-0013_CTL_synovium_1_RG.bam                 -f BAMPE                 -g hs                 --nomodel                 --shift -75                 --extsize 150                 --keep-dup all                 -q 0.01                 --call-summits                 -n FACT_23-0013_CTL_synovium_1                 --outdir output/peaks/macs3 2> output/logs/macs3_FACT_23-0013_CTL_synovium_1.err
        
        (one of the commands exited with non-zero exit code; note that snakemake uses bash strict mode!)
    cluster_jobid: 56236302

Error executing rule macs3_peaks on cluster (jobid: 11, external: 56236302, jobscript: /work/users/s/e/seyoun/CQTL_AI/.snakemake/tmp.q6f2npvk/snakejob.macs3_peaks.11.sh). For error details see the cluster log and the log files of the involved rule(s).
[Fri Dec 20 13:17:51 2024]
Error in rule hmmratac_peaks:
    jobid: 23
    output: output/peaks/hmmratac/FACT_23-0016_CTL_synovium_1_accessible_regions.gappedPeak
    log: output/logs/hmmratac_FACT_23-0016_CTL_synovium_1.err (check log file(s) for error message)
    shell:
        
        module load python/3.9.6
        source MACS3env/bin/activate

        mkdir -p output/peaks/hmmratac

        macs3 hmmratac             -b /work/users/s/e/seyoun/CQTL_AI/output/align/FACT_23-0016_CTL_synovium_1_RG.bam             -g hs             -q 0.01             --keep-dup all             -n FACT_23-0016_CTL_synovium_1             --outdir output/peaks/hmmratac 2> output/logs/hmmratac_FACT_23-0016_CTL_synovium_1.err
        
        (one of the commands exited with non-zero exit code; note that snakemake uses bash strict mode!)
    cluster_jobid: 56236304

Error executing rule hmmratac_peaks on cluster (jobid: 23, external: 56236304, jobscript: /work/users/s/e/seyoun/CQTL_AI/.snakemake/tmp.q6f2npvk/snakejob.hmmratac_peaks.23.sh). For error details see the cluster log and the log files of the involved rule(s).
[Fri Dec 20 13:17:55 2024]
Error in rule macs3_peaks:
    jobid: 14
    output: output/peaks/macs3/FACT_23-0016_FNF_synovium_1_peaks.narrowPeak
    log: output/logs/macs3_FACT_23-0016_FNF_synovium_1.err (check log file(s) for error message)
    shell:
        
        module load python/3.9.6
        source MACS3env/bin/activate

        mkdir -p output/peaks/macs3

        macs3 callpeak -t /work/users/s/e/seyoun/CQTL_AI/output/align/FACT_23-0016_FNF_synovium_1_RG.bam                 -f BAMPE                 -g hs                 --nomodel                 --shift -75                 --extsize 150                 --keep-dup all                 -q 0.01                 --call-summits                 -n FACT_23-0016_FNF_synovium_1                 --outdir output/peaks/macs3 2> output/logs/macs3_FACT_23-0016_FNF_synovium_1.err
        
        (one of the commands exited with non-zero exit code; note that snakemake uses bash strict mode!)
    cluster_jobid: 56236284

Error executing rule macs3_peaks on cluster (jobid: 14, external: 56236284, jobscript: /work/users/s/e/seyoun/CQTL_AI/.snakemake/tmp.q6f2npvk/snakejob.macs3_peaks.14.sh). For error details see the cluster log and the log files of the involved rule(s).
[Fri Dec 20 13:20:23 2024]
Finished job 9.
1 of 31 steps (3%) done
[Fri Dec 20 13:21:38 2024]
Finished job 10.
2 of 31 steps (6%) done
[Fri Dec 20 13:21:43 2024]
Finished job 3.
3 of 31 steps (10%) done
[Fri Dec 20 13:22:51 2024]
Finished job 5.
4 of 31 steps (13%) done
[Fri Dec 20 13:22:52 2024]
Finished job 7.
5 of 31 steps (16%) done
[Fri Dec 20 13:23:08 2024]
Finished job 8.
6 of 31 steps (19%) done
[Fri Dec 20 13:23:11 2024]
Finished job 4.
7 of 31 steps (23%) done
[Fri Dec 20 13:23:12 2024]
Finished job 2.
8 of 31 steps (26%) done
[Fri Dec 20 13:24:12 2024]
Finished job 1.
9 of 31 steps (29%) done
[Fri Dec 20 13:24:58 2024]
Finished job 6.
10 of 31 steps (32%) done
Shutting down, this might take some time.
Exiting because a job execution failed. Look above for error message
Complete log: /work/users/s/e/seyoun/CQTL_AI/.snakemake/log/2024-12-20T131641.644803.snakemake.log
