Building DAG of jobs...
Using shell: /usr/bin/bash
Provided cluster nodes: 100
Job counts:
	count	jobs
	1	all_subset
	6	filter_remapped_reads
	6	merge
	6	remap_wasp_reads
	6	rmDupWASP
	6	run_ataqv_subset
	31

[Wed Dec 25 15:10:10 2024]
rule remap_wasp_reads:
    input: output/wasp/filter_remapped_reads/CQTL_AM7778FE_FNF_Femur_1_RG.remap.fq1.gz, output/wasp/filter_remapped_reads/CQTL_AM7778FE_FNF_Femur_1_RG.remap.fq2.gz
    output: output/wasp/remapped/CQTL_AM7778FE_FNF_Femur_1_remapped_sorted.bam, output/wasp/remapped/CQTL_AM7778FE_FNF_Femur_1_remapped_sorted.bam.bai, output/wasp/remapped/CQTL_AM7778FE_FNF_Femur_1_stats.txt
    log: output/logs/remap_wasp_CQTL_AM7778FE_FNF_Femur_1.err, output/logs/remap_wasp_CQTL_AM7778FE_FNF_Femur_1.out
    jobid: 85
    wildcards: sampleName=CQTL_AM7778FE_FNF_Femur_1
    threads: 8


        module load bwa/0.7.17
        module load samtools/1.21
        mkdir -p output/wasp/remapped
        
        # Remap with BWA and pipe to sorting
        bwa mem -t 8 -M /users/s/e/seyoun/Ref/genome/bwa_idx/hg38 output/wasp/filter_remapped_reads/CQTL_AM7778FE_FNF_Femur_1_RG.remap.fq1.gz output/wasp/filter_remapped_reads/CQTL_AM7778FE_FNF_Femur_1_RG.remap.fq2.gz |         samtools view -b |         samtools sort -o output/wasp/remapped/CQTL_AM7778FE_FNF_Femur_1_remapped_sorted.bam         1> output/logs/remap_wasp_CQTL_AM7778FE_FNF_Femur_1.out 2> output/logs/remap_wasp_CQTL_AM7778FE_FNF_Femur_1.err

        samtools flagstat output/wasp/remapped/CQTL_AM7778FE_FNF_Femur_1_remapped_sorted.bam > output/wasp/remapped/CQTL_AM7778FE_FNF_Femur_1_stats.txt 2>> output/logs/remap_wasp_CQTL_AM7778FE_FNF_Femur_1.err

        # Index the sorted BAM
        samtools index output/wasp/remapped/CQTL_AM7778FE_FNF_Femur_1_remapped_sorted.bam 1>> output/logs/remap_wasp_CQTL_AM7778FE_FNF_Femur_1.out 2>> output/logs/remap_wasp_CQTL_AM7778FE_FNF_Femur_1.err
        
Submitted job 85 with external jobid '56399475'.

[Wed Dec 25 15:10:15 2024]
rule remap_wasp_reads:
    input: output/wasp/filter_remapped_reads/CQTL_AM7754_FNF_Ankle_replicate_RG.remap.fq1.gz, output/wasp/filter_remapped_reads/CQTL_AM7754_FNF_Ankle_replicate_RG.remap.fq2.gz
    output: output/wasp/remapped/CQTL_AM7754_FNF_Ankle_replicate_remapped_sorted.bam, output/wasp/remapped/CQTL_AM7754_FNF_Ankle_replicate_remapped_sorted.bam.bai, output/wasp/remapped/CQTL_AM7754_FNF_Ankle_replicate_stats.txt
    log: output/logs/remap_wasp_CQTL_AM7754_FNF_Ankle_replicate.err, output/logs/remap_wasp_CQTL_AM7754_FNF_Ankle_replicate.out
    jobid: 88
    wildcards: sampleName=CQTL_AM7754_FNF_Ankle_replicate
    threads: 8


        module load bwa/0.7.17
        module load samtools/1.21
        mkdir -p output/wasp/remapped
        
        # Remap with BWA and pipe to sorting
        bwa mem -t 8 -M /users/s/e/seyoun/Ref/genome/bwa_idx/hg38 output/wasp/filter_remapped_reads/CQTL_AM7754_FNF_Ankle_replicate_RG.remap.fq1.gz output/wasp/filter_remapped_reads/CQTL_AM7754_FNF_Ankle_replicate_RG.remap.fq2.gz |         samtools view -b |         samtools sort -o output/wasp/remapped/CQTL_AM7754_FNF_Ankle_replicate_remapped_sorted.bam         1> output/logs/remap_wasp_CQTL_AM7754_FNF_Ankle_replicate.out 2> output/logs/remap_wasp_CQTL_AM7754_FNF_Ankle_replicate.err

        samtools flagstat output/wasp/remapped/CQTL_AM7754_FNF_Ankle_replicate_remapped_sorted.bam > output/wasp/remapped/CQTL_AM7754_FNF_Ankle_replicate_stats.txt 2>> output/logs/remap_wasp_CQTL_AM7754_FNF_Ankle_replicate.err

        # Index the sorted BAM
        samtools index output/wasp/remapped/CQTL_AM7754_FNF_Ankle_replicate_remapped_sorted.bam 1>> output/logs/remap_wasp_CQTL_AM7754_FNF_Ankle_replicate.out 2>> output/logs/remap_wasp_CQTL_AM7754_FNF_Ankle_replicate.err
        
Submitted job 88 with external jobid '56399476'.

[Wed Dec 25 15:10:20 2024]
rule remap_wasp_reads:
    input: output/wasp/filter_remapped_reads/CQTL_AM7778FE_CTL_Femur_1_RG.remap.fq1.gz, output/wasp/filter_remapped_reads/CQTL_AM7778FE_CTL_Femur_1_RG.remap.fq2.gz
    output: output/wasp/remapped/CQTL_AM7778FE_CTL_Femur_1_remapped_sorted.bam, output/wasp/remapped/CQTL_AM7778FE_CTL_Femur_1_remapped_sorted.bam.bai, output/wasp/remapped/CQTL_AM7778FE_CTL_Femur_1_stats.txt
    log: output/logs/remap_wasp_CQTL_AM7778FE_CTL_Femur_1.err, output/logs/remap_wasp_CQTL_AM7778FE_CTL_Femur_1.out
    jobid: 90
    wildcards: sampleName=CQTL_AM7778FE_CTL_Femur_1
    threads: 8


        module load bwa/0.7.17
        module load samtools/1.21
        mkdir -p output/wasp/remapped
        
        # Remap with BWA and pipe to sorting
        bwa mem -t 8 -M /users/s/e/seyoun/Ref/genome/bwa_idx/hg38 output/wasp/filter_remapped_reads/CQTL_AM7778FE_CTL_Femur_1_RG.remap.fq1.gz output/wasp/filter_remapped_reads/CQTL_AM7778FE_CTL_Femur_1_RG.remap.fq2.gz |         samtools view -b |         samtools sort -o output/wasp/remapped/CQTL_AM7778FE_CTL_Femur_1_remapped_sorted.bam         1> output/logs/remap_wasp_CQTL_AM7778FE_CTL_Femur_1.out 2> output/logs/remap_wasp_CQTL_AM7778FE_CTL_Femur_1.err

        samtools flagstat output/wasp/remapped/CQTL_AM7778FE_CTL_Femur_1_remapped_sorted.bam > output/wasp/remapped/CQTL_AM7778FE_CTL_Femur_1_stats.txt 2>> output/logs/remap_wasp_CQTL_AM7778FE_CTL_Femur_1.err

        # Index the sorted BAM
        samtools index output/wasp/remapped/CQTL_AM7778FE_CTL_Femur_1_remapped_sorted.bam 1>> output/logs/remap_wasp_CQTL_AM7778FE_CTL_Femur_1.out 2>> output/logs/remap_wasp_CQTL_AM7778FE_CTL_Femur_1.err
        
Submitted job 90 with external jobid '56399477'.

[Wed Dec 25 15:10:25 2024]
rule remap_wasp_reads:
    input: output/wasp/filter_remapped_reads/CQTL_AM7754_CTL_Ankle_replicate_RG.remap.fq1.gz, output/wasp/filter_remapped_reads/CQTL_AM7754_CTL_Ankle_replicate_RG.remap.fq2.gz
    output: output/wasp/remapped/CQTL_AM7754_CTL_Ankle_replicate_remapped_sorted.bam, output/wasp/remapped/CQTL_AM7754_CTL_Ankle_replicate_remapped_sorted.bam.bai, output/wasp/remapped/CQTL_AM7754_CTL_Ankle_replicate_stats.txt
    log: output/logs/remap_wasp_CQTL_AM7754_CTL_Ankle_replicate.err, output/logs/remap_wasp_CQTL_AM7754_CTL_Ankle_replicate.out
    jobid: 91
    wildcards: sampleName=CQTL_AM7754_CTL_Ankle_replicate
    threads: 8


        module load bwa/0.7.17
        module load samtools/1.21
        mkdir -p output/wasp/remapped
        
        # Remap with BWA and pipe to sorting
        bwa mem -t 8 -M /users/s/e/seyoun/Ref/genome/bwa_idx/hg38 output/wasp/filter_remapped_reads/CQTL_AM7754_CTL_Ankle_replicate_RG.remap.fq1.gz output/wasp/filter_remapped_reads/CQTL_AM7754_CTL_Ankle_replicate_RG.remap.fq2.gz |         samtools view -b |         samtools sort -o output/wasp/remapped/CQTL_AM7754_CTL_Ankle_replicate_remapped_sorted.bam         1> output/logs/remap_wasp_CQTL_AM7754_CTL_Ankle_replicate.out 2> output/logs/remap_wasp_CQTL_AM7754_CTL_Ankle_replicate.err

        samtools flagstat output/wasp/remapped/CQTL_AM7754_CTL_Ankle_replicate_remapped_sorted.bam > output/wasp/remapped/CQTL_AM7754_CTL_Ankle_replicate_stats.txt 2>> output/logs/remap_wasp_CQTL_AM7754_CTL_Ankle_replicate.err

        # Index the sorted BAM
        samtools index output/wasp/remapped/CQTL_AM7754_CTL_Ankle_replicate_remapped_sorted.bam 1>> output/logs/remap_wasp_CQTL_AM7754_CTL_Ankle_replicate.out 2>> output/logs/remap_wasp_CQTL_AM7754_CTL_Ankle_replicate.err
        
Submitted job 91 with external jobid '56399478'.

[Wed Dec 25 15:10:30 2024]
rule remap_wasp_reads:
    input: output/wasp/filter_remapped_reads/CQTL_AM7755_FNF_Ankle_replicate_RG.remap.fq1.gz, output/wasp/filter_remapped_reads/CQTL_AM7755_FNF_Ankle_replicate_RG.remap.fq2.gz
    output: output/wasp/remapped/CQTL_AM7755_FNF_Ankle_replicate_remapped_sorted.bam, output/wasp/remapped/CQTL_AM7755_FNF_Ankle_replicate_remapped_sorted.bam.bai, output/wasp/remapped/CQTL_AM7755_FNF_Ankle_replicate_stats.txt
    log: output/logs/remap_wasp_CQTL_AM7755_FNF_Ankle_replicate.err, output/logs/remap_wasp_CQTL_AM7755_FNF_Ankle_replicate.out
    jobid: 89
    wildcards: sampleName=CQTL_AM7755_FNF_Ankle_replicate
    threads: 8


        module load bwa/0.7.17
        module load samtools/1.21
        mkdir -p output/wasp/remapped
        
        # Remap with BWA and pipe to sorting
        bwa mem -t 8 -M /users/s/e/seyoun/Ref/genome/bwa_idx/hg38 output/wasp/filter_remapped_reads/CQTL_AM7755_FNF_Ankle_replicate_RG.remap.fq1.gz output/wasp/filter_remapped_reads/CQTL_AM7755_FNF_Ankle_replicate_RG.remap.fq2.gz |         samtools view -b |         samtools sort -o output/wasp/remapped/CQTL_AM7755_FNF_Ankle_replicate_remapped_sorted.bam         1> output/logs/remap_wasp_CQTL_AM7755_FNF_Ankle_replicate.out 2> output/logs/remap_wasp_CQTL_AM7755_FNF_Ankle_replicate.err

        samtools flagstat output/wasp/remapped/CQTL_AM7755_FNF_Ankle_replicate_remapped_sorted.bam > output/wasp/remapped/CQTL_AM7755_FNF_Ankle_replicate_stats.txt 2>> output/logs/remap_wasp_CQTL_AM7755_FNF_Ankle_replicate.err

        # Index the sorted BAM
        samtools index output/wasp/remapped/CQTL_AM7755_FNF_Ankle_replicate_remapped_sorted.bam 1>> output/logs/remap_wasp_CQTL_AM7755_FNF_Ankle_replicate.out 2>> output/logs/remap_wasp_CQTL_AM7755_FNF_Ankle_replicate.err
        
Submitted job 89 with external jobid '56399479'.

[Wed Dec 25 15:10:35 2024]
rule remap_wasp_reads:
    input: output/wasp/filter_remapped_reads/CQTL_AM7755_CTL_Ankle_replicate_RG.remap.fq1.gz, output/wasp/filter_remapped_reads/CQTL_AM7755_CTL_Ankle_replicate_RG.remap.fq2.gz
    output: output/wasp/remapped/CQTL_AM7755_CTL_Ankle_replicate_remapped_sorted.bam, output/wasp/remapped/CQTL_AM7755_CTL_Ankle_replicate_remapped_sorted.bam.bai, output/wasp/remapped/CQTL_AM7755_CTL_Ankle_replicate_stats.txt
    log: output/logs/remap_wasp_CQTL_AM7755_CTL_Ankle_replicate.err, output/logs/remap_wasp_CQTL_AM7755_CTL_Ankle_replicate.out
    jobid: 92
    wildcards: sampleName=CQTL_AM7755_CTL_Ankle_replicate
    threads: 8


        module load bwa/0.7.17
        module load samtools/1.21
        mkdir -p output/wasp/remapped
        
        # Remap with BWA and pipe to sorting
        bwa mem -t 8 -M /users/s/e/seyoun/Ref/genome/bwa_idx/hg38 output/wasp/filter_remapped_reads/CQTL_AM7755_CTL_Ankle_replicate_RG.remap.fq1.gz output/wasp/filter_remapped_reads/CQTL_AM7755_CTL_Ankle_replicate_RG.remap.fq2.gz |         samtools view -b |         samtools sort -o output/wasp/remapped/CQTL_AM7755_CTL_Ankle_replicate_remapped_sorted.bam         1> output/logs/remap_wasp_CQTL_AM7755_CTL_Ankle_replicate.out 2> output/logs/remap_wasp_CQTL_AM7755_CTL_Ankle_replicate.err

        samtools flagstat output/wasp/remapped/CQTL_AM7755_CTL_Ankle_replicate_remapped_sorted.bam > output/wasp/remapped/CQTL_AM7755_CTL_Ankle_replicate_stats.txt 2>> output/logs/remap_wasp_CQTL_AM7755_CTL_Ankle_replicate.err

        # Index the sorted BAM
        samtools index output/wasp/remapped/CQTL_AM7755_CTL_Ankle_replicate_remapped_sorted.bam 1>> output/logs/remap_wasp_CQTL_AM7755_CTL_Ankle_replicate.out 2>> output/logs/remap_wasp_CQTL_AM7755_CTL_Ankle_replicate.err
        
Submitted job 92 with external jobid '56399480'.
[Wed Dec 25 15:27:22 2024]
Finished job 90.
1 of 31 steps (3%) done

[Wed Dec 25 15:27:28 2024]
rule filter_remapped_reads:
    input: output/wasp/filter_remapped_reads/CQTL_AM7778FE_CTL_Femur_1_RG.to.remap.bam, output/wasp/remapped/CQTL_AM7778FE_CTL_Femur_1_remapped_sorted.bam, output/wasp/remapped/CQTL_AM7778FE_CTL_Femur_1_remapped_sorted.bam.bai
    output: output/wasp/filtered_bam/CQTL_AM7778FE_CTL_Femur_1.keep.bam
    log: output/logs/filter_remapped_CQTL_AM7778FE_CTL_Femur_1.log
    jobid: 73
    wildcards: sampleName=CQTL_AM7778FE_CTL_Femur_1


        module add wasp/2023-02
        
        mkdir -p output/wasp/filtered_bam
        
        python /nas/longleaf/rhel8/apps/wasp/2023-02/WASP/mapping/filter_remapped_reads.py             output/wasp/filter_remapped_reads/CQTL_AM7778FE_CTL_Femur_1_RG.to.remap.bam             output/wasp/remapped/CQTL_AM7778FE_CTL_Femur_1_remapped_sorted.bam             output/wasp/filtered_bam/CQTL_AM7778FE_CTL_Femur_1.keep.bam             2> output/logs/filter_remapped_CQTL_AM7778FE_CTL_Femur_1.log
        
Submitted job 73 with external jobid '56399487'.
[Wed Dec 25 15:31:46 2024]
Finished job 92.
2 of 31 steps (6%) done

[Wed Dec 25 15:31:51 2024]
rule filter_remapped_reads:
    input: output/wasp/filter_remapped_reads/CQTL_AM7755_CTL_Ankle_replicate_RG.to.remap.bam, output/wasp/remapped/CQTL_AM7755_CTL_Ankle_replicate_remapped_sorted.bam, output/wasp/remapped/CQTL_AM7755_CTL_Ankle_replicate_remapped_sorted.bam.bai
    output: output/wasp/filtered_bam/CQTL_AM7755_CTL_Ankle_replicate.keep.bam
    log: output/logs/filter_remapped_CQTL_AM7755_CTL_Ankle_replicate.log
    jobid: 77
    wildcards: sampleName=CQTL_AM7755_CTL_Ankle_replicate


        module add wasp/2023-02
        
        mkdir -p output/wasp/filtered_bam
        
        python /nas/longleaf/rhel8/apps/wasp/2023-02/WASP/mapping/filter_remapped_reads.py             output/wasp/filter_remapped_reads/CQTL_AM7755_CTL_Ankle_replicate_RG.to.remap.bam             output/wasp/remapped/CQTL_AM7755_CTL_Ankle_replicate_remapped_sorted.bam             output/wasp/filtered_bam/CQTL_AM7755_CTL_Ankle_replicate.keep.bam             2> output/logs/filter_remapped_CQTL_AM7755_CTL_Ankle_replicate.log
        
Submitted job 77 with external jobid '56399490'.
[Wed Dec 25 15:34:18 2024]
Finished job 89.
3 of 31 steps (10%) done

[Wed Dec 25 15:34:23 2024]
rule filter_remapped_reads:
    input: output/wasp/filter_remapped_reads/CQTL_AM7755_FNF_Ankle_replicate_RG.to.remap.bam, output/wasp/remapped/CQTL_AM7755_FNF_Ankle_replicate_remapped_sorted.bam, output/wasp/remapped/CQTL_AM7755_FNF_Ankle_replicate_remapped_sorted.bam.bai
    output: output/wasp/filtered_bam/CQTL_AM7755_FNF_Ankle_replicate.keep.bam
    log: output/logs/filter_remapped_CQTL_AM7755_FNF_Ankle_replicate.log
    jobid: 71
    wildcards: sampleName=CQTL_AM7755_FNF_Ankle_replicate


        module add wasp/2023-02
        
        mkdir -p output/wasp/filtered_bam
        
        python /nas/longleaf/rhel8/apps/wasp/2023-02/WASP/mapping/filter_remapped_reads.py             output/wasp/filter_remapped_reads/CQTL_AM7755_FNF_Ankle_replicate_RG.to.remap.bam             output/wasp/remapped/CQTL_AM7755_FNF_Ankle_replicate_remapped_sorted.bam             output/wasp/filtered_bam/CQTL_AM7755_FNF_Ankle_replicate.keep.bam             2> output/logs/filter_remapped_CQTL_AM7755_FNF_Ankle_replicate.log
        
Submitted job 71 with external jobid '56399492'.
[Wed Dec 25 15:35:41 2024]
Finished job 73.
4 of 31 steps (13%) done

[Wed Dec 25 15:35:46 2024]
rule merge:
    input: output/wasp/filtered_bam/CQTL_AM7778FE_CTL_Femur_1.keep.bam, output/wasp/filter_remapped_reads/CQTL_AM7778FE_CTL_Femur_1_RG.keep.bam
    output: output/wasp/merge/CQTL_AM7778FE_CTL_Femur_1.keep.merge.bam, output/wasp/merge/CQTL_AM7778FE_CTL_Femur_1.sort_keep.merge.bam, output/wasp/merge/CQTL_AM7778FE_CTL_Femur_1.sort_keep.merge.bam.bai
    log: output/logs/merge_CQTL_AM7778FE_CTL_Femur_1.log
    jobid: 58
    wildcards: sampleName=CQTL_AM7778FE_CTL_Femur_1
    threads: 4


        module load samtools/1.21
        mkdir -p output/wasp/merge

        samtools merge output/wasp/merge/CQTL_AM7778FE_CTL_Femur_1.keep.merge.bam output/wasp/filtered_bam/CQTL_AM7778FE_CTL_Femur_1.keep.bam output/wasp/filter_remapped_reads/CQTL_AM7778FE_CTL_Femur_1_RG.keep.bam
        samtools sort -o output/wasp/merge/CQTL_AM7778FE_CTL_Femur_1.sort_keep.merge.bam output/wasp/merge/CQTL_AM7778FE_CTL_Femur_1.keep.merge.bam
        samtools index output/wasp/merge/CQTL_AM7778FE_CTL_Femur_1.sort_keep.merge.bam

        
Submitted job 58 with external jobid '56399493'.
[Wed Dec 25 15:35:57 2024]
Finished job 91.
5 of 31 steps (16%) done

[Wed Dec 25 15:36:02 2024]
rule filter_remapped_reads:
    input: output/wasp/filter_remapped_reads/CQTL_AM7754_CTL_Ankle_replicate_RG.to.remap.bam, output/wasp/remapped/CQTL_AM7754_CTL_Ankle_replicate_remapped_sorted.bam, output/wasp/remapped/CQTL_AM7754_CTL_Ankle_replicate_remapped_sorted.bam.bai
    output: output/wasp/filtered_bam/CQTL_AM7754_CTL_Ankle_replicate.keep.bam
    log: output/logs/filter_remapped_CQTL_AM7754_CTL_Ankle_replicate.log
    jobid: 75
    wildcards: sampleName=CQTL_AM7754_CTL_Ankle_replicate


        module add wasp/2023-02
        
        mkdir -p output/wasp/filtered_bam
        
        python /nas/longleaf/rhel8/apps/wasp/2023-02/WASP/mapping/filter_remapped_reads.py             output/wasp/filter_remapped_reads/CQTL_AM7754_CTL_Ankle_replicate_RG.to.remap.bam             output/wasp/remapped/CQTL_AM7754_CTL_Ankle_replicate_remapped_sorted.bam             output/wasp/filtered_bam/CQTL_AM7754_CTL_Ankle_replicate.keep.bam             2> output/logs/filter_remapped_CQTL_AM7754_CTL_Ankle_replicate.log
        
Submitted job 75 with external jobid '56399494'.
[Wed Dec 25 15:39:14 2024]
Finished job 88.
6 of 31 steps (19%) done

[Wed Dec 25 15:39:19 2024]
rule filter_remapped_reads:
    input: output/wasp/filter_remapped_reads/CQTL_AM7754_FNF_Ankle_replicate_RG.to.remap.bam, output/wasp/remapped/CQTL_AM7754_FNF_Ankle_replicate_remapped_sorted.bam, output/wasp/remapped/CQTL_AM7754_FNF_Ankle_replicate_remapped_sorted.bam.bai
    output: output/wasp/filtered_bam/CQTL_AM7754_FNF_Ankle_replicate.keep.bam
    log: output/logs/filter_remapped_CQTL_AM7754_FNF_Ankle_replicate.log
    jobid: 69
    wildcards: sampleName=CQTL_AM7754_FNF_Ankle_replicate


        module add wasp/2023-02
        
        mkdir -p output/wasp/filtered_bam
        
        python /nas/longleaf/rhel8/apps/wasp/2023-02/WASP/mapping/filter_remapped_reads.py             output/wasp/filter_remapped_reads/CQTL_AM7754_FNF_Ankle_replicate_RG.to.remap.bam             output/wasp/remapped/CQTL_AM7754_FNF_Ankle_replicate_remapped_sorted.bam             output/wasp/filtered_bam/CQTL_AM7754_FNF_Ankle_replicate.keep.bam             2> output/logs/filter_remapped_CQTL_AM7754_FNF_Ankle_replicate.log
        
Submitted job 69 with external jobid '56399497'.
[Wed Dec 25 15:43:39 2024]
Finished job 77.
7 of 31 steps (23%) done

[Wed Dec 25 15:43:44 2024]
rule merge:
    input: output/wasp/filtered_bam/CQTL_AM7755_CTL_Ankle_replicate.keep.bam, output/wasp/filter_remapped_reads/CQTL_AM7755_CTL_Ankle_replicate_RG.keep.bam
    output: output/wasp/merge/CQTL_AM7755_CTL_Ankle_replicate.keep.merge.bam, output/wasp/merge/CQTL_AM7755_CTL_Ankle_replicate.sort_keep.merge.bam, output/wasp/merge/CQTL_AM7755_CTL_Ankle_replicate.sort_keep.merge.bam.bai
    log: output/logs/merge_CQTL_AM7755_CTL_Ankle_replicate.log
    jobid: 60
    wildcards: sampleName=CQTL_AM7755_CTL_Ankle_replicate
    threads: 4


        module load samtools/1.21
        mkdir -p output/wasp/merge

        samtools merge output/wasp/merge/CQTL_AM7755_CTL_Ankle_replicate.keep.merge.bam output/wasp/filtered_bam/CQTL_AM7755_CTL_Ankle_replicate.keep.bam output/wasp/filter_remapped_reads/CQTL_AM7755_CTL_Ankle_replicate_RG.keep.bam
        samtools sort -o output/wasp/merge/CQTL_AM7755_CTL_Ankle_replicate.sort_keep.merge.bam output/wasp/merge/CQTL_AM7755_CTL_Ankle_replicate.keep.merge.bam
        samtools index output/wasp/merge/CQTL_AM7755_CTL_Ankle_replicate.sort_keep.merge.bam

        
Submitted job 60 with external jobid '56399499'.
[Wed Dec 25 15:45:51 2024]
Finished job 85.
8 of 31 steps (26%) done

[Wed Dec 25 15:45:56 2024]
rule filter_remapped_reads:
    input: output/wasp/filter_remapped_reads/CQTL_AM7778FE_FNF_Femur_1_RG.to.remap.bam, output/wasp/remapped/CQTL_AM7778FE_FNF_Femur_1_remapped_sorted.bam, output/wasp/remapped/CQTL_AM7778FE_FNF_Femur_1_remapped_sorted.bam.bai
    output: output/wasp/filtered_bam/CQTL_AM7778FE_FNF_Femur_1.keep.bam
    log: output/logs/filter_remapped_CQTL_AM7778FE_FNF_Femur_1.log
    jobid: 67
    wildcards: sampleName=CQTL_AM7778FE_FNF_Femur_1


        module add wasp/2023-02
        
        mkdir -p output/wasp/filtered_bam
        
        python /nas/longleaf/rhel8/apps/wasp/2023-02/WASP/mapping/filter_remapped_reads.py             output/wasp/filter_remapped_reads/CQTL_AM7778FE_FNF_Femur_1_RG.to.remap.bam             output/wasp/remapped/CQTL_AM7778FE_FNF_Femur_1_remapped_sorted.bam             output/wasp/filtered_bam/CQTL_AM7778FE_FNF_Femur_1.keep.bam             2> output/logs/filter_remapped_CQTL_AM7778FE_FNF_Femur_1.log
        
Submitted job 67 with external jobid '56399501'.
[Wed Dec 25 15:47:49 2024]
Finished job 71.
9 of 31 steps (29%) done

[Wed Dec 25 15:47:54 2024]
rule merge:
    input: output/wasp/filtered_bam/CQTL_AM7755_FNF_Ankle_replicate.keep.bam, output/wasp/filter_remapped_reads/CQTL_AM7755_FNF_Ankle_replicate_RG.keep.bam
    output: output/wasp/merge/CQTL_AM7755_FNF_Ankle_replicate.keep.merge.bam, output/wasp/merge/CQTL_AM7755_FNF_Ankle_replicate.sort_keep.merge.bam, output/wasp/merge/CQTL_AM7755_FNF_Ankle_replicate.sort_keep.merge.bam.bai
    log: output/logs/merge_CQTL_AM7755_FNF_Ankle_replicate.log
    jobid: 57
    wildcards: sampleName=CQTL_AM7755_FNF_Ankle_replicate
    threads: 4


        module load samtools/1.21
        mkdir -p output/wasp/merge

        samtools merge output/wasp/merge/CQTL_AM7755_FNF_Ankle_replicate.keep.merge.bam output/wasp/filtered_bam/CQTL_AM7755_FNF_Ankle_replicate.keep.bam output/wasp/filter_remapped_reads/CQTL_AM7755_FNF_Ankle_replicate_RG.keep.bam
        samtools sort -o output/wasp/merge/CQTL_AM7755_FNF_Ankle_replicate.sort_keep.merge.bam output/wasp/merge/CQTL_AM7755_FNF_Ankle_replicate.keep.merge.bam
        samtools index output/wasp/merge/CQTL_AM7755_FNF_Ankle_replicate.sort_keep.merge.bam

        
Submitted job 57 with external jobid '56399502'.
[Wed Dec 25 15:50:19 2024]
Finished job 75.
10 of 31 steps (32%) done

[Wed Dec 25 15:50:24 2024]
rule merge:
    input: output/wasp/filtered_bam/CQTL_AM7754_CTL_Ankle_replicate.keep.bam, output/wasp/filter_remapped_reads/CQTL_AM7754_CTL_Ankle_replicate_RG.keep.bam
    output: output/wasp/merge/CQTL_AM7754_CTL_Ankle_replicate.keep.merge.bam, output/wasp/merge/CQTL_AM7754_CTL_Ankle_replicate.sort_keep.merge.bam, output/wasp/merge/CQTL_AM7754_CTL_Ankle_replicate.sort_keep.merge.bam.bai
    log: output/logs/merge_CQTL_AM7754_CTL_Ankle_replicate.log
    jobid: 59
    wildcards: sampleName=CQTL_AM7754_CTL_Ankle_replicate
    threads: 4


        module load samtools/1.21
        mkdir -p output/wasp/merge

        samtools merge output/wasp/merge/CQTL_AM7754_CTL_Ankle_replicate.keep.merge.bam output/wasp/filtered_bam/CQTL_AM7754_CTL_Ankle_replicate.keep.bam output/wasp/filter_remapped_reads/CQTL_AM7754_CTL_Ankle_replicate_RG.keep.bam
        samtools sort -o output/wasp/merge/CQTL_AM7754_CTL_Ankle_replicate.sort_keep.merge.bam output/wasp/merge/CQTL_AM7754_CTL_Ankle_replicate.keep.merge.bam
        samtools index output/wasp/merge/CQTL_AM7754_CTL_Ankle_replicate.sort_keep.merge.bam

        
Submitted job 59 with external jobid '56399504'.
[Wed Dec 25 15:53:06 2024]
Finished job 69.
11 of 31 steps (35%) done

[Wed Dec 25 15:53:11 2024]
rule merge:
    input: output/wasp/filtered_bam/CQTL_AM7754_FNF_Ankle_replicate.keep.bam, output/wasp/filter_remapped_reads/CQTL_AM7754_FNF_Ankle_replicate_RG.keep.bam
    output: output/wasp/merge/CQTL_AM7754_FNF_Ankle_replicate.keep.merge.bam, output/wasp/merge/CQTL_AM7754_FNF_Ankle_replicate.sort_keep.merge.bam, output/wasp/merge/CQTL_AM7754_FNF_Ankle_replicate.sort_keep.merge.bam.bai
    log: output/logs/merge_CQTL_AM7754_FNF_Ankle_replicate.log
    jobid: 56
    wildcards: sampleName=CQTL_AM7754_FNF_Ankle_replicate
    threads: 4


        module load samtools/1.21
        mkdir -p output/wasp/merge

        samtools merge output/wasp/merge/CQTL_AM7754_FNF_Ankle_replicate.keep.merge.bam output/wasp/filtered_bam/CQTL_AM7754_FNF_Ankle_replicate.keep.bam output/wasp/filter_remapped_reads/CQTL_AM7754_FNF_Ankle_replicate_RG.keep.bam
        samtools sort -o output/wasp/merge/CQTL_AM7754_FNF_Ankle_replicate.sort_keep.merge.bam output/wasp/merge/CQTL_AM7754_FNF_Ankle_replicate.keep.merge.bam
        samtools index output/wasp/merge/CQTL_AM7754_FNF_Ankle_replicate.sort_keep.merge.bam

        
Submitted job 56 with external jobid '56399505'.
[Wed Dec 25 15:57:29 2024]
Finished job 67.
12 of 31 steps (39%) done

[Wed Dec 25 15:57:34 2024]
rule merge:
    input: output/wasp/filtered_bam/CQTL_AM7778FE_FNF_Femur_1.keep.bam, output/wasp/filter_remapped_reads/CQTL_AM7778FE_FNF_Femur_1_RG.keep.bam
    output: output/wasp/merge/CQTL_AM7778FE_FNF_Femur_1.keep.merge.bam, output/wasp/merge/CQTL_AM7778FE_FNF_Femur_1.sort_keep.merge.bam, output/wasp/merge/CQTL_AM7778FE_FNF_Femur_1.sort_keep.merge.bam.bai
    log: output/logs/merge_CQTL_AM7778FE_FNF_Femur_1.log
    jobid: 55
    wildcards: sampleName=CQTL_AM7778FE_FNF_Femur_1
    threads: 4


        module load samtools/1.21
        mkdir -p output/wasp/merge

        samtools merge output/wasp/merge/CQTL_AM7778FE_FNF_Femur_1.keep.merge.bam output/wasp/filtered_bam/CQTL_AM7778FE_FNF_Femur_1.keep.bam output/wasp/filter_remapped_reads/CQTL_AM7778FE_FNF_Femur_1_RG.keep.bam
        samtools sort -o output/wasp/merge/CQTL_AM7778FE_FNF_Femur_1.sort_keep.merge.bam output/wasp/merge/CQTL_AM7778FE_FNF_Femur_1.keep.merge.bam
        samtools index output/wasp/merge/CQTL_AM7778FE_FNF_Femur_1.sort_keep.merge.bam

        
Submitted job 55 with external jobid '56399508'.
[Wed Dec 25 16:06:06 2024]
Finished job 58.
13 of 31 steps (42%) done

[Wed Dec 25 16:06:11 2024]
rule rmDupWASP:
    input: output/wasp/merge/CQTL_AM7778FE_CTL_Femur_1.sort_keep.merge.bam
    output: output/wasp/rmdup/CQTL_AM7778FE_CTL_Femur_1.rmdup.bam, output/wasp/rmdup/CQTL_AM7778FE_CTL_Femur_1.sorted_wasp.bam, output/wasp/rmdup/CQTL_AM7778FE_CTL_Femur_1.sorted_wasp.bam.bai, output/wasp/rmdup/CQTL_AM7778FE_CTL_Femur_1_stats.txt
    log: output/logs/rmdup_wasp_CQTL_AM7778FE_CTL_Femur_1.err, output/logs/rmdup_wasp_CQTL_AM7778FE_CTL_Femur_1.out
    jobid: 46
    wildcards: sampleName=CQTL_AM7778FE_CTL_Femur_1
    threads: 8


        module add wasp/2023-02
        module load samtools/1.21
        module load python/3.9.6
        mkdir -p output/wasp/rmdup

        python /nas/longleaf/rhel8/apps/wasp/2023-02/WASP/mapping/rmdup_pe.py output/wasp/merge/CQTL_AM7778FE_CTL_Femur_1.sort_keep.merge.bam output/wasp/rmdup/CQTL_AM7778FE_CTL_Femur_1.rmdup.bam

        samtools sort -o output/wasp/rmdup/CQTL_AM7778FE_CTL_Femur_1.sorted_wasp.bam output/wasp/rmdup/CQTL_AM7778FE_CTL_Femur_1.rmdup.bam 1> output/logs/rmdup_wasp_CQTL_AM7778FE_CTL_Femur_1.out 2> output/logs/rmdup_wasp_CQTL_AM7778FE_CTL_Femur_1.err
        samtools index output/wasp/rmdup/CQTL_AM7778FE_CTL_Femur_1.sorted_wasp.bam 1>> output/logs/rmdup_wasp_CQTL_AM7778FE_CTL_Femur_1.out 2>> output/logs/rmdup_wasp_CQTL_AM7778FE_CTL_Femur_1.err
        samtools flagstat output/wasp/rmdup/CQTL_AM7778FE_CTL_Femur_1.sorted_wasp.bam > output/wasp/rmdup/CQTL_AM7778FE_CTL_Femur_1_stats.txt 2>> output/logs/rmdup_wasp_CQTL_AM7778FE_CTL_Femur_1.err

        
Submitted job 46 with external jobid '56399511'.
[Wed Dec 25 16:32:23 2024]
Finished job 60.
14 of 31 steps (45%) done

[Wed Dec 25 16:32:28 2024]
rule rmDupWASP:
    input: output/wasp/merge/CQTL_AM7755_CTL_Ankle_replicate.sort_keep.merge.bam
    output: output/wasp/rmdup/CQTL_AM7755_CTL_Ankle_replicate.rmdup.bam, output/wasp/rmdup/CQTL_AM7755_CTL_Ankle_replicate.sorted_wasp.bam, output/wasp/rmdup/CQTL_AM7755_CTL_Ankle_replicate.sorted_wasp.bam.bai, output/wasp/rmdup/CQTL_AM7755_CTL_Ankle_replicate_stats.txt
    log: output/logs/rmdup_wasp_CQTL_AM7755_CTL_Ankle_replicate.err, output/logs/rmdup_wasp_CQTL_AM7755_CTL_Ankle_replicate.out
    jobid: 48
    wildcards: sampleName=CQTL_AM7755_CTL_Ankle_replicate
    threads: 8


        module add wasp/2023-02
        module load samtools/1.21
        module load python/3.9.6
        mkdir -p output/wasp/rmdup

        python /nas/longleaf/rhel8/apps/wasp/2023-02/WASP/mapping/rmdup_pe.py output/wasp/merge/CQTL_AM7755_CTL_Ankle_replicate.sort_keep.merge.bam output/wasp/rmdup/CQTL_AM7755_CTL_Ankle_replicate.rmdup.bam

        samtools sort -o output/wasp/rmdup/CQTL_AM7755_CTL_Ankle_replicate.sorted_wasp.bam output/wasp/rmdup/CQTL_AM7755_CTL_Ankle_replicate.rmdup.bam 1> output/logs/rmdup_wasp_CQTL_AM7755_CTL_Ankle_replicate.out 2> output/logs/rmdup_wasp_CQTL_AM7755_CTL_Ankle_replicate.err
        samtools index output/wasp/rmdup/CQTL_AM7755_CTL_Ankle_replicate.sorted_wasp.bam 1>> output/logs/rmdup_wasp_CQTL_AM7755_CTL_Ankle_replicate.out 2>> output/logs/rmdup_wasp_CQTL_AM7755_CTL_Ankle_replicate.err
        samtools flagstat output/wasp/rmdup/CQTL_AM7755_CTL_Ankle_replicate.sorted_wasp.bam > output/wasp/rmdup/CQTL_AM7755_CTL_Ankle_replicate_stats.txt 2>> output/logs/rmdup_wasp_CQTL_AM7755_CTL_Ankle_replicate.err

        
Submitted job 48 with external jobid '56399522'.
[Wed Dec 25 16:42:07 2024]
Finished job 46.
15 of 31 steps (48%) done

[Wed Dec 25 16:42:12 2024]
rule run_ataqv_subset:
    input: output/wasp/rmdup/CQTL_AM7778FE_CTL_Femur_1.sorted_wasp.bam
    output: output/wasp/ataqv/CQTL_AM7778FE_CTL_Femur_1.ataqv.txt, output/wasp/ataqv/CQTL_AM7778FE_CTL_Femur_1.ataqv.json
    log: output/logs/ataqv_afterWASP_CQTL_AM7778FE_CTL_Femur_1.err, output/logs/ataqv_afterWASP_CQTL_AM7778FE_CTL_Femur_1.out
    jobid: 33
    wildcards: sampleName=CQTL_AM7778FE_CTL_Femur_1
    threads: 6


        module load ataqv/1.0.0
        mkdir -p output/wasp/ataqv

        ataqv             --tss-file /users/s/e/seyoun/Ref/genome/gencode.v45.annotation.tss.bed.gz             --tss-extension 2000             --metrics-file output/wasp/ataqv/CQTL_AM7778FE_CTL_Femur_1.ataqv.json             --ignore-read-groups human             output/wasp/rmdup/CQTL_AM7778FE_CTL_Femur_1.sorted_wasp.bam > output/wasp/ataqv/CQTL_AM7778FE_CTL_Femur_1.ataqv.txt             2> output/logs/ataqv_afterWASP_CQTL_AM7778FE_CTL_Femur_1.err
         #mkarv /work/users/s/e/seyoun/CQTL_AI/output/ataqv/final_atacQC_summary *.json   
        
Submitted job 33 with external jobid '56399525'.
[Wed Dec 25 16:44:34 2024]
Finished job 57.
16 of 31 steps (52%) done

[Wed Dec 25 16:44:39 2024]
rule rmDupWASP:
    input: output/wasp/merge/CQTL_AM7755_FNF_Ankle_replicate.sort_keep.merge.bam
    output: output/wasp/rmdup/CQTL_AM7755_FNF_Ankle_replicate.rmdup.bam, output/wasp/rmdup/CQTL_AM7755_FNF_Ankle_replicate.sorted_wasp.bam, output/wasp/rmdup/CQTL_AM7755_FNF_Ankle_replicate.sorted_wasp.bam.bai, output/wasp/rmdup/CQTL_AM7755_FNF_Ankle_replicate_stats.txt
    log: output/logs/rmdup_wasp_CQTL_AM7755_FNF_Ankle_replicate.err, output/logs/rmdup_wasp_CQTL_AM7755_FNF_Ankle_replicate.out
    jobid: 45
    wildcards: sampleName=CQTL_AM7755_FNF_Ankle_replicate
    threads: 8


        module add wasp/2023-02
        module load samtools/1.21
        module load python/3.9.6
        mkdir -p output/wasp/rmdup

        python /nas/longleaf/rhel8/apps/wasp/2023-02/WASP/mapping/rmdup_pe.py output/wasp/merge/CQTL_AM7755_FNF_Ankle_replicate.sort_keep.merge.bam output/wasp/rmdup/CQTL_AM7755_FNF_Ankle_replicate.rmdup.bam

        samtools sort -o output/wasp/rmdup/CQTL_AM7755_FNF_Ankle_replicate.sorted_wasp.bam output/wasp/rmdup/CQTL_AM7755_FNF_Ankle_replicate.rmdup.bam 1> output/logs/rmdup_wasp_CQTL_AM7755_FNF_Ankle_replicate.out 2> output/logs/rmdup_wasp_CQTL_AM7755_FNF_Ankle_replicate.err
        samtools index output/wasp/rmdup/CQTL_AM7755_FNF_Ankle_replicate.sorted_wasp.bam 1>> output/logs/rmdup_wasp_CQTL_AM7755_FNF_Ankle_replicate.out 2>> output/logs/rmdup_wasp_CQTL_AM7755_FNF_Ankle_replicate.err
        samtools flagstat output/wasp/rmdup/CQTL_AM7755_FNF_Ankle_replicate.sorted_wasp.bam > output/wasp/rmdup/CQTL_AM7755_FNF_Ankle_replicate_stats.txt 2>> output/logs/rmdup_wasp_CQTL_AM7755_FNF_Ankle_replicate.err

        
Submitted job 45 with external jobid '56399526'.
[Wed Dec 25 16:45:22 2024]
Finished job 55.
17 of 31 steps (55%) done

[Wed Dec 25 16:45:28 2024]
rule rmDupWASP:
    input: output/wasp/merge/CQTL_AM7778FE_FNF_Femur_1.sort_keep.merge.bam
    output: output/wasp/rmdup/CQTL_AM7778FE_FNF_Femur_1.rmdup.bam, output/wasp/rmdup/CQTL_AM7778FE_FNF_Femur_1.sorted_wasp.bam, output/wasp/rmdup/CQTL_AM7778FE_FNF_Femur_1.sorted_wasp.bam.bai, output/wasp/rmdup/CQTL_AM7778FE_FNF_Femur_1_stats.txt
    log: output/logs/rmdup_wasp_CQTL_AM7778FE_FNF_Femur_1.err, output/logs/rmdup_wasp_CQTL_AM7778FE_FNF_Femur_1.out
    jobid: 43
    wildcards: sampleName=CQTL_AM7778FE_FNF_Femur_1
    threads: 8


        module add wasp/2023-02
        module load samtools/1.21
        module load python/3.9.6
        mkdir -p output/wasp/rmdup

        python /nas/longleaf/rhel8/apps/wasp/2023-02/WASP/mapping/rmdup_pe.py output/wasp/merge/CQTL_AM7778FE_FNF_Femur_1.sort_keep.merge.bam output/wasp/rmdup/CQTL_AM7778FE_FNF_Femur_1.rmdup.bam

        samtools sort -o output/wasp/rmdup/CQTL_AM7778FE_FNF_Femur_1.sorted_wasp.bam output/wasp/rmdup/CQTL_AM7778FE_FNF_Femur_1.rmdup.bam 1> output/logs/rmdup_wasp_CQTL_AM7778FE_FNF_Femur_1.out 2> output/logs/rmdup_wasp_CQTL_AM7778FE_FNF_Femur_1.err
        samtools index output/wasp/rmdup/CQTL_AM7778FE_FNF_Femur_1.sorted_wasp.bam 1>> output/logs/rmdup_wasp_CQTL_AM7778FE_FNF_Femur_1.out 2>> output/logs/rmdup_wasp_CQTL_AM7778FE_FNF_Femur_1.err
        samtools flagstat output/wasp/rmdup/CQTL_AM7778FE_FNF_Femur_1.sorted_wasp.bam > output/wasp/rmdup/CQTL_AM7778FE_FNF_Femur_1_stats.txt 2>> output/logs/rmdup_wasp_CQTL_AM7778FE_FNF_Femur_1.err

        
Submitted job 43 with external jobid '56399527'.
[Wed Dec 25 16:51:30 2024]
Finished job 56.
18 of 31 steps (58%) done

[Wed Dec 25 16:51:35 2024]
rule rmDupWASP:
    input: output/wasp/merge/CQTL_AM7754_FNF_Ankle_replicate.sort_keep.merge.bam
    output: output/wasp/rmdup/CQTL_AM7754_FNF_Ankle_replicate.rmdup.bam, output/wasp/rmdup/CQTL_AM7754_FNF_Ankle_replicate.sorted_wasp.bam, output/wasp/rmdup/CQTL_AM7754_FNF_Ankle_replicate.sorted_wasp.bam.bai, output/wasp/rmdup/CQTL_AM7754_FNF_Ankle_replicate_stats.txt
    log: output/logs/rmdup_wasp_CQTL_AM7754_FNF_Ankle_replicate.err, output/logs/rmdup_wasp_CQTL_AM7754_FNF_Ankle_replicate.out
    jobid: 44
    wildcards: sampleName=CQTL_AM7754_FNF_Ankle_replicate
    threads: 8


        module add wasp/2023-02
        module load samtools/1.21
        module load python/3.9.6
        mkdir -p output/wasp/rmdup

        python /nas/longleaf/rhel8/apps/wasp/2023-02/WASP/mapping/rmdup_pe.py output/wasp/merge/CQTL_AM7754_FNF_Ankle_replicate.sort_keep.merge.bam output/wasp/rmdup/CQTL_AM7754_FNF_Ankle_replicate.rmdup.bam

        samtools sort -o output/wasp/rmdup/CQTL_AM7754_FNF_Ankle_replicate.sorted_wasp.bam output/wasp/rmdup/CQTL_AM7754_FNF_Ankle_replicate.rmdup.bam 1> output/logs/rmdup_wasp_CQTL_AM7754_FNF_Ankle_replicate.out 2> output/logs/rmdup_wasp_CQTL_AM7754_FNF_Ankle_replicate.err
        samtools index output/wasp/rmdup/CQTL_AM7754_FNF_Ankle_replicate.sorted_wasp.bam 1>> output/logs/rmdup_wasp_CQTL_AM7754_FNF_Ankle_replicate.out 2>> output/logs/rmdup_wasp_CQTL_AM7754_FNF_Ankle_replicate.err
        samtools flagstat output/wasp/rmdup/CQTL_AM7754_FNF_Ankle_replicate.sorted_wasp.bam > output/wasp/rmdup/CQTL_AM7754_FNF_Ankle_replicate_stats.txt 2>> output/logs/rmdup_wasp_CQTL_AM7754_FNF_Ankle_replicate.err

        
Submitted job 44 with external jobid '56399530'.
[Wed Dec 25 16:54:31 2024]
Finished job 59.
19 of 31 steps (61%) done

[Wed Dec 25 16:54:36 2024]
rule rmDupWASP:
    input: output/wasp/merge/CQTL_AM7754_CTL_Ankle_replicate.sort_keep.merge.bam
    output: output/wasp/rmdup/CQTL_AM7754_CTL_Ankle_replicate.rmdup.bam, output/wasp/rmdup/CQTL_AM7754_CTL_Ankle_replicate.sorted_wasp.bam, output/wasp/rmdup/CQTL_AM7754_CTL_Ankle_replicate.sorted_wasp.bam.bai, output/wasp/rmdup/CQTL_AM7754_CTL_Ankle_replicate_stats.txt
    log: output/logs/rmdup_wasp_CQTL_AM7754_CTL_Ankle_replicate.err, output/logs/rmdup_wasp_CQTL_AM7754_CTL_Ankle_replicate.out
    jobid: 47
    wildcards: sampleName=CQTL_AM7754_CTL_Ankle_replicate
    threads: 8


        module add wasp/2023-02
        module load samtools/1.21
        module load python/3.9.6
        mkdir -p output/wasp/rmdup

        python /nas/longleaf/rhel8/apps/wasp/2023-02/WASP/mapping/rmdup_pe.py output/wasp/merge/CQTL_AM7754_CTL_Ankle_replicate.sort_keep.merge.bam output/wasp/rmdup/CQTL_AM7754_CTL_Ankle_replicate.rmdup.bam

        samtools sort -o output/wasp/rmdup/CQTL_AM7754_CTL_Ankle_replicate.sorted_wasp.bam output/wasp/rmdup/CQTL_AM7754_CTL_Ankle_replicate.rmdup.bam 1> output/logs/rmdup_wasp_CQTL_AM7754_CTL_Ankle_replicate.out 2> output/logs/rmdup_wasp_CQTL_AM7754_CTL_Ankle_replicate.err
        samtools index output/wasp/rmdup/CQTL_AM7754_CTL_Ankle_replicate.sorted_wasp.bam 1>> output/logs/rmdup_wasp_CQTL_AM7754_CTL_Ankle_replicate.out 2>> output/logs/rmdup_wasp_CQTL_AM7754_CTL_Ankle_replicate.err
        samtools flagstat output/wasp/rmdup/CQTL_AM7754_CTL_Ankle_replicate.sorted_wasp.bam > output/wasp/rmdup/CQTL_AM7754_CTL_Ankle_replicate_stats.txt 2>> output/logs/rmdup_wasp_CQTL_AM7754_CTL_Ankle_replicate.err

        
Submitted job 47 with external jobid '56399532'.
[Wed Dec 25 17:06:28 2024]
Finished job 33.
20 of 31 steps (65%) done
[Wed Dec 25 17:34:07 2024]
Finished job 48.
21 of 31 steps (68%) done

[Wed Dec 25 17:34:12 2024]
rule run_ataqv_subset:
    input: output/wasp/rmdup/CQTL_AM7755_CTL_Ankle_replicate.sorted_wasp.bam
    output: output/wasp/ataqv/CQTL_AM7755_CTL_Ankle_replicate.ataqv.txt, output/wasp/ataqv/CQTL_AM7755_CTL_Ankle_replicate.ataqv.json
    log: output/logs/ataqv_afterWASP_CQTL_AM7755_CTL_Ankle_replicate.err, output/logs/ataqv_afterWASP_CQTL_AM7755_CTL_Ankle_replicate.out
    jobid: 35
    wildcards: sampleName=CQTL_AM7755_CTL_Ankle_replicate
    threads: 6


        module load ataqv/1.0.0
        mkdir -p output/wasp/ataqv

        ataqv             --tss-file /users/s/e/seyoun/Ref/genome/gencode.v45.annotation.tss.bed.gz             --tss-extension 2000             --metrics-file output/wasp/ataqv/CQTL_AM7755_CTL_Ankle_replicate.ataqv.json             --ignore-read-groups human             output/wasp/rmdup/CQTL_AM7755_CTL_Ankle_replicate.sorted_wasp.bam > output/wasp/ataqv/CQTL_AM7755_CTL_Ankle_replicate.ataqv.txt             2> output/logs/ataqv_afterWASP_CQTL_AM7755_CTL_Ankle_replicate.err
         #mkarv /work/users/s/e/seyoun/CQTL_AI/output/ataqv/final_atacQC_summary *.json   
        
Submitted job 35 with external jobid '56399547'.
[Wed Dec 25 17:36:25 2024]
Finished job 43.
22 of 31 steps (71%) done

[Wed Dec 25 17:36:30 2024]
rule run_ataqv_subset:
    input: output/wasp/rmdup/CQTL_AM7778FE_FNF_Femur_1.sorted_wasp.bam
    output: output/wasp/ataqv/CQTL_AM7778FE_FNF_Femur_1.ataqv.txt, output/wasp/ataqv/CQTL_AM7778FE_FNF_Femur_1.ataqv.json
    log: output/logs/ataqv_afterWASP_CQTL_AM7778FE_FNF_Femur_1.err, output/logs/ataqv_afterWASP_CQTL_AM7778FE_FNF_Femur_1.out
    jobid: 30
    wildcards: sampleName=CQTL_AM7778FE_FNF_Femur_1
    threads: 6


        module load ataqv/1.0.0
        mkdir -p output/wasp/ataqv

        ataqv             --tss-file /users/s/e/seyoun/Ref/genome/gencode.v45.annotation.tss.bed.gz             --tss-extension 2000             --metrics-file output/wasp/ataqv/CQTL_AM7778FE_FNF_Femur_1.ataqv.json             --ignore-read-groups human             output/wasp/rmdup/CQTL_AM7778FE_FNF_Femur_1.sorted_wasp.bam > output/wasp/ataqv/CQTL_AM7778FE_FNF_Femur_1.ataqv.txt             2> output/logs/ataqv_afterWASP_CQTL_AM7778FE_FNF_Femur_1.err
         #mkarv /work/users/s/e/seyoun/CQTL_AI/output/ataqv/final_atacQC_summary *.json   
        
Submitted job 30 with external jobid '56399548'.
[Wed Dec 25 17:46:45 2024]
Finished job 45.
23 of 31 steps (74%) done

[Wed Dec 25 17:46:50 2024]
rule run_ataqv_subset:
    input: output/wasp/rmdup/CQTL_AM7755_FNF_Ankle_replicate.sorted_wasp.bam
    output: output/wasp/ataqv/CQTL_AM7755_FNF_Ankle_replicate.ataqv.txt, output/wasp/ataqv/CQTL_AM7755_FNF_Ankle_replicate.ataqv.json
    log: output/logs/ataqv_afterWASP_CQTL_AM7755_FNF_Ankle_replicate.err, output/logs/ataqv_afterWASP_CQTL_AM7755_FNF_Ankle_replicate.out
    jobid: 32
    wildcards: sampleName=CQTL_AM7755_FNF_Ankle_replicate
    threads: 6


        module load ataqv/1.0.0
        mkdir -p output/wasp/ataqv

        ataqv             --tss-file /users/s/e/seyoun/Ref/genome/gencode.v45.annotation.tss.bed.gz             --tss-extension 2000             --metrics-file output/wasp/ataqv/CQTL_AM7755_FNF_Ankle_replicate.ataqv.json             --ignore-read-groups human             output/wasp/rmdup/CQTL_AM7755_FNF_Ankle_replicate.sorted_wasp.bam > output/wasp/ataqv/CQTL_AM7755_FNF_Ankle_replicate.ataqv.txt             2> output/logs/ataqv_afterWASP_CQTL_AM7755_FNF_Ankle_replicate.err
         #mkarv /work/users/s/e/seyoun/CQTL_AI/output/ataqv/final_atacQC_summary *.json   
        
Submitted job 32 with external jobid '56399552'.
[Wed Dec 25 17:55:47 2024]
Finished job 44.
24 of 31 steps (77%) done

[Wed Dec 25 17:55:52 2024]
rule run_ataqv_subset:
    input: output/wasp/rmdup/CQTL_AM7754_FNF_Ankle_replicate.sorted_wasp.bam
    output: output/wasp/ataqv/CQTL_AM7754_FNF_Ankle_replicate.ataqv.txt, output/wasp/ataqv/CQTL_AM7754_FNF_Ankle_replicate.ataqv.json
    log: output/logs/ataqv_afterWASP_CQTL_AM7754_FNF_Ankle_replicate.err, output/logs/ataqv_afterWASP_CQTL_AM7754_FNF_Ankle_replicate.out
    jobid: 31
    wildcards: sampleName=CQTL_AM7754_FNF_Ankle_replicate
    threads: 6


        module load ataqv/1.0.0
        mkdir -p output/wasp/ataqv

        ataqv             --tss-file /users/s/e/seyoun/Ref/genome/gencode.v45.annotation.tss.bed.gz             --tss-extension 2000             --metrics-file output/wasp/ataqv/CQTL_AM7754_FNF_Ankle_replicate.ataqv.json             --ignore-read-groups human             output/wasp/rmdup/CQTL_AM7754_FNF_Ankle_replicate.sorted_wasp.bam > output/wasp/ataqv/CQTL_AM7754_FNF_Ankle_replicate.ataqv.txt             2> output/logs/ataqv_afterWASP_CQTL_AM7754_FNF_Ankle_replicate.err
         #mkarv /work/users/s/e/seyoun/CQTL_AI/output/ataqv/final_atacQC_summary *.json   
        
Submitted job 31 with external jobid '56399601'.
[Wed Dec 25 18:06:24 2024]
Finished job 30.
25 of 31 steps (81%) done
[Wed Dec 25 18:08:32 2024]
Finished job 47.
26 of 31 steps (84%) done

[Wed Dec 25 18:08:37 2024]
rule run_ataqv_subset:
    input: output/wasp/rmdup/CQTL_AM7754_CTL_Ankle_replicate.sorted_wasp.bam
    output: output/wasp/ataqv/CQTL_AM7754_CTL_Ankle_replicate.ataqv.txt, output/wasp/ataqv/CQTL_AM7754_CTL_Ankle_replicate.ataqv.json
    log: output/logs/ataqv_afterWASP_CQTL_AM7754_CTL_Ankle_replicate.err, output/logs/ataqv_afterWASP_CQTL_AM7754_CTL_Ankle_replicate.out
    jobid: 34
    wildcards: sampleName=CQTL_AM7754_CTL_Ankle_replicate
    threads: 6


        module load ataqv/1.0.0
        mkdir -p output/wasp/ataqv

        ataqv             --tss-file /users/s/e/seyoun/Ref/genome/gencode.v45.annotation.tss.bed.gz             --tss-extension 2000             --metrics-file output/wasp/ataqv/CQTL_AM7754_CTL_Ankle_replicate.ataqv.json             --ignore-read-groups human             output/wasp/rmdup/CQTL_AM7754_CTL_Ankle_replicate.sorted_wasp.bam > output/wasp/ataqv/CQTL_AM7754_CTL_Ankle_replicate.ataqv.txt             2> output/logs/ataqv_afterWASP_CQTL_AM7754_CTL_Ankle_replicate.err
         #mkarv /work/users/s/e/seyoun/CQTL_AI/output/ataqv/final_atacQC_summary *.json   
        
Submitted job 34 with external jobid '56399717'.
[Wed Dec 25 18:12:22 2024]
Finished job 35.
27 of 31 steps (87%) done
[Wed Dec 25 18:26:20 2024]
Finished job 32.
28 of 31 steps (90%) done
[Wed Dec 25 18:31:02 2024]
Finished job 31.
29 of 31 steps (94%) done
[Wed Dec 25 18:53:49 2024]
Finished job 34.
30 of 31 steps (97%) done

[Wed Dec 25 18:53:54 2024]
localrule all_subset:
    input: output/geno/pbs_geno_other/pbs.rename_wCHR.vcf.gz, output/geno/fnf_geno_other/fnf.rename_wCHR.vcf.gz, output/geno/pbs_geno_other/pbs.rename.vcf.gz, output/geno/fnf_geno_other/fnf.rename.vcf.gz, output/QC/CQTL_AM7778FE_FNF_Femur_1_verifyBamID.selfSM, output/QC/CQTL_AM7778FE_FNF_Femur_1_verifyBamID.selfRG, output/QC/CQTL_AM7778FE_FNF_Femur_1_verifyBamID.bestRG, output/QC/CQTL_AM7778FE_FNF_Femur_1_verifyBamID.bestSM, output/QC/CQTL_AM7778FE_FNF_Femur_1_verifyBamID.depthRG, output/QC/CQTL_AM7778FE_FNF_Femur_1_verifyBamID.depthSM, output/QC/CQTL_AM7754_FNF_Ankle_replicate_verifyBamID.selfSM, output/QC/CQTL_AM7754_FNF_Ankle_replicate_verifyBamID.selfRG, output/QC/CQTL_AM7754_FNF_Ankle_replicate_verifyBamID.bestRG, output/QC/CQTL_AM7754_FNF_Ankle_replicate_verifyBamID.bestSM, output/QC/CQTL_AM7754_FNF_Ankle_replicate_verifyBamID.depthRG, output/QC/CQTL_AM7754_FNF_Ankle_replicate_verifyBamID.depthSM, output/QC/CQTL_AM7755_FNF_Ankle_replicate_verifyBamID.selfSM, output/QC/CQTL_AM7755_FNF_Ankle_replicate_verifyBamID.selfRG, output/QC/CQTL_AM7755_FNF_Ankle_replicate_verifyBamID.bestRG, output/QC/CQTL_AM7755_FNF_Ankle_replicate_verifyBamID.bestSM, output/QC/CQTL_AM7755_FNF_Ankle_replicate_verifyBamID.depthRG, output/QC/CQTL_AM7755_FNF_Ankle_replicate_verifyBamID.depthSM, output/QC/CQTL_AM7778FE_CTL_Femur_1_verifyBamID.selfSM, output/QC/CQTL_AM7778FE_CTL_Femur_1_verifyBamID.selfRG, output/QC/CQTL_AM7778FE_CTL_Femur_1_verifyBamID.bestRG, output/QC/CQTL_AM7778FE_CTL_Femur_1_verifyBamID.bestSM, output/QC/CQTL_AM7778FE_CTL_Femur_1_verifyBamID.depthRG, output/QC/CQTL_AM7778FE_CTL_Femur_1_verifyBamID.depthSM, output/QC/CQTL_AM7754_CTL_Ankle_replicate_verifyBamID.selfSM, output/QC/CQTL_AM7754_CTL_Ankle_replicate_verifyBamID.selfRG, output/QC/CQTL_AM7754_CTL_Ankle_replicate_verifyBamID.bestRG, output/QC/CQTL_AM7754_CTL_Ankle_replicate_verifyBamID.bestSM, output/QC/CQTL_AM7754_CTL_Ankle_replicate_verifyBamID.depthRG, output/QC/CQTL_AM7754_CTL_Ankle_replicate_verifyBamID.depthSM, output/QC/CQTL_AM7755_CTL_Ankle_replicate_verifyBamID.selfSM, output/QC/CQTL_AM7755_CTL_Ankle_replicate_verifyBamID.selfRG, output/QC/CQTL_AM7755_CTL_Ankle_replicate_verifyBamID.bestRG, output/QC/CQTL_AM7755_CTL_Ankle_replicate_verifyBamID.bestSM, output/QC/CQTL_AM7755_CTL_Ankle_replicate_verifyBamID.depthRG, output/QC/CQTL_AM7755_CTL_Ankle_replicate_verifyBamID.depthSM, output/geno/pbs_geno_other/wasp_vcf/chr1.pbs.rename.vcf.gz, output/geno/pbs_geno_other/wasp_vcf/chr2.pbs.rename.vcf.gz, output/geno/pbs_geno_other/wasp_vcf/chr3.pbs.rename.vcf.gz, output/geno/pbs_geno_other/wasp_vcf/chr4.pbs.rename.vcf.gz, output/geno/pbs_geno_other/wasp_vcf/chr5.pbs.rename.vcf.gz, output/geno/pbs_geno_other/wasp_vcf/chr6.pbs.rename.vcf.gz, output/geno/pbs_geno_other/wasp_vcf/chr7.pbs.rename.vcf.gz, output/geno/pbs_geno_other/wasp_vcf/chr8.pbs.rename.vcf.gz, output/geno/pbs_geno_other/wasp_vcf/chr9.pbs.rename.vcf.gz, output/geno/pbs_geno_other/wasp_vcf/chr10.pbs.rename.vcf.gz, output/geno/pbs_geno_other/wasp_vcf/chr11.pbs.rename.vcf.gz, output/geno/pbs_geno_other/wasp_vcf/chr12.pbs.rename.vcf.gz, output/geno/pbs_geno_other/wasp_vcf/chr13.pbs.rename.vcf.gz, output/geno/pbs_geno_other/wasp_vcf/chr14.pbs.rename.vcf.gz, output/geno/pbs_geno_other/wasp_vcf/chr15.pbs.rename.vcf.gz, output/geno/pbs_geno_other/wasp_vcf/chr16.pbs.rename.vcf.gz, output/geno/pbs_geno_other/wasp_vcf/chr17.pbs.rename.vcf.gz, output/geno/pbs_geno_other/wasp_vcf/chr18.pbs.rename.vcf.gz, output/geno/pbs_geno_other/wasp_vcf/chr19.pbs.rename.vcf.gz, output/geno/pbs_geno_other/wasp_vcf/chr20.pbs.rename.vcf.gz, output/geno/pbs_geno_other/wasp_vcf/chr21.pbs.rename.vcf.gz, output/geno/pbs_geno_other/wasp_vcf/chr22.pbs.rename.vcf.gz, output/geno/fnf_geno_other/wasp_vcf/chr1.fnf.rename.vcf.gz, output/geno/fnf_geno_other/wasp_vcf/chr2.fnf.rename.vcf.gz, output/geno/fnf_geno_other/wasp_vcf/chr3.fnf.rename.vcf.gz, output/geno/fnf_geno_other/wasp_vcf/chr4.fnf.rename.vcf.gz, output/geno/fnf_geno_other/wasp_vcf/chr5.fnf.rename.vcf.gz, output/geno/fnf_geno_other/wasp_vcf/chr6.fnf.rename.vcf.gz, output/geno/fnf_geno_other/wasp_vcf/chr7.fnf.rename.vcf.gz, output/geno/fnf_geno_other/wasp_vcf/chr8.fnf.rename.vcf.gz, output/geno/fnf_geno_other/wasp_vcf/chr9.fnf.rename.vcf.gz, output/geno/fnf_geno_other/wasp_vcf/chr10.fnf.rename.vcf.gz, output/geno/fnf_geno_other/wasp_vcf/chr11.fnf.rename.vcf.gz, output/geno/fnf_geno_other/wasp_vcf/chr12.fnf.rename.vcf.gz, output/geno/fnf_geno_other/wasp_vcf/chr13.fnf.rename.vcf.gz, output/geno/fnf_geno_other/wasp_vcf/chr14.fnf.rename.vcf.gz, output/geno/fnf_geno_other/wasp_vcf/chr15.fnf.rename.vcf.gz, output/geno/fnf_geno_other/wasp_vcf/chr16.fnf.rename.vcf.gz, output/geno/fnf_geno_other/wasp_vcf/chr17.fnf.rename.vcf.gz, output/geno/fnf_geno_other/wasp_vcf/chr18.fnf.rename.vcf.gz, output/geno/fnf_geno_other/wasp_vcf/chr19.fnf.rename.vcf.gz, output/geno/fnf_geno_other/wasp_vcf/chr20.fnf.rename.vcf.gz, output/geno/fnf_geno_other/wasp_vcf/chr21.fnf.rename.vcf.gz, output/geno/fnf_geno_other/wasp_vcf/chr22.fnf.rename.vcf.gz, output/wasp/ataqv/CQTL_AM7778FE_FNF_Femur_1.ataqv.json, output/wasp/ataqv/CQTL_AM7754_FNF_Ankle_replicate.ataqv.json, output/wasp/ataqv/CQTL_AM7755_FNF_Ankle_replicate.ataqv.json, output/wasp/ataqv/CQTL_AM7778FE_CTL_Femur_1.ataqv.json, output/wasp/ataqv/CQTL_AM7754_CTL_Ankle_replicate.ataqv.json, output/wasp/ataqv/CQTL_AM7755_CTL_Ankle_replicate.ataqv.json, output/wasp/ataqv/CQTL_AM7778FE_FNF_Femur_1.ataqv.txt, output/wasp/ataqv/CQTL_AM7754_FNF_Ankle_replicate.ataqv.txt, output/wasp/ataqv/CQTL_AM7755_FNF_Ankle_replicate.ataqv.txt, output/wasp/ataqv/CQTL_AM7778FE_CTL_Femur_1.ataqv.txt, output/wasp/ataqv/CQTL_AM7754_CTL_Ankle_replicate.ataqv.txt, output/wasp/ataqv/CQTL_AM7755_CTL_Ankle_replicate.ataqv.txt
    jobid: 0

[Wed Dec 25 18:53:54 2024]
Finished job 0.
31 of 31 steps (100%) done
Complete log: /work/users/s/e/seyoun/CQTL_AI/.snakemake/log/2024-12-25T151006.584920.snakemake.log
