Building DAG of jobs...
Using shell: /usr/bin/bash
Provided cluster nodes: 100
Job counts:
	count	jobs
	58	add_read_groups
	1	align
	1	all
	58	filter_mitochondrial_reads
	58	mark_duplicates
	58	run_ataqv
	234

[Tue Nov 19 21:37:40 2024]
rule mark_duplicates:
    input: output/align/CQTL_AM7781_CTL_Ankle_1_sorted.bam
    output: output/dedup/CQTL_AM7781_CTL_Ankle_1_dedup.bam, output/dedup/CQTL_AM7781_CTL_Ankle_1_dup_metrics.txt, output/dedup/CQTL_AM7781_CTL_Ankle_1_dedup.bai
    log: output/logs/mark_duplicates_CQTL_AM7781_CTL_Ankle_1.err, output/logs/mark_duplicates_CQTL_AM7781_CTL_Ankle_1.out
    jobid: 449
    wildcards: sampleName=CQTL_AM7781_CTL_Ankle_1


        module load java/17.0.2
        module load picard/2.26.11
        mkdir -p output/dedup

        java -Xmx16g -jar /nas/longleaf/apps/picard/17.0.2/picard-17.0.2/picard.jar MarkDuplicates             I=output/align/CQTL_AM7781_CTL_Ankle_1_sorted.bam             O=output/dedup/CQTL_AM7781_CTL_Ankle_1_dedup.bam             M=output/dedup/CQTL_AM7781_CTL_Ankle_1_dup_metrics.txt             REMOVE_DUPLICATES=true             1> output/logs/mark_duplicates_CQTL_AM7781_CTL_Ankle_1.out 2> output/logs/mark_duplicates_CQTL_AM7781_CTL_Ankle_1.err

        samtools index output/dedup/CQTL_AM7781_CTL_Ankle_1_dedup.bam 1>> output/logs/mark_duplicates_CQTL_AM7781_CTL_Ankle_1.out 2>> output/logs/mark_duplicates_CQTL_AM7781_CTL_Ankle_1.err
        
Submitted job 449 with external jobid '54514284'.

[Tue Nov 19 21:37:59 2024]
rule mark_duplicates:
    input: output/align/CQTL_AM7678_FNF_Ankle_1_sorted.bam
    output: output/dedup/CQTL_AM7678_FNF_Ankle_1_dedup.bam, output/dedup/CQTL_AM7678_FNF_Ankle_1_dup_metrics.txt, output/dedup/CQTL_AM7678_FNF_Ankle_1_dedup.bai
    log: output/logs/mark_duplicates_CQTL_AM7678_FNF_Ankle_1.err, output/logs/mark_duplicates_CQTL_AM7678_FNF_Ankle_1.out
    jobid: 410
    wildcards: sampleName=CQTL_AM7678_FNF_Ankle_1


        module load java/17.0.2
        module load picard/2.26.11
        mkdir -p output/dedup

        java -Xmx16g -jar /nas/longleaf/apps/picard/17.0.2/picard-17.0.2/picard.jar MarkDuplicates             I=output/align/CQTL_AM7678_FNF_Ankle_1_sorted.bam             O=output/dedup/CQTL_AM7678_FNF_Ankle_1_dedup.bam             M=output/dedup/CQTL_AM7678_FNF_Ankle_1_dup_metrics.txt             REMOVE_DUPLICATES=true             1> output/logs/mark_duplicates_CQTL_AM7678_FNF_Ankle_1.out 2> output/logs/mark_duplicates_CQTL_AM7678_FNF_Ankle_1.err

        samtools index output/dedup/CQTL_AM7678_FNF_Ankle_1_dedup.bam 1>> output/logs/mark_duplicates_CQTL_AM7678_FNF_Ankle_1.out 2>> output/logs/mark_duplicates_CQTL_AM7678_FNF_Ankle_1.err
        
Submitted job 410 with external jobid '54514287'.

[Tue Nov 19 21:38:10 2024]
rule mark_duplicates:
    input: output/align/CQTL_AM7727_FNF_Ankle_1_sorted.bam
    output: output/dedup/CQTL_AM7727_FNF_Ankle_1_dedup.bam, output/dedup/CQTL_AM7727_FNF_Ankle_1_dup_metrics.txt, output/dedup/CQTL_AM7727_FNF_Ankle_1_dedup.bai
    log: output/logs/mark_duplicates_CQTL_AM7727_FNF_Ankle_1.err, output/logs/mark_duplicates_CQTL_AM7727_FNF_Ankle_1.out
    jobid: 422
    wildcards: sampleName=CQTL_AM7727_FNF_Ankle_1


        module load java/17.0.2
        module load picard/2.26.11
        mkdir -p output/dedup

        java -Xmx16g -jar /nas/longleaf/apps/picard/17.0.2/picard-17.0.2/picard.jar MarkDuplicates             I=output/align/CQTL_AM7727_FNF_Ankle_1_sorted.bam             O=output/dedup/CQTL_AM7727_FNF_Ankle_1_dedup.bam             M=output/dedup/CQTL_AM7727_FNF_Ankle_1_dup_metrics.txt             REMOVE_DUPLICATES=true             1> output/logs/mark_duplicates_CQTL_AM7727_FNF_Ankle_1.out 2> output/logs/mark_duplicates_CQTL_AM7727_FNF_Ankle_1.err

        samtools index output/dedup/CQTL_AM7727_FNF_Ankle_1_dedup.bam 1>> output/logs/mark_duplicates_CQTL_AM7727_FNF_Ankle_1.out 2>> output/logs/mark_duplicates_CQTL_AM7727_FNF_Ankle_1.err
        
Submitted job 422 with external jobid '54514288'.

[Tue Nov 19 21:38:24 2024]
rule mark_duplicates:
    input: output/align/CQTL_AM7755_FNF_Ankle_1_sorted.bam
    output: output/dedup/CQTL_AM7755_FNF_Ankle_1_dedup.bam, output/dedup/CQTL_AM7755_FNF_Ankle_1_dup_metrics.txt, output/dedup/CQTL_AM7755_FNF_Ankle_1_dedup.bai
    log: output/logs/mark_duplicates_CQTL_AM7755_FNF_Ankle_1.err, output/logs/mark_duplicates_CQTL_AM7755_FNF_Ankle_1.out
    jobid: 431
    wildcards: sampleName=CQTL_AM7755_FNF_Ankle_1


        module load java/17.0.2
        module load picard/2.26.11
        mkdir -p output/dedup

        java -Xmx16g -jar /nas/longleaf/apps/picard/17.0.2/picard-17.0.2/picard.jar MarkDuplicates             I=output/align/CQTL_AM7755_FNF_Ankle_1_sorted.bam             O=output/dedup/CQTL_AM7755_FNF_Ankle_1_dedup.bam             M=output/dedup/CQTL_AM7755_FNF_Ankle_1_dup_metrics.txt             REMOVE_DUPLICATES=true             1> output/logs/mark_duplicates_CQTL_AM7755_FNF_Ankle_1.out 2> output/logs/mark_duplicates_CQTL_AM7755_FNF_Ankle_1.err

        samtools index output/dedup/CQTL_AM7755_FNF_Ankle_1_dedup.bam 1>> output/logs/mark_duplicates_CQTL_AM7755_FNF_Ankle_1.out 2>> output/logs/mark_duplicates_CQTL_AM7755_FNF_Ankle_1.err
        
[Tue Nov 19 21:38:31 2024]
Error in rule mark_duplicates:
    jobid: 449
    output: output/dedup/CQTL_AM7781_CTL_Ankle_1_dedup.bam, output/dedup/CQTL_AM7781_CTL_Ankle_1_dup_metrics.txt, output/dedup/CQTL_AM7781_CTL_Ankle_1_dedup.bai
    log: output/logs/mark_duplicates_CQTL_AM7781_CTL_Ankle_1.err, output/logs/mark_duplicates_CQTL_AM7781_CTL_Ankle_1.out (check log file(s) for error message)
    shell:
        
        module load java/17.0.2
        module load picard/2.26.11
        mkdir -p output/dedup

        java -Xmx16g -jar /nas/longleaf/apps/picard/17.0.2/picard-17.0.2/picard.jar MarkDuplicates             I=output/align/CQTL_AM7781_CTL_Ankle_1_sorted.bam             O=output/dedup/CQTL_AM7781_CTL_Ankle_1_dedup.bam             M=output/dedup/CQTL_AM7781_CTL_Ankle_1_dup_metrics.txt             REMOVE_DUPLICATES=true             1> output/logs/mark_duplicates_CQTL_AM7781_CTL_Ankle_1.out 2> output/logs/mark_duplicates_CQTL_AM7781_CTL_Ankle_1.err

        samtools index output/dedup/CQTL_AM7781_CTL_Ankle_1_dedup.bam 1>> output/logs/mark_duplicates_CQTL_AM7781_CTL_Ankle_1.out 2>> output/logs/mark_duplicates_CQTL_AM7781_CTL_Ankle_1.err
        
        (one of the commands exited with non-zero exit code; note that snakemake uses bash strict mode!)
    cluster_jobid: 54514284

Error executing rule mark_duplicates on cluster (jobid: 449, external: 54514284, jobscript: /work/users/s/e/seyoun/CQTL_AI/.snakemake/tmp.8tk8ln87/snakejob.mark_duplicates.449.sh). For error details see the cluster log and the log files of the involved rule(s).
Submitted job 431 with external jobid '54514291'.
[Tue Nov 19 21:38:40 2024]
Error in rule mark_duplicates:
    jobid: 410
    output: output/dedup/CQTL_AM7678_FNF_Ankle_1_dedup.bam, output/dedup/CQTL_AM7678_FNF_Ankle_1_dup_metrics.txt, output/dedup/CQTL_AM7678_FNF_Ankle_1_dedup.bai
    log: output/logs/mark_duplicates_CQTL_AM7678_FNF_Ankle_1.err, output/logs/mark_duplicates_CQTL_AM7678_FNF_Ankle_1.out (check log file(s) for error message)
    shell:
        
        module load java/17.0.2
        module load picard/2.26.11
        mkdir -p output/dedup

        java -Xmx16g -jar /nas/longleaf/apps/picard/17.0.2/picard-17.0.2/picard.jar MarkDuplicates             I=output/align/CQTL_AM7678_FNF_Ankle_1_sorted.bam             O=output/dedup/CQTL_AM7678_FNF_Ankle_1_dedup.bam             M=output/dedup/CQTL_AM7678_FNF_Ankle_1_dup_metrics.txt             REMOVE_DUPLICATES=true             1> output/logs/mark_duplicates_CQTL_AM7678_FNF_Ankle_1.out 2> output/logs/mark_duplicates_CQTL_AM7678_FNF_Ankle_1.err

        samtools index output/dedup/CQTL_AM7678_FNF_Ankle_1_dedup.bam 1>> output/logs/mark_duplicates_CQTL_AM7678_FNF_Ankle_1.out 2>> output/logs/mark_duplicates_CQTL_AM7678_FNF_Ankle_1.err
        
        (one of the commands exited with non-zero exit code; note that snakemake uses bash strict mode!)
    cluster_jobid: 54514287

Error executing rule mark_duplicates on cluster (jobid: 410, external: 54514287, jobscript: /work/users/s/e/seyoun/CQTL_AI/.snakemake/tmp.8tk8ln87/snakejob.mark_duplicates.410.sh). For error details see the cluster log and the log files of the involved rule(s).

[Tue Nov 19 21:38:48 2024]
rule mark_duplicates:
    input: output/align/CQTL_AM7780_FNF_Ankle_1_sorted.bam
    output: output/dedup/CQTL_AM7780_FNF_Ankle_1_dedup.bam, output/dedup/CQTL_AM7780_FNF_Ankle_1_dup_metrics.txt, output/dedup/CQTL_AM7780_FNF_Ankle_1_dedup.bai
    log: output/logs/mark_duplicates_CQTL_AM7780_FNF_Ankle_1.err, output/logs/mark_duplicates_CQTL_AM7780_FNF_Ankle_1.out
    jobid: 448
    wildcards: sampleName=CQTL_AM7780_FNF_Ankle_1


        module load java/17.0.2
        module load picard/2.26.11
        mkdir -p output/dedup

        java -Xmx16g -jar /nas/longleaf/apps/picard/17.0.2/picard-17.0.2/picard.jar MarkDuplicates             I=output/align/CQTL_AM7780_FNF_Ankle_1_sorted.bam             O=output/dedup/CQTL_AM7780_FNF_Ankle_1_dedup.bam             M=output/dedup/CQTL_AM7780_FNF_Ankle_1_dup_metrics.txt             REMOVE_DUPLICATES=true             1> output/logs/mark_duplicates_CQTL_AM7780_FNF_Ankle_1.out 2> output/logs/mark_duplicates_CQTL_AM7780_FNF_Ankle_1.err

        samtools index output/dedup/CQTL_AM7780_FNF_Ankle_1_dedup.bam 1>> output/logs/mark_duplicates_CQTL_AM7780_FNF_Ankle_1.out 2>> output/logs/mark_duplicates_CQTL_AM7780_FNF_Ankle_1.err
        
Submitted job 448 with external jobid '54514294'.
[Tue Nov 19 21:38:57 2024]
Error in rule mark_duplicates:
    jobid: 422
    output: output/dedup/CQTL_AM7727_FNF_Ankle_1_dedup.bam, output/dedup/CQTL_AM7727_FNF_Ankle_1_dup_metrics.txt, output/dedup/CQTL_AM7727_FNF_Ankle_1_dedup.bai
    log: output/logs/mark_duplicates_CQTL_AM7727_FNF_Ankle_1.err, output/logs/mark_duplicates_CQTL_AM7727_FNF_Ankle_1.out (check log file(s) for error message)
    shell:
        
        module load java/17.0.2
        module load picard/2.26.11
        mkdir -p output/dedup

        java -Xmx16g -jar /nas/longleaf/apps/picard/17.0.2/picard-17.0.2/picard.jar MarkDuplicates             I=output/align/CQTL_AM7727_FNF_Ankle_1_sorted.bam             O=output/dedup/CQTL_AM7727_FNF_Ankle_1_dedup.bam             M=output/dedup/CQTL_AM7727_FNF_Ankle_1_dup_metrics.txt             REMOVE_DUPLICATES=true             1> output/logs/mark_duplicates_CQTL_AM7727_FNF_Ankle_1.out 2> output/logs/mark_duplicates_CQTL_AM7727_FNF_Ankle_1.err

        samtools index output/dedup/CQTL_AM7727_FNF_Ankle_1_dedup.bam 1>> output/logs/mark_duplicates_CQTL_AM7727_FNF_Ankle_1.out 2>> output/logs/mark_duplicates_CQTL_AM7727_FNF_Ankle_1.err
        
        (one of the commands exited with non-zero exit code; note that snakemake uses bash strict mode!)
    cluster_jobid: 54514288

Error executing rule mark_duplicates on cluster (jobid: 422, external: 54514288, jobscript: /work/users/s/e/seyoun/CQTL_AI/.snakemake/tmp.8tk8ln87/snakejob.mark_duplicates.422.sh). For error details see the cluster log and the log files of the involved rule(s).

[Tue Nov 19 21:39:07 2024]
rule mark_duplicates:
    input: output/align/CQTL_AM7769_FNF_Ankle_1_sorted.bam
    output: output/dedup/CQTL_AM7769_FNF_Ankle_1_dedup.bam, output/dedup/CQTL_AM7769_FNF_Ankle_1_dup_metrics.txt, output/dedup/CQTL_AM7769_FNF_Ankle_1_dedup.bai
    log: output/logs/mark_duplicates_CQTL_AM7769_FNF_Ankle_1.err, output/logs/mark_duplicates_CQTL_AM7769_FNF_Ankle_1.out
    jobid: 438
    wildcards: sampleName=CQTL_AM7769_FNF_Ankle_1


        module load java/17.0.2
        module load picard/2.26.11
        mkdir -p output/dedup

        java -Xmx16g -jar /nas/longleaf/apps/picard/17.0.2/picard-17.0.2/picard.jar MarkDuplicates             I=output/align/CQTL_AM7769_FNF_Ankle_1_sorted.bam             O=output/dedup/CQTL_AM7769_FNF_Ankle_1_dedup.bam             M=output/dedup/CQTL_AM7769_FNF_Ankle_1_dup_metrics.txt             REMOVE_DUPLICATES=true             1> output/logs/mark_duplicates_CQTL_AM7769_FNF_Ankle_1.out 2> output/logs/mark_duplicates_CQTL_AM7769_FNF_Ankle_1.err

        samtools index output/dedup/CQTL_AM7769_FNF_Ankle_1_dedup.bam 1>> output/logs/mark_duplicates_CQTL_AM7769_FNF_Ankle_1.out 2>> output/logs/mark_duplicates_CQTL_AM7769_FNF_Ankle_1.err
        
Submitted job 438 with external jobid '54514296'.
[Tue Nov 19 21:39:19 2024]
Error in rule mark_duplicates:
    jobid: 431
    output: output/dedup/CQTL_AM7755_FNF_Ankle_1_dedup.bam, output/dedup/CQTL_AM7755_FNF_Ankle_1_dup_metrics.txt, output/dedup/CQTL_AM7755_FNF_Ankle_1_dedup.bai
    log: output/logs/mark_duplicates_CQTL_AM7755_FNF_Ankle_1.err, output/logs/mark_duplicates_CQTL_AM7755_FNF_Ankle_1.out (check log file(s) for error message)
    shell:
        
        module load java/17.0.2
        module load picard/2.26.11
        mkdir -p output/dedup

        java -Xmx16g -jar /nas/longleaf/apps/picard/17.0.2/picard-17.0.2/picard.jar MarkDuplicates             I=output/align/CQTL_AM7755_FNF_Ankle_1_sorted.bam             O=output/dedup/CQTL_AM7755_FNF_Ankle_1_dedup.bam             M=output/dedup/CQTL_AM7755_FNF_Ankle_1_dup_metrics.txt             REMOVE_DUPLICATES=true             1> output/logs/mark_duplicates_CQTL_AM7755_FNF_Ankle_1.out 2> output/logs/mark_duplicates_CQTL_AM7755_FNF_Ankle_1.err

        samtools index output/dedup/CQTL_AM7755_FNF_Ankle_1_dedup.bam 1>> output/logs/mark_duplicates_CQTL_AM7755_FNF_Ankle_1.out 2>> output/logs/mark_duplicates_CQTL_AM7755_FNF_Ankle_1.err
        
        (one of the commands exited with non-zero exit code; note that snakemake uses bash strict mode!)
    cluster_jobid: 54514291

Error executing rule mark_duplicates on cluster (jobid: 431, external: 54514291, jobscript: /work/users/s/e/seyoun/CQTL_AI/.snakemake/tmp.8tk8ln87/snakejob.mark_duplicates.431.sh). For error details see the cluster log and the log files of the involved rule(s).
[Tue Nov 19 21:39:28 2024]
Error in rule mark_duplicates:
    jobid: 448
    output: output/dedup/CQTL_AM7780_FNF_Ankle_1_dedup.bam, output/dedup/CQTL_AM7780_FNF_Ankle_1_dup_metrics.txt, output/dedup/CQTL_AM7780_FNF_Ankle_1_dedup.bai
    log: output/logs/mark_duplicates_CQTL_AM7780_FNF_Ankle_1.err, output/logs/mark_duplicates_CQTL_AM7780_FNF_Ankle_1.out (check log file(s) for error message)
    shell:
        
        module load java/17.0.2
        module load picard/2.26.11
        mkdir -p output/dedup

        java -Xmx16g -jar /nas/longleaf/apps/picard/17.0.2/picard-17.0.2/picard.jar MarkDuplicates             I=output/align/CQTL_AM7780_FNF_Ankle_1_sorted.bam             O=output/dedup/CQTL_AM7780_FNF_Ankle_1_dedup.bam             M=output/dedup/CQTL_AM7780_FNF_Ankle_1_dup_metrics.txt             REMOVE_DUPLICATES=true             1> output/logs/mark_duplicates_CQTL_AM7780_FNF_Ankle_1.out 2> output/logs/mark_duplicates_CQTL_AM7780_FNF_Ankle_1.err

        samtools index output/dedup/CQTL_AM7780_FNF_Ankle_1_dedup.bam 1>> output/logs/mark_duplicates_CQTL_AM7780_FNF_Ankle_1.out 2>> output/logs/mark_duplicates_CQTL_AM7780_FNF_Ankle_1.err
        
        (one of the commands exited with non-zero exit code; note that snakemake uses bash strict mode!)
    cluster_jobid: 54514294

Error executing rule mark_duplicates on cluster (jobid: 448, external: 54514294, jobscript: /work/users/s/e/seyoun/CQTL_AI/.snakemake/tmp.8tk8ln87/snakejob.mark_duplicates.448.sh). For error details see the cluster log and the log files of the involved rule(s).

[Tue Nov 19 21:39:28 2024]
rule mark_duplicates:
    input: output/align/CQTL_AM7677_CTL_Ankle_1_sorted.bam
    output: output/dedup/CQTL_AM7677_CTL_Ankle_1_dedup.bam, output/dedup/CQTL_AM7677_CTL_Ankle_1_dup_metrics.txt, output/dedup/CQTL_AM7677_CTL_Ankle_1_dedup.bai
    log: output/logs/mark_duplicates_CQTL_AM7677_CTL_Ankle_1.err, output/logs/mark_duplicates_CQTL_AM7677_CTL_Ankle_1.out
    jobid: 407
    wildcards: sampleName=CQTL_AM7677_CTL_Ankle_1


        module load java/17.0.2
        module load picard/2.26.11
        mkdir -p output/dedup

        java -Xmx16g -jar /nas/longleaf/apps/picard/17.0.2/picard-17.0.2/picard.jar MarkDuplicates             I=output/align/CQTL_AM7677_CTL_Ankle_1_sorted.bam             O=output/dedup/CQTL_AM7677_CTL_Ankle_1_dedup.bam             M=output/dedup/CQTL_AM7677_CTL_Ankle_1_dup_metrics.txt             REMOVE_DUPLICATES=true             1> output/logs/mark_duplicates_CQTL_AM7677_CTL_Ankle_1.out 2> output/logs/mark_duplicates_CQTL_AM7677_CTL_Ankle_1.err

        samtools index output/dedup/CQTL_AM7677_CTL_Ankle_1_dedup.bam 1>> output/logs/mark_duplicates_CQTL_AM7677_CTL_Ankle_1.out 2>> output/logs/mark_duplicates_CQTL_AM7677_CTL_Ankle_1.err
        
Submitted job 407 with external jobid '54514297'.

[Tue Nov 19 21:39:42 2024]
rule mark_duplicates:
    input: output/align/CQTL_AM7778_CTL_Ankle_1_sorted.bam
    output: output/dedup/CQTL_AM7778_CTL_Ankle_1_dedup.bam, output/dedup/CQTL_AM7778_CTL_Ankle_1_dup_metrics.txt, output/dedup/CQTL_AM7778_CTL_Ankle_1_dedup.bai
    log: output/logs/mark_duplicates_CQTL_AM7778_CTL_Ankle_1.err, output/logs/mark_duplicates_CQTL_AM7778_CTL_Ankle_1.out
    jobid: 445
    wildcards: sampleName=CQTL_AM7778_CTL_Ankle_1


        module load java/17.0.2
        module load picard/2.26.11
        mkdir -p output/dedup

        java -Xmx16g -jar /nas/longleaf/apps/picard/17.0.2/picard-17.0.2/picard.jar MarkDuplicates             I=output/align/CQTL_AM7778_CTL_Ankle_1_sorted.bam             O=output/dedup/CQTL_AM7778_CTL_Ankle_1_dedup.bam             M=output/dedup/CQTL_AM7778_CTL_Ankle_1_dup_metrics.txt             REMOVE_DUPLICATES=true             1> output/logs/mark_duplicates_CQTL_AM7778_CTL_Ankle_1.out 2> output/logs/mark_duplicates_CQTL_AM7778_CTL_Ankle_1.err

        samtools index output/dedup/CQTL_AM7778_CTL_Ankle_1_dedup.bam 1>> output/logs/mark_duplicates_CQTL_AM7778_CTL_Ankle_1.out 2>> output/logs/mark_duplicates_CQTL_AM7778_CTL_Ankle_1.err
        
Submitted job 445 with external jobid '54514298'.
[Tue Nov 19 21:40:01 2024]
Error in rule mark_duplicates:
    jobid: 438
    output: output/dedup/CQTL_AM7769_FNF_Ankle_1_dedup.bam, output/dedup/CQTL_AM7769_FNF_Ankle_1_dup_metrics.txt, output/dedup/CQTL_AM7769_FNF_Ankle_1_dedup.bai
    log: output/logs/mark_duplicates_CQTL_AM7769_FNF_Ankle_1.err, output/logs/mark_duplicates_CQTL_AM7769_FNF_Ankle_1.out (check log file(s) for error message)
    shell:
        
        module load java/17.0.2
        module load picard/2.26.11
        mkdir -p output/dedup

        java -Xmx16g -jar /nas/longleaf/apps/picard/17.0.2/picard-17.0.2/picard.jar MarkDuplicates             I=output/align/CQTL_AM7769_FNF_Ankle_1_sorted.bam             O=output/dedup/CQTL_AM7769_FNF_Ankle_1_dedup.bam             M=output/dedup/CQTL_AM7769_FNF_Ankle_1_dup_metrics.txt             REMOVE_DUPLICATES=true             1> output/logs/mark_duplicates_CQTL_AM7769_FNF_Ankle_1.out 2> output/logs/mark_duplicates_CQTL_AM7769_FNF_Ankle_1.err

        samtools index output/dedup/CQTL_AM7769_FNF_Ankle_1_dedup.bam 1>> output/logs/mark_duplicates_CQTL_AM7769_FNF_Ankle_1.out 2>> output/logs/mark_duplicates_CQTL_AM7769_FNF_Ankle_1.err
        
        (one of the commands exited with non-zero exit code; note that snakemake uses bash strict mode!)
    cluster_jobid: 54514296

Error executing rule mark_duplicates on cluster (jobid: 438, external: 54514296, jobscript: /work/users/s/e/seyoun/CQTL_AI/.snakemake/tmp.8tk8ln87/snakejob.mark_duplicates.438.sh). For error details see the cluster log and the log files of the involved rule(s).
[Tue Nov 19 21:40:06 2024]
Error in rule mark_duplicates:
    jobid: 407
    output: output/dedup/CQTL_AM7677_CTL_Ankle_1_dedup.bam, output/dedup/CQTL_AM7677_CTL_Ankle_1_dup_metrics.txt, output/dedup/CQTL_AM7677_CTL_Ankle_1_dedup.bai
    log: output/logs/mark_duplicates_CQTL_AM7677_CTL_Ankle_1.err, output/logs/mark_duplicates_CQTL_AM7677_CTL_Ankle_1.out (check log file(s) for error message)
    shell:
        
        module load java/17.0.2
        module load picard/2.26.11
        mkdir -p output/dedup

        java -Xmx16g -jar /nas/longleaf/apps/picard/17.0.2/picard-17.0.2/picard.jar MarkDuplicates             I=output/align/CQTL_AM7677_CTL_Ankle_1_sorted.bam             O=output/dedup/CQTL_AM7677_CTL_Ankle_1_dedup.bam             M=output/dedup/CQTL_AM7677_CTL_Ankle_1_dup_metrics.txt             REMOVE_DUPLICATES=true             1> output/logs/mark_duplicates_CQTL_AM7677_CTL_Ankle_1.out 2> output/logs/mark_duplicates_CQTL_AM7677_CTL_Ankle_1.err

        samtools index output/dedup/CQTL_AM7677_CTL_Ankle_1_dedup.bam 1>> output/logs/mark_duplicates_CQTL_AM7677_CTL_Ankle_1.out 2>> output/logs/mark_duplicates_CQTL_AM7677_CTL_Ankle_1.err
        
        (one of the commands exited with non-zero exit code; note that snakemake uses bash strict mode!)
    cluster_jobid: 54514297

Error executing rule mark_duplicates on cluster (jobid: 407, external: 54514297, jobscript: /work/users/s/e/seyoun/CQTL_AI/.snakemake/tmp.8tk8ln87/snakejob.mark_duplicates.407.sh). For error details see the cluster log and the log files of the involved rule(s).

[Tue Nov 19 21:40:11 2024]
rule mark_duplicates:
    input: output/align/FACT_23-0023_FNF_synovium_1_sorted.bam
    output: output/dedup/FACT_23-0023_FNF_synovium_1_dedup.bam, output/dedup/FACT_23-0023_FNF_synovium_1_dup_metrics.txt, output/dedup/FACT_23-0023_FNF_synovium_1_dedup.bai
    log: output/logs/mark_duplicates_FACT_23-0023_FNF_synovium_1.err, output/logs/mark_duplicates_FACT_23-0023_FNF_synovium_1.out
    jobid: 462
    wildcards: sampleName=FACT_23-0023_FNF_synovium_1


        module load java/17.0.2
        module load picard/2.26.11
        mkdir -p output/dedup

        java -Xmx16g -jar /nas/longleaf/apps/picard/17.0.2/picard-17.0.2/picard.jar MarkDuplicates             I=output/align/FACT_23-0023_FNF_synovium_1_sorted.bam             O=output/dedup/FACT_23-0023_FNF_synovium_1_dedup.bam             M=output/dedup/FACT_23-0023_FNF_synovium_1_dup_metrics.txt             REMOVE_DUPLICATES=true             1> output/logs/mark_duplicates_FACT_23-0023_FNF_synovium_1.out 2> output/logs/mark_duplicates_FACT_23-0023_FNF_synovium_1.err

        samtools index output/dedup/FACT_23-0023_FNF_synovium_1_dedup.bam 1>> output/logs/mark_duplicates_FACT_23-0023_FNF_synovium_1.out 2>> output/logs/mark_duplicates_FACT_23-0023_FNF_synovium_1.err
        
Submitted job 462 with external jobid '54514304'.

[Tue Nov 19 21:40:34 2024]
rule mark_duplicates:
    input: output/align/FACT_23-0025_FNF_synovium_1_sorted.bam
    output: output/dedup/FACT_23-0025_FNF_synovium_1_dedup.bam, output/dedup/FACT_23-0025_FNF_synovium_1_dup_metrics.txt, output/dedup/FACT_23-0025_FNF_synovium_1_dedup.bai
    log: output/logs/mark_duplicates_FACT_23-0025_FNF_synovium_1.err, output/logs/mark_duplicates_FACT_23-0025_FNF_synovium_1.out
    jobid: 464
    wildcards: sampleName=FACT_23-0025_FNF_synovium_1


        module load java/17.0.2
        module load picard/2.26.11
        mkdir -p output/dedup

        java -Xmx16g -jar /nas/longleaf/apps/picard/17.0.2/picard-17.0.2/picard.jar MarkDuplicates             I=output/align/FACT_23-0025_FNF_synovium_1_sorted.bam             O=output/dedup/FACT_23-0025_FNF_synovium_1_dedup.bam             M=output/dedup/FACT_23-0025_FNF_synovium_1_dup_metrics.txt             REMOVE_DUPLICATES=true             1> output/logs/mark_duplicates_FACT_23-0025_FNF_synovium_1.out 2> output/logs/mark_duplicates_FACT_23-0025_FNF_synovium_1.err

        samtools index output/dedup/FACT_23-0025_FNF_synovium_1_dedup.bam 1>> output/logs/mark_duplicates_FACT_23-0025_FNF_synovium_1.out 2>> output/logs/mark_duplicates_FACT_23-0025_FNF_synovium_1.err
        
Submitted job 464 with external jobid '54514905'.
[Tue Nov 19 21:40:39 2024]
Error in rule mark_duplicates:
    jobid: 445
    output: output/dedup/CQTL_AM7778_CTL_Ankle_1_dedup.bam, output/dedup/CQTL_AM7778_CTL_Ankle_1_dup_metrics.txt, output/dedup/CQTL_AM7778_CTL_Ankle_1_dedup.bai
    log: output/logs/mark_duplicates_CQTL_AM7778_CTL_Ankle_1.err, output/logs/mark_duplicates_CQTL_AM7778_CTL_Ankle_1.out (check log file(s) for error message)
    shell:
        
        module load java/17.0.2
        module load picard/2.26.11
        mkdir -p output/dedup

        java -Xmx16g -jar /nas/longleaf/apps/picard/17.0.2/picard-17.0.2/picard.jar MarkDuplicates             I=output/align/CQTL_AM7778_CTL_Ankle_1_sorted.bam             O=output/dedup/CQTL_AM7778_CTL_Ankle_1_dedup.bam             M=output/dedup/CQTL_AM7778_CTL_Ankle_1_dup_metrics.txt             REMOVE_DUPLICATES=true             1> output/logs/mark_duplicates_CQTL_AM7778_CTL_Ankle_1.out 2> output/logs/mark_duplicates_CQTL_AM7778_CTL_Ankle_1.err

        samtools index output/dedup/CQTL_AM7778_CTL_Ankle_1_dedup.bam 1>> output/logs/mark_duplicates_CQTL_AM7778_CTL_Ankle_1.out 2>> output/logs/mark_duplicates_CQTL_AM7778_CTL_Ankle_1.err
        
        (one of the commands exited with non-zero exit code; note that snakemake uses bash strict mode!)
    cluster_jobid: 54514298

Error executing rule mark_duplicates on cluster (jobid: 445, external: 54514298, jobscript: /work/users/s/e/seyoun/CQTL_AI/.snakemake/tmp.8tk8ln87/snakejob.mark_duplicates.445.sh). For error details see the cluster log and the log files of the involved rule(s).
