Building DAG of jobs...
Using shell: /usr/bin/bash
Provided cluster nodes: 100
Job counts:
	count	jobs
	1	all
	22	reheader_imputed
	23

[Tue Dec 24 14:21:32 2024]
rule reheader_imputed:
    input: /work/users/s/e/seyoun/CQTL_AI/Genopipe/output/imputation/michigan_imputation_result/chr6.dose.vcf.gz, output/geno/pbs_geno/mappings/sample_name_mapping.txt, output/geno/fnf_geno/mappings/sample_name_mapping.txt
    output: output/geno/pbs_geno/wasp_vcf/chr6.pbs.rename.vcf.gz, output/geno/pbs_geno/wasp_vcf/chr6.fnf.rename.vcf.gz
    log: output/logs/imputed_PBS_chr6_rename.log, output/logs/imputed_FNF_chr6_rename.log
    jobid: 49
    wildcards: chrom=6


        module load samtools/1.21
        # Get the chromosome number from wildcards
        chrom=6

        mkdir -p output/geno/pbs_geno/wasp_vcf output/geno/fnf_geno/wasp_vcf

        sed 's/^0_//' output/geno/pbs_geno/mappings/sample_name_mapping.txt > output/geno/pbs_geno/wasp_vcf/mappings/imputed_pbs_mapping.txt
        sed 's/^0_//' output/geno/fnf_geno/mappings/sample_name_mapping.txt > output/geno/fnf_geno/wasp_vcf/mappings/imputed_fnf_mapping.txt

        # PBS files
        bcftools reheader             --samples output/geno/pbs_geno/wasp_vcf/mappings/imputed_pbs_mapping.txt             /work/users/s/e/seyoun/CQTL_AI/Genopipe/output/imputation/michigan_imputation_result/chr6.dose.vcf.gz             -o output/geno/pbs_geno/wasp_vcf/chr6.pbs.rename.vcf.gz 2> output/logs/imputed_PBS_chr6_rename.log

        # FNF files
        bcftools reheader             --samples output/geno/fnf_geno/wasp_vcf/mappings/imputed_fnf_mapping.txt             /work/users/s/e/seyoun/CQTL_AI/Genopipe/output/imputation/michigan_imputation_result/chr6.dose.vcf.gz             -o output/geno/pbs_geno/wasp_vcf/chr6.fnf.rename.vcf.gz 2> output/logs/imputed_FNF_chr6_rename.log

        # Index files
        tabix -p vcf output/geno/pbs_geno/wasp_vcf/chr6.pbs.rename.vcf.gz
        tabix -p vcf output/geno/pbs_geno/wasp_vcf/chr6.fnf.rename.vcf.gz
        
Submitted job 49 with external jobid '56356625'.

[Tue Dec 24 14:21:37 2024]
rule reheader_imputed:
    input: /work/users/s/e/seyoun/CQTL_AI/Genopipe/output/imputation/michigan_imputation_result/chr16.dose.vcf.gz, output/geno/pbs_geno/mappings/sample_name_mapping.txt, output/geno/fnf_geno/mappings/sample_name_mapping.txt
    output: output/geno/pbs_geno/wasp_vcf/chr16.pbs.rename.vcf.gz, output/geno/pbs_geno/wasp_vcf/chr16.fnf.rename.vcf.gz
    log: output/logs/imputed_PBS_chr16_rename.log, output/logs/imputed_FNF_chr16_rename.log
    jobid: 59
    wildcards: chrom=16


        module load samtools/1.21
        # Get the chromosome number from wildcards
        chrom=16

        mkdir -p output/geno/pbs_geno/wasp_vcf output/geno/fnf_geno/wasp_vcf

        sed 's/^0_//' output/geno/pbs_geno/mappings/sample_name_mapping.txt > output/geno/pbs_geno/wasp_vcf/mappings/imputed_pbs_mapping.txt
        sed 's/^0_//' output/geno/fnf_geno/mappings/sample_name_mapping.txt > output/geno/fnf_geno/wasp_vcf/mappings/imputed_fnf_mapping.txt

        # PBS files
        bcftools reheader             --samples output/geno/pbs_geno/wasp_vcf/mappings/imputed_pbs_mapping.txt             /work/users/s/e/seyoun/CQTL_AI/Genopipe/output/imputation/michigan_imputation_result/chr16.dose.vcf.gz             -o output/geno/pbs_geno/wasp_vcf/chr16.pbs.rename.vcf.gz 2> output/logs/imputed_PBS_chr16_rename.log

        # FNF files
        bcftools reheader             --samples output/geno/fnf_geno/wasp_vcf/mappings/imputed_fnf_mapping.txt             /work/users/s/e/seyoun/CQTL_AI/Genopipe/output/imputation/michigan_imputation_result/chr16.dose.vcf.gz             -o output/geno/pbs_geno/wasp_vcf/chr16.fnf.rename.vcf.gz 2> output/logs/imputed_FNF_chr16_rename.log

        # Index files
        tabix -p vcf output/geno/pbs_geno/wasp_vcf/chr16.pbs.rename.vcf.gz
        tabix -p vcf output/geno/pbs_geno/wasp_vcf/chr16.fnf.rename.vcf.gz
        
Submitted job 59 with external jobid '56356626'.

[Tue Dec 24 14:21:42 2024]
rule reheader_imputed:
    input: /work/users/s/e/seyoun/CQTL_AI/Genopipe/output/imputation/michigan_imputation_result/chr13.dose.vcf.gz, output/geno/pbs_geno/mappings/sample_name_mapping.txt, output/geno/fnf_geno/mappings/sample_name_mapping.txt
    output: output/geno/pbs_geno/wasp_vcf/chr13.pbs.rename.vcf.gz, output/geno/pbs_geno/wasp_vcf/chr13.fnf.rename.vcf.gz
    log: output/logs/imputed_PBS_chr13_rename.log, output/logs/imputed_FNF_chr13_rename.log
    jobid: 56
    wildcards: chrom=13


        module load samtools/1.21
        # Get the chromosome number from wildcards
        chrom=13

        mkdir -p output/geno/pbs_geno/wasp_vcf output/geno/fnf_geno/wasp_vcf

        sed 's/^0_//' output/geno/pbs_geno/mappings/sample_name_mapping.txt > output/geno/pbs_geno/wasp_vcf/mappings/imputed_pbs_mapping.txt
        sed 's/^0_//' output/geno/fnf_geno/mappings/sample_name_mapping.txt > output/geno/fnf_geno/wasp_vcf/mappings/imputed_fnf_mapping.txt

        # PBS files
        bcftools reheader             --samples output/geno/pbs_geno/wasp_vcf/mappings/imputed_pbs_mapping.txt             /work/users/s/e/seyoun/CQTL_AI/Genopipe/output/imputation/michigan_imputation_result/chr13.dose.vcf.gz             -o output/geno/pbs_geno/wasp_vcf/chr13.pbs.rename.vcf.gz 2> output/logs/imputed_PBS_chr13_rename.log

        # FNF files
        bcftools reheader             --samples output/geno/fnf_geno/wasp_vcf/mappings/imputed_fnf_mapping.txt             /work/users/s/e/seyoun/CQTL_AI/Genopipe/output/imputation/michigan_imputation_result/chr13.dose.vcf.gz             -o output/geno/pbs_geno/wasp_vcf/chr13.fnf.rename.vcf.gz 2> output/logs/imputed_FNF_chr13_rename.log

        # Index files
        tabix -p vcf output/geno/pbs_geno/wasp_vcf/chr13.pbs.rename.vcf.gz
        tabix -p vcf output/geno/pbs_geno/wasp_vcf/chr13.fnf.rename.vcf.gz
        
Submitted job 56 with external jobid '56356627'.

[Tue Dec 24 14:21:47 2024]
rule reheader_imputed:
    input: /work/users/s/e/seyoun/CQTL_AI/Genopipe/output/imputation/michigan_imputation_result/chr12.dose.vcf.gz, output/geno/pbs_geno/mappings/sample_name_mapping.txt, output/geno/fnf_geno/mappings/sample_name_mapping.txt
    output: output/geno/pbs_geno/wasp_vcf/chr12.pbs.rename.vcf.gz, output/geno/pbs_geno/wasp_vcf/chr12.fnf.rename.vcf.gz
    log: output/logs/imputed_PBS_chr12_rename.log, output/logs/imputed_FNF_chr12_rename.log
    jobid: 55
    wildcards: chrom=12


        module load samtools/1.21
        # Get the chromosome number from wildcards
        chrom=12

        mkdir -p output/geno/pbs_geno/wasp_vcf output/geno/fnf_geno/wasp_vcf

        sed 's/^0_//' output/geno/pbs_geno/mappings/sample_name_mapping.txt > output/geno/pbs_geno/wasp_vcf/mappings/imputed_pbs_mapping.txt
        sed 's/^0_//' output/geno/fnf_geno/mappings/sample_name_mapping.txt > output/geno/fnf_geno/wasp_vcf/mappings/imputed_fnf_mapping.txt

        # PBS files
        bcftools reheader             --samples output/geno/pbs_geno/wasp_vcf/mappings/imputed_pbs_mapping.txt             /work/users/s/e/seyoun/CQTL_AI/Genopipe/output/imputation/michigan_imputation_result/chr12.dose.vcf.gz             -o output/geno/pbs_geno/wasp_vcf/chr12.pbs.rename.vcf.gz 2> output/logs/imputed_PBS_chr12_rename.log

        # FNF files
        bcftools reheader             --samples output/geno/fnf_geno/wasp_vcf/mappings/imputed_fnf_mapping.txt             /work/users/s/e/seyoun/CQTL_AI/Genopipe/output/imputation/michigan_imputation_result/chr12.dose.vcf.gz             -o output/geno/pbs_geno/wasp_vcf/chr12.fnf.rename.vcf.gz 2> output/logs/imputed_FNF_chr12_rename.log

        # Index files
        tabix -p vcf output/geno/pbs_geno/wasp_vcf/chr12.pbs.rename.vcf.gz
        tabix -p vcf output/geno/pbs_geno/wasp_vcf/chr12.fnf.rename.vcf.gz
        
Submitted job 55 with external jobid '56356629'.

[Tue Dec 24 14:21:52 2024]
rule reheader_imputed:
    input: /work/users/s/e/seyoun/CQTL_AI/Genopipe/output/imputation/michigan_imputation_result/chr22.dose.vcf.gz, output/geno/pbs_geno/mappings/sample_name_mapping.txt, output/geno/fnf_geno/mappings/sample_name_mapping.txt
    output: output/geno/pbs_geno/wasp_vcf/chr22.pbs.rename.vcf.gz, output/geno/pbs_geno/wasp_vcf/chr22.fnf.rename.vcf.gz
    log: output/logs/imputed_PBS_chr22_rename.log, output/logs/imputed_FNF_chr22_rename.log
    jobid: 65
    wildcards: chrom=22


        module load samtools/1.21
        # Get the chromosome number from wildcards
        chrom=22

        mkdir -p output/geno/pbs_geno/wasp_vcf output/geno/fnf_geno/wasp_vcf

        sed 's/^0_//' output/geno/pbs_geno/mappings/sample_name_mapping.txt > output/geno/pbs_geno/wasp_vcf/mappings/imputed_pbs_mapping.txt
        sed 's/^0_//' output/geno/fnf_geno/mappings/sample_name_mapping.txt > output/geno/fnf_geno/wasp_vcf/mappings/imputed_fnf_mapping.txt

        # PBS files
        bcftools reheader             --samples output/geno/pbs_geno/wasp_vcf/mappings/imputed_pbs_mapping.txt             /work/users/s/e/seyoun/CQTL_AI/Genopipe/output/imputation/michigan_imputation_result/chr22.dose.vcf.gz             -o output/geno/pbs_geno/wasp_vcf/chr22.pbs.rename.vcf.gz 2> output/logs/imputed_PBS_chr22_rename.log

        # FNF files
        bcftools reheader             --samples output/geno/fnf_geno/wasp_vcf/mappings/imputed_fnf_mapping.txt             /work/users/s/e/seyoun/CQTL_AI/Genopipe/output/imputation/michigan_imputation_result/chr22.dose.vcf.gz             -o output/geno/pbs_geno/wasp_vcf/chr22.fnf.rename.vcf.gz 2> output/logs/imputed_FNF_chr22_rename.log

        # Index files
        tabix -p vcf output/geno/pbs_geno/wasp_vcf/chr22.pbs.rename.vcf.gz
        tabix -p vcf output/geno/pbs_geno/wasp_vcf/chr22.fnf.rename.vcf.gz
        
Submitted job 65 with external jobid '56356630'.
[Tue Dec 24 14:21:54 2024]
Error in rule reheader_imputed:
    jobid: 56
    output: output/geno/pbs_geno/wasp_vcf/chr13.pbs.rename.vcf.gz, output/geno/pbs_geno/wasp_vcf/chr13.fnf.rename.vcf.gz
    log: output/logs/imputed_PBS_chr13_rename.log, output/logs/imputed_FNF_chr13_rename.log (check log file(s) for error message)
    shell:
        
        module load samtools/1.21
        # Get the chromosome number from wildcards
        chrom=13

        mkdir -p output/geno/pbs_geno/wasp_vcf output/geno/fnf_geno/wasp_vcf

        sed 's/^0_//' output/geno/pbs_geno/mappings/sample_name_mapping.txt > output/geno/pbs_geno/wasp_vcf/mappings/imputed_pbs_mapping.txt
        sed 's/^0_//' output/geno/fnf_geno/mappings/sample_name_mapping.txt > output/geno/fnf_geno/wasp_vcf/mappings/imputed_fnf_mapping.txt

        # PBS files
        bcftools reheader             --samples output/geno/pbs_geno/wasp_vcf/mappings/imputed_pbs_mapping.txt             /work/users/s/e/seyoun/CQTL_AI/Genopipe/output/imputation/michigan_imputation_result/chr13.dose.vcf.gz             -o output/geno/pbs_geno/wasp_vcf/chr13.pbs.rename.vcf.gz 2> output/logs/imputed_PBS_chr13_rename.log

        # FNF files
        bcftools reheader             --samples output/geno/fnf_geno/wasp_vcf/mappings/imputed_fnf_mapping.txt             /work/users/s/e/seyoun/CQTL_AI/Genopipe/output/imputation/michigan_imputation_result/chr13.dose.vcf.gz             -o output/geno/pbs_geno/wasp_vcf/chr13.fnf.rename.vcf.gz 2> output/logs/imputed_FNF_chr13_rename.log

        # Index files
        tabix -p vcf output/geno/pbs_geno/wasp_vcf/chr13.pbs.rename.vcf.gz
        tabix -p vcf output/geno/pbs_geno/wasp_vcf/chr13.fnf.rename.vcf.gz
        
        (one of the commands exited with non-zero exit code; note that snakemake uses bash strict mode!)
    cluster_jobid: 56356627

Error executing rule reheader_imputed on cluster (jobid: 56, external: 56356627, jobscript: /work/users/s/e/seyoun/CQTL_AI/.snakemake/tmp.tm2u8xj9/snakejob.reheader_imputed.56.sh). For error details see the cluster log and the log files of the involved rule(s).
[Tue Dec 24 14:21:55 2024]
Error in rule reheader_imputed:
    jobid: 49
    output: output/geno/pbs_geno/wasp_vcf/chr6.pbs.rename.vcf.gz, output/geno/pbs_geno/wasp_vcf/chr6.fnf.rename.vcf.gz
    log: output/logs/imputed_PBS_chr6_rename.log, output/logs/imputed_FNF_chr6_rename.log (check log file(s) for error message)
    shell:
        
        module load samtools/1.21
        # Get the chromosome number from wildcards
        chrom=6

        mkdir -p output/geno/pbs_geno/wasp_vcf output/geno/fnf_geno/wasp_vcf

        sed 's/^0_//' output/geno/pbs_geno/mappings/sample_name_mapping.txt > output/geno/pbs_geno/wasp_vcf/mappings/imputed_pbs_mapping.txt
        sed 's/^0_//' output/geno/fnf_geno/mappings/sample_name_mapping.txt > output/geno/fnf_geno/wasp_vcf/mappings/imputed_fnf_mapping.txt

        # PBS files
        bcftools reheader             --samples output/geno/pbs_geno/wasp_vcf/mappings/imputed_pbs_mapping.txt             /work/users/s/e/seyoun/CQTL_AI/Genopipe/output/imputation/michigan_imputation_result/chr6.dose.vcf.gz             -o output/geno/pbs_geno/wasp_vcf/chr6.pbs.rename.vcf.gz 2> output/logs/imputed_PBS_chr6_rename.log

        # FNF files
        bcftools reheader             --samples output/geno/fnf_geno/wasp_vcf/mappings/imputed_fnf_mapping.txt             /work/users/s/e/seyoun/CQTL_AI/Genopipe/output/imputation/michigan_imputation_result/chr6.dose.vcf.gz             -o output/geno/pbs_geno/wasp_vcf/chr6.fnf.rename.vcf.gz 2> output/logs/imputed_FNF_chr6_rename.log

        # Index files
        tabix -p vcf output/geno/pbs_geno/wasp_vcf/chr6.pbs.rename.vcf.gz
        tabix -p vcf output/geno/pbs_geno/wasp_vcf/chr6.fnf.rename.vcf.gz
        
        (one of the commands exited with non-zero exit code; note that snakemake uses bash strict mode!)
    cluster_jobid: 56356625

Error executing rule reheader_imputed on cluster (jobid: 49, external: 56356625, jobscript: /work/users/s/e/seyoun/CQTL_AI/.snakemake/tmp.tm2u8xj9/snakejob.reheader_imputed.49.sh). For error details see the cluster log and the log files of the involved rule(s).
[Tue Dec 24 14:21:56 2024]
Error in rule reheader_imputed:
    jobid: 59
    output: output/geno/pbs_geno/wasp_vcf/chr16.pbs.rename.vcf.gz, output/geno/pbs_geno/wasp_vcf/chr16.fnf.rename.vcf.gz
    log: output/logs/imputed_PBS_chr16_rename.log, output/logs/imputed_FNF_chr16_rename.log (check log file(s) for error message)
    shell:
        
        module load samtools/1.21
        # Get the chromosome number from wildcards
        chrom=16

        mkdir -p output/geno/pbs_geno/wasp_vcf output/geno/fnf_geno/wasp_vcf

        sed 's/^0_//' output/geno/pbs_geno/mappings/sample_name_mapping.txt > output/geno/pbs_geno/wasp_vcf/mappings/imputed_pbs_mapping.txt
        sed 's/^0_//' output/geno/fnf_geno/mappings/sample_name_mapping.txt > output/geno/fnf_geno/wasp_vcf/mappings/imputed_fnf_mapping.txt

        # PBS files
        bcftools reheader             --samples output/geno/pbs_geno/wasp_vcf/mappings/imputed_pbs_mapping.txt             /work/users/s/e/seyoun/CQTL_AI/Genopipe/output/imputation/michigan_imputation_result/chr16.dose.vcf.gz             -o output/geno/pbs_geno/wasp_vcf/chr16.pbs.rename.vcf.gz 2> output/logs/imputed_PBS_chr16_rename.log

        # FNF files
        bcftools reheader             --samples output/geno/fnf_geno/wasp_vcf/mappings/imputed_fnf_mapping.txt             /work/users/s/e/seyoun/CQTL_AI/Genopipe/output/imputation/michigan_imputation_result/chr16.dose.vcf.gz             -o output/geno/pbs_geno/wasp_vcf/chr16.fnf.rename.vcf.gz 2> output/logs/imputed_FNF_chr16_rename.log

        # Index files
        tabix -p vcf output/geno/pbs_geno/wasp_vcf/chr16.pbs.rename.vcf.gz
        tabix -p vcf output/geno/pbs_geno/wasp_vcf/chr16.fnf.rename.vcf.gz
        
        (one of the commands exited with non-zero exit code; note that snakemake uses bash strict mode!)
    cluster_jobid: 56356626

Error executing rule reheader_imputed on cluster (jobid: 59, external: 56356626, jobscript: /work/users/s/e/seyoun/CQTL_AI/.snakemake/tmp.tm2u8xj9/snakejob.reheader_imputed.59.sh). For error details see the cluster log and the log files of the involved rule(s).

[Tue Dec 24 14:21:57 2024]
rule reheader_imputed:
    input: /work/users/s/e/seyoun/CQTL_AI/Genopipe/output/imputation/michigan_imputation_result/chr9.dose.vcf.gz, output/geno/pbs_geno/mappings/sample_name_mapping.txt, output/geno/fnf_geno/mappings/sample_name_mapping.txt
    output: output/geno/pbs_geno/wasp_vcf/chr9.pbs.rename.vcf.gz, output/geno/pbs_geno/wasp_vcf/chr9.fnf.rename.vcf.gz
    log: output/logs/imputed_PBS_chr9_rename.log, output/logs/imputed_FNF_chr9_rename.log
    jobid: 52
    wildcards: chrom=9


        module load samtools/1.21
        # Get the chromosome number from wildcards
        chrom=9

        mkdir -p output/geno/pbs_geno/wasp_vcf output/geno/fnf_geno/wasp_vcf

        sed 's/^0_//' output/geno/pbs_geno/mappings/sample_name_mapping.txt > output/geno/pbs_geno/wasp_vcf/mappings/imputed_pbs_mapping.txt
        sed 's/^0_//' output/geno/fnf_geno/mappings/sample_name_mapping.txt > output/geno/fnf_geno/wasp_vcf/mappings/imputed_fnf_mapping.txt

        # PBS files
        bcftools reheader             --samples output/geno/pbs_geno/wasp_vcf/mappings/imputed_pbs_mapping.txt             /work/users/s/e/seyoun/CQTL_AI/Genopipe/output/imputation/michigan_imputation_result/chr9.dose.vcf.gz             -o output/geno/pbs_geno/wasp_vcf/chr9.pbs.rename.vcf.gz 2> output/logs/imputed_PBS_chr9_rename.log

        # FNF files
        bcftools reheader             --samples output/geno/fnf_geno/wasp_vcf/mappings/imputed_fnf_mapping.txt             /work/users/s/e/seyoun/CQTL_AI/Genopipe/output/imputation/michigan_imputation_result/chr9.dose.vcf.gz             -o output/geno/pbs_geno/wasp_vcf/chr9.fnf.rename.vcf.gz 2> output/logs/imputed_FNF_chr9_rename.log

        # Index files
        tabix -p vcf output/geno/pbs_geno/wasp_vcf/chr9.pbs.rename.vcf.gz
        tabix -p vcf output/geno/pbs_geno/wasp_vcf/chr9.fnf.rename.vcf.gz
        
Submitted job 52 with external jobid '56356631'.

[Tue Dec 24 14:22:02 2024]
rule reheader_imputed:
    input: /work/users/s/e/seyoun/CQTL_AI/Genopipe/output/imputation/michigan_imputation_result/chr14.dose.vcf.gz, output/geno/pbs_geno/mappings/sample_name_mapping.txt, output/geno/fnf_geno/mappings/sample_name_mapping.txt
    output: output/geno/pbs_geno/wasp_vcf/chr14.pbs.rename.vcf.gz, output/geno/pbs_geno/wasp_vcf/chr14.fnf.rename.vcf.gz
    log: output/logs/imputed_PBS_chr14_rename.log, output/logs/imputed_FNF_chr14_rename.log
    jobid: 57
    wildcards: chrom=14


        module load samtools/1.21
        # Get the chromosome number from wildcards
        chrom=14

        mkdir -p output/geno/pbs_geno/wasp_vcf output/geno/fnf_geno/wasp_vcf

        sed 's/^0_//' output/geno/pbs_geno/mappings/sample_name_mapping.txt > output/geno/pbs_geno/wasp_vcf/mappings/imputed_pbs_mapping.txt
        sed 's/^0_//' output/geno/fnf_geno/mappings/sample_name_mapping.txt > output/geno/fnf_geno/wasp_vcf/mappings/imputed_fnf_mapping.txt

        # PBS files
        bcftools reheader             --samples output/geno/pbs_geno/wasp_vcf/mappings/imputed_pbs_mapping.txt             /work/users/s/e/seyoun/CQTL_AI/Genopipe/output/imputation/michigan_imputation_result/chr14.dose.vcf.gz             -o output/geno/pbs_geno/wasp_vcf/chr14.pbs.rename.vcf.gz 2> output/logs/imputed_PBS_chr14_rename.log

        # FNF files
        bcftools reheader             --samples output/geno/fnf_geno/wasp_vcf/mappings/imputed_fnf_mapping.txt             /work/users/s/e/seyoun/CQTL_AI/Genopipe/output/imputation/michigan_imputation_result/chr14.dose.vcf.gz             -o output/geno/pbs_geno/wasp_vcf/chr14.fnf.rename.vcf.gz 2> output/logs/imputed_FNF_chr14_rename.log

        # Index files
        tabix -p vcf output/geno/pbs_geno/wasp_vcf/chr14.pbs.rename.vcf.gz
        tabix -p vcf output/geno/pbs_geno/wasp_vcf/chr14.fnf.rename.vcf.gz
        
Submitted job 57 with external jobid '56356633'.

[Tue Dec 24 14:22:08 2024]
rule reheader_imputed:
    input: /work/users/s/e/seyoun/CQTL_AI/Genopipe/output/imputation/michigan_imputation_result/chr5.dose.vcf.gz, output/geno/pbs_geno/mappings/sample_name_mapping.txt, output/geno/fnf_geno/mappings/sample_name_mapping.txt
    output: output/geno/pbs_geno/wasp_vcf/chr5.pbs.rename.vcf.gz, output/geno/pbs_geno/wasp_vcf/chr5.fnf.rename.vcf.gz
    log: output/logs/imputed_PBS_chr5_rename.log, output/logs/imputed_FNF_chr5_rename.log
    jobid: 48
    wildcards: chrom=5


        module load samtools/1.21
        # Get the chromosome number from wildcards
        chrom=5

        mkdir -p output/geno/pbs_geno/wasp_vcf output/geno/fnf_geno/wasp_vcf

        sed 's/^0_//' output/geno/pbs_geno/mappings/sample_name_mapping.txt > output/geno/pbs_geno/wasp_vcf/mappings/imputed_pbs_mapping.txt
        sed 's/^0_//' output/geno/fnf_geno/mappings/sample_name_mapping.txt > output/geno/fnf_geno/wasp_vcf/mappings/imputed_fnf_mapping.txt

        # PBS files
        bcftools reheader             --samples output/geno/pbs_geno/wasp_vcf/mappings/imputed_pbs_mapping.txt             /work/users/s/e/seyoun/CQTL_AI/Genopipe/output/imputation/michigan_imputation_result/chr5.dose.vcf.gz             -o output/geno/pbs_geno/wasp_vcf/chr5.pbs.rename.vcf.gz 2> output/logs/imputed_PBS_chr5_rename.log

        # FNF files
        bcftools reheader             --samples output/geno/fnf_geno/wasp_vcf/mappings/imputed_fnf_mapping.txt             /work/users/s/e/seyoun/CQTL_AI/Genopipe/output/imputation/michigan_imputation_result/chr5.dose.vcf.gz             -o output/geno/pbs_geno/wasp_vcf/chr5.fnf.rename.vcf.gz 2> output/logs/imputed_FNF_chr5_rename.log

        # Index files
        tabix -p vcf output/geno/pbs_geno/wasp_vcf/chr5.pbs.rename.vcf.gz
        tabix -p vcf output/geno/pbs_geno/wasp_vcf/chr5.fnf.rename.vcf.gz
        
Submitted job 48 with external jobid '56356634'.
[Tue Dec 24 14:22:09 2024]
Error in rule reheader_imputed:
    jobid: 52
    output: output/geno/pbs_geno/wasp_vcf/chr9.pbs.rename.vcf.gz, output/geno/pbs_geno/wasp_vcf/chr9.fnf.rename.vcf.gz
    log: output/logs/imputed_PBS_chr9_rename.log, output/logs/imputed_FNF_chr9_rename.log (check log file(s) for error message)
    shell:
        
        module load samtools/1.21
        # Get the chromosome number from wildcards
        chrom=9

        mkdir -p output/geno/pbs_geno/wasp_vcf output/geno/fnf_geno/wasp_vcf

        sed 's/^0_//' output/geno/pbs_geno/mappings/sample_name_mapping.txt > output/geno/pbs_geno/wasp_vcf/mappings/imputed_pbs_mapping.txt
        sed 's/^0_//' output/geno/fnf_geno/mappings/sample_name_mapping.txt > output/geno/fnf_geno/wasp_vcf/mappings/imputed_fnf_mapping.txt

        # PBS files
        bcftools reheader             --samples output/geno/pbs_geno/wasp_vcf/mappings/imputed_pbs_mapping.txt             /work/users/s/e/seyoun/CQTL_AI/Genopipe/output/imputation/michigan_imputation_result/chr9.dose.vcf.gz             -o output/geno/pbs_geno/wasp_vcf/chr9.pbs.rename.vcf.gz 2> output/logs/imputed_PBS_chr9_rename.log

        # FNF files
        bcftools reheader             --samples output/geno/fnf_geno/wasp_vcf/mappings/imputed_fnf_mapping.txt             /work/users/s/e/seyoun/CQTL_AI/Genopipe/output/imputation/michigan_imputation_result/chr9.dose.vcf.gz             -o output/geno/pbs_geno/wasp_vcf/chr9.fnf.rename.vcf.gz 2> output/logs/imputed_FNF_chr9_rename.log

        # Index files
        tabix -p vcf output/geno/pbs_geno/wasp_vcf/chr9.pbs.rename.vcf.gz
        tabix -p vcf output/geno/pbs_geno/wasp_vcf/chr9.fnf.rename.vcf.gz
        
        (one of the commands exited with non-zero exit code; note that snakemake uses bash strict mode!)
    cluster_jobid: 56356631

Error executing rule reheader_imputed on cluster (jobid: 52, external: 56356631, jobscript: /work/users/s/e/seyoun/CQTL_AI/.snakemake/tmp.tm2u8xj9/snakejob.reheader_imputed.52.sh). For error details see the cluster log and the log files of the involved rule(s).
[Tue Dec 24 14:22:10 2024]
Error in rule reheader_imputed:
    jobid: 55
    output: output/geno/pbs_geno/wasp_vcf/chr12.pbs.rename.vcf.gz, output/geno/pbs_geno/wasp_vcf/chr12.fnf.rename.vcf.gz
    log: output/logs/imputed_PBS_chr12_rename.log, output/logs/imputed_FNF_chr12_rename.log (check log file(s) for error message)
    shell:
        
        module load samtools/1.21
        # Get the chromosome number from wildcards
        chrom=12

        mkdir -p output/geno/pbs_geno/wasp_vcf output/geno/fnf_geno/wasp_vcf

        sed 's/^0_//' output/geno/pbs_geno/mappings/sample_name_mapping.txt > output/geno/pbs_geno/wasp_vcf/mappings/imputed_pbs_mapping.txt
        sed 's/^0_//' output/geno/fnf_geno/mappings/sample_name_mapping.txt > output/geno/fnf_geno/wasp_vcf/mappings/imputed_fnf_mapping.txt

        # PBS files
        bcftools reheader             --samples output/geno/pbs_geno/wasp_vcf/mappings/imputed_pbs_mapping.txt             /work/users/s/e/seyoun/CQTL_AI/Genopipe/output/imputation/michigan_imputation_result/chr12.dose.vcf.gz             -o output/geno/pbs_geno/wasp_vcf/chr12.pbs.rename.vcf.gz 2> output/logs/imputed_PBS_chr12_rename.log

        # FNF files
        bcftools reheader             --samples output/geno/fnf_geno/wasp_vcf/mappings/imputed_fnf_mapping.txt             /work/users/s/e/seyoun/CQTL_AI/Genopipe/output/imputation/michigan_imputation_result/chr12.dose.vcf.gz             -o output/geno/pbs_geno/wasp_vcf/chr12.fnf.rename.vcf.gz 2> output/logs/imputed_FNF_chr12_rename.log

        # Index files
        tabix -p vcf output/geno/pbs_geno/wasp_vcf/chr12.pbs.rename.vcf.gz
        tabix -p vcf output/geno/pbs_geno/wasp_vcf/chr12.fnf.rename.vcf.gz
        
        (one of the commands exited with non-zero exit code; note that snakemake uses bash strict mode!)
    cluster_jobid: 56356629

Error executing rule reheader_imputed on cluster (jobid: 55, external: 56356629, jobscript: /work/users/s/e/seyoun/CQTL_AI/.snakemake/tmp.tm2u8xj9/snakejob.reheader_imputed.55.sh). For error details see the cluster log and the log files of the involved rule(s).
[Tue Dec 24 14:22:11 2024]
Error in rule reheader_imputed:
    jobid: 65
    output: output/geno/pbs_geno/wasp_vcf/chr22.pbs.rename.vcf.gz, output/geno/pbs_geno/wasp_vcf/chr22.fnf.rename.vcf.gz
    log: output/logs/imputed_PBS_chr22_rename.log, output/logs/imputed_FNF_chr22_rename.log (check log file(s) for error message)
    shell:
        
        module load samtools/1.21
        # Get the chromosome number from wildcards
        chrom=22

        mkdir -p output/geno/pbs_geno/wasp_vcf output/geno/fnf_geno/wasp_vcf

        sed 's/^0_//' output/geno/pbs_geno/mappings/sample_name_mapping.txt > output/geno/pbs_geno/wasp_vcf/mappings/imputed_pbs_mapping.txt
        sed 's/^0_//' output/geno/fnf_geno/mappings/sample_name_mapping.txt > output/geno/fnf_geno/wasp_vcf/mappings/imputed_fnf_mapping.txt

        # PBS files
        bcftools reheader             --samples output/geno/pbs_geno/wasp_vcf/mappings/imputed_pbs_mapping.txt             /work/users/s/e/seyoun/CQTL_AI/Genopipe/output/imputation/michigan_imputation_result/chr22.dose.vcf.gz             -o output/geno/pbs_geno/wasp_vcf/chr22.pbs.rename.vcf.gz 2> output/logs/imputed_PBS_chr22_rename.log

        # FNF files
        bcftools reheader             --samples output/geno/fnf_geno/wasp_vcf/mappings/imputed_fnf_mapping.txt             /work/users/s/e/seyoun/CQTL_AI/Genopipe/output/imputation/michigan_imputation_result/chr22.dose.vcf.gz             -o output/geno/pbs_geno/wasp_vcf/chr22.fnf.rename.vcf.gz 2> output/logs/imputed_FNF_chr22_rename.log

        # Index files
        tabix -p vcf output/geno/pbs_geno/wasp_vcf/chr22.pbs.rename.vcf.gz
        tabix -p vcf output/geno/pbs_geno/wasp_vcf/chr22.fnf.rename.vcf.gz
        
        (one of the commands exited with non-zero exit code; note that snakemake uses bash strict mode!)
    cluster_jobid: 56356630

Error executing rule reheader_imputed on cluster (jobid: 65, external: 56356630, jobscript: /work/users/s/e/seyoun/CQTL_AI/.snakemake/tmp.tm2u8xj9/snakejob.reheader_imputed.65.sh). For error details see the cluster log and the log files of the involved rule(s).

[Tue Dec 24 14:22:13 2024]
rule reheader_imputed:
    input: /work/users/s/e/seyoun/CQTL_AI/Genopipe/output/imputation/michigan_imputation_result/chr11.dose.vcf.gz, output/geno/pbs_geno/mappings/sample_name_mapping.txt, output/geno/fnf_geno/mappings/sample_name_mapping.txt
    output: output/geno/pbs_geno/wasp_vcf/chr11.pbs.rename.vcf.gz, output/geno/pbs_geno/wasp_vcf/chr11.fnf.rename.vcf.gz
    log: output/logs/imputed_PBS_chr11_rename.log, output/logs/imputed_FNF_chr11_rename.log
    jobid: 54
    wildcards: chrom=11


        module load samtools/1.21
        # Get the chromosome number from wildcards
        chrom=11

        mkdir -p output/geno/pbs_geno/wasp_vcf output/geno/fnf_geno/wasp_vcf

        sed 's/^0_//' output/geno/pbs_geno/mappings/sample_name_mapping.txt > output/geno/pbs_geno/wasp_vcf/mappings/imputed_pbs_mapping.txt
        sed 's/^0_//' output/geno/fnf_geno/mappings/sample_name_mapping.txt > output/geno/fnf_geno/wasp_vcf/mappings/imputed_fnf_mapping.txt

        # PBS files
        bcftools reheader             --samples output/geno/pbs_geno/wasp_vcf/mappings/imputed_pbs_mapping.txt             /work/users/s/e/seyoun/CQTL_AI/Genopipe/output/imputation/michigan_imputation_result/chr11.dose.vcf.gz             -o output/geno/pbs_geno/wasp_vcf/chr11.pbs.rename.vcf.gz 2> output/logs/imputed_PBS_chr11_rename.log

        # FNF files
        bcftools reheader             --samples output/geno/fnf_geno/wasp_vcf/mappings/imputed_fnf_mapping.txt             /work/users/s/e/seyoun/CQTL_AI/Genopipe/output/imputation/michigan_imputation_result/chr11.dose.vcf.gz             -o output/geno/pbs_geno/wasp_vcf/chr11.fnf.rename.vcf.gz 2> output/logs/imputed_FNF_chr11_rename.log

        # Index files
        tabix -p vcf output/geno/pbs_geno/wasp_vcf/chr11.pbs.rename.vcf.gz
        tabix -p vcf output/geno/pbs_geno/wasp_vcf/chr11.fnf.rename.vcf.gz
        
Submitted job 54 with external jobid '56356635'.

[Tue Dec 24 14:22:18 2024]
rule reheader_imputed:
    input: /work/users/s/e/seyoun/CQTL_AI/Genopipe/output/imputation/michigan_imputation_result/chr4.dose.vcf.gz, output/geno/pbs_geno/mappings/sample_name_mapping.txt, output/geno/fnf_geno/mappings/sample_name_mapping.txt
    output: output/geno/pbs_geno/wasp_vcf/chr4.pbs.rename.vcf.gz, output/geno/pbs_geno/wasp_vcf/chr4.fnf.rename.vcf.gz
    log: output/logs/imputed_PBS_chr4_rename.log, output/logs/imputed_FNF_chr4_rename.log
    jobid: 47
    wildcards: chrom=4


        module load samtools/1.21
        # Get the chromosome number from wildcards
        chrom=4

        mkdir -p output/geno/pbs_geno/wasp_vcf output/geno/fnf_geno/wasp_vcf

        sed 's/^0_//' output/geno/pbs_geno/mappings/sample_name_mapping.txt > output/geno/pbs_geno/wasp_vcf/mappings/imputed_pbs_mapping.txt
        sed 's/^0_//' output/geno/fnf_geno/mappings/sample_name_mapping.txt > output/geno/fnf_geno/wasp_vcf/mappings/imputed_fnf_mapping.txt

        # PBS files
        bcftools reheader             --samples output/geno/pbs_geno/wasp_vcf/mappings/imputed_pbs_mapping.txt             /work/users/s/e/seyoun/CQTL_AI/Genopipe/output/imputation/michigan_imputation_result/chr4.dose.vcf.gz             -o output/geno/pbs_geno/wasp_vcf/chr4.pbs.rename.vcf.gz 2> output/logs/imputed_PBS_chr4_rename.log

        # FNF files
        bcftools reheader             --samples output/geno/fnf_geno/wasp_vcf/mappings/imputed_fnf_mapping.txt             /work/users/s/e/seyoun/CQTL_AI/Genopipe/output/imputation/michigan_imputation_result/chr4.dose.vcf.gz             -o output/geno/pbs_geno/wasp_vcf/chr4.fnf.rename.vcf.gz 2> output/logs/imputed_FNF_chr4_rename.log

        # Index files
        tabix -p vcf output/geno/pbs_geno/wasp_vcf/chr4.pbs.rename.vcf.gz
        tabix -p vcf output/geno/pbs_geno/wasp_vcf/chr4.fnf.rename.vcf.gz
        
Submitted job 47 with external jobid '56356636'.

[Tue Dec 24 14:22:24 2024]
rule reheader_imputed:
    input: /work/users/s/e/seyoun/CQTL_AI/Genopipe/output/imputation/michigan_imputation_result/chr17.dose.vcf.gz, output/geno/pbs_geno/mappings/sample_name_mapping.txt, output/geno/fnf_geno/mappings/sample_name_mapping.txt
    output: output/geno/pbs_geno/wasp_vcf/chr17.pbs.rename.vcf.gz, output/geno/pbs_geno/wasp_vcf/chr17.fnf.rename.vcf.gz
    log: output/logs/imputed_PBS_chr17_rename.log, output/logs/imputed_FNF_chr17_rename.log
    jobid: 60
    wildcards: chrom=17


        module load samtools/1.21
        # Get the chromosome number from wildcards
        chrom=17

        mkdir -p output/geno/pbs_geno/wasp_vcf output/geno/fnf_geno/wasp_vcf

        sed 's/^0_//' output/geno/pbs_geno/mappings/sample_name_mapping.txt > output/geno/pbs_geno/wasp_vcf/mappings/imputed_pbs_mapping.txt
        sed 's/^0_//' output/geno/fnf_geno/mappings/sample_name_mapping.txt > output/geno/fnf_geno/wasp_vcf/mappings/imputed_fnf_mapping.txt

        # PBS files
        bcftools reheader             --samples output/geno/pbs_geno/wasp_vcf/mappings/imputed_pbs_mapping.txt             /work/users/s/e/seyoun/CQTL_AI/Genopipe/output/imputation/michigan_imputation_result/chr17.dose.vcf.gz             -o output/geno/pbs_geno/wasp_vcf/chr17.pbs.rename.vcf.gz 2> output/logs/imputed_PBS_chr17_rename.log

        # FNF files
        bcftools reheader             --samples output/geno/fnf_geno/wasp_vcf/mappings/imputed_fnf_mapping.txt             /work/users/s/e/seyoun/CQTL_AI/Genopipe/output/imputation/michigan_imputation_result/chr17.dose.vcf.gz             -o output/geno/pbs_geno/wasp_vcf/chr17.fnf.rename.vcf.gz 2> output/logs/imputed_FNF_chr17_rename.log

        # Index files
        tabix -p vcf output/geno/pbs_geno/wasp_vcf/chr17.pbs.rename.vcf.gz
        tabix -p vcf output/geno/pbs_geno/wasp_vcf/chr17.fnf.rename.vcf.gz
        
Submitted job 60 with external jobid '56356637'.

[Tue Dec 24 14:22:29 2024]
rule reheader_imputed:
    input: /work/users/s/e/seyoun/CQTL_AI/Genopipe/output/imputation/michigan_imputation_result/chr8.dose.vcf.gz, output/geno/pbs_geno/mappings/sample_name_mapping.txt, output/geno/fnf_geno/mappings/sample_name_mapping.txt
    output: output/geno/pbs_geno/wasp_vcf/chr8.pbs.rename.vcf.gz, output/geno/pbs_geno/wasp_vcf/chr8.fnf.rename.vcf.gz
    log: output/logs/imputed_PBS_chr8_rename.log, output/logs/imputed_FNF_chr8_rename.log
    jobid: 51
    wildcards: chrom=8


        module load samtools/1.21
        # Get the chromosome number from wildcards
        chrom=8

        mkdir -p output/geno/pbs_geno/wasp_vcf output/geno/fnf_geno/wasp_vcf

        sed 's/^0_//' output/geno/pbs_geno/mappings/sample_name_mapping.txt > output/geno/pbs_geno/wasp_vcf/mappings/imputed_pbs_mapping.txt
        sed 's/^0_//' output/geno/fnf_geno/mappings/sample_name_mapping.txt > output/geno/fnf_geno/wasp_vcf/mappings/imputed_fnf_mapping.txt

        # PBS files
        bcftools reheader             --samples output/geno/pbs_geno/wasp_vcf/mappings/imputed_pbs_mapping.txt             /work/users/s/e/seyoun/CQTL_AI/Genopipe/output/imputation/michigan_imputation_result/chr8.dose.vcf.gz             -o output/geno/pbs_geno/wasp_vcf/chr8.pbs.rename.vcf.gz 2> output/logs/imputed_PBS_chr8_rename.log

        # FNF files
        bcftools reheader             --samples output/geno/fnf_geno/wasp_vcf/mappings/imputed_fnf_mapping.txt             /work/users/s/e/seyoun/CQTL_AI/Genopipe/output/imputation/michigan_imputation_result/chr8.dose.vcf.gz             -o output/geno/pbs_geno/wasp_vcf/chr8.fnf.rename.vcf.gz 2> output/logs/imputed_FNF_chr8_rename.log

        # Index files
        tabix -p vcf output/geno/pbs_geno/wasp_vcf/chr8.pbs.rename.vcf.gz
        tabix -p vcf output/geno/pbs_geno/wasp_vcf/chr8.fnf.rename.vcf.gz
        
Submitted job 51 with external jobid '56356638'.

[Tue Dec 24 14:22:34 2024]
rule reheader_imputed:
    input: /work/users/s/e/seyoun/CQTL_AI/Genopipe/output/imputation/michigan_imputation_result/chr20.dose.vcf.gz, output/geno/pbs_geno/mappings/sample_name_mapping.txt, output/geno/fnf_geno/mappings/sample_name_mapping.txt
    output: output/geno/pbs_geno/wasp_vcf/chr20.pbs.rename.vcf.gz, output/geno/pbs_geno/wasp_vcf/chr20.fnf.rename.vcf.gz
    log: output/logs/imputed_PBS_chr20_rename.log, output/logs/imputed_FNF_chr20_rename.log
    jobid: 63
    wildcards: chrom=20


        module load samtools/1.21
        # Get the chromosome number from wildcards
        chrom=20

        mkdir -p output/geno/pbs_geno/wasp_vcf output/geno/fnf_geno/wasp_vcf

        sed 's/^0_//' output/geno/pbs_geno/mappings/sample_name_mapping.txt > output/geno/pbs_geno/wasp_vcf/mappings/imputed_pbs_mapping.txt
        sed 's/^0_//' output/geno/fnf_geno/mappings/sample_name_mapping.txt > output/geno/fnf_geno/wasp_vcf/mappings/imputed_fnf_mapping.txt

        # PBS files
        bcftools reheader             --samples output/geno/pbs_geno/wasp_vcf/mappings/imputed_pbs_mapping.txt             /work/users/s/e/seyoun/CQTL_AI/Genopipe/output/imputation/michigan_imputation_result/chr20.dose.vcf.gz             -o output/geno/pbs_geno/wasp_vcf/chr20.pbs.rename.vcf.gz 2> output/logs/imputed_PBS_chr20_rename.log

        # FNF files
        bcftools reheader             --samples output/geno/fnf_geno/wasp_vcf/mappings/imputed_fnf_mapping.txt             /work/users/s/e/seyoun/CQTL_AI/Genopipe/output/imputation/michigan_imputation_result/chr20.dose.vcf.gz             -o output/geno/pbs_geno/wasp_vcf/chr20.fnf.rename.vcf.gz 2> output/logs/imputed_FNF_chr20_rename.log

        # Index files
        tabix -p vcf output/geno/pbs_geno/wasp_vcf/chr20.pbs.rename.vcf.gz
        tabix -p vcf output/geno/pbs_geno/wasp_vcf/chr20.fnf.rename.vcf.gz
        
Submitted job 63 with external jobid '56356639'.
[Tue Dec 24 14:22:39 2024]
Error in rule reheader_imputed:
    jobid: 48
    output: output/geno/pbs_geno/wasp_vcf/chr5.pbs.rename.vcf.gz, output/geno/pbs_geno/wasp_vcf/chr5.fnf.rename.vcf.gz
    log: output/logs/imputed_PBS_chr5_rename.log, output/logs/imputed_FNF_chr5_rename.log (check log file(s) for error message)
    shell:
        
        module load samtools/1.21
        # Get the chromosome number from wildcards
        chrom=5

        mkdir -p output/geno/pbs_geno/wasp_vcf output/geno/fnf_geno/wasp_vcf

        sed 's/^0_//' output/geno/pbs_geno/mappings/sample_name_mapping.txt > output/geno/pbs_geno/wasp_vcf/mappings/imputed_pbs_mapping.txt
        sed 's/^0_//' output/geno/fnf_geno/mappings/sample_name_mapping.txt > output/geno/fnf_geno/wasp_vcf/mappings/imputed_fnf_mapping.txt

        # PBS files
        bcftools reheader             --samples output/geno/pbs_geno/wasp_vcf/mappings/imputed_pbs_mapping.txt             /work/users/s/e/seyoun/CQTL_AI/Genopipe/output/imputation/michigan_imputation_result/chr5.dose.vcf.gz             -o output/geno/pbs_geno/wasp_vcf/chr5.pbs.rename.vcf.gz 2> output/logs/imputed_PBS_chr5_rename.log

        # FNF files
        bcftools reheader             --samples output/geno/fnf_geno/wasp_vcf/mappings/imputed_fnf_mapping.txt             /work/users/s/e/seyoun/CQTL_AI/Genopipe/output/imputation/michigan_imputation_result/chr5.dose.vcf.gz             -o output/geno/pbs_geno/wasp_vcf/chr5.fnf.rename.vcf.gz 2> output/logs/imputed_FNF_chr5_rename.log

        # Index files
        tabix -p vcf output/geno/pbs_geno/wasp_vcf/chr5.pbs.rename.vcf.gz
        tabix -p vcf output/geno/pbs_geno/wasp_vcf/chr5.fnf.rename.vcf.gz
        
        (one of the commands exited with non-zero exit code; note that snakemake uses bash strict mode!)
    cluster_jobid: 56356634

Error executing rule reheader_imputed on cluster (jobid: 48, external: 56356634, jobscript: /work/users/s/e/seyoun/CQTL_AI/.snakemake/tmp.tm2u8xj9/snakejob.reheader_imputed.48.sh). For error details see the cluster log and the log files of the involved rule(s).

[Tue Dec 24 14:22:40 2024]
rule reheader_imputed:
    input: /work/users/s/e/seyoun/CQTL_AI/Genopipe/output/imputation/michigan_imputation_result/chr3.dose.vcf.gz, output/geno/pbs_geno/mappings/sample_name_mapping.txt, output/geno/fnf_geno/mappings/sample_name_mapping.txt
    output: output/geno/pbs_geno/wasp_vcf/chr3.pbs.rename.vcf.gz, output/geno/pbs_geno/wasp_vcf/chr3.fnf.rename.vcf.gz
    log: output/logs/imputed_PBS_chr3_rename.log, output/logs/imputed_FNF_chr3_rename.log
    jobid: 46
    wildcards: chrom=3


        module load samtools/1.21
        # Get the chromosome number from wildcards
        chrom=3

        mkdir -p output/geno/pbs_geno/wasp_vcf output/geno/fnf_geno/wasp_vcf

        sed 's/^0_//' output/geno/pbs_geno/mappings/sample_name_mapping.txt > output/geno/pbs_geno/wasp_vcf/mappings/imputed_pbs_mapping.txt
        sed 's/^0_//' output/geno/fnf_geno/mappings/sample_name_mapping.txt > output/geno/fnf_geno/wasp_vcf/mappings/imputed_fnf_mapping.txt

        # PBS files
        bcftools reheader             --samples output/geno/pbs_geno/wasp_vcf/mappings/imputed_pbs_mapping.txt             /work/users/s/e/seyoun/CQTL_AI/Genopipe/output/imputation/michigan_imputation_result/chr3.dose.vcf.gz             -o output/geno/pbs_geno/wasp_vcf/chr3.pbs.rename.vcf.gz 2> output/logs/imputed_PBS_chr3_rename.log

        # FNF files
        bcftools reheader             --samples output/geno/fnf_geno/wasp_vcf/mappings/imputed_fnf_mapping.txt             /work/users/s/e/seyoun/CQTL_AI/Genopipe/output/imputation/michigan_imputation_result/chr3.dose.vcf.gz             -o output/geno/pbs_geno/wasp_vcf/chr3.fnf.rename.vcf.gz 2> output/logs/imputed_FNF_chr3_rename.log

        # Index files
        tabix -p vcf output/geno/pbs_geno/wasp_vcf/chr3.pbs.rename.vcf.gz
        tabix -p vcf output/geno/pbs_geno/wasp_vcf/chr3.fnf.rename.vcf.gz
        
Submitted job 46 with external jobid '56356640'.
[Tue Dec 24 14:22:40 2024]
Error in rule reheader_imputed:
    jobid: 57
    output: output/geno/pbs_geno/wasp_vcf/chr14.pbs.rename.vcf.gz, output/geno/pbs_geno/wasp_vcf/chr14.fnf.rename.vcf.gz
    log: output/logs/imputed_PBS_chr14_rename.log, output/logs/imputed_FNF_chr14_rename.log (check log file(s) for error message)
    shell:
        
        module load samtools/1.21
        # Get the chromosome number from wildcards
        chrom=14

        mkdir -p output/geno/pbs_geno/wasp_vcf output/geno/fnf_geno/wasp_vcf

        sed 's/^0_//' output/geno/pbs_geno/mappings/sample_name_mapping.txt > output/geno/pbs_geno/wasp_vcf/mappings/imputed_pbs_mapping.txt
        sed 's/^0_//' output/geno/fnf_geno/mappings/sample_name_mapping.txt > output/geno/fnf_geno/wasp_vcf/mappings/imputed_fnf_mapping.txt

        # PBS files
        bcftools reheader             --samples output/geno/pbs_geno/wasp_vcf/mappings/imputed_pbs_mapping.txt             /work/users/s/e/seyoun/CQTL_AI/Genopipe/output/imputation/michigan_imputation_result/chr14.dose.vcf.gz             -o output/geno/pbs_geno/wasp_vcf/chr14.pbs.rename.vcf.gz 2> output/logs/imputed_PBS_chr14_rename.log

        # FNF files
        bcftools reheader             --samples output/geno/fnf_geno/wasp_vcf/mappings/imputed_fnf_mapping.txt             /work/users/s/e/seyoun/CQTL_AI/Genopipe/output/imputation/michigan_imputation_result/chr14.dose.vcf.gz             -o output/geno/pbs_geno/wasp_vcf/chr14.fnf.rename.vcf.gz 2> output/logs/imputed_FNF_chr14_rename.log

        # Index files
        tabix -p vcf output/geno/pbs_geno/wasp_vcf/chr14.pbs.rename.vcf.gz
        tabix -p vcf output/geno/pbs_geno/wasp_vcf/chr14.fnf.rename.vcf.gz
        
        (one of the commands exited with non-zero exit code; note that snakemake uses bash strict mode!)
    cluster_jobid: 56356633

Error executing rule reheader_imputed on cluster (jobid: 57, external: 56356633, jobscript: /work/users/s/e/seyoun/CQTL_AI/.snakemake/tmp.tm2u8xj9/snakejob.reheader_imputed.57.sh). For error details see the cluster log and the log files of the involved rule(s).
[Tue Dec 24 14:22:41 2024]
Error in rule reheader_imputed:
    jobid: 54
    output: output/geno/pbs_geno/wasp_vcf/chr11.pbs.rename.vcf.gz, output/geno/pbs_geno/wasp_vcf/chr11.fnf.rename.vcf.gz
    log: output/logs/imputed_PBS_chr11_rename.log, output/logs/imputed_FNF_chr11_rename.log (check log file(s) for error message)
    shell:
        
        module load samtools/1.21
        # Get the chromosome number from wildcards
        chrom=11

        mkdir -p output/geno/pbs_geno/wasp_vcf output/geno/fnf_geno/wasp_vcf

        sed 's/^0_//' output/geno/pbs_geno/mappings/sample_name_mapping.txt > output/geno/pbs_geno/wasp_vcf/mappings/imputed_pbs_mapping.txt
        sed 's/^0_//' output/geno/fnf_geno/mappings/sample_name_mapping.txt > output/geno/fnf_geno/wasp_vcf/mappings/imputed_fnf_mapping.txt

        # PBS files
        bcftools reheader             --samples output/geno/pbs_geno/wasp_vcf/mappings/imputed_pbs_mapping.txt             /work/users/s/e/seyoun/CQTL_AI/Genopipe/output/imputation/michigan_imputation_result/chr11.dose.vcf.gz             -o output/geno/pbs_geno/wasp_vcf/chr11.pbs.rename.vcf.gz 2> output/logs/imputed_PBS_chr11_rename.log

        # FNF files
        bcftools reheader             --samples output/geno/fnf_geno/wasp_vcf/mappings/imputed_fnf_mapping.txt             /work/users/s/e/seyoun/CQTL_AI/Genopipe/output/imputation/michigan_imputation_result/chr11.dose.vcf.gz             -o output/geno/pbs_geno/wasp_vcf/chr11.fnf.rename.vcf.gz 2> output/logs/imputed_FNF_chr11_rename.log

        # Index files
        tabix -p vcf output/geno/pbs_geno/wasp_vcf/chr11.pbs.rename.vcf.gz
        tabix -p vcf output/geno/pbs_geno/wasp_vcf/chr11.fnf.rename.vcf.gz
        
        (one of the commands exited with non-zero exit code; note that snakemake uses bash strict mode!)
    cluster_jobid: 56356635

Error executing rule reheader_imputed on cluster (jobid: 54, external: 56356635, jobscript: /work/users/s/e/seyoun/CQTL_AI/.snakemake/tmp.tm2u8xj9/snakejob.reheader_imputed.54.sh). For error details see the cluster log and the log files of the involved rule(s).
[Tue Dec 24 14:22:42 2024]
Error in rule reheader_imputed:
    jobid: 47
    output: output/geno/pbs_geno/wasp_vcf/chr4.pbs.rename.vcf.gz, output/geno/pbs_geno/wasp_vcf/chr4.fnf.rename.vcf.gz
    log: output/logs/imputed_PBS_chr4_rename.log, output/logs/imputed_FNF_chr4_rename.log (check log file(s) for error message)
    shell:
        
        module load samtools/1.21
        # Get the chromosome number from wildcards
        chrom=4

        mkdir -p output/geno/pbs_geno/wasp_vcf output/geno/fnf_geno/wasp_vcf

        sed 's/^0_//' output/geno/pbs_geno/mappings/sample_name_mapping.txt > output/geno/pbs_geno/wasp_vcf/mappings/imputed_pbs_mapping.txt
        sed 's/^0_//' output/geno/fnf_geno/mappings/sample_name_mapping.txt > output/geno/fnf_geno/wasp_vcf/mappings/imputed_fnf_mapping.txt

        # PBS files
        bcftools reheader             --samples output/geno/pbs_geno/wasp_vcf/mappings/imputed_pbs_mapping.txt             /work/users/s/e/seyoun/CQTL_AI/Genopipe/output/imputation/michigan_imputation_result/chr4.dose.vcf.gz             -o output/geno/pbs_geno/wasp_vcf/chr4.pbs.rename.vcf.gz 2> output/logs/imputed_PBS_chr4_rename.log

        # FNF files
        bcftools reheader             --samples output/geno/fnf_geno/wasp_vcf/mappings/imputed_fnf_mapping.txt             /work/users/s/e/seyoun/CQTL_AI/Genopipe/output/imputation/michigan_imputation_result/chr4.dose.vcf.gz             -o output/geno/pbs_geno/wasp_vcf/chr4.fnf.rename.vcf.gz 2> output/logs/imputed_FNF_chr4_rename.log

        # Index files
        tabix -p vcf output/geno/pbs_geno/wasp_vcf/chr4.pbs.rename.vcf.gz
        tabix -p vcf output/geno/pbs_geno/wasp_vcf/chr4.fnf.rename.vcf.gz
        
        (one of the commands exited with non-zero exit code; note that snakemake uses bash strict mode!)
    cluster_jobid: 56356636

Error executing rule reheader_imputed on cluster (jobid: 47, external: 56356636, jobscript: /work/users/s/e/seyoun/CQTL_AI/.snakemake/tmp.tm2u8xj9/snakejob.reheader_imputed.47.sh). For error details see the cluster log and the log files of the involved rule(s).

[Tue Dec 24 14:22:45 2024]
rule reheader_imputed:
    input: /work/users/s/e/seyoun/CQTL_AI/Genopipe/output/imputation/michigan_imputation_result/chr19.dose.vcf.gz, output/geno/pbs_geno/mappings/sample_name_mapping.txt, output/geno/fnf_geno/mappings/sample_name_mapping.txt
    output: output/geno/pbs_geno/wasp_vcf/chr19.pbs.rename.vcf.gz, output/geno/pbs_geno/wasp_vcf/chr19.fnf.rename.vcf.gz
    log: output/logs/imputed_PBS_chr19_rename.log, output/logs/imputed_FNF_chr19_rename.log
    jobid: 62
    wildcards: chrom=19


        module load samtools/1.21
        # Get the chromosome number from wildcards
        chrom=19

        mkdir -p output/geno/pbs_geno/wasp_vcf output/geno/fnf_geno/wasp_vcf

        sed 's/^0_//' output/geno/pbs_geno/mappings/sample_name_mapping.txt > output/geno/pbs_geno/wasp_vcf/mappings/imputed_pbs_mapping.txt
        sed 's/^0_//' output/geno/fnf_geno/mappings/sample_name_mapping.txt > output/geno/fnf_geno/wasp_vcf/mappings/imputed_fnf_mapping.txt

        # PBS files
        bcftools reheader             --samples output/geno/pbs_geno/wasp_vcf/mappings/imputed_pbs_mapping.txt             /work/users/s/e/seyoun/CQTL_AI/Genopipe/output/imputation/michigan_imputation_result/chr19.dose.vcf.gz             -o output/geno/pbs_geno/wasp_vcf/chr19.pbs.rename.vcf.gz 2> output/logs/imputed_PBS_chr19_rename.log

        # FNF files
        bcftools reheader             --samples output/geno/fnf_geno/wasp_vcf/mappings/imputed_fnf_mapping.txt             /work/users/s/e/seyoun/CQTL_AI/Genopipe/output/imputation/michigan_imputation_result/chr19.dose.vcf.gz             -o output/geno/pbs_geno/wasp_vcf/chr19.fnf.rename.vcf.gz 2> output/logs/imputed_FNF_chr19_rename.log

        # Index files
        tabix -p vcf output/geno/pbs_geno/wasp_vcf/chr19.pbs.rename.vcf.gz
        tabix -p vcf output/geno/pbs_geno/wasp_vcf/chr19.fnf.rename.vcf.gz
        
Submitted job 62 with external jobid '56356641'.

[Tue Dec 24 14:22:50 2024]
rule reheader_imputed:
    input: /work/users/s/e/seyoun/CQTL_AI/Genopipe/output/imputation/michigan_imputation_result/chr2.dose.vcf.gz, output/geno/pbs_geno/mappings/sample_name_mapping.txt, output/geno/fnf_geno/mappings/sample_name_mapping.txt
    output: output/geno/pbs_geno/wasp_vcf/chr2.pbs.rename.vcf.gz, output/geno/pbs_geno/wasp_vcf/chr2.fnf.rename.vcf.gz
    log: output/logs/imputed_PBS_chr2_rename.log, output/logs/imputed_FNF_chr2_rename.log
    jobid: 45
    wildcards: chrom=2


        module load samtools/1.21
        # Get the chromosome number from wildcards
        chrom=2

        mkdir -p output/geno/pbs_geno/wasp_vcf output/geno/fnf_geno/wasp_vcf

        sed 's/^0_//' output/geno/pbs_geno/mappings/sample_name_mapping.txt > output/geno/pbs_geno/wasp_vcf/mappings/imputed_pbs_mapping.txt
        sed 's/^0_//' output/geno/fnf_geno/mappings/sample_name_mapping.txt > output/geno/fnf_geno/wasp_vcf/mappings/imputed_fnf_mapping.txt

        # PBS files
        bcftools reheader             --samples output/geno/pbs_geno/wasp_vcf/mappings/imputed_pbs_mapping.txt             /work/users/s/e/seyoun/CQTL_AI/Genopipe/output/imputation/michigan_imputation_result/chr2.dose.vcf.gz             -o output/geno/pbs_geno/wasp_vcf/chr2.pbs.rename.vcf.gz 2> output/logs/imputed_PBS_chr2_rename.log

        # FNF files
        bcftools reheader             --samples output/geno/fnf_geno/wasp_vcf/mappings/imputed_fnf_mapping.txt             /work/users/s/e/seyoun/CQTL_AI/Genopipe/output/imputation/michigan_imputation_result/chr2.dose.vcf.gz             -o output/geno/pbs_geno/wasp_vcf/chr2.fnf.rename.vcf.gz 2> output/logs/imputed_FNF_chr2_rename.log

        # Index files
        tabix -p vcf output/geno/pbs_geno/wasp_vcf/chr2.pbs.rename.vcf.gz
        tabix -p vcf output/geno/pbs_geno/wasp_vcf/chr2.fnf.rename.vcf.gz
        
Submitted job 45 with external jobid '56356642'.

[Tue Dec 24 14:22:55 2024]
rule reheader_imputed:
    input: /work/users/s/e/seyoun/CQTL_AI/Genopipe/output/imputation/michigan_imputation_result/chr1.dose.vcf.gz, output/geno/pbs_geno/mappings/sample_name_mapping.txt, output/geno/fnf_geno/mappings/sample_name_mapping.txt
    output: output/geno/pbs_geno/wasp_vcf/chr1.pbs.rename.vcf.gz, output/geno/pbs_geno/wasp_vcf/chr1.fnf.rename.vcf.gz
    log: output/logs/imputed_PBS_chr1_rename.log, output/logs/imputed_FNF_chr1_rename.log
    jobid: 44
    wildcards: chrom=1


        module load samtools/1.21
        # Get the chromosome number from wildcards
        chrom=1

        mkdir -p output/geno/pbs_geno/wasp_vcf output/geno/fnf_geno/wasp_vcf

        sed 's/^0_//' output/geno/pbs_geno/mappings/sample_name_mapping.txt > output/geno/pbs_geno/wasp_vcf/mappings/imputed_pbs_mapping.txt
        sed 's/^0_//' output/geno/fnf_geno/mappings/sample_name_mapping.txt > output/geno/fnf_geno/wasp_vcf/mappings/imputed_fnf_mapping.txt

        # PBS files
        bcftools reheader             --samples output/geno/pbs_geno/wasp_vcf/mappings/imputed_pbs_mapping.txt             /work/users/s/e/seyoun/CQTL_AI/Genopipe/output/imputation/michigan_imputation_result/chr1.dose.vcf.gz             -o output/geno/pbs_geno/wasp_vcf/chr1.pbs.rename.vcf.gz 2> output/logs/imputed_PBS_chr1_rename.log

        # FNF files
        bcftools reheader             --samples output/geno/fnf_geno/wasp_vcf/mappings/imputed_fnf_mapping.txt             /work/users/s/e/seyoun/CQTL_AI/Genopipe/output/imputation/michigan_imputation_result/chr1.dose.vcf.gz             -o output/geno/pbs_geno/wasp_vcf/chr1.fnf.rename.vcf.gz 2> output/logs/imputed_FNF_chr1_rename.log

        # Index files
        tabix -p vcf output/geno/pbs_geno/wasp_vcf/chr1.pbs.rename.vcf.gz
        tabix -p vcf output/geno/pbs_geno/wasp_vcf/chr1.fnf.rename.vcf.gz
        
Submitted job 44 with external jobid '56356643'.
[Tue Dec 24 14:22:56 2024]
Error in rule reheader_imputed:
    jobid: 46
    output: output/geno/pbs_geno/wasp_vcf/chr3.pbs.rename.vcf.gz, output/geno/pbs_geno/wasp_vcf/chr3.fnf.rename.vcf.gz
    log: output/logs/imputed_PBS_chr3_rename.log, output/logs/imputed_FNF_chr3_rename.log (check log file(s) for error message)
    shell:
        
        module load samtools/1.21
        # Get the chromosome number from wildcards
        chrom=3

        mkdir -p output/geno/pbs_geno/wasp_vcf output/geno/fnf_geno/wasp_vcf

        sed 's/^0_//' output/geno/pbs_geno/mappings/sample_name_mapping.txt > output/geno/pbs_geno/wasp_vcf/mappings/imputed_pbs_mapping.txt
        sed 's/^0_//' output/geno/fnf_geno/mappings/sample_name_mapping.txt > output/geno/fnf_geno/wasp_vcf/mappings/imputed_fnf_mapping.txt

        # PBS files
        bcftools reheader             --samples output/geno/pbs_geno/wasp_vcf/mappings/imputed_pbs_mapping.txt             /work/users/s/e/seyoun/CQTL_AI/Genopipe/output/imputation/michigan_imputation_result/chr3.dose.vcf.gz             -o output/geno/pbs_geno/wasp_vcf/chr3.pbs.rename.vcf.gz 2> output/logs/imputed_PBS_chr3_rename.log

        # FNF files
        bcftools reheader             --samples output/geno/fnf_geno/wasp_vcf/mappings/imputed_fnf_mapping.txt             /work/users/s/e/seyoun/CQTL_AI/Genopipe/output/imputation/michigan_imputation_result/chr3.dose.vcf.gz             -o output/geno/pbs_geno/wasp_vcf/chr3.fnf.rename.vcf.gz 2> output/logs/imputed_FNF_chr3_rename.log

        # Index files
        tabix -p vcf output/geno/pbs_geno/wasp_vcf/chr3.pbs.rename.vcf.gz
        tabix -p vcf output/geno/pbs_geno/wasp_vcf/chr3.fnf.rename.vcf.gz
        
        (one of the commands exited with non-zero exit code; note that snakemake uses bash strict mode!)
    cluster_jobid: 56356640

Error executing rule reheader_imputed on cluster (jobid: 46, external: 56356640, jobscript: /work/users/s/e/seyoun/CQTL_AI/.snakemake/tmp.tm2u8xj9/snakejob.reheader_imputed.46.sh). For error details see the cluster log and the log files of the involved rule(s).
[Tue Dec 24 14:22:57 2024]
Error in rule reheader_imputed:
    jobid: 60
    output: output/geno/pbs_geno/wasp_vcf/chr17.pbs.rename.vcf.gz, output/geno/pbs_geno/wasp_vcf/chr17.fnf.rename.vcf.gz
    log: output/logs/imputed_PBS_chr17_rename.log, output/logs/imputed_FNF_chr17_rename.log (check log file(s) for error message)
    shell:
        
        module load samtools/1.21
        # Get the chromosome number from wildcards
        chrom=17

        mkdir -p output/geno/pbs_geno/wasp_vcf output/geno/fnf_geno/wasp_vcf

        sed 's/^0_//' output/geno/pbs_geno/mappings/sample_name_mapping.txt > output/geno/pbs_geno/wasp_vcf/mappings/imputed_pbs_mapping.txt
        sed 's/^0_//' output/geno/fnf_geno/mappings/sample_name_mapping.txt > output/geno/fnf_geno/wasp_vcf/mappings/imputed_fnf_mapping.txt

        # PBS files
        bcftools reheader             --samples output/geno/pbs_geno/wasp_vcf/mappings/imputed_pbs_mapping.txt             /work/users/s/e/seyoun/CQTL_AI/Genopipe/output/imputation/michigan_imputation_result/chr17.dose.vcf.gz             -o output/geno/pbs_geno/wasp_vcf/chr17.pbs.rename.vcf.gz 2> output/logs/imputed_PBS_chr17_rename.log

        # FNF files
        bcftools reheader             --samples output/geno/fnf_geno/wasp_vcf/mappings/imputed_fnf_mapping.txt             /work/users/s/e/seyoun/CQTL_AI/Genopipe/output/imputation/michigan_imputation_result/chr17.dose.vcf.gz             -o output/geno/pbs_geno/wasp_vcf/chr17.fnf.rename.vcf.gz 2> output/logs/imputed_FNF_chr17_rename.log

        # Index files
        tabix -p vcf output/geno/pbs_geno/wasp_vcf/chr17.pbs.rename.vcf.gz
        tabix -p vcf output/geno/pbs_geno/wasp_vcf/chr17.fnf.rename.vcf.gz
        
        (one of the commands exited with non-zero exit code; note that snakemake uses bash strict mode!)
    cluster_jobid: 56356637

Error executing rule reheader_imputed on cluster (jobid: 60, external: 56356637, jobscript: /work/users/s/e/seyoun/CQTL_AI/.snakemake/tmp.tm2u8xj9/snakejob.reheader_imputed.60.sh). For error details see the cluster log and the log files of the involved rule(s).
[Tue Dec 24 14:22:58 2024]
Error in rule reheader_imputed:
    jobid: 51
    output: output/geno/pbs_geno/wasp_vcf/chr8.pbs.rename.vcf.gz, output/geno/pbs_geno/wasp_vcf/chr8.fnf.rename.vcf.gz
    log: output/logs/imputed_PBS_chr8_rename.log, output/logs/imputed_FNF_chr8_rename.log (check log file(s) for error message)
    shell:
        
        module load samtools/1.21
        # Get the chromosome number from wildcards
        chrom=8

        mkdir -p output/geno/pbs_geno/wasp_vcf output/geno/fnf_geno/wasp_vcf

        sed 's/^0_//' output/geno/pbs_geno/mappings/sample_name_mapping.txt > output/geno/pbs_geno/wasp_vcf/mappings/imputed_pbs_mapping.txt
        sed 's/^0_//' output/geno/fnf_geno/mappings/sample_name_mapping.txt > output/geno/fnf_geno/wasp_vcf/mappings/imputed_fnf_mapping.txt

        # PBS files
        bcftools reheader             --samples output/geno/pbs_geno/wasp_vcf/mappings/imputed_pbs_mapping.txt             /work/users/s/e/seyoun/CQTL_AI/Genopipe/output/imputation/michigan_imputation_result/chr8.dose.vcf.gz             -o output/geno/pbs_geno/wasp_vcf/chr8.pbs.rename.vcf.gz 2> output/logs/imputed_PBS_chr8_rename.log

        # FNF files
        bcftools reheader             --samples output/geno/fnf_geno/wasp_vcf/mappings/imputed_fnf_mapping.txt             /work/users/s/e/seyoun/CQTL_AI/Genopipe/output/imputation/michigan_imputation_result/chr8.dose.vcf.gz             -o output/geno/pbs_geno/wasp_vcf/chr8.fnf.rename.vcf.gz 2> output/logs/imputed_FNF_chr8_rename.log

        # Index files
        tabix -p vcf output/geno/pbs_geno/wasp_vcf/chr8.pbs.rename.vcf.gz
        tabix -p vcf output/geno/pbs_geno/wasp_vcf/chr8.fnf.rename.vcf.gz
        
        (one of the commands exited with non-zero exit code; note that snakemake uses bash strict mode!)
    cluster_jobid: 56356638

Error executing rule reheader_imputed on cluster (jobid: 51, external: 56356638, jobscript: /work/users/s/e/seyoun/CQTL_AI/.snakemake/tmp.tm2u8xj9/snakejob.reheader_imputed.51.sh). For error details see the cluster log and the log files of the involved rule(s).
[Tue Dec 24 14:22:59 2024]
Error in rule reheader_imputed:
    jobid: 63
    output: output/geno/pbs_geno/wasp_vcf/chr20.pbs.rename.vcf.gz, output/geno/pbs_geno/wasp_vcf/chr20.fnf.rename.vcf.gz
    log: output/logs/imputed_PBS_chr20_rename.log, output/logs/imputed_FNF_chr20_rename.log (check log file(s) for error message)
    shell:
        
        module load samtools/1.21
        # Get the chromosome number from wildcards
        chrom=20

        mkdir -p output/geno/pbs_geno/wasp_vcf output/geno/fnf_geno/wasp_vcf

        sed 's/^0_//' output/geno/pbs_geno/mappings/sample_name_mapping.txt > output/geno/pbs_geno/wasp_vcf/mappings/imputed_pbs_mapping.txt
        sed 's/^0_//' output/geno/fnf_geno/mappings/sample_name_mapping.txt > output/geno/fnf_geno/wasp_vcf/mappings/imputed_fnf_mapping.txt

        # PBS files
        bcftools reheader             --samples output/geno/pbs_geno/wasp_vcf/mappings/imputed_pbs_mapping.txt             /work/users/s/e/seyoun/CQTL_AI/Genopipe/output/imputation/michigan_imputation_result/chr20.dose.vcf.gz             -o output/geno/pbs_geno/wasp_vcf/chr20.pbs.rename.vcf.gz 2> output/logs/imputed_PBS_chr20_rename.log

        # FNF files
        bcftools reheader             --samples output/geno/fnf_geno/wasp_vcf/mappings/imputed_fnf_mapping.txt             /work/users/s/e/seyoun/CQTL_AI/Genopipe/output/imputation/michigan_imputation_result/chr20.dose.vcf.gz             -o output/geno/pbs_geno/wasp_vcf/chr20.fnf.rename.vcf.gz 2> output/logs/imputed_FNF_chr20_rename.log

        # Index files
        tabix -p vcf output/geno/pbs_geno/wasp_vcf/chr20.pbs.rename.vcf.gz
        tabix -p vcf output/geno/pbs_geno/wasp_vcf/chr20.fnf.rename.vcf.gz
        
        (one of the commands exited with non-zero exit code; note that snakemake uses bash strict mode!)
    cluster_jobid: 56356639

Error executing rule reheader_imputed on cluster (jobid: 63, external: 56356639, jobscript: /work/users/s/e/seyoun/CQTL_AI/.snakemake/tmp.tm2u8xj9/snakejob.reheader_imputed.63.sh). For error details see the cluster log and the log files of the involved rule(s).

[Tue Dec 24 14:23:00 2024]
rule reheader_imputed:
    input: /work/users/s/e/seyoun/CQTL_AI/Genopipe/output/imputation/michigan_imputation_result/chr21.dose.vcf.gz, output/geno/pbs_geno/mappings/sample_name_mapping.txt, output/geno/fnf_geno/mappings/sample_name_mapping.txt
    output: output/geno/pbs_geno/wasp_vcf/chr21.pbs.rename.vcf.gz, output/geno/pbs_geno/wasp_vcf/chr21.fnf.rename.vcf.gz
    log: output/logs/imputed_PBS_chr21_rename.log, output/logs/imputed_FNF_chr21_rename.log
    jobid: 64
    wildcards: chrom=21


        module load samtools/1.21
        # Get the chromosome number from wildcards
        chrom=21

        mkdir -p output/geno/pbs_geno/wasp_vcf output/geno/fnf_geno/wasp_vcf

        sed 's/^0_//' output/geno/pbs_geno/mappings/sample_name_mapping.txt > output/geno/pbs_geno/wasp_vcf/mappings/imputed_pbs_mapping.txt
        sed 's/^0_//' output/geno/fnf_geno/mappings/sample_name_mapping.txt > output/geno/fnf_geno/wasp_vcf/mappings/imputed_fnf_mapping.txt

        # PBS files
        bcftools reheader             --samples output/geno/pbs_geno/wasp_vcf/mappings/imputed_pbs_mapping.txt             /work/users/s/e/seyoun/CQTL_AI/Genopipe/output/imputation/michigan_imputation_result/chr21.dose.vcf.gz             -o output/geno/pbs_geno/wasp_vcf/chr21.pbs.rename.vcf.gz 2> output/logs/imputed_PBS_chr21_rename.log

        # FNF files
        bcftools reheader             --samples output/geno/fnf_geno/wasp_vcf/mappings/imputed_fnf_mapping.txt             /work/users/s/e/seyoun/CQTL_AI/Genopipe/output/imputation/michigan_imputation_result/chr21.dose.vcf.gz             -o output/geno/pbs_geno/wasp_vcf/chr21.fnf.rename.vcf.gz 2> output/logs/imputed_FNF_chr21_rename.log

        # Index files
        tabix -p vcf output/geno/pbs_geno/wasp_vcf/chr21.pbs.rename.vcf.gz
        tabix -p vcf output/geno/pbs_geno/wasp_vcf/chr21.fnf.rename.vcf.gz
        
Submitted job 64 with external jobid '56356644'.

[Tue Dec 24 14:23:05 2024]
rule reheader_imputed:
    input: /work/users/s/e/seyoun/CQTL_AI/Genopipe/output/imputation/michigan_imputation_result/chr7.dose.vcf.gz, output/geno/pbs_geno/mappings/sample_name_mapping.txt, output/geno/fnf_geno/mappings/sample_name_mapping.txt
    output: output/geno/pbs_geno/wasp_vcf/chr7.pbs.rename.vcf.gz, output/geno/pbs_geno/wasp_vcf/chr7.fnf.rename.vcf.gz
    log: output/logs/imputed_PBS_chr7_rename.log, output/logs/imputed_FNF_chr7_rename.log
    jobid: 50
    wildcards: chrom=7


        module load samtools/1.21
        # Get the chromosome number from wildcards
        chrom=7

        mkdir -p output/geno/pbs_geno/wasp_vcf output/geno/fnf_geno/wasp_vcf

        sed 's/^0_//' output/geno/pbs_geno/mappings/sample_name_mapping.txt > output/geno/pbs_geno/wasp_vcf/mappings/imputed_pbs_mapping.txt
        sed 's/^0_//' output/geno/fnf_geno/mappings/sample_name_mapping.txt > output/geno/fnf_geno/wasp_vcf/mappings/imputed_fnf_mapping.txt

        # PBS files
        bcftools reheader             --samples output/geno/pbs_geno/wasp_vcf/mappings/imputed_pbs_mapping.txt             /work/users/s/e/seyoun/CQTL_AI/Genopipe/output/imputation/michigan_imputation_result/chr7.dose.vcf.gz             -o output/geno/pbs_geno/wasp_vcf/chr7.pbs.rename.vcf.gz 2> output/logs/imputed_PBS_chr7_rename.log

        # FNF files
        bcftools reheader             --samples output/geno/fnf_geno/wasp_vcf/mappings/imputed_fnf_mapping.txt             /work/users/s/e/seyoun/CQTL_AI/Genopipe/output/imputation/michigan_imputation_result/chr7.dose.vcf.gz             -o output/geno/pbs_geno/wasp_vcf/chr7.fnf.rename.vcf.gz 2> output/logs/imputed_FNF_chr7_rename.log

        # Index files
        tabix -p vcf output/geno/pbs_geno/wasp_vcf/chr7.pbs.rename.vcf.gz
        tabix -p vcf output/geno/pbs_geno/wasp_vcf/chr7.fnf.rename.vcf.gz
        
Submitted job 50 with external jobid '56356645'.

[Tue Dec 24 14:23:10 2024]
rule reheader_imputed:
    input: /work/users/s/e/seyoun/CQTL_AI/Genopipe/output/imputation/michigan_imputation_result/chr18.dose.vcf.gz, output/geno/pbs_geno/mappings/sample_name_mapping.txt, output/geno/fnf_geno/mappings/sample_name_mapping.txt
    output: output/geno/pbs_geno/wasp_vcf/chr18.pbs.rename.vcf.gz, output/geno/pbs_geno/wasp_vcf/chr18.fnf.rename.vcf.gz
    log: output/logs/imputed_PBS_chr18_rename.log, output/logs/imputed_FNF_chr18_rename.log
    jobid: 61
    wildcards: chrom=18


        module load samtools/1.21
        # Get the chromosome number from wildcards
        chrom=18

        mkdir -p output/geno/pbs_geno/wasp_vcf output/geno/fnf_geno/wasp_vcf

        sed 's/^0_//' output/geno/pbs_geno/mappings/sample_name_mapping.txt > output/geno/pbs_geno/wasp_vcf/mappings/imputed_pbs_mapping.txt
        sed 's/^0_//' output/geno/fnf_geno/mappings/sample_name_mapping.txt > output/geno/fnf_geno/wasp_vcf/mappings/imputed_fnf_mapping.txt

        # PBS files
        bcftools reheader             --samples output/geno/pbs_geno/wasp_vcf/mappings/imputed_pbs_mapping.txt             /work/users/s/e/seyoun/CQTL_AI/Genopipe/output/imputation/michigan_imputation_result/chr18.dose.vcf.gz             -o output/geno/pbs_geno/wasp_vcf/chr18.pbs.rename.vcf.gz 2> output/logs/imputed_PBS_chr18_rename.log

        # FNF files
        bcftools reheader             --samples output/geno/fnf_geno/wasp_vcf/mappings/imputed_fnf_mapping.txt             /work/users/s/e/seyoun/CQTL_AI/Genopipe/output/imputation/michigan_imputation_result/chr18.dose.vcf.gz             -o output/geno/pbs_geno/wasp_vcf/chr18.fnf.rename.vcf.gz 2> output/logs/imputed_FNF_chr18_rename.log

        # Index files
        tabix -p vcf output/geno/pbs_geno/wasp_vcf/chr18.pbs.rename.vcf.gz
        tabix -p vcf output/geno/pbs_geno/wasp_vcf/chr18.fnf.rename.vcf.gz
        
Submitted job 61 with external jobid '56356646'.
[Tue Dec 24 14:23:12 2024]
Error in rule reheader_imputed:
    jobid: 44
    output: output/geno/pbs_geno/wasp_vcf/chr1.pbs.rename.vcf.gz, output/geno/pbs_geno/wasp_vcf/chr1.fnf.rename.vcf.gz
    log: output/logs/imputed_PBS_chr1_rename.log, output/logs/imputed_FNF_chr1_rename.log (check log file(s) for error message)
    shell:
        
        module load samtools/1.21
        # Get the chromosome number from wildcards
        chrom=1

        mkdir -p output/geno/pbs_geno/wasp_vcf output/geno/fnf_geno/wasp_vcf

        sed 's/^0_//' output/geno/pbs_geno/mappings/sample_name_mapping.txt > output/geno/pbs_geno/wasp_vcf/mappings/imputed_pbs_mapping.txt
        sed 's/^0_//' output/geno/fnf_geno/mappings/sample_name_mapping.txt > output/geno/fnf_geno/wasp_vcf/mappings/imputed_fnf_mapping.txt

        # PBS files
        bcftools reheader             --samples output/geno/pbs_geno/wasp_vcf/mappings/imputed_pbs_mapping.txt             /work/users/s/e/seyoun/CQTL_AI/Genopipe/output/imputation/michigan_imputation_result/chr1.dose.vcf.gz             -o output/geno/pbs_geno/wasp_vcf/chr1.pbs.rename.vcf.gz 2> output/logs/imputed_PBS_chr1_rename.log

        # FNF files
        bcftools reheader             --samples output/geno/fnf_geno/wasp_vcf/mappings/imputed_fnf_mapping.txt             /work/users/s/e/seyoun/CQTL_AI/Genopipe/output/imputation/michigan_imputation_result/chr1.dose.vcf.gz             -o output/geno/pbs_geno/wasp_vcf/chr1.fnf.rename.vcf.gz 2> output/logs/imputed_FNF_chr1_rename.log

        # Index files
        tabix -p vcf output/geno/pbs_geno/wasp_vcf/chr1.pbs.rename.vcf.gz
        tabix -p vcf output/geno/pbs_geno/wasp_vcf/chr1.fnf.rename.vcf.gz
        
        (one of the commands exited with non-zero exit code; note that snakemake uses bash strict mode!)
    cluster_jobid: 56356643

Error executing rule reheader_imputed on cluster (jobid: 44, external: 56356643, jobscript: /work/users/s/e/seyoun/CQTL_AI/.snakemake/tmp.tm2u8xj9/snakejob.reheader_imputed.44.sh). For error details see the cluster log and the log files of the involved rule(s).
[Tue Dec 24 14:23:13 2024]
Error in rule reheader_imputed:
    jobid: 64
    output: output/geno/pbs_geno/wasp_vcf/chr21.pbs.rename.vcf.gz, output/geno/pbs_geno/wasp_vcf/chr21.fnf.rename.vcf.gz
    log: output/logs/imputed_PBS_chr21_rename.log, output/logs/imputed_FNF_chr21_rename.log (check log file(s) for error message)
    shell:
        
        module load samtools/1.21
        # Get the chromosome number from wildcards
        chrom=21

        mkdir -p output/geno/pbs_geno/wasp_vcf output/geno/fnf_geno/wasp_vcf

        sed 's/^0_//' output/geno/pbs_geno/mappings/sample_name_mapping.txt > output/geno/pbs_geno/wasp_vcf/mappings/imputed_pbs_mapping.txt
        sed 's/^0_//' output/geno/fnf_geno/mappings/sample_name_mapping.txt > output/geno/fnf_geno/wasp_vcf/mappings/imputed_fnf_mapping.txt

        # PBS files
        bcftools reheader             --samples output/geno/pbs_geno/wasp_vcf/mappings/imputed_pbs_mapping.txt             /work/users/s/e/seyoun/CQTL_AI/Genopipe/output/imputation/michigan_imputation_result/chr21.dose.vcf.gz             -o output/geno/pbs_geno/wasp_vcf/chr21.pbs.rename.vcf.gz 2> output/logs/imputed_PBS_chr21_rename.log

        # FNF files
        bcftools reheader             --samples output/geno/fnf_geno/wasp_vcf/mappings/imputed_fnf_mapping.txt             /work/users/s/e/seyoun/CQTL_AI/Genopipe/output/imputation/michigan_imputation_result/chr21.dose.vcf.gz             -o output/geno/pbs_geno/wasp_vcf/chr21.fnf.rename.vcf.gz 2> output/logs/imputed_FNF_chr21_rename.log

        # Index files
        tabix -p vcf output/geno/pbs_geno/wasp_vcf/chr21.pbs.rename.vcf.gz
        tabix -p vcf output/geno/pbs_geno/wasp_vcf/chr21.fnf.rename.vcf.gz
        
        (one of the commands exited with non-zero exit code; note that snakemake uses bash strict mode!)
    cluster_jobid: 56356644

Error executing rule reheader_imputed on cluster (jobid: 64, external: 56356644, jobscript: /work/users/s/e/seyoun/CQTL_AI/.snakemake/tmp.tm2u8xj9/snakejob.reheader_imputed.64.sh). For error details see the cluster log and the log files of the involved rule(s).
[Tue Dec 24 14:23:14 2024]
Error in rule reheader_imputed:
    jobid: 62
    output: output/geno/pbs_geno/wasp_vcf/chr19.pbs.rename.vcf.gz, output/geno/pbs_geno/wasp_vcf/chr19.fnf.rename.vcf.gz
    log: output/logs/imputed_PBS_chr19_rename.log, output/logs/imputed_FNF_chr19_rename.log (check log file(s) for error message)
    shell:
        
        module load samtools/1.21
        # Get the chromosome number from wildcards
        chrom=19

        mkdir -p output/geno/pbs_geno/wasp_vcf output/geno/fnf_geno/wasp_vcf

        sed 's/^0_//' output/geno/pbs_geno/mappings/sample_name_mapping.txt > output/geno/pbs_geno/wasp_vcf/mappings/imputed_pbs_mapping.txt
        sed 's/^0_//' output/geno/fnf_geno/mappings/sample_name_mapping.txt > output/geno/fnf_geno/wasp_vcf/mappings/imputed_fnf_mapping.txt

        # PBS files
        bcftools reheader             --samples output/geno/pbs_geno/wasp_vcf/mappings/imputed_pbs_mapping.txt             /work/users/s/e/seyoun/CQTL_AI/Genopipe/output/imputation/michigan_imputation_result/chr19.dose.vcf.gz             -o output/geno/pbs_geno/wasp_vcf/chr19.pbs.rename.vcf.gz 2> output/logs/imputed_PBS_chr19_rename.log

        # FNF files
        bcftools reheader             --samples output/geno/fnf_geno/wasp_vcf/mappings/imputed_fnf_mapping.txt             /work/users/s/e/seyoun/CQTL_AI/Genopipe/output/imputation/michigan_imputation_result/chr19.dose.vcf.gz             -o output/geno/pbs_geno/wasp_vcf/chr19.fnf.rename.vcf.gz 2> output/logs/imputed_FNF_chr19_rename.log

        # Index files
        tabix -p vcf output/geno/pbs_geno/wasp_vcf/chr19.pbs.rename.vcf.gz
        tabix -p vcf output/geno/pbs_geno/wasp_vcf/chr19.fnf.rename.vcf.gz
        
        (one of the commands exited with non-zero exit code; note that snakemake uses bash strict mode!)
    cluster_jobid: 56356641

Error executing rule reheader_imputed on cluster (jobid: 62, external: 56356641, jobscript: /work/users/s/e/seyoun/CQTL_AI/.snakemake/tmp.tm2u8xj9/snakejob.reheader_imputed.62.sh). For error details see the cluster log and the log files of the involved rule(s).

[Tue Dec 24 14:23:15 2024]
rule reheader_imputed:
    input: /work/users/s/e/seyoun/CQTL_AI/Genopipe/output/imputation/michigan_imputation_result/chr15.dose.vcf.gz, output/geno/pbs_geno/mappings/sample_name_mapping.txt, output/geno/fnf_geno/mappings/sample_name_mapping.txt
    output: output/geno/pbs_geno/wasp_vcf/chr15.pbs.rename.vcf.gz, output/geno/pbs_geno/wasp_vcf/chr15.fnf.rename.vcf.gz
    log: output/logs/imputed_PBS_chr15_rename.log, output/logs/imputed_FNF_chr15_rename.log
    jobid: 58
    wildcards: chrom=15


        module load samtools/1.21
        # Get the chromosome number from wildcards
        chrom=15

        mkdir -p output/geno/pbs_geno/wasp_vcf output/geno/fnf_geno/wasp_vcf

        sed 's/^0_//' output/geno/pbs_geno/mappings/sample_name_mapping.txt > output/geno/pbs_geno/wasp_vcf/mappings/imputed_pbs_mapping.txt
        sed 's/^0_//' output/geno/fnf_geno/mappings/sample_name_mapping.txt > output/geno/fnf_geno/wasp_vcf/mappings/imputed_fnf_mapping.txt

        # PBS files
        bcftools reheader             --samples output/geno/pbs_geno/wasp_vcf/mappings/imputed_pbs_mapping.txt             /work/users/s/e/seyoun/CQTL_AI/Genopipe/output/imputation/michigan_imputation_result/chr15.dose.vcf.gz             -o output/geno/pbs_geno/wasp_vcf/chr15.pbs.rename.vcf.gz 2> output/logs/imputed_PBS_chr15_rename.log

        # FNF files
        bcftools reheader             --samples output/geno/fnf_geno/wasp_vcf/mappings/imputed_fnf_mapping.txt             /work/users/s/e/seyoun/CQTL_AI/Genopipe/output/imputation/michigan_imputation_result/chr15.dose.vcf.gz             -o output/geno/pbs_geno/wasp_vcf/chr15.fnf.rename.vcf.gz 2> output/logs/imputed_FNF_chr15_rename.log

        # Index files
        tabix -p vcf output/geno/pbs_geno/wasp_vcf/chr15.pbs.rename.vcf.gz
        tabix -p vcf output/geno/pbs_geno/wasp_vcf/chr15.fnf.rename.vcf.gz
        
[Tue Dec 24 14:23:15 2024]
Error in rule reheader_imputed:
    jobid: 45
    output: output/geno/pbs_geno/wasp_vcf/chr2.pbs.rename.vcf.gz, output/geno/pbs_geno/wasp_vcf/chr2.fnf.rename.vcf.gz
    log: output/logs/imputed_PBS_chr2_rename.log, output/logs/imputed_FNF_chr2_rename.log (check log file(s) for error message)
    shell:
        
        module load samtools/1.21
        # Get the chromosome number from wildcards
        chrom=2

        mkdir -p output/geno/pbs_geno/wasp_vcf output/geno/fnf_geno/wasp_vcf

        sed 's/^0_//' output/geno/pbs_geno/mappings/sample_name_mapping.txt > output/geno/pbs_geno/wasp_vcf/mappings/imputed_pbs_mapping.txt
        sed 's/^0_//' output/geno/fnf_geno/mappings/sample_name_mapping.txt > output/geno/fnf_geno/wasp_vcf/mappings/imputed_fnf_mapping.txt

        # PBS files
        bcftools reheader             --samples output/geno/pbs_geno/wasp_vcf/mappings/imputed_pbs_mapping.txt             /work/users/s/e/seyoun/CQTL_AI/Genopipe/output/imputation/michigan_imputation_result/chr2.dose.vcf.gz             -o output/geno/pbs_geno/wasp_vcf/chr2.pbs.rename.vcf.gz 2> output/logs/imputed_PBS_chr2_rename.log

        # FNF files
        bcftools reheader             --samples output/geno/fnf_geno/wasp_vcf/mappings/imputed_fnf_mapping.txt             /work/users/s/e/seyoun/CQTL_AI/Genopipe/output/imputation/michigan_imputation_result/chr2.dose.vcf.gz             -o output/geno/pbs_geno/wasp_vcf/chr2.fnf.rename.vcf.gz 2> output/logs/imputed_FNF_chr2_rename.log

        # Index files
        tabix -p vcf output/geno/pbs_geno/wasp_vcf/chr2.pbs.rename.vcf.gz
        tabix -p vcf output/geno/pbs_geno/wasp_vcf/chr2.fnf.rename.vcf.gz
        
        (one of the commands exited with non-zero exit code; note that snakemake uses bash strict mode!)
    cluster_jobid: 56356642

Error executing rule reheader_imputed on cluster (jobid: 45, external: 56356642, jobscript: /work/users/s/e/seyoun/CQTL_AI/.snakemake/tmp.tm2u8xj9/snakejob.reheader_imputed.45.sh). For error details see the cluster log and the log files of the involved rule(s).
Submitted job 58 with external jobid '56356647'.

[Tue Dec 24 14:23:21 2024]
rule reheader_imputed:
    input: /work/users/s/e/seyoun/CQTL_AI/Genopipe/output/imputation/michigan_imputation_result/chr10.dose.vcf.gz, output/geno/pbs_geno/mappings/sample_name_mapping.txt, output/geno/fnf_geno/mappings/sample_name_mapping.txt
    output: output/geno/pbs_geno/wasp_vcf/chr10.pbs.rename.vcf.gz, output/geno/pbs_geno/wasp_vcf/chr10.fnf.rename.vcf.gz
    log: output/logs/imputed_PBS_chr10_rename.log, output/logs/imputed_FNF_chr10_rename.log
    jobid: 53
    wildcards: chrom=10


        module load samtools/1.21
        # Get the chromosome number from wildcards
        chrom=10

        mkdir -p output/geno/pbs_geno/wasp_vcf output/geno/fnf_geno/wasp_vcf

        sed 's/^0_//' output/geno/pbs_geno/mappings/sample_name_mapping.txt > output/geno/pbs_geno/wasp_vcf/mappings/imputed_pbs_mapping.txt
        sed 's/^0_//' output/geno/fnf_geno/mappings/sample_name_mapping.txt > output/geno/fnf_geno/wasp_vcf/mappings/imputed_fnf_mapping.txt

        # PBS files
        bcftools reheader             --samples output/geno/pbs_geno/wasp_vcf/mappings/imputed_pbs_mapping.txt             /work/users/s/e/seyoun/CQTL_AI/Genopipe/output/imputation/michigan_imputation_result/chr10.dose.vcf.gz             -o output/geno/pbs_geno/wasp_vcf/chr10.pbs.rename.vcf.gz 2> output/logs/imputed_PBS_chr10_rename.log

        # FNF files
        bcftools reheader             --samples output/geno/fnf_geno/wasp_vcf/mappings/imputed_fnf_mapping.txt             /work/users/s/e/seyoun/CQTL_AI/Genopipe/output/imputation/michigan_imputation_result/chr10.dose.vcf.gz             -o output/geno/pbs_geno/wasp_vcf/chr10.fnf.rename.vcf.gz 2> output/logs/imputed_FNF_chr10_rename.log

        # Index files
        tabix -p vcf output/geno/pbs_geno/wasp_vcf/chr10.pbs.rename.vcf.gz
        tabix -p vcf output/geno/pbs_geno/wasp_vcf/chr10.fnf.rename.vcf.gz
        
Submitted job 53 with external jobid '56356648'.
[Tue Dec 24 14:23:29 2024]
Error in rule reheader_imputed:
    jobid: 58
    output: output/geno/pbs_geno/wasp_vcf/chr15.pbs.rename.vcf.gz, output/geno/pbs_geno/wasp_vcf/chr15.fnf.rename.vcf.gz
    log: output/logs/imputed_PBS_chr15_rename.log, output/logs/imputed_FNF_chr15_rename.log (check log file(s) for error message)
    shell:
        
        module load samtools/1.21
        # Get the chromosome number from wildcards
        chrom=15

        mkdir -p output/geno/pbs_geno/wasp_vcf output/geno/fnf_geno/wasp_vcf

        sed 's/^0_//' output/geno/pbs_geno/mappings/sample_name_mapping.txt > output/geno/pbs_geno/wasp_vcf/mappings/imputed_pbs_mapping.txt
        sed 's/^0_//' output/geno/fnf_geno/mappings/sample_name_mapping.txt > output/geno/fnf_geno/wasp_vcf/mappings/imputed_fnf_mapping.txt

        # PBS files
        bcftools reheader             --samples output/geno/pbs_geno/wasp_vcf/mappings/imputed_pbs_mapping.txt             /work/users/s/e/seyoun/CQTL_AI/Genopipe/output/imputation/michigan_imputation_result/chr15.dose.vcf.gz             -o output/geno/pbs_geno/wasp_vcf/chr15.pbs.rename.vcf.gz 2> output/logs/imputed_PBS_chr15_rename.log

        # FNF files
        bcftools reheader             --samples output/geno/fnf_geno/wasp_vcf/mappings/imputed_fnf_mapping.txt             /work/users/s/e/seyoun/CQTL_AI/Genopipe/output/imputation/michigan_imputation_result/chr15.dose.vcf.gz             -o output/geno/pbs_geno/wasp_vcf/chr15.fnf.rename.vcf.gz 2> output/logs/imputed_FNF_chr15_rename.log

        # Index files
        tabix -p vcf output/geno/pbs_geno/wasp_vcf/chr15.pbs.rename.vcf.gz
        tabix -p vcf output/geno/pbs_geno/wasp_vcf/chr15.fnf.rename.vcf.gz
        
        (one of the commands exited with non-zero exit code; note that snakemake uses bash strict mode!)
    cluster_jobid: 56356647

Error executing rule reheader_imputed on cluster (jobid: 58, external: 56356647, jobscript: /work/users/s/e/seyoun/CQTL_AI/.snakemake/tmp.tm2u8xj9/snakejob.reheader_imputed.58.sh). For error details see the cluster log and the log files of the involved rule(s).
[Tue Dec 24 14:23:30 2024]
Error in rule reheader_imputed:
    jobid: 50
    output: output/geno/pbs_geno/wasp_vcf/chr7.pbs.rename.vcf.gz, output/geno/pbs_geno/wasp_vcf/chr7.fnf.rename.vcf.gz
    log: output/logs/imputed_PBS_chr7_rename.log, output/logs/imputed_FNF_chr7_rename.log (check log file(s) for error message)
    shell:
        
        module load samtools/1.21
        # Get the chromosome number from wildcards
        chrom=7

        mkdir -p output/geno/pbs_geno/wasp_vcf output/geno/fnf_geno/wasp_vcf

        sed 's/^0_//' output/geno/pbs_geno/mappings/sample_name_mapping.txt > output/geno/pbs_geno/wasp_vcf/mappings/imputed_pbs_mapping.txt
        sed 's/^0_//' output/geno/fnf_geno/mappings/sample_name_mapping.txt > output/geno/fnf_geno/wasp_vcf/mappings/imputed_fnf_mapping.txt

        # PBS files
        bcftools reheader             --samples output/geno/pbs_geno/wasp_vcf/mappings/imputed_pbs_mapping.txt             /work/users/s/e/seyoun/CQTL_AI/Genopipe/output/imputation/michigan_imputation_result/chr7.dose.vcf.gz             -o output/geno/pbs_geno/wasp_vcf/chr7.pbs.rename.vcf.gz 2> output/logs/imputed_PBS_chr7_rename.log

        # FNF files
        bcftools reheader             --samples output/geno/fnf_geno/wasp_vcf/mappings/imputed_fnf_mapping.txt             /work/users/s/e/seyoun/CQTL_AI/Genopipe/output/imputation/michigan_imputation_result/chr7.dose.vcf.gz             -o output/geno/pbs_geno/wasp_vcf/chr7.fnf.rename.vcf.gz 2> output/logs/imputed_FNF_chr7_rename.log

        # Index files
        tabix -p vcf output/geno/pbs_geno/wasp_vcf/chr7.pbs.rename.vcf.gz
        tabix -p vcf output/geno/pbs_geno/wasp_vcf/chr7.fnf.rename.vcf.gz
        
        (one of the commands exited with non-zero exit code; note that snakemake uses bash strict mode!)
    cluster_jobid: 56356645

Error executing rule reheader_imputed on cluster (jobid: 50, external: 56356645, jobscript: /work/users/s/e/seyoun/CQTL_AI/.snakemake/tmp.tm2u8xj9/snakejob.reheader_imputed.50.sh). For error details see the cluster log and the log files of the involved rule(s).
[Tue Dec 24 14:23:31 2024]
Error in rule reheader_imputed:
    jobid: 61
    output: output/geno/pbs_geno/wasp_vcf/chr18.pbs.rename.vcf.gz, output/geno/pbs_geno/wasp_vcf/chr18.fnf.rename.vcf.gz
    log: output/logs/imputed_PBS_chr18_rename.log, output/logs/imputed_FNF_chr18_rename.log (check log file(s) for error message)
    shell:
        
        module load samtools/1.21
        # Get the chromosome number from wildcards
        chrom=18

        mkdir -p output/geno/pbs_geno/wasp_vcf output/geno/fnf_geno/wasp_vcf

        sed 's/^0_//' output/geno/pbs_geno/mappings/sample_name_mapping.txt > output/geno/pbs_geno/wasp_vcf/mappings/imputed_pbs_mapping.txt
        sed 's/^0_//' output/geno/fnf_geno/mappings/sample_name_mapping.txt > output/geno/fnf_geno/wasp_vcf/mappings/imputed_fnf_mapping.txt

        # PBS files
        bcftools reheader             --samples output/geno/pbs_geno/wasp_vcf/mappings/imputed_pbs_mapping.txt             /work/users/s/e/seyoun/CQTL_AI/Genopipe/output/imputation/michigan_imputation_result/chr18.dose.vcf.gz             -o output/geno/pbs_geno/wasp_vcf/chr18.pbs.rename.vcf.gz 2> output/logs/imputed_PBS_chr18_rename.log

        # FNF files
        bcftools reheader             --samples output/geno/fnf_geno/wasp_vcf/mappings/imputed_fnf_mapping.txt             /work/users/s/e/seyoun/CQTL_AI/Genopipe/output/imputation/michigan_imputation_result/chr18.dose.vcf.gz             -o output/geno/pbs_geno/wasp_vcf/chr18.fnf.rename.vcf.gz 2> output/logs/imputed_FNF_chr18_rename.log

        # Index files
        tabix -p vcf output/geno/pbs_geno/wasp_vcf/chr18.pbs.rename.vcf.gz
        tabix -p vcf output/geno/pbs_geno/wasp_vcf/chr18.fnf.rename.vcf.gz
        
        (one of the commands exited with non-zero exit code; note that snakemake uses bash strict mode!)
    cluster_jobid: 56356646

Error executing rule reheader_imputed on cluster (jobid: 61, external: 56356646, jobscript: /work/users/s/e/seyoun/CQTL_AI/.snakemake/tmp.tm2u8xj9/snakejob.reheader_imputed.61.sh). For error details see the cluster log and the log files of the involved rule(s).
[Tue Dec 24 14:23:32 2024]
Error in rule reheader_imputed:
    jobid: 53
    output: output/geno/pbs_geno/wasp_vcf/chr10.pbs.rename.vcf.gz, output/geno/pbs_geno/wasp_vcf/chr10.fnf.rename.vcf.gz
    log: output/logs/imputed_PBS_chr10_rename.log, output/logs/imputed_FNF_chr10_rename.log (check log file(s) for error message)
    shell:
        
        module load samtools/1.21
        # Get the chromosome number from wildcards
        chrom=10

        mkdir -p output/geno/pbs_geno/wasp_vcf output/geno/fnf_geno/wasp_vcf

        sed 's/^0_//' output/geno/pbs_geno/mappings/sample_name_mapping.txt > output/geno/pbs_geno/wasp_vcf/mappings/imputed_pbs_mapping.txt
        sed 's/^0_//' output/geno/fnf_geno/mappings/sample_name_mapping.txt > output/geno/fnf_geno/wasp_vcf/mappings/imputed_fnf_mapping.txt

        # PBS files
        bcftools reheader             --samples output/geno/pbs_geno/wasp_vcf/mappings/imputed_pbs_mapping.txt             /work/users/s/e/seyoun/CQTL_AI/Genopipe/output/imputation/michigan_imputation_result/chr10.dose.vcf.gz             -o output/geno/pbs_geno/wasp_vcf/chr10.pbs.rename.vcf.gz 2> output/logs/imputed_PBS_chr10_rename.log

        # FNF files
        bcftools reheader             --samples output/geno/fnf_geno/wasp_vcf/mappings/imputed_fnf_mapping.txt             /work/users/s/e/seyoun/CQTL_AI/Genopipe/output/imputation/michigan_imputation_result/chr10.dose.vcf.gz             -o output/geno/pbs_geno/wasp_vcf/chr10.fnf.rename.vcf.gz 2> output/logs/imputed_FNF_chr10_rename.log

        # Index files
        tabix -p vcf output/geno/pbs_geno/wasp_vcf/chr10.pbs.rename.vcf.gz
        tabix -p vcf output/geno/pbs_geno/wasp_vcf/chr10.fnf.rename.vcf.gz
        
        (one of the commands exited with non-zero exit code; note that snakemake uses bash strict mode!)
    cluster_jobid: 56356648

Error executing rule reheader_imputed on cluster (jobid: 53, external: 56356648, jobscript: /work/users/s/e/seyoun/CQTL_AI/.snakemake/tmp.tm2u8xj9/snakejob.reheader_imputed.53.sh). For error details see the cluster log and the log files of the involved rule(s).
Shutting down, this might take some time.
Exiting because a job execution failed. Look above for error message
Complete log: /work/users/s/e/seyoun/CQTL_AI/.snakemake/log/2024-12-24T142129.592361.snakemake.log
