Building DAG of jobs...
Using shell: /usr/bin/bash
Provided cluster nodes: 100
Job counts:
	count	jobs
	58	add_read_groups
	1	all
	58	filter_mitochondrial_reads
	58	mark_duplicates
	58	run_ataqv
	233

[Wed Nov 20 10:10:49 2024]
rule mark_duplicates:
    input: output/align/CQTL_AM7786_FNF_Ankle_1_sorted.bam
    output: output/dedup/CQTL_AM7786_FNF_Ankle_1_dedup.bam, output/dedup/CQTL_AM7786_FNF_Ankle_1_dup_metrics.txt, output/dedup/CQTL_AM7786_FNF_Ankle_1_dedup.bai
    log: output/logs/mark_duplicates_CQTL_AM7786_FNF_Ankle_1.err, output/logs/mark_duplicates_CQTL_AM7786_FNF_Ankle_1.out
    jobid: 454
    wildcards: sampleName=CQTL_AM7786_FNF_Ankle_1


        module load java/17.0.2
        module load picard/2.26.11
        mkdir -p output/dedup

        java -Xmx16g -jar /nas/longleaf/apps/picard/2.26.11/picard-2.26.11/picard.jar MarkDuplicates             I=output/align/CQTL_AM7786_FNF_Ankle_1_sorted.bam             O=output/dedup/CQTL_AM7786_FNF_Ankle_1_dedup.bam             M=output/dedup/CQTL_AM7786_FNF_Ankle_1_dup_metrics.txt             REMOVE_DUPLICATES=true             1> output/logs/mark_duplicates_CQTL_AM7786_FNF_Ankle_1.out 2> output/logs/mark_duplicates_CQTL_AM7786_FNF_Ankle_1.err

        samtools index output/dedup/CQTL_AM7786_FNF_Ankle_1_dedup.bam 1>> output/logs/mark_duplicates_CQTL_AM7786_FNF_Ankle_1.out 2>> output/logs/mark_duplicates_CQTL_AM7786_FNF_Ankle_1.err
        
Submitted job 454 with external jobid '54551751'.

[Wed Nov 20 10:11:08 2024]
rule mark_duplicates:
    input: output/align/CQTL_AM7769_CTL_Ankle_1_sorted.bam
    output: output/dedup/CQTL_AM7769_CTL_Ankle_1_dedup.bam, output/dedup/CQTL_AM7769_CTL_Ankle_1_dup_metrics.txt, output/dedup/CQTL_AM7769_CTL_Ankle_1_dedup.bai
    log: output/logs/mark_duplicates_CQTL_AM7769_CTL_Ankle_1.err, output/logs/mark_duplicates_CQTL_AM7769_CTL_Ankle_1.out
    jobid: 437
    wildcards: sampleName=CQTL_AM7769_CTL_Ankle_1


        module load java/17.0.2
        module load picard/2.26.11
        mkdir -p output/dedup

        java -Xmx16g -jar /nas/longleaf/apps/picard/2.26.11/picard-2.26.11/picard.jar MarkDuplicates             I=output/align/CQTL_AM7769_CTL_Ankle_1_sorted.bam             O=output/dedup/CQTL_AM7769_CTL_Ankle_1_dedup.bam             M=output/dedup/CQTL_AM7769_CTL_Ankle_1_dup_metrics.txt             REMOVE_DUPLICATES=true             1> output/logs/mark_duplicates_CQTL_AM7769_CTL_Ankle_1.out 2> output/logs/mark_duplicates_CQTL_AM7769_CTL_Ankle_1.err

        samtools index output/dedup/CQTL_AM7769_CTL_Ankle_1_dedup.bam 1>> output/logs/mark_duplicates_CQTL_AM7769_CTL_Ankle_1.out 2>> output/logs/mark_duplicates_CQTL_AM7769_CTL_Ankle_1.err
        
Submitted job 437 with external jobid '54551754'.

[Wed Nov 20 10:11:23 2024]
rule mark_duplicates:
    input: output/align/CQTL_AM7726_CTL_Ankle_1_sorted.bam
    output: output/dedup/CQTL_AM7726_CTL_Ankle_1_dedup.bam, output/dedup/CQTL_AM7726_CTL_Ankle_1_dup_metrics.txt, output/dedup/CQTL_AM7726_CTL_Ankle_1_dedup.bai
    log: output/logs/mark_duplicates_CQTL_AM7726_CTL_Ankle_1.err, output/logs/mark_duplicates_CQTL_AM7726_CTL_Ankle_1.out
    jobid: 419
    wildcards: sampleName=CQTL_AM7726_CTL_Ankle_1


        module load java/17.0.2
        module load picard/2.26.11
        mkdir -p output/dedup

        java -Xmx16g -jar /nas/longleaf/apps/picard/2.26.11/picard-2.26.11/picard.jar MarkDuplicates             I=output/align/CQTL_AM7726_CTL_Ankle_1_sorted.bam             O=output/dedup/CQTL_AM7726_CTL_Ankle_1_dedup.bam             M=output/dedup/CQTL_AM7726_CTL_Ankle_1_dup_metrics.txt             REMOVE_DUPLICATES=true             1> output/logs/mark_duplicates_CQTL_AM7726_CTL_Ankle_1.out 2> output/logs/mark_duplicates_CQTL_AM7726_CTL_Ankle_1.err

        samtools index output/dedup/CQTL_AM7726_CTL_Ankle_1_dedup.bam 1>> output/logs/mark_duplicates_CQTL_AM7726_CTL_Ankle_1.out 2>> output/logs/mark_duplicates_CQTL_AM7726_CTL_Ankle_1.err
        
Submitted job 419 with external jobid '54551760'.

[Wed Nov 20 10:11:38 2024]
rule mark_duplicates:
    input: output/align/CQTL_AM7786_CTL_Ankle_1_sorted.bam
    output: output/dedup/CQTL_AM7786_CTL_Ankle_1_dedup.bam, output/dedup/CQTL_AM7786_CTL_Ankle_1_dup_metrics.txt, output/dedup/CQTL_AM7786_CTL_Ankle_1_dedup.bai
    log: output/logs/mark_duplicates_CQTL_AM7786_CTL_Ankle_1.err, output/logs/mark_duplicates_CQTL_AM7786_CTL_Ankle_1.out
    jobid: 453
    wildcards: sampleName=CQTL_AM7786_CTL_Ankle_1


        module load java/17.0.2
        module load picard/2.26.11
        mkdir -p output/dedup

        java -Xmx16g -jar /nas/longleaf/apps/picard/2.26.11/picard-2.26.11/picard.jar MarkDuplicates             I=output/align/CQTL_AM7786_CTL_Ankle_1_sorted.bam             O=output/dedup/CQTL_AM7786_CTL_Ankle_1_dedup.bam             M=output/dedup/CQTL_AM7786_CTL_Ankle_1_dup_metrics.txt             REMOVE_DUPLICATES=true             1> output/logs/mark_duplicates_CQTL_AM7786_CTL_Ankle_1.out 2> output/logs/mark_duplicates_CQTL_AM7786_CTL_Ankle_1.err

        samtools index output/dedup/CQTL_AM7786_CTL_Ankle_1_dedup.bam 1>> output/logs/mark_duplicates_CQTL_AM7786_CTL_Ankle_1.out 2>> output/logs/mark_duplicates_CQTL_AM7786_CTL_Ankle_1.err
        
Submitted job 453 with external jobid '54551766'.

[Wed Nov 20 10:11:52 2024]
rule mark_duplicates:
    input: output/align/FACT_23-0013_CTL_synovium_1_sorted.bam
    output: output/dedup/FACT_23-0013_CTL_synovium_1_dedup.bam, output/dedup/FACT_23-0013_CTL_synovium_1_dup_metrics.txt, output/dedup/FACT_23-0013_CTL_synovium_1_dedup.bai
    log: output/logs/mark_duplicates_FACT_23-0013_CTL_synovium_1.err, output/logs/mark_duplicates_FACT_23-0013_CTL_synovium_1.out
    jobid: 455
    wildcards: sampleName=FACT_23-0013_CTL_synovium_1


        module load java/17.0.2
        module load picard/2.26.11
        mkdir -p output/dedup

        java -Xmx16g -jar /nas/longleaf/apps/picard/2.26.11/picard-2.26.11/picard.jar MarkDuplicates             I=output/align/FACT_23-0013_CTL_synovium_1_sorted.bam             O=output/dedup/FACT_23-0013_CTL_synovium_1_dedup.bam             M=output/dedup/FACT_23-0013_CTL_synovium_1_dup_metrics.txt             REMOVE_DUPLICATES=true             1> output/logs/mark_duplicates_FACT_23-0013_CTL_synovium_1.out 2> output/logs/mark_duplicates_FACT_23-0013_CTL_synovium_1.err

        samtools index output/dedup/FACT_23-0013_CTL_synovium_1_dedup.bam 1>> output/logs/mark_duplicates_FACT_23-0013_CTL_synovium_1.out 2>> output/logs/mark_duplicates_FACT_23-0013_CTL_synovium_1.err
        
Submitted job 455 with external jobid '54551774'.

[Wed Nov 20 10:12:09 2024]
rule mark_duplicates:
    input: output/align/CQTL_AM7727_FNF_Ankle_1_sorted.bam
    output: output/dedup/CQTL_AM7727_FNF_Ankle_1_dedup.bam, output/dedup/CQTL_AM7727_FNF_Ankle_1_dup_metrics.txt, output/dedup/CQTL_AM7727_FNF_Ankle_1_dedup.bai
    log: output/logs/mark_duplicates_CQTL_AM7727_FNF_Ankle_1.err, output/logs/mark_duplicates_CQTL_AM7727_FNF_Ankle_1.out
    jobid: 422
    wildcards: sampleName=CQTL_AM7727_FNF_Ankle_1


        module load java/17.0.2
        module load picard/2.26.11
        mkdir -p output/dedup

        java -Xmx16g -jar /nas/longleaf/apps/picard/2.26.11/picard-2.26.11/picard.jar MarkDuplicates             I=output/align/CQTL_AM7727_FNF_Ankle_1_sorted.bam             O=output/dedup/CQTL_AM7727_FNF_Ankle_1_dedup.bam             M=output/dedup/CQTL_AM7727_FNF_Ankle_1_dup_metrics.txt             REMOVE_DUPLICATES=true             1> output/logs/mark_duplicates_CQTL_AM7727_FNF_Ankle_1.out 2> output/logs/mark_duplicates_CQTL_AM7727_FNF_Ankle_1.err

        samtools index output/dedup/CQTL_AM7727_FNF_Ankle_1_dedup.bam 1>> output/logs/mark_duplicates_CQTL_AM7727_FNF_Ankle_1.out 2>> output/logs/mark_duplicates_CQTL_AM7727_FNF_Ankle_1.err
        
Submitted job 422 with external jobid '54551780'.

[Wed Nov 20 10:12:23 2024]
rule mark_duplicates:
    input: output/align/CQTL_AM7679_CTL_Ankle_1_sorted.bam
    output: output/dedup/CQTL_AM7679_CTL_Ankle_1_dedup.bam, output/dedup/CQTL_AM7679_CTL_Ankle_1_dup_metrics.txt, output/dedup/CQTL_AM7679_CTL_Ankle_1_dedup.bai
    log: output/logs/mark_duplicates_CQTL_AM7679_CTL_Ankle_1.err, output/logs/mark_duplicates_CQTL_AM7679_CTL_Ankle_1.out
    jobid: 411
    wildcards: sampleName=CQTL_AM7679_CTL_Ankle_1


        module load java/17.0.2
        module load picard/2.26.11
        mkdir -p output/dedup

        java -Xmx16g -jar /nas/longleaf/apps/picard/2.26.11/picard-2.26.11/picard.jar MarkDuplicates             I=output/align/CQTL_AM7679_CTL_Ankle_1_sorted.bam             O=output/dedup/CQTL_AM7679_CTL_Ankle_1_dedup.bam             M=output/dedup/CQTL_AM7679_CTL_Ankle_1_dup_metrics.txt             REMOVE_DUPLICATES=true             1> output/logs/mark_duplicates_CQTL_AM7679_CTL_Ankle_1.out 2> output/logs/mark_duplicates_CQTL_AM7679_CTL_Ankle_1.err

        samtools index output/dedup/CQTL_AM7679_CTL_Ankle_1_dedup.bam 1>> output/logs/mark_duplicates_CQTL_AM7679_CTL_Ankle_1.out 2>> output/logs/mark_duplicates_CQTL_AM7679_CTL_Ankle_1.err
        
Submitted job 411 with external jobid '54551784'.

[Wed Nov 20 10:12:38 2024]
rule mark_duplicates:
    input: output/align/CQTL_AM7678_CTL_Ankle_1_sorted.bam
    output: output/dedup/CQTL_AM7678_CTL_Ankle_1_dedup.bam, output/dedup/CQTL_AM7678_CTL_Ankle_1_dup_metrics.txt, output/dedup/CQTL_AM7678_CTL_Ankle_1_dedup.bai
    log: output/logs/mark_duplicates_CQTL_AM7678_CTL_Ankle_1.err, output/logs/mark_duplicates_CQTL_AM7678_CTL_Ankle_1.out
    jobid: 409
    wildcards: sampleName=CQTL_AM7678_CTL_Ankle_1


        module load java/17.0.2
        module load picard/2.26.11
        mkdir -p output/dedup

        java -Xmx16g -jar /nas/longleaf/apps/picard/2.26.11/picard-2.26.11/picard.jar MarkDuplicates             I=output/align/CQTL_AM7678_CTL_Ankle_1_sorted.bam             O=output/dedup/CQTL_AM7678_CTL_Ankle_1_dedup.bam             M=output/dedup/CQTL_AM7678_CTL_Ankle_1_dup_metrics.txt             REMOVE_DUPLICATES=true             1> output/logs/mark_duplicates_CQTL_AM7678_CTL_Ankle_1.out 2> output/logs/mark_duplicates_CQTL_AM7678_CTL_Ankle_1.err

        samtools index output/dedup/CQTL_AM7678_CTL_Ankle_1_dedup.bam 1>> output/logs/mark_duplicates_CQTL_AM7678_CTL_Ankle_1.out 2>> output/logs/mark_duplicates_CQTL_AM7678_CTL_Ankle_1.err
        
Submitted job 409 with external jobid '54551790'.

[Wed Nov 20 10:12:52 2024]
rule mark_duplicates:
    input: output/align/CQTL_AM7778_FNF_Ankle_1_sorted.bam
    output: output/dedup/CQTL_AM7778_FNF_Ankle_1_dedup.bam, output/dedup/CQTL_AM7778_FNF_Ankle_1_dup_metrics.txt, output/dedup/CQTL_AM7778_FNF_Ankle_1_dedup.bai
    log: output/logs/mark_duplicates_CQTL_AM7778_FNF_Ankle_1.err, output/logs/mark_duplicates_CQTL_AM7778_FNF_Ankle_1.out
    jobid: 446
    wildcards: sampleName=CQTL_AM7778_FNF_Ankle_1


        module load java/17.0.2
        module load picard/2.26.11
        mkdir -p output/dedup

        java -Xmx16g -jar /nas/longleaf/apps/picard/2.26.11/picard-2.26.11/picard.jar MarkDuplicates             I=output/align/CQTL_AM7778_FNF_Ankle_1_sorted.bam             O=output/dedup/CQTL_AM7778_FNF_Ankle_1_dedup.bam             M=output/dedup/CQTL_AM7778_FNF_Ankle_1_dup_metrics.txt             REMOVE_DUPLICATES=true             1> output/logs/mark_duplicates_CQTL_AM7778_FNF_Ankle_1.out 2> output/logs/mark_duplicates_CQTL_AM7778_FNF_Ankle_1.err

        samtools index output/dedup/CQTL_AM7778_FNF_Ankle_1_dedup.bam 1>> output/logs/mark_duplicates_CQTL_AM7778_FNF_Ankle_1.out 2>> output/logs/mark_duplicates_CQTL_AM7778_FNF_Ankle_1.err
        
Submitted job 446 with external jobid '54551792'.

[Wed Nov 20 10:13:09 2024]
rule mark_duplicates:
    input: output/align/CQTL_AM7711_FNF_Ankle_1_sorted.bam
    output: output/dedup/CQTL_AM7711_FNF_Ankle_1_dedup.bam, output/dedup/CQTL_AM7711_FNF_Ankle_1_dup_metrics.txt, output/dedup/CQTL_AM7711_FNF_Ankle_1_dedup.bai
    log: output/logs/mark_duplicates_CQTL_AM7711_FNF_Ankle_1.err, output/logs/mark_duplicates_CQTL_AM7711_FNF_Ankle_1.out
    jobid: 414
    wildcards: sampleName=CQTL_AM7711_FNF_Ankle_1


        module load java/17.0.2
        module load picard/2.26.11
        mkdir -p output/dedup

        java -Xmx16g -jar /nas/longleaf/apps/picard/2.26.11/picard-2.26.11/picard.jar MarkDuplicates             I=output/align/CQTL_AM7711_FNF_Ankle_1_sorted.bam             O=output/dedup/CQTL_AM7711_FNF_Ankle_1_dedup.bam             M=output/dedup/CQTL_AM7711_FNF_Ankle_1_dup_metrics.txt             REMOVE_DUPLICATES=true             1> output/logs/mark_duplicates_CQTL_AM7711_FNF_Ankle_1.out 2> output/logs/mark_duplicates_CQTL_AM7711_FNF_Ankle_1.err

        samtools index output/dedup/CQTL_AM7711_FNF_Ankle_1_dedup.bam 1>> output/logs/mark_duplicates_CQTL_AM7711_FNF_Ankle_1.out 2>> output/logs/mark_duplicates_CQTL_AM7711_FNF_Ankle_1.err
        
Submitted job 414 with external jobid '54551797'.

[Wed Nov 20 10:13:21 2024]
rule mark_duplicates:
    input: output/align/CQTL_AM7763_CTL_Ankle_1_sorted.bam
    output: output/dedup/CQTL_AM7763_CTL_Ankle_1_dedup.bam, output/dedup/CQTL_AM7763_CTL_Ankle_1_dup_metrics.txt, output/dedup/CQTL_AM7763_CTL_Ankle_1_dedup.bai
    log: output/logs/mark_duplicates_CQTL_AM7763_CTL_Ankle_1.err, output/logs/mark_duplicates_CQTL_AM7763_CTL_Ankle_1.out
    jobid: 433
    wildcards: sampleName=CQTL_AM7763_CTL_Ankle_1


        module load java/17.0.2
        module load picard/2.26.11
        mkdir -p output/dedup

        java -Xmx16g -jar /nas/longleaf/apps/picard/2.26.11/picard-2.26.11/picard.jar MarkDuplicates             I=output/align/CQTL_AM7763_CTL_Ankle_1_sorted.bam             O=output/dedup/CQTL_AM7763_CTL_Ankle_1_dedup.bam             M=output/dedup/CQTL_AM7763_CTL_Ankle_1_dup_metrics.txt             REMOVE_DUPLICATES=true             1> output/logs/mark_duplicates_CQTL_AM7763_CTL_Ankle_1.out 2> output/logs/mark_duplicates_CQTL_AM7763_CTL_Ankle_1.err

        samtools index output/dedup/CQTL_AM7763_CTL_Ankle_1_dedup.bam 1>> output/logs/mark_duplicates_CQTL_AM7763_CTL_Ankle_1.out 2>> output/logs/mark_duplicates_CQTL_AM7763_CTL_Ankle_1.err
        
Submitted job 433 with external jobid '54551803'.

[Wed Nov 20 10:13:36 2024]
rule mark_duplicates:
    input: output/align/CQTL_AM7785_FNF_Ankle_1_sorted.bam
    output: output/dedup/CQTL_AM7785_FNF_Ankle_1_dedup.bam, output/dedup/CQTL_AM7785_FNF_Ankle_1_dup_metrics.txt, output/dedup/CQTL_AM7785_FNF_Ankle_1_dedup.bai
    log: output/logs/mark_duplicates_CQTL_AM7785_FNF_Ankle_1.err, output/logs/mark_duplicates_CQTL_AM7785_FNF_Ankle_1.out
    jobid: 452
    wildcards: sampleName=CQTL_AM7785_FNF_Ankle_1


        module load java/17.0.2
        module load picard/2.26.11
        mkdir -p output/dedup

        java -Xmx16g -jar /nas/longleaf/apps/picard/2.26.11/picard-2.26.11/picard.jar MarkDuplicates             I=output/align/CQTL_AM7785_FNF_Ankle_1_sorted.bam             O=output/dedup/CQTL_AM7785_FNF_Ankle_1_dedup.bam             M=output/dedup/CQTL_AM7785_FNF_Ankle_1_dup_metrics.txt             REMOVE_DUPLICATES=true             1> output/logs/mark_duplicates_CQTL_AM7785_FNF_Ankle_1.out 2> output/logs/mark_duplicates_CQTL_AM7785_FNF_Ankle_1.err

        samtools index output/dedup/CQTL_AM7785_FNF_Ankle_1_dedup.bam 1>> output/logs/mark_duplicates_CQTL_AM7785_FNF_Ankle_1.out 2>> output/logs/mark_duplicates_CQTL_AM7785_FNF_Ankle_1.err
        
Submitted job 452 with external jobid '54551808'.

[Wed Nov 20 10:13:52 2024]
rule mark_duplicates:
    input: output/align/FACT_23-0023_FNF_synovium_1_sorted.bam
    output: output/dedup/FACT_23-0023_FNF_synovium_1_dedup.bam, output/dedup/FACT_23-0023_FNF_synovium_1_dup_metrics.txt, output/dedup/FACT_23-0023_FNF_synovium_1_dedup.bai
    log: output/logs/mark_duplicates_FACT_23-0023_FNF_synovium_1.err, output/logs/mark_duplicates_FACT_23-0023_FNF_synovium_1.out
    jobid: 462
    wildcards: sampleName=FACT_23-0023_FNF_synovium_1


        module load java/17.0.2
        module load picard/2.26.11
        mkdir -p output/dedup

        java -Xmx16g -jar /nas/longleaf/apps/picard/2.26.11/picard-2.26.11/picard.jar MarkDuplicates             I=output/align/FACT_23-0023_FNF_synovium_1_sorted.bam             O=output/dedup/FACT_23-0023_FNF_synovium_1_dedup.bam             M=output/dedup/FACT_23-0023_FNF_synovium_1_dup_metrics.txt             REMOVE_DUPLICATES=true             1> output/logs/mark_duplicates_FACT_23-0023_FNF_synovium_1.out 2> output/logs/mark_duplicates_FACT_23-0023_FNF_synovium_1.err

        samtools index output/dedup/FACT_23-0023_FNF_synovium_1_dedup.bam 1>> output/logs/mark_duplicates_FACT_23-0023_FNF_synovium_1.out 2>> output/logs/mark_duplicates_FACT_23-0023_FNF_synovium_1.err
        
Submitted job 462 with external jobid '54551810'.

[Wed Nov 20 10:14:08 2024]
rule mark_duplicates:
    input: output/align/CQTL_AM7735_CTL_Ankle_1_sorted.bam
    output: output/dedup/CQTL_AM7735_CTL_Ankle_1_dedup.bam, output/dedup/CQTL_AM7735_CTL_Ankle_1_dup_metrics.txt, output/dedup/CQTL_AM7735_CTL_Ankle_1_dedup.bai
    log: output/logs/mark_duplicates_CQTL_AM7735_CTL_Ankle_1.err, output/logs/mark_duplicates_CQTL_AM7735_CTL_Ankle_1.out
    jobid: 423
    wildcards: sampleName=CQTL_AM7735_CTL_Ankle_1


        module load java/17.0.2
        module load picard/2.26.11
        mkdir -p output/dedup

        java -Xmx16g -jar /nas/longleaf/apps/picard/2.26.11/picard-2.26.11/picard.jar MarkDuplicates             I=output/align/CQTL_AM7735_CTL_Ankle_1_sorted.bam             O=output/dedup/CQTL_AM7735_CTL_Ankle_1_dedup.bam             M=output/dedup/CQTL_AM7735_CTL_Ankle_1_dup_metrics.txt             REMOVE_DUPLICATES=true             1> output/logs/mark_duplicates_CQTL_AM7735_CTL_Ankle_1.out 2> output/logs/mark_duplicates_CQTL_AM7735_CTL_Ankle_1.err

        samtools index output/dedup/CQTL_AM7735_CTL_Ankle_1_dedup.bam 1>> output/logs/mark_duplicates_CQTL_AM7735_CTL_Ankle_1.out 2>> output/logs/mark_duplicates_CQTL_AM7735_CTL_Ankle_1.err
        
Submitted job 423 with external jobid '54551813'.

[Wed Nov 20 10:14:22 2024]
rule mark_duplicates:
    input: output/align/CQTL_AM7780_CTL_Ankle_1_sorted.bam
    output: output/dedup/CQTL_AM7780_CTL_Ankle_1_dedup.bam, output/dedup/CQTL_AM7780_CTL_Ankle_1_dup_metrics.txt, output/dedup/CQTL_AM7780_CTL_Ankle_1_dedup.bai
    log: output/logs/mark_duplicates_CQTL_AM7780_CTL_Ankle_1.err, output/logs/mark_duplicates_CQTL_AM7780_CTL_Ankle_1.out
    jobid: 447
    wildcards: sampleName=CQTL_AM7780_CTL_Ankle_1


        module load java/17.0.2
        module load picard/2.26.11
        mkdir -p output/dedup

        java -Xmx16g -jar /nas/longleaf/apps/picard/2.26.11/picard-2.26.11/picard.jar MarkDuplicates             I=output/align/CQTL_AM7780_CTL_Ankle_1_sorted.bam             O=output/dedup/CQTL_AM7780_CTL_Ankle_1_dedup.bam             M=output/dedup/CQTL_AM7780_CTL_Ankle_1_dup_metrics.txt             REMOVE_DUPLICATES=true             1> output/logs/mark_duplicates_CQTL_AM7780_CTL_Ankle_1.out 2> output/logs/mark_duplicates_CQTL_AM7780_CTL_Ankle_1.err

        samtools index output/dedup/CQTL_AM7780_CTL_Ankle_1_dedup.bam 1>> output/logs/mark_duplicates_CQTL_AM7780_CTL_Ankle_1.out 2>> output/logs/mark_duplicates_CQTL_AM7780_CTL_Ankle_1.err
        
Submitted job 447 with external jobid '54551814'.

[Wed Nov 20 10:14:37 2024]
rule mark_duplicates:
    input: output/align/CQTL_AM7781_FNF_Ankle_1_sorted.bam
    output: output/dedup/CQTL_AM7781_FNF_Ankle_1_dedup.bam, output/dedup/CQTL_AM7781_FNF_Ankle_1_dup_metrics.txt, output/dedup/CQTL_AM7781_FNF_Ankle_1_dedup.bai
    log: output/logs/mark_duplicates_CQTL_AM7781_FNF_Ankle_1.err, output/logs/mark_duplicates_CQTL_AM7781_FNF_Ankle_1.out
    jobid: 450
    wildcards: sampleName=CQTL_AM7781_FNF_Ankle_1


        module load java/17.0.2
        module load picard/2.26.11
        mkdir -p output/dedup

        java -Xmx16g -jar /nas/longleaf/apps/picard/2.26.11/picard-2.26.11/picard.jar MarkDuplicates             I=output/align/CQTL_AM7781_FNF_Ankle_1_sorted.bam             O=output/dedup/CQTL_AM7781_FNF_Ankle_1_dedup.bam             M=output/dedup/CQTL_AM7781_FNF_Ankle_1_dup_metrics.txt             REMOVE_DUPLICATES=true             1> output/logs/mark_duplicates_CQTL_AM7781_FNF_Ankle_1.out 2> output/logs/mark_duplicates_CQTL_AM7781_FNF_Ankle_1.err

        samtools index output/dedup/CQTL_AM7781_FNF_Ankle_1_dedup.bam 1>> output/logs/mark_duplicates_CQTL_AM7781_FNF_Ankle_1.out 2>> output/logs/mark_duplicates_CQTL_AM7781_FNF_Ankle_1.err
        
Submitted job 450 with external jobid '54551815'.

[Wed Nov 20 10:14:53 2024]
rule mark_duplicates:
    input: output/align/CQTL_AM7677_CTL_Ankle_1_sorted.bam
    output: output/dedup/CQTL_AM7677_CTL_Ankle_1_dedup.bam, output/dedup/CQTL_AM7677_CTL_Ankle_1_dup_metrics.txt, output/dedup/CQTL_AM7677_CTL_Ankle_1_dedup.bai
    log: output/logs/mark_duplicates_CQTL_AM7677_CTL_Ankle_1.err, output/logs/mark_duplicates_CQTL_AM7677_CTL_Ankle_1.out
    jobid: 407
    wildcards: sampleName=CQTL_AM7677_CTL_Ankle_1


        module load java/17.0.2
        module load picard/2.26.11
        mkdir -p output/dedup

        java -Xmx16g -jar /nas/longleaf/apps/picard/2.26.11/picard-2.26.11/picard.jar MarkDuplicates             I=output/align/CQTL_AM7677_CTL_Ankle_1_sorted.bam             O=output/dedup/CQTL_AM7677_CTL_Ankle_1_dedup.bam             M=output/dedup/CQTL_AM7677_CTL_Ankle_1_dup_metrics.txt             REMOVE_DUPLICATES=true             1> output/logs/mark_duplicates_CQTL_AM7677_CTL_Ankle_1.out 2> output/logs/mark_duplicates_CQTL_AM7677_CTL_Ankle_1.err

        samtools index output/dedup/CQTL_AM7677_CTL_Ankle_1_dedup.bam 1>> output/logs/mark_duplicates_CQTL_AM7677_CTL_Ankle_1.out 2>> output/logs/mark_duplicates_CQTL_AM7677_CTL_Ankle_1.err
        
Submitted job 407 with external jobid '54551816'.

[Wed Nov 20 10:15:15 2024]
rule mark_duplicates:
    input: output/align/CQTL_AM7717_CTL_Ankle_1_sorted.bam
    output: output/dedup/CQTL_AM7717_CTL_Ankle_1_dedup.bam, output/dedup/CQTL_AM7717_CTL_Ankle_1_dup_metrics.txt, output/dedup/CQTL_AM7717_CTL_Ankle_1_dedup.bai
    log: output/logs/mark_duplicates_CQTL_AM7717_CTL_Ankle_1.err, output/logs/mark_duplicates_CQTL_AM7717_CTL_Ankle_1.out
    jobid: 417
    wildcards: sampleName=CQTL_AM7717_CTL_Ankle_1


        module load java/17.0.2
        module load picard/2.26.11
        mkdir -p output/dedup

        java -Xmx16g -jar /nas/longleaf/apps/picard/2.26.11/picard-2.26.11/picard.jar MarkDuplicates             I=output/align/CQTL_AM7717_CTL_Ankle_1_sorted.bam             O=output/dedup/CQTL_AM7717_CTL_Ankle_1_dedup.bam             M=output/dedup/CQTL_AM7717_CTL_Ankle_1_dup_metrics.txt             REMOVE_DUPLICATES=true             1> output/logs/mark_duplicates_CQTL_AM7717_CTL_Ankle_1.out 2> output/logs/mark_duplicates_CQTL_AM7717_CTL_Ankle_1.err

        samtools index output/dedup/CQTL_AM7717_CTL_Ankle_1_dedup.bam 1>> output/logs/mark_duplicates_CQTL_AM7717_CTL_Ankle_1.out 2>> output/logs/mark_duplicates_CQTL_AM7717_CTL_Ankle_1.err
        
Submitted job 417 with external jobid '54551818'.

[Wed Nov 20 10:15:28 2024]
rule mark_duplicates:
    input: output/align/CQTL_AM7754_CTL_Ankle_1_sorted.bam
    output: output/dedup/CQTL_AM7754_CTL_Ankle_1_dedup.bam, output/dedup/CQTL_AM7754_CTL_Ankle_1_dup_metrics.txt, output/dedup/CQTL_AM7754_CTL_Ankle_1_dedup.bai
    log: output/logs/mark_duplicates_CQTL_AM7754_CTL_Ankle_1.err, output/logs/mark_duplicates_CQTL_AM7754_CTL_Ankle_1.out
    jobid: 425
    wildcards: sampleName=CQTL_AM7754_CTL_Ankle_1


        module load java/17.0.2
        module load picard/2.26.11
        mkdir -p output/dedup

        java -Xmx16g -jar /nas/longleaf/apps/picard/2.26.11/picard-2.26.11/picard.jar MarkDuplicates             I=output/align/CQTL_AM7754_CTL_Ankle_1_sorted.bam             O=output/dedup/CQTL_AM7754_CTL_Ankle_1_dedup.bam             M=output/dedup/CQTL_AM7754_CTL_Ankle_1_dup_metrics.txt             REMOVE_DUPLICATES=true             1> output/logs/mark_duplicates_CQTL_AM7754_CTL_Ankle_1.out 2> output/logs/mark_duplicates_CQTL_AM7754_CTL_Ankle_1.err

        samtools index output/dedup/CQTL_AM7754_CTL_Ankle_1_dedup.bam 1>> output/logs/mark_duplicates_CQTL_AM7754_CTL_Ankle_1.out 2>> output/logs/mark_duplicates_CQTL_AM7754_CTL_Ankle_1.err
        
Submitted job 425 with external jobid '54551819'.

[Wed Nov 20 10:15:44 2024]
rule mark_duplicates:
    input: output/align/CQTL_AM7754_CTL_Ankle_replicate_sorted.bam
    output: output/dedup/CQTL_AM7754_CTL_Ankle_replicate_dedup.bam, output/dedup/CQTL_AM7754_CTL_Ankle_replicate_dup_metrics.txt, output/dedup/CQTL_AM7754_CTL_Ankle_replicate_dedup.bai
    log: output/logs/mark_duplicates_CQTL_AM7754_CTL_Ankle_replicate.err, output/logs/mark_duplicates_CQTL_AM7754_CTL_Ankle_replicate.out
    jobid: 426
    wildcards: sampleName=CQTL_AM7754_CTL_Ankle_replicate


        module load java/17.0.2
        module load picard/2.26.11
        mkdir -p output/dedup

        java -Xmx16g -jar /nas/longleaf/apps/picard/2.26.11/picard-2.26.11/picard.jar MarkDuplicates             I=output/align/CQTL_AM7754_CTL_Ankle_replicate_sorted.bam             O=output/dedup/CQTL_AM7754_CTL_Ankle_replicate_dedup.bam             M=output/dedup/CQTL_AM7754_CTL_Ankle_replicate_dup_metrics.txt             REMOVE_DUPLICATES=true             1> output/logs/mark_duplicates_CQTL_AM7754_CTL_Ankle_replicate.out 2> output/logs/mark_duplicates_CQTL_AM7754_CTL_Ankle_replicate.err

        samtools index output/dedup/CQTL_AM7754_CTL_Ankle_replicate_dedup.bam 1>> output/logs/mark_duplicates_CQTL_AM7754_CTL_Ankle_replicate.out 2>> output/logs/mark_duplicates_CQTL_AM7754_CTL_Ankle_replicate.err
        
Submitted job 426 with external jobid '54551820'.

[Wed Nov 20 10:15:57 2024]
rule mark_duplicates:
    input: output/align/CQTL_AM7755_FNF_Ankle_replicate_sorted.bam
    output: output/dedup/CQTL_AM7755_FNF_Ankle_replicate_dedup.bam, output/dedup/CQTL_AM7755_FNF_Ankle_replicate_dup_metrics.txt, output/dedup/CQTL_AM7755_FNF_Ankle_replicate_dedup.bai
    log: output/logs/mark_duplicates_CQTL_AM7755_FNF_Ankle_replicate.err, output/logs/mark_duplicates_CQTL_AM7755_FNF_Ankle_replicate.out
    jobid: 432
    wildcards: sampleName=CQTL_AM7755_FNF_Ankle_replicate


        module load java/17.0.2
        module load picard/2.26.11
        mkdir -p output/dedup

        java -Xmx16g -jar /nas/longleaf/apps/picard/2.26.11/picard-2.26.11/picard.jar MarkDuplicates             I=output/align/CQTL_AM7755_FNF_Ankle_replicate_sorted.bam             O=output/dedup/CQTL_AM7755_FNF_Ankle_replicate_dedup.bam             M=output/dedup/CQTL_AM7755_FNF_Ankle_replicate_dup_metrics.txt             REMOVE_DUPLICATES=true             1> output/logs/mark_duplicates_CQTL_AM7755_FNF_Ankle_replicate.out 2> output/logs/mark_duplicates_CQTL_AM7755_FNF_Ankle_replicate.err

        samtools index output/dedup/CQTL_AM7755_FNF_Ankle_replicate_dedup.bam 1>> output/logs/mark_duplicates_CQTL_AM7755_FNF_Ankle_replicate.out 2>> output/logs/mark_duplicates_CQTL_AM7755_FNF_Ankle_replicate.err
        
Submitted job 432 with external jobid '54551842'.

[Wed Nov 20 10:16:08 2024]
rule mark_duplicates:
    input: output/align/CQTL_AM7778FE_CTL_Femur_1_sorted.bam
    output: output/dedup/CQTL_AM7778FE_CTL_Femur_1_dedup.bam, output/dedup/CQTL_AM7778FE_CTL_Femur_1_dup_metrics.txt, output/dedup/CQTL_AM7778FE_CTL_Femur_1_dedup.bai
    log: output/logs/mark_duplicates_CQTL_AM7778FE_CTL_Femur_1.err, output/logs/mark_duplicates_CQTL_AM7778FE_CTL_Femur_1.out
    jobid: 443
    wildcards: sampleName=CQTL_AM7778FE_CTL_Femur_1


        module load java/17.0.2
        module load picard/2.26.11
        mkdir -p output/dedup

        java -Xmx16g -jar /nas/longleaf/apps/picard/2.26.11/picard-2.26.11/picard.jar MarkDuplicates             I=output/align/CQTL_AM7778FE_CTL_Femur_1_sorted.bam             O=output/dedup/CQTL_AM7778FE_CTL_Femur_1_dedup.bam             M=output/dedup/CQTL_AM7778FE_CTL_Femur_1_dup_metrics.txt             REMOVE_DUPLICATES=true             1> output/logs/mark_duplicates_CQTL_AM7778FE_CTL_Femur_1.out 2> output/logs/mark_duplicates_CQTL_AM7778FE_CTL_Femur_1.err

        samtools index output/dedup/CQTL_AM7778FE_CTL_Femur_1_dedup.bam 1>> output/logs/mark_duplicates_CQTL_AM7778FE_CTL_Femur_1.out 2>> output/logs/mark_duplicates_CQTL_AM7778FE_CTL_Femur_1.err
        
Submitted job 443 with external jobid '54551849'.

[Wed Nov 20 10:16:22 2024]
rule mark_duplicates:
    input: output/align/CQTL_AM7771_FNF_Ankle_1_sorted.bam
    output: output/dedup/CQTL_AM7771_FNF_Ankle_1_dedup.bam, output/dedup/CQTL_AM7771_FNF_Ankle_1_dup_metrics.txt, output/dedup/CQTL_AM7771_FNF_Ankle_1_dedup.bai
    log: output/logs/mark_duplicates_CQTL_AM7771_FNF_Ankle_1.err, output/logs/mark_duplicates_CQTL_AM7771_FNF_Ankle_1.out
    jobid: 440
    wildcards: sampleName=CQTL_AM7771_FNF_Ankle_1


        module load java/17.0.2
        module load picard/2.26.11
        mkdir -p output/dedup

        java -Xmx16g -jar /nas/longleaf/apps/picard/2.26.11/picard-2.26.11/picard.jar MarkDuplicates             I=output/align/CQTL_AM7771_FNF_Ankle_1_sorted.bam             O=output/dedup/CQTL_AM7771_FNF_Ankle_1_dedup.bam             M=output/dedup/CQTL_AM7771_FNF_Ankle_1_dup_metrics.txt             REMOVE_DUPLICATES=true             1> output/logs/mark_duplicates_CQTL_AM7771_FNF_Ankle_1.out 2> output/logs/mark_duplicates_CQTL_AM7771_FNF_Ankle_1.err

        samtools index output/dedup/CQTL_AM7771_FNF_Ankle_1_dedup.bam 1>> output/logs/mark_duplicates_CQTL_AM7771_FNF_Ankle_1.out 2>> output/logs/mark_duplicates_CQTL_AM7771_FNF_Ankle_1.err
        
Submitted job 440 with external jobid '54551851'.

[Wed Nov 20 10:16:33 2024]
rule mark_duplicates:
    input: output/align/FACT_23-0016_CTL_synovium_1_sorted.bam
    output: output/dedup/FACT_23-0016_CTL_synovium_1_dedup.bam, output/dedup/FACT_23-0016_CTL_synovium_1_dup_metrics.txt, output/dedup/FACT_23-0016_CTL_synovium_1_dedup.bai
    log: output/logs/mark_duplicates_FACT_23-0016_CTL_synovium_1.err, output/logs/mark_duplicates_FACT_23-0016_CTL_synovium_1.out
    jobid: 457
    wildcards: sampleName=FACT_23-0016_CTL_synovium_1


        module load java/17.0.2
        module load picard/2.26.11
        mkdir -p output/dedup

        java -Xmx16g -jar /nas/longleaf/apps/picard/2.26.11/picard-2.26.11/picard.jar MarkDuplicates             I=output/align/FACT_23-0016_CTL_synovium_1_sorted.bam             O=output/dedup/FACT_23-0016_CTL_synovium_1_dedup.bam             M=output/dedup/FACT_23-0016_CTL_synovium_1_dup_metrics.txt             REMOVE_DUPLICATES=true             1> output/logs/mark_duplicates_FACT_23-0016_CTL_synovium_1.out 2> output/logs/mark_duplicates_FACT_23-0016_CTL_synovium_1.err

        samtools index output/dedup/FACT_23-0016_CTL_synovium_1_dedup.bam 1>> output/logs/mark_duplicates_FACT_23-0016_CTL_synovium_1.out 2>> output/logs/mark_duplicates_FACT_23-0016_CTL_synovium_1.err
        
Submitted job 457 with external jobid '54551955'.
[Wed Nov 20 10:16:43 2024]
Error in rule mark_duplicates:
    jobid: 446
    output: output/dedup/CQTL_AM7778_FNF_Ankle_1_dedup.bam, output/dedup/CQTL_AM7778_FNF_Ankle_1_dup_metrics.txt, output/dedup/CQTL_AM7778_FNF_Ankle_1_dedup.bai
    log: output/logs/mark_duplicates_CQTL_AM7778_FNF_Ankle_1.err, output/logs/mark_duplicates_CQTL_AM7778_FNF_Ankle_1.out (check log file(s) for error message)
    shell:
        
        module load java/17.0.2
        module load picard/2.26.11
        mkdir -p output/dedup

        java -Xmx16g -jar /nas/longleaf/apps/picard/2.26.11/picard-2.26.11/picard.jar MarkDuplicates             I=output/align/CQTL_AM7778_FNF_Ankle_1_sorted.bam             O=output/dedup/CQTL_AM7778_FNF_Ankle_1_dedup.bam             M=output/dedup/CQTL_AM7778_FNF_Ankle_1_dup_metrics.txt             REMOVE_DUPLICATES=true             1> output/logs/mark_duplicates_CQTL_AM7778_FNF_Ankle_1.out 2> output/logs/mark_duplicates_CQTL_AM7778_FNF_Ankle_1.err

        samtools index output/dedup/CQTL_AM7778_FNF_Ankle_1_dedup.bam 1>> output/logs/mark_duplicates_CQTL_AM7778_FNF_Ankle_1.out 2>> output/logs/mark_duplicates_CQTL_AM7778_FNF_Ankle_1.err
        
        (one of the commands exited with non-zero exit code; note that snakemake uses bash strict mode!)
    cluster_jobid: 54551792

Error executing rule mark_duplicates on cluster (jobid: 446, external: 54551792, jobscript: /work/users/s/e/seyoun/CQTL_AI/.snakemake/tmp.syc4qp12/snakejob.mark_duplicates.446.sh). For error details see the cluster log and the log files of the involved rule(s).

[Wed Nov 20 10:16:46 2024]
rule mark_duplicates:
    input: output/align/CQTL_AM7785_CTL_Ankle_1_sorted.bam
    output: output/dedup/CQTL_AM7785_CTL_Ankle_1_dedup.bam, output/dedup/CQTL_AM7785_CTL_Ankle_1_dup_metrics.txt, output/dedup/CQTL_AM7785_CTL_Ankle_1_dedup.bai
    log: output/logs/mark_duplicates_CQTL_AM7785_CTL_Ankle_1.err, output/logs/mark_duplicates_CQTL_AM7785_CTL_Ankle_1.out
    jobid: 451
    wildcards: sampleName=CQTL_AM7785_CTL_Ankle_1


        module load java/17.0.2
        module load picard/2.26.11
        mkdir -p output/dedup

        java -Xmx16g -jar /nas/longleaf/apps/picard/2.26.11/picard-2.26.11/picard.jar MarkDuplicates             I=output/align/CQTL_AM7785_CTL_Ankle_1_sorted.bam             O=output/dedup/CQTL_AM7785_CTL_Ankle_1_dedup.bam             M=output/dedup/CQTL_AM7785_CTL_Ankle_1_dup_metrics.txt             REMOVE_DUPLICATES=true             1> output/logs/mark_duplicates_CQTL_AM7785_CTL_Ankle_1.out 2> output/logs/mark_duplicates_CQTL_AM7785_CTL_Ankle_1.err

        samtools index output/dedup/CQTL_AM7785_CTL_Ankle_1_dedup.bam 1>> output/logs/mark_duplicates_CQTL_AM7785_CTL_Ankle_1.out 2>> output/logs/mark_duplicates_CQTL_AM7785_CTL_Ankle_1.err
        
Submitted job 451 with external jobid '54551957'.
[Wed Nov 20 10:16:52 2024]
Error in rule mark_duplicates:
    jobid: 455
    output: output/dedup/FACT_23-0013_CTL_synovium_1_dedup.bam, output/dedup/FACT_23-0013_CTL_synovium_1_dup_metrics.txt, output/dedup/FACT_23-0013_CTL_synovium_1_dedup.bai
    log: output/logs/mark_duplicates_FACT_23-0013_CTL_synovium_1.err, output/logs/mark_duplicates_FACT_23-0013_CTL_synovium_1.out (check log file(s) for error message)
    shell:
        
        module load java/17.0.2
        module load picard/2.26.11
        mkdir -p output/dedup

        java -Xmx16g -jar /nas/longleaf/apps/picard/2.26.11/picard-2.26.11/picard.jar MarkDuplicates             I=output/align/FACT_23-0013_CTL_synovium_1_sorted.bam             O=output/dedup/FACT_23-0013_CTL_synovium_1_dedup.bam             M=output/dedup/FACT_23-0013_CTL_synovium_1_dup_metrics.txt             REMOVE_DUPLICATES=true             1> output/logs/mark_duplicates_FACT_23-0013_CTL_synovium_1.out 2> output/logs/mark_duplicates_FACT_23-0013_CTL_synovium_1.err

        samtools index output/dedup/FACT_23-0013_CTL_synovium_1_dedup.bam 1>> output/logs/mark_duplicates_FACT_23-0013_CTL_synovium_1.out 2>> output/logs/mark_duplicates_FACT_23-0013_CTL_synovium_1.err
        
        (one of the commands exited with non-zero exit code; note that snakemake uses bash strict mode!)
    cluster_jobid: 54551774

Error executing rule mark_duplicates on cluster (jobid: 455, external: 54551774, jobscript: /work/users/s/e/seyoun/CQTL_AI/.snakemake/tmp.syc4qp12/snakejob.mark_duplicates.455.sh). For error details see the cluster log and the log files of the involved rule(s).
[Wed Nov 20 10:16:56 2024]
Error in rule mark_duplicates:
    jobid: 454
    output: output/dedup/CQTL_AM7786_FNF_Ankle_1_dedup.bam, output/dedup/CQTL_AM7786_FNF_Ankle_1_dup_metrics.txt, output/dedup/CQTL_AM7786_FNF_Ankle_1_dedup.bai
    log: output/logs/mark_duplicates_CQTL_AM7786_FNF_Ankle_1.err, output/logs/mark_duplicates_CQTL_AM7786_FNF_Ankle_1.out (check log file(s) for error message)
    shell:
        
        module load java/17.0.2
        module load picard/2.26.11
        mkdir -p output/dedup

        java -Xmx16g -jar /nas/longleaf/apps/picard/2.26.11/picard-2.26.11/picard.jar MarkDuplicates             I=output/align/CQTL_AM7786_FNF_Ankle_1_sorted.bam             O=output/dedup/CQTL_AM7786_FNF_Ankle_1_dedup.bam             M=output/dedup/CQTL_AM7786_FNF_Ankle_1_dup_metrics.txt             REMOVE_DUPLICATES=true             1> output/logs/mark_duplicates_CQTL_AM7786_FNF_Ankle_1.out 2> output/logs/mark_duplicates_CQTL_AM7786_FNF_Ankle_1.err

        samtools index output/dedup/CQTL_AM7786_FNF_Ankle_1_dedup.bam 1>> output/logs/mark_duplicates_CQTL_AM7786_FNF_Ankle_1.out 2>> output/logs/mark_duplicates_CQTL_AM7786_FNF_Ankle_1.err
        
        (one of the commands exited with non-zero exit code; note that snakemake uses bash strict mode!)
    cluster_jobid: 54551751

Error executing rule mark_duplicates on cluster (jobid: 454, external: 54551751, jobscript: /work/users/s/e/seyoun/CQTL_AI/.snakemake/tmp.syc4qp12/snakejob.mark_duplicates.454.sh). For error details see the cluster log and the log files of the involved rule(s).

[Wed Nov 20 10:16:59 2024]
rule mark_duplicates:
    input: output/align/CQTL_AM7754_FNF_Ankle_replicate_sorted.bam
    output: output/dedup/CQTL_AM7754_FNF_Ankle_replicate_dedup.bam, output/dedup/CQTL_AM7754_FNF_Ankle_replicate_dup_metrics.txt, output/dedup/CQTL_AM7754_FNF_Ankle_replicate_dedup.bai
    log: output/logs/mark_duplicates_CQTL_AM7754_FNF_Ankle_replicate.err, output/logs/mark_duplicates_CQTL_AM7754_FNF_Ankle_replicate.out
    jobid: 428
    wildcards: sampleName=CQTL_AM7754_FNF_Ankle_replicate


        module load java/17.0.2
        module load picard/2.26.11
        mkdir -p output/dedup

        java -Xmx16g -jar /nas/longleaf/apps/picard/2.26.11/picard-2.26.11/picard.jar MarkDuplicates             I=output/align/CQTL_AM7754_FNF_Ankle_replicate_sorted.bam             O=output/dedup/CQTL_AM7754_FNF_Ankle_replicate_dedup.bam             M=output/dedup/CQTL_AM7754_FNF_Ankle_replicate_dup_metrics.txt             REMOVE_DUPLICATES=true             1> output/logs/mark_duplicates_CQTL_AM7754_FNF_Ankle_replicate.out 2> output/logs/mark_duplicates_CQTL_AM7754_FNF_Ankle_replicate.err

        samtools index output/dedup/CQTL_AM7754_FNF_Ankle_replicate_dedup.bam 1>> output/logs/mark_duplicates_CQTL_AM7754_FNF_Ankle_replicate.out 2>> output/logs/mark_duplicates_CQTL_AM7754_FNF_Ankle_replicate.err
        
Submitted job 428 with external jobid '54551958'.

[Wed Nov 20 10:17:11 2024]
rule mark_duplicates:
    input: output/align/FACT_23-0025_CTL_synovium_1_sorted.bam
    output: output/dedup/FACT_23-0025_CTL_synovium_1_dedup.bam, output/dedup/FACT_23-0025_CTL_synovium_1_dup_metrics.txt, output/dedup/FACT_23-0025_CTL_synovium_1_dedup.bai
    log: output/logs/mark_duplicates_FACT_23-0025_CTL_synovium_1.err, output/logs/mark_duplicates_FACT_23-0025_CTL_synovium_1.out
    jobid: 463
    wildcards: sampleName=FACT_23-0025_CTL_synovium_1


        module load java/17.0.2
        module load picard/2.26.11
        mkdir -p output/dedup

        java -Xmx16g -jar /nas/longleaf/apps/picard/2.26.11/picard-2.26.11/picard.jar MarkDuplicates             I=output/align/FACT_23-0025_CTL_synovium_1_sorted.bam             O=output/dedup/FACT_23-0025_CTL_synovium_1_dedup.bam             M=output/dedup/FACT_23-0025_CTL_synovium_1_dup_metrics.txt             REMOVE_DUPLICATES=true             1> output/logs/mark_duplicates_FACT_23-0025_CTL_synovium_1.out 2> output/logs/mark_duplicates_FACT_23-0025_CTL_synovium_1.err

        samtools index output/dedup/FACT_23-0025_CTL_synovium_1_dedup.bam 1>> output/logs/mark_duplicates_FACT_23-0025_CTL_synovium_1.out 2>> output/logs/mark_duplicates_FACT_23-0025_CTL_synovium_1.err
        
Submitted job 463 with external jobid '54551959'.

[Wed Nov 20 10:17:26 2024]
rule mark_duplicates:
    input: output/align/CQTL_AM7712_FNF_Ankle_1_sorted.bam
    output: output/dedup/CQTL_AM7712_FNF_Ankle_1_dedup.bam, output/dedup/CQTL_AM7712_FNF_Ankle_1_dup_metrics.txt, output/dedup/CQTL_AM7712_FNF_Ankle_1_dedup.bai
    log: output/logs/mark_duplicates_CQTL_AM7712_FNF_Ankle_1.err, output/logs/mark_duplicates_CQTL_AM7712_FNF_Ankle_1.out
    jobid: 416
    wildcards: sampleName=CQTL_AM7712_FNF_Ankle_1


        module load java/17.0.2
        module load picard/2.26.11
        mkdir -p output/dedup

        java -Xmx16g -jar /nas/longleaf/apps/picard/2.26.11/picard-2.26.11/picard.jar MarkDuplicates             I=output/align/CQTL_AM7712_FNF_Ankle_1_sorted.bam             O=output/dedup/CQTL_AM7712_FNF_Ankle_1_dedup.bam             M=output/dedup/CQTL_AM7712_FNF_Ankle_1_dup_metrics.txt             REMOVE_DUPLICATES=true             1> output/logs/mark_duplicates_CQTL_AM7712_FNF_Ankle_1.out 2> output/logs/mark_duplicates_CQTL_AM7712_FNF_Ankle_1.err

        samtools index output/dedup/CQTL_AM7712_FNF_Ankle_1_dedup.bam 1>> output/logs/mark_duplicates_CQTL_AM7712_FNF_Ankle_1.out 2>> output/logs/mark_duplicates_CQTL_AM7712_FNF_Ankle_1.err
        
Submitted job 416 with external jobid '54551960'.

[Wed Nov 20 10:17:37 2024]
rule mark_duplicates:
    input: output/align/CQTL_AM7755_CTL_Ankle_1_sorted.bam
    output: output/dedup/CQTL_AM7755_CTL_Ankle_1_dedup.bam, output/dedup/CQTL_AM7755_CTL_Ankle_1_dup_metrics.txt, output/dedup/CQTL_AM7755_CTL_Ankle_1_dedup.bai
    log: output/logs/mark_duplicates_CQTL_AM7755_CTL_Ankle_1.err, output/logs/mark_duplicates_CQTL_AM7755_CTL_Ankle_1.out
    jobid: 429
    wildcards: sampleName=CQTL_AM7755_CTL_Ankle_1


        module load java/17.0.2
        module load picard/2.26.11
        mkdir -p output/dedup

        java -Xmx16g -jar /nas/longleaf/apps/picard/2.26.11/picard-2.26.11/picard.jar MarkDuplicates             I=output/align/CQTL_AM7755_CTL_Ankle_1_sorted.bam             O=output/dedup/CQTL_AM7755_CTL_Ankle_1_dedup.bam             M=output/dedup/CQTL_AM7755_CTL_Ankle_1_dup_metrics.txt             REMOVE_DUPLICATES=true             1> output/logs/mark_duplicates_CQTL_AM7755_CTL_Ankle_1.out 2> output/logs/mark_duplicates_CQTL_AM7755_CTL_Ankle_1.err

        samtools index output/dedup/CQTL_AM7755_CTL_Ankle_1_dedup.bam 1>> output/logs/mark_duplicates_CQTL_AM7755_CTL_Ankle_1.out 2>> output/logs/mark_duplicates_CQTL_AM7755_CTL_Ankle_1.err
        
Submitted job 429 with external jobid '54551961'.

[Wed Nov 20 10:17:50 2024]
rule mark_duplicates:
    input: output/align/CQTL_AM7717_FNF_Ankle_1_sorted.bam
    output: output/dedup/CQTL_AM7717_FNF_Ankle_1_dedup.bam, output/dedup/CQTL_AM7717_FNF_Ankle_1_dup_metrics.txt, output/dedup/CQTL_AM7717_FNF_Ankle_1_dedup.bai
    log: output/logs/mark_duplicates_CQTL_AM7717_FNF_Ankle_1.err, output/logs/mark_duplicates_CQTL_AM7717_FNF_Ankle_1.out
    jobid: 418
    wildcards: sampleName=CQTL_AM7717_FNF_Ankle_1


        module load java/17.0.2
        module load picard/2.26.11
        mkdir -p output/dedup

        java -Xmx16g -jar /nas/longleaf/apps/picard/2.26.11/picard-2.26.11/picard.jar MarkDuplicates             I=output/align/CQTL_AM7717_FNF_Ankle_1_sorted.bam             O=output/dedup/CQTL_AM7717_FNF_Ankle_1_dedup.bam             M=output/dedup/CQTL_AM7717_FNF_Ankle_1_dup_metrics.txt             REMOVE_DUPLICATES=true             1> output/logs/mark_duplicates_CQTL_AM7717_FNF_Ankle_1.out 2> output/logs/mark_duplicates_CQTL_AM7717_FNF_Ankle_1.err

        samtools index output/dedup/CQTL_AM7717_FNF_Ankle_1_dedup.bam 1>> output/logs/mark_duplicates_CQTL_AM7717_FNF_Ankle_1.out 2>> output/logs/mark_duplicates_CQTL_AM7717_FNF_Ankle_1.err
        
Submitted job 418 with external jobid '54551962'.

[Wed Nov 20 10:18:00 2024]
rule mark_duplicates:
    input: output/align/CQTL_AM7679_FNF_Ankle_1_sorted.bam
    output: output/dedup/CQTL_AM7679_FNF_Ankle_1_dedup.bam, output/dedup/CQTL_AM7679_FNF_Ankle_1_dup_metrics.txt, output/dedup/CQTL_AM7679_FNF_Ankle_1_dedup.bai
    log: output/logs/mark_duplicates_CQTL_AM7679_FNF_Ankle_1.err, output/logs/mark_duplicates_CQTL_AM7679_FNF_Ankle_1.out
    jobid: 412
    wildcards: sampleName=CQTL_AM7679_FNF_Ankle_1


        module load java/17.0.2
        module load picard/2.26.11
        mkdir -p output/dedup

        java -Xmx16g -jar /nas/longleaf/apps/picard/2.26.11/picard-2.26.11/picard.jar MarkDuplicates             I=output/align/CQTL_AM7679_FNF_Ankle_1_sorted.bam             O=output/dedup/CQTL_AM7679_FNF_Ankle_1_dedup.bam             M=output/dedup/CQTL_AM7679_FNF_Ankle_1_dup_metrics.txt             REMOVE_DUPLICATES=true             1> output/logs/mark_duplicates_CQTL_AM7679_FNF_Ankle_1.out 2> output/logs/mark_duplicates_CQTL_AM7679_FNF_Ankle_1.err

        samtools index output/dedup/CQTL_AM7679_FNF_Ankle_1_dedup.bam 1>> output/logs/mark_duplicates_CQTL_AM7679_FNF_Ankle_1.out 2>> output/logs/mark_duplicates_CQTL_AM7679_FNF_Ankle_1.err
        
Submitted job 412 with external jobid '54551964'.

[Wed Nov 20 10:18:17 2024]
rule mark_duplicates:
    input: output/align/CQTL_AM7726_FNF_Ankle_1_sorted.bam
    output: output/dedup/CQTL_AM7726_FNF_Ankle_1_dedup.bam, output/dedup/CQTL_AM7726_FNF_Ankle_1_dup_metrics.txt, output/dedup/CQTL_AM7726_FNF_Ankle_1_dedup.bai
    log: output/logs/mark_duplicates_CQTL_AM7726_FNF_Ankle_1.err, output/logs/mark_duplicates_CQTL_AM7726_FNF_Ankle_1.out
    jobid: 420
    wildcards: sampleName=CQTL_AM7726_FNF_Ankle_1


        module load java/17.0.2
        module load picard/2.26.11
        mkdir -p output/dedup

        java -Xmx16g -jar /nas/longleaf/apps/picard/2.26.11/picard-2.26.11/picard.jar MarkDuplicates             I=output/align/CQTL_AM7726_FNF_Ankle_1_sorted.bam             O=output/dedup/CQTL_AM7726_FNF_Ankle_1_dedup.bam             M=output/dedup/CQTL_AM7726_FNF_Ankle_1_dup_metrics.txt             REMOVE_DUPLICATES=true             1> output/logs/mark_duplicates_CQTL_AM7726_FNF_Ankle_1.out 2> output/logs/mark_duplicates_CQTL_AM7726_FNF_Ankle_1.err

        samtools index output/dedup/CQTL_AM7726_FNF_Ankle_1_dedup.bam 1>> output/logs/mark_duplicates_CQTL_AM7726_FNF_Ankle_1.out 2>> output/logs/mark_duplicates_CQTL_AM7726_FNF_Ankle_1.err
        
Submitted job 420 with external jobid '54551966'.

[Wed Nov 20 10:18:29 2024]
rule mark_duplicates:
    input: output/align/CQTL_AM7781_CTL_Ankle_1_sorted.bam
    output: output/dedup/CQTL_AM7781_CTL_Ankle_1_dedup.bam, output/dedup/CQTL_AM7781_CTL_Ankle_1_dup_metrics.txt, output/dedup/CQTL_AM7781_CTL_Ankle_1_dedup.bai
    log: output/logs/mark_duplicates_CQTL_AM7781_CTL_Ankle_1.err, output/logs/mark_duplicates_CQTL_AM7781_CTL_Ankle_1.out
    jobid: 449
    wildcards: sampleName=CQTL_AM7781_CTL_Ankle_1


        module load java/17.0.2
        module load picard/2.26.11
        mkdir -p output/dedup

        java -Xmx16g -jar /nas/longleaf/apps/picard/2.26.11/picard-2.26.11/picard.jar MarkDuplicates             I=output/align/CQTL_AM7781_CTL_Ankle_1_sorted.bam             O=output/dedup/CQTL_AM7781_CTL_Ankle_1_dedup.bam             M=output/dedup/CQTL_AM7781_CTL_Ankle_1_dup_metrics.txt             REMOVE_DUPLICATES=true             1> output/logs/mark_duplicates_CQTL_AM7781_CTL_Ankle_1.out 2> output/logs/mark_duplicates_CQTL_AM7781_CTL_Ankle_1.err

        samtools index output/dedup/CQTL_AM7781_CTL_Ankle_1_dedup.bam 1>> output/logs/mark_duplicates_CQTL_AM7781_CTL_Ankle_1.out 2>> output/logs/mark_duplicates_CQTL_AM7781_CTL_Ankle_1.err
        
Submitted job 449 with external jobid '54551967'.
[Wed Nov 20 10:18:37 2024]
Error in rule mark_duplicates:
    jobid: 433
    output: output/dedup/CQTL_AM7763_CTL_Ankle_1_dedup.bam, output/dedup/CQTL_AM7763_CTL_Ankle_1_dup_metrics.txt, output/dedup/CQTL_AM7763_CTL_Ankle_1_dedup.bai
    log: output/logs/mark_duplicates_CQTL_AM7763_CTL_Ankle_1.err, output/logs/mark_duplicates_CQTL_AM7763_CTL_Ankle_1.out (check log file(s) for error message)
    shell:
        
        module load java/17.0.2
        module load picard/2.26.11
        mkdir -p output/dedup

        java -Xmx16g -jar /nas/longleaf/apps/picard/2.26.11/picard-2.26.11/picard.jar MarkDuplicates             I=output/align/CQTL_AM7763_CTL_Ankle_1_sorted.bam             O=output/dedup/CQTL_AM7763_CTL_Ankle_1_dedup.bam             M=output/dedup/CQTL_AM7763_CTL_Ankle_1_dup_metrics.txt             REMOVE_DUPLICATES=true             1> output/logs/mark_duplicates_CQTL_AM7763_CTL_Ankle_1.out 2> output/logs/mark_duplicates_CQTL_AM7763_CTL_Ankle_1.err

        samtools index output/dedup/CQTL_AM7763_CTL_Ankle_1_dedup.bam 1>> output/logs/mark_duplicates_CQTL_AM7763_CTL_Ankle_1.out 2>> output/logs/mark_duplicates_CQTL_AM7763_CTL_Ankle_1.err
        
        (one of the commands exited with non-zero exit code; note that snakemake uses bash strict mode!)
    cluster_jobid: 54551803

Error executing rule mark_duplicates on cluster (jobid: 433, external: 54551803, jobscript: /work/users/s/e/seyoun/CQTL_AI/.snakemake/tmp.syc4qp12/snakejob.mark_duplicates.433.sh). For error details see the cluster log and the log files of the involved rule(s).
[Wed Nov 20 10:18:38 2024]
Error in rule mark_duplicates:
    jobid: 409
    output: output/dedup/CQTL_AM7678_CTL_Ankle_1_dedup.bam, output/dedup/CQTL_AM7678_CTL_Ankle_1_dup_metrics.txt, output/dedup/CQTL_AM7678_CTL_Ankle_1_dedup.bai
    log: output/logs/mark_duplicates_CQTL_AM7678_CTL_Ankle_1.err, output/logs/mark_duplicates_CQTL_AM7678_CTL_Ankle_1.out (check log file(s) for error message)
    shell:
        
        module load java/17.0.2
        module load picard/2.26.11
        mkdir -p output/dedup

        java -Xmx16g -jar /nas/longleaf/apps/picard/2.26.11/picard-2.26.11/picard.jar MarkDuplicates             I=output/align/CQTL_AM7678_CTL_Ankle_1_sorted.bam             O=output/dedup/CQTL_AM7678_CTL_Ankle_1_dedup.bam             M=output/dedup/CQTL_AM7678_CTL_Ankle_1_dup_metrics.txt             REMOVE_DUPLICATES=true             1> output/logs/mark_duplicates_CQTL_AM7678_CTL_Ankle_1.out 2> output/logs/mark_duplicates_CQTL_AM7678_CTL_Ankle_1.err

        samtools index output/dedup/CQTL_AM7678_CTL_Ankle_1_dedup.bam 1>> output/logs/mark_duplicates_CQTL_AM7678_CTL_Ankle_1.out 2>> output/logs/mark_duplicates_CQTL_AM7678_CTL_Ankle_1.err
        
        (one of the commands exited with non-zero exit code; note that snakemake uses bash strict mode!)
    cluster_jobid: 54551790

Error executing rule mark_duplicates on cluster (jobid: 409, external: 54551790, jobscript: /work/users/s/e/seyoun/CQTL_AI/.snakemake/tmp.syc4qp12/snakejob.mark_duplicates.409.sh). For error details see the cluster log and the log files of the involved rule(s).

[Wed Nov 20 10:18:42 2024]
rule mark_duplicates:
    input: output/align/CQTL_AM7755_CTL_Ankle_replicate_sorted.bam
    output: output/dedup/CQTL_AM7755_CTL_Ankle_replicate_dedup.bam, output/dedup/CQTL_AM7755_CTL_Ankle_replicate_dup_metrics.txt, output/dedup/CQTL_AM7755_CTL_Ankle_replicate_dedup.bai
    log: output/logs/mark_duplicates_CQTL_AM7755_CTL_Ankle_replicate.err, output/logs/mark_duplicates_CQTL_AM7755_CTL_Ankle_replicate.out
    jobid: 430
    wildcards: sampleName=CQTL_AM7755_CTL_Ankle_replicate


        module load java/17.0.2
        module load picard/2.26.11
        mkdir -p output/dedup

        java -Xmx16g -jar /nas/longleaf/apps/picard/2.26.11/picard-2.26.11/picard.jar MarkDuplicates             I=output/align/CQTL_AM7755_CTL_Ankle_replicate_sorted.bam             O=output/dedup/CQTL_AM7755_CTL_Ankle_replicate_dedup.bam             M=output/dedup/CQTL_AM7755_CTL_Ankle_replicate_dup_metrics.txt             REMOVE_DUPLICATES=true             1> output/logs/mark_duplicates_CQTL_AM7755_CTL_Ankle_replicate.out 2> output/logs/mark_duplicates_CQTL_AM7755_CTL_Ankle_replicate.err

        samtools index output/dedup/CQTL_AM7755_CTL_Ankle_replicate_dedup.bam 1>> output/logs/mark_duplicates_CQTL_AM7755_CTL_Ankle_replicate.out 2>> output/logs/mark_duplicates_CQTL_AM7755_CTL_Ankle_replicate.err
        
Submitted job 430 with external jobid '54551974'.
[Wed Nov 20 10:18:47 2024]
Error in rule mark_duplicates:
    jobid: 437
    output: output/dedup/CQTL_AM7769_CTL_Ankle_1_dedup.bam, output/dedup/CQTL_AM7769_CTL_Ankle_1_dup_metrics.txt, output/dedup/CQTL_AM7769_CTL_Ankle_1_dedup.bai
    log: output/logs/mark_duplicates_CQTL_AM7769_CTL_Ankle_1.err, output/logs/mark_duplicates_CQTL_AM7769_CTL_Ankle_1.out (check log file(s) for error message)
    shell:
        
        module load java/17.0.2
        module load picard/2.26.11
        mkdir -p output/dedup

        java -Xmx16g -jar /nas/longleaf/apps/picard/2.26.11/picard-2.26.11/picard.jar MarkDuplicates             I=output/align/CQTL_AM7769_CTL_Ankle_1_sorted.bam             O=output/dedup/CQTL_AM7769_CTL_Ankle_1_dedup.bam             M=output/dedup/CQTL_AM7769_CTL_Ankle_1_dup_metrics.txt             REMOVE_DUPLICATES=true             1> output/logs/mark_duplicates_CQTL_AM7769_CTL_Ankle_1.out 2> output/logs/mark_duplicates_CQTL_AM7769_CTL_Ankle_1.err

        samtools index output/dedup/CQTL_AM7769_CTL_Ankle_1_dedup.bam 1>> output/logs/mark_duplicates_CQTL_AM7769_CTL_Ankle_1.out 2>> output/logs/mark_duplicates_CQTL_AM7769_CTL_Ankle_1.err
        
        (one of the commands exited with non-zero exit code; note that snakemake uses bash strict mode!)
    cluster_jobid: 54551754

Error executing rule mark_duplicates on cluster (jobid: 437, external: 54551754, jobscript: /work/users/s/e/seyoun/CQTL_AI/.snakemake/tmp.syc4qp12/snakejob.mark_duplicates.437.sh). For error details see the cluster log and the log files of the involved rule(s).

[Wed Nov 20 10:18:53 2024]
rule mark_duplicates:
    input: output/align/CQTL_AM7769_FNF_Ankle_1_sorted.bam
    output: output/dedup/CQTL_AM7769_FNF_Ankle_1_dedup.bam, output/dedup/CQTL_AM7769_FNF_Ankle_1_dup_metrics.txt, output/dedup/CQTL_AM7769_FNF_Ankle_1_dedup.bai
    log: output/logs/mark_duplicates_CQTL_AM7769_FNF_Ankle_1.err, output/logs/mark_duplicates_CQTL_AM7769_FNF_Ankle_1.out
    jobid: 438
    wildcards: sampleName=CQTL_AM7769_FNF_Ankle_1


        module load java/17.0.2
        module load picard/2.26.11
        mkdir -p output/dedup

        java -Xmx16g -jar /nas/longleaf/apps/picard/2.26.11/picard-2.26.11/picard.jar MarkDuplicates             I=output/align/CQTL_AM7769_FNF_Ankle_1_sorted.bam             O=output/dedup/CQTL_AM7769_FNF_Ankle_1_dedup.bam             M=output/dedup/CQTL_AM7769_FNF_Ankle_1_dup_metrics.txt             REMOVE_DUPLICATES=true             1> output/logs/mark_duplicates_CQTL_AM7769_FNF_Ankle_1.out 2> output/logs/mark_duplicates_CQTL_AM7769_FNF_Ankle_1.err

        samtools index output/dedup/CQTL_AM7769_FNF_Ankle_1_dedup.bam 1>> output/logs/mark_duplicates_CQTL_AM7769_FNF_Ankle_1.out 2>> output/logs/mark_duplicates_CQTL_AM7769_FNF_Ankle_1.err
        
Submitted job 438 with external jobid '54551975'.

[Wed Nov 20 10:19:05 2024]
rule mark_duplicates:
    input: output/align/FACT_23-0022_CTL_synovium_1_sorted.bam
    output: output/dedup/FACT_23-0022_CTL_synovium_1_dedup.bam, output/dedup/FACT_23-0022_CTL_synovium_1_dup_metrics.txt, output/dedup/FACT_23-0022_CTL_synovium_1_dedup.bai
    log: output/logs/mark_duplicates_FACT_23-0022_CTL_synovium_1.err, output/logs/mark_duplicates_FACT_23-0022_CTL_synovium_1.out
    jobid: 459
    wildcards: sampleName=FACT_23-0022_CTL_synovium_1


        module load java/17.0.2
        module load picard/2.26.11
        mkdir -p output/dedup

        java -Xmx16g -jar /nas/longleaf/apps/picard/2.26.11/picard-2.26.11/picard.jar MarkDuplicates             I=output/align/FACT_23-0022_CTL_synovium_1_sorted.bam             O=output/dedup/FACT_23-0022_CTL_synovium_1_dedup.bam             M=output/dedup/FACT_23-0022_CTL_synovium_1_dup_metrics.txt             REMOVE_DUPLICATES=true             1> output/logs/mark_duplicates_FACT_23-0022_CTL_synovium_1.out 2> output/logs/mark_duplicates_FACT_23-0022_CTL_synovium_1.err

        samtools index output/dedup/FACT_23-0022_CTL_synovium_1_dedup.bam 1>> output/logs/mark_duplicates_FACT_23-0022_CTL_synovium_1.out 2>> output/logs/mark_duplicates_FACT_23-0022_CTL_synovium_1.err
        
Submitted job 459 with external jobid '54551976'.

[Wed Nov 20 10:19:19 2024]
rule mark_duplicates:
    input: output/align/CQTL_AM7775_FNF_Ankle_1_sorted.bam
    output: output/dedup/CQTL_AM7775_FNF_Ankle_1_dedup.bam, output/dedup/CQTL_AM7775_FNF_Ankle_1_dup_metrics.txt, output/dedup/CQTL_AM7775_FNF_Ankle_1_dedup.bai
    log: output/logs/mark_duplicates_CQTL_AM7775_FNF_Ankle_1.err, output/logs/mark_duplicates_CQTL_AM7775_FNF_Ankle_1.out
    jobid: 442
    wildcards: sampleName=CQTL_AM7775_FNF_Ankle_1


        module load java/17.0.2
        module load picard/2.26.11
        mkdir -p output/dedup

        java -Xmx16g -jar /nas/longleaf/apps/picard/2.26.11/picard-2.26.11/picard.jar MarkDuplicates             I=output/align/CQTL_AM7775_FNF_Ankle_1_sorted.bam             O=output/dedup/CQTL_AM7775_FNF_Ankle_1_dedup.bam             M=output/dedup/CQTL_AM7775_FNF_Ankle_1_dup_metrics.txt             REMOVE_DUPLICATES=true             1> output/logs/mark_duplicates_CQTL_AM7775_FNF_Ankle_1.out 2> output/logs/mark_duplicates_CQTL_AM7775_FNF_Ankle_1.err

        samtools index output/dedup/CQTL_AM7775_FNF_Ankle_1_dedup.bam 1>> output/logs/mark_duplicates_CQTL_AM7775_FNF_Ankle_1.out 2>> output/logs/mark_duplicates_CQTL_AM7775_FNF_Ankle_1.err
        
Submitted job 442 with external jobid '54551978'.

[Wed Nov 20 10:19:30 2024]
rule mark_duplicates:
    input: output/align/CQTL_AM7780_FNF_Ankle_1_sorted.bam
    output: output/dedup/CQTL_AM7780_FNF_Ankle_1_dedup.bam, output/dedup/CQTL_AM7780_FNF_Ankle_1_dup_metrics.txt, output/dedup/CQTL_AM7780_FNF_Ankle_1_dedup.bai
    log: output/logs/mark_duplicates_CQTL_AM7780_FNF_Ankle_1.err, output/logs/mark_duplicates_CQTL_AM7780_FNF_Ankle_1.out
    jobid: 448
    wildcards: sampleName=CQTL_AM7780_FNF_Ankle_1


        module load java/17.0.2
        module load picard/2.26.11
        mkdir -p output/dedup

        java -Xmx16g -jar /nas/longleaf/apps/picard/2.26.11/picard-2.26.11/picard.jar MarkDuplicates             I=output/align/CQTL_AM7780_FNF_Ankle_1_sorted.bam             O=output/dedup/CQTL_AM7780_FNF_Ankle_1_dedup.bam             M=output/dedup/CQTL_AM7780_FNF_Ankle_1_dup_metrics.txt             REMOVE_DUPLICATES=true             1> output/logs/mark_duplicates_CQTL_AM7780_FNF_Ankle_1.out 2> output/logs/mark_duplicates_CQTL_AM7780_FNF_Ankle_1.err

        samtools index output/dedup/CQTL_AM7780_FNF_Ankle_1_dedup.bam 1>> output/logs/mark_duplicates_CQTL_AM7780_FNF_Ankle_1.out 2>> output/logs/mark_duplicates_CQTL_AM7780_FNF_Ankle_1.err
        
Submitted job 448 with external jobid '54551980'.
[Wed Nov 20 10:19:44 2024]
Error in rule mark_duplicates:
    jobid: 462
    output: output/dedup/FACT_23-0023_FNF_synovium_1_dedup.bam, output/dedup/FACT_23-0023_FNF_synovium_1_dup_metrics.txt, output/dedup/FACT_23-0023_FNF_synovium_1_dedup.bai
    log: output/logs/mark_duplicates_FACT_23-0023_FNF_synovium_1.err, output/logs/mark_duplicates_FACT_23-0023_FNF_synovium_1.out (check log file(s) for error message)
    shell:
        
        module load java/17.0.2
        module load picard/2.26.11
        mkdir -p output/dedup

        java -Xmx16g -jar /nas/longleaf/apps/picard/2.26.11/picard-2.26.11/picard.jar MarkDuplicates             I=output/align/FACT_23-0023_FNF_synovium_1_sorted.bam             O=output/dedup/FACT_23-0023_FNF_synovium_1_dedup.bam             M=output/dedup/FACT_23-0023_FNF_synovium_1_dup_metrics.txt             REMOVE_DUPLICATES=true             1> output/logs/mark_duplicates_FACT_23-0023_FNF_synovium_1.out 2> output/logs/mark_duplicates_FACT_23-0023_FNF_synovium_1.err

        samtools index output/dedup/FACT_23-0023_FNF_synovium_1_dedup.bam 1>> output/logs/mark_duplicates_FACT_23-0023_FNF_synovium_1.out 2>> output/logs/mark_duplicates_FACT_23-0023_FNF_synovium_1.err
        
        (one of the commands exited with non-zero exit code; note that snakemake uses bash strict mode!)
    cluster_jobid: 54551810

Error executing rule mark_duplicates on cluster (jobid: 462, external: 54551810, jobscript: /work/users/s/e/seyoun/CQTL_AI/.snakemake/tmp.syc4qp12/snakejob.mark_duplicates.462.sh). For error details see the cluster log and the log files of the involved rule(s).

[Wed Nov 20 10:19:46 2024]
rule mark_duplicates:
    input: output/align/FACT_23-0022_FNF_synovium_1_sorted.bam
    output: output/dedup/FACT_23-0022_FNF_synovium_1_dedup.bam, output/dedup/FACT_23-0022_FNF_synovium_1_dup_metrics.txt, output/dedup/FACT_23-0022_FNF_synovium_1_dedup.bai
    log: output/logs/mark_duplicates_FACT_23-0022_FNF_synovium_1.err, output/logs/mark_duplicates_FACT_23-0022_FNF_synovium_1.out
    jobid: 460
    wildcards: sampleName=FACT_23-0022_FNF_synovium_1


        module load java/17.0.2
        module load picard/2.26.11
        mkdir -p output/dedup

        java -Xmx16g -jar /nas/longleaf/apps/picard/2.26.11/picard-2.26.11/picard.jar MarkDuplicates             I=output/align/FACT_23-0022_FNF_synovium_1_sorted.bam             O=output/dedup/FACT_23-0022_FNF_synovium_1_dedup.bam             M=output/dedup/FACT_23-0022_FNF_synovium_1_dup_metrics.txt             REMOVE_DUPLICATES=true             1> output/logs/mark_duplicates_FACT_23-0022_FNF_synovium_1.out 2> output/logs/mark_duplicates_FACT_23-0022_FNF_synovium_1.err

        samtools index output/dedup/FACT_23-0022_FNF_synovium_1_dedup.bam 1>> output/logs/mark_duplicates_FACT_23-0022_FNF_synovium_1.out 2>> output/logs/mark_duplicates_FACT_23-0022_FNF_synovium_1.err
        
Submitted job 460 with external jobid '54551981'.

[Wed Nov 20 10:19:58 2024]
rule mark_duplicates:
    input: output/align/CQTL_AM7775_CTL_Ankle_1_sorted.bam
    output: output/dedup/CQTL_AM7775_CTL_Ankle_1_dedup.bam, output/dedup/CQTL_AM7775_CTL_Ankle_1_dup_metrics.txt, output/dedup/CQTL_AM7775_CTL_Ankle_1_dedup.bai
    log: output/logs/mark_duplicates_CQTL_AM7775_CTL_Ankle_1.err, output/logs/mark_duplicates_CQTL_AM7775_CTL_Ankle_1.out
    jobid: 441
    wildcards: sampleName=CQTL_AM7775_CTL_Ankle_1


        module load java/17.0.2
        module load picard/2.26.11
        mkdir -p output/dedup

        java -Xmx16g -jar /nas/longleaf/apps/picard/2.26.11/picard-2.26.11/picard.jar MarkDuplicates             I=output/align/CQTL_AM7775_CTL_Ankle_1_sorted.bam             O=output/dedup/CQTL_AM7775_CTL_Ankle_1_dedup.bam             M=output/dedup/CQTL_AM7775_CTL_Ankle_1_dup_metrics.txt             REMOVE_DUPLICATES=true             1> output/logs/mark_duplicates_CQTL_AM7775_CTL_Ankle_1.out 2> output/logs/mark_duplicates_CQTL_AM7775_CTL_Ankle_1.err

        samtools index output/dedup/CQTL_AM7775_CTL_Ankle_1_dedup.bam 1>> output/logs/mark_duplicates_CQTL_AM7775_CTL_Ankle_1.out 2>> output/logs/mark_duplicates_CQTL_AM7775_CTL_Ankle_1.err
        
Submitted job 441 with external jobid '54552009'.

[Wed Nov 20 10:20:10 2024]
rule mark_duplicates:
    input: output/align/CQTL_AM7677_FNF_Ankle_1_sorted.bam
    output: output/dedup/CQTL_AM7677_FNF_Ankle_1_dedup.bam, output/dedup/CQTL_AM7677_FNF_Ankle_1_dup_metrics.txt, output/dedup/CQTL_AM7677_FNF_Ankle_1_dedup.bai
    log: output/logs/mark_duplicates_CQTL_AM7677_FNF_Ankle_1.err, output/logs/mark_duplicates_CQTL_AM7677_FNF_Ankle_1.out
    jobid: 408
    wildcards: sampleName=CQTL_AM7677_FNF_Ankle_1


        module load java/17.0.2
        module load picard/2.26.11
        mkdir -p output/dedup

        java -Xmx16g -jar /nas/longleaf/apps/picard/2.26.11/picard-2.26.11/picard.jar MarkDuplicates             I=output/align/CQTL_AM7677_FNF_Ankle_1_sorted.bam             O=output/dedup/CQTL_AM7677_FNF_Ankle_1_dedup.bam             M=output/dedup/CQTL_AM7677_FNF_Ankle_1_dup_metrics.txt             REMOVE_DUPLICATES=true             1> output/logs/mark_duplicates_CQTL_AM7677_FNF_Ankle_1.out 2> output/logs/mark_duplicates_CQTL_AM7677_FNF_Ankle_1.err

        samtools index output/dedup/CQTL_AM7677_FNF_Ankle_1_dedup.bam 1>> output/logs/mark_duplicates_CQTL_AM7677_FNF_Ankle_1.out 2>> output/logs/mark_duplicates_CQTL_AM7677_FNF_Ankle_1.err
        
Submitted job 408 with external jobid '54552011'.

[Wed Nov 20 10:20:22 2024]
rule mark_duplicates:
    input: output/align/CQTL_AM7778FE_FNF_Femur_1_sorted.bam
    output: output/dedup/CQTL_AM7778FE_FNF_Femur_1_dedup.bam, output/dedup/CQTL_AM7778FE_FNF_Femur_1_dup_metrics.txt, output/dedup/CQTL_AM7778FE_FNF_Femur_1_dedup.bai
    log: output/logs/mark_duplicates_CQTL_AM7778FE_FNF_Femur_1.err, output/logs/mark_duplicates_CQTL_AM7778FE_FNF_Femur_1.out
    jobid: 444
    wildcards: sampleName=CQTL_AM7778FE_FNF_Femur_1


        module load java/17.0.2
        module load picard/2.26.11
        mkdir -p output/dedup

        java -Xmx16g -jar /nas/longleaf/apps/picard/2.26.11/picard-2.26.11/picard.jar MarkDuplicates             I=output/align/CQTL_AM7778FE_FNF_Femur_1_sorted.bam             O=output/dedup/CQTL_AM7778FE_FNF_Femur_1_dedup.bam             M=output/dedup/CQTL_AM7778FE_FNF_Femur_1_dup_metrics.txt             REMOVE_DUPLICATES=true             1> output/logs/mark_duplicates_CQTL_AM7778FE_FNF_Femur_1.out 2> output/logs/mark_duplicates_CQTL_AM7778FE_FNF_Femur_1.err

        samtools index output/dedup/CQTL_AM7778FE_FNF_Femur_1_dedup.bam 1>> output/logs/mark_duplicates_CQTL_AM7778FE_FNF_Femur_1.out 2>> output/logs/mark_duplicates_CQTL_AM7778FE_FNF_Femur_1.err
        
Submitted job 444 with external jobid '54552012'.

[Wed Nov 20 10:20:35 2024]
rule mark_duplicates:
    input: output/align/CQTL_AM7735_FNF_Ankle_1_sorted.bam
    output: output/dedup/CQTL_AM7735_FNF_Ankle_1_dedup.bam, output/dedup/CQTL_AM7735_FNF_Ankle_1_dup_metrics.txt, output/dedup/CQTL_AM7735_FNF_Ankle_1_dedup.bai
    log: output/logs/mark_duplicates_CQTL_AM7735_FNF_Ankle_1.err, output/logs/mark_duplicates_CQTL_AM7735_FNF_Ankle_1.out
    jobid: 424
    wildcards: sampleName=CQTL_AM7735_FNF_Ankle_1


        module load java/17.0.2
        module load picard/2.26.11
        mkdir -p output/dedup

        java -Xmx16g -jar /nas/longleaf/apps/picard/2.26.11/picard-2.26.11/picard.jar MarkDuplicates             I=output/align/CQTL_AM7735_FNF_Ankle_1_sorted.bam             O=output/dedup/CQTL_AM7735_FNF_Ankle_1_dedup.bam             M=output/dedup/CQTL_AM7735_FNF_Ankle_1_dup_metrics.txt             REMOVE_DUPLICATES=true             1> output/logs/mark_duplicates_CQTL_AM7735_FNF_Ankle_1.out 2> output/logs/mark_duplicates_CQTL_AM7735_FNF_Ankle_1.err

        samtools index output/dedup/CQTL_AM7735_FNF_Ankle_1_dedup.bam 1>> output/logs/mark_duplicates_CQTL_AM7735_FNF_Ankle_1.out 2>> output/logs/mark_duplicates_CQTL_AM7735_FNF_Ankle_1.err
        
Submitted job 424 with external jobid '54552013'.

[Wed Nov 20 10:20:45 2024]
rule mark_duplicates:
    input: output/align/CQTL_AM7765_CTL_Ankle_1_sorted.bam
    output: output/dedup/CQTL_AM7765_CTL_Ankle_1_dedup.bam, output/dedup/CQTL_AM7765_CTL_Ankle_1_dup_metrics.txt, output/dedup/CQTL_AM7765_CTL_Ankle_1_dedup.bai
    log: output/logs/mark_duplicates_CQTL_AM7765_CTL_Ankle_1.err, output/logs/mark_duplicates_CQTL_AM7765_CTL_Ankle_1.out
    jobid: 435
    wildcards: sampleName=CQTL_AM7765_CTL_Ankle_1


        module load java/17.0.2
        module load picard/2.26.11
        mkdir -p output/dedup

        java -Xmx16g -jar /nas/longleaf/apps/picard/2.26.11/picard-2.26.11/picard.jar MarkDuplicates             I=output/align/CQTL_AM7765_CTL_Ankle_1_sorted.bam             O=output/dedup/CQTL_AM7765_CTL_Ankle_1_dedup.bam             M=output/dedup/CQTL_AM7765_CTL_Ankle_1_dup_metrics.txt             REMOVE_DUPLICATES=true             1> output/logs/mark_duplicates_CQTL_AM7765_CTL_Ankle_1.out 2> output/logs/mark_duplicates_CQTL_AM7765_CTL_Ankle_1.err

        samtools index output/dedup/CQTL_AM7765_CTL_Ankle_1_dedup.bam 1>> output/logs/mark_duplicates_CQTL_AM7765_CTL_Ankle_1.out 2>> output/logs/mark_duplicates_CQTL_AM7765_CTL_Ankle_1.err
        
Submitted job 435 with external jobid '54552015'.

[Wed Nov 20 10:20:58 2024]
rule mark_duplicates:
    input: output/align/CQTL_AM7778_CTL_Ankle_1_sorted.bam
    output: output/dedup/CQTL_AM7778_CTL_Ankle_1_dedup.bam, output/dedup/CQTL_AM7778_CTL_Ankle_1_dup_metrics.txt, output/dedup/CQTL_AM7778_CTL_Ankle_1_dedup.bai
    log: output/logs/mark_duplicates_CQTL_AM7778_CTL_Ankle_1.err, output/logs/mark_duplicates_CQTL_AM7778_CTL_Ankle_1.out
    jobid: 445
    wildcards: sampleName=CQTL_AM7778_CTL_Ankle_1


        module load java/17.0.2
        module load picard/2.26.11
        mkdir -p output/dedup

        java -Xmx16g -jar /nas/longleaf/apps/picard/2.26.11/picard-2.26.11/picard.jar MarkDuplicates             I=output/align/CQTL_AM7778_CTL_Ankle_1_sorted.bam             O=output/dedup/CQTL_AM7778_CTL_Ankle_1_dedup.bam             M=output/dedup/CQTL_AM7778_CTL_Ankle_1_dup_metrics.txt             REMOVE_DUPLICATES=true             1> output/logs/mark_duplicates_CQTL_AM7778_CTL_Ankle_1.out 2> output/logs/mark_duplicates_CQTL_AM7778_CTL_Ankle_1.err

        samtools index output/dedup/CQTL_AM7778_CTL_Ankle_1_dedup.bam 1>> output/logs/mark_duplicates_CQTL_AM7778_CTL_Ankle_1.out 2>> output/logs/mark_duplicates_CQTL_AM7778_CTL_Ankle_1.err
        
[Wed Nov 20 10:21:01 2024]
Error in rule mark_duplicates:
    jobid: 422
    output: output/dedup/CQTL_AM7727_FNF_Ankle_1_dedup.bam, output/dedup/CQTL_AM7727_FNF_Ankle_1_dup_metrics.txt, output/dedup/CQTL_AM7727_FNF_Ankle_1_dedup.bai
    log: output/logs/mark_duplicates_CQTL_AM7727_FNF_Ankle_1.err, output/logs/mark_duplicates_CQTL_AM7727_FNF_Ankle_1.out (check log file(s) for error message)
    shell:
        
        module load java/17.0.2
        module load picard/2.26.11
        mkdir -p output/dedup

        java -Xmx16g -jar /nas/longleaf/apps/picard/2.26.11/picard-2.26.11/picard.jar MarkDuplicates             I=output/align/CQTL_AM7727_FNF_Ankle_1_sorted.bam             O=output/dedup/CQTL_AM7727_FNF_Ankle_1_dedup.bam             M=output/dedup/CQTL_AM7727_FNF_Ankle_1_dup_metrics.txt             REMOVE_DUPLICATES=true             1> output/logs/mark_duplicates_CQTL_AM7727_FNF_Ankle_1.out 2> output/logs/mark_duplicates_CQTL_AM7727_FNF_Ankle_1.err

        samtools index output/dedup/CQTL_AM7727_FNF_Ankle_1_dedup.bam 1>> output/logs/mark_duplicates_CQTL_AM7727_FNF_Ankle_1.out 2>> output/logs/mark_duplicates_CQTL_AM7727_FNF_Ankle_1.err
        
        (one of the commands exited with non-zero exit code; note that snakemake uses bash strict mode!)
    cluster_jobid: 54551780

Error executing rule mark_duplicates on cluster (jobid: 422, external: 54551780, jobscript: /work/users/s/e/seyoun/CQTL_AI/.snakemake/tmp.syc4qp12/snakejob.mark_duplicates.422.sh). For error details see the cluster log and the log files of the involved rule(s).
Submitted job 445 with external jobid '54552016'.
[Wed Nov 20 10:21:06 2024]
Error in rule mark_duplicates:
    jobid: 419
    output: output/dedup/CQTL_AM7726_CTL_Ankle_1_dedup.bam, output/dedup/CQTL_AM7726_CTL_Ankle_1_dup_metrics.txt, output/dedup/CQTL_AM7726_CTL_Ankle_1_dedup.bai
    log: output/logs/mark_duplicates_CQTL_AM7726_CTL_Ankle_1.err, output/logs/mark_duplicates_CQTL_AM7726_CTL_Ankle_1.out (check log file(s) for error message)
    shell:
        
        module load java/17.0.2
        module load picard/2.26.11
        mkdir -p output/dedup

        java -Xmx16g -jar /nas/longleaf/apps/picard/2.26.11/picard-2.26.11/picard.jar MarkDuplicates             I=output/align/CQTL_AM7726_CTL_Ankle_1_sorted.bam             O=output/dedup/CQTL_AM7726_CTL_Ankle_1_dedup.bam             M=output/dedup/CQTL_AM7726_CTL_Ankle_1_dup_metrics.txt             REMOVE_DUPLICATES=true             1> output/logs/mark_duplicates_CQTL_AM7726_CTL_Ankle_1.out 2> output/logs/mark_duplicates_CQTL_AM7726_CTL_Ankle_1.err

        samtools index output/dedup/CQTL_AM7726_CTL_Ankle_1_dedup.bam 1>> output/logs/mark_duplicates_CQTL_AM7726_CTL_Ankle_1.out 2>> output/logs/mark_duplicates_CQTL_AM7726_CTL_Ankle_1.err
        
        (one of the commands exited with non-zero exit code; note that snakemake uses bash strict mode!)
    cluster_jobid: 54551760

Error executing rule mark_duplicates on cluster (jobid: 419, external: 54551760, jobscript: /work/users/s/e/seyoun/CQTL_AI/.snakemake/tmp.syc4qp12/snakejob.mark_duplicates.419.sh). For error details see the cluster log and the log files of the involved rule(s).
[Wed Nov 20 10:21:10 2024]
Error in rule mark_duplicates:
    jobid: 414
    output: output/dedup/CQTL_AM7711_FNF_Ankle_1_dedup.bam, output/dedup/CQTL_AM7711_FNF_Ankle_1_dup_metrics.txt, output/dedup/CQTL_AM7711_FNF_Ankle_1_dedup.bai
    log: output/logs/mark_duplicates_CQTL_AM7711_FNF_Ankle_1.err, output/logs/mark_duplicates_CQTL_AM7711_FNF_Ankle_1.out (check log file(s) for error message)
    shell:
        
        module load java/17.0.2
        module load picard/2.26.11
        mkdir -p output/dedup

        java -Xmx16g -jar /nas/longleaf/apps/picard/2.26.11/picard-2.26.11/picard.jar MarkDuplicates             I=output/align/CQTL_AM7711_FNF_Ankle_1_sorted.bam             O=output/dedup/CQTL_AM7711_FNF_Ankle_1_dedup.bam             M=output/dedup/CQTL_AM7711_FNF_Ankle_1_dup_metrics.txt             REMOVE_DUPLICATES=true             1> output/logs/mark_duplicates_CQTL_AM7711_FNF_Ankle_1.out 2> output/logs/mark_duplicates_CQTL_AM7711_FNF_Ankle_1.err

        samtools index output/dedup/CQTL_AM7711_FNF_Ankle_1_dedup.bam 1>> output/logs/mark_duplicates_CQTL_AM7711_FNF_Ankle_1.out 2>> output/logs/mark_duplicates_CQTL_AM7711_FNF_Ankle_1.err
        
        (one of the commands exited with non-zero exit code; note that snakemake uses bash strict mode!)
    cluster_jobid: 54551797

Error executing rule mark_duplicates on cluster (jobid: 414, external: 54551797, jobscript: /work/users/s/e/seyoun/CQTL_AI/.snakemake/tmp.syc4qp12/snakejob.mark_duplicates.414.sh). For error details see the cluster log and the log files of the involved rule(s).

[Wed Nov 20 10:21:11 2024]
rule mark_duplicates:
    input: output/align/CQTL_AM7765_FNF_Ankle_1_sorted.bam
    output: output/dedup/CQTL_AM7765_FNF_Ankle_1_dedup.bam, output/dedup/CQTL_AM7765_FNF_Ankle_1_dup_metrics.txt, output/dedup/CQTL_AM7765_FNF_Ankle_1_dedup.bai
    log: output/logs/mark_duplicates_CQTL_AM7765_FNF_Ankle_1.err, output/logs/mark_duplicates_CQTL_AM7765_FNF_Ankle_1.out
    jobid: 436
    wildcards: sampleName=CQTL_AM7765_FNF_Ankle_1


        module load java/17.0.2
        module load picard/2.26.11
        mkdir -p output/dedup

        java -Xmx16g -jar /nas/longleaf/apps/picard/2.26.11/picard-2.26.11/picard.jar MarkDuplicates             I=output/align/CQTL_AM7765_FNF_Ankle_1_sorted.bam             O=output/dedup/CQTL_AM7765_FNF_Ankle_1_dedup.bam             M=output/dedup/CQTL_AM7765_FNF_Ankle_1_dup_metrics.txt             REMOVE_DUPLICATES=true             1> output/logs/mark_duplicates_CQTL_AM7765_FNF_Ankle_1.out 2> output/logs/mark_duplicates_CQTL_AM7765_FNF_Ankle_1.err

        samtools index output/dedup/CQTL_AM7765_FNF_Ankle_1_dedup.bam 1>> output/logs/mark_duplicates_CQTL_AM7765_FNF_Ankle_1.out 2>> output/logs/mark_duplicates_CQTL_AM7765_FNF_Ankle_1.err
        
Submitted job 436 with external jobid '54552018'.

[Wed Nov 20 10:21:24 2024]
rule mark_duplicates:
    input: output/align/CQTL_AM7763_FNF_Ankle_1_sorted.bam
    output: output/dedup/CQTL_AM7763_FNF_Ankle_1_dedup.bam, output/dedup/CQTL_AM7763_FNF_Ankle_1_dup_metrics.txt, output/dedup/CQTL_AM7763_FNF_Ankle_1_dedup.bai
    log: output/logs/mark_duplicates_CQTL_AM7763_FNF_Ankle_1.err, output/logs/mark_duplicates_CQTL_AM7763_FNF_Ankle_1.out
    jobid: 434
    wildcards: sampleName=CQTL_AM7763_FNF_Ankle_1


        module load java/17.0.2
        module load picard/2.26.11
        mkdir -p output/dedup

        java -Xmx16g -jar /nas/longleaf/apps/picard/2.26.11/picard-2.26.11/picard.jar MarkDuplicates             I=output/align/CQTL_AM7763_FNF_Ankle_1_sorted.bam             O=output/dedup/CQTL_AM7763_FNF_Ankle_1_dedup.bam             M=output/dedup/CQTL_AM7763_FNF_Ankle_1_dup_metrics.txt             REMOVE_DUPLICATES=true             1> output/logs/mark_duplicates_CQTL_AM7763_FNF_Ankle_1.out 2> output/logs/mark_duplicates_CQTL_AM7763_FNF_Ankle_1.err

        samtools index output/dedup/CQTL_AM7763_FNF_Ankle_1_dedup.bam 1>> output/logs/mark_duplicates_CQTL_AM7763_FNF_Ankle_1.out 2>> output/logs/mark_duplicates_CQTL_AM7763_FNF_Ankle_1.err
        
Submitted job 434 with external jobid '54552020'.

[Wed Nov 20 10:21:39 2024]
rule mark_duplicates:
    input: output/align/CQTL_AM7755_FNF_Ankle_1_sorted.bam
    output: output/dedup/CQTL_AM7755_FNF_Ankle_1_dedup.bam, output/dedup/CQTL_AM7755_FNF_Ankle_1_dup_metrics.txt, output/dedup/CQTL_AM7755_FNF_Ankle_1_dedup.bai
    log: output/logs/mark_duplicates_CQTL_AM7755_FNF_Ankle_1.err, output/logs/mark_duplicates_CQTL_AM7755_FNF_Ankle_1.out
    jobid: 431
    wildcards: sampleName=CQTL_AM7755_FNF_Ankle_1


        module load java/17.0.2
        module load picard/2.26.11
        mkdir -p output/dedup

        java -Xmx16g -jar /nas/longleaf/apps/picard/2.26.11/picard-2.26.11/picard.jar MarkDuplicates             I=output/align/CQTL_AM7755_FNF_Ankle_1_sorted.bam             O=output/dedup/CQTL_AM7755_FNF_Ankle_1_dedup.bam             M=output/dedup/CQTL_AM7755_FNF_Ankle_1_dup_metrics.txt             REMOVE_DUPLICATES=true             1> output/logs/mark_duplicates_CQTL_AM7755_FNF_Ankle_1.out 2> output/logs/mark_duplicates_CQTL_AM7755_FNF_Ankle_1.err

        samtools index output/dedup/CQTL_AM7755_FNF_Ankle_1_dedup.bam 1>> output/logs/mark_duplicates_CQTL_AM7755_FNF_Ankle_1.out 2>> output/logs/mark_duplicates_CQTL_AM7755_FNF_Ankle_1.err
        
Submitted job 431 with external jobid '54552023'.

[Wed Nov 20 10:21:50 2024]
rule mark_duplicates:
    input: output/align/CQTL_AM7712_CTL_Ankle_1_sorted.bam
    output: output/dedup/CQTL_AM7712_CTL_Ankle_1_dedup.bam, output/dedup/CQTL_AM7712_CTL_Ankle_1_dup_metrics.txt, output/dedup/CQTL_AM7712_CTL_Ankle_1_dedup.bai
    log: output/logs/mark_duplicates_CQTL_AM7712_CTL_Ankle_1.err, output/logs/mark_duplicates_CQTL_AM7712_CTL_Ankle_1.out
    jobid: 415
    wildcards: sampleName=CQTL_AM7712_CTL_Ankle_1


        module load java/17.0.2
        module load picard/2.26.11
        mkdir -p output/dedup

        java -Xmx16g -jar /nas/longleaf/apps/picard/2.26.11/picard-2.26.11/picard.jar MarkDuplicates             I=output/align/CQTL_AM7712_CTL_Ankle_1_sorted.bam             O=output/dedup/CQTL_AM7712_CTL_Ankle_1_dedup.bam             M=output/dedup/CQTL_AM7712_CTL_Ankle_1_dup_metrics.txt             REMOVE_DUPLICATES=true             1> output/logs/mark_duplicates_CQTL_AM7712_CTL_Ankle_1.out 2> output/logs/mark_duplicates_CQTL_AM7712_CTL_Ankle_1.err

        samtools index output/dedup/CQTL_AM7712_CTL_Ankle_1_dedup.bam 1>> output/logs/mark_duplicates_CQTL_AM7712_CTL_Ankle_1.out 2>> output/logs/mark_duplicates_CQTL_AM7712_CTL_Ankle_1.err
        
Submitted job 415 with external jobid '54552024'.

[Wed Nov 20 10:22:02 2024]
rule mark_duplicates:
    input: output/align/FACT_23-0023_CTL_synovium_1_sorted.bam
    output: output/dedup/FACT_23-0023_CTL_synovium_1_dedup.bam, output/dedup/FACT_23-0023_CTL_synovium_1_dup_metrics.txt, output/dedup/FACT_23-0023_CTL_synovium_1_dedup.bai
    log: output/logs/mark_duplicates_FACT_23-0023_CTL_synovium_1.err, output/logs/mark_duplicates_FACT_23-0023_CTL_synovium_1.out
    jobid: 461
    wildcards: sampleName=FACT_23-0023_CTL_synovium_1


        module load java/17.0.2
        module load picard/2.26.11
        mkdir -p output/dedup

        java -Xmx16g -jar /nas/longleaf/apps/picard/2.26.11/picard-2.26.11/picard.jar MarkDuplicates             I=output/align/FACT_23-0023_CTL_synovium_1_sorted.bam             O=output/dedup/FACT_23-0023_CTL_synovium_1_dedup.bam             M=output/dedup/FACT_23-0023_CTL_synovium_1_dup_metrics.txt             REMOVE_DUPLICATES=true             1> output/logs/mark_duplicates_FACT_23-0023_CTL_synovium_1.out 2> output/logs/mark_duplicates_FACT_23-0023_CTL_synovium_1.err

        samtools index output/dedup/FACT_23-0023_CTL_synovium_1_dedup.bam 1>> output/logs/mark_duplicates_FACT_23-0023_CTL_synovium_1.out 2>> output/logs/mark_duplicates_FACT_23-0023_CTL_synovium_1.err
        
Submitted job 461 with external jobid '54552026'.

[Wed Nov 20 10:22:14 2024]
rule mark_duplicates:
    input: output/align/CQTL_AM7711_CTL_Ankle_1_sorted.bam
    output: output/dedup/CQTL_AM7711_CTL_Ankle_1_dedup.bam, output/dedup/CQTL_AM7711_CTL_Ankle_1_dup_metrics.txt, output/dedup/CQTL_AM7711_CTL_Ankle_1_dedup.bai
    log: output/logs/mark_duplicates_CQTL_AM7711_CTL_Ankle_1.err, output/logs/mark_duplicates_CQTL_AM7711_CTL_Ankle_1.out
    jobid: 413
    wildcards: sampleName=CQTL_AM7711_CTL_Ankle_1


        module load java/17.0.2
        module load picard/2.26.11
        mkdir -p output/dedup

        java -Xmx16g -jar /nas/longleaf/apps/picard/2.26.11/picard-2.26.11/picard.jar MarkDuplicates             I=output/align/CQTL_AM7711_CTL_Ankle_1_sorted.bam             O=output/dedup/CQTL_AM7711_CTL_Ankle_1_dedup.bam             M=output/dedup/CQTL_AM7711_CTL_Ankle_1_dup_metrics.txt             REMOVE_DUPLICATES=true             1> output/logs/mark_duplicates_CQTL_AM7711_CTL_Ankle_1.out 2> output/logs/mark_duplicates_CQTL_AM7711_CTL_Ankle_1.err

        samtools index output/dedup/CQTL_AM7711_CTL_Ankle_1_dedup.bam 1>> output/logs/mark_duplicates_CQTL_AM7711_CTL_Ankle_1.out 2>> output/logs/mark_duplicates_CQTL_AM7711_CTL_Ankle_1.err
        
[Wed Nov 20 10:22:16 2024]
Error in rule mark_duplicates:
    jobid: 407
    output: output/dedup/CQTL_AM7677_CTL_Ankle_1_dedup.bam, output/dedup/CQTL_AM7677_CTL_Ankle_1_dup_metrics.txt, output/dedup/CQTL_AM7677_CTL_Ankle_1_dedup.bai
    log: output/logs/mark_duplicates_CQTL_AM7677_CTL_Ankle_1.err, output/logs/mark_duplicates_CQTL_AM7677_CTL_Ankle_1.out (check log file(s) for error message)
    shell:
        
        module load java/17.0.2
        module load picard/2.26.11
        mkdir -p output/dedup

        java -Xmx16g -jar /nas/longleaf/apps/picard/2.26.11/picard-2.26.11/picard.jar MarkDuplicates             I=output/align/CQTL_AM7677_CTL_Ankle_1_sorted.bam             O=output/dedup/CQTL_AM7677_CTL_Ankle_1_dedup.bam             M=output/dedup/CQTL_AM7677_CTL_Ankle_1_dup_metrics.txt             REMOVE_DUPLICATES=true             1> output/logs/mark_duplicates_CQTL_AM7677_CTL_Ankle_1.out 2> output/logs/mark_duplicates_CQTL_AM7677_CTL_Ankle_1.err

        samtools index output/dedup/CQTL_AM7677_CTL_Ankle_1_dedup.bam 1>> output/logs/mark_duplicates_CQTL_AM7677_CTL_Ankle_1.out 2>> output/logs/mark_duplicates_CQTL_AM7677_CTL_Ankle_1.err
        
        (one of the commands exited with non-zero exit code; note that snakemake uses bash strict mode!)
    cluster_jobid: 54551816

Error executing rule mark_duplicates on cluster (jobid: 407, external: 54551816, jobscript: /work/users/s/e/seyoun/CQTL_AI/.snakemake/tmp.syc4qp12/snakejob.mark_duplicates.407.sh). For error details see the cluster log and the log files of the involved rule(s).
Submitted job 413 with external jobid '54552028'.
[Wed Nov 20 10:22:21 2024]
Error in rule mark_duplicates:
    jobid: 450
    output: output/dedup/CQTL_AM7781_FNF_Ankle_1_dedup.bam, output/dedup/CQTL_AM7781_FNF_Ankle_1_dup_metrics.txt, output/dedup/CQTL_AM7781_FNF_Ankle_1_dedup.bai
    log: output/logs/mark_duplicates_CQTL_AM7781_FNF_Ankle_1.err, output/logs/mark_duplicates_CQTL_AM7781_FNF_Ankle_1.out (check log file(s) for error message)
    shell:
        
        module load java/17.0.2
        module load picard/2.26.11
        mkdir -p output/dedup

        java -Xmx16g -jar /nas/longleaf/apps/picard/2.26.11/picard-2.26.11/picard.jar MarkDuplicates             I=output/align/CQTL_AM7781_FNF_Ankle_1_sorted.bam             O=output/dedup/CQTL_AM7781_FNF_Ankle_1_dedup.bam             M=output/dedup/CQTL_AM7781_FNF_Ankle_1_dup_metrics.txt             REMOVE_DUPLICATES=true             1> output/logs/mark_duplicates_CQTL_AM7781_FNF_Ankle_1.out 2> output/logs/mark_duplicates_CQTL_AM7781_FNF_Ankle_1.err

        samtools index output/dedup/CQTL_AM7781_FNF_Ankle_1_dedup.bam 1>> output/logs/mark_duplicates_CQTL_AM7781_FNF_Ankle_1.out 2>> output/logs/mark_duplicates_CQTL_AM7781_FNF_Ankle_1.err
        
        (one of the commands exited with non-zero exit code; note that snakemake uses bash strict mode!)
    cluster_jobid: 54551815

Error executing rule mark_duplicates on cluster (jobid: 450, external: 54551815, jobscript: /work/users/s/e/seyoun/CQTL_AI/.snakemake/tmp.syc4qp12/snakejob.mark_duplicates.450.sh). For error details see the cluster log and the log files of the involved rule(s).

[Wed Nov 20 10:22:25 2024]
rule mark_duplicates:
    input: output/align/CQTL_AM7727_CTL_Ankle_1_sorted.bam
    output: output/dedup/CQTL_AM7727_CTL_Ankle_1_dedup.bam, output/dedup/CQTL_AM7727_CTL_Ankle_1_dup_metrics.txt, output/dedup/CQTL_AM7727_CTL_Ankle_1_dedup.bai
    log: output/logs/mark_duplicates_CQTL_AM7727_CTL_Ankle_1.err, output/logs/mark_duplicates_CQTL_AM7727_CTL_Ankle_1.out
    jobid: 421
    wildcards: sampleName=CQTL_AM7727_CTL_Ankle_1


        module load java/17.0.2
        module load picard/2.26.11
        mkdir -p output/dedup

        java -Xmx16g -jar /nas/longleaf/apps/picard/2.26.11/picard-2.26.11/picard.jar MarkDuplicates             I=output/align/CQTL_AM7727_CTL_Ankle_1_sorted.bam             O=output/dedup/CQTL_AM7727_CTL_Ankle_1_dedup.bam             M=output/dedup/CQTL_AM7727_CTL_Ankle_1_dup_metrics.txt             REMOVE_DUPLICATES=true             1> output/logs/mark_duplicates_CQTL_AM7727_CTL_Ankle_1.out 2> output/logs/mark_duplicates_CQTL_AM7727_CTL_Ankle_1.err

        samtools index output/dedup/CQTL_AM7727_CTL_Ankle_1_dedup.bam 1>> output/logs/mark_duplicates_CQTL_AM7727_CTL_Ankle_1.out 2>> output/logs/mark_duplicates_CQTL_AM7727_CTL_Ankle_1.err
        
Submitted job 421 with external jobid '54552029'.
[Wed Nov 20 10:22:30 2024]
Error in rule mark_duplicates:
    jobid: 425
    output: output/dedup/CQTL_AM7754_CTL_Ankle_1_dedup.bam, output/dedup/CQTL_AM7754_CTL_Ankle_1_dup_metrics.txt, output/dedup/CQTL_AM7754_CTL_Ankle_1_dedup.bai
    log: output/logs/mark_duplicates_CQTL_AM7754_CTL_Ankle_1.err, output/logs/mark_duplicates_CQTL_AM7754_CTL_Ankle_1.out (check log file(s) for error message)
    shell:
        
        module load java/17.0.2
        module load picard/2.26.11
        mkdir -p output/dedup

        java -Xmx16g -jar /nas/longleaf/apps/picard/2.26.11/picard-2.26.11/picard.jar MarkDuplicates             I=output/align/CQTL_AM7754_CTL_Ankle_1_sorted.bam             O=output/dedup/CQTL_AM7754_CTL_Ankle_1_dedup.bam             M=output/dedup/CQTL_AM7754_CTL_Ankle_1_dup_metrics.txt             REMOVE_DUPLICATES=true             1> output/logs/mark_duplicates_CQTL_AM7754_CTL_Ankle_1.out 2> output/logs/mark_duplicates_CQTL_AM7754_CTL_Ankle_1.err

        samtools index output/dedup/CQTL_AM7754_CTL_Ankle_1_dedup.bam 1>> output/logs/mark_duplicates_CQTL_AM7754_CTL_Ankle_1.out 2>> output/logs/mark_duplicates_CQTL_AM7754_CTL_Ankle_1.err
        
        (one of the commands exited with non-zero exit code; note that snakemake uses bash strict mode!)
    cluster_jobid: 54551819

Error executing rule mark_duplicates on cluster (jobid: 425, external: 54551819, jobscript: /work/users/s/e/seyoun/CQTL_AI/.snakemake/tmp.syc4qp12/snakejob.mark_duplicates.425.sh). For error details see the cluster log and the log files of the involved rule(s).

[Wed Nov 20 10:22:35 2024]
rule mark_duplicates:
    input: output/align/CQTL_AM7754_FNF_Ankle_1_sorted.bam
    output: output/dedup/CQTL_AM7754_FNF_Ankle_1_dedup.bam, output/dedup/CQTL_AM7754_FNF_Ankle_1_dup_metrics.txt, output/dedup/CQTL_AM7754_FNF_Ankle_1_dedup.bai
    log: output/logs/mark_duplicates_CQTL_AM7754_FNF_Ankle_1.err, output/logs/mark_duplicates_CQTL_AM7754_FNF_Ankle_1.out
    jobid: 427
    wildcards: sampleName=CQTL_AM7754_FNF_Ankle_1


        module load java/17.0.2
        module load picard/2.26.11
        mkdir -p output/dedup

        java -Xmx16g -jar /nas/longleaf/apps/picard/2.26.11/picard-2.26.11/picard.jar MarkDuplicates             I=output/align/CQTL_AM7754_FNF_Ankle_1_sorted.bam             O=output/dedup/CQTL_AM7754_FNF_Ankle_1_dedup.bam             M=output/dedup/CQTL_AM7754_FNF_Ankle_1_dup_metrics.txt             REMOVE_DUPLICATES=true             1> output/logs/mark_duplicates_CQTL_AM7754_FNF_Ankle_1.out 2> output/logs/mark_duplicates_CQTL_AM7754_FNF_Ankle_1.err

        samtools index output/dedup/CQTL_AM7754_FNF_Ankle_1_dedup.bam 1>> output/logs/mark_duplicates_CQTL_AM7754_FNF_Ankle_1.out 2>> output/logs/mark_duplicates_CQTL_AM7754_FNF_Ankle_1.err
        
Submitted job 427 with external jobid '54552032'.
