Building DAG of jobs...
Using shell: /usr/bin/bash
Provided cluster nodes: 100
Job counts:
	count	jobs
	1	reheader
	1

[Mon Mar 31 16:41:31 2025]
rule reheader:
    input: output/geno/cQTL_21_filtered.vcf.gz, output/geno/pbs_geno/pbs_matched.txt, output/geno/fnf_geno/fnf_matched.txt
    output: output/geno/pbs_geno/pbs.rename_wCHR.vcf.gz, output/geno/fnf_geno/fnf.rename_wCHR.vcf.gz, output/geno/pbs_geno/pbs.rename.vcf.gz, output/geno/fnf_geno/fnf.rename.vcf.gz, output/geno/pbs_geno/mappings/sample_name_mapping.txt, output/geno/fnf_geno/mappings/sample_name_mapping.txt
    log: output/logs/PBS_rename.out, output/logs/PBS_rename.err, output/logs/FNF_rename.out, output/logs/FNF_rename.err
    jobid: 1


        mkdir -p output/logs
        
       sh /work/users/s/e/seyoun/CQTL_AI/scripts/rename.sh output/geno/cQTL_21_filtered.vcf.gz output/geno/pbs_geno/pbs_matched.txt output/geno/pbs_geno/pbs.rename.vcf.gz output/geno/pbs_geno/pbs.rename_wCHR.vcf.gz 1> output/logs/PBS_rename.out 2> output/logs/PBS_rename.err
        sh /work/users/s/e/seyoun/CQTL_AI/scripts/rename.sh output/geno/cQTL_21_filtered.vcf.gz output/geno/fnf_geno/fnf_matched.txt output/geno/fnf_geno/fnf.rename.vcf.gz output/geno/fnf_geno/fnf.rename_wCHR.vcf.gz 1> output/logs/FNF_rename.out 2> output/logs/FNF_rename.err
        
Submitted job 1 with external jobid '63638812'.
[Mon Mar 31 16:41:52 2025]
Error in rule reheader:
    jobid: 1
    output: output/geno/pbs_geno/pbs.rename_wCHR.vcf.gz, output/geno/fnf_geno/fnf.rename_wCHR.vcf.gz, output/geno/pbs_geno/pbs.rename.vcf.gz, output/geno/fnf_geno/fnf.rename.vcf.gz, output/geno/pbs_geno/mappings/sample_name_mapping.txt, output/geno/fnf_geno/mappings/sample_name_mapping.txt
    log: output/logs/PBS_rename.out, output/logs/PBS_rename.err, output/logs/FNF_rename.out, output/logs/FNF_rename.err (check log file(s) for error message)
    shell:
        
        mkdir -p output/logs
        
       sh /work/users/s/e/seyoun/CQTL_AI/scripts/rename.sh output/geno/cQTL_21_filtered.vcf.gz output/geno/pbs_geno/pbs_matched.txt output/geno/pbs_geno/pbs.rename.vcf.gz output/geno/pbs_geno/pbs.rename_wCHR.vcf.gz 1> output/logs/PBS_rename.out 2> output/logs/PBS_rename.err
        sh /work/users/s/e/seyoun/CQTL_AI/scripts/rename.sh output/geno/cQTL_21_filtered.vcf.gz output/geno/fnf_geno/fnf_matched.txt output/geno/fnf_geno/fnf.rename.vcf.gz output/geno/fnf_geno/fnf.rename_wCHR.vcf.gz 1> output/logs/FNF_rename.out 2> output/logs/FNF_rename.err
        
        (one of the commands exited with non-zero exit code; note that snakemake uses bash strict mode!)
    cluster_jobid: 63638812

Error executing rule reheader on cluster (jobid: 1, external: 63638812, jobscript: /work/users/s/e/seyoun/CQTL_AI/.snakemake/tmp.c5j4104i/snakejob.reheader.1.sh). For error details see the cluster log and the log files of the involved rule(s).
Shutting down, this might take some time.
Exiting because a job execution failed. Look above for error message
Complete log: /work/users/s/e/seyoun/CQTL_AI/.snakemake/log/2025-03-31T164127.609388.snakemake.log
