Building DAG of jobs...
Using shell: /usr/bin/bash
Provided cluster nodes: 100
Job counts:
	count	jobs
	1	process_vcf
	1	reheader
	2

[Mon Mar 31 16:36:48 2025]
rule process_vcf:
    input: output/CTL_samples.txt, output/FNF_samples.txt
    output: output/geno/cQTL_21_filtered.vcf.gz, output/geno/pbs_geno/pbs_matched.txt, output/geno/fnf_geno/fnf_matched.txt
    log: output/logs/process_vcf.out, output/logs/process_vcf.err
    jobid: 0
    benchmark: output/benchmarks/process_vcf.txt


        mkdir -p output/geno
        mkdir -p output/geno/pbs_geno output/geno/fnf_geno
        mkdir -p output/benchmarks
        mkdir -p output/logs
        
        # Copy sample files
        cp output/CTL_samples.txt output/geno/pbs_geno/pbs_matched.txt 2>> output/logs/process_vcf.err
        cp output/FNF_samples.txt output/geno/fnf_geno/fnf_matched.txt 2>> output/logs/process_vcf.err
        
        # Process VCF
        ml samtools/1.21
        
        cp /work/users/s/e/seyoun/CQTL_AI/Genopipe/output/vcf/CQTL_COA9_10_ALL_qc.vcf.gz output/geno/cQTL_21_filtered.vcf.gz 2>> output/logs/process_vcf.err
        tabix -p vcf output/geno/cQTL_21_filtered.vcf.gz 2>> output/logs/process_vcf.err

        
Submitted job 0 with external jobid '63638477'.
[Mon Mar 31 16:37:43 2025]
Finished job 0.
1 of 2 steps (50%) done
Complete log: /work/users/s/e/seyoun/CQTL_AI/.snakemake/log/2025-03-31T163641.647013.snakemake.log
