Building DAG of jobs...
Using shell: /usr/bin/bash
Provided cluster nodes: 100
Job counts:
	count	jobs
	1	all
	6	mergeAlign
	6	mergeForwardSignal
	6	mergeReverseSignal
	6	mergeSignal
	42	signal
	67

[Fri Jan 10 11:54:34 2025]
rule signal:
    input: /work/users/s/e/seyoun/CQTL_AI/rna_output/align/FACT_23-0062_FNF_synovium_1_RG.bam
    output: rna_output/signals/synovium/FACT_23-0062_FNF_synovium_1.bw, rna_output/signals/synovium/norm/FACT_23-0062_FNF_synovium_1.bw
    log: rna_output/logs/signal_synovium_FACT_23-0062_FNF_synovium_1.err, rna_output/logs/Normsignal_synovium_FACT_23-0062_FNF_synovium_1.err
    jobid: 38
    wildcards: tissue=synovium, sampleName=FACT_23-0062_FNF_synovium_1


        module load deeptools/3.5.4
        mkdir -p rna_output/signals/synovium
        mkdir -p rna_output/signals/synovium/norm

        bamCoverage             --bam /work/users/s/e/seyoun/CQTL_AI/rna_output/align/FACT_23-0062_FNF_synovium_1_RG.bam             -o rna_output/signals/synovium/FACT_23-0062_FNF_synovium_1.bw             > rna_output/logs/signal_synovium_FACT_23-0062_FNF_synovium_1.err 2>&1

        bamCoverage --normalizeUsing CPM                 --effectiveGenomeSize 2862010428                 --bam /work/users/s/e/seyoun/CQTL_AI/rna_output/align/FACT_23-0062_FNF_synovium_1_RG.bam -o rna_output/signals/synovium/norm/FACT_23-0062_FNF_synovium_1.bw > rna_output/logs/Normsignal_synovium_FACT_23-0062_FNF_synovium_1.err 2>&1
        
Submitted job 38 with external jobid '57012523'.

[Fri Jan 10 11:54:35 2025]
rule signal:
    input: /work/users/s/e/seyoun/CQTL_AI/rna_output/align/CQTL_AM7769_FNF_Ankle_1_RG.bam
    output: rna_output/signals/Ankle/CQTL_AM7769_FNF_Ankle_1.bw, rna_output/signals/Ankle/norm/CQTL_AM7769_FNF_Ankle_1.bw
    log: rna_output/logs/signal_Ankle_CQTL_AM7769_FNF_Ankle_1.err, rna_output/logs/Normsignal_Ankle_CQTL_AM7769_FNF_Ankle_1.err
    jobid: 16
    wildcards: tissue=Ankle, sampleName=CQTL_AM7769_FNF_Ankle_1


        module load deeptools/3.5.4
        mkdir -p rna_output/signals/Ankle
        mkdir -p rna_output/signals/Ankle/norm

        bamCoverage             --bam /work/users/s/e/seyoun/CQTL_AI/rna_output/align/CQTL_AM7769_FNF_Ankle_1_RG.bam             -o rna_output/signals/Ankle/CQTL_AM7769_FNF_Ankle_1.bw             > rna_output/logs/signal_Ankle_CQTL_AM7769_FNF_Ankle_1.err 2>&1

        bamCoverage --normalizeUsing CPM                 --effectiveGenomeSize 2862010428                 --bam /work/users/s/e/seyoun/CQTL_AI/rna_output/align/CQTL_AM7769_FNF_Ankle_1_RG.bam -o rna_output/signals/Ankle/norm/CQTL_AM7769_FNF_Ankle_1.bw > rna_output/logs/Normsignal_Ankle_CQTL_AM7769_FNF_Ankle_1.err 2>&1
        
Submitted job 16 with external jobid '57012524'.

[Fri Jan 10 11:54:37 2025]
rule signal:
    input: /work/users/s/e/seyoun/CQTL_AI/rna_output/align/CQTL_AM7769_CTL_Ankle_1_RG.bam
    output: rna_output/signals/Ankle/CQTL_AM7769_CTL_Ankle_1.bw, rna_output/signals/Ankle/norm/CQTL_AM7769_CTL_Ankle_1.bw
    log: rna_output/logs/signal_Ankle_CQTL_AM7769_CTL_Ankle_1.err, rna_output/logs/Normsignal_Ankle_CQTL_AM7769_CTL_Ankle_1.err
    jobid: 15
    wildcards: tissue=Ankle, sampleName=CQTL_AM7769_CTL_Ankle_1


        module load deeptools/3.5.4
        mkdir -p rna_output/signals/Ankle
        mkdir -p rna_output/signals/Ankle/norm

        bamCoverage             --bam /work/users/s/e/seyoun/CQTL_AI/rna_output/align/CQTL_AM7769_CTL_Ankle_1_RG.bam             -o rna_output/signals/Ankle/CQTL_AM7769_CTL_Ankle_1.bw             > rna_output/logs/signal_Ankle_CQTL_AM7769_CTL_Ankle_1.err 2>&1

        bamCoverage --normalizeUsing CPM                 --effectiveGenomeSize 2862010428                 --bam /work/users/s/e/seyoun/CQTL_AI/rna_output/align/CQTL_AM7769_CTL_Ankle_1_RG.bam -o rna_output/signals/Ankle/norm/CQTL_AM7769_CTL_Ankle_1.bw > rna_output/logs/Normsignal_Ankle_CQTL_AM7769_CTL_Ankle_1.err 2>&1
        
Submitted job 15 with external jobid '57012525'.

[Fri Jan 10 11:54:38 2025]
rule signal:
    input: /work/users/s/e/seyoun/CQTL_AI/rna_output/align/CQTL_AM7786_CTL_Ankle_1_RG.bam
    output: rna_output/signals/Ankle/CQTL_AM7786_CTL_Ankle_1.bw, rna_output/signals/Ankle/norm/CQTL_AM7786_CTL_Ankle_1.bw
    log: rna_output/logs/signal_Ankle_CQTL_AM7786_CTL_Ankle_1.err, rna_output/logs/Normsignal_Ankle_CQTL_AM7786_CTL_Ankle_1.err
    jobid: 29
    wildcards: tissue=Ankle, sampleName=CQTL_AM7786_CTL_Ankle_1


        module load deeptools/3.5.4
        mkdir -p rna_output/signals/Ankle
        mkdir -p rna_output/signals/Ankle/norm

        bamCoverage             --bam /work/users/s/e/seyoun/CQTL_AI/rna_output/align/CQTL_AM7786_CTL_Ankle_1_RG.bam             -o rna_output/signals/Ankle/CQTL_AM7786_CTL_Ankle_1.bw             > rna_output/logs/signal_Ankle_CQTL_AM7786_CTL_Ankle_1.err 2>&1

        bamCoverage --normalizeUsing CPM                 --effectiveGenomeSize 2862010428                 --bam /work/users/s/e/seyoun/CQTL_AI/rna_output/align/CQTL_AM7786_CTL_Ankle_1_RG.bam -o rna_output/signals/Ankle/norm/CQTL_AM7786_CTL_Ankle_1.bw > rna_output/logs/Normsignal_Ankle_CQTL_AM7786_CTL_Ankle_1.err 2>&1
        
Submitted job 29 with external jobid '57012526'.

[Fri Jan 10 11:54:39 2025]
rule mergeAlign:
    input: /work/users/s/e/seyoun/CQTL_AI/rna_output/align/CQTL_AM7711_FNF_Ankle_1_RG.bam, /work/users/s/e/seyoun/CQTL_AI/rna_output/align/CQTL_AM7717_FNF_Ankle_1_RG.bam, /work/users/s/e/seyoun/CQTL_AI/rna_output/align/CQTL_AM7735_FNF_Ankle_1_RG.bam, /work/users/s/e/seyoun/CQTL_AI/rna_output/align/CQTL_AM7754_FNF_Ankle_1_RG.bam, /work/users/s/e/seyoun/CQTL_AI/rna_output/align/CQTL_AM7755_FNF_Ankle_1_RG.bam, /work/users/s/e/seyoun/CQTL_AI/rna_output/align/CQTL_AM7763_FNF_Ankle_1_RG.bam, /work/users/s/e/seyoun/CQTL_AI/rna_output/align/CQTL_AM7765_FNF_Ankle_1_RG.bam, /work/users/s/e/seyoun/CQTL_AI/rna_output/align/CQTL_AM7769_FNF_Ankle_1_RG.bam, /work/users/s/e/seyoun/CQTL_AI/rna_output/align/CQTL_AM7771_FNF_Ankle_1_RG.bam, /work/users/s/e/seyoun/CQTL_AI/rna_output/align/CQTL_AM7775_FNF_Ankle_1_RG.bam, /work/users/s/e/seyoun/CQTL_AI/rna_output/align/CQTL_AM7778FE_CTL_Femur_1_RG.bam, /work/users/s/e/seyoun/CQTL_AI/rna_output/align/CQTL_AM7780_FNF_Ankle_1_RG.bam, /work/users/s/e/seyoun/CQTL_AI/rna_output/align/CQTL_AM7781_FNF_Ankle_1_RG.bam, /work/users/s/e/seyoun/CQTL_AI/rna_output/align/CQTL_AM7785_FNF_Ankle_1_RG.bam, /work/users/s/e/seyoun/CQTL_AI/rna_output/align/CQTL_AM7786_FNF_Ankle_1_RG.bam
    output: rna_output/signals/Ankle/mergedAlign/FNF_sorted.bam, rna_output/signals/Ankle/mergedAlign/FNF_sorted.bam.bai, rna_output/signals/Ankle/mergedAlign/FNF_stats.txt
    log: rna_output/logs/mergedAligned_Ankle_FNF.err
    jobid: 62
    wildcards: tissue=Ankle, cond=FNF


        module load samtools/1.21
        mkdir -p rna_output/signals/Ankle/mergedAlign

        samtools merge rna_output/signals/Ankle/mergedAlign/FNF_sorted.bam /work/users/s/e/seyoun/CQTL_AI/rna_output/align/CQTL_AM7711_FNF_Ankle_1_RG.bam /work/users/s/e/seyoun/CQTL_AI/rna_output/align/CQTL_AM7717_FNF_Ankle_1_RG.bam /work/users/s/e/seyoun/CQTL_AI/rna_output/align/CQTL_AM7735_FNF_Ankle_1_RG.bam /work/users/s/e/seyoun/CQTL_AI/rna_output/align/CQTL_AM7754_FNF_Ankle_1_RG.bam /work/users/s/e/seyoun/CQTL_AI/rna_output/align/CQTL_AM7755_FNF_Ankle_1_RG.bam /work/users/s/e/seyoun/CQTL_AI/rna_output/align/CQTL_AM7763_FNF_Ankle_1_RG.bam /work/users/s/e/seyoun/CQTL_AI/rna_output/align/CQTL_AM7765_FNF_Ankle_1_RG.bam /work/users/s/e/seyoun/CQTL_AI/rna_output/align/CQTL_AM7769_FNF_Ankle_1_RG.bam /work/users/s/e/seyoun/CQTL_AI/rna_output/align/CQTL_AM7771_FNF_Ankle_1_RG.bam /work/users/s/e/seyoun/CQTL_AI/rna_output/align/CQTL_AM7775_FNF_Ankle_1_RG.bam /work/users/s/e/seyoun/CQTL_AI/rna_output/align/CQTL_AM7778FE_CTL_Femur_1_RG.bam /work/users/s/e/seyoun/CQTL_AI/rna_output/align/CQTL_AM7780_FNF_Ankle_1_RG.bam /work/users/s/e/seyoun/CQTL_AI/rna_output/align/CQTL_AM7781_FNF_Ankle_1_RG.bam /work/users/s/e/seyoun/CQTL_AI/rna_output/align/CQTL_AM7785_FNF_Ankle_1_RG.bam /work/users/s/e/seyoun/CQTL_AI/rna_output/align/CQTL_AM7786_FNF_Ankle_1_RG.bam >> rna_output/logs/mergedAligned_Ankle_FNF.err 2>&1
        samtools flagstat rna_output/signals/Ankle/mergedAlign/FNF_sorted.bam > rna_output/signals/Ankle/mergedAlign/FNF_stats.txt >> rna_output/logs/mergedAligned_Ankle_FNF.err 2>&1
        samtools index rna_output/signals/Ankle/mergedAlign/FNF_sorted.bam >> rna_output/logs/mergedAligned_Ankle_FNF.err 2>&1
        
Submitted job 62 with external jobid '57012527'.

[Fri Jan 10 11:54:40 2025]
rule signal:
    input: /work/users/s/e/seyoun/CQTL_AI/rna_output/align/CQTL_AM7781_FNF_Ankle_1_RG.bam
    output: rna_output/signals/Ankle/CQTL_AM7781_FNF_Ankle_1.bw, rna_output/signals/Ankle/norm/CQTL_AM7781_FNF_Ankle_1.bw
    log: rna_output/logs/signal_Ankle_CQTL_AM7781_FNF_Ankle_1.err, rna_output/logs/Normsignal_Ankle_CQTL_AM7781_FNF_Ankle_1.err
    jobid: 26
    wildcards: tissue=Ankle, sampleName=CQTL_AM7781_FNF_Ankle_1


        module load deeptools/3.5.4
        mkdir -p rna_output/signals/Ankle
        mkdir -p rna_output/signals/Ankle/norm

        bamCoverage             --bam /work/users/s/e/seyoun/CQTL_AI/rna_output/align/CQTL_AM7781_FNF_Ankle_1_RG.bam             -o rna_output/signals/Ankle/CQTL_AM7781_FNF_Ankle_1.bw             > rna_output/logs/signal_Ankle_CQTL_AM7781_FNF_Ankle_1.err 2>&1

        bamCoverage --normalizeUsing CPM                 --effectiveGenomeSize 2862010428                 --bam /work/users/s/e/seyoun/CQTL_AI/rna_output/align/CQTL_AM7781_FNF_Ankle_1_RG.bam -o rna_output/signals/Ankle/norm/CQTL_AM7781_FNF_Ankle_1.bw > rna_output/logs/Normsignal_Ankle_CQTL_AM7781_FNF_Ankle_1.err 2>&1
        
Submitted job 26 with external jobid '57012528'.

[Fri Jan 10 11:54:41 2025]
rule signal:
    input: /work/users/s/e/seyoun/CQTL_AI/rna_output/align/CQTL_AM7763_FNF_Ankle_1_RG.bam
    output: rna_output/signals/Ankle/CQTL_AM7763_FNF_Ankle_1.bw, rna_output/signals/Ankle/norm/CQTL_AM7763_FNF_Ankle_1.bw
    log: rna_output/logs/signal_Ankle_CQTL_AM7763_FNF_Ankle_1.err, rna_output/logs/Normsignal_Ankle_CQTL_AM7763_FNF_Ankle_1.err
    jobid: 12
    wildcards: tissue=Ankle, sampleName=CQTL_AM7763_FNF_Ankle_1


        module load deeptools/3.5.4
        mkdir -p rna_output/signals/Ankle
        mkdir -p rna_output/signals/Ankle/norm

        bamCoverage             --bam /work/users/s/e/seyoun/CQTL_AI/rna_output/align/CQTL_AM7763_FNF_Ankle_1_RG.bam             -o rna_output/signals/Ankle/CQTL_AM7763_FNF_Ankle_1.bw             > rna_output/logs/signal_Ankle_CQTL_AM7763_FNF_Ankle_1.err 2>&1

        bamCoverage --normalizeUsing CPM                 --effectiveGenomeSize 2862010428                 --bam /work/users/s/e/seyoun/CQTL_AI/rna_output/align/CQTL_AM7763_FNF_Ankle_1_RG.bam -o rna_output/signals/Ankle/norm/CQTL_AM7763_FNF_Ankle_1.bw > rna_output/logs/Normsignal_Ankle_CQTL_AM7763_FNF_Ankle_1.err 2>&1
        
Submitted job 12 with external jobid '57012529'.

[Fri Jan 10 11:54:42 2025]
rule signal:
    input: /work/users/s/e/seyoun/CQTL_AI/rna_output/align/CQTL_AM7786_FNF_Ankle_1_RG.bam
    output: rna_output/signals/Ankle/CQTL_AM7786_FNF_Ankle_1.bw, rna_output/signals/Ankle/norm/CQTL_AM7786_FNF_Ankle_1.bw
    log: rna_output/logs/signal_Ankle_CQTL_AM7786_FNF_Ankle_1.err, rna_output/logs/Normsignal_Ankle_CQTL_AM7786_FNF_Ankle_1.err
    jobid: 30
    wildcards: tissue=Ankle, sampleName=CQTL_AM7786_FNF_Ankle_1


        module load deeptools/3.5.4
        mkdir -p rna_output/signals/Ankle
        mkdir -p rna_output/signals/Ankle/norm

        bamCoverage             --bam /work/users/s/e/seyoun/CQTL_AI/rna_output/align/CQTL_AM7786_FNF_Ankle_1_RG.bam             -o rna_output/signals/Ankle/CQTL_AM7786_FNF_Ankle_1.bw             > rna_output/logs/signal_Ankle_CQTL_AM7786_FNF_Ankle_1.err 2>&1

        bamCoverage --normalizeUsing CPM                 --effectiveGenomeSize 2862010428                 --bam /work/users/s/e/seyoun/CQTL_AI/rna_output/align/CQTL_AM7786_FNF_Ankle_1_RG.bam -o rna_output/signals/Ankle/norm/CQTL_AM7786_FNF_Ankle_1.bw > rna_output/logs/Normsignal_Ankle_CQTL_AM7786_FNF_Ankle_1.err 2>&1
        
Submitted job 30 with external jobid '57012530'.

[Fri Jan 10 11:54:43 2025]
rule signal:
    input: /work/users/s/e/seyoun/CQTL_AI/rna_output/align/FACT_23-0058_FNF_synovium_1_RG.bam
    output: rna_output/signals/synovium/FACT_23-0058_FNF_synovium_1.bw, rna_output/signals/synovium/norm/FACT_23-0058_FNF_synovium_1.bw
    log: rna_output/logs/signal_synovium_FACT_23-0058_FNF_synovium_1.err, rna_output/logs/Normsignal_synovium_FACT_23-0058_FNF_synovium_1.err
    jobid: 34
    wildcards: tissue=synovium, sampleName=FACT_23-0058_FNF_synovium_1


        module load deeptools/3.5.4
        mkdir -p rna_output/signals/synovium
        mkdir -p rna_output/signals/synovium/norm

        bamCoverage             --bam /work/users/s/e/seyoun/CQTL_AI/rna_output/align/FACT_23-0058_FNF_synovium_1_RG.bam             -o rna_output/signals/synovium/FACT_23-0058_FNF_synovium_1.bw             > rna_output/logs/signal_synovium_FACT_23-0058_FNF_synovium_1.err 2>&1

        bamCoverage --normalizeUsing CPM                 --effectiveGenomeSize 2862010428                 --bam /work/users/s/e/seyoun/CQTL_AI/rna_output/align/FACT_23-0058_FNF_synovium_1_RG.bam -o rna_output/signals/synovium/norm/FACT_23-0058_FNF_synovium_1.bw > rna_output/logs/Normsignal_synovium_FACT_23-0058_FNF_synovium_1.err 2>&1
        
Submitted job 34 with external jobid '57012531'.

[Fri Jan 10 11:54:44 2025]
rule signal:
    input: /work/users/s/e/seyoun/CQTL_AI/rna_output/align/CQTL_AM7711_FNF_Ankle_1_RG.bam
    output: rna_output/signals/Ankle/CQTL_AM7711_FNF_Ankle_1.bw, rna_output/signals/Ankle/norm/CQTL_AM7711_FNF_Ankle_1.bw
    log: rna_output/logs/signal_Ankle_CQTL_AM7711_FNF_Ankle_1.err, rna_output/logs/Normsignal_Ankle_CQTL_AM7711_FNF_Ankle_1.err
    jobid: 2
    wildcards: tissue=Ankle, sampleName=CQTL_AM7711_FNF_Ankle_1


        module load deeptools/3.5.4
        mkdir -p rna_output/signals/Ankle
        mkdir -p rna_output/signals/Ankle/norm

        bamCoverage             --bam /work/users/s/e/seyoun/CQTL_AI/rna_output/align/CQTL_AM7711_FNF_Ankle_1_RG.bam             -o rna_output/signals/Ankle/CQTL_AM7711_FNF_Ankle_1.bw             > rna_output/logs/signal_Ankle_CQTL_AM7711_FNF_Ankle_1.err 2>&1

        bamCoverage --normalizeUsing CPM                 --effectiveGenomeSize 2862010428                 --bam /work/users/s/e/seyoun/CQTL_AI/rna_output/align/CQTL_AM7711_FNF_Ankle_1_RG.bam -o rna_output/signals/Ankle/norm/CQTL_AM7711_FNF_Ankle_1.bw > rna_output/logs/Normsignal_Ankle_CQTL_AM7711_FNF_Ankle_1.err 2>&1
        
Submitted job 2 with external jobid '57012532'.

[Fri Jan 10 11:54:46 2025]
rule signal:
    input: /work/users/s/e/seyoun/CQTL_AI/rna_output/align/FACT_23-0071_FNF_synovium_1_RG.bam
    output: rna_output/signals/synovium/FACT_23-0071_FNF_synovium_1.bw, rna_output/signals/synovium/norm/FACT_23-0071_FNF_synovium_1.bw
    log: rna_output/logs/signal_synovium_FACT_23-0071_FNF_synovium_1.err, rna_output/logs/Normsignal_synovium_FACT_23-0071_FNF_synovium_1.err
    jobid: 42
    wildcards: tissue=synovium, sampleName=FACT_23-0071_FNF_synovium_1


        module load deeptools/3.5.4
        mkdir -p rna_output/signals/synovium
        mkdir -p rna_output/signals/synovium/norm

        bamCoverage             --bam /work/users/s/e/seyoun/CQTL_AI/rna_output/align/FACT_23-0071_FNF_synovium_1_RG.bam             -o rna_output/signals/synovium/FACT_23-0071_FNF_synovium_1.bw             > rna_output/logs/signal_synovium_FACT_23-0071_FNF_synovium_1.err 2>&1

        bamCoverage --normalizeUsing CPM                 --effectiveGenomeSize 2862010428                 --bam /work/users/s/e/seyoun/CQTL_AI/rna_output/align/FACT_23-0071_FNF_synovium_1_RG.bam -o rna_output/signals/synovium/norm/FACT_23-0071_FNF_synovium_1.bw > rna_output/logs/Normsignal_synovium_FACT_23-0071_FNF_synovium_1.err 2>&1
        
Submitted job 42 with external jobid '57012533'.

[Fri Jan 10 11:54:47 2025]
rule signal:
    input: /work/users/s/e/seyoun/CQTL_AI/rna_output/align/CQTL_AM7717_CTL_Ankle_1_RG.bam
    output: rna_output/signals/Ankle/CQTL_AM7717_CTL_Ankle_1.bw, rna_output/signals/Ankle/norm/CQTL_AM7717_CTL_Ankle_1.bw
    log: rna_output/logs/signal_Ankle_CQTL_AM7717_CTL_Ankle_1.err, rna_output/logs/Normsignal_Ankle_CQTL_AM7717_CTL_Ankle_1.err
    jobid: 3
    wildcards: tissue=Ankle, sampleName=CQTL_AM7717_CTL_Ankle_1


        module load deeptools/3.5.4
        mkdir -p rna_output/signals/Ankle
        mkdir -p rna_output/signals/Ankle/norm

        bamCoverage             --bam /work/users/s/e/seyoun/CQTL_AI/rna_output/align/CQTL_AM7717_CTL_Ankle_1_RG.bam             -o rna_output/signals/Ankle/CQTL_AM7717_CTL_Ankle_1.bw             > rna_output/logs/signal_Ankle_CQTL_AM7717_CTL_Ankle_1.err 2>&1

        bamCoverage --normalizeUsing CPM                 --effectiveGenomeSize 2862010428                 --bam /work/users/s/e/seyoun/CQTL_AI/rna_output/align/CQTL_AM7717_CTL_Ankle_1_RG.bam -o rna_output/signals/Ankle/norm/CQTL_AM7717_CTL_Ankle_1.bw > rna_output/logs/Normsignal_Ankle_CQTL_AM7717_CTL_Ankle_1.err 2>&1
        
Submitted job 3 with external jobid '57012534'.

[Fri Jan 10 11:54:48 2025]
rule signal:
    input: /work/users/s/e/seyoun/CQTL_AI/rna_output/align/CQTL_AM7711_CTL_Ankle_1_RG.bam
    output: rna_output/signals/Ankle/CQTL_AM7711_CTL_Ankle_1.bw, rna_output/signals/Ankle/norm/CQTL_AM7711_CTL_Ankle_1.bw
    log: rna_output/logs/signal_Ankle_CQTL_AM7711_CTL_Ankle_1.err, rna_output/logs/Normsignal_Ankle_CQTL_AM7711_CTL_Ankle_1.err
    jobid: 1
    wildcards: tissue=Ankle, sampleName=CQTL_AM7711_CTL_Ankle_1


        module load deeptools/3.5.4
        mkdir -p rna_output/signals/Ankle
        mkdir -p rna_output/signals/Ankle/norm

        bamCoverage             --bam /work/users/s/e/seyoun/CQTL_AI/rna_output/align/CQTL_AM7711_CTL_Ankle_1_RG.bam             -o rna_output/signals/Ankle/CQTL_AM7711_CTL_Ankle_1.bw             > rna_output/logs/signal_Ankle_CQTL_AM7711_CTL_Ankle_1.err 2>&1

        bamCoverage --normalizeUsing CPM                 --effectiveGenomeSize 2862010428                 --bam /work/users/s/e/seyoun/CQTL_AI/rna_output/align/CQTL_AM7711_CTL_Ankle_1_RG.bam -o rna_output/signals/Ankle/norm/CQTL_AM7711_CTL_Ankle_1.bw > rna_output/logs/Normsignal_Ankle_CQTL_AM7711_CTL_Ankle_1.err 2>&1
        
Submitted job 1 with external jobid '57012535'.

[Fri Jan 10 11:54:49 2025]
rule signal:
    input: /work/users/s/e/seyoun/CQTL_AI/rna_output/align/CQTL_AM7754_FNF_Ankle_1_RG.bam
    output: rna_output/signals/Ankle/CQTL_AM7754_FNF_Ankle_1.bw, rna_output/signals/Ankle/norm/CQTL_AM7754_FNF_Ankle_1.bw
    log: rna_output/logs/signal_Ankle_CQTL_AM7754_FNF_Ankle_1.err, rna_output/logs/Normsignal_Ankle_CQTL_AM7754_FNF_Ankle_1.err
    jobid: 8
    wildcards: tissue=Ankle, sampleName=CQTL_AM7754_FNF_Ankle_1


        module load deeptools/3.5.4
        mkdir -p rna_output/signals/Ankle
        mkdir -p rna_output/signals/Ankle/norm

        bamCoverage             --bam /work/users/s/e/seyoun/CQTL_AI/rna_output/align/CQTL_AM7754_FNF_Ankle_1_RG.bam             -o rna_output/signals/Ankle/CQTL_AM7754_FNF_Ankle_1.bw             > rna_output/logs/signal_Ankle_CQTL_AM7754_FNF_Ankle_1.err 2>&1

        bamCoverage --normalizeUsing CPM                 --effectiveGenomeSize 2862010428                 --bam /work/users/s/e/seyoun/CQTL_AI/rna_output/align/CQTL_AM7754_FNF_Ankle_1_RG.bam -o rna_output/signals/Ankle/norm/CQTL_AM7754_FNF_Ankle_1.bw > rna_output/logs/Normsignal_Ankle_CQTL_AM7754_FNF_Ankle_1.err 2>&1
        
Submitted job 8 with external jobid '57012536'.

[Fri Jan 10 11:54:51 2025]
rule mergeAlign:
    input: /work/users/s/e/seyoun/CQTL_AI/rna_output/align/CQTL_AM7778_FNF_Ankle_1_RG.bam
    output: rna_output/signals/Femur/mergedAlign/FNF_sorted.bam, rna_output/signals/Femur/mergedAlign/FNF_sorted.bam.bai, rna_output/signals/Femur/mergedAlign/FNF_stats.txt
    log: rna_output/logs/mergedAligned_Femur_FNF.err
    jobid: 64
    wildcards: tissue=Femur, cond=FNF


        module load samtools/1.21
        mkdir -p rna_output/signals/Femur/mergedAlign

        samtools merge rna_output/signals/Femur/mergedAlign/FNF_sorted.bam /work/users/s/e/seyoun/CQTL_AI/rna_output/align/CQTL_AM7778_FNF_Ankle_1_RG.bam >> rna_output/logs/mergedAligned_Femur_FNF.err 2>&1
        samtools flagstat rna_output/signals/Femur/mergedAlign/FNF_sorted.bam > rna_output/signals/Femur/mergedAlign/FNF_stats.txt >> rna_output/logs/mergedAligned_Femur_FNF.err 2>&1
        samtools index rna_output/signals/Femur/mergedAlign/FNF_sorted.bam >> rna_output/logs/mergedAligned_Femur_FNF.err 2>&1
        
Submitted job 64 with external jobid '57012537'.

[Fri Jan 10 11:54:52 2025]
rule signal:
    input: /work/users/s/e/seyoun/CQTL_AI/rna_output/align/CQTL_AM7775_FNF_Ankle_1_RG.bam
    output: rna_output/signals/Ankle/CQTL_AM7775_FNF_Ankle_1.bw, rna_output/signals/Ankle/norm/CQTL_AM7775_FNF_Ankle_1.bw
    log: rna_output/logs/signal_Ankle_CQTL_AM7775_FNF_Ankle_1.err, rna_output/logs/Normsignal_Ankle_CQTL_AM7775_FNF_Ankle_1.err
    jobid: 20
    wildcards: tissue=Ankle, sampleName=CQTL_AM7775_FNF_Ankle_1


        module load deeptools/3.5.4
        mkdir -p rna_output/signals/Ankle
        mkdir -p rna_output/signals/Ankle/norm

        bamCoverage             --bam /work/users/s/e/seyoun/CQTL_AI/rna_output/align/CQTL_AM7775_FNF_Ankle_1_RG.bam             -o rna_output/signals/Ankle/CQTL_AM7775_FNF_Ankle_1.bw             > rna_output/logs/signal_Ankle_CQTL_AM7775_FNF_Ankle_1.err 2>&1

        bamCoverage --normalizeUsing CPM                 --effectiveGenomeSize 2862010428                 --bam /work/users/s/e/seyoun/CQTL_AI/rna_output/align/CQTL_AM7775_FNF_Ankle_1_RG.bam -o rna_output/signals/Ankle/norm/CQTL_AM7775_FNF_Ankle_1.bw > rna_output/logs/Normsignal_Ankle_CQTL_AM7775_FNF_Ankle_1.err 2>&1
        
Submitted job 20 with external jobid '57012551'.

[Fri Jan 10 11:54:53 2025]
rule signal:
    input: /work/users/s/e/seyoun/CQTL_AI/rna_output/align/CQTL_AM7765_CTL_Ankle_1_RG.bam
    output: rna_output/signals/Ankle/CQTL_AM7765_CTL_Ankle_1.bw, rna_output/signals/Ankle/norm/CQTL_AM7765_CTL_Ankle_1.bw
    log: rna_output/logs/signal_Ankle_CQTL_AM7765_CTL_Ankle_1.err, rna_output/logs/Normsignal_Ankle_CQTL_AM7765_CTL_Ankle_1.err
    jobid: 13
    wildcards: tissue=Ankle, sampleName=CQTL_AM7765_CTL_Ankle_1


        module load deeptools/3.5.4
        mkdir -p rna_output/signals/Ankle
        mkdir -p rna_output/signals/Ankle/norm

        bamCoverage             --bam /work/users/s/e/seyoun/CQTL_AI/rna_output/align/CQTL_AM7765_CTL_Ankle_1_RG.bam             -o rna_output/signals/Ankle/CQTL_AM7765_CTL_Ankle_1.bw             > rna_output/logs/signal_Ankle_CQTL_AM7765_CTL_Ankle_1.err 2>&1

        bamCoverage --normalizeUsing CPM                 --effectiveGenomeSize 2862010428                 --bam /work/users/s/e/seyoun/CQTL_AI/rna_output/align/CQTL_AM7765_CTL_Ankle_1_RG.bam -o rna_output/signals/Ankle/norm/CQTL_AM7765_CTL_Ankle_1.bw > rna_output/logs/Normsignal_Ankle_CQTL_AM7765_CTL_Ankle_1.err 2>&1
        
Submitted job 13 with external jobid '57012557'.

[Fri Jan 10 11:54:54 2025]
rule mergeAlign:
    input: /work/users/s/e/seyoun/CQTL_AI/rna_output/align/FACT_23-0058_FNF_synovium_1_RG.bam, /work/users/s/e/seyoun/CQTL_AI/rna_output/align/FACT_23-0060_FNF_synovium_1_RG.bam, /work/users/s/e/seyoun/CQTL_AI/rna_output/align/FACT_23-0062_FNF_synovium_1_RG.bam, /work/users/s/e/seyoun/CQTL_AI/rna_output/align/FACT_23-0069_FNF_synovium_1_RG.bam, /work/users/s/e/seyoun/CQTL_AI/rna_output/align/FACT_23-0071_FNF_synovium_1_RG.bam
    output: rna_output/signals/synovium/mergedAlign/FNF_sorted.bam, rna_output/signals/synovium/mergedAlign/FNF_sorted.bam.bai, rna_output/signals/synovium/mergedAlign/FNF_stats.txt
    log: rna_output/logs/mergedAligned_synovium_FNF.err
    jobid: 66
    wildcards: tissue=synovium, cond=FNF


        module load samtools/1.21
        mkdir -p rna_output/signals/synovium/mergedAlign

        samtools merge rna_output/signals/synovium/mergedAlign/FNF_sorted.bam /work/users/s/e/seyoun/CQTL_AI/rna_output/align/FACT_23-0058_FNF_synovium_1_RG.bam /work/users/s/e/seyoun/CQTL_AI/rna_output/align/FACT_23-0060_FNF_synovium_1_RG.bam /work/users/s/e/seyoun/CQTL_AI/rna_output/align/FACT_23-0062_FNF_synovium_1_RG.bam /work/users/s/e/seyoun/CQTL_AI/rna_output/align/FACT_23-0069_FNF_synovium_1_RG.bam /work/users/s/e/seyoun/CQTL_AI/rna_output/align/FACT_23-0071_FNF_synovium_1_RG.bam >> rna_output/logs/mergedAligned_synovium_FNF.err 2>&1
        samtools flagstat rna_output/signals/synovium/mergedAlign/FNF_sorted.bam > rna_output/signals/synovium/mergedAlign/FNF_stats.txt >> rna_output/logs/mergedAligned_synovium_FNF.err 2>&1
        samtools index rna_output/signals/synovium/mergedAlign/FNF_sorted.bam >> rna_output/logs/mergedAligned_synovium_FNF.err 2>&1
        
Submitted job 66 with external jobid '57012558'.

[Fri Jan 10 11:54:55 2025]
rule signal:
    input: /work/users/s/e/seyoun/CQTL_AI/rna_output/align/CQTL_AM7785_FNF_Ankle_1_RG.bam
    output: rna_output/signals/Ankle/CQTL_AM7785_FNF_Ankle_1.bw, rna_output/signals/Ankle/norm/CQTL_AM7785_FNF_Ankle_1.bw
    log: rna_output/logs/signal_Ankle_CQTL_AM7785_FNF_Ankle_1.err, rna_output/logs/Normsignal_Ankle_CQTL_AM7785_FNF_Ankle_1.err
    jobid: 28
    wildcards: tissue=Ankle, sampleName=CQTL_AM7785_FNF_Ankle_1


        module load deeptools/3.5.4
        mkdir -p rna_output/signals/Ankle
        mkdir -p rna_output/signals/Ankle/norm

        bamCoverage             --bam /work/users/s/e/seyoun/CQTL_AI/rna_output/align/CQTL_AM7785_FNF_Ankle_1_RG.bam             -o rna_output/signals/Ankle/CQTL_AM7785_FNF_Ankle_1.bw             > rna_output/logs/signal_Ankle_CQTL_AM7785_FNF_Ankle_1.err 2>&1

        bamCoverage --normalizeUsing CPM                 --effectiveGenomeSize 2862010428                 --bam /work/users/s/e/seyoun/CQTL_AI/rna_output/align/CQTL_AM7785_FNF_Ankle_1_RG.bam -o rna_output/signals/Ankle/norm/CQTL_AM7785_FNF_Ankle_1.bw > rna_output/logs/Normsignal_Ankle_CQTL_AM7785_FNF_Ankle_1.err 2>&1
        
Submitted job 28 with external jobid '57012559'.

[Fri Jan 10 11:54:56 2025]
rule signal:
    input: /work/users/s/e/seyoun/CQTL_AI/rna_output/align/CQTL_AM7771_FNF_Ankle_1_RG.bam
    output: rna_output/signals/Ankle/CQTL_AM7771_FNF_Ankle_1.bw, rna_output/signals/Ankle/norm/CQTL_AM7771_FNF_Ankle_1.bw
    log: rna_output/logs/signal_Ankle_CQTL_AM7771_FNF_Ankle_1.err, rna_output/logs/Normsignal_Ankle_CQTL_AM7771_FNF_Ankle_1.err
    jobid: 18
    wildcards: tissue=Ankle, sampleName=CQTL_AM7771_FNF_Ankle_1


        module load deeptools/3.5.4
        mkdir -p rna_output/signals/Ankle
        mkdir -p rna_output/signals/Ankle/norm

        bamCoverage             --bam /work/users/s/e/seyoun/CQTL_AI/rna_output/align/CQTL_AM7771_FNF_Ankle_1_RG.bam             -o rna_output/signals/Ankle/CQTL_AM7771_FNF_Ankle_1.bw             > rna_output/logs/signal_Ankle_CQTL_AM7771_FNF_Ankle_1.err 2>&1

        bamCoverage --normalizeUsing CPM                 --effectiveGenomeSize 2862010428                 --bam /work/users/s/e/seyoun/CQTL_AI/rna_output/align/CQTL_AM7771_FNF_Ankle_1_RG.bam -o rna_output/signals/Ankle/norm/CQTL_AM7771_FNF_Ankle_1.bw > rna_output/logs/Normsignal_Ankle_CQTL_AM7771_FNF_Ankle_1.err 2>&1
        
Submitted job 18 with external jobid '57012560'.

[Fri Jan 10 11:54:57 2025]
rule signal:
    input: /work/users/s/e/seyoun/CQTL_AI/rna_output/align/FACT_23-0071_CTL_synovium_1_RG.bam
    output: rna_output/signals/synovium/FACT_23-0071_CTL_synovium_1.bw, rna_output/signals/synovium/norm/FACT_23-0071_CTL_synovium_1.bw
    log: rna_output/logs/signal_synovium_FACT_23-0071_CTL_synovium_1.err, rna_output/logs/Normsignal_synovium_FACT_23-0071_CTL_synovium_1.err
    jobid: 41
    wildcards: tissue=synovium, sampleName=FACT_23-0071_CTL_synovium_1


        module load deeptools/3.5.4
        mkdir -p rna_output/signals/synovium
        mkdir -p rna_output/signals/synovium/norm

        bamCoverage             --bam /work/users/s/e/seyoun/CQTL_AI/rna_output/align/FACT_23-0071_CTL_synovium_1_RG.bam             -o rna_output/signals/synovium/FACT_23-0071_CTL_synovium_1.bw             > rna_output/logs/signal_synovium_FACT_23-0071_CTL_synovium_1.err 2>&1

        bamCoverage --normalizeUsing CPM                 --effectiveGenomeSize 2862010428                 --bam /work/users/s/e/seyoun/CQTL_AI/rna_output/align/FACT_23-0071_CTL_synovium_1_RG.bam -o rna_output/signals/synovium/norm/FACT_23-0071_CTL_synovium_1.bw > rna_output/logs/Normsignal_synovium_FACT_23-0071_CTL_synovium_1.err 2>&1
        
Submitted job 41 with external jobid '57012561'.

[Fri Jan 10 11:54:58 2025]
rule signal:
    input: /work/users/s/e/seyoun/CQTL_AI/rna_output/align/CQTL_AM7754_CTL_Ankle_1_RG.bam
    output: rna_output/signals/Ankle/CQTL_AM7754_CTL_Ankle_1.bw, rna_output/signals/Ankle/norm/CQTL_AM7754_CTL_Ankle_1.bw
    log: rna_output/logs/signal_Ankle_CQTL_AM7754_CTL_Ankle_1.err, rna_output/logs/Normsignal_Ankle_CQTL_AM7754_CTL_Ankle_1.err
    jobid: 7
    wildcards: tissue=Ankle, sampleName=CQTL_AM7754_CTL_Ankle_1


        module load deeptools/3.5.4
        mkdir -p rna_output/signals/Ankle
        mkdir -p rna_output/signals/Ankle/norm

        bamCoverage             --bam /work/users/s/e/seyoun/CQTL_AI/rna_output/align/CQTL_AM7754_CTL_Ankle_1_RG.bam             -o rna_output/signals/Ankle/CQTL_AM7754_CTL_Ankle_1.bw             > rna_output/logs/signal_Ankle_CQTL_AM7754_CTL_Ankle_1.err 2>&1

        bamCoverage --normalizeUsing CPM                 --effectiveGenomeSize 2862010428                 --bam /work/users/s/e/seyoun/CQTL_AI/rna_output/align/CQTL_AM7754_CTL_Ankle_1_RG.bam -o rna_output/signals/Ankle/norm/CQTL_AM7754_CTL_Ankle_1.bw > rna_output/logs/Normsignal_Ankle_CQTL_AM7754_CTL_Ankle_1.err 2>&1
        
Submitted job 7 with external jobid '57012562'.

[Fri Jan 10 11:54:59 2025]
rule signal:
    input: /work/users/s/e/seyoun/CQTL_AI/rna_output/align/CQTL_AM7755_CTL_Ankle_1_RG.bam
    output: rna_output/signals/Ankle/CQTL_AM7755_CTL_Ankle_1.bw, rna_output/signals/Ankle/norm/CQTL_AM7755_CTL_Ankle_1.bw
    log: rna_output/logs/signal_Ankle_CQTL_AM7755_CTL_Ankle_1.err, rna_output/logs/Normsignal_Ankle_CQTL_AM7755_CTL_Ankle_1.err
    jobid: 9
    wildcards: tissue=Ankle, sampleName=CQTL_AM7755_CTL_Ankle_1


        module load deeptools/3.5.4
        mkdir -p rna_output/signals/Ankle
        mkdir -p rna_output/signals/Ankle/norm

        bamCoverage             --bam /work/users/s/e/seyoun/CQTL_AI/rna_output/align/CQTL_AM7755_CTL_Ankle_1_RG.bam             -o rna_output/signals/Ankle/CQTL_AM7755_CTL_Ankle_1.bw             > rna_output/logs/signal_Ankle_CQTL_AM7755_CTL_Ankle_1.err 2>&1

        bamCoverage --normalizeUsing CPM                 --effectiveGenomeSize 2862010428                 --bam /work/users/s/e/seyoun/CQTL_AI/rna_output/align/CQTL_AM7755_CTL_Ankle_1_RG.bam -o rna_output/signals/Ankle/norm/CQTL_AM7755_CTL_Ankle_1.bw > rna_output/logs/Normsignal_Ankle_CQTL_AM7755_CTL_Ankle_1.err 2>&1
        
Submitted job 9 with external jobid '57012563'.

[Fri Jan 10 11:55:00 2025]
rule signal:
    input: /work/users/s/e/seyoun/CQTL_AI/rna_output/align/FACT_23-0069_FNF_synovium_1_RG.bam
    output: rna_output/signals/synovium/FACT_23-0069_FNF_synovium_1.bw, rna_output/signals/synovium/norm/FACT_23-0069_FNF_synovium_1.bw
    log: rna_output/logs/signal_synovium_FACT_23-0069_FNF_synovium_1.err, rna_output/logs/Normsignal_synovium_FACT_23-0069_FNF_synovium_1.err
    jobid: 40
    wildcards: tissue=synovium, sampleName=FACT_23-0069_FNF_synovium_1


        module load deeptools/3.5.4
        mkdir -p rna_output/signals/synovium
        mkdir -p rna_output/signals/synovium/norm

        bamCoverage             --bam /work/users/s/e/seyoun/CQTL_AI/rna_output/align/FACT_23-0069_FNF_synovium_1_RG.bam             -o rna_output/signals/synovium/FACT_23-0069_FNF_synovium_1.bw             > rna_output/logs/signal_synovium_FACT_23-0069_FNF_synovium_1.err 2>&1

        bamCoverage --normalizeUsing CPM                 --effectiveGenomeSize 2862010428                 --bam /work/users/s/e/seyoun/CQTL_AI/rna_output/align/FACT_23-0069_FNF_synovium_1_RG.bam -o rna_output/signals/synovium/norm/FACT_23-0069_FNF_synovium_1.bw > rna_output/logs/Normsignal_synovium_FACT_23-0069_FNF_synovium_1.err 2>&1
        
Submitted job 40 with external jobid '57012564'.

[Fri Jan 10 11:55:02 2025]
rule signal:
    input: /work/users/s/e/seyoun/CQTL_AI/rna_output/align/CQTL_AM7763_CTL_Ankle_1_RG.bam
    output: rna_output/signals/Ankle/CQTL_AM7763_CTL_Ankle_1.bw, rna_output/signals/Ankle/norm/CQTL_AM7763_CTL_Ankle_1.bw
    log: rna_output/logs/signal_Ankle_CQTL_AM7763_CTL_Ankle_1.err, rna_output/logs/Normsignal_Ankle_CQTL_AM7763_CTL_Ankle_1.err
    jobid: 11
    wildcards: tissue=Ankle, sampleName=CQTL_AM7763_CTL_Ankle_1


        module load deeptools/3.5.4
        mkdir -p rna_output/signals/Ankle
        mkdir -p rna_output/signals/Ankle/norm

        bamCoverage             --bam /work/users/s/e/seyoun/CQTL_AI/rna_output/align/CQTL_AM7763_CTL_Ankle_1_RG.bam             -o rna_output/signals/Ankle/CQTL_AM7763_CTL_Ankle_1.bw             > rna_output/logs/signal_Ankle_CQTL_AM7763_CTL_Ankle_1.err 2>&1

        bamCoverage --normalizeUsing CPM                 --effectiveGenomeSize 2862010428                 --bam /work/users/s/e/seyoun/CQTL_AI/rna_output/align/CQTL_AM7763_CTL_Ankle_1_RG.bam -o rna_output/signals/Ankle/norm/CQTL_AM7763_CTL_Ankle_1.bw > rna_output/logs/Normsignal_Ankle_CQTL_AM7763_CTL_Ankle_1.err 2>&1
        
Submitted job 11 with external jobid '57012565'.

[Fri Jan 10 11:55:03 2025]
rule signal:
    input: /work/users/s/e/seyoun/CQTL_AI/rna_output/align/CQTL_AM7775_CTL_Ankle_1_RG.bam
    output: rna_output/signals/Ankle/CQTL_AM7775_CTL_Ankle_1.bw, rna_output/signals/Ankle/norm/CQTL_AM7775_CTL_Ankle_1.bw
    log: rna_output/logs/signal_Ankle_CQTL_AM7775_CTL_Ankle_1.err, rna_output/logs/Normsignal_Ankle_CQTL_AM7775_CTL_Ankle_1.err
    jobid: 19
    wildcards: tissue=Ankle, sampleName=CQTL_AM7775_CTL_Ankle_1


        module load deeptools/3.5.4
        mkdir -p rna_output/signals/Ankle
        mkdir -p rna_output/signals/Ankle/norm

        bamCoverage             --bam /work/users/s/e/seyoun/CQTL_AI/rna_output/align/CQTL_AM7775_CTL_Ankle_1_RG.bam             -o rna_output/signals/Ankle/CQTL_AM7775_CTL_Ankle_1.bw             > rna_output/logs/signal_Ankle_CQTL_AM7775_CTL_Ankle_1.err 2>&1

        bamCoverage --normalizeUsing CPM                 --effectiveGenomeSize 2862010428                 --bam /work/users/s/e/seyoun/CQTL_AI/rna_output/align/CQTL_AM7775_CTL_Ankle_1_RG.bam -o rna_output/signals/Ankle/norm/CQTL_AM7775_CTL_Ankle_1.bw > rna_output/logs/Normsignal_Ankle_CQTL_AM7775_CTL_Ankle_1.err 2>&1
        
Submitted job 19 with external jobid '57012566'.

[Fri Jan 10 11:55:04 2025]
rule signal:
    input: /work/users/s/e/seyoun/CQTL_AI/rna_output/align/CQTL_AM7780_FNF_Ankle_1_RG.bam
    output: rna_output/signals/Ankle/CQTL_AM7780_FNF_Ankle_1.bw, rna_output/signals/Ankle/norm/CQTL_AM7780_FNF_Ankle_1.bw
    log: rna_output/logs/signal_Ankle_CQTL_AM7780_FNF_Ankle_1.err, rna_output/logs/Normsignal_Ankle_CQTL_AM7780_FNF_Ankle_1.err
    jobid: 24
    wildcards: tissue=Ankle, sampleName=CQTL_AM7780_FNF_Ankle_1


        module load deeptools/3.5.4
        mkdir -p rna_output/signals/Ankle
        mkdir -p rna_output/signals/Ankle/norm

        bamCoverage             --bam /work/users/s/e/seyoun/CQTL_AI/rna_output/align/CQTL_AM7780_FNF_Ankle_1_RG.bam             -o rna_output/signals/Ankle/CQTL_AM7780_FNF_Ankle_1.bw             > rna_output/logs/signal_Ankle_CQTL_AM7780_FNF_Ankle_1.err 2>&1

        bamCoverage --normalizeUsing CPM                 --effectiveGenomeSize 2862010428                 --bam /work/users/s/e/seyoun/CQTL_AI/rna_output/align/CQTL_AM7780_FNF_Ankle_1_RG.bam -o rna_output/signals/Ankle/norm/CQTL_AM7780_FNF_Ankle_1.bw > rna_output/logs/Normsignal_Ankle_CQTL_AM7780_FNF_Ankle_1.err 2>&1
        
Submitted job 24 with external jobid '57012567'.

[Fri Jan 10 11:55:05 2025]
rule mergeAlign:
    input: /work/users/s/e/seyoun/CQTL_AI/rna_output/align/CQTL_AM7711_CTL_Ankle_1_RG.bam, /work/users/s/e/seyoun/CQTL_AI/rna_output/align/CQTL_AM7717_CTL_Ankle_1_RG.bam, /work/users/s/e/seyoun/CQTL_AI/rna_output/align/CQTL_AM7735_CTL_Ankle_1_RG.bam, /work/users/s/e/seyoun/CQTL_AI/rna_output/align/CQTL_AM7754_CTL_Ankle_1_RG.bam, /work/users/s/e/seyoun/CQTL_AI/rna_output/align/CQTL_AM7755_CTL_Ankle_1_RG.bam, /work/users/s/e/seyoun/CQTL_AI/rna_output/align/CQTL_AM7763_CTL_Ankle_1_RG.bam, /work/users/s/e/seyoun/CQTL_AI/rna_output/align/CQTL_AM7765_CTL_Ankle_1_RG.bam, /work/users/s/e/seyoun/CQTL_AI/rna_output/align/CQTL_AM7769_CTL_Ankle_1_RG.bam, /work/users/s/e/seyoun/CQTL_AI/rna_output/align/CQTL_AM7771_CTL_Ankle_1_RG.bam, /work/users/s/e/seyoun/CQTL_AI/rna_output/align/CQTL_AM7775_CTL_Ankle_1_RG.bam, /work/users/s/e/seyoun/CQTL_AI/rna_output/align/CQTL_AM7778_CTL_Ankle_1_RG.bam, /work/users/s/e/seyoun/CQTL_AI/rna_output/align/CQTL_AM7780_CTL_Ankle_1_RG.bam, /work/users/s/e/seyoun/CQTL_AI/rna_output/align/CQTL_AM7781_CTL_Ankle_1_RG.bam, /work/users/s/e/seyoun/CQTL_AI/rna_output/align/CQTL_AM7785_CTL_Ankle_1_RG.bam, /work/users/s/e/seyoun/CQTL_AI/rna_output/align/CQTL_AM7786_CTL_Ankle_1_RG.bam
    output: rna_output/signals/Ankle/mergedAlign/CTL_sorted.bam, rna_output/signals/Ankle/mergedAlign/CTL_sorted.bam.bai, rna_output/signals/Ankle/mergedAlign/CTL_stats.txt
    log: rna_output/logs/mergedAligned_Ankle_CTL.err
    jobid: 61
    wildcards: tissue=Ankle, cond=CTL


        module load samtools/1.21
        mkdir -p rna_output/signals/Ankle/mergedAlign

        samtools merge rna_output/signals/Ankle/mergedAlign/CTL_sorted.bam /work/users/s/e/seyoun/CQTL_AI/rna_output/align/CQTL_AM7711_CTL_Ankle_1_RG.bam /work/users/s/e/seyoun/CQTL_AI/rna_output/align/CQTL_AM7717_CTL_Ankle_1_RG.bam /work/users/s/e/seyoun/CQTL_AI/rna_output/align/CQTL_AM7735_CTL_Ankle_1_RG.bam /work/users/s/e/seyoun/CQTL_AI/rna_output/align/CQTL_AM7754_CTL_Ankle_1_RG.bam /work/users/s/e/seyoun/CQTL_AI/rna_output/align/CQTL_AM7755_CTL_Ankle_1_RG.bam /work/users/s/e/seyoun/CQTL_AI/rna_output/align/CQTL_AM7763_CTL_Ankle_1_RG.bam /work/users/s/e/seyoun/CQTL_AI/rna_output/align/CQTL_AM7765_CTL_Ankle_1_RG.bam /work/users/s/e/seyoun/CQTL_AI/rna_output/align/CQTL_AM7769_CTL_Ankle_1_RG.bam /work/users/s/e/seyoun/CQTL_AI/rna_output/align/CQTL_AM7771_CTL_Ankle_1_RG.bam /work/users/s/e/seyoun/CQTL_AI/rna_output/align/CQTL_AM7775_CTL_Ankle_1_RG.bam /work/users/s/e/seyoun/CQTL_AI/rna_output/align/CQTL_AM7778_CTL_Ankle_1_RG.bam /work/users/s/e/seyoun/CQTL_AI/rna_output/align/CQTL_AM7780_CTL_Ankle_1_RG.bam /work/users/s/e/seyoun/CQTL_AI/rna_output/align/CQTL_AM7781_CTL_Ankle_1_RG.bam /work/users/s/e/seyoun/CQTL_AI/rna_output/align/CQTL_AM7785_CTL_Ankle_1_RG.bam /work/users/s/e/seyoun/CQTL_AI/rna_output/align/CQTL_AM7786_CTL_Ankle_1_RG.bam >> rna_output/logs/mergedAligned_Ankle_CTL.err 2>&1
        samtools flagstat rna_output/signals/Ankle/mergedAlign/CTL_sorted.bam > rna_output/signals/Ankle/mergedAlign/CTL_stats.txt >> rna_output/logs/mergedAligned_Ankle_CTL.err 2>&1
        samtools index rna_output/signals/Ankle/mergedAlign/CTL_sorted.bam >> rna_output/logs/mergedAligned_Ankle_CTL.err 2>&1
        
Submitted job 61 with external jobid '57012568'.

[Fri Jan 10 11:55:06 2025]
rule signal:
    input: /work/users/s/e/seyoun/CQTL_AI/rna_output/align/CQTL_AM7735_CTL_Ankle_1_RG.bam
    output: rna_output/signals/Ankle/CQTL_AM7735_CTL_Ankle_1.bw, rna_output/signals/Ankle/norm/CQTL_AM7735_CTL_Ankle_1.bw
    log: rna_output/logs/signal_Ankle_CQTL_AM7735_CTL_Ankle_1.err, rna_output/logs/Normsignal_Ankle_CQTL_AM7735_CTL_Ankle_1.err
    jobid: 5
    wildcards: tissue=Ankle, sampleName=CQTL_AM7735_CTL_Ankle_1


        module load deeptools/3.5.4
        mkdir -p rna_output/signals/Ankle
        mkdir -p rna_output/signals/Ankle/norm

        bamCoverage             --bam /work/users/s/e/seyoun/CQTL_AI/rna_output/align/CQTL_AM7735_CTL_Ankle_1_RG.bam             -o rna_output/signals/Ankle/CQTL_AM7735_CTL_Ankle_1.bw             > rna_output/logs/signal_Ankle_CQTL_AM7735_CTL_Ankle_1.err 2>&1

        bamCoverage --normalizeUsing CPM                 --effectiveGenomeSize 2862010428                 --bam /work/users/s/e/seyoun/CQTL_AI/rna_output/align/CQTL_AM7735_CTL_Ankle_1_RG.bam -o rna_output/signals/Ankle/norm/CQTL_AM7735_CTL_Ankle_1.bw > rna_output/logs/Normsignal_Ankle_CQTL_AM7735_CTL_Ankle_1.err 2>&1
        
Submitted job 5 with external jobid '57012569'.

[Fri Jan 10 11:55:07 2025]
rule signal:
    input: /work/users/s/e/seyoun/CQTL_AI/rna_output/align/CQTL_AM7780_CTL_Ankle_1_RG.bam
    output: rna_output/signals/Ankle/CQTL_AM7780_CTL_Ankle_1.bw, rna_output/signals/Ankle/norm/CQTL_AM7780_CTL_Ankle_1.bw
    log: rna_output/logs/signal_Ankle_CQTL_AM7780_CTL_Ankle_1.err, rna_output/logs/Normsignal_Ankle_CQTL_AM7780_CTL_Ankle_1.err
    jobid: 23
    wildcards: tissue=Ankle, sampleName=CQTL_AM7780_CTL_Ankle_1


        module load deeptools/3.5.4
        mkdir -p rna_output/signals/Ankle
        mkdir -p rna_output/signals/Ankle/norm

        bamCoverage             --bam /work/users/s/e/seyoun/CQTL_AI/rna_output/align/CQTL_AM7780_CTL_Ankle_1_RG.bam             -o rna_output/signals/Ankle/CQTL_AM7780_CTL_Ankle_1.bw             > rna_output/logs/signal_Ankle_CQTL_AM7780_CTL_Ankle_1.err 2>&1

        bamCoverage --normalizeUsing CPM                 --effectiveGenomeSize 2862010428                 --bam /work/users/s/e/seyoun/CQTL_AI/rna_output/align/CQTL_AM7780_CTL_Ankle_1_RG.bam -o rna_output/signals/Ankle/norm/CQTL_AM7780_CTL_Ankle_1.bw > rna_output/logs/Normsignal_Ankle_CQTL_AM7780_CTL_Ankle_1.err 2>&1
        
Submitted job 23 with external jobid '57012570'.

[Fri Jan 10 11:55:08 2025]
rule signal:
    input: /work/users/s/e/seyoun/CQTL_AI/rna_output/align/CQTL_AM7778FE_FNF_Femur_1_RG.bam
    output: rna_output/signals/Femur/CQTL_AM7778FE_CTL_Femur_1.bw, rna_output/signals/Femur/norm/CQTL_AM7778FE_CTL_Femur_1.bw
    log: rna_output/logs/signal_Femur_CQTL_AM7778FE_CTL_Femur_1.err, rna_output/logs/Normsignal_Femur_CQTL_AM7778FE_CTL_Femur_1.err
    jobid: 31
    wildcards: tissue=Femur, sampleName=CQTL_AM7778FE_CTL_Femur_1


        module load deeptools/3.5.4
        mkdir -p rna_output/signals/Femur
        mkdir -p rna_output/signals/Femur/norm

        bamCoverage             --bam /work/users/s/e/seyoun/CQTL_AI/rna_output/align/CQTL_AM7778FE_FNF_Femur_1_RG.bam             -o rna_output/signals/Femur/CQTL_AM7778FE_CTL_Femur_1.bw             > rna_output/logs/signal_Femur_CQTL_AM7778FE_CTL_Femur_1.err 2>&1

        bamCoverage --normalizeUsing CPM                 --effectiveGenomeSize 2862010428                 --bam /work/users/s/e/seyoun/CQTL_AI/rna_output/align/CQTL_AM7778FE_FNF_Femur_1_RG.bam -o rna_output/signals/Femur/norm/CQTL_AM7778FE_CTL_Femur_1.bw > rna_output/logs/Normsignal_Femur_CQTL_AM7778FE_CTL_Femur_1.err 2>&1
        
Submitted job 31 with external jobid '57012574'.

[Fri Jan 10 11:55:09 2025]
rule signal:
    input: /work/users/s/e/seyoun/CQTL_AI/rna_output/align/CQTL_AM7778FE_CTL_Femur_1_RG.bam
    output: rna_output/signals/Ankle/CQTL_AM7778_FNF_Ankle_1.bw, rna_output/signals/Ankle/norm/CQTL_AM7778_FNF_Ankle_1.bw
    log: rna_output/logs/signal_Ankle_CQTL_AM7778_FNF_Ankle_1.err, rna_output/logs/Normsignal_Ankle_CQTL_AM7778_FNF_Ankle_1.err
    jobid: 22
    wildcards: tissue=Ankle, sampleName=CQTL_AM7778_FNF_Ankle_1


        module load deeptools/3.5.4
        mkdir -p rna_output/signals/Ankle
        mkdir -p rna_output/signals/Ankle/norm

        bamCoverage             --bam /work/users/s/e/seyoun/CQTL_AI/rna_output/align/CQTL_AM7778FE_CTL_Femur_1_RG.bam             -o rna_output/signals/Ankle/CQTL_AM7778_FNF_Ankle_1.bw             > rna_output/logs/signal_Ankle_CQTL_AM7778_FNF_Ankle_1.err 2>&1

        bamCoverage --normalizeUsing CPM                 --effectiveGenomeSize 2862010428                 --bam /work/users/s/e/seyoun/CQTL_AI/rna_output/align/CQTL_AM7778FE_CTL_Femur_1_RG.bam -o rna_output/signals/Ankle/norm/CQTL_AM7778_FNF_Ankle_1.bw > rna_output/logs/Normsignal_Ankle_CQTL_AM7778_FNF_Ankle_1.err 2>&1
        
Submitted job 22 with external jobid '57012575'.

[Fri Jan 10 11:55:10 2025]
rule signal:
    input: /work/users/s/e/seyoun/CQTL_AI/rna_output/align/FACT_23-0069_CTL_synovium_1_RG.bam
    output: rna_output/signals/synovium/FACT_23-0069_CTL_synovium_1.bw, rna_output/signals/synovium/norm/FACT_23-0069_CTL_synovium_1.bw
    log: rna_output/logs/signal_synovium_FACT_23-0069_CTL_synovium_1.err, rna_output/logs/Normsignal_synovium_FACT_23-0069_CTL_synovium_1.err
    jobid: 39
    wildcards: tissue=synovium, sampleName=FACT_23-0069_CTL_synovium_1


        module load deeptools/3.5.4
        mkdir -p rna_output/signals/synovium
        mkdir -p rna_output/signals/synovium/norm

        bamCoverage             --bam /work/users/s/e/seyoun/CQTL_AI/rna_output/align/FACT_23-0069_CTL_synovium_1_RG.bam             -o rna_output/signals/synovium/FACT_23-0069_CTL_synovium_1.bw             > rna_output/logs/signal_synovium_FACT_23-0069_CTL_synovium_1.err 2>&1

        bamCoverage --normalizeUsing CPM                 --effectiveGenomeSize 2862010428                 --bam /work/users/s/e/seyoun/CQTL_AI/rna_output/align/FACT_23-0069_CTL_synovium_1_RG.bam -o rna_output/signals/synovium/norm/FACT_23-0069_CTL_synovium_1.bw > rna_output/logs/Normsignal_synovium_FACT_23-0069_CTL_synovium_1.err 2>&1
        
Submitted job 39 with external jobid '57012576'.

[Fri Jan 10 11:55:11 2025]
rule signal:
    input: /work/users/s/e/seyoun/CQTL_AI/rna_output/align/FACT_23-0062_CTL_synovium_1_RG.bam
    output: rna_output/signals/synovium/FACT_23-0062_CTL_synovium_1.bw, rna_output/signals/synovium/norm/FACT_23-0062_CTL_synovium_1.bw
    log: rna_output/logs/signal_synovium_FACT_23-0062_CTL_synovium_1.err, rna_output/logs/Normsignal_synovium_FACT_23-0062_CTL_synovium_1.err
    jobid: 37
    wildcards: tissue=synovium, sampleName=FACT_23-0062_CTL_synovium_1


        module load deeptools/3.5.4
        mkdir -p rna_output/signals/synovium
        mkdir -p rna_output/signals/synovium/norm

        bamCoverage             --bam /work/users/s/e/seyoun/CQTL_AI/rna_output/align/FACT_23-0062_CTL_synovium_1_RG.bam             -o rna_output/signals/synovium/FACT_23-0062_CTL_synovium_1.bw             > rna_output/logs/signal_synovium_FACT_23-0062_CTL_synovium_1.err 2>&1

        bamCoverage --normalizeUsing CPM                 --effectiveGenomeSize 2862010428                 --bam /work/users/s/e/seyoun/CQTL_AI/rna_output/align/FACT_23-0062_CTL_synovium_1_RG.bam -o rna_output/signals/synovium/norm/FACT_23-0062_CTL_synovium_1.bw > rna_output/logs/Normsignal_synovium_FACT_23-0062_CTL_synovium_1.err 2>&1
        
Submitted job 37 with external jobid '57012577'.

[Fri Jan 10 11:55:13 2025]
rule signal:
    input: /work/users/s/e/seyoun/CQTL_AI/rna_output/align/CQTL_AM7771_CTL_Ankle_1_RG.bam
    output: rna_output/signals/Ankle/CQTL_AM7771_CTL_Ankle_1.bw, rna_output/signals/Ankle/norm/CQTL_AM7771_CTL_Ankle_1.bw
    log: rna_output/logs/signal_Ankle_CQTL_AM7771_CTL_Ankle_1.err, rna_output/logs/Normsignal_Ankle_CQTL_AM7771_CTL_Ankle_1.err
    jobid: 17
    wildcards: tissue=Ankle, sampleName=CQTL_AM7771_CTL_Ankle_1


        module load deeptools/3.5.4
        mkdir -p rna_output/signals/Ankle
        mkdir -p rna_output/signals/Ankle/norm

        bamCoverage             --bam /work/users/s/e/seyoun/CQTL_AI/rna_output/align/CQTL_AM7771_CTL_Ankle_1_RG.bam             -o rna_output/signals/Ankle/CQTL_AM7771_CTL_Ankle_1.bw             > rna_output/logs/signal_Ankle_CQTL_AM7771_CTL_Ankle_1.err 2>&1

        bamCoverage --normalizeUsing CPM                 --effectiveGenomeSize 2862010428                 --bam /work/users/s/e/seyoun/CQTL_AI/rna_output/align/CQTL_AM7771_CTL_Ankle_1_RG.bam -o rna_output/signals/Ankle/norm/CQTL_AM7771_CTL_Ankle_1.bw > rna_output/logs/Normsignal_Ankle_CQTL_AM7771_CTL_Ankle_1.err 2>&1
        
Submitted job 17 with external jobid '57012578'.

[Fri Jan 10 11:55:14 2025]
rule signal:
    input: /work/users/s/e/seyoun/CQTL_AI/rna_output/align/CQTL_AM7785_CTL_Ankle_1_RG.bam
    output: rna_output/signals/Ankle/CQTL_AM7785_CTL_Ankle_1.bw, rna_output/signals/Ankle/norm/CQTL_AM7785_CTL_Ankle_1.bw
    log: rna_output/logs/signal_Ankle_CQTL_AM7785_CTL_Ankle_1.err, rna_output/logs/Normsignal_Ankle_CQTL_AM7785_CTL_Ankle_1.err
    jobid: 27
    wildcards: tissue=Ankle, sampleName=CQTL_AM7785_CTL_Ankle_1


        module load deeptools/3.5.4
        mkdir -p rna_output/signals/Ankle
        mkdir -p rna_output/signals/Ankle/norm

        bamCoverage             --bam /work/users/s/e/seyoun/CQTL_AI/rna_output/align/CQTL_AM7785_CTL_Ankle_1_RG.bam             -o rna_output/signals/Ankle/CQTL_AM7785_CTL_Ankle_1.bw             > rna_output/logs/signal_Ankle_CQTL_AM7785_CTL_Ankle_1.err 2>&1

        bamCoverage --normalizeUsing CPM                 --effectiveGenomeSize 2862010428                 --bam /work/users/s/e/seyoun/CQTL_AI/rna_output/align/CQTL_AM7785_CTL_Ankle_1_RG.bam -o rna_output/signals/Ankle/norm/CQTL_AM7785_CTL_Ankle_1.bw > rna_output/logs/Normsignal_Ankle_CQTL_AM7785_CTL_Ankle_1.err 2>&1
        
Submitted job 27 with external jobid '57012579'.

[Fri Jan 10 11:55:15 2025]
rule signal:
    input: /work/users/s/e/seyoun/CQTL_AI/rna_output/align/FACT_23-0058_CTL_synovium_1_RG.bam
    output: rna_output/signals/synovium/FACT_23-0058_CTL_synovium_1.bw, rna_output/signals/synovium/norm/FACT_23-0058_CTL_synovium_1.bw
    log: rna_output/logs/signal_synovium_FACT_23-0058_CTL_synovium_1.err, rna_output/logs/Normsignal_synovium_FACT_23-0058_CTL_synovium_1.err
    jobid: 33
    wildcards: tissue=synovium, sampleName=FACT_23-0058_CTL_synovium_1


        module load deeptools/3.5.4
        mkdir -p rna_output/signals/synovium
        mkdir -p rna_output/signals/synovium/norm

        bamCoverage             --bam /work/users/s/e/seyoun/CQTL_AI/rna_output/align/FACT_23-0058_CTL_synovium_1_RG.bam             -o rna_output/signals/synovium/FACT_23-0058_CTL_synovium_1.bw             > rna_output/logs/signal_synovium_FACT_23-0058_CTL_synovium_1.err 2>&1

        bamCoverage --normalizeUsing CPM                 --effectiveGenomeSize 2862010428                 --bam /work/users/s/e/seyoun/CQTL_AI/rna_output/align/FACT_23-0058_CTL_synovium_1_RG.bam -o rna_output/signals/synovium/norm/FACT_23-0058_CTL_synovium_1.bw > rna_output/logs/Normsignal_synovium_FACT_23-0058_CTL_synovium_1.err 2>&1
        
Submitted job 33 with external jobid '57012580'.

[Fri Jan 10 11:55:16 2025]
rule signal:
    input: /work/users/s/e/seyoun/CQTL_AI/rna_output/align/FACT_23-0060_CTL_synovium_1_RG.bam
    output: rna_output/signals/synovium/FACT_23-0060_CTL_synovium_1.bw, rna_output/signals/synovium/norm/FACT_23-0060_CTL_synovium_1.bw
    log: rna_output/logs/signal_synovium_FACT_23-0060_CTL_synovium_1.err, rna_output/logs/Normsignal_synovium_FACT_23-0060_CTL_synovium_1.err
    jobid: 35
    wildcards: tissue=synovium, sampleName=FACT_23-0060_CTL_synovium_1


        module load deeptools/3.5.4
        mkdir -p rna_output/signals/synovium
        mkdir -p rna_output/signals/synovium/norm

        bamCoverage             --bam /work/users/s/e/seyoun/CQTL_AI/rna_output/align/FACT_23-0060_CTL_synovium_1_RG.bam             -o rna_output/signals/synovium/FACT_23-0060_CTL_synovium_1.bw             > rna_output/logs/signal_synovium_FACT_23-0060_CTL_synovium_1.err 2>&1

        bamCoverage --normalizeUsing CPM                 --effectiveGenomeSize 2862010428                 --bam /work/users/s/e/seyoun/CQTL_AI/rna_output/align/FACT_23-0060_CTL_synovium_1_RG.bam -o rna_output/signals/synovium/norm/FACT_23-0060_CTL_synovium_1.bw > rna_output/logs/Normsignal_synovium_FACT_23-0060_CTL_synovium_1.err 2>&1
        
Submitted job 35 with external jobid '57012581'.

[Fri Jan 10 11:55:17 2025]
rule mergeAlign:
    input: /work/users/s/e/seyoun/CQTL_AI/rna_output/align/CQTL_AM7778FE_FNF_Femur_1_RG.bam
    output: rna_output/signals/Femur/mergedAlign/CTL_sorted.bam, rna_output/signals/Femur/mergedAlign/CTL_sorted.bam.bai, rna_output/signals/Femur/mergedAlign/CTL_stats.txt
    log: rna_output/logs/mergedAligned_Femur_CTL.err
    jobid: 63
    wildcards: tissue=Femur, cond=CTL


        module load samtools/1.21
        mkdir -p rna_output/signals/Femur/mergedAlign

        samtools merge rna_output/signals/Femur/mergedAlign/CTL_sorted.bam /work/users/s/e/seyoun/CQTL_AI/rna_output/align/CQTL_AM7778FE_FNF_Femur_1_RG.bam >> rna_output/logs/mergedAligned_Femur_CTL.err 2>&1
        samtools flagstat rna_output/signals/Femur/mergedAlign/CTL_sorted.bam > rna_output/signals/Femur/mergedAlign/CTL_stats.txt >> rna_output/logs/mergedAligned_Femur_CTL.err 2>&1
        samtools index rna_output/signals/Femur/mergedAlign/CTL_sorted.bam >> rna_output/logs/mergedAligned_Femur_CTL.err 2>&1
        
Submitted job 63 with external jobid '57012583'.

[Fri Jan 10 11:55:19 2025]
rule signal:
    input: /work/users/s/e/seyoun/CQTL_AI/rna_output/align/CQTL_AM7717_FNF_Ankle_1_RG.bam
    output: rna_output/signals/Ankle/CQTL_AM7717_FNF_Ankle_1.bw, rna_output/signals/Ankle/norm/CQTL_AM7717_FNF_Ankle_1.bw
    log: rna_output/logs/signal_Ankle_CQTL_AM7717_FNF_Ankle_1.err, rna_output/logs/Normsignal_Ankle_CQTL_AM7717_FNF_Ankle_1.err
    jobid: 4
    wildcards: tissue=Ankle, sampleName=CQTL_AM7717_FNF_Ankle_1


        module load deeptools/3.5.4
        mkdir -p rna_output/signals/Ankle
        mkdir -p rna_output/signals/Ankle/norm

        bamCoverage             --bam /work/users/s/e/seyoun/CQTL_AI/rna_output/align/CQTL_AM7717_FNF_Ankle_1_RG.bam             -o rna_output/signals/Ankle/CQTL_AM7717_FNF_Ankle_1.bw             > rna_output/logs/signal_Ankle_CQTL_AM7717_FNF_Ankle_1.err 2>&1

        bamCoverage --normalizeUsing CPM                 --effectiveGenomeSize 2862010428                 --bam /work/users/s/e/seyoun/CQTL_AI/rna_output/align/CQTL_AM7717_FNF_Ankle_1_RG.bam -o rna_output/signals/Ankle/norm/CQTL_AM7717_FNF_Ankle_1.bw > rna_output/logs/Normsignal_Ankle_CQTL_AM7717_FNF_Ankle_1.err 2>&1
        
Submitted job 4 with external jobid '57012584'.

[Fri Jan 10 11:55:21 2025]
rule signal:
    input: /work/users/s/e/seyoun/CQTL_AI/rna_output/align/CQTL_AM7781_CTL_Ankle_1_RG.bam
    output: rna_output/signals/Ankle/CQTL_AM7781_CTL_Ankle_1.bw, rna_output/signals/Ankle/norm/CQTL_AM7781_CTL_Ankle_1.bw
    log: rna_output/logs/signal_Ankle_CQTL_AM7781_CTL_Ankle_1.err, rna_output/logs/Normsignal_Ankle_CQTL_AM7781_CTL_Ankle_1.err
    jobid: 25
    wildcards: tissue=Ankle, sampleName=CQTL_AM7781_CTL_Ankle_1


        module load deeptools/3.5.4
        mkdir -p rna_output/signals/Ankle
        mkdir -p rna_output/signals/Ankle/norm

        bamCoverage             --bam /work/users/s/e/seyoun/CQTL_AI/rna_output/align/CQTL_AM7781_CTL_Ankle_1_RG.bam             -o rna_output/signals/Ankle/CQTL_AM7781_CTL_Ankle_1.bw             > rna_output/logs/signal_Ankle_CQTL_AM7781_CTL_Ankle_1.err 2>&1

        bamCoverage --normalizeUsing CPM                 --effectiveGenomeSize 2862010428                 --bam /work/users/s/e/seyoun/CQTL_AI/rna_output/align/CQTL_AM7781_CTL_Ankle_1_RG.bam -o rna_output/signals/Ankle/norm/CQTL_AM7781_CTL_Ankle_1.bw > rna_output/logs/Normsignal_Ankle_CQTL_AM7781_CTL_Ankle_1.err 2>&1
        
Submitted job 25 with external jobid '57012585'.

[Fri Jan 10 11:55:22 2025]
rule signal:
    input: /work/users/s/e/seyoun/CQTL_AI/rna_output/align/CQTL_AM7735_FNF_Ankle_1_RG.bam
    output: rna_output/signals/Ankle/CQTL_AM7735_FNF_Ankle_1.bw, rna_output/signals/Ankle/norm/CQTL_AM7735_FNF_Ankle_1.bw
    log: rna_output/logs/signal_Ankle_CQTL_AM7735_FNF_Ankle_1.err, rna_output/logs/Normsignal_Ankle_CQTL_AM7735_FNF_Ankle_1.err
    jobid: 6
    wildcards: tissue=Ankle, sampleName=CQTL_AM7735_FNF_Ankle_1


        module load deeptools/3.5.4
        mkdir -p rna_output/signals/Ankle
        mkdir -p rna_output/signals/Ankle/norm

        bamCoverage             --bam /work/users/s/e/seyoun/CQTL_AI/rna_output/align/CQTL_AM7735_FNF_Ankle_1_RG.bam             -o rna_output/signals/Ankle/CQTL_AM7735_FNF_Ankle_1.bw             > rna_output/logs/signal_Ankle_CQTL_AM7735_FNF_Ankle_1.err 2>&1

        bamCoverage --normalizeUsing CPM                 --effectiveGenomeSize 2862010428                 --bam /work/users/s/e/seyoun/CQTL_AI/rna_output/align/CQTL_AM7735_FNF_Ankle_1_RG.bam -o rna_output/signals/Ankle/norm/CQTL_AM7735_FNF_Ankle_1.bw > rna_output/logs/Normsignal_Ankle_CQTL_AM7735_FNF_Ankle_1.err 2>&1
        
Submitted job 6 with external jobid '57012586'.

[Fri Jan 10 11:55:23 2025]
rule signal:
    input: /work/users/s/e/seyoun/CQTL_AI/rna_output/align/CQTL_AM7755_FNF_Ankle_1_RG.bam
    output: rna_output/signals/Ankle/CQTL_AM7755_FNF_Ankle_1.bw, rna_output/signals/Ankle/norm/CQTL_AM7755_FNF_Ankle_1.bw
    log: rna_output/logs/signal_Ankle_CQTL_AM7755_FNF_Ankle_1.err, rna_output/logs/Normsignal_Ankle_CQTL_AM7755_FNF_Ankle_1.err
    jobid: 10
    wildcards: tissue=Ankle, sampleName=CQTL_AM7755_FNF_Ankle_1


        module load deeptools/3.5.4
        mkdir -p rna_output/signals/Ankle
        mkdir -p rna_output/signals/Ankle/norm

        bamCoverage             --bam /work/users/s/e/seyoun/CQTL_AI/rna_output/align/CQTL_AM7755_FNF_Ankle_1_RG.bam             -o rna_output/signals/Ankle/CQTL_AM7755_FNF_Ankle_1.bw             > rna_output/logs/signal_Ankle_CQTL_AM7755_FNF_Ankle_1.err 2>&1

        bamCoverage --normalizeUsing CPM                 --effectiveGenomeSize 2862010428                 --bam /work/users/s/e/seyoun/CQTL_AI/rna_output/align/CQTL_AM7755_FNF_Ankle_1_RG.bam -o rna_output/signals/Ankle/norm/CQTL_AM7755_FNF_Ankle_1.bw > rna_output/logs/Normsignal_Ankle_CQTL_AM7755_FNF_Ankle_1.err 2>&1
        
Submitted job 10 with external jobid '57012587'.

[Fri Jan 10 11:55:24 2025]
rule signal:
    input: /work/users/s/e/seyoun/CQTL_AI/rna_output/align/FACT_23-0060_FNF_synovium_1_RG.bam
    output: rna_output/signals/synovium/FACT_23-0060_FNF_synovium_1.bw, rna_output/signals/synovium/norm/FACT_23-0060_FNF_synovium_1.bw
    log: rna_output/logs/signal_synovium_FACT_23-0060_FNF_synovium_1.err, rna_output/logs/Normsignal_synovium_FACT_23-0060_FNF_synovium_1.err
    jobid: 36
    wildcards: tissue=synovium, sampleName=FACT_23-0060_FNF_synovium_1


        module load deeptools/3.5.4
        mkdir -p rna_output/signals/synovium
        mkdir -p rna_output/signals/synovium/norm

        bamCoverage             --bam /work/users/s/e/seyoun/CQTL_AI/rna_output/align/FACT_23-0060_FNF_synovium_1_RG.bam             -o rna_output/signals/synovium/FACT_23-0060_FNF_synovium_1.bw             > rna_output/logs/signal_synovium_FACT_23-0060_FNF_synovium_1.err 2>&1

        bamCoverage --normalizeUsing CPM                 --effectiveGenomeSize 2862010428                 --bam /work/users/s/e/seyoun/CQTL_AI/rna_output/align/FACT_23-0060_FNF_synovium_1_RG.bam -o rna_output/signals/synovium/norm/FACT_23-0060_FNF_synovium_1.bw > rna_output/logs/Normsignal_synovium_FACT_23-0060_FNF_synovium_1.err 2>&1
        
Submitted job 36 with external jobid '57012588'.

[Fri Jan 10 11:55:25 2025]
rule signal:
    input: /work/users/s/e/seyoun/CQTL_AI/rna_output/align/CQTL_AM7765_FNF_Ankle_1_RG.bam
    output: rna_output/signals/Ankle/CQTL_AM7765_FNF_Ankle_1.bw, rna_output/signals/Ankle/norm/CQTL_AM7765_FNF_Ankle_1.bw
    log: rna_output/logs/signal_Ankle_CQTL_AM7765_FNF_Ankle_1.err, rna_output/logs/Normsignal_Ankle_CQTL_AM7765_FNF_Ankle_1.err
    jobid: 14
    wildcards: tissue=Ankle, sampleName=CQTL_AM7765_FNF_Ankle_1


        module load deeptools/3.5.4
        mkdir -p rna_output/signals/Ankle
        mkdir -p rna_output/signals/Ankle/norm

        bamCoverage             --bam /work/users/s/e/seyoun/CQTL_AI/rna_output/align/CQTL_AM7765_FNF_Ankle_1_RG.bam             -o rna_output/signals/Ankle/CQTL_AM7765_FNF_Ankle_1.bw             > rna_output/logs/signal_Ankle_CQTL_AM7765_FNF_Ankle_1.err 2>&1

        bamCoverage --normalizeUsing CPM                 --effectiveGenomeSize 2862010428                 --bam /work/users/s/e/seyoun/CQTL_AI/rna_output/align/CQTL_AM7765_FNF_Ankle_1_RG.bam -o rna_output/signals/Ankle/norm/CQTL_AM7765_FNF_Ankle_1.bw > rna_output/logs/Normsignal_Ankle_CQTL_AM7765_FNF_Ankle_1.err 2>&1
        
Submitted job 14 with external jobid '57012589'.

[Fri Jan 10 11:55:26 2025]
rule mergeAlign:
    input: /work/users/s/e/seyoun/CQTL_AI/rna_output/align/FACT_23-0058_CTL_synovium_1_RG.bam, /work/users/s/e/seyoun/CQTL_AI/rna_output/align/FACT_23-0060_CTL_synovium_1_RG.bam, /work/users/s/e/seyoun/CQTL_AI/rna_output/align/FACT_23-0062_CTL_synovium_1_RG.bam, /work/users/s/e/seyoun/CQTL_AI/rna_output/align/FACT_23-0069_CTL_synovium_1_RG.bam, /work/users/s/e/seyoun/CQTL_AI/rna_output/align/FACT_23-0071_CTL_synovium_1_RG.bam
    output: rna_output/signals/synovium/mergedAlign/CTL_sorted.bam, rna_output/signals/synovium/mergedAlign/CTL_sorted.bam.bai, rna_output/signals/synovium/mergedAlign/CTL_stats.txt
    log: rna_output/logs/mergedAligned_synovium_CTL.err
    jobid: 65
    wildcards: tissue=synovium, cond=CTL


        module load samtools/1.21
        mkdir -p rna_output/signals/synovium/mergedAlign

        samtools merge rna_output/signals/synovium/mergedAlign/CTL_sorted.bam /work/users/s/e/seyoun/CQTL_AI/rna_output/align/FACT_23-0058_CTL_synovium_1_RG.bam /work/users/s/e/seyoun/CQTL_AI/rna_output/align/FACT_23-0060_CTL_synovium_1_RG.bam /work/users/s/e/seyoun/CQTL_AI/rna_output/align/FACT_23-0062_CTL_synovium_1_RG.bam /work/users/s/e/seyoun/CQTL_AI/rna_output/align/FACT_23-0069_CTL_synovium_1_RG.bam /work/users/s/e/seyoun/CQTL_AI/rna_output/align/FACT_23-0071_CTL_synovium_1_RG.bam >> rna_output/logs/mergedAligned_synovium_CTL.err 2>&1
        samtools flagstat rna_output/signals/synovium/mergedAlign/CTL_sorted.bam > rna_output/signals/synovium/mergedAlign/CTL_stats.txt >> rna_output/logs/mergedAligned_synovium_CTL.err 2>&1
        samtools index rna_output/signals/synovium/mergedAlign/CTL_sorted.bam >> rna_output/logs/mergedAligned_synovium_CTL.err 2>&1
        
Submitted job 65 with external jobid '57012590'.

[Fri Jan 10 11:55:27 2025]
rule signal:
    input: /work/users/s/e/seyoun/CQTL_AI/rna_output/align/CQTL_AM7778_FNF_Ankle_1_RG.bam
    output: rna_output/signals/Femur/CQTL_AM7778FE_FNF_Femur_1.bw, rna_output/signals/Femur/norm/CQTL_AM7778FE_FNF_Femur_1.bw
    log: rna_output/logs/signal_Femur_CQTL_AM7778FE_FNF_Femur_1.err, rna_output/logs/Normsignal_Femur_CQTL_AM7778FE_FNF_Femur_1.err
    jobid: 32
    wildcards: tissue=Femur, sampleName=CQTL_AM7778FE_FNF_Femur_1


        module load deeptools/3.5.4
        mkdir -p rna_output/signals/Femur
        mkdir -p rna_output/signals/Femur/norm

        bamCoverage             --bam /work/users/s/e/seyoun/CQTL_AI/rna_output/align/CQTL_AM7778_FNF_Ankle_1_RG.bam             -o rna_output/signals/Femur/CQTL_AM7778FE_FNF_Femur_1.bw             > rna_output/logs/signal_Femur_CQTL_AM7778FE_FNF_Femur_1.err 2>&1

        bamCoverage --normalizeUsing CPM                 --effectiveGenomeSize 2862010428                 --bam /work/users/s/e/seyoun/CQTL_AI/rna_output/align/CQTL_AM7778_FNF_Ankle_1_RG.bam -o rna_output/signals/Femur/norm/CQTL_AM7778FE_FNF_Femur_1.bw > rna_output/logs/Normsignal_Femur_CQTL_AM7778FE_FNF_Femur_1.err 2>&1
        
Submitted job 32 with external jobid '57012591'.

[Fri Jan 10 11:55:28 2025]
rule signal:
    input: /work/users/s/e/seyoun/CQTL_AI/rna_output/align/CQTL_AM7778_CTL_Ankle_1_RG.bam
    output: rna_output/signals/Ankle/CQTL_AM7778_CTL_Ankle_1.bw, rna_output/signals/Ankle/norm/CQTL_AM7778_CTL_Ankle_1.bw
    log: rna_output/logs/signal_Ankle_CQTL_AM7778_CTL_Ankle_1.err, rna_output/logs/Normsignal_Ankle_CQTL_AM7778_CTL_Ankle_1.err
    jobid: 21
    wildcards: tissue=Ankle, sampleName=CQTL_AM7778_CTL_Ankle_1


        module load deeptools/3.5.4
        mkdir -p rna_output/signals/Ankle
        mkdir -p rna_output/signals/Ankle/norm

        bamCoverage             --bam /work/users/s/e/seyoun/CQTL_AI/rna_output/align/CQTL_AM7778_CTL_Ankle_1_RG.bam             -o rna_output/signals/Ankle/CQTL_AM7778_CTL_Ankle_1.bw             > rna_output/logs/signal_Ankle_CQTL_AM7778_CTL_Ankle_1.err 2>&1

        bamCoverage --normalizeUsing CPM                 --effectiveGenomeSize 2862010428                 --bam /work/users/s/e/seyoun/CQTL_AI/rna_output/align/CQTL_AM7778_CTL_Ankle_1_RG.bam -o rna_output/signals/Ankle/norm/CQTL_AM7778_CTL_Ankle_1.bw > rna_output/logs/Normsignal_Ankle_CQTL_AM7778_CTL_Ankle_1.err 2>&1
        
Submitted job 21 with external jobid '57012592'.
[Fri Jan 10 12:19:45 2025]
Finished job 63.
1 of 67 steps (1%) done

[Fri Jan 10 12:19:46 2025]
rule mergeReverseSignal:
    input: rna_output/signals/Femur/mergedAlign/CTL_sorted.bam
    output: rna_output/signals/Femur/strand/CTL_rev.bw, rna_output/signals/Femur/strand/CTL_norm_rev.bw
    log: rna_output/logs/mergeSignal_reverse_Femur_CTL.err, rna_output/logs/Norm_mergeSignal_reverse_Femur_CTL.err
    jobid: 52
    wildcards: tissue=Femur, cond=CTL


        module load deeptools/3.5.4
        mkdir -p rna_output/signals/Femur/strand

        bamCoverage --filterRNAstrand reverse -b rna_output/signals/Femur/mergedAlign/CTL_sorted.bam -o rna_output/signals/Femur/strand/CTL_rev.bw  > rna_output/logs/mergeSignal_reverse_Femur_CTL.err 2>&1
        
        bamCoverage --filterRNAstrand reverse                 --normalizeUsing CPM                 --effectiveGenomeSize 2862010428                 --bam rna_output/signals/Femur/mergedAlign/CTL_sorted.bam -o rna_output/signals/Femur/strand/CTL_norm_rev.bw > rna_output/logs/Norm_mergeSignal_reverse_Femur_CTL.err 2>&1

        
Submitted job 52 with external jobid '57014299'.

[Fri Jan 10 12:19:47 2025]
rule mergeForwardSignal:
    input: rna_output/signals/Femur/mergedAlign/CTL_sorted.bam
    output: rna_output/signals/Femur/strand/CTL_fwd.bw, rna_output/signals/Femur/strand/CTL_norm_fwd.bw
    log: rna_output/logs/mergeSignal_forward_Femur_CTL.err, rna_output/logs/Norm_mergeSignal_forward_Femur_CTL.err
    jobid: 51
    wildcards: tissue=Femur, cond=CTL


        module load deeptools/3.5.4
        mkdir -p rna_output/signals/Femur/strand

        bamCoverage --filterRNAstrand forward -b rna_output/signals/Femur/mergedAlign/CTL_sorted.bam -o rna_output/signals/Femur/strand/CTL_fwd.bw  > rna_output/logs/mergeSignal_forward_Femur_CTL.err 2>&1
        
        bamCoverage --filterRNAstrand forward                 --normalizeUsing CPM                 --effectiveGenomeSize 2862010428                 --bam rna_output/signals/Femur/mergedAlign/CTL_sorted.bam -o rna_output/signals/Femur/strand/CTL_norm_fwd.bw > rna_output/logs/Norm_mergeSignal_forward_Femur_CTL.err 2>&1

        
Submitted job 51 with external jobid '57014300'.

[Fri Jan 10 12:19:48 2025]
rule mergeSignal:
    input: rna_output/signals/Femur/mergedAlign/CTL_sorted.bam
    output: rna_output/signals/Femur/merged_signal/CTL_sorted.bw, rna_output/signals/Femur/merged_signal/CTL_norm_sorted.bw
    log: rna_output/logs/mergedSignal_Femur_CTL.err, rna_output/logs/Norm_mergedSignal_Femur_CTL.err
    jobid: 49
    wildcards: tissue=Femur, cond=CTL


        module load deeptools/3.5.4
        mkdir -p rna_output/signals/Femur/merged_signal

        bamCoverage             --bam rna_output/signals/Femur/mergedAlign/CTL_sorted.bam             -o rna_output/signals/Femur/merged_signal/CTL_sorted.bw             > rna_output/logs/mergedSignal_Femur_CTL.err 2>&1

        bamCoverage --normalizeUsing CPM                 --effectiveGenomeSize 2862010428                 --bam rna_output/signals/Femur/mergedAlign/CTL_sorted.bam -o rna_output/signals/Femur/merged_signal/CTL_norm_sorted.bw > rna_output/logs/Norm_mergedSignal_Femur_CTL.err 2>&1
        
Submitted job 49 with external jobid '57014301'.
[Fri Jan 10 12:21:06 2025]
Finished job 64.
2 of 67 steps (3%) done

[Fri Jan 10 12:21:07 2025]
rule mergeReverseSignal:
    input: rna_output/signals/Femur/mergedAlign/FNF_sorted.bam
    output: rna_output/signals/Femur/strand/FNF_rev.bw, rna_output/signals/Femur/strand/FNF_norm_rev.bw
    log: rna_output/logs/mergeSignal_reverse_Femur_FNF.err, rna_output/logs/Norm_mergeSignal_reverse_Femur_FNF.err
    jobid: 54
    wildcards: tissue=Femur, cond=FNF


        module load deeptools/3.5.4
        mkdir -p rna_output/signals/Femur/strand

        bamCoverage --filterRNAstrand reverse -b rna_output/signals/Femur/mergedAlign/FNF_sorted.bam -o rna_output/signals/Femur/strand/FNF_rev.bw  > rna_output/logs/mergeSignal_reverse_Femur_FNF.err 2>&1
        
        bamCoverage --filterRNAstrand reverse                 --normalizeUsing CPM                 --effectiveGenomeSize 2862010428                 --bam rna_output/signals/Femur/mergedAlign/FNF_sorted.bam -o rna_output/signals/Femur/strand/FNF_norm_rev.bw > rna_output/logs/Norm_mergeSignal_reverse_Femur_FNF.err 2>&1

        
Submitted job 54 with external jobid '57014517'.

[Fri Jan 10 12:21:08 2025]
rule mergeForwardSignal:
    input: rna_output/signals/Femur/mergedAlign/FNF_sorted.bam
    output: rna_output/signals/Femur/strand/FNF_fwd.bw, rna_output/signals/Femur/strand/FNF_norm_fwd.bw
    log: rna_output/logs/mergeSignal_forward_Femur_FNF.err, rna_output/logs/Norm_mergeSignal_forward_Femur_FNF.err
    jobid: 53
    wildcards: tissue=Femur, cond=FNF


        module load deeptools/3.5.4
        mkdir -p rna_output/signals/Femur/strand

        bamCoverage --filterRNAstrand forward -b rna_output/signals/Femur/mergedAlign/FNF_sorted.bam -o rna_output/signals/Femur/strand/FNF_fwd.bw  > rna_output/logs/mergeSignal_forward_Femur_FNF.err 2>&1
        
        bamCoverage --filterRNAstrand forward                 --normalizeUsing CPM                 --effectiveGenomeSize 2862010428                 --bam rna_output/signals/Femur/mergedAlign/FNF_sorted.bam -o rna_output/signals/Femur/strand/FNF_norm_fwd.bw > rna_output/logs/Norm_mergeSignal_forward_Femur_FNF.err 2>&1

        
Submitted job 53 with external jobid '57014518'.

[Fri Jan 10 12:21:09 2025]
rule mergeSignal:
    input: rna_output/signals/Femur/mergedAlign/FNF_sorted.bam
    output: rna_output/signals/Femur/merged_signal/FNF_sorted.bw, rna_output/signals/Femur/merged_signal/FNF_norm_sorted.bw
    log: rna_output/logs/mergedSignal_Femur_FNF.err, rna_output/logs/Norm_mergedSignal_Femur_FNF.err
    jobid: 50
    wildcards: tissue=Femur, cond=FNF


        module load deeptools/3.5.4
        mkdir -p rna_output/signals/Femur/merged_signal

        bamCoverage             --bam rna_output/signals/Femur/mergedAlign/FNF_sorted.bam             -o rna_output/signals/Femur/merged_signal/FNF_sorted.bw             > rna_output/logs/mergedSignal_Femur_FNF.err 2>&1

        bamCoverage --normalizeUsing CPM                 --effectiveGenomeSize 2862010428                 --bam rna_output/signals/Femur/mergedAlign/FNF_sorted.bam -o rna_output/signals/Femur/merged_signal/FNF_norm_sorted.bw > rna_output/logs/Norm_mergedSignal_Femur_FNF.err 2>&1
        
Submitted job 50 with external jobid '57014519'.
[Fri Jan 10 12:36:30 2025]
Finished job 42.
3 of 67 steps (4%) done
[Fri Jan 10 12:43:53 2025]
Finished job 33.
4 of 67 steps (6%) done
[Fri Jan 10 12:50:16 2025]
Finished job 37.
5 of 67 steps (7%) done
[Fri Jan 10 12:50:19 2025]
Finished job 35.
6 of 67 steps (9%) done
[Fri Jan 10 12:50:45 2025]
Finished job 34.
7 of 67 steps (10%) done
[Fri Jan 10 12:50:52 2025]
Finished job 40.
8 of 67 steps (12%) done
[Fri Jan 10 12:51:18 2025]
Finished job 39.
9 of 67 steps (13%) done
[Fri Jan 10 12:51:50 2025]
Finished job 41.
10 of 67 steps (15%) done
[Fri Jan 10 12:52:36 2025]
Finished job 38.
11 of 67 steps (16%) done
[Fri Jan 10 12:58:06 2025]
Finished job 65.
12 of 67 steps (18%) done

[Fri Jan 10 12:58:07 2025]
rule mergeReverseSignal:
    input: rna_output/signals/synovium/mergedAlign/CTL_sorted.bam
    output: rna_output/signals/synovium/strand/CTL_rev.bw, rna_output/signals/synovium/strand/CTL_norm_rev.bw
    log: rna_output/logs/mergeSignal_reverse_synovium_CTL.err, rna_output/logs/Norm_mergeSignal_reverse_synovium_CTL.err
    jobid: 58
    wildcards: tissue=synovium, cond=CTL


        module load deeptools/3.5.4
        mkdir -p rna_output/signals/synovium/strand

        bamCoverage --filterRNAstrand reverse -b rna_output/signals/synovium/mergedAlign/CTL_sorted.bam -o rna_output/signals/synovium/strand/CTL_rev.bw  > rna_output/logs/mergeSignal_reverse_synovium_CTL.err 2>&1
        
        bamCoverage --filterRNAstrand reverse                 --normalizeUsing CPM                 --effectiveGenomeSize 2862010428                 --bam rna_output/signals/synovium/mergedAlign/CTL_sorted.bam -o rna_output/signals/synovium/strand/CTL_norm_rev.bw > rna_output/logs/Norm_mergeSignal_reverse_synovium_CTL.err 2>&1

        
Submitted job 58 with external jobid '57017833'.

[Fri Jan 10 12:58:08 2025]
rule mergeSignal:
    input: rna_output/signals/synovium/mergedAlign/CTL_sorted.bam
    output: rna_output/signals/synovium/merged_signal/CTL_sorted.bw, rna_output/signals/synovium/merged_signal/CTL_norm_sorted.bw
    log: rna_output/logs/mergedSignal_synovium_CTL.err, rna_output/logs/Norm_mergedSignal_synovium_CTL.err
    jobid: 55
    wildcards: tissue=synovium, cond=CTL


        module load deeptools/3.5.4
        mkdir -p rna_output/signals/synovium/merged_signal

        bamCoverage             --bam rna_output/signals/synovium/mergedAlign/CTL_sorted.bam             -o rna_output/signals/synovium/merged_signal/CTL_sorted.bw             > rna_output/logs/mergedSignal_synovium_CTL.err 2>&1

        bamCoverage --normalizeUsing CPM                 --effectiveGenomeSize 2862010428                 --bam rna_output/signals/synovium/mergedAlign/CTL_sorted.bam -o rna_output/signals/synovium/merged_signal/CTL_norm_sorted.bw > rna_output/logs/Norm_mergedSignal_synovium_CTL.err 2>&1
        
Submitted job 55 with external jobid '57017834'.

[Fri Jan 10 12:58:09 2025]
rule mergeForwardSignal:
    input: rna_output/signals/synovium/mergedAlign/CTL_sorted.bam
    output: rna_output/signals/synovium/strand/CTL_fwd.bw, rna_output/signals/synovium/strand/CTL_norm_fwd.bw
    log: rna_output/logs/mergeSignal_forward_synovium_CTL.err, rna_output/logs/Norm_mergeSignal_forward_synovium_CTL.err
    jobid: 57
    wildcards: tissue=synovium, cond=CTL


        module load deeptools/3.5.4
        mkdir -p rna_output/signals/synovium/strand

        bamCoverage --filterRNAstrand forward -b rna_output/signals/synovium/mergedAlign/CTL_sorted.bam -o rna_output/signals/synovium/strand/CTL_fwd.bw  > rna_output/logs/mergeSignal_forward_synovium_CTL.err 2>&1
        
        bamCoverage --filterRNAstrand forward                 --normalizeUsing CPM                 --effectiveGenomeSize 2862010428                 --bam rna_output/signals/synovium/mergedAlign/CTL_sorted.bam -o rna_output/signals/synovium/strand/CTL_norm_fwd.bw > rna_output/logs/Norm_mergeSignal_forward_synovium_CTL.err 2>&1

        
Submitted job 57 with external jobid '57017835'.
[Fri Jan 10 13:00:21 2025]
Finished job 66.
13 of 67 steps (19%) done

[Fri Jan 10 13:00:22 2025]
rule mergeReverseSignal:
    input: rna_output/signals/synovium/mergedAlign/FNF_sorted.bam
    output: rna_output/signals/synovium/strand/FNF_rev.bw, rna_output/signals/synovium/strand/FNF_norm_rev.bw
    log: rna_output/logs/mergeSignal_reverse_synovium_FNF.err, rna_output/logs/Norm_mergeSignal_reverse_synovium_FNF.err
    jobid: 60
    wildcards: tissue=synovium, cond=FNF


        module load deeptools/3.5.4
        mkdir -p rna_output/signals/synovium/strand

        bamCoverage --filterRNAstrand reverse -b rna_output/signals/synovium/mergedAlign/FNF_sorted.bam -o rna_output/signals/synovium/strand/FNF_rev.bw  > rna_output/logs/mergeSignal_reverse_synovium_FNF.err 2>&1
        
        bamCoverage --filterRNAstrand reverse                 --normalizeUsing CPM                 --effectiveGenomeSize 2862010428                 --bam rna_output/signals/synovium/mergedAlign/FNF_sorted.bam -o rna_output/signals/synovium/strand/FNF_norm_rev.bw > rna_output/logs/Norm_mergeSignal_reverse_synovium_FNF.err 2>&1

        
Submitted job 60 with external jobid '57018045'.

[Fri Jan 10 13:00:23 2025]
rule mergeSignal:
    input: rna_output/signals/synovium/mergedAlign/FNF_sorted.bam
    output: rna_output/signals/synovium/merged_signal/FNF_sorted.bw, rna_output/signals/synovium/merged_signal/FNF_norm_sorted.bw
    log: rna_output/logs/mergedSignal_synovium_FNF.err, rna_output/logs/Norm_mergedSignal_synovium_FNF.err
    jobid: 56
    wildcards: tissue=synovium, cond=FNF


        module load deeptools/3.5.4
        mkdir -p rna_output/signals/synovium/merged_signal

        bamCoverage             --bam rna_output/signals/synovium/mergedAlign/FNF_sorted.bam             -o rna_output/signals/synovium/merged_signal/FNF_sorted.bw             > rna_output/logs/mergedSignal_synovium_FNF.err 2>&1

        bamCoverage --normalizeUsing CPM                 --effectiveGenomeSize 2862010428                 --bam rna_output/signals/synovium/mergedAlign/FNF_sorted.bam -o rna_output/signals/synovium/merged_signal/FNF_norm_sorted.bw > rna_output/logs/Norm_mergedSignal_synovium_FNF.err 2>&1
        
Submitted job 56 with external jobid '57018046'.

[Fri Jan 10 13:00:24 2025]
rule mergeForwardSignal:
    input: rna_output/signals/synovium/mergedAlign/FNF_sorted.bam
    output: rna_output/signals/synovium/strand/FNF_fwd.bw, rna_output/signals/synovium/strand/FNF_norm_fwd.bw
    log: rna_output/logs/mergeSignal_forward_synovium_FNF.err, rna_output/logs/Norm_mergeSignal_forward_synovium_FNF.err
    jobid: 59
    wildcards: tissue=synovium, cond=FNF


        module load deeptools/3.5.4
        mkdir -p rna_output/signals/synovium/strand

        bamCoverage --filterRNAstrand forward -b rna_output/signals/synovium/mergedAlign/FNF_sorted.bam -o rna_output/signals/synovium/strand/FNF_fwd.bw  > rna_output/logs/mergeSignal_forward_synovium_FNF.err 2>&1
        
        bamCoverage --filterRNAstrand forward                 --normalizeUsing CPM                 --effectiveGenomeSize 2862010428                 --bam rna_output/signals/synovium/mergedAlign/FNF_sorted.bam -o rna_output/signals/synovium/strand/FNF_norm_fwd.bw > rna_output/logs/Norm_mergeSignal_forward_synovium_FNF.err 2>&1

        
Submitted job 59 with external jobid '57018047'.
[Fri Jan 10 13:04:10 2025]
Finished job 36.
14 of 67 steps (21%) done
[Fri Jan 10 13:21:14 2025]
Finished job 3.
15 of 67 steps (22%) done
[Fri Jan 10 13:22:14 2025]
Finished job 1.
16 of 67 steps (24%) done
[Fri Jan 10 13:24:15 2025]
Finished job 15.
17 of 67 steps (25%) done
[Fri Jan 10 13:26:56 2025]
Finished job 10.
18 of 67 steps (27%) done
[Fri Jan 10 13:27:17 2025]
Finished job 19.
19 of 67 steps (28%) done
[Fri Jan 10 13:30:26 2025]
Finished job 5.
20 of 67 steps (30%) done
[Fri Jan 10 13:31:47 2025]
Finished job 11.
21 of 67 steps (31%) done
[Fri Jan 10 13:32:15 2025]
Finished job 31.
22 of 67 steps (33%) done
[Fri Jan 10 13:34:05 2025]
Finished job 14.
23 of 67 steps (34%) done
[Fri Jan 10 13:34:48 2025]
Finished job 23.
24 of 67 steps (36%) done
[Fri Jan 10 13:36:45 2025]
Finished job 30.
25 of 67 steps (37%) done
[Fri Jan 10 13:36:47 2025]
Finished job 18.
26 of 67 steps (39%) done
[Fri Jan 10 13:38:14 2025]
Finished job 13.
27 of 67 steps (40%) done
[Fri Jan 10 13:38:49 2025]
Finished job 22.
28 of 67 steps (42%) done
[Fri Jan 10 13:40:25 2025]
Finished job 21.
29 of 67 steps (43%) done
[Fri Jan 10 13:42:46 2025]
Finished job 7.
30 of 67 steps (45%) done
[Fri Jan 10 13:44:11 2025]
Finished job 12.
31 of 67 steps (46%) done
[Fri Jan 10 13:45:23 2025]
Finished job 4.
32 of 67 steps (48%) done
[Fri Jan 10 13:47:28 2025]
Finished job 8.
33 of 67 steps (49%) done
[Fri Jan 10 13:50:39 2025]
Finished job 27.
34 of 67 steps (51%) done
[Fri Jan 10 13:51:15 2025]
Finished job 24.
35 of 67 steps (52%) done
[Fri Jan 10 13:53:09 2025]
Finished job 25.
36 of 67 steps (54%) done
[Fri Jan 10 13:53:19 2025]
Finished job 28.
37 of 67 steps (55%) done
[Fri Jan 10 13:55:45 2025]
Finished job 9.
38 of 67 steps (57%) done
[Fri Jan 10 13:56:19 2025]
Finished job 26.
39 of 67 steps (58%) done
[Fri Jan 10 13:56:45 2025]
Finished job 6.
40 of 67 steps (60%) done
[Fri Jan 10 13:57:15 2025]
Finished job 49.
41 of 67 steps (61%) done
[Fri Jan 10 14:03:18 2025]
Finished job 50.
42 of 67 steps (63%) done
[Fri Jan 10 14:03:26 2025]
Finished job 20.
43 of 67 steps (64%) done
[Fri Jan 10 14:08:40 2025]
Finished job 16.
44 of 67 steps (66%) done
[Fri Jan 10 14:14:07 2025]
Finished job 2.
45 of 67 steps (67%) done
[Fri Jan 10 14:14:33 2025]
Finished job 32.
46 of 67 steps (69%) done
[Fri Jan 10 14:15:49 2025]
Finished job 29.
47 of 67 steps (70%) done
[Fri Jan 10 14:33:26 2025]
Finished job 17.
48 of 67 steps (72%) done
[Fri Jan 10 16:46:12 2025]
Finished job 51.
49 of 67 steps (73%) done
[Fri Jan 10 17:05:02 2025]
Finished job 56.
50 of 67 steps (75%) done
[Fri Jan 10 17:10:59 2025]
Finished job 55.
51 of 67 steps (76%) done
[Fri Jan 10 17:16:37 2025]
Finished job 53.
52 of 67 steps (78%) done
[Fri Jan 10 17:26:35 2025]
Finished job 52.
53 of 67 steps (79%) done
[Fri Jan 10 18:21:06 2025]
Finished job 54.
54 of 67 steps (81%) done
[Fri Jan 10 18:56:02 2025]
Finished job 61.
55 of 67 steps (82%) done

[Fri Jan 10 18:56:03 2025]
rule mergeForwardSignal:
    input: rna_output/signals/Ankle/mergedAlign/CTL_sorted.bam
    output: rna_output/signals/Ankle/strand/CTL_fwd.bw, rna_output/signals/Ankle/strand/CTL_norm_fwd.bw
    log: rna_output/logs/mergeSignal_forward_Ankle_CTL.err, rna_output/logs/Norm_mergeSignal_forward_Ankle_CTL.err
    jobid: 45
    wildcards: tissue=Ankle, cond=CTL


        module load deeptools/3.5.4
        mkdir -p rna_output/signals/Ankle/strand

        bamCoverage --filterRNAstrand forward -b rna_output/signals/Ankle/mergedAlign/CTL_sorted.bam -o rna_output/signals/Ankle/strand/CTL_fwd.bw  > rna_output/logs/mergeSignal_forward_Ankle_CTL.err 2>&1
        
        bamCoverage --filterRNAstrand forward                 --normalizeUsing CPM                 --effectiveGenomeSize 2862010428                 --bam rna_output/signals/Ankle/mergedAlign/CTL_sorted.bam -o rna_output/signals/Ankle/strand/CTL_norm_fwd.bw > rna_output/logs/Norm_mergeSignal_forward_Ankle_CTL.err 2>&1

        
Submitted job 45 with external jobid '57051773'.

[Fri Jan 10 18:56:04 2025]
rule mergeSignal:
    input: rna_output/signals/Ankle/mergedAlign/CTL_sorted.bam
    output: rna_output/signals/Ankle/merged_signal/CTL_sorted.bw, rna_output/signals/Ankle/merged_signal/CTL_norm_sorted.bw
    log: rna_output/logs/mergedSignal_Ankle_CTL.err, rna_output/logs/Norm_mergedSignal_Ankle_CTL.err
    jobid: 43
    wildcards: tissue=Ankle, cond=CTL


        module load deeptools/3.5.4
        mkdir -p rna_output/signals/Ankle/merged_signal

        bamCoverage             --bam rna_output/signals/Ankle/mergedAlign/CTL_sorted.bam             -o rna_output/signals/Ankle/merged_signal/CTL_sorted.bw             > rna_output/logs/mergedSignal_Ankle_CTL.err 2>&1

        bamCoverage --normalizeUsing CPM                 --effectiveGenomeSize 2862010428                 --bam rna_output/signals/Ankle/mergedAlign/CTL_sorted.bam -o rna_output/signals/Ankle/merged_signal/CTL_norm_sorted.bw > rna_output/logs/Norm_mergedSignal_Ankle_CTL.err 2>&1
        
Submitted job 43 with external jobid '57051774'.

[Fri Jan 10 18:56:05 2025]
rule mergeReverseSignal:
    input: rna_output/signals/Ankle/mergedAlign/CTL_sorted.bam
    output: rna_output/signals/Ankle/strand/CTL_rev.bw, rna_output/signals/Ankle/strand/CTL_norm_rev.bw
    log: rna_output/logs/mergeSignal_reverse_Ankle_CTL.err, rna_output/logs/Norm_mergeSignal_reverse_Ankle_CTL.err
    jobid: 46
    wildcards: tissue=Ankle, cond=CTL


        module load deeptools/3.5.4
        mkdir -p rna_output/signals/Ankle/strand

        bamCoverage --filterRNAstrand reverse -b rna_output/signals/Ankle/mergedAlign/CTL_sorted.bam -o rna_output/signals/Ankle/strand/CTL_rev.bw  > rna_output/logs/mergeSignal_reverse_Ankle_CTL.err 2>&1
        
        bamCoverage --filterRNAstrand reverse                 --normalizeUsing CPM                 --effectiveGenomeSize 2862010428                 --bam rna_output/signals/Ankle/mergedAlign/CTL_sorted.bam -o rna_output/signals/Ankle/strand/CTL_norm_rev.bw > rna_output/logs/Norm_mergeSignal_reverse_Ankle_CTL.err 2>&1

        
Submitted job 46 with external jobid '57051775'.
[Fri Jan 10 19:01:37 2025]
Finished job 62.
56 of 67 steps (84%) done

[Fri Jan 10 19:01:38 2025]
rule mergeForwardSignal:
    input: rna_output/signals/Ankle/mergedAlign/FNF_sorted.bam
    output: rna_output/signals/Ankle/strand/FNF_fwd.bw, rna_output/signals/Ankle/strand/FNF_norm_fwd.bw
    log: rna_output/logs/mergeSignal_forward_Ankle_FNF.err, rna_output/logs/Norm_mergeSignal_forward_Ankle_FNF.err
    jobid: 47
    wildcards: tissue=Ankle, cond=FNF


        module load deeptools/3.5.4
        mkdir -p rna_output/signals/Ankle/strand

        bamCoverage --filterRNAstrand forward -b rna_output/signals/Ankle/mergedAlign/FNF_sorted.bam -o rna_output/signals/Ankle/strand/FNF_fwd.bw  > rna_output/logs/mergeSignal_forward_Ankle_FNF.err 2>&1
        
        bamCoverage --filterRNAstrand forward                 --normalizeUsing CPM                 --effectiveGenomeSize 2862010428                 --bam rna_output/signals/Ankle/mergedAlign/FNF_sorted.bam -o rna_output/signals/Ankle/strand/FNF_norm_fwd.bw > rna_output/logs/Norm_mergeSignal_forward_Ankle_FNF.err 2>&1

        
Submitted job 47 with external jobid '57051803'.

[Fri Jan 10 19:01:39 2025]
rule mergeSignal:
    input: rna_output/signals/Ankle/mergedAlign/FNF_sorted.bam
    output: rna_output/signals/Ankle/merged_signal/FNF_sorted.bw, rna_output/signals/Ankle/merged_signal/FNF_norm_sorted.bw
    log: rna_output/logs/mergedSignal_Ankle_FNF.err, rna_output/logs/Norm_mergedSignal_Ankle_FNF.err
    jobid: 44
    wildcards: tissue=Ankle, cond=FNF


        module load deeptools/3.5.4
        mkdir -p rna_output/signals/Ankle/merged_signal

        bamCoverage             --bam rna_output/signals/Ankle/mergedAlign/FNF_sorted.bam             -o rna_output/signals/Ankle/merged_signal/FNF_sorted.bw             > rna_output/logs/mergedSignal_Ankle_FNF.err 2>&1

        bamCoverage --normalizeUsing CPM                 --effectiveGenomeSize 2862010428                 --bam rna_output/signals/Ankle/mergedAlign/FNF_sorted.bam -o rna_output/signals/Ankle/merged_signal/FNF_norm_sorted.bw > rna_output/logs/Norm_mergedSignal_Ankle_FNF.err 2>&1
        
Submitted job 44 with external jobid '57051804'.

[Fri Jan 10 19:01:40 2025]
rule mergeReverseSignal:
    input: rna_output/signals/Ankle/mergedAlign/FNF_sorted.bam
    output: rna_output/signals/Ankle/strand/FNF_rev.bw, rna_output/signals/Ankle/strand/FNF_norm_rev.bw
    log: rna_output/logs/mergeSignal_reverse_Ankle_FNF.err, rna_output/logs/Norm_mergeSignal_reverse_Ankle_FNF.err
    jobid: 48
    wildcards: tissue=Ankle, cond=FNF


        module load deeptools/3.5.4
        mkdir -p rna_output/signals/Ankle/strand

        bamCoverage --filterRNAstrand reverse -b rna_output/signals/Ankle/mergedAlign/FNF_sorted.bam -o rna_output/signals/Ankle/strand/FNF_rev.bw  > rna_output/logs/mergeSignal_reverse_Ankle_FNF.err 2>&1
        
        bamCoverage --filterRNAstrand reverse                 --normalizeUsing CPM                 --effectiveGenomeSize 2862010428                 --bam rna_output/signals/Ankle/mergedAlign/FNF_sorted.bam -o rna_output/signals/Ankle/strand/FNF_norm_rev.bw > rna_output/logs/Norm_mergeSignal_reverse_Ankle_FNF.err 2>&1

        
Submitted job 48 with external jobid '57051805'.
[Sat Jan 11 00:47:17 2025]
Finished job 57.
57 of 67 steps (85%) done
[Sat Jan 11 01:15:09 2025]
Finished job 59.
58 of 67 steps (87%) done
[Sat Jan 11 02:24:41 2025]
Finished job 58.
59 of 67 steps (88%) done
[Sat Jan 11 02:41:40 2025]
Finished job 60.
60 of 67 steps (90%) done
[Sat Jan 11 18:17:31 2025]
Finished job 43.
61 of 67 steps (91%) done
[Sat Jan 11 20:38:59 2025]
Finished job 44.
62 of 67 steps (93%) done
