Building DAG of jobs...
Using shell: /usr/bin/bash
Provided cluster nodes: 100
Job counts:
	count	jobs
	1	all_subset
	6	rmblacklist_region
	6	run_ataqv_subset
	13

[Sun Jan 19 17:07:49 2025]
rule rmblacklist_region:
    input: output/wasp/rmdup/CQTL_AM7755_FNF_Ankle_replicate.rmdup.bam
    output: output/wasp/blk_filter/CQTL_AM7755_FNF_Ankle_replicate.blkfilter.bam, output/wasp/blk_filter/CQTL_AM7755_FNF_Ankle_replicate.sorted_final.bam, output/wasp/blk_filter/CQTL_AM7755_FNF_Ankle_replicate.sorted_final.bam.bai, output/wasp/blk_filter/CQTL_AM7755_FNF_Ankle_replicate_stats.txt
    log: output/logs/blklistFilter_wasp_CQTL_AM7755_FNF_Ankle_replicate.err, output/logs/blklistFilter_wasp_CQTL_AM7755_FNF_Ankle_replicate.out
    jobid: 45
    wildcards: sampleName=CQTL_AM7755_FNF_Ankle_replicate
    threads: 4


        module load bedtools/2.30
        module load samtools/1.21
        mkdir -p output/wasp/blk_filter

        bedtools intersect -v -abam output/wasp/rmdup/CQTL_AM7755_FNF_Ankle_replicate.rmdup.bam -b /work/users/s/e/seyoun/CQTL_AI/external/blacklist_region/ENCFF356LFX.bed.gz > output/wasp/blk_filter/CQTL_AM7755_FNF_Ankle_replicate.blkfilter.bam 1> output/logs/blklistFilter_wasp_CQTL_AM7755_FNF_Ankle_replicate.out 2> output/logs/blklistFilter_wasp_CQTL_AM7755_FNF_Ankle_replicate.err
        
        samtools sort -o output/wasp/blk_filter/CQTL_AM7755_FNF_Ankle_replicate.sorted_final.bam output/wasp/blk_filter/CQTL_AM7755_FNF_Ankle_replicate.blkfilter.bam 1>> output/logs/blklistFilter_wasp_CQTL_AM7755_FNF_Ankle_replicate.out 2>> output/logs/blklistFilter_wasp_CQTL_AM7755_FNF_Ankle_replicate.err
        samtools index output/wasp/blk_filter/CQTL_AM7755_FNF_Ankle_replicate.sorted_final.bam 1>> output/logs/blklistFilter_wasp_CQTL_AM7755_FNF_Ankle_replicate.out 2>> output/logs/blklistFilter_wasp_CQTL_AM7755_FNF_Ankle_replicate.err
        samtools flagstat output/wasp/blk_filter/CQTL_AM7755_FNF_Ankle_replicate.sorted_final.bam > output/wasp/blk_filter/CQTL_AM7755_FNF_Ankle_replicate_stats.txt 2>> output/logs/blklistFilter_wasp_CQTL_AM7755_FNF_Ankle_replicate.err

        
Submitted job 45 with external jobid '57460389'.

[Sun Jan 19 17:07:54 2025]
rule rmblacklist_region:
    input: output/wasp/rmdup/CQTL_AM7754_CTL_Ankle_replicate.rmdup.bam
    output: output/wasp/blk_filter/CQTL_AM7754_CTL_Ankle_replicate.blkfilter.bam, output/wasp/blk_filter/CQTL_AM7754_CTL_Ankle_replicate.sorted_final.bam, output/wasp/blk_filter/CQTL_AM7754_CTL_Ankle_replicate.sorted_final.bam.bai, output/wasp/blk_filter/CQTL_AM7754_CTL_Ankle_replicate_stats.txt
    log: output/logs/blklistFilter_wasp_CQTL_AM7754_CTL_Ankle_replicate.err, output/logs/blklistFilter_wasp_CQTL_AM7754_CTL_Ankle_replicate.out
    jobid: 47
    wildcards: sampleName=CQTL_AM7754_CTL_Ankle_replicate
    threads: 4


        module load bedtools/2.30
        module load samtools/1.21
        mkdir -p output/wasp/blk_filter

        bedtools intersect -v -abam output/wasp/rmdup/CQTL_AM7754_CTL_Ankle_replicate.rmdup.bam -b /work/users/s/e/seyoun/CQTL_AI/external/blacklist_region/ENCFF356LFX.bed.gz > output/wasp/blk_filter/CQTL_AM7754_CTL_Ankle_replicate.blkfilter.bam 1> output/logs/blklistFilter_wasp_CQTL_AM7754_CTL_Ankle_replicate.out 2> output/logs/blklistFilter_wasp_CQTL_AM7754_CTL_Ankle_replicate.err
        
        samtools sort -o output/wasp/blk_filter/CQTL_AM7754_CTL_Ankle_replicate.sorted_final.bam output/wasp/blk_filter/CQTL_AM7754_CTL_Ankle_replicate.blkfilter.bam 1>> output/logs/blklistFilter_wasp_CQTL_AM7754_CTL_Ankle_replicate.out 2>> output/logs/blklistFilter_wasp_CQTL_AM7754_CTL_Ankle_replicate.err
        samtools index output/wasp/blk_filter/CQTL_AM7754_CTL_Ankle_replicate.sorted_final.bam 1>> output/logs/blklistFilter_wasp_CQTL_AM7754_CTL_Ankle_replicate.out 2>> output/logs/blklistFilter_wasp_CQTL_AM7754_CTL_Ankle_replicate.err
        samtools flagstat output/wasp/blk_filter/CQTL_AM7754_CTL_Ankle_replicate.sorted_final.bam > output/wasp/blk_filter/CQTL_AM7754_CTL_Ankle_replicate_stats.txt 2>> output/logs/blklistFilter_wasp_CQTL_AM7754_CTL_Ankle_replicate.err

        
Submitted job 47 with external jobid '57460390'.

[Sun Jan 19 17:07:59 2025]
rule rmblacklist_region:
    input: output/wasp/rmdup/CQTL_AM7778FE_FNF_Femur_1.rmdup.bam
    output: output/wasp/blk_filter/CQTL_AM7778FE_FNF_Femur_1.blkfilter.bam, output/wasp/blk_filter/CQTL_AM7778FE_FNF_Femur_1.sorted_final.bam, output/wasp/blk_filter/CQTL_AM7778FE_FNF_Femur_1.sorted_final.bam.bai, output/wasp/blk_filter/CQTL_AM7778FE_FNF_Femur_1_stats.txt
    log: output/logs/blklistFilter_wasp_CQTL_AM7778FE_FNF_Femur_1.err, output/logs/blklistFilter_wasp_CQTL_AM7778FE_FNF_Femur_1.out
    jobid: 43
    wildcards: sampleName=CQTL_AM7778FE_FNF_Femur_1
    threads: 4


        module load bedtools/2.30
        module load samtools/1.21
        mkdir -p output/wasp/blk_filter

        bedtools intersect -v -abam output/wasp/rmdup/CQTL_AM7778FE_FNF_Femur_1.rmdup.bam -b /work/users/s/e/seyoun/CQTL_AI/external/blacklist_region/ENCFF356LFX.bed.gz > output/wasp/blk_filter/CQTL_AM7778FE_FNF_Femur_1.blkfilter.bam 1> output/logs/blklistFilter_wasp_CQTL_AM7778FE_FNF_Femur_1.out 2> output/logs/blklistFilter_wasp_CQTL_AM7778FE_FNF_Femur_1.err
        
        samtools sort -o output/wasp/blk_filter/CQTL_AM7778FE_FNF_Femur_1.sorted_final.bam output/wasp/blk_filter/CQTL_AM7778FE_FNF_Femur_1.blkfilter.bam 1>> output/logs/blklistFilter_wasp_CQTL_AM7778FE_FNF_Femur_1.out 2>> output/logs/blklistFilter_wasp_CQTL_AM7778FE_FNF_Femur_1.err
        samtools index output/wasp/blk_filter/CQTL_AM7778FE_FNF_Femur_1.sorted_final.bam 1>> output/logs/blklistFilter_wasp_CQTL_AM7778FE_FNF_Femur_1.out 2>> output/logs/blklistFilter_wasp_CQTL_AM7778FE_FNF_Femur_1.err
        samtools flagstat output/wasp/blk_filter/CQTL_AM7778FE_FNF_Femur_1.sorted_final.bam > output/wasp/blk_filter/CQTL_AM7778FE_FNF_Femur_1_stats.txt 2>> output/logs/blklistFilter_wasp_CQTL_AM7778FE_FNF_Femur_1.err

        
Submitted job 43 with external jobid '57460391'.

[Sun Jan 19 17:08:05 2025]
rule rmblacklist_region:
    input: output/wasp/rmdup/CQTL_AM7755_CTL_Ankle_replicate.rmdup.bam
    output: output/wasp/blk_filter/CQTL_AM7755_CTL_Ankle_replicate.blkfilter.bam, output/wasp/blk_filter/CQTL_AM7755_CTL_Ankle_replicate.sorted_final.bam, output/wasp/blk_filter/CQTL_AM7755_CTL_Ankle_replicate.sorted_final.bam.bai, output/wasp/blk_filter/CQTL_AM7755_CTL_Ankle_replicate_stats.txt
    log: output/logs/blklistFilter_wasp_CQTL_AM7755_CTL_Ankle_replicate.err, output/logs/blklistFilter_wasp_CQTL_AM7755_CTL_Ankle_replicate.out
    jobid: 48
    wildcards: sampleName=CQTL_AM7755_CTL_Ankle_replicate
    threads: 4


        module load bedtools/2.30
        module load samtools/1.21
        mkdir -p output/wasp/blk_filter

        bedtools intersect -v -abam output/wasp/rmdup/CQTL_AM7755_CTL_Ankle_replicate.rmdup.bam -b /work/users/s/e/seyoun/CQTL_AI/external/blacklist_region/ENCFF356LFX.bed.gz > output/wasp/blk_filter/CQTL_AM7755_CTL_Ankle_replicate.blkfilter.bam 1> output/logs/blklistFilter_wasp_CQTL_AM7755_CTL_Ankle_replicate.out 2> output/logs/blklistFilter_wasp_CQTL_AM7755_CTL_Ankle_replicate.err
        
        samtools sort -o output/wasp/blk_filter/CQTL_AM7755_CTL_Ankle_replicate.sorted_final.bam output/wasp/blk_filter/CQTL_AM7755_CTL_Ankle_replicate.blkfilter.bam 1>> output/logs/blklistFilter_wasp_CQTL_AM7755_CTL_Ankle_replicate.out 2>> output/logs/blklistFilter_wasp_CQTL_AM7755_CTL_Ankle_replicate.err
        samtools index output/wasp/blk_filter/CQTL_AM7755_CTL_Ankle_replicate.sorted_final.bam 1>> output/logs/blklistFilter_wasp_CQTL_AM7755_CTL_Ankle_replicate.out 2>> output/logs/blklistFilter_wasp_CQTL_AM7755_CTL_Ankle_replicate.err
        samtools flagstat output/wasp/blk_filter/CQTL_AM7755_CTL_Ankle_replicate.sorted_final.bam > output/wasp/blk_filter/CQTL_AM7755_CTL_Ankle_replicate_stats.txt 2>> output/logs/blklistFilter_wasp_CQTL_AM7755_CTL_Ankle_replicate.err

        
Submitted job 48 with external jobid '57460392'.

[Sun Jan 19 17:08:10 2025]
rule rmblacklist_region:
    input: output/wasp/rmdup/CQTL_AM7754_FNF_Ankle_replicate.rmdup.bam
    output: output/wasp/blk_filter/CQTL_AM7754_FNF_Ankle_replicate.blkfilter.bam, output/wasp/blk_filter/CQTL_AM7754_FNF_Ankle_replicate.sorted_final.bam, output/wasp/blk_filter/CQTL_AM7754_FNF_Ankle_replicate.sorted_final.bam.bai, output/wasp/blk_filter/CQTL_AM7754_FNF_Ankle_replicate_stats.txt
    log: output/logs/blklistFilter_wasp_CQTL_AM7754_FNF_Ankle_replicate.err, output/logs/blklistFilter_wasp_CQTL_AM7754_FNF_Ankle_replicate.out
    jobid: 44
    wildcards: sampleName=CQTL_AM7754_FNF_Ankle_replicate
    threads: 4


        module load bedtools/2.30
        module load samtools/1.21
        mkdir -p output/wasp/blk_filter

        bedtools intersect -v -abam output/wasp/rmdup/CQTL_AM7754_FNF_Ankle_replicate.rmdup.bam -b /work/users/s/e/seyoun/CQTL_AI/external/blacklist_region/ENCFF356LFX.bed.gz > output/wasp/blk_filter/CQTL_AM7754_FNF_Ankle_replicate.blkfilter.bam 1> output/logs/blklistFilter_wasp_CQTL_AM7754_FNF_Ankle_replicate.out 2> output/logs/blklistFilter_wasp_CQTL_AM7754_FNF_Ankle_replicate.err
        
        samtools sort -o output/wasp/blk_filter/CQTL_AM7754_FNF_Ankle_replicate.sorted_final.bam output/wasp/blk_filter/CQTL_AM7754_FNF_Ankle_replicate.blkfilter.bam 1>> output/logs/blklistFilter_wasp_CQTL_AM7754_FNF_Ankle_replicate.out 2>> output/logs/blklistFilter_wasp_CQTL_AM7754_FNF_Ankle_replicate.err
        samtools index output/wasp/blk_filter/CQTL_AM7754_FNF_Ankle_replicate.sorted_final.bam 1>> output/logs/blklistFilter_wasp_CQTL_AM7754_FNF_Ankle_replicate.out 2>> output/logs/blklistFilter_wasp_CQTL_AM7754_FNF_Ankle_replicate.err
        samtools flagstat output/wasp/blk_filter/CQTL_AM7754_FNF_Ankle_replicate.sorted_final.bam > output/wasp/blk_filter/CQTL_AM7754_FNF_Ankle_replicate_stats.txt 2>> output/logs/blklistFilter_wasp_CQTL_AM7754_FNF_Ankle_replicate.err

        
Submitted job 44 with external jobid '57460393'.

[Sun Jan 19 17:08:15 2025]
rule rmblacklist_region:
    input: output/wasp/rmdup/CQTL_AM7778FE_CTL_Femur_1.rmdup.bam
    output: output/wasp/blk_filter/CQTL_AM7778FE_CTL_Femur_1.blkfilter.bam, output/wasp/blk_filter/CQTL_AM7778FE_CTL_Femur_1.sorted_final.bam, output/wasp/blk_filter/CQTL_AM7778FE_CTL_Femur_1.sorted_final.bam.bai, output/wasp/blk_filter/CQTL_AM7778FE_CTL_Femur_1_stats.txt
    log: output/logs/blklistFilter_wasp_CQTL_AM7778FE_CTL_Femur_1.err, output/logs/blklistFilter_wasp_CQTL_AM7778FE_CTL_Femur_1.out
    jobid: 46
    wildcards: sampleName=CQTL_AM7778FE_CTL_Femur_1
    threads: 4


        module load bedtools/2.30
        module load samtools/1.21
        mkdir -p output/wasp/blk_filter

        bedtools intersect -v -abam output/wasp/rmdup/CQTL_AM7778FE_CTL_Femur_1.rmdup.bam -b /work/users/s/e/seyoun/CQTL_AI/external/blacklist_region/ENCFF356LFX.bed.gz > output/wasp/blk_filter/CQTL_AM7778FE_CTL_Femur_1.blkfilter.bam 1> output/logs/blklistFilter_wasp_CQTL_AM7778FE_CTL_Femur_1.out 2> output/logs/blklistFilter_wasp_CQTL_AM7778FE_CTL_Femur_1.err
        
        samtools sort -o output/wasp/blk_filter/CQTL_AM7778FE_CTL_Femur_1.sorted_final.bam output/wasp/blk_filter/CQTL_AM7778FE_CTL_Femur_1.blkfilter.bam 1>> output/logs/blklistFilter_wasp_CQTL_AM7778FE_CTL_Femur_1.out 2>> output/logs/blklistFilter_wasp_CQTL_AM7778FE_CTL_Femur_1.err
        samtools index output/wasp/blk_filter/CQTL_AM7778FE_CTL_Femur_1.sorted_final.bam 1>> output/logs/blklistFilter_wasp_CQTL_AM7778FE_CTL_Femur_1.out 2>> output/logs/blklistFilter_wasp_CQTL_AM7778FE_CTL_Femur_1.err
        samtools flagstat output/wasp/blk_filter/CQTL_AM7778FE_CTL_Femur_1.sorted_final.bam > output/wasp/blk_filter/CQTL_AM7778FE_CTL_Femur_1_stats.txt 2>> output/logs/blklistFilter_wasp_CQTL_AM7778FE_CTL_Femur_1.err

        
Submitted job 46 with external jobid '57460394'.
[Sun Jan 19 17:22:47 2025]
Error in rule rmblacklist_region:
    jobid: 46
    output: output/wasp/blk_filter/CQTL_AM7778FE_CTL_Femur_1.blkfilter.bam, output/wasp/blk_filter/CQTL_AM7778FE_CTL_Femur_1.sorted_final.bam, output/wasp/blk_filter/CQTL_AM7778FE_CTL_Femur_1.sorted_final.bam.bai, output/wasp/blk_filter/CQTL_AM7778FE_CTL_Femur_1_stats.txt
    log: output/logs/blklistFilter_wasp_CQTL_AM7778FE_CTL_Femur_1.err, output/logs/blklistFilter_wasp_CQTL_AM7778FE_CTL_Femur_1.out (check log file(s) for error message)
    shell:
        
        module load bedtools/2.30
        module load samtools/1.21
        mkdir -p output/wasp/blk_filter

        bedtools intersect -v -abam output/wasp/rmdup/CQTL_AM7778FE_CTL_Femur_1.rmdup.bam -b /work/users/s/e/seyoun/CQTL_AI/external/blacklist_region/ENCFF356LFX.bed.gz > output/wasp/blk_filter/CQTL_AM7778FE_CTL_Femur_1.blkfilter.bam 1> output/logs/blklistFilter_wasp_CQTL_AM7778FE_CTL_Femur_1.out 2> output/logs/blklistFilter_wasp_CQTL_AM7778FE_CTL_Femur_1.err
        
        samtools sort -o output/wasp/blk_filter/CQTL_AM7778FE_CTL_Femur_1.sorted_final.bam output/wasp/blk_filter/CQTL_AM7778FE_CTL_Femur_1.blkfilter.bam 1>> output/logs/blklistFilter_wasp_CQTL_AM7778FE_CTL_Femur_1.out 2>> output/logs/blklistFilter_wasp_CQTL_AM7778FE_CTL_Femur_1.err
        samtools index output/wasp/blk_filter/CQTL_AM7778FE_CTL_Femur_1.sorted_final.bam 1>> output/logs/blklistFilter_wasp_CQTL_AM7778FE_CTL_Femur_1.out 2>> output/logs/blklistFilter_wasp_CQTL_AM7778FE_CTL_Femur_1.err
        samtools flagstat output/wasp/blk_filter/CQTL_AM7778FE_CTL_Femur_1.sorted_final.bam > output/wasp/blk_filter/CQTL_AM7778FE_CTL_Femur_1_stats.txt 2>> output/logs/blklistFilter_wasp_CQTL_AM7778FE_CTL_Femur_1.err

        
        (one of the commands exited with non-zero exit code; note that snakemake uses bash strict mode!)
    cluster_jobid: 57460394

Error executing rule rmblacklist_region on cluster (jobid: 46, external: 57460394, jobscript: /work/users/s/e/seyoun/CQTL_AI/.snakemake/tmp.w1ivderf/snakejob.rmblacklist_region.46.sh). For error details see the cluster log and the log files of the involved rule(s).
[Sun Jan 19 17:26:40 2025]
Error in rule rmblacklist_region:
    jobid: 43
    output: output/wasp/blk_filter/CQTL_AM7778FE_FNF_Femur_1.blkfilter.bam, output/wasp/blk_filter/CQTL_AM7778FE_FNF_Femur_1.sorted_final.bam, output/wasp/blk_filter/CQTL_AM7778FE_FNF_Femur_1.sorted_final.bam.bai, output/wasp/blk_filter/CQTL_AM7778FE_FNF_Femur_1_stats.txt
    log: output/logs/blklistFilter_wasp_CQTL_AM7778FE_FNF_Femur_1.err, output/logs/blklistFilter_wasp_CQTL_AM7778FE_FNF_Femur_1.out (check log file(s) for error message)
    shell:
        
        module load bedtools/2.30
        module load samtools/1.21
        mkdir -p output/wasp/blk_filter

        bedtools intersect -v -abam output/wasp/rmdup/CQTL_AM7778FE_FNF_Femur_1.rmdup.bam -b /work/users/s/e/seyoun/CQTL_AI/external/blacklist_region/ENCFF356LFX.bed.gz > output/wasp/blk_filter/CQTL_AM7778FE_FNF_Femur_1.blkfilter.bam 1> output/logs/blklistFilter_wasp_CQTL_AM7778FE_FNF_Femur_1.out 2> output/logs/blklistFilter_wasp_CQTL_AM7778FE_FNF_Femur_1.err
        
        samtools sort -o output/wasp/blk_filter/CQTL_AM7778FE_FNF_Femur_1.sorted_final.bam output/wasp/blk_filter/CQTL_AM7778FE_FNF_Femur_1.blkfilter.bam 1>> output/logs/blklistFilter_wasp_CQTL_AM7778FE_FNF_Femur_1.out 2>> output/logs/blklistFilter_wasp_CQTL_AM7778FE_FNF_Femur_1.err
        samtools index output/wasp/blk_filter/CQTL_AM7778FE_FNF_Femur_1.sorted_final.bam 1>> output/logs/blklistFilter_wasp_CQTL_AM7778FE_FNF_Femur_1.out 2>> output/logs/blklistFilter_wasp_CQTL_AM7778FE_FNF_Femur_1.err
        samtools flagstat output/wasp/blk_filter/CQTL_AM7778FE_FNF_Femur_1.sorted_final.bam > output/wasp/blk_filter/CQTL_AM7778FE_FNF_Femur_1_stats.txt 2>> output/logs/blklistFilter_wasp_CQTL_AM7778FE_FNF_Femur_1.err

        
        (one of the commands exited with non-zero exit code; note that snakemake uses bash strict mode!)
    cluster_jobid: 57460391

Error executing rule rmblacklist_region on cluster (jobid: 43, external: 57460391, jobscript: /work/users/s/e/seyoun/CQTL_AI/.snakemake/tmp.w1ivderf/snakejob.rmblacklist_region.43.sh). For error details see the cluster log and the log files of the involved rule(s).
[Sun Jan 19 17:26:44 2025]
Error in rule rmblacklist_region:
    jobid: 48
    output: output/wasp/blk_filter/CQTL_AM7755_CTL_Ankle_replicate.blkfilter.bam, output/wasp/blk_filter/CQTL_AM7755_CTL_Ankle_replicate.sorted_final.bam, output/wasp/blk_filter/CQTL_AM7755_CTL_Ankle_replicate.sorted_final.bam.bai, output/wasp/blk_filter/CQTL_AM7755_CTL_Ankle_replicate_stats.txt
    log: output/logs/blklistFilter_wasp_CQTL_AM7755_CTL_Ankle_replicate.err, output/logs/blklistFilter_wasp_CQTL_AM7755_CTL_Ankle_replicate.out (check log file(s) for error message)
    shell:
        
        module load bedtools/2.30
        module load samtools/1.21
        mkdir -p output/wasp/blk_filter

        bedtools intersect -v -abam output/wasp/rmdup/CQTL_AM7755_CTL_Ankle_replicate.rmdup.bam -b /work/users/s/e/seyoun/CQTL_AI/external/blacklist_region/ENCFF356LFX.bed.gz > output/wasp/blk_filter/CQTL_AM7755_CTL_Ankle_replicate.blkfilter.bam 1> output/logs/blklistFilter_wasp_CQTL_AM7755_CTL_Ankle_replicate.out 2> output/logs/blklistFilter_wasp_CQTL_AM7755_CTL_Ankle_replicate.err
        
        samtools sort -o output/wasp/blk_filter/CQTL_AM7755_CTL_Ankle_replicate.sorted_final.bam output/wasp/blk_filter/CQTL_AM7755_CTL_Ankle_replicate.blkfilter.bam 1>> output/logs/blklistFilter_wasp_CQTL_AM7755_CTL_Ankle_replicate.out 2>> output/logs/blklistFilter_wasp_CQTL_AM7755_CTL_Ankle_replicate.err
        samtools index output/wasp/blk_filter/CQTL_AM7755_CTL_Ankle_replicate.sorted_final.bam 1>> output/logs/blklistFilter_wasp_CQTL_AM7755_CTL_Ankle_replicate.out 2>> output/logs/blklistFilter_wasp_CQTL_AM7755_CTL_Ankle_replicate.err
        samtools flagstat output/wasp/blk_filter/CQTL_AM7755_CTL_Ankle_replicate.sorted_final.bam > output/wasp/blk_filter/CQTL_AM7755_CTL_Ankle_replicate_stats.txt 2>> output/logs/blklistFilter_wasp_CQTL_AM7755_CTL_Ankle_replicate.err

        
        (one of the commands exited with non-zero exit code; note that snakemake uses bash strict mode!)
    cluster_jobid: 57460392

Error executing rule rmblacklist_region on cluster (jobid: 48, external: 57460392, jobscript: /work/users/s/e/seyoun/CQTL_AI/.snakemake/tmp.w1ivderf/snakejob.rmblacklist_region.48.sh). For error details see the cluster log and the log files of the involved rule(s).
[Sun Jan 19 17:27:49 2025]
Error in rule rmblacklist_region:
    jobid: 45
    output: output/wasp/blk_filter/CQTL_AM7755_FNF_Ankle_replicate.blkfilter.bam, output/wasp/blk_filter/CQTL_AM7755_FNF_Ankle_replicate.sorted_final.bam, output/wasp/blk_filter/CQTL_AM7755_FNF_Ankle_replicate.sorted_final.bam.bai, output/wasp/blk_filter/CQTL_AM7755_FNF_Ankle_replicate_stats.txt
    log: output/logs/blklistFilter_wasp_CQTL_AM7755_FNF_Ankle_replicate.err, output/logs/blklistFilter_wasp_CQTL_AM7755_FNF_Ankle_replicate.out (check log file(s) for error message)
    shell:
        
        module load bedtools/2.30
        module load samtools/1.21
        mkdir -p output/wasp/blk_filter

        bedtools intersect -v -abam output/wasp/rmdup/CQTL_AM7755_FNF_Ankle_replicate.rmdup.bam -b /work/users/s/e/seyoun/CQTL_AI/external/blacklist_region/ENCFF356LFX.bed.gz > output/wasp/blk_filter/CQTL_AM7755_FNF_Ankle_replicate.blkfilter.bam 1> output/logs/blklistFilter_wasp_CQTL_AM7755_FNF_Ankle_replicate.out 2> output/logs/blklistFilter_wasp_CQTL_AM7755_FNF_Ankle_replicate.err
        
        samtools sort -o output/wasp/blk_filter/CQTL_AM7755_FNF_Ankle_replicate.sorted_final.bam output/wasp/blk_filter/CQTL_AM7755_FNF_Ankle_replicate.blkfilter.bam 1>> output/logs/blklistFilter_wasp_CQTL_AM7755_FNF_Ankle_replicate.out 2>> output/logs/blklistFilter_wasp_CQTL_AM7755_FNF_Ankle_replicate.err
        samtools index output/wasp/blk_filter/CQTL_AM7755_FNF_Ankle_replicate.sorted_final.bam 1>> output/logs/blklistFilter_wasp_CQTL_AM7755_FNF_Ankle_replicate.out 2>> output/logs/blklistFilter_wasp_CQTL_AM7755_FNF_Ankle_replicate.err
        samtools flagstat output/wasp/blk_filter/CQTL_AM7755_FNF_Ankle_replicate.sorted_final.bam > output/wasp/blk_filter/CQTL_AM7755_FNF_Ankle_replicate_stats.txt 2>> output/logs/blklistFilter_wasp_CQTL_AM7755_FNF_Ankle_replicate.err

        
        (one of the commands exited with non-zero exit code; note that snakemake uses bash strict mode!)
    cluster_jobid: 57460389

Error executing rule rmblacklist_region on cluster (jobid: 45, external: 57460389, jobscript: /work/users/s/e/seyoun/CQTL_AI/.snakemake/tmp.w1ivderf/snakejob.rmblacklist_region.45.sh). For error details see the cluster log and the log files of the involved rule(s).
[Sun Jan 19 17:29:04 2025]
Error in rule rmblacklist_region:
    jobid: 44
    output: output/wasp/blk_filter/CQTL_AM7754_FNF_Ankle_replicate.blkfilter.bam, output/wasp/blk_filter/CQTL_AM7754_FNF_Ankle_replicate.sorted_final.bam, output/wasp/blk_filter/CQTL_AM7754_FNF_Ankle_replicate.sorted_final.bam.bai, output/wasp/blk_filter/CQTL_AM7754_FNF_Ankle_replicate_stats.txt
    log: output/logs/blklistFilter_wasp_CQTL_AM7754_FNF_Ankle_replicate.err, output/logs/blklistFilter_wasp_CQTL_AM7754_FNF_Ankle_replicate.out (check log file(s) for error message)
    shell:
        
        module load bedtools/2.30
        module load samtools/1.21
        mkdir -p output/wasp/blk_filter

        bedtools intersect -v -abam output/wasp/rmdup/CQTL_AM7754_FNF_Ankle_replicate.rmdup.bam -b /work/users/s/e/seyoun/CQTL_AI/external/blacklist_region/ENCFF356LFX.bed.gz > output/wasp/blk_filter/CQTL_AM7754_FNF_Ankle_replicate.blkfilter.bam 1> output/logs/blklistFilter_wasp_CQTL_AM7754_FNF_Ankle_replicate.out 2> output/logs/blklistFilter_wasp_CQTL_AM7754_FNF_Ankle_replicate.err
        
        samtools sort -o output/wasp/blk_filter/CQTL_AM7754_FNF_Ankle_replicate.sorted_final.bam output/wasp/blk_filter/CQTL_AM7754_FNF_Ankle_replicate.blkfilter.bam 1>> output/logs/blklistFilter_wasp_CQTL_AM7754_FNF_Ankle_replicate.out 2>> output/logs/blklistFilter_wasp_CQTL_AM7754_FNF_Ankle_replicate.err
        samtools index output/wasp/blk_filter/CQTL_AM7754_FNF_Ankle_replicate.sorted_final.bam 1>> output/logs/blklistFilter_wasp_CQTL_AM7754_FNF_Ankle_replicate.out 2>> output/logs/blklistFilter_wasp_CQTL_AM7754_FNF_Ankle_replicate.err
        samtools flagstat output/wasp/blk_filter/CQTL_AM7754_FNF_Ankle_replicate.sorted_final.bam > output/wasp/blk_filter/CQTL_AM7754_FNF_Ankle_replicate_stats.txt 2>> output/logs/blklistFilter_wasp_CQTL_AM7754_FNF_Ankle_replicate.err

        
        (one of the commands exited with non-zero exit code; note that snakemake uses bash strict mode!)
    cluster_jobid: 57460393

Error executing rule rmblacklist_region on cluster (jobid: 44, external: 57460393, jobscript: /work/users/s/e/seyoun/CQTL_AI/.snakemake/tmp.w1ivderf/snakejob.rmblacklist_region.44.sh). For error details see the cluster log and the log files of the involved rule(s).
[Sun Jan 19 17:30:00 2025]
Error in rule rmblacklist_region:
    jobid: 47
    output: output/wasp/blk_filter/CQTL_AM7754_CTL_Ankle_replicate.blkfilter.bam, output/wasp/blk_filter/CQTL_AM7754_CTL_Ankle_replicate.sorted_final.bam, output/wasp/blk_filter/CQTL_AM7754_CTL_Ankle_replicate.sorted_final.bam.bai, output/wasp/blk_filter/CQTL_AM7754_CTL_Ankle_replicate_stats.txt
    log: output/logs/blklistFilter_wasp_CQTL_AM7754_CTL_Ankle_replicate.err, output/logs/blklistFilter_wasp_CQTL_AM7754_CTL_Ankle_replicate.out (check log file(s) for error message)
    shell:
        
        module load bedtools/2.30
        module load samtools/1.21
        mkdir -p output/wasp/blk_filter

        bedtools intersect -v -abam output/wasp/rmdup/CQTL_AM7754_CTL_Ankle_replicate.rmdup.bam -b /work/users/s/e/seyoun/CQTL_AI/external/blacklist_region/ENCFF356LFX.bed.gz > output/wasp/blk_filter/CQTL_AM7754_CTL_Ankle_replicate.blkfilter.bam 1> output/logs/blklistFilter_wasp_CQTL_AM7754_CTL_Ankle_replicate.out 2> output/logs/blklistFilter_wasp_CQTL_AM7754_CTL_Ankle_replicate.err
        
        samtools sort -o output/wasp/blk_filter/CQTL_AM7754_CTL_Ankle_replicate.sorted_final.bam output/wasp/blk_filter/CQTL_AM7754_CTL_Ankle_replicate.blkfilter.bam 1>> output/logs/blklistFilter_wasp_CQTL_AM7754_CTL_Ankle_replicate.out 2>> output/logs/blklistFilter_wasp_CQTL_AM7754_CTL_Ankle_replicate.err
        samtools index output/wasp/blk_filter/CQTL_AM7754_CTL_Ankle_replicate.sorted_final.bam 1>> output/logs/blklistFilter_wasp_CQTL_AM7754_CTL_Ankle_replicate.out 2>> output/logs/blklistFilter_wasp_CQTL_AM7754_CTL_Ankle_replicate.err
        samtools flagstat output/wasp/blk_filter/CQTL_AM7754_CTL_Ankle_replicate.sorted_final.bam > output/wasp/blk_filter/CQTL_AM7754_CTL_Ankle_replicate_stats.txt 2>> output/logs/blklistFilter_wasp_CQTL_AM7754_CTL_Ankle_replicate.err

        
        (one of the commands exited with non-zero exit code; note that snakemake uses bash strict mode!)
    cluster_jobid: 57460390

Error executing rule rmblacklist_region on cluster (jobid: 47, external: 57460390, jobscript: /work/users/s/e/seyoun/CQTL_AI/.snakemake/tmp.w1ivderf/snakejob.rmblacklist_region.47.sh). For error details see the cluster log and the log files of the involved rule(s).
Shutting down, this might take some time.
Exiting because a job execution failed. Look above for error message
Complete log: /work/users/s/e/seyoun/CQTL_AI/.snakemake/log/2025-01-19T170745.818692.snakemake.log
