Building DAG of jobs...
Using shell: /usr/bin/bash
Provided cluster nodes: 100
Job counts:
	count	jobs
	1	all_subset
	6	rmblacklist_region
	6	run_ataqv_subset
	13

[Fri Jan 24 12:48:10 2025]
rule rmblacklist_region:
    input: output/wasp/rmdup/CQTL_AM7754_FNF_Ankle_replicate.rmdup.bam
    output: output/wasp/blk_filter/CQTL_AM7754_FNF_Ankle_replicate.blkfilter.bam, output/wasp/blk_filter/CQTL_AM7754_FNF_Ankle_replicate.sorted_final.bam, output/wasp/blk_filter/CQTL_AM7754_FNF_Ankle_replicate.sorted_final.bam.bai, output/wasp/blk_filter/CQTL_AM7754_FNF_Ankle_replicate_stats.txt
    log: output/logs/blklistFilter_wasp_CQTL_AM7754_FNF_Ankle_replicate.err, output/logs/blklistFilter_wasp_CQTL_AM7754_FNF_Ankle_replicate.out
    jobid: 22
    wildcards: sampleName=CQTL_AM7754_FNF_Ankle_replicate
    threads: 4


        module load bedtools/2.30
        module load samtools/1.21
        mkdir -p output/wasp/blk_filter

        bedtools intersect -v -abam output/wasp/rmdup/CQTL_AM7754_FNF_Ankle_replicate.rmdup.bam -b /work/users/s/e/seyoun/CQTL_AI/external/blacklist_region/ENCFF356LFX.bed.gz > output/wasp/blk_filter/CQTL_AM7754_FNF_Ankle_replicate.blkfilter.bam 1> output/logs/blklistFilter_wasp_CQTL_AM7754_FNF_Ankle_replicate.out 2> output/logs/blklistFilter_wasp_CQTL_AM7754_FNF_Ankle_replicate.err
        
        samtools sort -o output/wasp/blk_filter/CQTL_AM7754_FNF_Ankle_replicate.sorted_final.bam output/wasp/blk_filter/CQTL_AM7754_FNF_Ankle_replicate.blkfilter.bam 1>> output/logs/blklistFilter_wasp_CQTL_AM7754_FNF_Ankle_replicate.out 2>> output/logs/blklistFilter_wasp_CQTL_AM7754_FNF_Ankle_replicate.err
        samtools index output/wasp/blk_filter/CQTL_AM7754_FNF_Ankle_replicate.sorted_final.bam 1>> output/logs/blklistFilter_wasp_CQTL_AM7754_FNF_Ankle_replicate.out 2>> output/logs/blklistFilter_wasp_CQTL_AM7754_FNF_Ankle_replicate.err
        samtools flagstat output/wasp/blk_filter/CQTL_AM7754_FNF_Ankle_replicate.sorted_final.bam > output/wasp/blk_filter/CQTL_AM7754_FNF_Ankle_replicate_stats.txt 2>> output/logs/blklistFilter_wasp_CQTL_AM7754_FNF_Ankle_replicate.err

        
Submitted job 22 with external jobid '57854885'.

[Fri Jan 24 12:48:16 2025]
rule rmblacklist_region:
    input: output/wasp/rmdup/CQTL_AM7755_CTL_Ankle_replicate.rmdup.bam
    output: output/wasp/blk_filter/CQTL_AM7755_CTL_Ankle_replicate.blkfilter.bam, output/wasp/blk_filter/CQTL_AM7755_CTL_Ankle_replicate.sorted_final.bam, output/wasp/blk_filter/CQTL_AM7755_CTL_Ankle_replicate.sorted_final.bam.bai, output/wasp/blk_filter/CQTL_AM7755_CTL_Ankle_replicate_stats.txt
    log: output/logs/blklistFilter_wasp_CQTL_AM7755_CTL_Ankle_replicate.err, output/logs/blklistFilter_wasp_CQTL_AM7755_CTL_Ankle_replicate.out
    jobid: 26
    wildcards: sampleName=CQTL_AM7755_CTL_Ankle_replicate
    threads: 4


        module load bedtools/2.30
        module load samtools/1.21
        mkdir -p output/wasp/blk_filter

        bedtools intersect -v -abam output/wasp/rmdup/CQTL_AM7755_CTL_Ankle_replicate.rmdup.bam -b /work/users/s/e/seyoun/CQTL_AI/external/blacklist_region/ENCFF356LFX.bed.gz > output/wasp/blk_filter/CQTL_AM7755_CTL_Ankle_replicate.blkfilter.bam 1> output/logs/blklistFilter_wasp_CQTL_AM7755_CTL_Ankle_replicate.out 2> output/logs/blklistFilter_wasp_CQTL_AM7755_CTL_Ankle_replicate.err
        
        samtools sort -o output/wasp/blk_filter/CQTL_AM7755_CTL_Ankle_replicate.sorted_final.bam output/wasp/blk_filter/CQTL_AM7755_CTL_Ankle_replicate.blkfilter.bam 1>> output/logs/blklistFilter_wasp_CQTL_AM7755_CTL_Ankle_replicate.out 2>> output/logs/blklistFilter_wasp_CQTL_AM7755_CTL_Ankle_replicate.err
        samtools index output/wasp/blk_filter/CQTL_AM7755_CTL_Ankle_replicate.sorted_final.bam 1>> output/logs/blklistFilter_wasp_CQTL_AM7755_CTL_Ankle_replicate.out 2>> output/logs/blklistFilter_wasp_CQTL_AM7755_CTL_Ankle_replicate.err
        samtools flagstat output/wasp/blk_filter/CQTL_AM7755_CTL_Ankle_replicate.sorted_final.bam > output/wasp/blk_filter/CQTL_AM7755_CTL_Ankle_replicate_stats.txt 2>> output/logs/blklistFilter_wasp_CQTL_AM7755_CTL_Ankle_replicate.err

        
Submitted job 26 with external jobid '57854886'.

[Fri Jan 24 12:48:21 2025]
rule rmblacklist_region:
    input: output/wasp/rmdup/CQTL_AM7778FE_FNF_Femur_1.rmdup.bam
    output: output/wasp/blk_filter/CQTL_AM7778FE_FNF_Femur_1.blkfilter.bam, output/wasp/blk_filter/CQTL_AM7778FE_FNF_Femur_1.sorted_final.bam, output/wasp/blk_filter/CQTL_AM7778FE_FNF_Femur_1.sorted_final.bam.bai, output/wasp/blk_filter/CQTL_AM7778FE_FNF_Femur_1_stats.txt
    log: output/logs/blklistFilter_wasp_CQTL_AM7778FE_FNF_Femur_1.err, output/logs/blklistFilter_wasp_CQTL_AM7778FE_FNF_Femur_1.out
    jobid: 21
    wildcards: sampleName=CQTL_AM7778FE_FNF_Femur_1
    threads: 4


        module load bedtools/2.30
        module load samtools/1.21
        mkdir -p output/wasp/blk_filter

        bedtools intersect -v -abam output/wasp/rmdup/CQTL_AM7778FE_FNF_Femur_1.rmdup.bam -b /work/users/s/e/seyoun/CQTL_AI/external/blacklist_region/ENCFF356LFX.bed.gz > output/wasp/blk_filter/CQTL_AM7778FE_FNF_Femur_1.blkfilter.bam 1> output/logs/blklistFilter_wasp_CQTL_AM7778FE_FNF_Femur_1.out 2> output/logs/blklistFilter_wasp_CQTL_AM7778FE_FNF_Femur_1.err
        
        samtools sort -o output/wasp/blk_filter/CQTL_AM7778FE_FNF_Femur_1.sorted_final.bam output/wasp/blk_filter/CQTL_AM7778FE_FNF_Femur_1.blkfilter.bam 1>> output/logs/blklistFilter_wasp_CQTL_AM7778FE_FNF_Femur_1.out 2>> output/logs/blklistFilter_wasp_CQTL_AM7778FE_FNF_Femur_1.err
        samtools index output/wasp/blk_filter/CQTL_AM7778FE_FNF_Femur_1.sorted_final.bam 1>> output/logs/blklistFilter_wasp_CQTL_AM7778FE_FNF_Femur_1.out 2>> output/logs/blklistFilter_wasp_CQTL_AM7778FE_FNF_Femur_1.err
        samtools flagstat output/wasp/blk_filter/CQTL_AM7778FE_FNF_Femur_1.sorted_final.bam > output/wasp/blk_filter/CQTL_AM7778FE_FNF_Femur_1_stats.txt 2>> output/logs/blklistFilter_wasp_CQTL_AM7778FE_FNF_Femur_1.err

        
Submitted job 21 with external jobid '57854887'.

[Fri Jan 24 12:48:26 2025]
rule rmblacklist_region:
    input: output/wasp/rmdup/CQTL_AM7778FE_CTL_Femur_1.rmdup.bam
    output: output/wasp/blk_filter/CQTL_AM7778FE_CTL_Femur_1.blkfilter.bam, output/wasp/blk_filter/CQTL_AM7778FE_CTL_Femur_1.sorted_final.bam, output/wasp/blk_filter/CQTL_AM7778FE_CTL_Femur_1.sorted_final.bam.bai, output/wasp/blk_filter/CQTL_AM7778FE_CTL_Femur_1_stats.txt
    log: output/logs/blklistFilter_wasp_CQTL_AM7778FE_CTL_Femur_1.err, output/logs/blklistFilter_wasp_CQTL_AM7778FE_CTL_Femur_1.out
    jobid: 24
    wildcards: sampleName=CQTL_AM7778FE_CTL_Femur_1
    threads: 4


        module load bedtools/2.30
        module load samtools/1.21
        mkdir -p output/wasp/blk_filter

        bedtools intersect -v -abam output/wasp/rmdup/CQTL_AM7778FE_CTL_Femur_1.rmdup.bam -b /work/users/s/e/seyoun/CQTL_AI/external/blacklist_region/ENCFF356LFX.bed.gz > output/wasp/blk_filter/CQTL_AM7778FE_CTL_Femur_1.blkfilter.bam 1> output/logs/blklistFilter_wasp_CQTL_AM7778FE_CTL_Femur_1.out 2> output/logs/blklistFilter_wasp_CQTL_AM7778FE_CTL_Femur_1.err
        
        samtools sort -o output/wasp/blk_filter/CQTL_AM7778FE_CTL_Femur_1.sorted_final.bam output/wasp/blk_filter/CQTL_AM7778FE_CTL_Femur_1.blkfilter.bam 1>> output/logs/blklistFilter_wasp_CQTL_AM7778FE_CTL_Femur_1.out 2>> output/logs/blklistFilter_wasp_CQTL_AM7778FE_CTL_Femur_1.err
        samtools index output/wasp/blk_filter/CQTL_AM7778FE_CTL_Femur_1.sorted_final.bam 1>> output/logs/blklistFilter_wasp_CQTL_AM7778FE_CTL_Femur_1.out 2>> output/logs/blklistFilter_wasp_CQTL_AM7778FE_CTL_Femur_1.err
        samtools flagstat output/wasp/blk_filter/CQTL_AM7778FE_CTL_Femur_1.sorted_final.bam > output/wasp/blk_filter/CQTL_AM7778FE_CTL_Femur_1_stats.txt 2>> output/logs/blklistFilter_wasp_CQTL_AM7778FE_CTL_Femur_1.err

        
Submitted job 24 with external jobid '57854889'.

[Fri Jan 24 12:48:31 2025]
rule rmblacklist_region:
    input: output/wasp/rmdup/CQTL_AM7755_FNF_Ankle_replicate.rmdup.bam
    output: output/wasp/blk_filter/CQTL_AM7755_FNF_Ankle_replicate.blkfilter.bam, output/wasp/blk_filter/CQTL_AM7755_FNF_Ankle_replicate.sorted_final.bam, output/wasp/blk_filter/CQTL_AM7755_FNF_Ankle_replicate.sorted_final.bam.bai, output/wasp/blk_filter/CQTL_AM7755_FNF_Ankle_replicate_stats.txt
    log: output/logs/blklistFilter_wasp_CQTL_AM7755_FNF_Ankle_replicate.err, output/logs/blklistFilter_wasp_CQTL_AM7755_FNF_Ankle_replicate.out
    jobid: 23
    wildcards: sampleName=CQTL_AM7755_FNF_Ankle_replicate
    threads: 4


        module load bedtools/2.30
        module load samtools/1.21
        mkdir -p output/wasp/blk_filter

        bedtools intersect -v -abam output/wasp/rmdup/CQTL_AM7755_FNF_Ankle_replicate.rmdup.bam -b /work/users/s/e/seyoun/CQTL_AI/external/blacklist_region/ENCFF356LFX.bed.gz > output/wasp/blk_filter/CQTL_AM7755_FNF_Ankle_replicate.blkfilter.bam 1> output/logs/blklistFilter_wasp_CQTL_AM7755_FNF_Ankle_replicate.out 2> output/logs/blklistFilter_wasp_CQTL_AM7755_FNF_Ankle_replicate.err
        
        samtools sort -o output/wasp/blk_filter/CQTL_AM7755_FNF_Ankle_replicate.sorted_final.bam output/wasp/blk_filter/CQTL_AM7755_FNF_Ankle_replicate.blkfilter.bam 1>> output/logs/blklistFilter_wasp_CQTL_AM7755_FNF_Ankle_replicate.out 2>> output/logs/blklistFilter_wasp_CQTL_AM7755_FNF_Ankle_replicate.err
        samtools index output/wasp/blk_filter/CQTL_AM7755_FNF_Ankle_replicate.sorted_final.bam 1>> output/logs/blklistFilter_wasp_CQTL_AM7755_FNF_Ankle_replicate.out 2>> output/logs/blklistFilter_wasp_CQTL_AM7755_FNF_Ankle_replicate.err
        samtools flagstat output/wasp/blk_filter/CQTL_AM7755_FNF_Ankle_replicate.sorted_final.bam > output/wasp/blk_filter/CQTL_AM7755_FNF_Ankle_replicate_stats.txt 2>> output/logs/blklistFilter_wasp_CQTL_AM7755_FNF_Ankle_replicate.err

        
Submitted job 23 with external jobid '57854890'.

[Fri Jan 24 12:48:36 2025]
rule rmblacklist_region:
    input: output/wasp/rmdup/CQTL_AM7754_CTL_Ankle_replicate.rmdup.bam
    output: output/wasp/blk_filter/CQTL_AM7754_CTL_Ankle_replicate.blkfilter.bam, output/wasp/blk_filter/CQTL_AM7754_CTL_Ankle_replicate.sorted_final.bam, output/wasp/blk_filter/CQTL_AM7754_CTL_Ankle_replicate.sorted_final.bam.bai, output/wasp/blk_filter/CQTL_AM7754_CTL_Ankle_replicate_stats.txt
    log: output/logs/blklistFilter_wasp_CQTL_AM7754_CTL_Ankle_replicate.err, output/logs/blklistFilter_wasp_CQTL_AM7754_CTL_Ankle_replicate.out
    jobid: 25
    wildcards: sampleName=CQTL_AM7754_CTL_Ankle_replicate
    threads: 4


        module load bedtools/2.30
        module load samtools/1.21
        mkdir -p output/wasp/blk_filter

        bedtools intersect -v -abam output/wasp/rmdup/CQTL_AM7754_CTL_Ankle_replicate.rmdup.bam -b /work/users/s/e/seyoun/CQTL_AI/external/blacklist_region/ENCFF356LFX.bed.gz > output/wasp/blk_filter/CQTL_AM7754_CTL_Ankle_replicate.blkfilter.bam 1> output/logs/blklistFilter_wasp_CQTL_AM7754_CTL_Ankle_replicate.out 2> output/logs/blklistFilter_wasp_CQTL_AM7754_CTL_Ankle_replicate.err
        
        samtools sort -o output/wasp/blk_filter/CQTL_AM7754_CTL_Ankle_replicate.sorted_final.bam output/wasp/blk_filter/CQTL_AM7754_CTL_Ankle_replicate.blkfilter.bam 1>> output/logs/blklistFilter_wasp_CQTL_AM7754_CTL_Ankle_replicate.out 2>> output/logs/blklistFilter_wasp_CQTL_AM7754_CTL_Ankle_replicate.err
        samtools index output/wasp/blk_filter/CQTL_AM7754_CTL_Ankle_replicate.sorted_final.bam 1>> output/logs/blklistFilter_wasp_CQTL_AM7754_CTL_Ankle_replicate.out 2>> output/logs/blklistFilter_wasp_CQTL_AM7754_CTL_Ankle_replicate.err
        samtools flagstat output/wasp/blk_filter/CQTL_AM7754_CTL_Ankle_replicate.sorted_final.bam > output/wasp/blk_filter/CQTL_AM7754_CTL_Ankle_replicate_stats.txt 2>> output/logs/blklistFilter_wasp_CQTL_AM7754_CTL_Ankle_replicate.err

        
Submitted job 25 with external jobid '57854891'.
[Fri Jan 24 13:03:01 2025]
Error in rule rmblacklist_region:
    jobid: 24
    output: output/wasp/blk_filter/CQTL_AM7778FE_CTL_Femur_1.blkfilter.bam, output/wasp/blk_filter/CQTL_AM7778FE_CTL_Femur_1.sorted_final.bam, output/wasp/blk_filter/CQTL_AM7778FE_CTL_Femur_1.sorted_final.bam.bai, output/wasp/blk_filter/CQTL_AM7778FE_CTL_Femur_1_stats.txt
    log: output/logs/blklistFilter_wasp_CQTL_AM7778FE_CTL_Femur_1.err, output/logs/blklistFilter_wasp_CQTL_AM7778FE_CTL_Femur_1.out (check log file(s) for error message)
    shell:
        
        module load bedtools/2.30
        module load samtools/1.21
        mkdir -p output/wasp/blk_filter

        bedtools intersect -v -abam output/wasp/rmdup/CQTL_AM7778FE_CTL_Femur_1.rmdup.bam -b /work/users/s/e/seyoun/CQTL_AI/external/blacklist_region/ENCFF356LFX.bed.gz > output/wasp/blk_filter/CQTL_AM7778FE_CTL_Femur_1.blkfilter.bam 1> output/logs/blklistFilter_wasp_CQTL_AM7778FE_CTL_Femur_1.out 2> output/logs/blklistFilter_wasp_CQTL_AM7778FE_CTL_Femur_1.err
        
        samtools sort -o output/wasp/blk_filter/CQTL_AM7778FE_CTL_Femur_1.sorted_final.bam output/wasp/blk_filter/CQTL_AM7778FE_CTL_Femur_1.blkfilter.bam 1>> output/logs/blklistFilter_wasp_CQTL_AM7778FE_CTL_Femur_1.out 2>> output/logs/blklistFilter_wasp_CQTL_AM7778FE_CTL_Femur_1.err
        samtools index output/wasp/blk_filter/CQTL_AM7778FE_CTL_Femur_1.sorted_final.bam 1>> output/logs/blklistFilter_wasp_CQTL_AM7778FE_CTL_Femur_1.out 2>> output/logs/blklistFilter_wasp_CQTL_AM7778FE_CTL_Femur_1.err
        samtools flagstat output/wasp/blk_filter/CQTL_AM7778FE_CTL_Femur_1.sorted_final.bam > output/wasp/blk_filter/CQTL_AM7778FE_CTL_Femur_1_stats.txt 2>> output/logs/blklistFilter_wasp_CQTL_AM7778FE_CTL_Femur_1.err

        
        (one of the commands exited with non-zero exit code; note that snakemake uses bash strict mode!)
    cluster_jobid: 57854889

Error executing rule rmblacklist_region on cluster (jobid: 24, external: 57854889, jobscript: /work/users/s/e/seyoun/CQTL_AI/.snakemake/tmp.63v0_nyd/snakejob.rmblacklist_region.24.sh). For error details see the cluster log and the log files of the involved rule(s).
[Fri Jan 24 13:08:58 2025]
Error in rule rmblacklist_region:
    jobid: 26
    output: output/wasp/blk_filter/CQTL_AM7755_CTL_Ankle_replicate.blkfilter.bam, output/wasp/blk_filter/CQTL_AM7755_CTL_Ankle_replicate.sorted_final.bam, output/wasp/blk_filter/CQTL_AM7755_CTL_Ankle_replicate.sorted_final.bam.bai, output/wasp/blk_filter/CQTL_AM7755_CTL_Ankle_replicate_stats.txt
    log: output/logs/blklistFilter_wasp_CQTL_AM7755_CTL_Ankle_replicate.err, output/logs/blklistFilter_wasp_CQTL_AM7755_CTL_Ankle_replicate.out (check log file(s) for error message)
    shell:
        
        module load bedtools/2.30
        module load samtools/1.21
        mkdir -p output/wasp/blk_filter

        bedtools intersect -v -abam output/wasp/rmdup/CQTL_AM7755_CTL_Ankle_replicate.rmdup.bam -b /work/users/s/e/seyoun/CQTL_AI/external/blacklist_region/ENCFF356LFX.bed.gz > output/wasp/blk_filter/CQTL_AM7755_CTL_Ankle_replicate.blkfilter.bam 1> output/logs/blklistFilter_wasp_CQTL_AM7755_CTL_Ankle_replicate.out 2> output/logs/blklistFilter_wasp_CQTL_AM7755_CTL_Ankle_replicate.err
        
        samtools sort -o output/wasp/blk_filter/CQTL_AM7755_CTL_Ankle_replicate.sorted_final.bam output/wasp/blk_filter/CQTL_AM7755_CTL_Ankle_replicate.blkfilter.bam 1>> output/logs/blklistFilter_wasp_CQTL_AM7755_CTL_Ankle_replicate.out 2>> output/logs/blklistFilter_wasp_CQTL_AM7755_CTL_Ankle_replicate.err
        samtools index output/wasp/blk_filter/CQTL_AM7755_CTL_Ankle_replicate.sorted_final.bam 1>> output/logs/blklistFilter_wasp_CQTL_AM7755_CTL_Ankle_replicate.out 2>> output/logs/blklistFilter_wasp_CQTL_AM7755_CTL_Ankle_replicate.err
        samtools flagstat output/wasp/blk_filter/CQTL_AM7755_CTL_Ankle_replicate.sorted_final.bam > output/wasp/blk_filter/CQTL_AM7755_CTL_Ankle_replicate_stats.txt 2>> output/logs/blklistFilter_wasp_CQTL_AM7755_CTL_Ankle_replicate.err

        
        (one of the commands exited with non-zero exit code; note that snakemake uses bash strict mode!)
    cluster_jobid: 57854886

Error executing rule rmblacklist_region on cluster (jobid: 26, external: 57854886, jobscript: /work/users/s/e/seyoun/CQTL_AI/.snakemake/tmp.63v0_nyd/snakejob.rmblacklist_region.26.sh). For error details see the cluster log and the log files of the involved rule(s).
[Fri Jan 24 13:09:40 2025]
Error in rule rmblacklist_region:
    jobid: 21
    output: output/wasp/blk_filter/CQTL_AM7778FE_FNF_Femur_1.blkfilter.bam, output/wasp/blk_filter/CQTL_AM7778FE_FNF_Femur_1.sorted_final.bam, output/wasp/blk_filter/CQTL_AM7778FE_FNF_Femur_1.sorted_final.bam.bai, output/wasp/blk_filter/CQTL_AM7778FE_FNF_Femur_1_stats.txt
    log: output/logs/blklistFilter_wasp_CQTL_AM7778FE_FNF_Femur_1.err, output/logs/blklistFilter_wasp_CQTL_AM7778FE_FNF_Femur_1.out (check log file(s) for error message)
    shell:
        
        module load bedtools/2.30
        module load samtools/1.21
        mkdir -p output/wasp/blk_filter

        bedtools intersect -v -abam output/wasp/rmdup/CQTL_AM7778FE_FNF_Femur_1.rmdup.bam -b /work/users/s/e/seyoun/CQTL_AI/external/blacklist_region/ENCFF356LFX.bed.gz > output/wasp/blk_filter/CQTL_AM7778FE_FNF_Femur_1.blkfilter.bam 1> output/logs/blklistFilter_wasp_CQTL_AM7778FE_FNF_Femur_1.out 2> output/logs/blklistFilter_wasp_CQTL_AM7778FE_FNF_Femur_1.err
        
        samtools sort -o output/wasp/blk_filter/CQTL_AM7778FE_FNF_Femur_1.sorted_final.bam output/wasp/blk_filter/CQTL_AM7778FE_FNF_Femur_1.blkfilter.bam 1>> output/logs/blklistFilter_wasp_CQTL_AM7778FE_FNF_Femur_1.out 2>> output/logs/blklistFilter_wasp_CQTL_AM7778FE_FNF_Femur_1.err
        samtools index output/wasp/blk_filter/CQTL_AM7778FE_FNF_Femur_1.sorted_final.bam 1>> output/logs/blklistFilter_wasp_CQTL_AM7778FE_FNF_Femur_1.out 2>> output/logs/blklistFilter_wasp_CQTL_AM7778FE_FNF_Femur_1.err
        samtools flagstat output/wasp/blk_filter/CQTL_AM7778FE_FNF_Femur_1.sorted_final.bam > output/wasp/blk_filter/CQTL_AM7778FE_FNF_Femur_1_stats.txt 2>> output/logs/blklistFilter_wasp_CQTL_AM7778FE_FNF_Femur_1.err

        
        (one of the commands exited with non-zero exit code; note that snakemake uses bash strict mode!)
    cluster_jobid: 57854887

Error executing rule rmblacklist_region on cluster (jobid: 21, external: 57854887, jobscript: /work/users/s/e/seyoun/CQTL_AI/.snakemake/tmp.63v0_nyd/snakejob.rmblacklist_region.21.sh). For error details see the cluster log and the log files of the involved rule(s).
[Fri Jan 24 13:10:48 2025]
Error in rule rmblacklist_region:
    jobid: 23
    output: output/wasp/blk_filter/CQTL_AM7755_FNF_Ankle_replicate.blkfilter.bam, output/wasp/blk_filter/CQTL_AM7755_FNF_Ankle_replicate.sorted_final.bam, output/wasp/blk_filter/CQTL_AM7755_FNF_Ankle_replicate.sorted_final.bam.bai, output/wasp/blk_filter/CQTL_AM7755_FNF_Ankle_replicate_stats.txt
    log: output/logs/blklistFilter_wasp_CQTL_AM7755_FNF_Ankle_replicate.err, output/logs/blklistFilter_wasp_CQTL_AM7755_FNF_Ankle_replicate.out (check log file(s) for error message)
    shell:
        
        module load bedtools/2.30
        module load samtools/1.21
        mkdir -p output/wasp/blk_filter

        bedtools intersect -v -abam output/wasp/rmdup/CQTL_AM7755_FNF_Ankle_replicate.rmdup.bam -b /work/users/s/e/seyoun/CQTL_AI/external/blacklist_region/ENCFF356LFX.bed.gz > output/wasp/blk_filter/CQTL_AM7755_FNF_Ankle_replicate.blkfilter.bam 1> output/logs/blklistFilter_wasp_CQTL_AM7755_FNF_Ankle_replicate.out 2> output/logs/blklistFilter_wasp_CQTL_AM7755_FNF_Ankle_replicate.err
        
        samtools sort -o output/wasp/blk_filter/CQTL_AM7755_FNF_Ankle_replicate.sorted_final.bam output/wasp/blk_filter/CQTL_AM7755_FNF_Ankle_replicate.blkfilter.bam 1>> output/logs/blklistFilter_wasp_CQTL_AM7755_FNF_Ankle_replicate.out 2>> output/logs/blklistFilter_wasp_CQTL_AM7755_FNF_Ankle_replicate.err
        samtools index output/wasp/blk_filter/CQTL_AM7755_FNF_Ankle_replicate.sorted_final.bam 1>> output/logs/blklistFilter_wasp_CQTL_AM7755_FNF_Ankle_replicate.out 2>> output/logs/blklistFilter_wasp_CQTL_AM7755_FNF_Ankle_replicate.err
        samtools flagstat output/wasp/blk_filter/CQTL_AM7755_FNF_Ankle_replicate.sorted_final.bam > output/wasp/blk_filter/CQTL_AM7755_FNF_Ankle_replicate_stats.txt 2>> output/logs/blklistFilter_wasp_CQTL_AM7755_FNF_Ankle_replicate.err

        
        (one of the commands exited with non-zero exit code; note that snakemake uses bash strict mode!)
    cluster_jobid: 57854890

Error executing rule rmblacklist_region on cluster (jobid: 23, external: 57854890, jobscript: /work/users/s/e/seyoun/CQTL_AI/.snakemake/tmp.63v0_nyd/snakejob.rmblacklist_region.23.sh). For error details see the cluster log and the log files of the involved rule(s).
[Fri Jan 24 13:12:02 2025]
Error in rule rmblacklist_region:
    jobid: 22
    output: output/wasp/blk_filter/CQTL_AM7754_FNF_Ankle_replicate.blkfilter.bam, output/wasp/blk_filter/CQTL_AM7754_FNF_Ankle_replicate.sorted_final.bam, output/wasp/blk_filter/CQTL_AM7754_FNF_Ankle_replicate.sorted_final.bam.bai, output/wasp/blk_filter/CQTL_AM7754_FNF_Ankle_replicate_stats.txt
    log: output/logs/blklistFilter_wasp_CQTL_AM7754_FNF_Ankle_replicate.err, output/logs/blklistFilter_wasp_CQTL_AM7754_FNF_Ankle_replicate.out (check log file(s) for error message)
    shell:
        
        module load bedtools/2.30
        module load samtools/1.21
        mkdir -p output/wasp/blk_filter

        bedtools intersect -v -abam output/wasp/rmdup/CQTL_AM7754_FNF_Ankle_replicate.rmdup.bam -b /work/users/s/e/seyoun/CQTL_AI/external/blacklist_region/ENCFF356LFX.bed.gz > output/wasp/blk_filter/CQTL_AM7754_FNF_Ankle_replicate.blkfilter.bam 1> output/logs/blklistFilter_wasp_CQTL_AM7754_FNF_Ankle_replicate.out 2> output/logs/blklistFilter_wasp_CQTL_AM7754_FNF_Ankle_replicate.err
        
        samtools sort -o output/wasp/blk_filter/CQTL_AM7754_FNF_Ankle_replicate.sorted_final.bam output/wasp/blk_filter/CQTL_AM7754_FNF_Ankle_replicate.blkfilter.bam 1>> output/logs/blklistFilter_wasp_CQTL_AM7754_FNF_Ankle_replicate.out 2>> output/logs/blklistFilter_wasp_CQTL_AM7754_FNF_Ankle_replicate.err
        samtools index output/wasp/blk_filter/CQTL_AM7754_FNF_Ankle_replicate.sorted_final.bam 1>> output/logs/blklistFilter_wasp_CQTL_AM7754_FNF_Ankle_replicate.out 2>> output/logs/blklistFilter_wasp_CQTL_AM7754_FNF_Ankle_replicate.err
        samtools flagstat output/wasp/blk_filter/CQTL_AM7754_FNF_Ankle_replicate.sorted_final.bam > output/wasp/blk_filter/CQTL_AM7754_FNF_Ankle_replicate_stats.txt 2>> output/logs/blklistFilter_wasp_CQTL_AM7754_FNF_Ankle_replicate.err

        
        (one of the commands exited with non-zero exit code; note that snakemake uses bash strict mode!)
    cluster_jobid: 57854885

Error executing rule rmblacklist_region on cluster (jobid: 22, external: 57854885, jobscript: /work/users/s/e/seyoun/CQTL_AI/.snakemake/tmp.63v0_nyd/snakejob.rmblacklist_region.22.sh). For error details see the cluster log and the log files of the involved rule(s).
[Fri Jan 24 13:13:30 2025]
Error in rule rmblacklist_region:
    jobid: 25
    output: output/wasp/blk_filter/CQTL_AM7754_CTL_Ankle_replicate.blkfilter.bam, output/wasp/blk_filter/CQTL_AM7754_CTL_Ankle_replicate.sorted_final.bam, output/wasp/blk_filter/CQTL_AM7754_CTL_Ankle_replicate.sorted_final.bam.bai, output/wasp/blk_filter/CQTL_AM7754_CTL_Ankle_replicate_stats.txt
    log: output/logs/blklistFilter_wasp_CQTL_AM7754_CTL_Ankle_replicate.err, output/logs/blklistFilter_wasp_CQTL_AM7754_CTL_Ankle_replicate.out (check log file(s) for error message)
    shell:
        
        module load bedtools/2.30
        module load samtools/1.21
        mkdir -p output/wasp/blk_filter

        bedtools intersect -v -abam output/wasp/rmdup/CQTL_AM7754_CTL_Ankle_replicate.rmdup.bam -b /work/users/s/e/seyoun/CQTL_AI/external/blacklist_region/ENCFF356LFX.bed.gz > output/wasp/blk_filter/CQTL_AM7754_CTL_Ankle_replicate.blkfilter.bam 1> output/logs/blklistFilter_wasp_CQTL_AM7754_CTL_Ankle_replicate.out 2> output/logs/blklistFilter_wasp_CQTL_AM7754_CTL_Ankle_replicate.err
        
        samtools sort -o output/wasp/blk_filter/CQTL_AM7754_CTL_Ankle_replicate.sorted_final.bam output/wasp/blk_filter/CQTL_AM7754_CTL_Ankle_replicate.blkfilter.bam 1>> output/logs/blklistFilter_wasp_CQTL_AM7754_CTL_Ankle_replicate.out 2>> output/logs/blklistFilter_wasp_CQTL_AM7754_CTL_Ankle_replicate.err
        samtools index output/wasp/blk_filter/CQTL_AM7754_CTL_Ankle_replicate.sorted_final.bam 1>> output/logs/blklistFilter_wasp_CQTL_AM7754_CTL_Ankle_replicate.out 2>> output/logs/blklistFilter_wasp_CQTL_AM7754_CTL_Ankle_replicate.err
        samtools flagstat output/wasp/blk_filter/CQTL_AM7754_CTL_Ankle_replicate.sorted_final.bam > output/wasp/blk_filter/CQTL_AM7754_CTL_Ankle_replicate_stats.txt 2>> output/logs/blklistFilter_wasp_CQTL_AM7754_CTL_Ankle_replicate.err

        
        (one of the commands exited with non-zero exit code; note that snakemake uses bash strict mode!)
    cluster_jobid: 57854891

Error executing rule rmblacklist_region on cluster (jobid: 25, external: 57854891, jobscript: /work/users/s/e/seyoun/CQTL_AI/.snakemake/tmp.63v0_nyd/snakejob.rmblacklist_region.25.sh). For error details see the cluster log and the log files of the involved rule(s).
Shutting down, this might take some time.
Exiting because a job execution failed. Look above for error message
Complete log: /work/users/s/e/seyoun/CQTL_AI/.snakemake/log/2025-01-24T124804.877936.snakemake.log
