Building DAG of jobs...
File path 'output/peaks/rocco/CQTL_AM7677_CTL_Ankle_1_peaks.bed ' ends with whitespace. This is likely unintended. It can also lead to inconsistent results of the file-matching approach used by Snakemake.
File path 'output/peaks/rocco/CQTL_AM7678_CTL_Ankle_1_peaks.bed ' ends with whitespace. This is likely unintended. It can also lead to inconsistent results of the file-matching approach used by Snakemake.
File path 'output/peaks/rocco/CQTL_AM7679_CTL_Ankle_1_peaks.bed ' ends with whitespace. This is likely unintended. It can also lead to inconsistent results of the file-matching approach used by Snakemake.
File path 'output/peaks/rocco/CQTL_AM7711_CTL_Ankle_1_peaks.bed ' ends with whitespace. This is likely unintended. It can also lead to inconsistent results of the file-matching approach used by Snakemake.
File path 'output/peaks/rocco/CQTL_AM7712_CTL_Ankle_1_peaks.bed ' ends with whitespace. This is likely unintended. It can also lead to inconsistent results of the file-matching approach used by Snakemake.
File path 'output/peaks/rocco/CQTL_AM7717_CTL_Ankle_1_peaks.bed ' ends with whitespace. This is likely unintended. It can also lead to inconsistent results of the file-matching approach used by Snakemake.
File path 'output/peaks/rocco/CQTL_AM7726_CTL_Ankle_1_peaks.bed ' ends with whitespace. This is likely unintended. It can also lead to inconsistent results of the file-matching approach used by Snakemake.
File path 'output/peaks/rocco/CQTL_AM7727_CTL_Ankle_1_peaks.bed ' ends with whitespace. This is likely unintended. It can also lead to inconsistent results of the file-matching approach used by Snakemake.
File path 'output/peaks/rocco/CQTL_AM7735_CTL_Ankle_1_peaks.bed ' ends with whitespace. This is likely unintended. It can also lead to inconsistent results of the file-matching approach used by Snakemake.
File path 'output/peaks/rocco/CQTL_AM7754_CTL_Ankle_1_peaks.bed ' ends with whitespace. This is likely unintended. It can also lead to inconsistent results of the file-matching approach used by Snakemake.
File path 'output/peaks/rocco/CQTL_AM7755_CTL_Ankle_1_peaks.bed ' ends with whitespace. This is likely unintended. It can also lead to inconsistent results of the file-matching approach used by Snakemake.
File path 'output/peaks/rocco/CQTL_AM7763_CTL_Ankle_1_peaks.bed ' ends with whitespace. This is likely unintended. It can also lead to inconsistent results of the file-matching approach used by Snakemake.
File path 'output/peaks/rocco/CQTL_AM7765_CTL_Ankle_1_peaks.bed ' ends with whitespace. This is likely unintended. It can also lead to inconsistent results of the file-matching approach used by Snakemake.
File path 'output/peaks/rocco/CQTL_AM7769_CTL_Ankle_1_peaks.bed ' ends with whitespace. This is likely unintended. It can also lead to inconsistent results of the file-matching approach used by Snakemake.
File path 'output/peaks/rocco/CQTL_AM7771_CTL_Ankle_1_peaks.bed ' ends with whitespace. This is likely unintended. It can also lead to inconsistent results of the file-matching approach used by Snakemake.
File path 'output/peaks/rocco/CQTL_AM7775_CTL_Ankle_1_peaks.bed ' ends with whitespace. This is likely unintended. It can also lead to inconsistent results of the file-matching approach used by Snakemake.
File path 'output/peaks/rocco/CQTL_AM7778_CTL_Ankle_1_peaks.bed ' ends with whitespace. This is likely unintended. It can also lead to inconsistent results of the file-matching approach used by Snakemake.
File path 'output/peaks/rocco/CQTL_AM7780_CTL_Ankle_1_peaks.bed ' ends with whitespace. This is likely unintended. It can also lead to inconsistent results of the file-matching approach used by Snakemake.
File path 'output/peaks/rocco/CQTL_AM7781_CTL_Ankle_1_peaks.bed ' ends with whitespace. This is likely unintended. It can also lead to inconsistent results of the file-matching approach used by Snakemake.
File path 'output/peaks/rocco/CQTL_AM7785_CTL_Ankle_1_peaks.bed ' ends with whitespace. This is likely unintended. It can also lead to inconsistent results of the file-matching approach used by Snakemake.
File path 'output/peaks/rocco/CQTL_AM7786_CTL_Ankle_1_peaks.bed ' ends with whitespace. This is likely unintended. It can also lead to inconsistent results of the file-matching approach used by Snakemake.
File path 'output/peaks/rocco/CQTL_AM7677_FNF_Ankle_1_peaks.bed ' ends with whitespace. This is likely unintended. It can also lead to inconsistent results of the file-matching approach used by Snakemake.
File path 'output/peaks/rocco/CQTL_AM7678_FNF_Ankle_1_peaks.bed ' ends with whitespace. This is likely unintended. It can also lead to inconsistent results of the file-matching approach used by Snakemake.
File path 'output/peaks/rocco/CQTL_AM7679_FNF_Ankle_1_peaks.bed ' ends with whitespace. This is likely unintended. It can also lead to inconsistent results of the file-matching approach used by Snakemake.
File path 'output/peaks/rocco/CQTL_AM7711_FNF_Ankle_1_peaks.bed ' ends with whitespace. This is likely unintended. It can also lead to inconsistent results of the file-matching approach used by Snakemake.
File path 'output/peaks/rocco/CQTL_AM7712_FNF_Ankle_1_peaks.bed ' ends with whitespace. This is likely unintended. It can also lead to inconsistent results of the file-matching approach used by Snakemake.
File path 'output/peaks/rocco/CQTL_AM7717_FNF_Ankle_1_peaks.bed ' ends with whitespace. This is likely unintended. It can also lead to inconsistent results of the file-matching approach used by Snakemake.
File path 'output/peaks/rocco/CQTL_AM7726_FNF_Ankle_1_peaks.bed ' ends with whitespace. This is likely unintended. It can also lead to inconsistent results of the file-matching approach used by Snakemake.
File path 'output/peaks/rocco/CQTL_AM7727_FNF_Ankle_1_peaks.bed ' ends with whitespace. This is likely unintended. It can also lead to inconsistent results of the file-matching approach used by Snakemake.
File path 'output/peaks/rocco/CQTL_AM7735_FNF_Ankle_1_peaks.bed ' ends with whitespace. This is likely unintended. It can also lead to inconsistent results of the file-matching approach used by Snakemake.
File path 'output/peaks/rocco/CQTL_AM7754_FNF_Ankle_1_peaks.bed ' ends with whitespace. This is likely unintended. It can also lead to inconsistent results of the file-matching approach used by Snakemake.
File path 'output/peaks/rocco/CQTL_AM7755_FNF_Ankle_1_peaks.bed ' ends with whitespace. This is likely unintended. It can also lead to inconsistent results of the file-matching approach used by Snakemake.
File path 'output/peaks/rocco/CQTL_AM7763_FNF_Ankle_1_peaks.bed ' ends with whitespace. This is likely unintended. It can also lead to inconsistent results of the file-matching approach used by Snakemake.
File path 'output/peaks/rocco/CQTL_AM7765_FNF_Ankle_1_peaks.bed ' ends with whitespace. This is likely unintended. It can also lead to inconsistent results of the file-matching approach used by Snakemake.
File path 'output/peaks/rocco/CQTL_AM7769_FNF_Ankle_1_peaks.bed ' ends with whitespace. This is likely unintended. It can also lead to inconsistent results of the file-matching approach used by Snakemake.
File path 'output/peaks/rocco/CQTL_AM7771_FNF_Ankle_1_peaks.bed ' ends with whitespace. This is likely unintended. It can also lead to inconsistent results of the file-matching approach used by Snakemake.
File path 'output/peaks/rocco/CQTL_AM7775_FNF_Ankle_1_peaks.bed ' ends with whitespace. This is likely unintended. It can also lead to inconsistent results of the file-matching approach used by Snakemake.
File path 'output/peaks/rocco/CQTL_AM7778_FNF_Ankle_1_peaks.bed ' ends with whitespace. This is likely unintended. It can also lead to inconsistent results of the file-matching approach used by Snakemake.
File path 'output/peaks/rocco/CQTL_AM7780_FNF_Ankle_1_peaks.bed ' ends with whitespace. This is likely unintended. It can also lead to inconsistent results of the file-matching approach used by Snakemake.
File path 'output/peaks/rocco/CQTL_AM7781_FNF_Ankle_1_peaks.bed ' ends with whitespace. This is likely unintended. It can also lead to inconsistent results of the file-matching approach used by Snakemake.
File path 'output/peaks/rocco/CQTL_AM7785_FNF_Ankle_1_peaks.bed ' ends with whitespace. This is likely unintended. It can also lead to inconsistent results of the file-matching approach used by Snakemake.
File path 'output/peaks/rocco/CQTL_AM7786_FNF_Ankle_1_peaks.bed ' ends with whitespace. This is likely unintended. It can also lead to inconsistent results of the file-matching approach used by Snakemake.
MissingInputException in line 861 of /work/users/s/e/seyoun/CQTL_AI/snakefiles/WASP_atac.smk:
Missing input files for rule rocco_peak_count:
output/peaks/rocco/CQTL_AM7712_CTL_Ankle_1_peaks.bed 
output/peaks/rocco/CQTL_AM7755_CTL_Ankle_1_peaks.bed 
output/peaks/rocco/CQTL_AM7771_CTL_Ankle_1_peaks.bed 
output/peaks/rocco/CQTL_AM7780_CTL_Ankle_1_peaks.bed 
output/peaks/rocco/CQTL_AM7781_CTL_Ankle_1_peaks.bed 
output/peaks/rocco/CQTL_AM7775_CTL_Ankle_1_peaks.bed 
output/peaks/rocco/CQTL_AM7717_CTL_Ankle_1_peaks.bed 
output/peaks/rocco/CQTL_AM7735_CTL_Ankle_1_peaks.bed 
output/peaks/rocco/CQTL_AM7785_CTL_Ankle_1_peaks.bed 
output/peaks/rocco/CQTL_AM7727_CTL_Ankle_1_peaks.bed 
output/peaks/rocco/CQTL_AM7677_CTL_Ankle_1_peaks.bed 
output/peaks/rocco/CQTL_AM7778_CTL_Ankle_1_peaks.bed 
output/peaks/rocco/CQTL_AM7679_CTL_Ankle_1_peaks.bed 
output/peaks/rocco/CQTL_AM7711_CTL_Ankle_1_peaks.bed 
output/peaks/rocco/CQTL_AM7763_CTL_Ankle_1_peaks.bed 
output/peaks/rocco/CQTL_AM7726_CTL_Ankle_1_peaks.bed 
output/peaks/rocco/CQTL_AM7769_CTL_Ankle_1_peaks.bed 
output/peaks/rocco/CQTL_AM7786_CTL_Ankle_1_peaks.bed 
output/peaks/rocco/CQTL_AM7765_CTL_Ankle_1_peaks.bed 
output/peaks/rocco/CQTL_AM7754_CTL_Ankle_1_peaks.bed 
output/peaks/rocco/CQTL_AM7678_CTL_Ankle_1_peaks.bed 
