Building DAG of jobs...
Using shell: /usr/bin/bash
Provided cluster nodes: 100
Job counts:
	count	jobs
	1	all_subset
	6	hmmratac_frip_calc
	6	hmmratac_peaks
	6	macs2_frip_calc
	6	macs2_peaks
	6	macs3_frip_calc
	6	macs3_peakcalling
	6	rocco_frip_calc
	6	rocco_peaks
	6	signal
	55

[Sat Feb  1 14:07:03 2025]
rule macs3_peakcalling:
    input: output/wasp/blk_filter/CQTL_AM7754_CTL_Ankle_replicate.sorted_final.bam
    output: output/peaks/macs3/CQTL_AM7754_CTL_Ankle_replicate_peaks.narrowPeak
    log: output/logs/macs3_CQTL_AM7754_CTL_Ankle_replicate.err
    jobid: 89
    wildcards: sampleName=CQTL_AM7754_CTL_Ankle_replicate
    threads: 2


        module load python/3.9.6
        source /users/s/e/seyoun/tools/MACS3env/bin/activate

        mkdir -p output/peaks/macs3/

        macs3 callpeak -t output/wasp/blk_filter/CQTL_AM7754_CTL_Ankle_replicate.sorted_final.bam                 -f BAMPE                 -g hs                 --nomodel                 --shift -75                 --extsize 150                 --keep-dup all                 -q 0.01                 --call-summits                 -n CQTL_AM7754_CTL_Ankle_replicate                 --outdir output/peaks/macs3/ 2> output/logs/macs3_CQTL_AM7754_CTL_Ankle_replicate.err
        
Submitted job 89 with external jobid '58428738'.

[Sat Feb  1 14:07:08 2025]
rule macs2_peaks:
    input: output/wasp/blk_filter/CQTL_AM7778FE_CTL_Femur_1.sorted_final.bam
    output: output/peaks/macs2/CQTL_AM7778FE_CTL_Femur_1_peaks.narrowPeak
    log: output/logs/macs2_CQTL_AM7778FE_CTL_Femur_1.err
    jobid: 82
    wildcards: sampleName=CQTL_AM7778FE_CTL_Femur_1
    threads: 2


        module load python/3.9.6
        module load macs/2.2.9.1

        mkdir -p output/peaks/macs2
        
        macs2 callpeak -t output/wasp/blk_filter/CQTL_AM7778FE_CTL_Femur_1.sorted_final.bam             -f BAMPE             -g hs             --nomodel             --shift -75             --extsize 150             --keep-dup all             -p 0.01             --call-summits             -n CQTL_AM7778FE_CTL_Femur_1             --outdir output/peaks/macs2 2> output/logs/macs2_CQTL_AM7778FE_CTL_Femur_1.err
        
Submitted job 82 with external jobid '58428740'.

[Sat Feb  1 14:07:13 2025]
rule macs3_peakcalling:
    input: output/wasp/blk_filter/CQTL_AM7778FE_FNF_Femur_1.sorted_final.bam
    output: output/peaks/macs3/CQTL_AM7778FE_FNF_Femur_1_peaks.narrowPeak
    log: output/logs/macs3_CQTL_AM7778FE_FNF_Femur_1.err
    jobid: 85
    wildcards: sampleName=CQTL_AM7778FE_FNF_Femur_1
    threads: 2


        module load python/3.9.6
        source /users/s/e/seyoun/tools/MACS3env/bin/activate

        mkdir -p output/peaks/macs3/

        macs3 callpeak -t output/wasp/blk_filter/CQTL_AM7778FE_FNF_Femur_1.sorted_final.bam                 -f BAMPE                 -g hs                 --nomodel                 --shift -75                 --extsize 150                 --keep-dup all                 -q 0.01                 --call-summits                 -n CQTL_AM7778FE_FNF_Femur_1                 --outdir output/peaks/macs3/ 2> output/logs/macs3_CQTL_AM7778FE_FNF_Femur_1.err
        
Submitted job 85 with external jobid '58428741'.

[Sat Feb  1 14:07:18 2025]
rule rocco_peaks:
    input: output/wasp/blk_filter/CQTL_AM7778FE_CTL_Femur_1.sorted_final.bam
    output: output/peaks/rocco/CQTL_AM7778FE_CTL_Femur_1_peaks.bed
    log: output/logs/rocco_CQTL_AM7778FE_CTL_Femur_1.err
    jobid: 100
    wildcards: sampleName=CQTL_AM7778FE_CTL_Femur_1
    threads: 4


        module load python/3.9.6
        module load bedtools/2.30
        mkdir -p output/peaks/rocco

        rocco -i output/wasp/blk_filter/CQTL_AM7778FE_CTL_Femur_1.sorted_final.bam                 --effective_genome_size 2862010428                 -o output/peaks/rocco/CQTL_AM7778FE_CTL_Femur_1_peaks.bed                 --chrom_sizes_file /users/s/e/seyoun/Ref/genome/chrsize_onlychr.txt                 --step 10                   --transform_logpc                   --transform_logpc_const 1.0                   --transform_medfilt                   --transform_medfilt_kernel 150                   --gamma 2.0                   --budget 0.03                   --min_mapping_score 30                   --flag_include 66                   --flag_exclude 1284                   --threads 4                   --verbose

        
Submitted job 100 with external jobid '58428742'.

[Sat Feb  1 14:07:23 2025]
rule macs3_peakcalling:
    input: output/wasp/blk_filter/CQTL_AM7755_FNF_Ankle_replicate.sorted_final.bam
    output: output/peaks/macs3/CQTL_AM7755_FNF_Ankle_replicate_peaks.narrowPeak
    log: output/logs/macs3_CQTL_AM7755_FNF_Ankle_replicate.err
    jobid: 87
    wildcards: sampleName=CQTL_AM7755_FNF_Ankle_replicate
    threads: 2


        module load python/3.9.6
        source /users/s/e/seyoun/tools/MACS3env/bin/activate

        mkdir -p output/peaks/macs3/

        macs3 callpeak -t output/wasp/blk_filter/CQTL_AM7755_FNF_Ankle_replicate.sorted_final.bam                 -f BAMPE                 -g hs                 --nomodel                 --shift -75                 --extsize 150                 --keep-dup all                 -q 0.01                 --call-summits                 -n CQTL_AM7755_FNF_Ankle_replicate                 --outdir output/peaks/macs3/ 2> output/logs/macs3_CQTL_AM7755_FNF_Ankle_replicate.err
        
Submitted job 87 with external jobid '58428743'.

[Sat Feb  1 14:07:28 2025]
rule hmmratac_peaks:
    input: output/wasp/blk_filter/CQTL_AM7755_CTL_Ankle_replicate.sorted_final.bam
    output: output/peaks/hmmratac/CQTL_AM7755_CTL_Ankle_replicate_accessible_regions.narrowPeak
    log: output/logs/hmmratac_CQTL_AM7755_CTL_Ankle_replicate.err
    jobid: 96
    wildcards: sampleName=CQTL_AM7755_CTL_Ankle_replicate
    threads: 2


        module load python/3.9.6
        source /users/s/e/seyoun/tools/MACS3env/bin/activate

        mkdir -p output/peaks/hmmratac/

         macs3 hmmratac             -i output/wasp/blk_filter/CQTL_AM7755_CTL_Ankle_replicate.sorted_final.bam             -f BAMPE             --keep-duplicates             --minlen 100             --save-states             --binsize 50             -n CQTL_AM7755_CTL_Ankle_replicate             --outdir output/peaks/hmmratac/ 2> output/logs/hmmratac_CQTL_AM7755_CTL_Ankle_replicate.err

        
Submitted job 96 with external jobid '58428744'.

[Sat Feb  1 14:07:33 2025]
rule signal:
    input: output/wasp/blk_filter/CQTL_AM7754_FNF_Ankle_replicate.sorted_final.bam
    output: output/signals/indv/CQTL_AM7754_FNF_Ankle_replicate.bw
    log: output/logs/signal_CQTL_AM7754_FNF_Ankle_replicate.err
    jobid: 61
    wildcards: sampleName=CQTL_AM7754_FNF_Ankle_replicate
    threads: 4


        module load deeptools/3.5.4
        mkdir -p output/signals/indv/

        bamCoverage             --bam output/wasp/blk_filter/CQTL_AM7754_FNF_Ankle_replicate.sorted_final.bam             -o output/signals/indv/CQTL_AM7754_FNF_Ankle_replicate.bw             --binSize 10             --normalizeUsing RPGC             --effectiveGenomeSize 2862010428             --extendReads             --minMappingQuality 30             --samFlagInclude 66             --samFlagExclude 1284             --ignoreForNormalization chrX chrY chrM             --numberOfProcessors 4
            > output/logs/signal_CQTL_AM7754_FNF_Ankle_replicate.err 2>&1

        
Submitted job 61 with external jobid '58428745'.

[Sat Feb  1 14:07:38 2025]
rule signal:
    input: output/wasp/blk_filter/CQTL_AM7778FE_FNF_Femur_1.sorted_final.bam
    output: output/signals/indv/CQTL_AM7778FE_FNF_Femur_1.bw
    log: output/logs/signal_CQTL_AM7778FE_FNF_Femur_1.err
    jobid: 60
    wildcards: sampleName=CQTL_AM7778FE_FNF_Femur_1
    threads: 4


        module load deeptools/3.5.4
        mkdir -p output/signals/indv/

        bamCoverage             --bam output/wasp/blk_filter/CQTL_AM7778FE_FNF_Femur_1.sorted_final.bam             -o output/signals/indv/CQTL_AM7778FE_FNF_Femur_1.bw             --binSize 10             --normalizeUsing RPGC             --effectiveGenomeSize 2862010428             --extendReads             --minMappingQuality 30             --samFlagInclude 66             --samFlagExclude 1284             --ignoreForNormalization chrX chrY chrM             --numberOfProcessors 4
            > output/logs/signal_CQTL_AM7778FE_FNF_Femur_1.err 2>&1

        
Submitted job 60 with external jobid '58428746'.

[Sat Feb  1 14:07:43 2025]
rule rocco_peaks:
    input: output/wasp/blk_filter/CQTL_AM7755_CTL_Ankle_replicate.sorted_final.bam
    output: output/peaks/rocco/CQTL_AM7755_CTL_Ankle_replicate_peaks.bed
    log: output/logs/rocco_CQTL_AM7755_CTL_Ankle_replicate.err
    jobid: 102
    wildcards: sampleName=CQTL_AM7755_CTL_Ankle_replicate
    threads: 4


        module load python/3.9.6
        module load bedtools/2.30
        mkdir -p output/peaks/rocco

        rocco -i output/wasp/blk_filter/CQTL_AM7755_CTL_Ankle_replicate.sorted_final.bam                 --effective_genome_size 2862010428                 -o output/peaks/rocco/CQTL_AM7755_CTL_Ankle_replicate_peaks.bed                 --chrom_sizes_file /users/s/e/seyoun/Ref/genome/chrsize_onlychr.txt                 --step 10                   --transform_logpc                   --transform_logpc_const 1.0                   --transform_medfilt                   --transform_medfilt_kernel 150                   --gamma 2.0                   --budget 0.03                   --min_mapping_score 30                   --flag_include 66                   --flag_exclude 1284                   --threads 4                   --verbose

        
Submitted job 102 with external jobid '58428747'.

[Sat Feb  1 14:07:48 2025]
rule macs2_peaks:
    input: output/wasp/blk_filter/CQTL_AM7755_CTL_Ankle_replicate.sorted_final.bam
    output: output/peaks/macs2/CQTL_AM7755_CTL_Ankle_replicate_peaks.narrowPeak
    log: output/logs/macs2_CQTL_AM7755_CTL_Ankle_replicate.err
    jobid: 84
    wildcards: sampleName=CQTL_AM7755_CTL_Ankle_replicate
    threads: 2


        module load python/3.9.6
        module load macs/2.2.9.1

        mkdir -p output/peaks/macs2
        
        macs2 callpeak -t output/wasp/blk_filter/CQTL_AM7755_CTL_Ankle_replicate.sorted_final.bam             -f BAMPE             -g hs             --nomodel             --shift -75             --extsize 150             --keep-dup all             -p 0.01             --call-summits             -n CQTL_AM7755_CTL_Ankle_replicate             --outdir output/peaks/macs2 2> output/logs/macs2_CQTL_AM7755_CTL_Ankle_replicate.err
        
Submitted job 84 with external jobid '58428748'.

[Sat Feb  1 14:07:53 2025]
rule signal:
    input: output/wasp/blk_filter/CQTL_AM7754_CTL_Ankle_replicate.sorted_final.bam
    output: output/signals/indv/CQTL_AM7754_CTL_Ankle_replicate.bw
    log: output/logs/signal_CQTL_AM7754_CTL_Ankle_replicate.err
    jobid: 64
    wildcards: sampleName=CQTL_AM7754_CTL_Ankle_replicate
    threads: 4


        module load deeptools/3.5.4
        mkdir -p output/signals/indv/

        bamCoverage             --bam output/wasp/blk_filter/CQTL_AM7754_CTL_Ankle_replicate.sorted_final.bam             -o output/signals/indv/CQTL_AM7754_CTL_Ankle_replicate.bw             --binSize 10             --normalizeUsing RPGC             --effectiveGenomeSize 2862010428             --extendReads             --minMappingQuality 30             --samFlagInclude 66             --samFlagExclude 1284             --ignoreForNormalization chrX chrY chrM             --numberOfProcessors 4
            > output/logs/signal_CQTL_AM7754_CTL_Ankle_replicate.err 2>&1

        
Submitted job 64 with external jobid '58428749'.

[Sat Feb  1 14:07:58 2025]
rule hmmratac_peaks:
    input: output/wasp/blk_filter/CQTL_AM7778FE_CTL_Femur_1.sorted_final.bam
    output: output/peaks/hmmratac/CQTL_AM7778FE_CTL_Femur_1_accessible_regions.narrowPeak
    log: output/logs/hmmratac_CQTL_AM7778FE_CTL_Femur_1.err
    jobid: 94
    wildcards: sampleName=CQTL_AM7778FE_CTL_Femur_1
    threads: 2


        module load python/3.9.6
        source /users/s/e/seyoun/tools/MACS3env/bin/activate

        mkdir -p output/peaks/hmmratac/

         macs3 hmmratac             -i output/wasp/blk_filter/CQTL_AM7778FE_CTL_Femur_1.sorted_final.bam             -f BAMPE             --keep-duplicates             --minlen 100             --save-states             --binsize 50             -n CQTL_AM7778FE_CTL_Femur_1             --outdir output/peaks/hmmratac/ 2> output/logs/hmmratac_CQTL_AM7778FE_CTL_Femur_1.err

        
Submitted job 94 with external jobid '58428750'.

[Sat Feb  1 14:08:03 2025]
rule macs3_peakcalling:
    input: output/wasp/blk_filter/CQTL_AM7754_FNF_Ankle_replicate.sorted_final.bam
    output: output/peaks/macs3/CQTL_AM7754_FNF_Ankle_replicate_peaks.narrowPeak
    log: output/logs/macs3_CQTL_AM7754_FNF_Ankle_replicate.err
    jobid: 86
    wildcards: sampleName=CQTL_AM7754_FNF_Ankle_replicate
    threads: 2


        module load python/3.9.6
        source /users/s/e/seyoun/tools/MACS3env/bin/activate

        mkdir -p output/peaks/macs3/

        macs3 callpeak -t output/wasp/blk_filter/CQTL_AM7754_FNF_Ankle_replicate.sorted_final.bam                 -f BAMPE                 -g hs                 --nomodel                 --shift -75                 --extsize 150                 --keep-dup all                 -q 0.01                 --call-summits                 -n CQTL_AM7754_FNF_Ankle_replicate                 --outdir output/peaks/macs3/ 2> output/logs/macs3_CQTL_AM7754_FNF_Ankle_replicate.err
        
Submitted job 86 with external jobid '58428751'.

[Sat Feb  1 14:08:09 2025]
rule signal:
    input: output/wasp/blk_filter/CQTL_AM7755_FNF_Ankle_replicate.sorted_final.bam
    output: output/signals/indv/CQTL_AM7755_FNF_Ankle_replicate.bw
    log: output/logs/signal_CQTL_AM7755_FNF_Ankle_replicate.err
    jobid: 62
    wildcards: sampleName=CQTL_AM7755_FNF_Ankle_replicate
    threads: 4


        module load deeptools/3.5.4
        mkdir -p output/signals/indv/

        bamCoverage             --bam output/wasp/blk_filter/CQTL_AM7755_FNF_Ankle_replicate.sorted_final.bam             -o output/signals/indv/CQTL_AM7755_FNF_Ankle_replicate.bw             --binSize 10             --normalizeUsing RPGC             --effectiveGenomeSize 2862010428             --extendReads             --minMappingQuality 30             --samFlagInclude 66             --samFlagExclude 1284             --ignoreForNormalization chrX chrY chrM             --numberOfProcessors 4
            > output/logs/signal_CQTL_AM7755_FNF_Ankle_replicate.err 2>&1

        
Submitted job 62 with external jobid '58428752'.

[Sat Feb  1 14:08:14 2025]
rule macs2_peaks:
    input: output/wasp/blk_filter/CQTL_AM7755_FNF_Ankle_replicate.sorted_final.bam
    output: output/peaks/macs2/CQTL_AM7755_FNF_Ankle_replicate_peaks.narrowPeak
    log: output/logs/macs2_CQTL_AM7755_FNF_Ankle_replicate.err
    jobid: 81
    wildcards: sampleName=CQTL_AM7755_FNF_Ankle_replicate
    threads: 2


        module load python/3.9.6
        module load macs/2.2.9.1

        mkdir -p output/peaks/macs2
        
        macs2 callpeak -t output/wasp/blk_filter/CQTL_AM7755_FNF_Ankle_replicate.sorted_final.bam             -f BAMPE             -g hs             --nomodel             --shift -75             --extsize 150             --keep-dup all             -p 0.01             --call-summits             -n CQTL_AM7755_FNF_Ankle_replicate             --outdir output/peaks/macs2 2> output/logs/macs2_CQTL_AM7755_FNF_Ankle_replicate.err
        
Submitted job 81 with external jobid '58428754'.

[Sat Feb  1 14:08:19 2025]
rule rocco_peaks:
    input: output/wasp/blk_filter/CQTL_AM7755_FNF_Ankle_replicate.sorted_final.bam
    output: output/peaks/rocco/CQTL_AM7755_FNF_Ankle_replicate_peaks.bed
    log: output/logs/rocco_CQTL_AM7755_FNF_Ankle_replicate.err
    jobid: 99
    wildcards: sampleName=CQTL_AM7755_FNF_Ankle_replicate
    threads: 4


        module load python/3.9.6
        module load bedtools/2.30
        mkdir -p output/peaks/rocco

        rocco -i output/wasp/blk_filter/CQTL_AM7755_FNF_Ankle_replicate.sorted_final.bam                 --effective_genome_size 2862010428                 -o output/peaks/rocco/CQTL_AM7755_FNF_Ankle_replicate_peaks.bed                 --chrom_sizes_file /users/s/e/seyoun/Ref/genome/chrsize_onlychr.txt                 --step 10                   --transform_logpc                   --transform_logpc_const 1.0                   --transform_medfilt                   --transform_medfilt_kernel 150                   --gamma 2.0                   --budget 0.03                   --min_mapping_score 30                   --flag_include 66                   --flag_exclude 1284                   --threads 4                   --verbose

        
Submitted job 99 with external jobid '58428755'.

[Sat Feb  1 14:08:24 2025]
rule macs2_peaks:
    input: output/wasp/blk_filter/CQTL_AM7778FE_FNF_Femur_1.sorted_final.bam
    output: output/peaks/macs2/CQTL_AM7778FE_FNF_Femur_1_peaks.narrowPeak
    log: output/logs/macs2_CQTL_AM7778FE_FNF_Femur_1.err
    jobid: 79
    wildcards: sampleName=CQTL_AM7778FE_FNF_Femur_1
    threads: 2


        module load python/3.9.6
        module load macs/2.2.9.1

        mkdir -p output/peaks/macs2
        
        macs2 callpeak -t output/wasp/blk_filter/CQTL_AM7778FE_FNF_Femur_1.sorted_final.bam             -f BAMPE             -g hs             --nomodel             --shift -75             --extsize 150             --keep-dup all             -p 0.01             --call-summits             -n CQTL_AM7778FE_FNF_Femur_1             --outdir output/peaks/macs2 2> output/logs/macs2_CQTL_AM7778FE_FNF_Femur_1.err
        
Submitted job 79 with external jobid '58428756'.

[Sat Feb  1 14:08:29 2025]
rule macs3_peakcalling:
    input: output/wasp/blk_filter/CQTL_AM7778FE_CTL_Femur_1.sorted_final.bam
    output: output/peaks/macs3/CQTL_AM7778FE_CTL_Femur_1_peaks.narrowPeak
    log: output/logs/macs3_CQTL_AM7778FE_CTL_Femur_1.err
    jobid: 88
    wildcards: sampleName=CQTL_AM7778FE_CTL_Femur_1
    threads: 2


        module load python/3.9.6
        source /users/s/e/seyoun/tools/MACS3env/bin/activate

        mkdir -p output/peaks/macs3/

        macs3 callpeak -t output/wasp/blk_filter/CQTL_AM7778FE_CTL_Femur_1.sorted_final.bam                 -f BAMPE                 -g hs                 --nomodel                 --shift -75                 --extsize 150                 --keep-dup all                 -q 0.01                 --call-summits                 -n CQTL_AM7778FE_CTL_Femur_1                 --outdir output/peaks/macs3/ 2> output/logs/macs3_CQTL_AM7778FE_CTL_Femur_1.err
        
Submitted job 88 with external jobid '58428757'.

[Sat Feb  1 14:08:34 2025]
rule signal:
    input: output/wasp/blk_filter/CQTL_AM7755_CTL_Ankle_replicate.sorted_final.bam
    output: output/signals/indv/CQTL_AM7755_CTL_Ankle_replicate.bw
    log: output/logs/signal_CQTL_AM7755_CTL_Ankle_replicate.err
    jobid: 65
    wildcards: sampleName=CQTL_AM7755_CTL_Ankle_replicate
    threads: 4


        module load deeptools/3.5.4
        mkdir -p output/signals/indv/

        bamCoverage             --bam output/wasp/blk_filter/CQTL_AM7755_CTL_Ankle_replicate.sorted_final.bam             -o output/signals/indv/CQTL_AM7755_CTL_Ankle_replicate.bw             --binSize 10             --normalizeUsing RPGC             --effectiveGenomeSize 2862010428             --extendReads             --minMappingQuality 30             --samFlagInclude 66             --samFlagExclude 1284             --ignoreForNormalization chrX chrY chrM             --numberOfProcessors 4
            > output/logs/signal_CQTL_AM7755_CTL_Ankle_replicate.err 2>&1

        
Submitted job 65 with external jobid '58428758'.

[Sat Feb  1 14:08:39 2025]
rule hmmratac_peaks:
    input: output/wasp/blk_filter/CQTL_AM7754_FNF_Ankle_replicate.sorted_final.bam
    output: output/peaks/hmmratac/CQTL_AM7754_FNF_Ankle_replicate_accessible_regions.narrowPeak
    log: output/logs/hmmratac_CQTL_AM7754_FNF_Ankle_replicate.err
    jobid: 92
    wildcards: sampleName=CQTL_AM7754_FNF_Ankle_replicate
    threads: 2


        module load python/3.9.6
        source /users/s/e/seyoun/tools/MACS3env/bin/activate

        mkdir -p output/peaks/hmmratac/

         macs3 hmmratac             -i output/wasp/blk_filter/CQTL_AM7754_FNF_Ankle_replicate.sorted_final.bam             -f BAMPE             --keep-duplicates             --minlen 100             --save-states             --binsize 50             -n CQTL_AM7754_FNF_Ankle_replicate             --outdir output/peaks/hmmratac/ 2> output/logs/hmmratac_CQTL_AM7754_FNF_Ankle_replicate.err

        
Submitted job 92 with external jobid '58428759'.

[Sat Feb  1 14:08:44 2025]
rule macs2_peaks:
    input: output/wasp/blk_filter/CQTL_AM7754_CTL_Ankle_replicate.sorted_final.bam
    output: output/peaks/macs2/CQTL_AM7754_CTL_Ankle_replicate_peaks.narrowPeak
    log: output/logs/macs2_CQTL_AM7754_CTL_Ankle_replicate.err
    jobid: 83
    wildcards: sampleName=CQTL_AM7754_CTL_Ankle_replicate
    threads: 2


        module load python/3.9.6
        module load macs/2.2.9.1

        mkdir -p output/peaks/macs2
        
        macs2 callpeak -t output/wasp/blk_filter/CQTL_AM7754_CTL_Ankle_replicate.sorted_final.bam             -f BAMPE             -g hs             --nomodel             --shift -75             --extsize 150             --keep-dup all             -p 0.01             --call-summits             -n CQTL_AM7754_CTL_Ankle_replicate             --outdir output/peaks/macs2 2> output/logs/macs2_CQTL_AM7754_CTL_Ankle_replicate.err
        
Submitted job 83 with external jobid '58428760'.

[Sat Feb  1 14:08:49 2025]
rule rocco_peaks:
    input: output/wasp/blk_filter/CQTL_AM7778FE_FNF_Femur_1.sorted_final.bam
    output: output/peaks/rocco/CQTL_AM7778FE_FNF_Femur_1_peaks.bed
    log: output/logs/rocco_CQTL_AM7778FE_FNF_Femur_1.err
    jobid: 97
    wildcards: sampleName=CQTL_AM7778FE_FNF_Femur_1
    threads: 4


        module load python/3.9.6
        module load bedtools/2.30
        mkdir -p output/peaks/rocco

        rocco -i output/wasp/blk_filter/CQTL_AM7778FE_FNF_Femur_1.sorted_final.bam                 --effective_genome_size 2862010428                 -o output/peaks/rocco/CQTL_AM7778FE_FNF_Femur_1_peaks.bed                 --chrom_sizes_file /users/s/e/seyoun/Ref/genome/chrsize_onlychr.txt                 --step 10                   --transform_logpc                   --transform_logpc_const 1.0                   --transform_medfilt                   --transform_medfilt_kernel 150                   --gamma 2.0                   --budget 0.03                   --min_mapping_score 30                   --flag_include 66                   --flag_exclude 1284                   --threads 4                   --verbose

        
Submitted job 97 with external jobid '58428761'.

[Sat Feb  1 14:08:55 2025]
rule rocco_peaks:
    input: output/wasp/blk_filter/CQTL_AM7754_CTL_Ankle_replicate.sorted_final.bam
    output: output/peaks/rocco/CQTL_AM7754_CTL_Ankle_replicate_peaks.bed
    log: output/logs/rocco_CQTL_AM7754_CTL_Ankle_replicate.err
    jobid: 101
    wildcards: sampleName=CQTL_AM7754_CTL_Ankle_replicate
    threads: 4


        module load python/3.9.6
        module load bedtools/2.30
        mkdir -p output/peaks/rocco

        rocco -i output/wasp/blk_filter/CQTL_AM7754_CTL_Ankle_replicate.sorted_final.bam                 --effective_genome_size 2862010428                 -o output/peaks/rocco/CQTL_AM7754_CTL_Ankle_replicate_peaks.bed                 --chrom_sizes_file /users/s/e/seyoun/Ref/genome/chrsize_onlychr.txt                 --step 10                   --transform_logpc                   --transform_logpc_const 1.0                   --transform_medfilt                   --transform_medfilt_kernel 150                   --gamma 2.0                   --budget 0.03                   --min_mapping_score 30                   --flag_include 66                   --flag_exclude 1284                   --threads 4                   --verbose

        
Submitted job 101 with external jobid '58428762'.

[Sat Feb  1 14:09:00 2025]
rule hmmratac_peaks:
    input: output/wasp/blk_filter/CQTL_AM7754_CTL_Ankle_replicate.sorted_final.bam
    output: output/peaks/hmmratac/CQTL_AM7754_CTL_Ankle_replicate_accessible_regions.narrowPeak
    log: output/logs/hmmratac_CQTL_AM7754_CTL_Ankle_replicate.err
    jobid: 95
    wildcards: sampleName=CQTL_AM7754_CTL_Ankle_replicate
    threads: 2


        module load python/3.9.6
        source /users/s/e/seyoun/tools/MACS3env/bin/activate

        mkdir -p output/peaks/hmmratac/

         macs3 hmmratac             -i output/wasp/blk_filter/CQTL_AM7754_CTL_Ankle_replicate.sorted_final.bam             -f BAMPE             --keep-duplicates             --minlen 100             --save-states             --binsize 50             -n CQTL_AM7754_CTL_Ankle_replicate             --outdir output/peaks/hmmratac/ 2> output/logs/hmmratac_CQTL_AM7754_CTL_Ankle_replicate.err

        
Submitted job 95 with external jobid '58428763'.

[Sat Feb  1 14:09:05 2025]
rule macs2_peaks:
    input: output/wasp/blk_filter/CQTL_AM7754_FNF_Ankle_replicate.sorted_final.bam
    output: output/peaks/macs2/CQTL_AM7754_FNF_Ankle_replicate_peaks.narrowPeak
    log: output/logs/macs2_CQTL_AM7754_FNF_Ankle_replicate.err
    jobid: 80
    wildcards: sampleName=CQTL_AM7754_FNF_Ankle_replicate
    threads: 2


        module load python/3.9.6
        module load macs/2.2.9.1

        mkdir -p output/peaks/macs2
        
        macs2 callpeak -t output/wasp/blk_filter/CQTL_AM7754_FNF_Ankle_replicate.sorted_final.bam             -f BAMPE             -g hs             --nomodel             --shift -75             --extsize 150             --keep-dup all             -p 0.01             --call-summits             -n CQTL_AM7754_FNF_Ankle_replicate             --outdir output/peaks/macs2 2> output/logs/macs2_CQTL_AM7754_FNF_Ankle_replicate.err
        
Submitted job 80 with external jobid '58428764'.

[Sat Feb  1 14:09:10 2025]
rule hmmratac_peaks:
    input: output/wasp/blk_filter/CQTL_AM7778FE_FNF_Femur_1.sorted_final.bam
    output: output/peaks/hmmratac/CQTL_AM7778FE_FNF_Femur_1_accessible_regions.narrowPeak
    log: output/logs/hmmratac_CQTL_AM7778FE_FNF_Femur_1.err
    jobid: 91
    wildcards: sampleName=CQTL_AM7778FE_FNF_Femur_1
    threads: 2


        module load python/3.9.6
        source /users/s/e/seyoun/tools/MACS3env/bin/activate

        mkdir -p output/peaks/hmmratac/

         macs3 hmmratac             -i output/wasp/blk_filter/CQTL_AM7778FE_FNF_Femur_1.sorted_final.bam             -f BAMPE             --keep-duplicates             --minlen 100             --save-states             --binsize 50             -n CQTL_AM7778FE_FNF_Femur_1             --outdir output/peaks/hmmratac/ 2> output/logs/hmmratac_CQTL_AM7778FE_FNF_Femur_1.err

        
Submitted job 91 with external jobid '58428765'.

[Sat Feb  1 14:09:15 2025]
rule rocco_peaks:
    input: output/wasp/blk_filter/CQTL_AM7754_FNF_Ankle_replicate.sorted_final.bam
    output: output/peaks/rocco/CQTL_AM7754_FNF_Ankle_replicate_peaks.bed
    log: output/logs/rocco_CQTL_AM7754_FNF_Ankle_replicate.err
    jobid: 98
    wildcards: sampleName=CQTL_AM7754_FNF_Ankle_replicate
    threads: 4


        module load python/3.9.6
        module load bedtools/2.30
        mkdir -p output/peaks/rocco

        rocco -i output/wasp/blk_filter/CQTL_AM7754_FNF_Ankle_replicate.sorted_final.bam                 --effective_genome_size 2862010428                 -o output/peaks/rocco/CQTL_AM7754_FNF_Ankle_replicate_peaks.bed                 --chrom_sizes_file /users/s/e/seyoun/Ref/genome/chrsize_onlychr.txt                 --step 10                   --transform_logpc                   --transform_logpc_const 1.0                   --transform_medfilt                   --transform_medfilt_kernel 150                   --gamma 2.0                   --budget 0.03                   --min_mapping_score 30                   --flag_include 66                   --flag_exclude 1284                   --threads 4                   --verbose

        
Submitted job 98 with external jobid '58428766'.

[Sat Feb  1 14:09:20 2025]
rule macs3_peakcalling:
    input: output/wasp/blk_filter/CQTL_AM7755_CTL_Ankle_replicate.sorted_final.bam
    output: output/peaks/macs3/CQTL_AM7755_CTL_Ankle_replicate_peaks.narrowPeak
    log: output/logs/macs3_CQTL_AM7755_CTL_Ankle_replicate.err
    jobid: 90
    wildcards: sampleName=CQTL_AM7755_CTL_Ankle_replicate
    threads: 2


        module load python/3.9.6
        source /users/s/e/seyoun/tools/MACS3env/bin/activate

        mkdir -p output/peaks/macs3/

        macs3 callpeak -t output/wasp/blk_filter/CQTL_AM7755_CTL_Ankle_replicate.sorted_final.bam                 -f BAMPE                 -g hs                 --nomodel                 --shift -75                 --extsize 150                 --keep-dup all                 -q 0.01                 --call-summits                 -n CQTL_AM7755_CTL_Ankle_replicate                 --outdir output/peaks/macs3/ 2> output/logs/macs3_CQTL_AM7755_CTL_Ankle_replicate.err
        
Submitted job 90 with external jobid '58428767'.

[Sat Feb  1 14:09:25 2025]
rule hmmratac_peaks:
    input: output/wasp/blk_filter/CQTL_AM7755_FNF_Ankle_replicate.sorted_final.bam
    output: output/peaks/hmmratac/CQTL_AM7755_FNF_Ankle_replicate_accessible_regions.narrowPeak
    log: output/logs/hmmratac_CQTL_AM7755_FNF_Ankle_replicate.err
    jobid: 93
    wildcards: sampleName=CQTL_AM7755_FNF_Ankle_replicate
    threads: 2


        module load python/3.9.6
        source /users/s/e/seyoun/tools/MACS3env/bin/activate

        mkdir -p output/peaks/hmmratac/

         macs3 hmmratac             -i output/wasp/blk_filter/CQTL_AM7755_FNF_Ankle_replicate.sorted_final.bam             -f BAMPE             --keep-duplicates             --minlen 100             --save-states             --binsize 50             -n CQTL_AM7755_FNF_Ankle_replicate             --outdir output/peaks/hmmratac/ 2> output/logs/hmmratac_CQTL_AM7755_FNF_Ankle_replicate.err

        
Submitted job 93 with external jobid '58428768'.

[Sat Feb  1 14:09:30 2025]
rule signal:
    input: output/wasp/blk_filter/CQTL_AM7778FE_CTL_Femur_1.sorted_final.bam
    output: output/signals/indv/CQTL_AM7778FE_CTL_Femur_1.bw
    log: output/logs/signal_CQTL_AM7778FE_CTL_Femur_1.err
    jobid: 63
    wildcards: sampleName=CQTL_AM7778FE_CTL_Femur_1
    threads: 4


        module load deeptools/3.5.4
        mkdir -p output/signals/indv/

        bamCoverage             --bam output/wasp/blk_filter/CQTL_AM7778FE_CTL_Femur_1.sorted_final.bam             -o output/signals/indv/CQTL_AM7778FE_CTL_Femur_1.bw             --binSize 10             --normalizeUsing RPGC             --effectiveGenomeSize 2862010428             --extendReads             --minMappingQuality 30             --samFlagInclude 66             --samFlagExclude 1284             --ignoreForNormalization chrX chrY chrM             --numberOfProcessors 4
            > output/logs/signal_CQTL_AM7778FE_CTL_Femur_1.err 2>&1

        
Submitted job 63 with external jobid '58428769'.
[Sat Feb  1 14:13:51 2025]
Finished job 82.
1 of 55 steps (2%) done

[Sat Feb  1 14:13:56 2025]
rule macs2_frip_calc:
    input: output/peaks/macs2/CQTL_AM7778FE_CTL_Femur_1_peaks.narrowPeak, output/wasp/blk_filter/CQTL_AM7778FE_CTL_Femur_1.sorted_final.bam
    output: output/peaks/macs2/indv/CQTL_AM7778FE_CTL_Femur_1.saf, output/peaks/macs2/indv/CQTL_AM7778FE_CTL_Femur_1_count.txt
    log: output/logs/macs2_CQTL_AM7778FE_CTL_Femur_1_count.err, output/logs/macs2_CQTL_AM7778FE_CTL_Femur_1_count.out
    jobid: 39
    wildcards: sampleName=CQTL_AM7778FE_CTL_Femur_1
    threads: 4


        module load subread/2.0.6
        mkdir -p output/peaks/macs2/indv

        #convert peak region to SAF
        awk 'BEGIN{FS=OFS="	"; print "GeneID	Chr	Start	End	Strand"}{print $4, $1, $2+1, $3, "."}' output/peaks/macs2/CQTL_AM7778FE_CTL_Femur_1_peaks.narrowPeak > output/peaks/macs2/indv/CQTL_AM7778FE_CTL_Femur_1.saf

        #count-indv
        featureCounts -p -F SAF                 -T 4                 --primary                 -C                 -a output/peaks/macs2/indv/CQTL_AM7778FE_CTL_Femur_1.saf                 -o output/peaks/macs2/indv/CQTL_AM7778FE_CTL_Femur_1_count.txt                 output/wasp/blk_filter/CQTL_AM7778FE_CTL_Femur_1.sorted_final.bam 2>> output/logs/macs2_CQTL_AM7778FE_CTL_Femur_1_count.err 1>> output/logs/macs2_CQTL_AM7778FE_CTL_Femur_1_count.out

        
Submitted job 39 with external jobid '58428781'.
[Sat Feb  1 14:14:58 2025]
Finished job 39.
2 of 55 steps (4%) done
[Sat Feb  1 14:16:30 2025]
Finished job 88.
3 of 55 steps (5%) done

[Sat Feb  1 14:16:35 2025]
rule macs3_frip_calc:
    input: output/peaks/macs3/CQTL_AM7778FE_CTL_Femur_1_peaks.narrowPeak, output/wasp/blk_filter/CQTL_AM7778FE_CTL_Femur_1.sorted_final.bam
    output: output/peaks/macs3/indv/CQTL_AM7778FE_CTL_Femur_1.saf, output/peaks/macs3/indv/CQTL_AM7778FE_CTL_Femur_1_count.txt
    log: output/logs/macs3_CQTL_AM7778FE_CTL_Femur_1_count.err, output/logs/macs3_CQTL_AM7778FE_CTL_Femur_1_count.out
    jobid: 45
    wildcards: sampleName=CQTL_AM7778FE_CTL_Femur_1
    threads: 4


        module load subread/2.0.6
        mkdir -p output/peaks/macs3/indv

        #convert peak region to SAF
        awk 'BEGIN{FS=OFS="	"; print "GeneID	Chr	Start	End	Strand"}{print $4, $1, $2+1, $3, "."}' output/peaks/macs3/CQTL_AM7778FE_CTL_Femur_1_peaks.narrowPeak > output/peaks/macs3/indv/CQTL_AM7778FE_CTL_Femur_1.saf

        #count-indv
        featureCounts -p -F SAF                 -T 4                 --primary                 -C                 -a output/peaks/macs3/indv/CQTL_AM7778FE_CTL_Femur_1.saf                 -o output/peaks/macs3/indv/CQTL_AM7778FE_CTL_Femur_1_count.txt                 output/wasp/blk_filter/CQTL_AM7778FE_CTL_Femur_1.sorted_final.bam 2>> output/logs/macs3_CQTL_AM7778FE_CTL_Femur_1_count.err 1>> output/logs/macs3_CQTL_AM7778FE_CTL_Femur_1_count.out


        
Submitted job 45 with external jobid '58428785'.
[Sat Feb  1 14:17:19 2025]
Finished job 85.
4 of 55 steps (7%) done

[Sat Feb  1 14:17:24 2025]
rule macs3_frip_calc:
    input: output/peaks/macs3/CQTL_AM7778FE_FNF_Femur_1_peaks.narrowPeak, output/wasp/blk_filter/CQTL_AM7778FE_FNF_Femur_1.sorted_final.bam
    output: output/peaks/macs3/indv/CQTL_AM7778FE_FNF_Femur_1.saf, output/peaks/macs3/indv/CQTL_AM7778FE_FNF_Femur_1_count.txt
    log: output/logs/macs3_CQTL_AM7778FE_FNF_Femur_1_count.err, output/logs/macs3_CQTL_AM7778FE_FNF_Femur_1_count.out
    jobid: 42
    wildcards: sampleName=CQTL_AM7778FE_FNF_Femur_1
    threads: 4


        module load subread/2.0.6
        mkdir -p output/peaks/macs3/indv

        #convert peak region to SAF
        awk 'BEGIN{FS=OFS="	"; print "GeneID	Chr	Start	End	Strand"}{print $4, $1, $2+1, $3, "."}' output/peaks/macs3/CQTL_AM7778FE_FNF_Femur_1_peaks.narrowPeak > output/peaks/macs3/indv/CQTL_AM7778FE_FNF_Femur_1.saf

        #count-indv
        featureCounts -p -F SAF                 -T 4                 --primary                 -C                 -a output/peaks/macs3/indv/CQTL_AM7778FE_FNF_Femur_1.saf                 -o output/peaks/macs3/indv/CQTL_AM7778FE_FNF_Femur_1_count.txt                 output/wasp/blk_filter/CQTL_AM7778FE_FNF_Femur_1.sorted_final.bam 2>> output/logs/macs3_CQTL_AM7778FE_FNF_Femur_1_count.err 1>> output/logs/macs3_CQTL_AM7778FE_FNF_Femur_1_count.out


        
Submitted job 42 with external jobid '58428789'.
[Sat Feb  1 14:17:45 2025]
Finished job 45.
5 of 55 steps (9%) done
[Sat Feb  1 14:17:54 2025]
Finished job 79.
6 of 55 steps (11%) done

[Sat Feb  1 14:17:59 2025]
rule macs2_frip_calc:
    input: output/peaks/macs2/CQTL_AM7778FE_FNF_Femur_1_peaks.narrowPeak, output/wasp/blk_filter/CQTL_AM7778FE_FNF_Femur_1.sorted_final.bam
    output: output/peaks/macs2/indv/CQTL_AM7778FE_FNF_Femur_1.saf, output/peaks/macs2/indv/CQTL_AM7778FE_FNF_Femur_1_count.txt
    log: output/logs/macs2_CQTL_AM7778FE_FNF_Femur_1_count.err, output/logs/macs2_CQTL_AM7778FE_FNF_Femur_1_count.out
    jobid: 36
    wildcards: sampleName=CQTL_AM7778FE_FNF_Femur_1
    threads: 4


        module load subread/2.0.6
        mkdir -p output/peaks/macs2/indv

        #convert peak region to SAF
        awk 'BEGIN{FS=OFS="	"; print "GeneID	Chr	Start	End	Strand"}{print $4, $1, $2+1, $3, "."}' output/peaks/macs2/CQTL_AM7778FE_FNF_Femur_1_peaks.narrowPeak > output/peaks/macs2/indv/CQTL_AM7778FE_FNF_Femur_1.saf

        #count-indv
        featureCounts -p -F SAF                 -T 4                 --primary                 -C                 -a output/peaks/macs2/indv/CQTL_AM7778FE_FNF_Femur_1.saf                 -o output/peaks/macs2/indv/CQTL_AM7778FE_FNF_Femur_1_count.txt                 output/wasp/blk_filter/CQTL_AM7778FE_FNF_Femur_1.sorted_final.bam 2>> output/logs/macs2_CQTL_AM7778FE_FNF_Femur_1_count.err 1>> output/logs/macs2_CQTL_AM7778FE_FNF_Femur_1_count.out

        
Submitted job 36 with external jobid '58428791'.
[Sat Feb  1 14:18:26 2025]
Finished job 42.
7 of 55 steps (13%) done
[Sat Feb  1 14:18:44 2025]
Finished job 87.
8 of 55 steps (15%) done
[Sat Feb  1 14:18:47 2025]
Finished job 84.
9 of 55 steps (16%) done

[Sat Feb  1 14:18:49 2025]
rule macs3_frip_calc:
    input: output/peaks/macs3/CQTL_AM7755_FNF_Ankle_replicate_peaks.narrowPeak, output/wasp/blk_filter/CQTL_AM7755_FNF_Ankle_replicate.sorted_final.bam
    output: output/peaks/macs3/indv/CQTL_AM7755_FNF_Ankle_replicate.saf, output/peaks/macs3/indv/CQTL_AM7755_FNF_Ankle_replicate_count.txt
    log: output/logs/macs3_CQTL_AM7755_FNF_Ankle_replicate_count.err, output/logs/macs3_CQTL_AM7755_FNF_Ankle_replicate_count.out
    jobid: 44
    wildcards: sampleName=CQTL_AM7755_FNF_Ankle_replicate
    threads: 4


        module load subread/2.0.6
        mkdir -p output/peaks/macs3/indv

        #convert peak region to SAF
        awk 'BEGIN{FS=OFS="	"; print "GeneID	Chr	Start	End	Strand"}{print $4, $1, $2+1, $3, "."}' output/peaks/macs3/CQTL_AM7755_FNF_Ankle_replicate_peaks.narrowPeak > output/peaks/macs3/indv/CQTL_AM7755_FNF_Ankle_replicate.saf

        #count-indv
        featureCounts -p -F SAF                 -T 4                 --primary                 -C                 -a output/peaks/macs3/indv/CQTL_AM7755_FNF_Ankle_replicate.saf                 -o output/peaks/macs3/indv/CQTL_AM7755_FNF_Ankle_replicate_count.txt                 output/wasp/blk_filter/CQTL_AM7755_FNF_Ankle_replicate.sorted_final.bam 2>> output/logs/macs3_CQTL_AM7755_FNF_Ankle_replicate_count.err 1>> output/logs/macs3_CQTL_AM7755_FNF_Ankle_replicate_count.out


        
Submitted job 44 with external jobid '58429069'.

[Sat Feb  1 14:18:54 2025]
rule macs2_frip_calc:
    input: output/peaks/macs2/CQTL_AM7755_CTL_Ankle_replicate_peaks.narrowPeak, output/wasp/blk_filter/CQTL_AM7755_CTL_Ankle_replicate.sorted_final.bam
    output: output/peaks/macs2/indv/CQTL_AM7755_CTL_Ankle_replicate.saf, output/peaks/macs2/indv/CQTL_AM7755_CTL_Ankle_replicate_count.txt
    log: output/logs/macs2_CQTL_AM7755_CTL_Ankle_replicate_count.err, output/logs/macs2_CQTL_AM7755_CTL_Ankle_replicate_count.out
    jobid: 41
    wildcards: sampleName=CQTL_AM7755_CTL_Ankle_replicate
    threads: 4


        module load subread/2.0.6
        mkdir -p output/peaks/macs2/indv

        #convert peak region to SAF
        awk 'BEGIN{FS=OFS="	"; print "GeneID	Chr	Start	End	Strand"}{print $4, $1, $2+1, $3, "."}' output/peaks/macs2/CQTL_AM7755_CTL_Ankle_replicate_peaks.narrowPeak > output/peaks/macs2/indv/CQTL_AM7755_CTL_Ankle_replicate.saf

        #count-indv
        featureCounts -p -F SAF                 -T 4                 --primary                 -C                 -a output/peaks/macs2/indv/CQTL_AM7755_CTL_Ankle_replicate.saf                 -o output/peaks/macs2/indv/CQTL_AM7755_CTL_Ankle_replicate_count.txt                 output/wasp/blk_filter/CQTL_AM7755_CTL_Ankle_replicate.sorted_final.bam 2>> output/logs/macs2_CQTL_AM7755_CTL_Ankle_replicate_count.err 1>> output/logs/macs2_CQTL_AM7755_CTL_Ankle_replicate_count.out

        
Submitted job 41 with external jobid '58429070'.
[Sat Feb  1 14:19:08 2025]
Finished job 36.
10 of 55 steps (18%) done
[Sat Feb  1 14:19:09 2025]
Finished job 90.
11 of 55 steps (20%) done

[Sat Feb  1 14:19:14 2025]
rule macs3_frip_calc:
    input: output/peaks/macs3/CQTL_AM7755_CTL_Ankle_replicate_peaks.narrowPeak, output/wasp/blk_filter/CQTL_AM7755_CTL_Ankle_replicate.sorted_final.bam
    output: output/peaks/macs3/indv/CQTL_AM7755_CTL_Ankle_replicate.saf, output/peaks/macs3/indv/CQTL_AM7755_CTL_Ankle_replicate_count.txt
    log: output/logs/macs3_CQTL_AM7755_CTL_Ankle_replicate_count.err, output/logs/macs3_CQTL_AM7755_CTL_Ankle_replicate_count.out
    jobid: 47
    wildcards: sampleName=CQTL_AM7755_CTL_Ankle_replicate
    threads: 4


        module load subread/2.0.6
        mkdir -p output/peaks/macs3/indv

        #convert peak region to SAF
        awk 'BEGIN{FS=OFS="	"; print "GeneID	Chr	Start	End	Strand"}{print $4, $1, $2+1, $3, "."}' output/peaks/macs3/CQTL_AM7755_CTL_Ankle_replicate_peaks.narrowPeak > output/peaks/macs3/indv/CQTL_AM7755_CTL_Ankle_replicate.saf

        #count-indv
        featureCounts -p -F SAF                 -T 4                 --primary                 -C                 -a output/peaks/macs3/indv/CQTL_AM7755_CTL_Ankle_replicate.saf                 -o output/peaks/macs3/indv/CQTL_AM7755_CTL_Ankle_replicate_count.txt                 output/wasp/blk_filter/CQTL_AM7755_CTL_Ankle_replicate.sorted_final.bam 2>> output/logs/macs3_CQTL_AM7755_CTL_Ankle_replicate_count.err 1>> output/logs/macs3_CQTL_AM7755_CTL_Ankle_replicate_count.out


        
Submitted job 47 with external jobid '58429073'.
[Sat Feb  1 14:19:23 2025]
Finished job 89.
12 of 55 steps (22%) done

[Sat Feb  1 14:19:28 2025]
rule macs3_frip_calc:
    input: output/peaks/macs3/CQTL_AM7754_CTL_Ankle_replicate_peaks.narrowPeak, output/wasp/blk_filter/CQTL_AM7754_CTL_Ankle_replicate.sorted_final.bam
    output: output/peaks/macs3/indv/CQTL_AM7754_CTL_Ankle_replicate.saf, output/peaks/macs3/indv/CQTL_AM7754_CTL_Ankle_replicate_count.txt
    log: output/logs/macs3_CQTL_AM7754_CTL_Ankle_replicate_count.err, output/logs/macs3_CQTL_AM7754_CTL_Ankle_replicate_count.out
    jobid: 46
    wildcards: sampleName=CQTL_AM7754_CTL_Ankle_replicate
    threads: 4


        module load subread/2.0.6
        mkdir -p output/peaks/macs3/indv

        #convert peak region to SAF
        awk 'BEGIN{FS=OFS="	"; print "GeneID	Chr	Start	End	Strand"}{print $4, $1, $2+1, $3, "."}' output/peaks/macs3/CQTL_AM7754_CTL_Ankle_replicate_peaks.narrowPeak > output/peaks/macs3/indv/CQTL_AM7754_CTL_Ankle_replicate.saf

        #count-indv
        featureCounts -p -F SAF                 -T 4                 --primary                 -C                 -a output/peaks/macs3/indv/CQTL_AM7754_CTL_Ankle_replicate.saf                 -o output/peaks/macs3/indv/CQTL_AM7754_CTL_Ankle_replicate_count.txt                 output/wasp/blk_filter/CQTL_AM7754_CTL_Ankle_replicate.sorted_final.bam 2>> output/logs/macs3_CQTL_AM7754_CTL_Ankle_replicate_count.err 1>> output/logs/macs3_CQTL_AM7754_CTL_Ankle_replicate_count.out


        
Submitted job 46 with external jobid '58429074'.
[Sat Feb  1 14:19:28 2025]
Finished job 81.
13 of 55 steps (24%) done

[Sat Feb  1 14:19:33 2025]
rule macs2_frip_calc:
    input: output/peaks/macs2/CQTL_AM7755_FNF_Ankle_replicate_peaks.narrowPeak, output/wasp/blk_filter/CQTL_AM7755_FNF_Ankle_replicate.sorted_final.bam
    output: output/peaks/macs2/indv/CQTL_AM7755_FNF_Ankle_replicate.saf, output/peaks/macs2/indv/CQTL_AM7755_FNF_Ankle_replicate_count.txt
    log: output/logs/macs2_CQTL_AM7755_FNF_Ankle_replicate_count.err, output/logs/macs2_CQTL_AM7755_FNF_Ankle_replicate_count.out
    jobid: 38
    wildcards: sampleName=CQTL_AM7755_FNF_Ankle_replicate
    threads: 4


        module load subread/2.0.6
        mkdir -p output/peaks/macs2/indv

        #convert peak region to SAF
        awk 'BEGIN{FS=OFS="	"; print "GeneID	Chr	Start	End	Strand"}{print $4, $1, $2+1, $3, "."}' output/peaks/macs2/CQTL_AM7755_FNF_Ankle_replicate_peaks.narrowPeak > output/peaks/macs2/indv/CQTL_AM7755_FNF_Ankle_replicate.saf

        #count-indv
        featureCounts -p -F SAF                 -T 4                 --primary                 -C                 -a output/peaks/macs2/indv/CQTL_AM7755_FNF_Ankle_replicate.saf                 -o output/peaks/macs2/indv/CQTL_AM7755_FNF_Ankle_replicate_count.txt                 output/wasp/blk_filter/CQTL_AM7755_FNF_Ankle_replicate.sorted_final.bam 2>> output/logs/macs2_CQTL_AM7755_FNF_Ankle_replicate_count.err 1>> output/logs/macs2_CQTL_AM7755_FNF_Ankle_replicate_count.out

        
Submitted job 38 with external jobid '58429076'.
[Sat Feb  1 14:19:59 2025]
Finished job 86.
14 of 55 steps (25%) done

[Sat Feb  1 14:20:04 2025]
rule macs3_frip_calc:
    input: output/peaks/macs3/CQTL_AM7754_FNF_Ankle_replicate_peaks.narrowPeak, output/wasp/blk_filter/CQTL_AM7754_FNF_Ankle_replicate.sorted_final.bam
    output: output/peaks/macs3/indv/CQTL_AM7754_FNF_Ankle_replicate.saf, output/peaks/macs3/indv/CQTL_AM7754_FNF_Ankle_replicate_count.txt
    log: output/logs/macs3_CQTL_AM7754_FNF_Ankle_replicate_count.err, output/logs/macs3_CQTL_AM7754_FNF_Ankle_replicate_count.out
    jobid: 43
    wildcards: sampleName=CQTL_AM7754_FNF_Ankle_replicate
    threads: 4


        module load subread/2.0.6
        mkdir -p output/peaks/macs3/indv

        #convert peak region to SAF
        awk 'BEGIN{FS=OFS="	"; print "GeneID	Chr	Start	End	Strand"}{print $4, $1, $2+1, $3, "."}' output/peaks/macs3/CQTL_AM7754_FNF_Ankle_replicate_peaks.narrowPeak > output/peaks/macs3/indv/CQTL_AM7754_FNF_Ankle_replicate.saf

        #count-indv
        featureCounts -p -F SAF                 -T 4                 --primary                 -C                 -a output/peaks/macs3/indv/CQTL_AM7754_FNF_Ankle_replicate.saf                 -o output/peaks/macs3/indv/CQTL_AM7754_FNF_Ankle_replicate_count.txt                 output/wasp/blk_filter/CQTL_AM7754_FNF_Ankle_replicate.sorted_final.bam 2>> output/logs/macs3_CQTL_AM7754_FNF_Ankle_replicate_count.err 1>> output/logs/macs3_CQTL_AM7754_FNF_Ankle_replicate_count.out


        
Submitted job 43 with external jobid '58429079'.
[Sat Feb  1 14:20:24 2025]
Finished job 47.
15 of 55 steps (27%) done
[Sat Feb  1 14:20:27 2025]
Finished job 44.
16 of 55 steps (29%) done
[Sat Feb  1 14:20:29 2025]
Finished job 41.
17 of 55 steps (31%) done
[Sat Feb  1 14:20:35 2025]
Finished job 80.
18 of 55 steps (33%) done

[Sat Feb  1 14:20:40 2025]
rule macs2_frip_calc:
    input: output/peaks/macs2/CQTL_AM7754_FNF_Ankle_replicate_peaks.narrowPeak, output/wasp/blk_filter/CQTL_AM7754_FNF_Ankle_replicate.sorted_final.bam
    output: output/peaks/macs2/indv/CQTL_AM7754_FNF_Ankle_replicate.saf, output/peaks/macs2/indv/CQTL_AM7754_FNF_Ankle_replicate_count.txt
    log: output/logs/macs2_CQTL_AM7754_FNF_Ankle_replicate_count.err, output/logs/macs2_CQTL_AM7754_FNF_Ankle_replicate_count.out
    jobid: 37
    wildcards: sampleName=CQTL_AM7754_FNF_Ankle_replicate
    threads: 4


        module load subread/2.0.6
        mkdir -p output/peaks/macs2/indv

        #convert peak region to SAF
        awk 'BEGIN{FS=OFS="	"; print "GeneID	Chr	Start	End	Strand"}{print $4, $1, $2+1, $3, "."}' output/peaks/macs2/CQTL_AM7754_FNF_Ankle_replicate_peaks.narrowPeak > output/peaks/macs2/indv/CQTL_AM7754_FNF_Ankle_replicate.saf

        #count-indv
        featureCounts -p -F SAF                 -T 4                 --primary                 -C                 -a output/peaks/macs2/indv/CQTL_AM7754_FNF_Ankle_replicate.saf                 -o output/peaks/macs2/indv/CQTL_AM7754_FNF_Ankle_replicate_count.txt                 output/wasp/blk_filter/CQTL_AM7754_FNF_Ankle_replicate.sorted_final.bam 2>> output/logs/macs2_CQTL_AM7754_FNF_Ankle_replicate_count.err 1>> output/logs/macs2_CQTL_AM7754_FNF_Ankle_replicate_count.out

        
Submitted job 37 with external jobid '58429083'.
[Sat Feb  1 14:20:48 2025]
Finished job 83.
19 of 55 steps (35%) done

[Sat Feb  1 14:20:53 2025]
rule macs2_frip_calc:
    input: output/peaks/macs2/CQTL_AM7754_CTL_Ankle_replicate_peaks.narrowPeak, output/wasp/blk_filter/CQTL_AM7754_CTL_Ankle_replicate.sorted_final.bam
    output: output/peaks/macs2/indv/CQTL_AM7754_CTL_Ankle_replicate.saf, output/peaks/macs2/indv/CQTL_AM7754_CTL_Ankle_replicate_count.txt
    log: output/logs/macs2_CQTL_AM7754_CTL_Ankle_replicate_count.err, output/logs/macs2_CQTL_AM7754_CTL_Ankle_replicate_count.out
    jobid: 40
    wildcards: sampleName=CQTL_AM7754_CTL_Ankle_replicate
    threads: 4


        module load subread/2.0.6
        mkdir -p output/peaks/macs2/indv

        #convert peak region to SAF
        awk 'BEGIN{FS=OFS="	"; print "GeneID	Chr	Start	End	Strand"}{print $4, $1, $2+1, $3, "."}' output/peaks/macs2/CQTL_AM7754_CTL_Ankle_replicate_peaks.narrowPeak > output/peaks/macs2/indv/CQTL_AM7754_CTL_Ankle_replicate.saf

        #count-indv
        featureCounts -p -F SAF                 -T 4                 --primary                 -C                 -a output/peaks/macs2/indv/CQTL_AM7754_CTL_Ankle_replicate.saf                 -o output/peaks/macs2/indv/CQTL_AM7754_CTL_Ankle_replicate_count.txt                 output/wasp/blk_filter/CQTL_AM7754_CTL_Ankle_replicate.sorted_final.bam 2>> output/logs/macs2_CQTL_AM7754_CTL_Ankle_replicate_count.err 1>> output/logs/macs2_CQTL_AM7754_CTL_Ankle_replicate_count.out

        
Submitted job 40 with external jobid '58429084'.
[Sat Feb  1 14:21:04 2025]
Finished job 46.
20 of 55 steps (36%) done
[Sat Feb  1 14:21:05 2025]
Finished job 38.
21 of 55 steps (38%) done
[Sat Feb  1 14:21:37 2025]
Finished job 43.
22 of 55 steps (40%) done
[Sat Feb  1 14:22:09 2025]
Finished job 37.
23 of 55 steps (42%) done
[Sat Feb  1 14:22:30 2025]
Finished job 40.
24 of 55 steps (44%) done
[Sat Feb  1 14:22:42 2025]
Finished job 63.
25 of 55 steps (45%) done
[Sat Feb  1 14:24:11 2025]
Finished job 65.
26 of 55 steps (47%) done
[Sat Feb  1 14:24:41 2025]
Finished job 62.
27 of 55 steps (49%) done
[Sat Feb  1 14:24:46 2025]
Finished job 60.
28 of 55 steps (51%) done
[Sat Feb  1 14:25:13 2025]
Finished job 64.
29 of 55 steps (53%) done
[Sat Feb  1 14:25:37 2025]
Finished job 61.
30 of 55 steps (55%) done
[Sat Feb  1 14:57:18 2025]
Finished job 94.
31 of 55 steps (56%) done

[Sat Feb  1 14:57:23 2025]
rule hmmratac_frip_calc:
    input: output/peaks/hmmratac/CQTL_AM7778FE_CTL_Femur_1_accessible_regions.narrowPeak, output/wasp/blk_filter/CQTL_AM7778FE_CTL_Femur_1.sorted_final.bam
    output: output/peaks/hmmratac/indv/CQTL_AM7778FE_CTL_Femur_1.saf, output/peaks/hmmratac/indv/CQTL_AM7778FE_CTL_Femur_1_count.txt
    log: output/logs/hmmratac_CQTL_AM7778FE_CTL_Femur_1_count.err, output/logs/hmmratac_CQTL_AM7778FE_CTL_Femur_1_count.out
    jobid: 51
    wildcards: sampleName=CQTL_AM7778FE_CTL_Femur_1
    threads: 4


        module load subread/2.0.6
        mkdir -p output/peaks/hmmratac/indv

        #convert peak region to SAF
        awk 'BEGIN{FS=OFS="	"; print "GeneID	Chr	Start	End	Strand"}{print $4, $1, $2+1, $3, "."}' output/peaks/hmmratac/CQTL_AM7778FE_CTL_Femur_1_accessible_regions.narrowPeak > output/peaks/hmmratac/indv/CQTL_AM7778FE_CTL_Femur_1.saf

        #count-indv
        featureCounts -p -F SAF                 -T 4                 --primary                 -C                 -a output/peaks/hmmratac/indv/CQTL_AM7778FE_CTL_Femur_1.saf                 -o output/peaks/hmmratac/indv/CQTL_AM7778FE_CTL_Femur_1_count.txt                 output/wasp/blk_filter/CQTL_AM7778FE_CTL_Femur_1.sorted_final.bam 2>> output/logs/hmmratac_CQTL_AM7778FE_CTL_Femur_1_count.err 1>> output/logs/hmmratac_CQTL_AM7778FE_CTL_Femur_1_count.out


        
Submitted job 51 with external jobid '58430017'.
[Sat Feb  1 14:57:37 2025]
Error in rule hmmratac_frip_calc:
    jobid: 51
    output: output/peaks/hmmratac/indv/CQTL_AM7778FE_CTL_Femur_1.saf, output/peaks/hmmratac/indv/CQTL_AM7778FE_CTL_Femur_1_count.txt
    log: output/logs/hmmratac_CQTL_AM7778FE_CTL_Femur_1_count.err, output/logs/hmmratac_CQTL_AM7778FE_CTL_Femur_1_count.out (check log file(s) for error message)
    shell:
        
        module load subread/2.0.6
        mkdir -p output/peaks/hmmratac/indv

        #convert peak region to SAF
        awk 'BEGIN{FS=OFS="	"; print "GeneID	Chr	Start	End	Strand"}{print $4, $1, $2+1, $3, "."}' output/peaks/hmmratac/CQTL_AM7778FE_CTL_Femur_1_accessible_regions.narrowPeak > output/peaks/hmmratac/indv/CQTL_AM7778FE_CTL_Femur_1.saf

        #count-indv
        featureCounts -p -F SAF                 -T 4                 --primary                 -C                 -a output/peaks/hmmratac/indv/CQTL_AM7778FE_CTL_Femur_1.saf                 -o output/peaks/hmmratac/indv/CQTL_AM7778FE_CTL_Femur_1_count.txt                 output/wasp/blk_filter/CQTL_AM7778FE_CTL_Femur_1.sorted_final.bam 2>> output/logs/hmmratac_CQTL_AM7778FE_CTL_Femur_1_count.err 1>> output/logs/hmmratac_CQTL_AM7778FE_CTL_Femur_1_count.out


        
        (one of the commands exited with non-zero exit code; note that snakemake uses bash strict mode!)
    cluster_jobid: 58430017

Error executing rule hmmratac_frip_calc on cluster (jobid: 51, external: 58430017, jobscript: /work/users/s/e/seyoun/CQTL_AI/.snakemake/tmp.okv0stga/snakejob.hmmratac_frip_calc.51.sh). For error details see the cluster log and the log files of the involved rule(s).
[Sat Feb  1 15:09:03 2025]
Finished job 96.
32 of 55 steps (58%) done
[Sat Feb  1 15:13:57 2025]
Finished job 92.
33 of 55 steps (60%) done
[Sat Feb  1 15:17:28 2025]
Finished job 93.
34 of 55 steps (62%) done
[Sat Feb  1 15:19:46 2025]
Finished job 91.
35 of 55 steps (64%) done
[Sat Feb  1 15:25:34 2025]
Finished job 95.
36 of 55 steps (65%) done
[Sun Feb  2 10:31:11 2025]
Finished job 101.
37 of 55 steps (67%) done
[Sun Feb  2 10:43:05 2025]
Finished job 98.
38 of 55 steps (69%) done
[Sun Feb  2 10:51:55 2025]
Finished job 99.
39 of 55 steps (71%) done
[Sun Feb  2 11:21:30 2025]
Finished job 97.
40 of 55 steps (73%) done
[Sun Feb  2 14:22:10 2025]
Finished job 102.
41 of 55 steps (75%) done
[Sun Feb  2 17:43:12 2025]
Finished job 100.
42 of 55 steps (76%) done
Shutting down, this might take some time.
Exiting because a job execution failed. Look above for error message
Complete log: /work/users/s/e/seyoun/CQTL_AI/.snakemake/log/2025-02-01T140659.167950.snakemake.log
