Building DAG of jobs...
Using shell: /usr/bin/bash
Provided cluster nodes: 100
Job counts:
	count	jobs
	1	all_subset
	6	bamQC
	6	hmmratac_frip_calc
	6	macs2_frip_calc
	6	macs3_frip_calc
	6	rocco_frip_calc
	31

[Mon Feb  3 15:01:33 2025]
rule hmmratac_frip_calc:
    input: output/peaks/hmmratac/CQTL_AM7754_CTL_Ankle_replicate_accessible_regions.narrowPeak, output/wasp/blk_filter/CQTL_AM7754_CTL_Ankle_replicate.sorted_final.bam
    output: output/peaks/hmmratac/indv/CQTL_AM7754_CTL_Ankle_replicate.saf, output/peaks/hmmratac/indv/CQTL_AM7754_CTL_Ankle_replicate_count.txt
    log: output/logs/hmmratac_CQTL_AM7754_CTL_Ankle_replicate_count.err, output/logs/hmmratac_CQTL_AM7754_CTL_Ankle_replicate_count.out
    jobid: 58
    wildcards: sampleName=CQTL_AM7754_CTL_Ankle_replicate
    threads: 4


        module load subread/2.0.6
        mkdir -p output/peaks/hmmratac/indv

        #convert peak region to SAF
        awk 'BEGIN{FS=OFS="	"; print "GeneID	Chr	Start	End	Strand"}{print $4, $1, $2+1, $3, "."}' output/peaks/hmmratac/CQTL_AM7754_CTL_Ankle_replicate_accessible_regions.narrowPeak > output/peaks/hmmratac/indv/CQTL_AM7754_CTL_Ankle_replicate.saf

        #count-indv
        featureCounts -p -F SAF                 -T 4                 --primary                 -C                 -a output/peaks/hmmratac/indv/CQTL_AM7754_CTL_Ankle_replicate.saf                 -o output/peaks/hmmratac/indv/CQTL_AM7754_CTL_Ankle_replicate_count.txt                 output/wasp/blk_filter/CQTL_AM7754_CTL_Ankle_replicate.sorted_final.bam 2>> output/logs/hmmratac_CQTL_AM7754_CTL_Ankle_replicate_count.err 1>> output/logs/hmmratac_CQTL_AM7754_CTL_Ankle_replicate_count.out


        
Submitted job 58 with external jobid '58589904'.

[Mon Feb  3 15:01:38 2025]
rule rocco_frip_calc:
    input: output/peaks/rocco/CQTL_AM7778FE_CTL_Femur_1_peaks.bed, output/wasp/blk_filter/CQTL_AM7778FE_CTL_Femur_1.sorted_final.bam
    output: output/peaks/rocco/indv/CQTL_AM7778FE_CTL_Femur_1.saf, output/peaks/rocco/indv/CQTL_AM7778FE_CTL_Femur_1_count.txt
    log: output/logs/rocco_CQTL_AM7778FE_CTL_Femur_1_count.err, output/logs/rocco_CQTL_AM7778FE_CTL_Femur_1_count.out
    jobid: 63
    wildcards: sampleName=CQTL_AM7778FE_CTL_Femur_1
    threads: 4


        module load subread/2.0.6
        mkdir -p output/peaks/rocco/indv

        #convert peak region to SAF
        awk 'BEGIN{FS=OFS="	"; print "GeneID	Chr	Start	End	Strand"} {print "peak_"NR, $1, $2, $3, "."}' output/peaks/rocco/CQTL_AM7778FE_CTL_Femur_1_peaks.bed > output/peaks/rocco/indv/CQTL_AM7778FE_CTL_Femur_1.saf

        #count-indv
        featureCounts -p -F SAF                 -T 4                 --primary                 -C                 -a output/peaks/rocco/indv/CQTL_AM7778FE_CTL_Femur_1.saf                 -o output/peaks/rocco/indv/CQTL_AM7778FE_CTL_Femur_1_count.txt                 output/wasp/blk_filter/CQTL_AM7778FE_CTL_Femur_1.sorted_final.bam 2>> output/logs/rocco_CQTL_AM7778FE_CTL_Femur_1_count.err 1>> output/logs/rocco_CQTL_AM7778FE_CTL_Femur_1_count.out

        
Submitted job 63 with external jobid '58589905'.

[Mon Feb  3 15:01:43 2025]
rule macs2_frip_calc:
    input: output/peaks/macs2/CQTL_AM7778FE_CTL_Femur_1_peaks.narrowPeak, output/wasp/blk_filter/CQTL_AM7778FE_CTL_Femur_1.sorted_final.bam
    output: output/peaks/macs2/indv/CQTL_AM7778FE_CTL_Femur_1.saf, output/peaks/macs2/indv/CQTL_AM7778FE_CTL_Femur_1_count.txt
    log: output/logs/macs2_CQTL_AM7778FE_CTL_Femur_1_count.err, output/logs/macs2_CQTL_AM7778FE_CTL_Femur_1_count.out
    jobid: 45
    wildcards: sampleName=CQTL_AM7778FE_CTL_Femur_1
    threads: 4


        module load subread/2.0.6
        mkdir -p output/peaks/macs2/indv

        #convert peak region to SAF
        awk 'BEGIN{FS=OFS="	"; print "GeneID	Chr	Start	End	Strand"}{print $4, $1, $2+1, $3, "."}' output/peaks/macs2/CQTL_AM7778FE_CTL_Femur_1_peaks.narrowPeak > output/peaks/macs2/indv/CQTL_AM7778FE_CTL_Femur_1.saf

        #count-indv
        featureCounts -p -F SAF                 -T 4                 --primary                 -C                 -a output/peaks/macs2/indv/CQTL_AM7778FE_CTL_Femur_1.saf                 -o output/peaks/macs2/indv/CQTL_AM7778FE_CTL_Femur_1_count.txt                 output/wasp/blk_filter/CQTL_AM7778FE_CTL_Femur_1.sorted_final.bam 2>> output/logs/macs2_CQTL_AM7778FE_CTL_Femur_1_count.err 1>> output/logs/macs2_CQTL_AM7778FE_CTL_Femur_1_count.out

        
Submitted job 45 with external jobid '58589916'.

[Mon Feb  3 15:01:48 2025]
rule hmmratac_frip_calc:
    input: output/peaks/hmmratac/CQTL_AM7778FE_FNF_Femur_1_accessible_regions.narrowPeak, output/wasp/blk_filter/CQTL_AM7778FE_FNF_Femur_1.sorted_final.bam
    output: output/peaks/hmmratac/indv/CQTL_AM7778FE_FNF_Femur_1.saf, output/peaks/hmmratac/indv/CQTL_AM7778FE_FNF_Femur_1_count.txt
    log: output/logs/hmmratac_CQTL_AM7778FE_FNF_Femur_1_count.err, output/logs/hmmratac_CQTL_AM7778FE_FNF_Femur_1_count.out
    jobid: 54
    wildcards: sampleName=CQTL_AM7778FE_FNF_Femur_1
    threads: 4


        module load subread/2.0.6
        mkdir -p output/peaks/hmmratac/indv

        #convert peak region to SAF
        awk 'BEGIN{FS=OFS="	"; print "GeneID	Chr	Start	End	Strand"}{print $4, $1, $2+1, $3, "."}' output/peaks/hmmratac/CQTL_AM7778FE_FNF_Femur_1_accessible_regions.narrowPeak > output/peaks/hmmratac/indv/CQTL_AM7778FE_FNF_Femur_1.saf

        #count-indv
        featureCounts -p -F SAF                 -T 4                 --primary                 -C                 -a output/peaks/hmmratac/indv/CQTL_AM7778FE_FNF_Femur_1.saf                 -o output/peaks/hmmratac/indv/CQTL_AM7778FE_FNF_Femur_1_count.txt                 output/wasp/blk_filter/CQTL_AM7778FE_FNF_Femur_1.sorted_final.bam 2>> output/logs/hmmratac_CQTL_AM7778FE_FNF_Femur_1_count.err 1>> output/logs/hmmratac_CQTL_AM7778FE_FNF_Femur_1_count.out


        
Submitted job 54 with external jobid '58589917'.

[Mon Feb  3 15:01:54 2025]
rule bamQC:
    input: output/wasp/blk_filter/CQTL_AM7755_CTL_Ankle_replicate.sorted_final.bam
    output: output/wasp/bamQC/CQTL_AM7755_CTL_Ankle_replicate_bamQC
    log: output/logs/atacseqQC_afterWASP_CQTL_AM7755_CTL_Ankle_replicate.err, output/logs/atacseqQC_afterWASP_CQTL_AM7755_CTL_Ankle_replicate.out
    jobid: 41
    wildcards: sampleName=CQTL_AM7755_CTL_Ankle_replicate
    threads: 6


        module load r/4.4.0
        mkdir output/wasp/bamQC
        Rscript /work/users/s/e/seyoun/CQTL_AI/scripts/ATACseq_QC.R output/wasp/blk_filter/CQTL_AM7755_CTL_Ankle_replicate.sorted_final.bam "output/wasp/bamQC/" "sorted_final.bam"  1> output/logs/atacseqQC_afterWASP_CQTL_AM7755_CTL_Ankle_replicate.out 2> output/logs/atacseqQC_afterWASP_CQTL_AM7755_CTL_Ankle_replicate.err
        
Submitted job 41 with external jobid '58589927'.
[Mon Feb  3 15:01:56 2025]
Error in rule hmmratac_frip_calc:
    jobid: 58
    output: output/peaks/hmmratac/indv/CQTL_AM7754_CTL_Ankle_replicate.saf, output/peaks/hmmratac/indv/CQTL_AM7754_CTL_Ankle_replicate_count.txt
    log: output/logs/hmmratac_CQTL_AM7754_CTL_Ankle_replicate_count.err, output/logs/hmmratac_CQTL_AM7754_CTL_Ankle_replicate_count.out (check log file(s) for error message)
    shell:
        
        module load subread/2.0.6
        mkdir -p output/peaks/hmmratac/indv

        #convert peak region to SAF
        awk 'BEGIN{FS=OFS="	"; print "GeneID	Chr	Start	End	Strand"}{print $4, $1, $2+1, $3, "."}' output/peaks/hmmratac/CQTL_AM7754_CTL_Ankle_replicate_accessible_regions.narrowPeak > output/peaks/hmmratac/indv/CQTL_AM7754_CTL_Ankle_replicate.saf

        #count-indv
        featureCounts -p -F SAF                 -T 4                 --primary                 -C                 -a output/peaks/hmmratac/indv/CQTL_AM7754_CTL_Ankle_replicate.saf                 -o output/peaks/hmmratac/indv/CQTL_AM7754_CTL_Ankle_replicate_count.txt                 output/wasp/blk_filter/CQTL_AM7754_CTL_Ankle_replicate.sorted_final.bam 2>> output/logs/hmmratac_CQTL_AM7754_CTL_Ankle_replicate_count.err 1>> output/logs/hmmratac_CQTL_AM7754_CTL_Ankle_replicate_count.out


        
        (one of the commands exited with non-zero exit code; note that snakemake uses bash strict mode!)
    cluster_jobid: 58589904

Error executing rule hmmratac_frip_calc on cluster (jobid: 58, external: 58589904, jobscript: /work/users/s/e/seyoun/CQTL_AI/.snakemake/tmp.y9c2bhqa/snakejob.hmmratac_frip_calc.58.sh). For error details see the cluster log and the log files of the involved rule(s).

[Mon Feb  3 15:01:59 2025]
rule macs3_frip_calc:
    input: output/peaks/macs3/CQTL_AM7755_CTL_Ankle_replicate_peaks.narrowPeak, output/wasp/blk_filter/CQTL_AM7755_CTL_Ankle_replicate.sorted_final.bam
    output: output/peaks/macs3/indv/CQTL_AM7755_CTL_Ankle_replicate.saf, output/peaks/macs3/indv/CQTL_AM7755_CTL_Ankle_replicate_count.txt
    log: output/logs/macs3_CQTL_AM7755_CTL_Ankle_replicate_count.err, output/logs/macs3_CQTL_AM7755_CTL_Ankle_replicate_count.out
    jobid: 53
    wildcards: sampleName=CQTL_AM7755_CTL_Ankle_replicate
    threads: 4


        module load subread/2.0.6
        mkdir -p output/peaks/macs3/indv

        #convert peak region to SAF
        awk 'BEGIN{FS=OFS="	"; print "GeneID	Chr	Start	End	Strand"}{print $4, $1, $2+1, $3, "."}' output/peaks/macs3/CQTL_AM7755_CTL_Ankle_replicate_peaks.narrowPeak > output/peaks/macs3/indv/CQTL_AM7755_CTL_Ankle_replicate.saf

        #count-indv
        featureCounts -p -F SAF                 -T 4                 --primary                 -C                 -a output/peaks/macs3/indv/CQTL_AM7755_CTL_Ankle_replicate.saf                 -o output/peaks/macs3/indv/CQTL_AM7755_CTL_Ankle_replicate_count.txt                 output/wasp/blk_filter/CQTL_AM7755_CTL_Ankle_replicate.sorted_final.bam 2>> output/logs/macs3_CQTL_AM7755_CTL_Ankle_replicate_count.err 1>> output/logs/macs3_CQTL_AM7755_CTL_Ankle_replicate_count.out


        
Submitted job 53 with external jobid '58589939'.

[Mon Feb  3 15:02:04 2025]
rule macs3_frip_calc:
    input: output/peaks/macs3/CQTL_AM7778FE_CTL_Femur_1_peaks.narrowPeak, output/wasp/blk_filter/CQTL_AM7778FE_CTL_Femur_1.sorted_final.bam
    output: output/peaks/macs3/indv/CQTL_AM7778FE_CTL_Femur_1.saf, output/peaks/macs3/indv/CQTL_AM7778FE_CTL_Femur_1_count.txt
    log: output/logs/macs3_CQTL_AM7778FE_CTL_Femur_1_count.err, output/logs/macs3_CQTL_AM7778FE_CTL_Femur_1_count.out
    jobid: 51
    wildcards: sampleName=CQTL_AM7778FE_CTL_Femur_1
    threads: 4


        module load subread/2.0.6
        mkdir -p output/peaks/macs3/indv

        #convert peak region to SAF
        awk 'BEGIN{FS=OFS="	"; print "GeneID	Chr	Start	End	Strand"}{print $4, $1, $2+1, $3, "."}' output/peaks/macs3/CQTL_AM7778FE_CTL_Femur_1_peaks.narrowPeak > output/peaks/macs3/indv/CQTL_AM7778FE_CTL_Femur_1.saf

        #count-indv
        featureCounts -p -F SAF                 -T 4                 --primary                 -C                 -a output/peaks/macs3/indv/CQTL_AM7778FE_CTL_Femur_1.saf                 -o output/peaks/macs3/indv/CQTL_AM7778FE_CTL_Femur_1_count.txt                 output/wasp/blk_filter/CQTL_AM7778FE_CTL_Femur_1.sorted_final.bam 2>> output/logs/macs3_CQTL_AM7778FE_CTL_Femur_1_count.err 1>> output/logs/macs3_CQTL_AM7778FE_CTL_Femur_1_count.out


        
Submitted job 51 with external jobid '58589950'.

[Mon Feb  3 15:02:09 2025]
rule bamQC:
    input: output/wasp/blk_filter/CQTL_AM7778FE_CTL_Femur_1.sorted_final.bam
    output: output/wasp/bamQC/CQTL_AM7778FE_CTL_Femur_1_bamQC
    log: output/logs/atacseqQC_afterWASP_CQTL_AM7778FE_CTL_Femur_1.err, output/logs/atacseqQC_afterWASP_CQTL_AM7778FE_CTL_Femur_1.out
    jobid: 39
    wildcards: sampleName=CQTL_AM7778FE_CTL_Femur_1
    threads: 6


        module load r/4.4.0
        mkdir output/wasp/bamQC
        Rscript /work/users/s/e/seyoun/CQTL_AI/scripts/ATACseq_QC.R output/wasp/blk_filter/CQTL_AM7778FE_CTL_Femur_1.sorted_final.bam "output/wasp/bamQC/" "sorted_final.bam"  1> output/logs/atacseqQC_afterWASP_CQTL_AM7778FE_CTL_Femur_1.out 2> output/logs/atacseqQC_afterWASP_CQTL_AM7778FE_CTL_Femur_1.err
        
Submitted job 39 with external jobid '58589956'.

[Mon Feb  3 15:02:14 2025]
rule hmmratac_frip_calc:
    input: output/peaks/hmmratac/CQTL_AM7755_FNF_Ankle_replicate_accessible_regions.narrowPeak, output/wasp/blk_filter/CQTL_AM7755_FNF_Ankle_replicate.sorted_final.bam
    output: output/peaks/hmmratac/indv/CQTL_AM7755_FNF_Ankle_replicate.saf, output/peaks/hmmratac/indv/CQTL_AM7755_FNF_Ankle_replicate_count.txt
    log: output/logs/hmmratac_CQTL_AM7755_FNF_Ankle_replicate_count.err, output/logs/hmmratac_CQTL_AM7755_FNF_Ankle_replicate_count.out
    jobid: 56
    wildcards: sampleName=CQTL_AM7755_FNF_Ankle_replicate
    threads: 4


        module load subread/2.0.6
        mkdir -p output/peaks/hmmratac/indv

        #convert peak region to SAF
        awk 'BEGIN{FS=OFS="	"; print "GeneID	Chr	Start	End	Strand"}{print $4, $1, $2+1, $3, "."}' output/peaks/hmmratac/CQTL_AM7755_FNF_Ankle_replicate_accessible_regions.narrowPeak > output/peaks/hmmratac/indv/CQTL_AM7755_FNF_Ankle_replicate.saf

        #count-indv
        featureCounts -p -F SAF                 -T 4                 --primary                 -C                 -a output/peaks/hmmratac/indv/CQTL_AM7755_FNF_Ankle_replicate.saf                 -o output/peaks/hmmratac/indv/CQTL_AM7755_FNF_Ankle_replicate_count.txt                 output/wasp/blk_filter/CQTL_AM7755_FNF_Ankle_replicate.sorted_final.bam 2>> output/logs/hmmratac_CQTL_AM7755_FNF_Ankle_replicate_count.err 1>> output/logs/hmmratac_CQTL_AM7755_FNF_Ankle_replicate_count.out


        
Submitted job 56 with external jobid '58589981'.
[Mon Feb  3 15:02:14 2025]
Error in rule hmmratac_frip_calc:
    jobid: 54
    output: output/peaks/hmmratac/indv/CQTL_AM7778FE_FNF_Femur_1.saf, output/peaks/hmmratac/indv/CQTL_AM7778FE_FNF_Femur_1_count.txt
    log: output/logs/hmmratac_CQTL_AM7778FE_FNF_Femur_1_count.err, output/logs/hmmratac_CQTL_AM7778FE_FNF_Femur_1_count.out (check log file(s) for error message)
    shell:
        
        module load subread/2.0.6
        mkdir -p output/peaks/hmmratac/indv

        #convert peak region to SAF
        awk 'BEGIN{FS=OFS="	"; print "GeneID	Chr	Start	End	Strand"}{print $4, $1, $2+1, $3, "."}' output/peaks/hmmratac/CQTL_AM7778FE_FNF_Femur_1_accessible_regions.narrowPeak > output/peaks/hmmratac/indv/CQTL_AM7778FE_FNF_Femur_1.saf

        #count-indv
        featureCounts -p -F SAF                 -T 4                 --primary                 -C                 -a output/peaks/hmmratac/indv/CQTL_AM7778FE_FNF_Femur_1.saf                 -o output/peaks/hmmratac/indv/CQTL_AM7778FE_FNF_Femur_1_count.txt                 output/wasp/blk_filter/CQTL_AM7778FE_FNF_Femur_1.sorted_final.bam 2>> output/logs/hmmratac_CQTL_AM7778FE_FNF_Femur_1_count.err 1>> output/logs/hmmratac_CQTL_AM7778FE_FNF_Femur_1_count.out


        
        (one of the commands exited with non-zero exit code; note that snakemake uses bash strict mode!)
    cluster_jobid: 58589917

Error executing rule hmmratac_frip_calc on cluster (jobid: 54, external: 58589917, jobscript: /work/users/s/e/seyoun/CQTL_AI/.snakemake/tmp.y9c2bhqa/snakejob.hmmratac_frip_calc.54.sh). For error details see the cluster log and the log files of the involved rule(s).
[Mon Feb  3 15:02:15 2025]
Error in rule bamQC:
    jobid: 41
    output: output/wasp/bamQC/CQTL_AM7755_CTL_Ankle_replicate_bamQC
    log: output/logs/atacseqQC_afterWASP_CQTL_AM7755_CTL_Ankle_replicate.err, output/logs/atacseqQC_afterWASP_CQTL_AM7755_CTL_Ankle_replicate.out (check log file(s) for error message)
    shell:
        
        module load r/4.4.0
        mkdir output/wasp/bamQC
        Rscript /work/users/s/e/seyoun/CQTL_AI/scripts/ATACseq_QC.R output/wasp/blk_filter/CQTL_AM7755_CTL_Ankle_replicate.sorted_final.bam "output/wasp/bamQC/" "sorted_final.bam"  1> output/logs/atacseqQC_afterWASP_CQTL_AM7755_CTL_Ankle_replicate.out 2> output/logs/atacseqQC_afterWASP_CQTL_AM7755_CTL_Ankle_replicate.err
        
        (one of the commands exited with non-zero exit code; note that snakemake uses bash strict mode!)
    cluster_jobid: 58589927

Error executing rule bamQC on cluster (jobid: 41, external: 58589927, jobscript: /work/users/s/e/seyoun/CQTL_AI/.snakemake/tmp.y9c2bhqa/snakejob.bamQC.41.sh). For error details see the cluster log and the log files of the involved rule(s).

[Mon Feb  3 15:02:19 2025]
rule macs2_frip_calc:
    input: output/peaks/macs2/CQTL_AM7755_CTL_Ankle_replicate_peaks.narrowPeak, output/wasp/blk_filter/CQTL_AM7755_CTL_Ankle_replicate.sorted_final.bam
    output: output/peaks/macs2/indv/CQTL_AM7755_CTL_Ankle_replicate.saf, output/peaks/macs2/indv/CQTL_AM7755_CTL_Ankle_replicate_count.txt
    log: output/logs/macs2_CQTL_AM7755_CTL_Ankle_replicate_count.err, output/logs/macs2_CQTL_AM7755_CTL_Ankle_replicate_count.out
    jobid: 47
    wildcards: sampleName=CQTL_AM7755_CTL_Ankle_replicate
    threads: 4


        module load subread/2.0.6
        mkdir -p output/peaks/macs2/indv

        #convert peak region to SAF
        awk 'BEGIN{FS=OFS="	"; print "GeneID	Chr	Start	End	Strand"}{print $4, $1, $2+1, $3, "."}' output/peaks/macs2/CQTL_AM7755_CTL_Ankle_replicate_peaks.narrowPeak > output/peaks/macs2/indv/CQTL_AM7755_CTL_Ankle_replicate.saf

        #count-indv
        featureCounts -p -F SAF                 -T 4                 --primary                 -C                 -a output/peaks/macs2/indv/CQTL_AM7755_CTL_Ankle_replicate.saf                 -o output/peaks/macs2/indv/CQTL_AM7755_CTL_Ankle_replicate_count.txt                 output/wasp/blk_filter/CQTL_AM7755_CTL_Ankle_replicate.sorted_final.bam 2>> output/logs/macs2_CQTL_AM7755_CTL_Ankle_replicate_count.err 1>> output/logs/macs2_CQTL_AM7755_CTL_Ankle_replicate_count.out

        
Submitted job 47 with external jobid '58589990'.

[Mon Feb  3 15:02:24 2025]
rule hmmratac_frip_calc:
    input: output/peaks/hmmratac/CQTL_AM7754_FNF_Ankle_replicate_accessible_regions.narrowPeak, output/wasp/blk_filter/CQTL_AM7754_FNF_Ankle_replicate.sorted_final.bam
    output: output/peaks/hmmratac/indv/CQTL_AM7754_FNF_Ankle_replicate.saf, output/peaks/hmmratac/indv/CQTL_AM7754_FNF_Ankle_replicate_count.txt
    log: output/logs/hmmratac_CQTL_AM7754_FNF_Ankle_replicate_count.err, output/logs/hmmratac_CQTL_AM7754_FNF_Ankle_replicate_count.out
    jobid: 55
    wildcards: sampleName=CQTL_AM7754_FNF_Ankle_replicate
    threads: 4


        module load subread/2.0.6
        mkdir -p output/peaks/hmmratac/indv

        #convert peak region to SAF
        awk 'BEGIN{FS=OFS="	"; print "GeneID	Chr	Start	End	Strand"}{print $4, $1, $2+1, $3, "."}' output/peaks/hmmratac/CQTL_AM7754_FNF_Ankle_replicate_accessible_regions.narrowPeak > output/peaks/hmmratac/indv/CQTL_AM7754_FNF_Ankle_replicate.saf

        #count-indv
        featureCounts -p -F SAF                 -T 4                 --primary                 -C                 -a output/peaks/hmmratac/indv/CQTL_AM7754_FNF_Ankle_replicate.saf                 -o output/peaks/hmmratac/indv/CQTL_AM7754_FNF_Ankle_replicate_count.txt                 output/wasp/blk_filter/CQTL_AM7754_FNF_Ankle_replicate.sorted_final.bam 2>> output/logs/hmmratac_CQTL_AM7754_FNF_Ankle_replicate_count.err 1>> output/logs/hmmratac_CQTL_AM7754_FNF_Ankle_replicate_count.out


        
Submitted job 55 with external jobid '58590003'.
[Mon Feb  3 15:02:28 2025]
Error in rule hmmratac_frip_calc:
    jobid: 56
    output: output/peaks/hmmratac/indv/CQTL_AM7755_FNF_Ankle_replicate.saf, output/peaks/hmmratac/indv/CQTL_AM7755_FNF_Ankle_replicate_count.txt
    log: output/logs/hmmratac_CQTL_AM7755_FNF_Ankle_replicate_count.err, output/logs/hmmratac_CQTL_AM7755_FNF_Ankle_replicate_count.out (check log file(s) for error message)
    shell:
        
        module load subread/2.0.6
        mkdir -p output/peaks/hmmratac/indv

        #convert peak region to SAF
        awk 'BEGIN{FS=OFS="	"; print "GeneID	Chr	Start	End	Strand"}{print $4, $1, $2+1, $3, "."}' output/peaks/hmmratac/CQTL_AM7755_FNF_Ankle_replicate_accessible_regions.narrowPeak > output/peaks/hmmratac/indv/CQTL_AM7755_FNF_Ankle_replicate.saf

        #count-indv
        featureCounts -p -F SAF                 -T 4                 --primary                 -C                 -a output/peaks/hmmratac/indv/CQTL_AM7755_FNF_Ankle_replicate.saf                 -o output/peaks/hmmratac/indv/CQTL_AM7755_FNF_Ankle_replicate_count.txt                 output/wasp/blk_filter/CQTL_AM7755_FNF_Ankle_replicate.sorted_final.bam 2>> output/logs/hmmratac_CQTL_AM7755_FNF_Ankle_replicate_count.err 1>> output/logs/hmmratac_CQTL_AM7755_FNF_Ankle_replicate_count.out


        
        (one of the commands exited with non-zero exit code; note that snakemake uses bash strict mode!)
    cluster_jobid: 58589981

Error executing rule hmmratac_frip_calc on cluster (jobid: 56, external: 58589981, jobscript: /work/users/s/e/seyoun/CQTL_AI/.snakemake/tmp.y9c2bhqa/snakejob.hmmratac_frip_calc.56.sh). For error details see the cluster log and the log files of the involved rule(s).

[Mon Feb  3 15:02:29 2025]
rule rocco_frip_calc:
    input: output/peaks/rocco/CQTL_AM7755_CTL_Ankle_replicate_peaks.bed, output/wasp/blk_filter/CQTL_AM7755_CTL_Ankle_replicate.sorted_final.bam
    output: output/peaks/rocco/indv/CQTL_AM7755_CTL_Ankle_replicate.saf, output/peaks/rocco/indv/CQTL_AM7755_CTL_Ankle_replicate_count.txt
    log: output/logs/rocco_CQTL_AM7755_CTL_Ankle_replicate_count.err, output/logs/rocco_CQTL_AM7755_CTL_Ankle_replicate_count.out
    jobid: 65
    wildcards: sampleName=CQTL_AM7755_CTL_Ankle_replicate
    threads: 4


        module load subread/2.0.6
        mkdir -p output/peaks/rocco/indv

        #convert peak region to SAF
        awk 'BEGIN{FS=OFS="	"; print "GeneID	Chr	Start	End	Strand"} {print "peak_"NR, $1, $2, $3, "."}' output/peaks/rocco/CQTL_AM7755_CTL_Ankle_replicate_peaks.bed > output/peaks/rocco/indv/CQTL_AM7755_CTL_Ankle_replicate.saf

        #count-indv
        featureCounts -p -F SAF                 -T 4                 --primary                 -C                 -a output/peaks/rocco/indv/CQTL_AM7755_CTL_Ankle_replicate.saf                 -o output/peaks/rocco/indv/CQTL_AM7755_CTL_Ankle_replicate_count.txt                 output/wasp/blk_filter/CQTL_AM7755_CTL_Ankle_replicate.sorted_final.bam 2>> output/logs/rocco_CQTL_AM7755_CTL_Ankle_replicate_count.err 1>> output/logs/rocco_CQTL_AM7755_CTL_Ankle_replicate_count.out

        
Submitted job 65 with external jobid '58590007'.
[Mon Feb  3 15:02:32 2025]
Finished job 63.
1 of 31 steps (3%) done
[Mon Feb  3 15:02:34 2025]
Error in rule bamQC:
    jobid: 39
    output: output/wasp/bamQC/CQTL_AM7778FE_CTL_Femur_1_bamQC
    log: output/logs/atacseqQC_afterWASP_CQTL_AM7778FE_CTL_Femur_1.err, output/logs/atacseqQC_afterWASP_CQTL_AM7778FE_CTL_Femur_1.out (check log file(s) for error message)
    shell:
        
        module load r/4.4.0
        mkdir output/wasp/bamQC
        Rscript /work/users/s/e/seyoun/CQTL_AI/scripts/ATACseq_QC.R output/wasp/blk_filter/CQTL_AM7778FE_CTL_Femur_1.sorted_final.bam "output/wasp/bamQC/" "sorted_final.bam"  1> output/logs/atacseqQC_afterWASP_CQTL_AM7778FE_CTL_Femur_1.out 2> output/logs/atacseqQC_afterWASP_CQTL_AM7778FE_CTL_Femur_1.err
        
        (one of the commands exited with non-zero exit code; note that snakemake uses bash strict mode!)
    cluster_jobid: 58589956

Error executing rule bamQC on cluster (jobid: 39, external: 58589956, jobscript: /work/users/s/e/seyoun/CQTL_AI/.snakemake/tmp.y9c2bhqa/snakejob.bamQC.39.sh). For error details see the cluster log and the log files of the involved rule(s).

[Mon Feb  3 15:02:34 2025]
rule rocco_frip_calc:
    input: output/peaks/rocco/CQTL_AM7754_CTL_Ankle_replicate_peaks.bed, output/wasp/blk_filter/CQTL_AM7754_CTL_Ankle_replicate.sorted_final.bam
    output: output/peaks/rocco/indv/CQTL_AM7754_CTL_Ankle_replicate.saf, output/peaks/rocco/indv/CQTL_AM7754_CTL_Ankle_replicate_count.txt
    log: output/logs/rocco_CQTL_AM7754_CTL_Ankle_replicate_count.err, output/logs/rocco_CQTL_AM7754_CTL_Ankle_replicate_count.out
    jobid: 64
    wildcards: sampleName=CQTL_AM7754_CTL_Ankle_replicate
    threads: 4


        module load subread/2.0.6
        mkdir -p output/peaks/rocco/indv

        #convert peak region to SAF
        awk 'BEGIN{FS=OFS="	"; print "GeneID	Chr	Start	End	Strand"} {print "peak_"NR, $1, $2, $3, "."}' output/peaks/rocco/CQTL_AM7754_CTL_Ankle_replicate_peaks.bed > output/peaks/rocco/indv/CQTL_AM7754_CTL_Ankle_replicate.saf

        #count-indv
        featureCounts -p -F SAF                 -T 4                 --primary                 -C                 -a output/peaks/rocco/indv/CQTL_AM7754_CTL_Ankle_replicate.saf                 -o output/peaks/rocco/indv/CQTL_AM7754_CTL_Ankle_replicate_count.txt                 output/wasp/blk_filter/CQTL_AM7754_CTL_Ankle_replicate.sorted_final.bam 2>> output/logs/rocco_CQTL_AM7754_CTL_Ankle_replicate_count.err 1>> output/logs/rocco_CQTL_AM7754_CTL_Ankle_replicate_count.out

        
Submitted job 64 with external jobid '58590008'.
[Mon Feb  3 15:02:36 2025]
Error in rule hmmratac_frip_calc:
    jobid: 55
    output: output/peaks/hmmratac/indv/CQTL_AM7754_FNF_Ankle_replicate.saf, output/peaks/hmmratac/indv/CQTL_AM7754_FNF_Ankle_replicate_count.txt
    log: output/logs/hmmratac_CQTL_AM7754_FNF_Ankle_replicate_count.err, output/logs/hmmratac_CQTL_AM7754_FNF_Ankle_replicate_count.out (check log file(s) for error message)
    shell:
        
        module load subread/2.0.6
        mkdir -p output/peaks/hmmratac/indv

        #convert peak region to SAF
        awk 'BEGIN{FS=OFS="	"; print "GeneID	Chr	Start	End	Strand"}{print $4, $1, $2+1, $3, "."}' output/peaks/hmmratac/CQTL_AM7754_FNF_Ankle_replicate_accessible_regions.narrowPeak > output/peaks/hmmratac/indv/CQTL_AM7754_FNF_Ankle_replicate.saf

        #count-indv
        featureCounts -p -F SAF                 -T 4                 --primary                 -C                 -a output/peaks/hmmratac/indv/CQTL_AM7754_FNF_Ankle_replicate.saf                 -o output/peaks/hmmratac/indv/CQTL_AM7754_FNF_Ankle_replicate_count.txt                 output/wasp/blk_filter/CQTL_AM7754_FNF_Ankle_replicate.sorted_final.bam 2>> output/logs/hmmratac_CQTL_AM7754_FNF_Ankle_replicate_count.err 1>> output/logs/hmmratac_CQTL_AM7754_FNF_Ankle_replicate_count.out


        
        (one of the commands exited with non-zero exit code; note that snakemake uses bash strict mode!)
    cluster_jobid: 58590003

Error executing rule hmmratac_frip_calc on cluster (jobid: 55, external: 58590003, jobscript: /work/users/s/e/seyoun/CQTL_AI/.snakemake/tmp.y9c2bhqa/snakejob.hmmratac_frip_calc.55.sh). For error details see the cluster log and the log files of the involved rule(s).

[Mon Feb  3 15:02:39 2025]
rule macs2_frip_calc:
    input: output/peaks/macs2/CQTL_AM7754_FNF_Ankle_replicate_peaks.narrowPeak, output/wasp/blk_filter/CQTL_AM7754_FNF_Ankle_replicate.sorted_final.bam
    output: output/peaks/macs2/indv/CQTL_AM7754_FNF_Ankle_replicate.saf, output/peaks/macs2/indv/CQTL_AM7754_FNF_Ankle_replicate_count.txt
    log: output/logs/macs2_CQTL_AM7754_FNF_Ankle_replicate_count.err, output/logs/macs2_CQTL_AM7754_FNF_Ankle_replicate_count.out
    jobid: 43
    wildcards: sampleName=CQTL_AM7754_FNF_Ankle_replicate
    threads: 4


        module load subread/2.0.6
        mkdir -p output/peaks/macs2/indv

        #convert peak region to SAF
        awk 'BEGIN{FS=OFS="	"; print "GeneID	Chr	Start	End	Strand"}{print $4, $1, $2+1, $3, "."}' output/peaks/macs2/CQTL_AM7754_FNF_Ankle_replicate_peaks.narrowPeak > output/peaks/macs2/indv/CQTL_AM7754_FNF_Ankle_replicate.saf

        #count-indv
        featureCounts -p -F SAF                 -T 4                 --primary                 -C                 -a output/peaks/macs2/indv/CQTL_AM7754_FNF_Ankle_replicate.saf                 -o output/peaks/macs2/indv/CQTL_AM7754_FNF_Ankle_replicate_count.txt                 output/wasp/blk_filter/CQTL_AM7754_FNF_Ankle_replicate.sorted_final.bam 2>> output/logs/macs2_CQTL_AM7754_FNF_Ankle_replicate_count.err 1>> output/logs/macs2_CQTL_AM7754_FNF_Ankle_replicate_count.out

        
Submitted job 43 with external jobid '58590009'.

[Mon Feb  3 15:02:45 2025]
rule rocco_frip_calc:
    input: output/peaks/rocco/CQTL_AM7755_FNF_Ankle_replicate_peaks.bed, output/wasp/blk_filter/CQTL_AM7755_FNF_Ankle_replicate.sorted_final.bam
    output: output/peaks/rocco/indv/CQTL_AM7755_FNF_Ankle_replicate.saf, output/peaks/rocco/indv/CQTL_AM7755_FNF_Ankle_replicate_count.txt
    log: output/logs/rocco_CQTL_AM7755_FNF_Ankle_replicate_count.err, output/logs/rocco_CQTL_AM7755_FNF_Ankle_replicate_count.out
    jobid: 62
    wildcards: sampleName=CQTL_AM7755_FNF_Ankle_replicate
    threads: 4


        module load subread/2.0.6
        mkdir -p output/peaks/rocco/indv

        #convert peak region to SAF
        awk 'BEGIN{FS=OFS="	"; print "GeneID	Chr	Start	End	Strand"} {print "peak_"NR, $1, $2, $3, "."}' output/peaks/rocco/CQTL_AM7755_FNF_Ankle_replicate_peaks.bed > output/peaks/rocco/indv/CQTL_AM7755_FNF_Ankle_replicate.saf

        #count-indv
        featureCounts -p -F SAF                 -T 4                 --primary                 -C                 -a output/peaks/rocco/indv/CQTL_AM7755_FNF_Ankle_replicate.saf                 -o output/peaks/rocco/indv/CQTL_AM7755_FNF_Ankle_replicate_count.txt                 output/wasp/blk_filter/CQTL_AM7755_FNF_Ankle_replicate.sorted_final.bam 2>> output/logs/rocco_CQTL_AM7755_FNF_Ankle_replicate_count.err 1>> output/logs/rocco_CQTL_AM7755_FNF_Ankle_replicate_count.out

        
Submitted job 62 with external jobid '58590019'.

[Mon Feb  3 15:02:50 2025]
rule hmmratac_frip_calc:
    input: output/peaks/hmmratac/CQTL_AM7755_CTL_Ankle_replicate_accessible_regions.narrowPeak, output/wasp/blk_filter/CQTL_AM7755_CTL_Ankle_replicate.sorted_final.bam
    output: output/peaks/hmmratac/indv/CQTL_AM7755_CTL_Ankle_replicate.saf, output/peaks/hmmratac/indv/CQTL_AM7755_CTL_Ankle_replicate_count.txt
    log: output/logs/hmmratac_CQTL_AM7755_CTL_Ankle_replicate_count.err, output/logs/hmmratac_CQTL_AM7755_CTL_Ankle_replicate_count.out
    jobid: 59
    wildcards: sampleName=CQTL_AM7755_CTL_Ankle_replicate
    threads: 4


        module load subread/2.0.6
        mkdir -p output/peaks/hmmratac/indv

        #convert peak region to SAF
        awk 'BEGIN{FS=OFS="	"; print "GeneID	Chr	Start	End	Strand"}{print $4, $1, $2+1, $3, "."}' output/peaks/hmmratac/CQTL_AM7755_CTL_Ankle_replicate_accessible_regions.narrowPeak > output/peaks/hmmratac/indv/CQTL_AM7755_CTL_Ankle_replicate.saf

        #count-indv
        featureCounts -p -F SAF                 -T 4                 --primary                 -C                 -a output/peaks/hmmratac/indv/CQTL_AM7755_CTL_Ankle_replicate.saf                 -o output/peaks/hmmratac/indv/CQTL_AM7755_CTL_Ankle_replicate_count.txt                 output/wasp/blk_filter/CQTL_AM7755_CTL_Ankle_replicate.sorted_final.bam 2>> output/logs/hmmratac_CQTL_AM7755_CTL_Ankle_replicate_count.err 1>> output/logs/hmmratac_CQTL_AM7755_CTL_Ankle_replicate_count.out


        
Submitted job 59 with external jobid '58590020'.
[Mon Feb  3 15:02:50 2025]
Finished job 45.
2 of 31 steps (6%) done

[Mon Feb  3 15:02:55 2025]
rule macs2_frip_calc:
    input: output/peaks/macs2/CQTL_AM7755_FNF_Ankle_replicate_peaks.narrowPeak, output/wasp/blk_filter/CQTL_AM7755_FNF_Ankle_replicate.sorted_final.bam
    output: output/peaks/macs2/indv/CQTL_AM7755_FNF_Ankle_replicate.saf, output/peaks/macs2/indv/CQTL_AM7755_FNF_Ankle_replicate_count.txt
    log: output/logs/macs2_CQTL_AM7755_FNF_Ankle_replicate_count.err, output/logs/macs2_CQTL_AM7755_FNF_Ankle_replicate_count.out
    jobid: 44
    wildcards: sampleName=CQTL_AM7755_FNF_Ankle_replicate
    threads: 4


        module load subread/2.0.6
        mkdir -p output/peaks/macs2/indv

        #convert peak region to SAF
        awk 'BEGIN{FS=OFS="	"; print "GeneID	Chr	Start	End	Strand"}{print $4, $1, $2+1, $3, "."}' output/peaks/macs2/CQTL_AM7755_FNF_Ankle_replicate_peaks.narrowPeak > output/peaks/macs2/indv/CQTL_AM7755_FNF_Ankle_replicate.saf

        #count-indv
        featureCounts -p -F SAF                 -T 4                 --primary                 -C                 -a output/peaks/macs2/indv/CQTL_AM7755_FNF_Ankle_replicate.saf                 -o output/peaks/macs2/indv/CQTL_AM7755_FNF_Ankle_replicate_count.txt                 output/wasp/blk_filter/CQTL_AM7755_FNF_Ankle_replicate.sorted_final.bam 2>> output/logs/macs2_CQTL_AM7755_FNF_Ankle_replicate_count.err 1>> output/logs/macs2_CQTL_AM7755_FNF_Ankle_replicate_count.out

        
Submitted job 44 with external jobid '58590021'.

[Mon Feb  3 15:03:00 2025]
rule rocco_frip_calc:
    input: output/peaks/rocco/CQTL_AM7754_FNF_Ankle_replicate_peaks.bed, output/wasp/blk_filter/CQTL_AM7754_FNF_Ankle_replicate.sorted_final.bam
    output: output/peaks/rocco/indv/CQTL_AM7754_FNF_Ankle_replicate.saf, output/peaks/rocco/indv/CQTL_AM7754_FNF_Ankle_replicate_count.txt
    log: output/logs/rocco_CQTL_AM7754_FNF_Ankle_replicate_count.err, output/logs/rocco_CQTL_AM7754_FNF_Ankle_replicate_count.out
    jobid: 61
    wildcards: sampleName=CQTL_AM7754_FNF_Ankle_replicate
    threads: 4


        module load subread/2.0.6
        mkdir -p output/peaks/rocco/indv

        #convert peak region to SAF
        awk 'BEGIN{FS=OFS="	"; print "GeneID	Chr	Start	End	Strand"} {print "peak_"NR, $1, $2, $3, "."}' output/peaks/rocco/CQTL_AM7754_FNF_Ankle_replicate_peaks.bed > output/peaks/rocco/indv/CQTL_AM7754_FNF_Ankle_replicate.saf

        #count-indv
        featureCounts -p -F SAF                 -T 4                 --primary                 -C                 -a output/peaks/rocco/indv/CQTL_AM7754_FNF_Ankle_replicate.saf                 -o output/peaks/rocco/indv/CQTL_AM7754_FNF_Ankle_replicate_count.txt                 output/wasp/blk_filter/CQTL_AM7754_FNF_Ankle_replicate.sorted_final.bam 2>> output/logs/rocco_CQTL_AM7754_FNF_Ankle_replicate_count.err 1>> output/logs/rocco_CQTL_AM7754_FNF_Ankle_replicate_count.out

        
Submitted job 61 with external jobid '58590034'.

[Mon Feb  3 15:03:05 2025]
rule macs3_frip_calc:
    input: output/peaks/macs3/CQTL_AM7778FE_FNF_Femur_1_peaks.narrowPeak, output/wasp/blk_filter/CQTL_AM7778FE_FNF_Femur_1.sorted_final.bam
    output: output/peaks/macs3/indv/CQTL_AM7778FE_FNF_Femur_1.saf, output/peaks/macs3/indv/CQTL_AM7778FE_FNF_Femur_1_count.txt
    log: output/logs/macs3_CQTL_AM7778FE_FNF_Femur_1_count.err, output/logs/macs3_CQTL_AM7778FE_FNF_Femur_1_count.out
    jobid: 48
    wildcards: sampleName=CQTL_AM7778FE_FNF_Femur_1
    threads: 4


        module load subread/2.0.6
        mkdir -p output/peaks/macs3/indv

        #convert peak region to SAF
        awk 'BEGIN{FS=OFS="	"; print "GeneID	Chr	Start	End	Strand"}{print $4, $1, $2+1, $3, "."}' output/peaks/macs3/CQTL_AM7778FE_FNF_Femur_1_peaks.narrowPeak > output/peaks/macs3/indv/CQTL_AM7778FE_FNF_Femur_1.saf

        #count-indv
        featureCounts -p -F SAF                 -T 4                 --primary                 -C                 -a output/peaks/macs3/indv/CQTL_AM7778FE_FNF_Femur_1.saf                 -o output/peaks/macs3/indv/CQTL_AM7778FE_FNF_Femur_1_count.txt                 output/wasp/blk_filter/CQTL_AM7778FE_FNF_Femur_1.sorted_final.bam 2>> output/logs/macs3_CQTL_AM7778FE_FNF_Femur_1_count.err 1>> output/logs/macs3_CQTL_AM7778FE_FNF_Femur_1_count.out


        
Submitted job 48 with external jobid '58590037'.
[Mon Feb  3 15:03:06 2025]
Error in rule hmmratac_frip_calc:
    jobid: 59
    output: output/peaks/hmmratac/indv/CQTL_AM7755_CTL_Ankle_replicate.saf, output/peaks/hmmratac/indv/CQTL_AM7755_CTL_Ankle_replicate_count.txt
    log: output/logs/hmmratac_CQTL_AM7755_CTL_Ankle_replicate_count.err, output/logs/hmmratac_CQTL_AM7755_CTL_Ankle_replicate_count.out (check log file(s) for error message)
    shell:
        
        module load subread/2.0.6
        mkdir -p output/peaks/hmmratac/indv

        #convert peak region to SAF
        awk 'BEGIN{FS=OFS="	"; print "GeneID	Chr	Start	End	Strand"}{print $4, $1, $2+1, $3, "."}' output/peaks/hmmratac/CQTL_AM7755_CTL_Ankle_replicate_accessible_regions.narrowPeak > output/peaks/hmmratac/indv/CQTL_AM7755_CTL_Ankle_replicate.saf

        #count-indv
        featureCounts -p -F SAF                 -T 4                 --primary                 -C                 -a output/peaks/hmmratac/indv/CQTL_AM7755_CTL_Ankle_replicate.saf                 -o output/peaks/hmmratac/indv/CQTL_AM7755_CTL_Ankle_replicate_count.txt                 output/wasp/blk_filter/CQTL_AM7755_CTL_Ankle_replicate.sorted_final.bam 2>> output/logs/hmmratac_CQTL_AM7755_CTL_Ankle_replicate_count.err 1>> output/logs/hmmratac_CQTL_AM7755_CTL_Ankle_replicate_count.out


        
        (one of the commands exited with non-zero exit code; note that snakemake uses bash strict mode!)
    cluster_jobid: 58590020

Error executing rule hmmratac_frip_calc on cluster (jobid: 59, external: 58590020, jobscript: /work/users/s/e/seyoun/CQTL_AI/.snakemake/tmp.y9c2bhqa/snakejob.hmmratac_frip_calc.59.sh). For error details see the cluster log and the log files of the involved rule(s).
[Mon Feb  3 15:03:09 2025]
Finished job 53.
3 of 31 steps (10%) done

[Mon Feb  3 15:03:10 2025]
rule bamQC:
    input: output/wasp/blk_filter/CQTL_AM7778FE_FNF_Femur_1.sorted_final.bam
    output: output/wasp/bamQC/CQTL_AM7778FE_FNF_Femur_1_bamQC
    log: output/logs/atacseqQC_afterWASP_CQTL_AM7778FE_FNF_Femur_1.err, output/logs/atacseqQC_afterWASP_CQTL_AM7778FE_FNF_Femur_1.out
    jobid: 36
    wildcards: sampleName=CQTL_AM7778FE_FNF_Femur_1
    threads: 6


        module load r/4.4.0
        mkdir output/wasp/bamQC
        Rscript /work/users/s/e/seyoun/CQTL_AI/scripts/ATACseq_QC.R output/wasp/blk_filter/CQTL_AM7778FE_FNF_Femur_1.sorted_final.bam "output/wasp/bamQC/" "sorted_final.bam"  1> output/logs/atacseqQC_afterWASP_CQTL_AM7778FE_FNF_Femur_1.out 2> output/logs/atacseqQC_afterWASP_CQTL_AM7778FE_FNF_Femur_1.err
        
[Mon Feb  3 15:03:10 2025]
Finished job 51.
4 of 31 steps (13%) done
Submitted job 36 with external jobid '58590038'.

[Mon Feb  3 15:03:15 2025]
rule bamQC:
    input: output/wasp/blk_filter/CQTL_AM7754_CTL_Ankle_replicate.sorted_final.bam
    output: output/wasp/bamQC/CQTL_AM7754_CTL_Ankle_replicate_bamQC
    log: output/logs/atacseqQC_afterWASP_CQTL_AM7754_CTL_Ankle_replicate.err, output/logs/atacseqQC_afterWASP_CQTL_AM7754_CTL_Ankle_replicate.out
    jobid: 40
    wildcards: sampleName=CQTL_AM7754_CTL_Ankle_replicate
    threads: 6


        module load r/4.4.0
        mkdir output/wasp/bamQC
        Rscript /work/users/s/e/seyoun/CQTL_AI/scripts/ATACseq_QC.R output/wasp/blk_filter/CQTL_AM7754_CTL_Ankle_replicate.sorted_final.bam "output/wasp/bamQC/" "sorted_final.bam"  1> output/logs/atacseqQC_afterWASP_CQTL_AM7754_CTL_Ankle_replicate.out 2> output/logs/atacseqQC_afterWASP_CQTL_AM7754_CTL_Ankle_replicate.err
        
Submitted job 40 with external jobid '58590039'.

[Mon Feb  3 15:03:20 2025]
rule macs3_frip_calc:
    input: output/peaks/macs3/CQTL_AM7754_CTL_Ankle_replicate_peaks.narrowPeak, output/wasp/blk_filter/CQTL_AM7754_CTL_Ankle_replicate.sorted_final.bam
    output: output/peaks/macs3/indv/CQTL_AM7754_CTL_Ankle_replicate.saf, output/peaks/macs3/indv/CQTL_AM7754_CTL_Ankle_replicate_count.txt
    log: output/logs/macs3_CQTL_AM7754_CTL_Ankle_replicate_count.err, output/logs/macs3_CQTL_AM7754_CTL_Ankle_replicate_count.out
    jobid: 52
    wildcards: sampleName=CQTL_AM7754_CTL_Ankle_replicate
    threads: 4


        module load subread/2.0.6
        mkdir -p output/peaks/macs3/indv

        #convert peak region to SAF
        awk 'BEGIN{FS=OFS="	"; print "GeneID	Chr	Start	End	Strand"}{print $4, $1, $2+1, $3, "."}' output/peaks/macs3/CQTL_AM7754_CTL_Ankle_replicate_peaks.narrowPeak > output/peaks/macs3/indv/CQTL_AM7754_CTL_Ankle_replicate.saf

        #count-indv
        featureCounts -p -F SAF                 -T 4                 --primary                 -C                 -a output/peaks/macs3/indv/CQTL_AM7754_CTL_Ankle_replicate.saf                 -o output/peaks/macs3/indv/CQTL_AM7754_CTL_Ankle_replicate_count.txt                 output/wasp/blk_filter/CQTL_AM7754_CTL_Ankle_replicate.sorted_final.bam 2>> output/logs/macs3_CQTL_AM7754_CTL_Ankle_replicate_count.err 1>> output/logs/macs3_CQTL_AM7754_CTL_Ankle_replicate_count.out


        
Submitted job 52 with external jobid '58590040'.

[Mon Feb  3 15:03:25 2025]
rule bamQC:
    input: output/wasp/blk_filter/CQTL_AM7754_FNF_Ankle_replicate.sorted_final.bam
    output: output/wasp/bamQC/CQTL_AM7754_FNF_Ankle_replicate_bamQC
    log: output/logs/atacseqQC_afterWASP_CQTL_AM7754_FNF_Ankle_replicate.err, output/logs/atacseqQC_afterWASP_CQTL_AM7754_FNF_Ankle_replicate.out
    jobid: 37
    wildcards: sampleName=CQTL_AM7754_FNF_Ankle_replicate
    threads: 6


        module load r/4.4.0
        mkdir output/wasp/bamQC
        Rscript /work/users/s/e/seyoun/CQTL_AI/scripts/ATACseq_QC.R output/wasp/blk_filter/CQTL_AM7754_FNF_Ankle_replicate.sorted_final.bam "output/wasp/bamQC/" "sorted_final.bam"  1> output/logs/atacseqQC_afterWASP_CQTL_AM7754_FNF_Ankle_replicate.out 2> output/logs/atacseqQC_afterWASP_CQTL_AM7754_FNF_Ankle_replicate.err
        
Submitted job 37 with external jobid '58590048'.
[Mon Feb  3 15:03:28 2025]
Error in rule bamQC:
    jobid: 36
    output: output/wasp/bamQC/CQTL_AM7778FE_FNF_Femur_1_bamQC
    log: output/logs/atacseqQC_afterWASP_CQTL_AM7778FE_FNF_Femur_1.err, output/logs/atacseqQC_afterWASP_CQTL_AM7778FE_FNF_Femur_1.out (check log file(s) for error message)
    shell:
        
        module load r/4.4.0
        mkdir output/wasp/bamQC
        Rscript /work/users/s/e/seyoun/CQTL_AI/scripts/ATACseq_QC.R output/wasp/blk_filter/CQTL_AM7778FE_FNF_Femur_1.sorted_final.bam "output/wasp/bamQC/" "sorted_final.bam"  1> output/logs/atacseqQC_afterWASP_CQTL_AM7778FE_FNF_Femur_1.out 2> output/logs/atacseqQC_afterWASP_CQTL_AM7778FE_FNF_Femur_1.err
        
        (one of the commands exited with non-zero exit code; note that snakemake uses bash strict mode!)
    cluster_jobid: 58590038

Error executing rule bamQC on cluster (jobid: 36, external: 58590038, jobscript: /work/users/s/e/seyoun/CQTL_AI/.snakemake/tmp.y9c2bhqa/snakejob.bamQC.36.sh). For error details see the cluster log and the log files of the involved rule(s).
[Mon Feb  3 15:03:29 2025]
Error in rule bamQC:
    jobid: 40
    output: output/wasp/bamQC/CQTL_AM7754_CTL_Ankle_replicate_bamQC
    log: output/logs/atacseqQC_afterWASP_CQTL_AM7754_CTL_Ankle_replicate.err, output/logs/atacseqQC_afterWASP_CQTL_AM7754_CTL_Ankle_replicate.out (check log file(s) for error message)
    shell:
        
        module load r/4.4.0
        mkdir output/wasp/bamQC
        Rscript /work/users/s/e/seyoun/CQTL_AI/scripts/ATACseq_QC.R output/wasp/blk_filter/CQTL_AM7754_CTL_Ankle_replicate.sorted_final.bam "output/wasp/bamQC/" "sorted_final.bam"  1> output/logs/atacseqQC_afterWASP_CQTL_AM7754_CTL_Ankle_replicate.out 2> output/logs/atacseqQC_afterWASP_CQTL_AM7754_CTL_Ankle_replicate.err
        
        (one of the commands exited with non-zero exit code; note that snakemake uses bash strict mode!)
    cluster_jobid: 58590039

Error executing rule bamQC on cluster (jobid: 40, external: 58590039, jobscript: /work/users/s/e/seyoun/CQTL_AI/.snakemake/tmp.y9c2bhqa/snakejob.bamQC.40.sh). For error details see the cluster log and the log files of the involved rule(s).

[Mon Feb  3 15:03:31 2025]
rule macs3_frip_calc:
    input: output/peaks/macs3/CQTL_AM7754_FNF_Ankle_replicate_peaks.narrowPeak, output/wasp/blk_filter/CQTL_AM7754_FNF_Ankle_replicate.sorted_final.bam
    output: output/peaks/macs3/indv/CQTL_AM7754_FNF_Ankle_replicate.saf, output/peaks/macs3/indv/CQTL_AM7754_FNF_Ankle_replicate_count.txt
    log: output/logs/macs3_CQTL_AM7754_FNF_Ankle_replicate_count.err, output/logs/macs3_CQTL_AM7754_FNF_Ankle_replicate_count.out
    jobid: 49
    wildcards: sampleName=CQTL_AM7754_FNF_Ankle_replicate
    threads: 4


        module load subread/2.0.6
        mkdir -p output/peaks/macs3/indv

        #convert peak region to SAF
        awk 'BEGIN{FS=OFS="	"; print "GeneID	Chr	Start	End	Strand"}{print $4, $1, $2+1, $3, "."}' output/peaks/macs3/CQTL_AM7754_FNF_Ankle_replicate_peaks.narrowPeak > output/peaks/macs3/indv/CQTL_AM7754_FNF_Ankle_replicate.saf

        #count-indv
        featureCounts -p -F SAF                 -T 4                 --primary                 -C                 -a output/peaks/macs3/indv/CQTL_AM7754_FNF_Ankle_replicate.saf                 -o output/peaks/macs3/indv/CQTL_AM7754_FNF_Ankle_replicate_count.txt                 output/wasp/blk_filter/CQTL_AM7754_FNF_Ankle_replicate.sorted_final.bam 2>> output/logs/macs3_CQTL_AM7754_FNF_Ankle_replicate_count.err 1>> output/logs/macs3_CQTL_AM7754_FNF_Ankle_replicate_count.out


        
Submitted job 49 with external jobid '58590052'.
[Mon Feb  3 15:03:32 2025]
Finished job 47.
5 of 31 steps (16%) done

[Mon Feb  3 15:03:36 2025]
rule bamQC:
    input: output/wasp/blk_filter/CQTL_AM7755_FNF_Ankle_replicate.sorted_final.bam
    output: output/wasp/bamQC/CQTL_AM7755_FNF_Ankle_replicate_bamQC
    log: output/logs/atacseqQC_afterWASP_CQTL_AM7755_FNF_Ankle_replicate.err, output/logs/atacseqQC_afterWASP_CQTL_AM7755_FNF_Ankle_replicate.out
    jobid: 38
    wildcards: sampleName=CQTL_AM7755_FNF_Ankle_replicate
    threads: 6


        module load r/4.4.0
        mkdir output/wasp/bamQC
        Rscript /work/users/s/e/seyoun/CQTL_AI/scripts/ATACseq_QC.R output/wasp/blk_filter/CQTL_AM7755_FNF_Ankle_replicate.sorted_final.bam "output/wasp/bamQC/" "sorted_final.bam"  1> output/logs/atacseqQC_afterWASP_CQTL_AM7755_FNF_Ankle_replicate.out 2> output/logs/atacseqQC_afterWASP_CQTL_AM7755_FNF_Ankle_replicate.err
        
Submitted job 38 with external jobid '58590053'.
[Mon Feb  3 15:03:39 2025]
Error in rule bamQC:
    jobid: 37
    output: output/wasp/bamQC/CQTL_AM7754_FNF_Ankle_replicate_bamQC
    log: output/logs/atacseqQC_afterWASP_CQTL_AM7754_FNF_Ankle_replicate.err, output/logs/atacseqQC_afterWASP_CQTL_AM7754_FNF_Ankle_replicate.out (check log file(s) for error message)
    shell:
        
        module load r/4.4.0
        mkdir output/wasp/bamQC
        Rscript /work/users/s/e/seyoun/CQTL_AI/scripts/ATACseq_QC.R output/wasp/blk_filter/CQTL_AM7754_FNF_Ankle_replicate.sorted_final.bam "output/wasp/bamQC/" "sorted_final.bam"  1> output/logs/atacseqQC_afterWASP_CQTL_AM7754_FNF_Ankle_replicate.out 2> output/logs/atacseqQC_afterWASP_CQTL_AM7754_FNF_Ankle_replicate.err
        
        (one of the commands exited with non-zero exit code; note that snakemake uses bash strict mode!)
    cluster_jobid: 58590048

Error executing rule bamQC on cluster (jobid: 37, external: 58590048, jobscript: /work/users/s/e/seyoun/CQTL_AI/.snakemake/tmp.y9c2bhqa/snakejob.bamQC.37.sh). For error details see the cluster log and the log files of the involved rule(s).

[Mon Feb  3 15:03:42 2025]
rule macs3_frip_calc:
    input: output/peaks/macs3/CQTL_AM7755_FNF_Ankle_replicate_peaks.narrowPeak, output/wasp/blk_filter/CQTL_AM7755_FNF_Ankle_replicate.sorted_final.bam
    output: output/peaks/macs3/indv/CQTL_AM7755_FNF_Ankle_replicate.saf, output/peaks/macs3/indv/CQTL_AM7755_FNF_Ankle_replicate_count.txt
    log: output/logs/macs3_CQTL_AM7755_FNF_Ankle_replicate_count.err, output/logs/macs3_CQTL_AM7755_FNF_Ankle_replicate_count.out
    jobid: 50
    wildcards: sampleName=CQTL_AM7755_FNF_Ankle_replicate
    threads: 4


        module load subread/2.0.6
        mkdir -p output/peaks/macs3/indv

        #convert peak region to SAF
        awk 'BEGIN{FS=OFS="	"; print "GeneID	Chr	Start	End	Strand"}{print $4, $1, $2+1, $3, "."}' output/peaks/macs3/CQTL_AM7755_FNF_Ankle_replicate_peaks.narrowPeak > output/peaks/macs3/indv/CQTL_AM7755_FNF_Ankle_replicate.saf

        #count-indv
        featureCounts -p -F SAF                 -T 4                 --primary                 -C                 -a output/peaks/macs3/indv/CQTL_AM7755_FNF_Ankle_replicate.saf                 -o output/peaks/macs3/indv/CQTL_AM7755_FNF_Ankle_replicate_count.txt                 output/wasp/blk_filter/CQTL_AM7755_FNF_Ankle_replicate.sorted_final.bam 2>> output/logs/macs3_CQTL_AM7755_FNF_Ankle_replicate_count.err 1>> output/logs/macs3_CQTL_AM7755_FNF_Ankle_replicate_count.out


        
Submitted job 50 with external jobid '58590054'.

[Mon Feb  3 15:03:47 2025]
rule macs2_frip_calc:
    input: output/peaks/macs2/CQTL_AM7778FE_FNF_Femur_1_peaks.narrowPeak, output/wasp/blk_filter/CQTL_AM7778FE_FNF_Femur_1.sorted_final.bam
    output: output/peaks/macs2/indv/CQTL_AM7778FE_FNF_Femur_1.saf, output/peaks/macs2/indv/CQTL_AM7778FE_FNF_Femur_1_count.txt
    log: output/logs/macs2_CQTL_AM7778FE_FNF_Femur_1_count.err, output/logs/macs2_CQTL_AM7778FE_FNF_Femur_1_count.out
    jobid: 42
    wildcards: sampleName=CQTL_AM7778FE_FNF_Femur_1
    threads: 4


        module load subread/2.0.6
        mkdir -p output/peaks/macs2/indv

        #convert peak region to SAF
        awk 'BEGIN{FS=OFS="	"; print "GeneID	Chr	Start	End	Strand"}{print $4, $1, $2+1, $3, "."}' output/peaks/macs2/CQTL_AM7778FE_FNF_Femur_1_peaks.narrowPeak > output/peaks/macs2/indv/CQTL_AM7778FE_FNF_Femur_1.saf

        #count-indv
        featureCounts -p -F SAF                 -T 4                 --primary                 -C                 -a output/peaks/macs2/indv/CQTL_AM7778FE_FNF_Femur_1.saf                 -o output/peaks/macs2/indv/CQTL_AM7778FE_FNF_Femur_1_count.txt                 output/wasp/blk_filter/CQTL_AM7778FE_FNF_Femur_1.sorted_final.bam 2>> output/logs/macs2_CQTL_AM7778FE_FNF_Femur_1_count.err 1>> output/logs/macs2_CQTL_AM7778FE_FNF_Femur_1_count.out

        
Submitted job 42 with external jobid '58590060'.
[Mon Feb  3 15:03:51 2025]
Error in rule bamQC:
    jobid: 38
    output: output/wasp/bamQC/CQTL_AM7755_FNF_Ankle_replicate_bamQC
    log: output/logs/atacseqQC_afterWASP_CQTL_AM7755_FNF_Ankle_replicate.err, output/logs/atacseqQC_afterWASP_CQTL_AM7755_FNF_Ankle_replicate.out (check log file(s) for error message)
    shell:
        
        module load r/4.4.0
        mkdir output/wasp/bamQC
        Rscript /work/users/s/e/seyoun/CQTL_AI/scripts/ATACseq_QC.R output/wasp/blk_filter/CQTL_AM7755_FNF_Ankle_replicate.sorted_final.bam "output/wasp/bamQC/" "sorted_final.bam"  1> output/logs/atacseqQC_afterWASP_CQTL_AM7755_FNF_Ankle_replicate.out 2> output/logs/atacseqQC_afterWASP_CQTL_AM7755_FNF_Ankle_replicate.err
        
        (one of the commands exited with non-zero exit code; note that snakemake uses bash strict mode!)
    cluster_jobid: 58590053

Error executing rule bamQC on cluster (jobid: 38, external: 58590053, jobscript: /work/users/s/e/seyoun/CQTL_AI/.snakemake/tmp.y9c2bhqa/snakejob.bamQC.38.sh). For error details see the cluster log and the log files of the involved rule(s).

[Mon Feb  3 15:03:52 2025]
rule hmmratac_frip_calc:
    input: output/peaks/hmmratac/CQTL_AM7778FE_CTL_Femur_1_accessible_regions.narrowPeak, output/wasp/blk_filter/CQTL_AM7778FE_CTL_Femur_1.sorted_final.bam
    output: output/peaks/hmmratac/indv/CQTL_AM7778FE_CTL_Femur_1.saf, output/peaks/hmmratac/indv/CQTL_AM7778FE_CTL_Femur_1_count.txt
    log: output/logs/hmmratac_CQTL_AM7778FE_CTL_Femur_1_count.err, output/logs/hmmratac_CQTL_AM7778FE_CTL_Femur_1_count.out
    jobid: 57
    wildcards: sampleName=CQTL_AM7778FE_CTL_Femur_1
    threads: 4


        module load subread/2.0.6
        mkdir -p output/peaks/hmmratac/indv

        #convert peak region to SAF
        awk 'BEGIN{FS=OFS="	"; print "GeneID	Chr	Start	End	Strand"}{print $4, $1, $2+1, $3, "."}' output/peaks/hmmratac/CQTL_AM7778FE_CTL_Femur_1_accessible_regions.narrowPeak > output/peaks/hmmratac/indv/CQTL_AM7778FE_CTL_Femur_1.saf

        #count-indv
        featureCounts -p -F SAF                 -T 4                 --primary                 -C                 -a output/peaks/hmmratac/indv/CQTL_AM7778FE_CTL_Femur_1.saf                 -o output/peaks/hmmratac/indv/CQTL_AM7778FE_CTL_Femur_1_count.txt                 output/wasp/blk_filter/CQTL_AM7778FE_CTL_Femur_1.sorted_final.bam 2>> output/logs/hmmratac_CQTL_AM7778FE_CTL_Femur_1_count.err 1>> output/logs/hmmratac_CQTL_AM7778FE_CTL_Femur_1_count.out


        
Submitted job 57 with external jobid '58590061'.
[Mon Feb  3 15:03:53 2025]
Finished job 65.
6 of 31 steps (19%) done
[Mon Feb  3 15:03:54 2025]
Finished job 64.
7 of 31 steps (23%) done
[Mon Feb  3 15:03:55 2025]
Finished job 43.
8 of 31 steps (26%) done

[Mon Feb  3 15:03:57 2025]
rule macs2_frip_calc:
    input: output/peaks/macs2/CQTL_AM7754_CTL_Ankle_replicate_peaks.narrowPeak, output/wasp/blk_filter/CQTL_AM7754_CTL_Ankle_replicate.sorted_final.bam
    output: output/peaks/macs2/indv/CQTL_AM7754_CTL_Ankle_replicate.saf, output/peaks/macs2/indv/CQTL_AM7754_CTL_Ankle_replicate_count.txt
    log: output/logs/macs2_CQTL_AM7754_CTL_Ankle_replicate_count.err, output/logs/macs2_CQTL_AM7754_CTL_Ankle_replicate_count.out
    jobid: 46
    wildcards: sampleName=CQTL_AM7754_CTL_Ankle_replicate
    threads: 4


        module load subread/2.0.6
        mkdir -p output/peaks/macs2/indv

        #convert peak region to SAF
        awk 'BEGIN{FS=OFS="	"; print "GeneID	Chr	Start	End	Strand"}{print $4, $1, $2+1, $3, "."}' output/peaks/macs2/CQTL_AM7754_CTL_Ankle_replicate_peaks.narrowPeak > output/peaks/macs2/indv/CQTL_AM7754_CTL_Ankle_replicate.saf

        #count-indv
        featureCounts -p -F SAF                 -T 4                 --primary                 -C                 -a output/peaks/macs2/indv/CQTL_AM7754_CTL_Ankle_replicate.saf                 -o output/peaks/macs2/indv/CQTL_AM7754_CTL_Ankle_replicate_count.txt                 output/wasp/blk_filter/CQTL_AM7754_CTL_Ankle_replicate.sorted_final.bam 2>> output/logs/macs2_CQTL_AM7754_CTL_Ankle_replicate_count.err 1>> output/logs/macs2_CQTL_AM7754_CTL_Ankle_replicate_count.out

        
Submitted job 46 with external jobid '58590062'.

[Mon Feb  3 15:04:02 2025]
rule rocco_frip_calc:
    input: output/peaks/rocco/CQTL_AM7778FE_FNF_Femur_1_peaks.bed, output/wasp/blk_filter/CQTL_AM7778FE_FNF_Femur_1.sorted_final.bam
    output: output/peaks/rocco/indv/CQTL_AM7778FE_FNF_Femur_1.saf, output/peaks/rocco/indv/CQTL_AM7778FE_FNF_Femur_1_count.txt
    log: output/logs/rocco_CQTL_AM7778FE_FNF_Femur_1_count.err, output/logs/rocco_CQTL_AM7778FE_FNF_Femur_1_count.out
    jobid: 60
    wildcards: sampleName=CQTL_AM7778FE_FNF_Femur_1
    threads: 4


        module load subread/2.0.6
        mkdir -p output/peaks/rocco/indv

        #convert peak region to SAF
        awk 'BEGIN{FS=OFS="	"; print "GeneID	Chr	Start	End	Strand"} {print "peak_"NR, $1, $2, $3, "."}' output/peaks/rocco/CQTL_AM7778FE_FNF_Femur_1_peaks.bed > output/peaks/rocco/indv/CQTL_AM7778FE_FNF_Femur_1.saf

        #count-indv
        featureCounts -p -F SAF                 -T 4                 --primary                 -C                 -a output/peaks/rocco/indv/CQTL_AM7778FE_FNF_Femur_1.saf                 -o output/peaks/rocco/indv/CQTL_AM7778FE_FNF_Femur_1_count.txt                 output/wasp/blk_filter/CQTL_AM7778FE_FNF_Femur_1.sorted_final.bam 2>> output/logs/rocco_CQTL_AM7778FE_FNF_Femur_1_count.err 1>> output/logs/rocco_CQTL_AM7778FE_FNF_Femur_1_count.out

        
Submitted job 60 with external jobid '58590072'.
[Mon Feb  3 15:04:13 2025]
Error in rule hmmratac_frip_calc:
    jobid: 57
    output: output/peaks/hmmratac/indv/CQTL_AM7778FE_CTL_Femur_1.saf, output/peaks/hmmratac/indv/CQTL_AM7778FE_CTL_Femur_1_count.txt
    log: output/logs/hmmratac_CQTL_AM7778FE_CTL_Femur_1_count.err, output/logs/hmmratac_CQTL_AM7778FE_CTL_Femur_1_count.out (check log file(s) for error message)
    shell:
        
        module load subread/2.0.6
        mkdir -p output/peaks/hmmratac/indv

        #convert peak region to SAF
        awk 'BEGIN{FS=OFS="	"; print "GeneID	Chr	Start	End	Strand"}{print $4, $1, $2+1, $3, "."}' output/peaks/hmmratac/CQTL_AM7778FE_CTL_Femur_1_accessible_regions.narrowPeak > output/peaks/hmmratac/indv/CQTL_AM7778FE_CTL_Femur_1.saf

        #count-indv
        featureCounts -p -F SAF                 -T 4                 --primary                 -C                 -a output/peaks/hmmratac/indv/CQTL_AM7778FE_CTL_Femur_1.saf                 -o output/peaks/hmmratac/indv/CQTL_AM7778FE_CTL_Femur_1_count.txt                 output/wasp/blk_filter/CQTL_AM7778FE_CTL_Femur_1.sorted_final.bam 2>> output/logs/hmmratac_CQTL_AM7778FE_CTL_Femur_1_count.err 1>> output/logs/hmmratac_CQTL_AM7778FE_CTL_Femur_1_count.out


        
        (one of the commands exited with non-zero exit code; note that snakemake uses bash strict mode!)
    cluster_jobid: 58590061

Error executing rule hmmratac_frip_calc on cluster (jobid: 57, external: 58590061, jobscript: /work/users/s/e/seyoun/CQTL_AI/.snakemake/tmp.y9c2bhqa/snakejob.hmmratac_frip_calc.57.sh). For error details see the cluster log and the log files of the involved rule(s).
[Mon Feb  3 15:04:16 2025]
Finished job 48.
9 of 31 steps (29%) done
[Mon Feb  3 15:04:17 2025]
Finished job 62.
10 of 31 steps (32%) done
[Mon Feb  3 15:04:19 2025]
Finished job 44.
11 of 31 steps (35%) done
[Mon Feb  3 15:04:20 2025]
Finished job 61.
12 of 31 steps (39%) done
[Mon Feb  3 15:04:37 2025]
Finished job 52.
13 of 31 steps (42%) done
[Mon Feb  3 15:04:53 2025]
Finished job 49.
14 of 31 steps (45%) done
[Mon Feb  3 15:04:54 2025]
Finished job 50.
15 of 31 steps (48%) done
[Mon Feb  3 15:05:08 2025]
Finished job 42.
16 of 31 steps (52%) done
[Mon Feb  3 15:05:21 2025]
Finished job 46.
17 of 31 steps (55%) done
[Mon Feb  3 15:05:22 2025]
Finished job 60.
18 of 31 steps (58%) done
Shutting down, this might take some time.
Exiting because a job execution failed. Look above for error message
Complete log: /work/users/s/e/seyoun/CQTL_AI/.snakemake/log/2025-02-03T150127.133003.snakemake.log
